[INFO] Scanning for projects...
[INFO] ------------------------------------------------------------------------
[INFO] Reactor Build Order:
[INFO] 
[INFO] microservices-testing-examples                                     [pom]
[INFO] welcome-member-email-service                                       [jar]
[INFO] special-membership-service                                         [jar]
[INFO] credit-score-service                                               [jar]
[INFO] 
[INFO] ---< microservices-testing-examples:microservices-testing-examples >----
[INFO] Building microservices-testing-examples 1.0-SNAPSHOT               [1/4]
[INFO] --------------------------------[ pom ]---------------------------------
[INFO] 
[INFO] --- maven-clean-plugin:2.5:clean (default-clean) @ microservices-testing-examples ---
[INFO] 
[INFO] ----< microservices-testing-examples:welcome-member-email-service >-----
[INFO] Building welcome-member-email-service 1.0-SNAPSHOT                 [2/4]
[INFO] --------------------------------[ jar ]---------------------------------
[INFO] 
[INFO] --- maven-clean-plugin:2.5:clean (default-clean) @ welcome-member-email-service ---
[INFO] 
[INFO] --- maven-resources-plugin:2.6:resources (default-resources) @ welcome-member-email-service ---
[INFO] Using 'UTF-8' encoding to copy filtered resources.
[INFO] Copying 2 resources
[INFO] 
[INFO] --- maven-compiler-plugin:3.10.1:compile (default-compile) @ welcome-member-email-service ---
[INFO] Changes detected - recompiling the module!
[INFO] Compiling 12 source files to /home/gabsko/breaking-updates/welcome-member-email-service/target/classes
[INFO] ------------------------------------------------------------------------
[INFO] Reactor Summary for microservices-testing-examples 1.0-SNAPSHOT:
[INFO] 
[INFO] microservices-testing-examples ..................... SUCCESS [  0.098 s]
[INFO] welcome-member-email-service ....................... FAILURE [  1.014 s]
[INFO] special-membership-service ......................... SKIPPED
[INFO] credit-score-service ............................... SKIPPED
[INFO] ------------------------------------------------------------------------
[INFO] BUILD FAILURE
[INFO] ------------------------------------------------------------------------
[INFO] Total time:  1.205 s
[INFO] Finished at: 2023-01-06T19:04:25Z
[INFO] ------------------------------------------------------------------------
[ERROR] Failed to execute goal org.apache.maven.plugins:maven-compiler-plugin:3.10.1:compile (default-compile) on project welcome-member-email-service: Fatal error compiling: error: release version 14 not supported -> [Help 1]
[ERROR] 
[ERROR] To see the full stack trace of the errors, re-run Maven with the -e switch.
[ERROR] Re-run Maven using the -X switch to enable full debug logging.
[ERROR] 
[ERROR] For more information about the errors and possible solutions, please read the following articles:
[ERROR] [Help 1] http://cwiki.apache.org/confluence/display/MAVEN/MojoExecutionException
[ERROR] 
[ERROR] After correcting the problems, you can resume the build with the command
[ERROR]   mvn <args> -rf :welcome-member-email-service
