[INFO] Scanning for projects...
[INFO] Inspecting build with total of 6 modules...
[INFO] Installing Nexus Staging features:
[INFO]   ... total of 6 executions of maven-deploy-plugin replaced with nexus-staging-maven-plugin
[INFO] ------------------------------------------------------------------------
[INFO] Reactor Build Order:
[INFO] 
[INFO] Google Cloud Pub/Sub Lite Parent                                   [pom]
[INFO] proto-google-cloud-pubsublite-v1                                   [jar]
[INFO] grpc-google-cloud-pubsublite-v1                                    [jar]
[INFO] Google Cloud Pub/Sub Lite                                          [jar]
[INFO] Pub/Sub Lite Kafka Shim                                            [jar]
[INFO] Pub/Sub Lite IO                                                    [jar]
[INFO] 
[INFO] ----------< com.google.cloud:google-cloud-pubsublite-parent >-----------
[INFO] Building Google Cloud Pub/Sub Lite Parent 0.5.1-SNAPSHOT           [1/6]
[INFO] --------------------------------[ pom ]---------------------------------
[INFO] 
[INFO] --- maven-clean-plugin:2.5:clean (default-clean) @ google-cloud-pubsublite-parent ---
[INFO] Deleting /home/gabsko/breaking-updates/target
[INFO] 
[INFO] --- maven-enforcer-plugin:3.0.0-M3:enforce (enforce) @ google-cloud-pubsublite-parent ---
[INFO] Adding ignore: module-info
[INFO] Adding ignore: META-INF/versions/*/module-info
[INFO] 
[INFO] --- maven-checkstyle-plugin:3.1.1:check (checkstyle) @ google-cloud-pubsublite-parent ---
[INFO] Starting audit...
Audit done.
[INFO] You have 0 Checkstyle violations.
[INFO] 
[INFO] --- jacoco-maven-plugin:0.8.6:prepare-agent (default) @ google-cloud-pubsublite-parent ---
[INFO] argLine set to -javaagent:/home/gabsko/.m2/repository/org/jacoco/org.jacoco.agent/0.8.6/org.jacoco.agent-0.8.6-runtime.jar=destfile=/home/gabsko/breaking-updates/target/jacoco.exec
[INFO] 
[INFO] --- build-helper-maven-plugin:3.2.0:add-resource (add-main-proto-resources) @ google-cloud-pubsublite-parent ---
[INFO] 
[INFO] --- build-helper-maven-plugin:3.2.0:add-test-resource (add-test-proto-resources) @ google-cloud-pubsublite-parent ---
[INFO] 
[INFO] --- jacoco-maven-plugin:0.8.6:report (report) @ google-cloud-pubsublite-parent ---
[INFO] Skipping JaCoCo execution due to missing execution data file.
[INFO] 
[INFO] --------< com.google.api.grpc:proto-google-cloud-pubsublite-v1 >--------
[INFO] Building proto-google-cloud-pubsublite-v1 0.5.1-SNAPSHOT           [2/6]
[INFO] --------------------------------[ jar ]---------------------------------
[INFO] 
[INFO] --- maven-clean-plugin:2.5:clean (default-clean) @ proto-google-cloud-pubsublite-v1 ---
[INFO] Deleting /home/gabsko/breaking-updates/proto-google-cloud-pubsublite-v1/target
[INFO] 
[INFO] --- flatten-maven-plugin:1.2.5:clean (flatten.clean) @ proto-google-cloud-pubsublite-v1 ---
[INFO] Deleting /home/gabsko/breaking-updates/proto-google-cloud-pubsublite-v1/.flattened-pom.xml
[INFO] 
[INFO] --- maven-enforcer-plugin:3.0.0-M3:enforce (enforce) @ proto-google-cloud-pubsublite-v1 ---
[INFO] Adding ignore: module-info
[INFO] Adding ignore: META-INF/versions/*/module-info
[INFO] 
[INFO] --- maven-checkstyle-plugin:3.1.1:check (checkstyle) @ proto-google-cloud-pubsublite-v1 ---
[INFO] 
[INFO] --- jacoco-maven-plugin:0.8.6:prepare-agent (default) @ proto-google-cloud-pubsublite-v1 ---
[INFO] argLine set to -javaagent:/home/gabsko/.m2/repository/org/jacoco/org.jacoco.agent/0.8.6/org.jacoco.agent-0.8.6-runtime.jar=destfile=/home/gabsko/breaking-updates/proto-google-cloud-pubsublite-v1/target/jacoco.exec
[INFO] 
[INFO] --- build-helper-maven-plugin:3.2.0:add-resource (add-main-proto-resources) @ proto-google-cloud-pubsublite-v1 ---
[INFO] 
[INFO] --- maven-resources-plugin:2.6:resources (default-resources) @ proto-google-cloud-pubsublite-v1 ---
[INFO] Using 'UTF-8' encoding to copy filtered resources.
[INFO] skip non existing resourceDirectory /home/gabsko/breaking-updates/proto-google-cloud-pubsublite-v1/src/main/resources
[INFO] Copying 6 resources
[INFO] 
[INFO] --- flatten-maven-plugin:1.2.5:flatten (flatten) @ proto-google-cloud-pubsublite-v1 ---
[INFO] Generating flattened POM of project com.google.api.grpc:proto-google-cloud-pubsublite-v1:jar:0.5.1-SNAPSHOT...
[INFO] 
[INFO] --- maven-compiler-plugin:3.8.1:compile (default-compile) @ proto-google-cloud-pubsublite-v1 ---
[INFO] Changes detected - recompiling the module!
[INFO] Compiling 115 source files to /home/gabsko/breaking-updates/proto-google-cloud-pubsublite-v1/target/classes
[WARNING] bootstrap class path not set in conjunction with -source 8
[INFO] 
[INFO] --- build-helper-maven-plugin:3.2.0:add-test-resource (add-test-proto-resources) @ proto-google-cloud-pubsublite-v1 ---
[INFO] 
[INFO] --- maven-resources-plugin:2.6:testResources (default-testResources) @ proto-google-cloud-pubsublite-v1 ---
[INFO] Using 'UTF-8' encoding to copy filtered resources.
[INFO] skip non existing resourceDirectory /home/gabsko/breaking-updates/proto-google-cloud-pubsublite-v1/src/test/resources
[INFO] skip non existing resourceDirectory /home/gabsko/breaking-updates/proto-google-cloud-pubsublite-v1/src/test/proto
[INFO] 
[INFO] --- maven-compiler-plugin:3.8.1:testCompile (default-testCompile) @ proto-google-cloud-pubsublite-v1 ---
[INFO] No sources to compile
[INFO] 
[INFO] --- maven-surefire-plugin:3.0.0-M5:test (default-test) @ proto-google-cloud-pubsublite-v1 ---
[INFO] No tests to run.
[INFO] 
[INFO] --- jacoco-maven-plugin:0.8.6:report (report) @ proto-google-cloud-pubsublite-v1 ---
[INFO] Skipping JaCoCo execution due to missing execution data file.
[INFO] 
[INFO] --------< com.google.api.grpc:grpc-google-cloud-pubsublite-v1 >---------
[INFO] Building grpc-google-cloud-pubsublite-v1 0.5.1-SNAPSHOT            [3/6]
[INFO] --------------------------------[ jar ]---------------------------------
[INFO] 
[INFO] --- maven-clean-plugin:2.5:clean (default-clean) @ grpc-google-cloud-pubsublite-v1 ---
[INFO] Deleting /home/gabsko/breaking-updates/grpc-google-cloud-pubsublite-v1/target
[INFO] 
[INFO] --- flatten-maven-plugin:1.2.5:clean (flatten.clean) @ grpc-google-cloud-pubsublite-v1 ---
[INFO] Deleting /home/gabsko/breaking-updates/grpc-google-cloud-pubsublite-v1/.flattened-pom.xml
[INFO] 
[INFO] --- maven-enforcer-plugin:3.0.0-M3:enforce (enforce) @ grpc-google-cloud-pubsublite-v1 ---
[INFO] Adding ignore: module-info
[INFO] Adding ignore: META-INF/versions/*/module-info
[INFO] 
[INFO] --- maven-checkstyle-plugin:3.1.1:check (checkstyle) @ grpc-google-cloud-pubsublite-v1 ---
[INFO] 
[INFO] --- jacoco-maven-plugin:0.8.6:prepare-agent (default) @ grpc-google-cloud-pubsublite-v1 ---
[INFO] argLine set to -javaagent:/home/gabsko/.m2/repository/org/jacoco/org.jacoco.agent/0.8.6/org.jacoco.agent-0.8.6-runtime.jar=destfile=/home/gabsko/breaking-updates/grpc-google-cloud-pubsublite-v1/target/jacoco.exec
[INFO] 
[INFO] --- build-helper-maven-plugin:3.2.0:add-resource (add-main-proto-resources) @ grpc-google-cloud-pubsublite-v1 ---
[INFO] 
[INFO] --- maven-resources-plugin:2.6:resources (default-resources) @ grpc-google-cloud-pubsublite-v1 ---
[INFO] Using 'UTF-8' encoding to copy filtered resources.
[INFO] skip non existing resourceDirectory /home/gabsko/breaking-updates/grpc-google-cloud-pubsublite-v1/src/main/resources
[INFO] skip non existing resourceDirectory /home/gabsko/breaking-updates/grpc-google-cloud-pubsublite-v1/src/main/proto
[INFO] 
[INFO] --- flatten-maven-plugin:1.2.5:flatten (flatten) @ grpc-google-cloud-pubsublite-v1 ---
[INFO] Generating flattened POM of project com.google.api.grpc:grpc-google-cloud-pubsublite-v1:jar:0.5.1-SNAPSHOT...
[INFO] 
[INFO] --- maven-compiler-plugin:3.8.1:compile (default-compile) @ grpc-google-cloud-pubsublite-v1 ---
[INFO] Changes detected - recompiling the module!
[INFO] Compiling 6 source files to /home/gabsko/breaking-updates/grpc-google-cloud-pubsublite-v1/target/classes
[WARNING] bootstrap class path not set in conjunction with -source 8
[INFO] 
[INFO] --- build-helper-maven-plugin:3.2.0:add-test-resource (add-test-proto-resources) @ grpc-google-cloud-pubsublite-v1 ---
[INFO] 
[INFO] --- maven-resources-plugin:2.6:testResources (default-testResources) @ grpc-google-cloud-pubsublite-v1 ---
[INFO] Using 'UTF-8' encoding to copy filtered resources.
[INFO] skip non existing resourceDirectory /home/gabsko/breaking-updates/grpc-google-cloud-pubsublite-v1/src/test/resources
[INFO] skip non existing resourceDirectory /home/gabsko/breaking-updates/grpc-google-cloud-pubsublite-v1/src/test/proto
[INFO] 
[INFO] --- maven-compiler-plugin:3.8.1:testCompile (default-testCompile) @ grpc-google-cloud-pubsublite-v1 ---
[INFO] No sources to compile
[INFO] 
[INFO] --- maven-surefire-plugin:3.0.0-M5:test (default-test) @ grpc-google-cloud-pubsublite-v1 ---
[INFO] No tests to run.
[INFO] 
[INFO] --- jacoco-maven-plugin:0.8.6:report (report) @ grpc-google-cloud-pubsublite-v1 ---
[INFO] Skipping JaCoCo execution due to missing execution data file.
[INFO] 
[INFO] --------------< com.google.cloud:google-cloud-pubsublite >--------------
[INFO] Building Google Cloud Pub/Sub Lite 0.5.1-SNAPSHOT                  [4/6]
[INFO] --------------------------------[ jar ]---------------------------------
[INFO] 
[INFO] --- maven-clean-plugin:2.5:clean (default-clean) @ google-cloud-pubsublite ---
[INFO] Deleting /home/gabsko/breaking-updates/google-cloud-pubsublite/target
[INFO] 
[INFO] --- flatten-maven-plugin:1.2.5:clean (flatten.clean) @ google-cloud-pubsublite ---
[INFO] Deleting /home/gabsko/breaking-updates/google-cloud-pubsublite/.flattened-pom.xml
[INFO] 
[INFO] --- maven-enforcer-plugin:3.0.0-M3:enforce (enforce) @ google-cloud-pubsublite ---
[INFO] Adding ignore: module-info
[INFO] Adding ignore: META-INF/versions/*/module-info
[INFO] 
[INFO] --- maven-checkstyle-plugin:3.1.1:check (checkstyle) @ google-cloud-pubsublite ---
[INFO] Starting audit...
Audit done.
[INFO] You have 0 Checkstyle violations.
[INFO] 
[INFO] --- jacoco-maven-plugin:0.8.6:prepare-agent (default) @ google-cloud-pubsublite ---
[INFO] argLine set to -javaagent:/home/gabsko/.m2/repository/org/jacoco/org.jacoco.agent/0.8.6/org.jacoco.agent-0.8.6-runtime.jar=destfile=/home/gabsko/breaking-updates/google-cloud-pubsublite/target/jacoco.exec
[INFO] 
[INFO] --- fmt-maven-plugin:2.9:format (default) @ google-cloud-pubsublite ---
[INFO] Processed 100 files (0 reformatted).
[INFO] Processed 200 files (0 reformatted).
[INFO] Processed 207 files (0 reformatted).
[INFO] 
[INFO] --- build-helper-maven-plugin:3.2.0:add-resource (add-main-proto-resources) @ google-cloud-pubsublite ---
[INFO] 
[INFO] --- maven-resources-plugin:2.6:resources (default-resources) @ google-cloud-pubsublite ---
[INFO] Using 'UTF-8' encoding to copy filtered resources.
[INFO] skip non existing resourceDirectory /home/gabsko/breaking-updates/google-cloud-pubsublite/src/main/resources
[INFO] skip non existing resourceDirectory /home/gabsko/breaking-updates/google-cloud-pubsublite/src/main/proto
[INFO] 
[INFO] --- flatten-maven-plugin:1.2.5:flatten (flatten) @ google-cloud-pubsublite ---
[INFO] Generating flattened POM of project com.google.cloud:google-cloud-pubsublite:jar:0.5.1-SNAPSHOT...
[INFO] 
[INFO] --- maven-compiler-plugin:3.8.1:compile (default-compile) @ google-cloud-pubsublite ---
[INFO] Changes detected - recompiling the module!
[INFO] Compiling 149 source files to /home/gabsko/breaking-updates/google-cloud-pubsublite/target/classes
[WARNING] bootstrap class path not set in conjunction with -source 8
[WARNING] /home/gabsko/breaking-updates/google-cloud-pubsublite/src/main/java/com/google/cloud/pubsublite/v1/AdminServiceSettings.java:[209,18] toBuilder() in com.google.cloud.pubsublite.v1.AdminServiceSettings overrides <B>toBuilder() in com.google.api.gax.rpc.ClientSettings
  return type requires unchecked conversion from com.google.cloud.pubsublite.v1.AdminServiceSettings.Builder to B
[WARNING] /home/gabsko/breaking-updates/google-cloud-pubsublite/src/main/java/com/google/cloud/pubsublite/v1/stub/AdminServiceStubSettings.java:[779,37] build() in com.google.cloud.pubsublite.v1.stub.AdminServiceStubSettings.Builder overrides <B>build() in com.google.api.gax.rpc.StubSettings.Builder
  return type requires unchecked conversion from com.google.cloud.pubsublite.v1.stub.AdminServiceStubSettings to com.google.api.gax.rpc.StubSettings<B>
[WARNING] /home/gabsko/breaking-updates/google-cloud-pubsublite/src/main/java/com/google/cloud/pubsublite/v1/SubscriberServiceSettings.java:[109,18] toBuilder() in com.google.cloud.pubsublite.v1.SubscriberServiceSettings overrides <B>toBuilder() in com.google.api.gax.rpc.ClientSettings
  return type requires unchecked conversion from com.google.cloud.pubsublite.v1.SubscriberServiceSettings.Builder to B
[WARNING] /home/gabsko/breaking-updates/google-cloud-pubsublite/src/main/java/com/google/cloud/pubsublite/v1/stub/SubscriberServiceStubSettings.java:[251,42] build() in com.google.cloud.pubsublite.v1.stub.SubscriberServiceStubSettings.Builder overrides <B>build() in com.google.api.gax.rpc.StubSettings.Builder
  return type requires unchecked conversion from com.google.cloud.pubsublite.v1.stub.SubscriberServiceStubSettings to com.google.api.gax.rpc.StubSettings<B>
[WARNING] /home/gabsko/breaking-updates/google-cloud-pubsublite/src/main/java/com/google/cloud/pubsublite/v1/TopicStatsServiceSettings.java:[125,18] toBuilder() in com.google.cloud.pubsublite.v1.TopicStatsServiceSettings overrides <B>toBuilder() in com.google.api.gax.rpc.ClientSettings
  return type requires unchecked conversion from com.google.cloud.pubsublite.v1.TopicStatsServiceSettings.Builder to B
[WARNING] /home/gabsko/breaking-updates/google-cloud-pubsublite/src/main/java/com/google/cloud/pubsublite/v1/stub/TopicStatsServiceStubSettings.java:[276,42] build() in com.google.cloud.pubsublite.v1.stub.TopicStatsServiceStubSettings.Builder overrides <B>build() in com.google.api.gax.rpc.StubSettings.Builder
  return type requires unchecked conversion from com.google.cloud.pubsublite.v1.stub.TopicStatsServiceStubSettings to com.google.api.gax.rpc.StubSettings<B>
[WARNING] /home/gabsko/breaking-updates/google-cloud-pubsublite/src/main/java/com/google/cloud/pubsublite/v1/stub/CursorServiceStubSettings.java:[416,38] build() in com.google.cloud.pubsublite.v1.stub.CursorServiceStubSettings.Builder overrides <B>build() in com.google.api.gax.rpc.StubSettings.Builder
  return type requires unchecked conversion from com.google.cloud.pubsublite.v1.stub.CursorServiceStubSettings to com.google.api.gax.rpc.StubSettings<B>
[WARNING] /home/gabsko/breaking-updates/google-cloud-pubsublite/src/main/java/com/google/cloud/pubsublite/v1/CursorServiceSettings.java:[147,18] toBuilder() in com.google.cloud.pubsublite.v1.CursorServiceSettings overrides <B>toBuilder() in com.google.api.gax.rpc.ClientSettings
  return type requires unchecked conversion from com.google.cloud.pubsublite.v1.CursorServiceSettings.Builder to B
[WARNING] /home/gabsko/breaking-updates/google-cloud-pubsublite/src/main/java/com/google/cloud/pubsublite/v1/stub/PartitionAssignmentServiceStubSettings.java:[256,51] build() in com.google.cloud.pubsublite.v1.stub.PartitionAssignmentServiceStubSettings.Builder overrides <B>build() in com.google.api.gax.rpc.StubSettings.Builder
  return type requires unchecked conversion from com.google.cloud.pubsublite.v1.stub.PartitionAssignmentServiceStubSettings to com.google.api.gax.rpc.StubSettings<B>
[WARNING] /home/gabsko/breaking-updates/google-cloud-pubsublite/src/main/java/com/google/cloud/pubsublite/v1/PublisherServiceSettings.java:[109,18] toBuilder() in com.google.cloud.pubsublite.v1.PublisherServiceSettings overrides <B>toBuilder() in com.google.api.gax.rpc.ClientSettings
  return type requires unchecked conversion from com.google.cloud.pubsublite.v1.PublisherServiceSettings.Builder to B
[WARNING] /home/gabsko/breaking-updates/google-cloud-pubsublite/src/main/java/com/google/cloud/pubsublite/v1/stub/PublisherServiceStubSettings.java:[250,41] build() in com.google.cloud.pubsublite.v1.stub.PublisherServiceStubSettings.Builder overrides <B>build() in com.google.api.gax.rpc.StubSettings.Builder
  return type requires unchecked conversion from com.google.cloud.pubsublite.v1.stub.PublisherServiceStubSettings to com.google.api.gax.rpc.StubSettings<B>
[WARNING] /home/gabsko/breaking-updates/google-cloud-pubsublite/src/main/java/com/google/cloud/pubsublite/v1/PartitionAssignmentServiceSettings.java:[111,18] toBuilder() in com.google.cloud.pubsublite.v1.PartitionAssignmentServiceSettings overrides <B>toBuilder() in com.google.api.gax.rpc.ClientSettings
  return type requires unchecked conversion from com.google.cloud.pubsublite.v1.PartitionAssignmentServiceSettings.Builder to B
[INFO] 
[INFO] --- build-helper-maven-plugin:3.2.0:add-test-resource (add-test-proto-resources) @ google-cloud-pubsublite ---
[INFO] 
[INFO] --- maven-resources-plugin:2.6:testResources (default-testResources) @ google-cloud-pubsublite ---
[INFO] Using 'UTF-8' encoding to copy filtered resources.
[INFO] Copying 1 resource
[INFO] skip non existing resourceDirectory /home/gabsko/breaking-updates/google-cloud-pubsublite/src/test/proto
[INFO] 
[INFO] --- maven-compiler-plugin:3.8.1:testCompile (default-testCompile) @ google-cloud-pubsublite ---
[INFO] Changes detected - recompiling the module!
[INFO] Compiling 58 source files to /home/gabsko/breaking-updates/google-cloud-pubsublite/target/test-classes
[WARNING] bootstrap class path not set in conjunction with -source 8
[WARNING] /home/gabsko/breaking-updates/google-cloud-pubsublite/src/test/java/com/google/cloud/pubsublite/internal/wire/SubscriberImplTest.java:[184,5] verifyZeroInteractions(java.lang.Object...) in org.mockito.Mockito has been deprecated
[WARNING] /home/gabsko/breaking-updates/google-cloud-pubsublite/src/test/java/com/google/cloud/pubsublite/internal/wire/RoutingPublisherTest.java:[59,5] initMocks(java.lang.Object) in org.mockito.MockitoAnnotations has been deprecated
[WARNING] /home/gabsko/breaking-updates/google-cloud-pubsublite/src/test/java/com/google/cloud/pubsublite/internal/wire/ConnectedAssignerImplTest.java:[105,23] initMocks(java.lang.Object) in org.mockito.MockitoAnnotations has been deprecated
[WARNING] /home/gabsko/breaking-updates/google-cloud-pubsublite/src/test/java/com/google/cloud/pubsublite/internal/wire/ConnectedAssignerImplTest.java:[183,10] unchecked generic array creation for varargs parameter of type io.grpc.stub.StreamObserver<com.google.cloud.pubsublite.proto.PartitionAssignmentRequest>[]
[WARNING] /home/gabsko/breaking-updates/google-cloud-pubsublite/src/test/java/com/google/cloud/pubsublite/internal/wire/ConnectedAssignerImplTest.java:[184,10] unchecked generic array creation for varargs parameter of type io.grpc.stub.StreamObserver<com.google.cloud.pubsublite.proto.PartitionAssignment>[]
[WARNING] /home/gabsko/breaking-updates/google-cloud-pubsublite/src/test/java/com/google/cloud/pubsublite/internal/ChannelCacheTest.java:[41,5] initMocks(java.lang.Object) in org.mockito.MockitoAnnotations has been deprecated
[WARNING] /home/gabsko/breaking-updates/google-cloud-pubsublite/src/test/java/com/google/cloud/pubsublite/v1/CursorServiceClientTest.java:[123,17] bidiStreamingCall(com.google.api.gax.rpc.ApiStreamObserver<ResponseT>) in com.google.api.gax.rpc.BidiStreamingCallable has been deprecated
[WARNING] /home/gabsko/breaking-updates/google-cloud-pubsublite/src/test/java/com/google/cloud/pubsublite/v1/CursorServiceClientTest.java:[145,17] bidiStreamingCall(com.google.api.gax.rpc.ApiStreamObserver<ResponseT>) in com.google.api.gax.rpc.BidiStreamingCallable has been deprecated
[WARNING] /home/gabsko/breaking-updates/google-cloud-pubsublite/src/test/java/com/google/cloud/pubsublite/internal/TestUtil.java:[42,54] Possible heap pollution from parameterized vararg type org.mockito.stubbing.Answer<java.lang.Void>
[WARNING] /home/gabsko/breaking-updates/google-cloud-pubsublite/src/test/java/com/google/cloud/pubsublite/internal/wire/SubscriberBuilderTest.java:[44,5] initMocks(java.lang.Object) in org.mockito.MockitoAnnotations has been deprecated
[WARNING] /home/gabsko/breaking-updates/google-cloud-pubsublite/src/test/java/com/google/cloud/pubsublite/v1/SubscriberServiceClientTest.java:[110,17] bidiStreamingCall(com.google.api.gax.rpc.ApiStreamObserver<ResponseT>) in com.google.api.gax.rpc.BidiStreamingCallable has been deprecated
[WARNING] /home/gabsko/breaking-updates/google-cloud-pubsublite/src/test/java/com/google/cloud/pubsublite/v1/SubscriberServiceClientTest.java:[132,17] bidiStreamingCall(com.google.api.gax.rpc.ApiStreamObserver<ResponseT>) in com.google.api.gax.rpc.BidiStreamingCallable has been deprecated
[WARNING] /home/gabsko/breaking-updates/google-cloud-pubsublite/src/test/java/com/google/cloud/pubsublite/cloudpubsub/internal/WrappingPublisherTest.java:[59,5] initMocks(java.lang.Object) in org.mockito.MockitoAnnotations has been deprecated
[WARNING] /home/gabsko/breaking-updates/google-cloud-pubsublite/src/test/java/com/google/cloud/pubsublite/internal/wire/SinglePartitionPublisherTest.java:[53,5] initMocks(java.lang.Object) in org.mockito.MockitoAnnotations has been deprecated
[WARNING] /home/gabsko/breaking-updates/google-cloud-pubsublite/src/test/java/com/google/cloud/pubsublite/cloudpubsub/internal/AckSetTrackerImplTest.java:[67,5] initMocks(java.lang.Object) in org.mockito.MockitoAnnotations has been deprecated
[WARNING] /home/gabsko/breaking-updates/google-cloud-pubsublite/src/test/java/com/google/cloud/pubsublite/internal/wire/AssignerImplTest.java:[103,23] initMocks(java.lang.Object) in org.mockito.MockitoAnnotations has been deprecated
[WARNING] /home/gabsko/breaking-updates/google-cloud-pubsublite/src/test/java/com/google/cloud/pubsublite/internal/DefaultRoutingPolicyTest.java:[55,44] unchecked conversion
  required: java.util.Map<java.lang.String,java.lang.Double>
  found:    java.util.Map
[WARNING] /home/gabsko/breaking-updates/google-cloud-pubsublite/src/test/java/com/google/cloud/pubsublite/v1/PartitionAssignmentServiceClientTest.java:[110,17] bidiStreamingCall(com.google.api.gax.rpc.ApiStreamObserver<ResponseT>) in com.google.api.gax.rpc.BidiStreamingCallable has been deprecated
[WARNING] /home/gabsko/breaking-updates/google-cloud-pubsublite/src/test/java/com/google/cloud/pubsublite/v1/PartitionAssignmentServiceClientTest.java:[132,17] bidiStreamingCall(com.google.api.gax.rpc.ApiStreamObserver<ResponseT>) in com.google.api.gax.rpc.BidiStreamingCallable has been deprecated
[WARNING] /home/gabsko/breaking-updates/google-cloud-pubsublite/src/test/java/com/google/cloud/pubsublite/it/ITVPCNegativeTest.java:[123,61] setScale(int) in com.google.cloud.pubsublite.proto.Topic.PartitionConfig.Builder has been deprecated
[WARNING] /home/gabsko/breaking-updates/google-cloud-pubsublite/src/test/java/com/google/cloud/pubsublite/internal/TopicStatsClientImplTest.java:[151,55] Possible heap pollution from parameterized vararg type org.mockito.stubbing.Answer<java.lang.Void>
[WARNING] /home/gabsko/breaking-updates/google-cloud-pubsublite/src/test/java/com/google/cloud/pubsublite/internal/TopicStatsClientImplTest.java:[182,23] unchecked generic array creation for varargs parameter of type org.mockito.stubbing.Answer<java.lang.Void>[]
[WARNING] /home/gabsko/breaking-updates/google-cloud-pubsublite/src/test/java/com/google/cloud/pubsublite/internal/TopicStatsClientImplTest.java:[195,20] unchecked generic array creation for varargs parameter of type org.mockito.stubbing.Answer<java.lang.Void>[]
[WARNING] /home/gabsko/breaking-updates/google-cloud-pubsublite/src/test/java/com/google/cloud/pubsublite/internal/CursorClientImplTest.java:[167,55] Possible heap pollution from parameterized vararg type org.mockito.stubbing.Answer<java.lang.Void>
[WARNING] /home/gabsko/breaking-updates/google-cloud-pubsublite/src/test/java/com/google/cloud/pubsublite/internal/CursorClientImplTest.java:[198,23] unchecked generic array creation for varargs parameter of type org.mockito.stubbing.Answer<java.lang.Void>[]
[WARNING] /home/gabsko/breaking-updates/google-cloud-pubsublite/src/test/java/com/google/cloud/pubsublite/internal/CursorClientImplTest.java:[210,20] unchecked generic array creation for varargs parameter of type org.mockito.stubbing.Answer<java.lang.Void>[]
[WARNING] /home/gabsko/breaking-updates/google-cloud-pubsublite/src/test/java/com/google/cloud/pubsublite/internal/CursorClientImplTest.java:[248,22] unchecked generic array creation for varargs parameter of type org.mockito.stubbing.Answer<java.lang.Void>[]
[WARNING] /home/gabsko/breaking-updates/google-cloud-pubsublite/src/test/java/com/google/cloud/pubsublite/internal/CursorClientImplTest.java:[262,20] unchecked generic array creation for varargs parameter of type org.mockito.stubbing.Answer<java.lang.Void>[]
[WARNING] /home/gabsko/breaking-updates/google-cloud-pubsublite/src/test/java/com/google/cloud/pubsublite/internal/AdminClientImplTest.java:[182,55] Possible heap pollution from parameterized vararg type org.mockito.stubbing.Answer<java.lang.Void>
[WARNING] /home/gabsko/breaking-updates/google-cloud-pubsublite/src/test/java/com/google/cloud/pubsublite/internal/AdminClientImplTest.java:[243,23] unchecked generic array creation for varargs parameter of type org.mockito.stubbing.Answer<java.lang.Void>[]
[WARNING] /home/gabsko/breaking-updates/google-cloud-pubsublite/src/test/java/com/google/cloud/pubsublite/internal/AdminClientImplTest.java:[262,20] unchecked generic array creation for varargs parameter of type org.mockito.stubbing.Answer<java.lang.Void>[]
[WARNING] /home/gabsko/breaking-updates/google-cloud-pubsublite/src/test/java/com/google/cloud/pubsublite/internal/AdminClientImplTest.java:[306,23] unchecked generic array creation for varargs parameter of type org.mockito.stubbing.Answer<java.lang.Void>[]
[WARNING] /home/gabsko/breaking-updates/google-cloud-pubsublite/src/test/java/com/google/cloud/pubsublite/internal/AdminClientImplTest.java:[321,20] unchecked generic array creation for varargs parameter of type org.mockito.stubbing.Answer<java.lang.Void>[]
[WARNING] /home/gabsko/breaking-updates/google-cloud-pubsublite/src/test/java/com/google/cloud/pubsublite/internal/AdminClientImplTest.java:[367,23] unchecked generic array creation for varargs parameter of type org.mockito.stubbing.Answer<java.lang.Void>[]
[WARNING] /home/gabsko/breaking-updates/google-cloud-pubsublite/src/test/java/com/google/cloud/pubsublite/internal/AdminClientImplTest.java:[382,20] unchecked generic array creation for varargs parameter of type org.mockito.stubbing.Answer<java.lang.Void>[]
[WARNING] /home/gabsko/breaking-updates/google-cloud-pubsublite/src/test/java/com/google/cloud/pubsublite/internal/AdminClientImplTest.java:[422,23] unchecked generic array creation for varargs parameter of type org.mockito.stubbing.Answer<java.lang.Void>[]
[WARNING] /home/gabsko/breaking-updates/google-cloud-pubsublite/src/test/java/com/google/cloud/pubsublite/internal/AdminClientImplTest.java:[436,20] unchecked generic array creation for varargs parameter of type org.mockito.stubbing.Answer<java.lang.Void>[]
[WARNING] /home/gabsko/breaking-updates/google-cloud-pubsublite/src/test/java/com/google/cloud/pubsublite/internal/AdminClientImplTest.java:[483,22] unchecked generic array creation for varargs parameter of type org.mockito.stubbing.Answer<java.lang.Void>[]
[WARNING] /home/gabsko/breaking-updates/google-cloud-pubsublite/src/test/java/com/google/cloud/pubsublite/internal/AdminClientImplTest.java:[500,20] unchecked generic array creation for varargs parameter of type org.mockito.stubbing.Answer<java.lang.Void>[]
[WARNING] /home/gabsko/breaking-updates/google-cloud-pubsublite/src/test/java/com/google/cloud/pubsublite/internal/AdminClientImplTest.java:[563,22] unchecked generic array creation for varargs parameter of type org.mockito.stubbing.Answer<java.lang.Void>[]
[WARNING] /home/gabsko/breaking-updates/google-cloud-pubsublite/src/test/java/com/google/cloud/pubsublite/internal/AdminClientImplTest.java:[580,20] unchecked generic array creation for varargs parameter of type org.mockito.stubbing.Answer<java.lang.Void>[]
[WARNING] /home/gabsko/breaking-updates/google-cloud-pubsublite/src/test/java/com/google/cloud/pubsublite/internal/AdminClientImplTest.java:[636,23] unchecked generic array creation for varargs parameter of type org.mockito.stubbing.Answer<java.lang.Void>[]
[WARNING] /home/gabsko/breaking-updates/google-cloud-pubsublite/src/test/java/com/google/cloud/pubsublite/internal/AdminClientImplTest.java:[655,20] unchecked generic array creation for varargs parameter of type org.mockito.stubbing.Answer<java.lang.Void>[]
[WARNING] /home/gabsko/breaking-updates/google-cloud-pubsublite/src/test/java/com/google/cloud/pubsublite/internal/AdminClientImplTest.java:[708,23] unchecked generic array creation for varargs parameter of type org.mockito.stubbing.Answer<java.lang.Void>[]
[WARNING] /home/gabsko/breaking-updates/google-cloud-pubsublite/src/test/java/com/google/cloud/pubsublite/internal/AdminClientImplTest.java:[726,20] unchecked generic array creation for varargs parameter of type org.mockito.stubbing.Answer<java.lang.Void>[]
[WARNING] /home/gabsko/breaking-updates/google-cloud-pubsublite/src/test/java/com/google/cloud/pubsublite/internal/AdminClientImplTest.java:[772,23] unchecked generic array creation for varargs parameter of type org.mockito.stubbing.Answer<java.lang.Void>[]
[WARNING] /home/gabsko/breaking-updates/google-cloud-pubsublite/src/test/java/com/google/cloud/pubsublite/internal/AdminClientImplTest.java:[787,20] unchecked generic array creation for varargs parameter of type org.mockito.stubbing.Answer<java.lang.Void>[]
[WARNING] /home/gabsko/breaking-updates/google-cloud-pubsublite/src/test/java/com/google/cloud/pubsublite/internal/AdminClientImplTest.java:[832,22] unchecked generic array creation for varargs parameter of type org.mockito.stubbing.Answer<java.lang.Void>[]
[WARNING] /home/gabsko/breaking-updates/google-cloud-pubsublite/src/test/java/com/google/cloud/pubsublite/internal/AdminClientImplTest.java:[848,20] unchecked generic array creation for varargs parameter of type org.mockito.stubbing.Answer<java.lang.Void>[]
[WARNING] /home/gabsko/breaking-updates/google-cloud-pubsublite/src/test/java/com/google/cloud/pubsublite/cloudpubsub/internal/AssigningSubscriberTest.java:[61,5] initMocks(java.lang.Object) in org.mockito.MockitoAnnotations has been deprecated
[WARNING] /home/gabsko/breaking-updates/google-cloud-pubsublite/src/test/java/com/google/cloud/pubsublite/v1/PublisherServiceClientTest.java:[109,17] bidiStreamingCall(com.google.api.gax.rpc.ApiStreamObserver<ResponseT>) in com.google.api.gax.rpc.BidiStreamingCallable has been deprecated
[WARNING] /home/gabsko/breaking-updates/google-cloud-pubsublite/src/test/java/com/google/cloud/pubsublite/v1/PublisherServiceClientTest.java:[130,17] bidiStreamingCall(com.google.api.gax.rpc.ApiStreamObserver<ResponseT>) in com.google.api.gax.rpc.BidiStreamingCallable has been deprecated
[WARNING] /home/gabsko/breaking-updates/google-cloud-pubsublite/src/test/java/com/google/cloud/pubsublite/cloudpubsub/PublisherSettingsTest.java:[57,5] initMocks(java.lang.Object) in org.mockito.MockitoAnnotations has been deprecated
[WARNING] /home/gabsko/breaking-updates/google-cloud-pubsublite/src/test/java/com/google/cloud/pubsublite/internal/wire/PublisherImplTest.java:[125,5] verifyZeroInteractions(java.lang.Object...) in org.mockito.Mockito has been deprecated
[WARNING] /home/gabsko/breaking-updates/google-cloud-pubsublite/src/test/java/com/google/cloud/pubsublite/internal/wire/PublisherImplTest.java:[178,5] verifyZeroInteractions(java.lang.Object...) in org.mockito.Mockito has been deprecated
[WARNING] /home/gabsko/breaking-updates/google-cloud-pubsublite/src/test/java/com/google/cloud/pubsublite/internal/wire/PublisherImplTest.java:[179,5] verifyZeroInteractions(java.lang.Object...) in org.mockito.Mockito has been deprecated
[WARNING] /home/gabsko/breaking-updates/google-cloud-pubsublite/src/test/java/com/google/cloud/pubsublite/cloudpubsub/internal/SinglePartitionSubscriberTest.java:[91,23] initMocks(java.lang.Object) in org.mockito.MockitoAnnotations has been deprecated
[WARNING] /home/gabsko/breaking-updates/google-cloud-pubsublite/src/test/java/com/google/cloud/pubsublite/internal/wire/CommitterImplTest.java:[122,5] verifyZeroInteractions(java.lang.Object...) in org.mockito.Mockito has been deprecated
[INFO] 
[INFO] --- maven-surefire-plugin:3.0.0-M5:test (default-test) @ google-cloud-pubsublite ---
[INFO] 
[INFO] -------------------------------------------------------
[INFO]  T E S T S
[INFO] -------------------------------------------------------
[INFO] Running com.google.cloud.pubsublite.PublishMetadataTest
[INFO] Tests run: 4, Failures: 0, Errors: 0, Skipped: 0, Time elapsed: 0.018 s - in com.google.cloud.pubsublite.PublishMetadataTest
[INFO] Running com.google.cloud.pubsublite.cloudpubsub.PublisherSettingsTest
[INFO] Tests run: 1, Failures: 0, Errors: 0, Skipped: 0, Time elapsed: 0.764 s - in com.google.cloud.pubsublite.cloudpubsub.PublisherSettingsTest
[INFO] Running com.google.cloud.pubsublite.cloudpubsub.SubscriberSettingsTest
Jan 07, 2023 1:04:38 AM com.google.cloud.pubsublite.internal.wire.AssignerBuilder$Builder build
INFO: Subscription projects/56/locations/us-central1-a/subscriptions/xyz using UUID 8a5fed99-ab89-447b-a879-7d4ba6fe6f7f for assignment.
[INFO] Tests run: 2, Failures: 0, Errors: 0, Skipped: 0, Time elapsed: 0.274 s - in com.google.cloud.pubsublite.cloudpubsub.SubscriberSettingsTest
[INFO] Running com.google.cloud.pubsublite.cloudpubsub.MessageTransformsTest
[INFO] Tests run: 9, Failures: 0, Errors: 0, Skipped: 0, Time elapsed: 0.165 s - in com.google.cloud.pubsublite.cloudpubsub.MessageTransformsTest
[INFO] Running com.google.cloud.pubsublite.cloudpubsub.internal.AssigningSubscriberTest
[INFO] Tests run: 5, Failures: 0, Errors: 0, Skipped: 0, Time elapsed: 0.17 s - in com.google.cloud.pubsublite.cloudpubsub.internal.AssigningSubscriberTest
[INFO] Running com.google.cloud.pubsublite.cloudpubsub.internal.SinglePartitionSubscriberTest
[INFO] Tests run: 6, Failures: 0, Errors: 0, Skipped: 0, Time elapsed: 0.148 s - in com.google.cloud.pubsublite.cloudpubsub.internal.SinglePartitionSubscriberTest
[INFO] Running com.google.cloud.pubsublite.cloudpubsub.internal.WrappingPublisherTest
[INFO] Tests run: 2, Failures: 0, Errors: 0, Skipped: 0, Time elapsed: 0.028 s - in com.google.cloud.pubsublite.cloudpubsub.internal.WrappingPublisherTest
[INFO] Running com.google.cloud.pubsublite.cloudpubsub.internal.AckSetTrackerImplTest
[INFO] Tests run: 2, Failures: 0, Errors: 0, Skipped: 0, Time elapsed: 0.106 s - in com.google.cloud.pubsublite.cloudpubsub.internal.AckSetTrackerImplTest
[INFO] Running com.google.cloud.pubsublite.v1.SubscriberServiceClientTest
[INFO] Tests run: 2, Failures: 0, Errors: 0, Skipped: 0, Time elapsed: 0.163 s - in com.google.cloud.pubsublite.v1.SubscriberServiceClientTest
[INFO] Running com.google.cloud.pubsublite.v1.TopicStatsServiceClientTest
[INFO] Tests run: 2, Failures: 0, Errors: 0, Skipped: 0, Time elapsed: 0.052 s - in com.google.cloud.pubsublite.v1.TopicStatsServiceClientTest
[INFO] Running com.google.cloud.pubsublite.v1.PartitionAssignmentServiceClientTest
[INFO] Tests run: 2, Failures: 0, Errors: 0, Skipped: 0, Time elapsed: 0.012 s - in com.google.cloud.pubsublite.v1.PartitionAssignmentServiceClientTest
[INFO] Running com.google.cloud.pubsublite.v1.PublisherServiceClientTest
[INFO] Tests run: 2, Failures: 0, Errors: 0, Skipped: 0, Time elapsed: 0.024 s - in com.google.cloud.pubsublite.v1.PublisherServiceClientTest
[INFO] Running com.google.cloud.pubsublite.v1.CursorServiceClientTest
[INFO] Tests run: 6, Failures: 0, Errors: 0, Skipped: 0, Time elapsed: 0.078 s - in com.google.cloud.pubsublite.v1.CursorServiceClientTest
[INFO] Running com.google.cloud.pubsublite.v1.AdminServiceClientTest
[INFO] Tests run: 24, Failures: 0, Errors: 0, Skipped: 0, Time elapsed: 0.188 s - in com.google.cloud.pubsublite.v1.AdminServiceClientTest
[INFO] Running com.google.cloud.pubsublite.internal.CursorClientImplTest
[INFO] Tests run: 9, Failures: 0, Errors: 0, Skipped: 0, Time elapsed: 0.96 s - in com.google.cloud.pubsublite.internal.CursorClientImplTest
[INFO] Running com.google.cloud.pubsublite.internal.TopicStatsClientSettingsTest
[INFO] Tests run: 1, Failures: 0, Errors: 0, Skipped: 0, Time elapsed: 0.005 s - in com.google.cloud.pubsublite.internal.TopicStatsClientSettingsTest
[INFO] Running com.google.cloud.pubsublite.internal.DefaultRoutingPolicyTest
[INFO] Tests run: 1, Failures: 0, Errors: 0, Skipped: 0, Time elapsed: 0.075 s - in com.google.cloud.pubsublite.internal.DefaultRoutingPolicyTest
[INFO] Running com.google.cloud.pubsublite.internal.AdminClientImplTest
[INFO] Tests run: 41, Failures: 0, Errors: 0, Skipped: 0, Time elapsed: 4.025 s - in com.google.cloud.pubsublite.internal.AdminClientImplTest
[INFO] Running com.google.cloud.pubsublite.internal.CloseableMonitorTest
[INFO] Tests run: 2, Failures: 0, Errors: 0, Skipped: 0, Time elapsed: 0 s - in com.google.cloud.pubsublite.internal.CloseableMonitorTest
[INFO] Running com.google.cloud.pubsublite.internal.CursorClientSettingsTest
[INFO] Tests run: 1, Failures: 0, Errors: 0, Skipped: 0, Time elapsed: 0.002 s - in com.google.cloud.pubsublite.internal.CursorClientSettingsTest
[INFO] Running com.google.cloud.pubsublite.internal.TopicStatsClientImplTest
[INFO] Tests run: 5, Failures: 0, Errors: 0, Skipped: 0, Time elapsed: 0.389 s - in com.google.cloud.pubsublite.internal.TopicStatsClientImplTest
[INFO] Running com.google.cloud.pubsublite.internal.BufferingPullSubscriberTest
[INFO] Tests run: 6, Failures: 0, Errors: 0, Skipped: 0, Time elapsed: 0.039 s - in com.google.cloud.pubsublite.internal.BufferingPullSubscriberTest
[INFO] Running com.google.cloud.pubsublite.internal.ChannelCacheTest
[INFO] Tests run: 1, Failures: 0, Errors: 0, Skipped: 0, Time elapsed: 0.022 s - in com.google.cloud.pubsublite.internal.ChannelCacheTest
[INFO] Running com.google.cloud.pubsublite.internal.wire.ConnectedCommitterImplTest
Jan 07, 2023 1:04:45 AM io.grpc.internal.SerializeReentrantCallsDirectExecutor execute
SEVERE: Exception while executing runnable io.grpc.internal.ServerImpl$JumpToApplicationThreadServerStreamListener$1MessagesAvailable@1a0a6d71
Wanted but not invoked:
streamObserver.onError(
    <Status exception matcher>
);
-> at com.google.cloud.pubsublite.internal.wire.ConnectedCommitterImplTest.lambda$AnswerWith$2(ConnectedCommitterImplTest.java:158)

However, there was exactly 1 interaction with this mock:
streamObserver.onNext(
    initial {
  subscription: "projects/12345/locations/us-east1-a/subscriptions/some_subscription"
  partition: 1024
}

);
-> at io.grpc.stub.ServerCalls$StreamingServerCallHandler$StreamingServerCallListener.onMessage(ServerCalls.java:249)


	at com.google.cloud.pubsublite.internal.wire.ConnectedCommitterImplTest.lambda$AnswerWith$2(ConnectedCommitterImplTest.java:158)
	at io.grpc.stub.ServerCalls$StreamingServerCallHandler$StreamingServerCallListener.onMessage(ServerCalls.java:249)
	at io.grpc.internal.ServerCallImpl$ServerStreamListenerImpl.messagesAvailableInternal(ServerCallImpl.java:309)
	at io.grpc.internal.ServerCallImpl$ServerStreamListenerImpl.messagesAvailable(ServerCallImpl.java:292)
	at io.grpc.internal.ServerImpl$JumpToApplicationThreadServerStreamListener$1MessagesAvailable.runInContext(ServerImpl.java:782)
	at io.grpc.internal.ContextRunnable.run(ContextRunnable.java:37)
	at io.grpc.internal.SerializeReentrantCallsDirectExecutor.execute(SerializeReentrantCallsDirectExecutor.java:49)
	at io.grpc.internal.ServerImpl$JumpToApplicationThreadServerStreamListener.messagesAvailable(ServerImpl.java:793)
	at io.grpc.inprocess.InProcessTransport$InProcessStream$InProcessClientStream.writeMessage(InProcessTransport.java:734)
	at io.grpc.internal.ForwardingClientStream.writeMessage(ForwardingClientStream.java:37)
	at io.grpc.internal.ClientCallImpl.sendMessageInternal(ClientCallImpl.java:523)
	at io.grpc.internal.ClientCallImpl.sendMessage(ClientCallImpl.java:507)
	at io.grpc.stub.ClientCalls$CallToStreamObserverAdapter.onNext(ClientCalls.java:364)
	at com.google.cloud.pubsublite.internal.wire.SingleConnection.initialize(SingleConnection.java:62)
	at com.google.cloud.pubsublite.internal.wire.ConnectedCommitterImpl.<init>(ConnectedCommitterImpl.java:42)
	at com.google.cloud.pubsublite.internal.wire.ConnectedCommitterImpl.<init>(ConnectedCommitterImpl.java:30)
	at com.google.cloud.pubsublite.internal.wire.ConnectedCommitterImpl$Factory.New(ConnectedCommitterImpl.java:51)
	at com.google.cloud.pubsublite.internal.wire.ConnectedCommitterImplTest.construct_SendsInitialThenError(ConnectedCommitterImplTest.java:182)
	at java.base/jdk.internal.reflect.NativeMethodAccessorImpl.invoke0(Native Method)
	at java.base/jdk.internal.reflect.NativeMethodAccessorImpl.invoke(NativeMethodAccessorImpl.java:62)
	at java.base/jdk.internal.reflect.DelegatingMethodAccessorImpl.invoke(DelegatingMethodAccessorImpl.java:43)
	at java.base/java.lang.reflect.Method.invoke(Method.java:566)
	at org.junit.runners.model.FrameworkMethod$1.runReflectiveCall(FrameworkMethod.java:59)
	at org.junit.internal.runners.model.ReflectiveCallable.run(ReflectiveCallable.java:12)
	at org.junit.runners.model.FrameworkMethod.invokeExplosively(FrameworkMethod.java:56)
	at org.junit.internal.runners.statements.InvokeMethod.evaluate(InvokeMethod.java:17)
	at org.junit.internal.runners.statements.RunBefores.evaluate(RunBefores.java:26)
	at org.junit.internal.runners.statements.RunAfters.evaluate(RunAfters.java:27)
	at io.grpc.testing.GrpcCleanupRule$1.evaluate(GrpcCleanupRule.java:125)
	at org.junit.runners.ParentRunner$3.evaluate(ParentRunner.java:306)
	at org.junit.runners.BlockJUnit4ClassRunner$1.evaluate(BlockJUnit4ClassRunner.java:100)
	at org.junit.runners.ParentRunner.runLeaf(ParentRunner.java:366)
	at org.junit.runners.BlockJUnit4ClassRunner.runChild(BlockJUnit4ClassRunner.java:103)
	at org.junit.runners.BlockJUnit4ClassRunner.runChild(BlockJUnit4ClassRunner.java:63)
	at org.junit.runners.ParentRunner$4.run(ParentRunner.java:331)
	at org.junit.runners.ParentRunner$1.schedule(ParentRunner.java:79)
	at org.junit.runners.ParentRunner.runChildren(ParentRunner.java:329)
	at org.junit.runners.ParentRunner.access$100(ParentRunner.java:66)
	at org.junit.runners.ParentRunner$2.evaluate(ParentRunner.java:293)
	at org.junit.runners.ParentRunner$3.evaluate(ParentRunner.java:306)
	at org.junit.runners.ParentRunner.run(ParentRunner.java:413)
	at org.junit.runners.Suite.runChild(Suite.java:128)
	at org.junit.runners.Suite.runChild(Suite.java:27)
	at org.junit.runners.ParentRunner$4.run(ParentRunner.java:331)
	at org.junit.runners.ParentRunner$1.schedule(ParentRunner.java:79)
	at org.junit.runners.ParentRunner.runChildren(ParentRunner.java:329)
	at org.junit.runners.ParentRunner.access$100(ParentRunner.java:66)
	at org.junit.runners.ParentRunner$2.evaluate(ParentRunner.java:293)
	at org.junit.runners.ParentRunner$3.evaluate(ParentRunner.java:306)
	at org.junit.runners.ParentRunner.run(ParentRunner.java:413)
	at org.apache.maven.surefire.junitcore.JUnitCore.run(JUnitCore.java:55)
	at org.apache.maven.surefire.junitcore.JUnitCoreWrapper.createRequestAndRun(JUnitCoreWrapper.java:137)
	at org.apache.maven.surefire.junitcore.JUnitCoreWrapper.executeEager(JUnitCoreWrapper.java:107)
	at org.apache.maven.surefire.junitcore.JUnitCoreWrapper.execute(JUnitCoreWrapper.java:83)
	at org.apache.maven.surefire.junitcore.JUnitCoreWrapper.execute(JUnitCoreWrapper.java:75)
	at org.apache.maven.surefire.junitcore.JUnitCoreProvider.invoke(JUnitCoreProvider.java:157)
	at org.apache.maven.surefire.booter.ForkedBooter.runSuitesInProcess(ForkedBooter.java:428)
	at org.apache.maven.surefire.booter.ForkedBooter.execute(ForkedBooter.java:162)
	at org.apache.maven.surefire.booter.ForkedBooter.run(ForkedBooter.java:562)
	at org.apache.maven.surefire.booter.ForkedBooter.main(ForkedBooter.java:548)

[INFO] Tests run: 7, Failures: 0, Errors: 0, Skipped: 0, Time elapsed: 0.059 s - in com.google.cloud.pubsublite.internal.wire.ConnectedCommitterImplTest
[INFO] Running com.google.cloud.pubsublite.internal.wire.SubscriberImplTest
[INFO] Tests run: 11, Failures: 0, Errors: 0, Skipped: 0, Time elapsed: 0.197 s - in com.google.cloud.pubsublite.internal.wire.SubscriberImplTest
[INFO] Running com.google.cloud.pubsublite.internal.wire.VersionsTest
[INFO] Tests run: 3, Failures: 0, Errors: 0, Skipped: 0, Time elapsed: 0.001 s - in com.google.cloud.pubsublite.internal.wire.VersionsTest
[INFO] Running com.google.cloud.pubsublite.internal.wire.ConnectedAssignerImplTest
Jan 07, 2023 1:04:46 AM io.grpc.internal.SerializeReentrantCallsDirectExecutor execute
SEVERE: Exception while executing runnable io.grpc.internal.ServerImpl$JumpToApplicationThreadServerStreamListener$1MessagesAvailable@4fbac930
Wanted but not invoked:
mockRequestStream.onError(
    <Status exception matcher>
);
-> at com.google.cloud.pubsublite.internal.wire.ConnectedAssignerImplTest.lambda$AnswerWith$2(ConnectedAssignerImplTest.java:152)

However, there was exactly 1 interaction with this mock:
mockRequestStream.onNext(
    initial {
  subscription: "projects/12345/locations/us-east1-a/subscriptions/some_subscription"
}

);
-> at io.grpc.stub.ServerCalls$StreamingServerCallHandler$StreamingServerCallListener.onMessage(ServerCalls.java:249)


	at com.google.cloud.pubsublite.internal.wire.ConnectedAssignerImplTest.lambda$AnswerWith$2(ConnectedAssignerImplTest.java:152)
	at io.grpc.stub.ServerCalls$StreamingServerCallHandler$StreamingServerCallListener.onMessage(ServerCalls.java:249)
	at io.grpc.internal.ServerCallImpl$ServerStreamListenerImpl.messagesAvailableInternal(ServerCallImpl.java:309)
	at io.grpc.internal.ServerCallImpl$ServerStreamListenerImpl.messagesAvailable(ServerCallImpl.java:292)
	at io.grpc.internal.ServerImpl$JumpToApplicationThreadServerStreamListener$1MessagesAvailable.runInContext(ServerImpl.java:782)
	at io.grpc.internal.ContextRunnable.run(ContextRunnable.java:37)
	at io.grpc.internal.SerializeReentrantCallsDirectExecutor.execute(SerializeReentrantCallsDirectExecutor.java:49)
	at io.grpc.internal.ServerImpl$JumpToApplicationThreadServerStreamListener.messagesAvailable(ServerImpl.java:793)
	at io.grpc.inprocess.InProcessTransport$InProcessStream$InProcessClientStream.writeMessage(InProcessTransport.java:734)
	at io.grpc.internal.ForwardingClientStream.writeMessage(ForwardingClientStream.java:37)
	at io.grpc.internal.ClientCallImpl.sendMessageInternal(ClientCallImpl.java:523)
	at io.grpc.internal.ClientCallImpl.sendMessage(ClientCallImpl.java:507)
	at io.grpc.stub.ClientCalls$CallToStreamObserverAdapter.onNext(ClientCalls.java:364)
	at com.google.cloud.pubsublite.internal.wire.SingleConnection.initialize(SingleConnection.java:62)
	at com.google.cloud.pubsublite.internal.wire.ConnectedAssignerImpl.<init>(ConnectedAssignerImpl.java:42)
	at com.google.cloud.pubsublite.internal.wire.ConnectedAssignerImpl.<init>(ConnectedAssignerImpl.java:29)
	at com.google.cloud.pubsublite.internal.wire.ConnectedAssignerImpl$Factory.New(ConnectedAssignerImpl.java:51)
	at com.google.cloud.pubsublite.internal.wire.ConnectedAssignerImplTest.construct_SendsInitialThenError(ConnectedAssignerImplTest.java:173)
	at java.base/jdk.internal.reflect.NativeMethodAccessorImpl.invoke0(Native Method)
	at java.base/jdk.internal.reflect.NativeMethodAccessorImpl.invoke(NativeMethodAccessorImpl.java:62)
	at java.base/jdk.internal.reflect.DelegatingMethodAccessorImpl.invoke(DelegatingMethodAccessorImpl.java:43)
	at java.base/java.lang.reflect.Method.invoke(Method.java:566)
	at org.junit.runners.model.FrameworkMethod$1.runReflectiveCall(FrameworkMethod.java:59)
	at org.junit.internal.runners.model.ReflectiveCallable.run(ReflectiveCallable.java:12)
	at org.junit.runners.model.FrameworkMethod.invokeExplosively(FrameworkMethod.java:56)
	at org.junit.internal.runners.statements.InvokeMethod.evaluate(InvokeMethod.java:17)
	at org.junit.internal.runners.statements.RunBefores.evaluate(RunBefores.java:26)
	at org.junit.internal.runners.statements.RunAfters.evaluate(RunAfters.java:27)
	at io.grpc.testing.GrpcCleanupRule$1.evaluate(GrpcCleanupRule.java:125)
	at org.junit.runners.ParentRunner$3.evaluate(ParentRunner.java:306)
	at org.junit.runners.BlockJUnit4ClassRunner$1.evaluate(BlockJUnit4ClassRunner.java:100)
	at org.junit.runners.ParentRunner.runLeaf(ParentRunner.java:366)
	at org.junit.runners.BlockJUnit4ClassRunner.runChild(BlockJUnit4ClassRunner.java:103)
	at org.junit.runners.BlockJUnit4ClassRunner.runChild(BlockJUnit4ClassRunner.java:63)
	at org.junit.runners.ParentRunner$4.run(ParentRunner.java:331)
	at org.junit.runners.ParentRunner$1.schedule(ParentRunner.java:79)
	at org.junit.runners.ParentRunner.runChildren(ParentRunner.java:329)
	at org.junit.runners.ParentRunner.access$100(ParentRunner.java:66)
	at org.junit.runners.ParentRunner$2.evaluate(ParentRunner.java:293)
	at org.junit.runners.ParentRunner$3.evaluate(ParentRunner.java:306)
	at org.junit.runners.ParentRunner.run(ParentRunner.java:413)
	at org.junit.runners.Suite.runChild(Suite.java:128)
	at org.junit.runners.Suite.runChild(Suite.java:27)
	at org.junit.runners.ParentRunner$4.run(ParentRunner.java:331)
	at org.junit.runners.ParentRunner$1.schedule(ParentRunner.java:79)
	at org.junit.runners.ParentRunner.runChildren(ParentRunner.java:329)
	at org.junit.runners.ParentRunner.access$100(ParentRunner.java:66)
	at org.junit.runners.ParentRunner$2.evaluate(ParentRunner.java:293)
	at org.junit.runners.ParentRunner$3.evaluate(ParentRunner.java:306)
	at org.junit.runners.ParentRunner.run(ParentRunner.java:413)
	at org.apache.maven.surefire.junitcore.JUnitCore.run(JUnitCore.java:55)
	at org.apache.maven.surefire.junitcore.JUnitCoreWrapper.createRequestAndRun(JUnitCoreWrapper.java:137)
	at org.apache.maven.surefire.junitcore.JUnitCoreWrapper.executeEager(JUnitCoreWrapper.java:107)
	at org.apache.maven.surefire.junitcore.JUnitCoreWrapper.execute(JUnitCoreWrapper.java:83)
	at org.apache.maven.surefire.junitcore.JUnitCoreWrapper.execute(JUnitCoreWrapper.java:75)
	at org.apache.maven.surefire.junitcore.JUnitCoreProvider.invoke(JUnitCoreProvider.java:157)
	at org.apache.maven.surefire.booter.ForkedBooter.runSuitesInProcess(ForkedBooter.java:428)
	at org.apache.maven.surefire.booter.ForkedBooter.execute(ForkedBooter.java:162)
	at org.apache.maven.surefire.booter.ForkedBooter.run(ForkedBooter.java:562)
	at org.apache.maven.surefire.booter.ForkedBooter.main(ForkedBooter.java:548)

[INFO] Tests run: 6, Failures: 0, Errors: 0, Skipped: 0, Time elapsed: 0.037 s - in com.google.cloud.pubsublite.internal.wire.ConnectedAssignerImplTest
[INFO] Running com.google.cloud.pubsublite.internal.wire.SubscriberBuilderTest
[INFO] Tests run: 1, Failures: 0, Errors: 0, Skipped: 0, Time elapsed: 0 s - in com.google.cloud.pubsublite.internal.wire.SubscriberBuilderTest
[INFO] Running com.google.cloud.pubsublite.internal.wire.PubsubContextTest
[INFO] Tests run: 2, Failures: 0, Errors: 0, Skipped: 0, Time elapsed: 0.001 s - in com.google.cloud.pubsublite.internal.wire.PubsubContextTest
[INFO] Running com.google.cloud.pubsublite.internal.wire.RoutingPublisherTest
[INFO] Tests run: 3, Failures: 0, Errors: 0, Skipped: 0, Time elapsed: 0.026 s - in com.google.cloud.pubsublite.internal.wire.RoutingPublisherTest
[INFO] Running com.google.cloud.pubsublite.internal.wire.SerialBatcherTest
[INFO] Tests run: 6, Failures: 0, Errors: 0, Skipped: 0, Time elapsed: 0 s - in com.google.cloud.pubsublite.internal.wire.SerialBatcherTest
[INFO] Running com.google.cloud.pubsublite.internal.wire.CommitStateTest
[INFO] Tests run: 4, Failures: 0, Errors: 0, Skipped: 0, Time elapsed: 0 s - in com.google.cloud.pubsublite.internal.wire.CommitStateTest
[INFO] Running com.google.cloud.pubsublite.internal.wire.FlowControlBatcherTest
[INFO] Tests run: 5, Failures: 0, Errors: 0, Skipped: 0, Time elapsed: 0.001 s - in com.google.cloud.pubsublite.internal.wire.FlowControlBatcherTest
[INFO] Running com.google.cloud.pubsublite.internal.wire.AssignerBuilderTest
Jan 07, 2023 1:04:46 AM com.google.cloud.pubsublite.internal.wire.AssignerBuilder$Builder build
INFO: Subscription projects/3/locations/us-central1-a/subscriptions/abc using UUID 5a8e69f0-5d44-42b0-8a70-15db0754c3c1 for assignment.
[INFO] Tests run: 1, Failures: 0, Errors: 0, Skipped: 0, Time elapsed: 0.003 s - in com.google.cloud.pubsublite.internal.wire.AssignerBuilderTest
[INFO] Running com.google.cloud.pubsublite.internal.wire.CommitterBuilderTest
[INFO] Tests run: 1, Failures: 0, Errors: 0, Skipped: 0, Time elapsed: 0 s - in com.google.cloud.pubsublite.internal.wire.CommitterBuilderTest
[INFO] Running com.google.cloud.pubsublite.internal.wire.BatchPublisherImplTest
[INFO] Tests run: 7, Failures: 0, Errors: 0, Skipped: 0, Time elapsed: 0.033 s - in com.google.cloud.pubsublite.internal.wire.BatchPublisherImplTest
[INFO] Running com.google.cloud.pubsublite.internal.wire.PublisherBuilderTest
[INFO] Tests run: 1, Failures: 0, Errors: 0, Skipped: 0, Time elapsed: 0 s - in com.google.cloud.pubsublite.internal.wire.PublisherBuilderTest
[INFO] Running com.google.cloud.pubsublite.internal.wire.SinglePartitionPublisherTest
[INFO] Tests run: 1, Failures: 0, Errors: 0, Skipped: 0, Time elapsed: 0.025 s - in com.google.cloud.pubsublite.internal.wire.SinglePartitionPublisherTest
[INFO] Running com.google.cloud.pubsublite.internal.wire.CommitterImplTest
[INFO] Tests run: 5, Failures: 0, Errors: 0, Skipped: 0, Time elapsed: 0.131 s - in com.google.cloud.pubsublite.internal.wire.CommitterImplTest
[INFO] Running com.google.cloud.pubsublite.internal.wire.ConnectedSubscriberImplTest
Jan 07, 2023 1:04:46 AM com.google.cloud.pubsublite.internal.wire.ConnectedSubscriberImpl onMessages
INFO: Dropping 1 messages due to outstanding seek on stream with initial request initial {
  subscription: "projects/12345/locations/us-east1-a/subscriptions/some_subscription"
  partition: 1024
}
.
Jan 07, 2023 1:04:46 AM io.grpc.internal.SerializeReentrantCallsDirectExecutor execute
SEVERE: Exception while executing runnable io.grpc.internal.ServerImpl$JumpToApplicationThreadServerStreamListener$1MessagesAvailable@acfadee
Wanted but not invoked:
streamObserver.onError(
    <Status exception matcher>
);
-> at com.google.cloud.pubsublite.internal.wire.ConnectedSubscriberImplTest.lambda$AnswerWith$2(ConnectedSubscriberImplTest.java:169)

However, there was exactly 1 interaction with this mock:
streamObserver.onNext(
    initial {
  subscription: "projects/12345/locations/us-east1-a/subscriptions/some_subscription"
  partition: 1024
}

);
-> at io.grpc.stub.ServerCalls$StreamingServerCallHandler$StreamingServerCallListener.onMessage(ServerCalls.java:249)


	at com.google.cloud.pubsublite.internal.wire.ConnectedSubscriberImplTest.lambda$AnswerWith$2(ConnectedSubscriberImplTest.java:169)
	at io.grpc.stub.ServerCalls$StreamingServerCallHandler$StreamingServerCallListener.onMessage(ServerCalls.java:249)
	at io.grpc.internal.ServerCallImpl$ServerStreamListenerImpl.messagesAvailableInternal(ServerCallImpl.java:309)
	at io.grpc.internal.ServerCallImpl$ServerStreamListenerImpl.messagesAvailable(ServerCallImpl.java:292)
	at io.grpc.internal.ServerImpl$JumpToApplicationThreadServerStreamListener$1MessagesAvailable.runInContext(ServerImpl.java:782)
	at io.grpc.internal.ContextRunnable.run(ContextRunnable.java:37)
	at io.grpc.internal.SerializeReentrantCallsDirectExecutor.execute(SerializeReentrantCallsDirectExecutor.java:49)
	at io.grpc.internal.ServerImpl$JumpToApplicationThreadServerStreamListener.messagesAvailable(ServerImpl.java:793)
	at io.grpc.inprocess.InProcessTransport$InProcessStream$InProcessClientStream.writeMessage(InProcessTransport.java:734)
	at io.grpc.internal.ForwardingClientStream.writeMessage(ForwardingClientStream.java:37)
	at io.grpc.internal.ClientCallImpl.sendMessageInternal(ClientCallImpl.java:523)
	at io.grpc.internal.ClientCallImpl.sendMessage(ClientCallImpl.java:507)
	at io.grpc.stub.ClientCalls$CallToStreamObserverAdapter.onNext(ClientCalls.java:364)
	at com.google.cloud.pubsublite.internal.wire.SingleConnection.initialize(SingleConnection.java:62)
	at com.google.cloud.pubsublite.internal.wire.ConnectedSubscriberImpl.<init>(ConnectedSubscriberImpl.java:68)
	at com.google.cloud.pubsublite.internal.wire.ConnectedSubscriberImpl.<init>(ConnectedSubscriberImpl.java:40)
	at com.google.cloud.pubsublite.internal.wire.ConnectedSubscriberImpl$Factory.New(ConnectedSubscriberImpl.java:58)
	at com.google.cloud.pubsublite.internal.wire.ConnectedSubscriberImplTest.construct_SendsInitialThenError(ConnectedSubscriberImplTest.java:191)
	at java.base/jdk.internal.reflect.NativeMethodAccessorImpl.invoke0(Native Method)
	at java.base/jdk.internal.reflect.NativeMethodAccessorImpl.invoke(NativeMethodAccessorImpl.java:62)
	at java.base/jdk.internal.reflect.DelegatingMethodAccessorImpl.invoke(DelegatingMethodAccessorImpl.java:43)
	at java.base/java.lang.reflect.Method.invoke(Method.java:566)
	at org.junit.runners.model.FrameworkMethod$1.runReflectiveCall(FrameworkMethod.java:59)
	at org.junit.internal.runners.model.ReflectiveCallable.run(ReflectiveCallable.java:12)
	at org.junit.runners.model.FrameworkMethod.invokeExplosively(FrameworkMethod.java:56)
	at org.junit.internal.runners.statements.InvokeMethod.evaluate(InvokeMethod.java:17)
	at org.junit.internal.runners.statements.RunBefores.evaluate(RunBefores.java:26)
	at org.junit.internal.runners.statements.RunAfters.evaluate(RunAfters.java:27)
	at io.grpc.testing.GrpcCleanupRule$1.evaluate(GrpcCleanupRule.java:125)
	at org.junit.runners.ParentRunner$3.evaluate(ParentRunner.java:306)
	at org.junit.runners.BlockJUnit4ClassRunner$1.evaluate(BlockJUnit4ClassRunner.java:100)
	at org.junit.runners.ParentRunner.runLeaf(ParentRunner.java:366)
	at org.junit.runners.BlockJUnit4ClassRunner.runChild(BlockJUnit4ClassRunner.java:103)
	at org.junit.runners.BlockJUnit4ClassRunner.runChild(BlockJUnit4ClassRunner.java:63)
	at org.junit.runners.ParentRunner$4.run(ParentRunner.java:331)
	at org.junit.runners.ParentRunner$1.schedule(ParentRunner.java:79)
	at org.junit.runners.ParentRunner.runChildren(ParentRunner.java:329)
	at org.junit.runners.ParentRunner.access$100(ParentRunner.java:66)
	at org.junit.runners.ParentRunner$2.evaluate(ParentRunner.java:293)
	at org.junit.runners.ParentRunner$3.evaluate(ParentRunner.java:306)
	at org.junit.runners.ParentRunner.run(ParentRunner.java:413)
	at org.junit.runners.Suite.runChild(Suite.java:128)
	at org.junit.runners.Suite.runChild(Suite.java:27)
	at org.junit.runners.ParentRunner$4.run(ParentRunner.java:331)
	at org.junit.runners.ParentRunner$1.schedule(ParentRunner.java:79)
	at org.junit.runners.ParentRunner.runChildren(ParentRunner.java:329)
	at org.junit.runners.ParentRunner.access$100(ParentRunner.java:66)
	at org.junit.runners.ParentRunner$2.evaluate(ParentRunner.java:293)
	at org.junit.runners.ParentRunner$3.evaluate(ParentRunner.java:306)
	at org.junit.runners.ParentRunner.run(ParentRunner.java:413)
	at org.apache.maven.surefire.junitcore.JUnitCore.run(JUnitCore.java:55)
	at org.apache.maven.surefire.junitcore.JUnitCoreWrapper.createRequestAndRun(JUnitCoreWrapper.java:137)
	at org.apache.maven.surefire.junitcore.JUnitCoreWrapper.executeEager(JUnitCoreWrapper.java:107)
	at org.apache.maven.surefire.junitcore.JUnitCoreWrapper.execute(JUnitCoreWrapper.java:83)
	at org.apache.maven.surefire.junitcore.JUnitCoreWrapper.execute(JUnitCoreWrapper.java:75)
	at org.apache.maven.surefire.junitcore.JUnitCoreProvider.invoke(JUnitCoreProvider.java:157)
	at org.apache.maven.surefire.booter.ForkedBooter.runSuitesInProcess(ForkedBooter.java:428)
	at org.apache.maven.surefire.booter.ForkedBooter.execute(ForkedBooter.java:162)
	at org.apache.maven.surefire.booter.ForkedBooter.run(ForkedBooter.java:562)
	at org.apache.maven.surefire.booter.ForkedBooter.main(ForkedBooter.java:548)

[INFO] Tests run: 17, Failures: 0, Errors: 0, Skipped: 0, Time elapsed: 0.071 s - in com.google.cloud.pubsublite.internal.wire.ConnectedSubscriberImplTest
[INFO] Running com.google.cloud.pubsublite.internal.wire.PublisherImplTest
[INFO] Tests run: 8, Failures: 0, Errors: 0, Skipped: 0, Time elapsed: 0.556 s - in com.google.cloud.pubsublite.internal.wire.PublisherImplTest
[INFO] Running com.google.cloud.pubsublite.internal.wire.AssignerImplTest
[INFO] Tests run: 3, Failures: 0, Errors: 0, Skipped: 0, Time elapsed: 0.029 s - in com.google.cloud.pubsublite.internal.wire.AssignerImplTest
[INFO] 
[INFO] Results:
[INFO] 
[INFO] Tests run: 228, Failures: 0, Errors: 0, Skipped: 0
[INFO] 
[INFO] 
[INFO] --- jacoco-maven-plugin:0.8.6:report (report) @ google-cloud-pubsublite ---
[INFO] Loading execution data file /home/gabsko/breaking-updates/google-cloud-pubsublite/target/jacoco.exec
[INFO] Analyzed bundle 'Google Cloud Pub/Sub Lite' with 270 classes
[INFO] 
[INFO] ---------------< com.google.cloud:pubsublite-kafka-shim >---------------
[INFO] Building Pub/Sub Lite Kafka Shim 0.5.1-SNAPSHOT                    [5/6]
[INFO] --------------------------------[ jar ]---------------------------------
[INFO] 
[INFO] --- maven-clean-plugin:2.5:clean (default-clean) @ pubsublite-kafka-shim ---
[INFO] Deleting /home/gabsko/breaking-updates/pubsublite-kafka-shim/target
[INFO] 
[INFO] --- maven-enforcer-plugin:3.0.0-M3:enforce (enforce) @ pubsublite-kafka-shim ---
[INFO] Adding ignore: module-info
[INFO] Adding ignore: META-INF/versions/*/module-info
[INFO] 
[INFO] --- maven-checkstyle-plugin:3.1.1:check (checkstyle) @ pubsublite-kafka-shim ---
[INFO] Starting audit...
Audit done.
[INFO] You have 0 Checkstyle violations.
[INFO] 
[INFO] --- jacoco-maven-plugin:0.8.6:prepare-agent (default) @ pubsublite-kafka-shim ---
[INFO] argLine set to -javaagent:/home/gabsko/.m2/repository/org/jacoco/org.jacoco.agent/0.8.6/org.jacoco.agent-0.8.6-runtime.jar=destfile=/home/gabsko/breaking-updates/pubsublite-kafka-shim/target/jacoco.exec
[INFO] 
[INFO] --- build-helper-maven-plugin:3.2.0:add-resource (add-main-proto-resources) @ pubsublite-kafka-shim ---
[INFO] 
[INFO] --- maven-resources-plugin:2.6:resources (default-resources) @ pubsublite-kafka-shim ---
[INFO] Using 'UTF-8' encoding to copy filtered resources.
[INFO] skip non existing resourceDirectory /home/gabsko/breaking-updates/pubsublite-kafka-shim/src/main/resources
[INFO] skip non existing resourceDirectory /home/gabsko/breaking-updates/pubsublite-kafka-shim/src/main/proto
[INFO] 
[INFO] --- maven-compiler-plugin:3.8.1:compile (default-compile) @ pubsublite-kafka-shim ---
[INFO] Changes detected - recompiling the module!
[INFO] Compiling 14 source files to /home/gabsko/breaking-updates/pubsublite-kafka-shim/target/classes
[WARNING] bootstrap class path not set in conjunction with -source 8
[WARNING] /home/gabsko/breaking-updates/pubsublite-kafka-shim/src/main/java/com/google/cloud/pubsublite/kafka/PubsubLiteConsumer.java:[505,15] close(long,java.util.concurrent.TimeUnit) in org.apache.kafka.clients.consumer.Consumer has been deprecated
[WARNING] /home/gabsko/breaking-updates/pubsublite-kafka-shim/src/main/java/com/google/cloud/pubsublite/kafka/PubsubLiteConsumer.java:[399,28] committed(org.apache.kafka.common.TopicPartition,java.time.Duration) in org.apache.kafka.clients.consumer.Consumer has been deprecated
[WARNING] /home/gabsko/breaking-updates/pubsublite-kafka-shim/src/main/java/com/google/cloud/pubsublite/kafka/PubsubLiteConsumer.java:[394,28] committed(org.apache.kafka.common.TopicPartition) in org.apache.kafka.clients.consumer.Consumer has been deprecated
[WARNING] /home/gabsko/breaking-updates/pubsublite-kafka-shim/src/main/java/com/google/cloud/pubsublite/kafka/PubsubLiteConsumer.java:[241,42] poll(long) in org.apache.kafka.clients.consumer.Consumer has been deprecated
[WARNING] /home/gabsko/breaking-updates/pubsublite-kafka-shim/src/main/java/com/google/cloud/pubsublite/kafka/PubsubLiteConsumer.java:[284,15] <V>addCallback(com.google.api.core.ApiFuture<V>,com.google.api.core.ApiFutureCallback<? super V>) in com.google.api.core.ApiFutures has been deprecated
[WARNING] /home/gabsko/breaking-updates/pubsublite-kafka-shim/src/main/java/com/google/cloud/pubsublite/kafka/PubsubLiteConsumer.java:[315,15] <V>addCallback(com.google.api.core.ApiFuture<V>,com.google.api.core.ApiFutureCallback<? super V>) in com.google.api.core.ApiFutures has been deprecated
[INFO] 
[INFO] --- build-helper-maven-plugin:3.2.0:add-test-resource (add-test-proto-resources) @ pubsublite-kafka-shim ---
[INFO] 
[INFO] --- maven-resources-plugin:2.6:testResources (default-testResources) @ pubsublite-kafka-shim ---
[INFO] Using 'UTF-8' encoding to copy filtered resources.
[INFO] skip non existing resourceDirectory /home/gabsko/breaking-updates/pubsublite-kafka-shim/src/test/resources
[INFO] skip non existing resourceDirectory /home/gabsko/breaking-updates/pubsublite-kafka-shim/src/test/proto
[INFO] 
[INFO] --- maven-compiler-plugin:3.8.1:testCompile (default-testCompile) @ pubsublite-kafka-shim ---
[INFO] Changes detected - recompiling the module!
[INFO] Compiling 6 source files to /home/gabsko/breaking-updates/pubsublite-kafka-shim/target/test-classes
[WARNING] bootstrap class path not set in conjunction with -source 8
[WARNING] /home/gabsko/breaking-updates/pubsublite-kafka-shim/src/test/java/com/google/cloud/pubsublite/kafka/SingleSubscriptionConsumerImplTest.java:[89,5] initMocks(java.lang.Object) in org.mockito.MockitoAnnotations has been deprecated
[WARNING] /home/gabsko/breaking-updates/pubsublite-kafka-shim/src/test/java/com/google/cloud/pubsublite/kafka/PubsubLiteProducerTest.java:[73,23] initMocks(java.lang.Object) in org.mockito.MockitoAnnotations has been deprecated
[WARNING] /home/gabsko/breaking-updates/pubsublite-kafka-shim/src/test/java/com/google/cloud/pubsublite/kafka/PubsubLiteConsumerTest.java:[109,5] initMocks(java.lang.Object) in org.mockito.MockitoAnnotations has been deprecated
[WARNING] /home/gabsko/breaking-updates/pubsublite-kafka-shim/src/test/java/com/google/cloud/pubsublite/kafka/PubsubLiteConsumerTest.java:[186,69] committed(org.apache.kafka.common.TopicPartition) in org.apache.kafka.clients.consumer.Consumer has been deprecated
[WARNING] /home/gabsko/breaking-updates/pubsublite-kafka-shim/src/test/java/com/google/cloud/pubsublite/kafka/PubsubLiteConsumerTest.java:[187,69] committed(org.apache.kafka.common.TopicPartition,java.time.Duration) in org.apache.kafka.clients.consumer.Consumer has been deprecated
[WARNING] /home/gabsko/breaking-updates/pubsublite-kafka-shim/src/test/java/com/google/cloud/pubsublite/kafka/PubsubLiteConsumerTest.java:[229,61] poll(long) in org.apache.kafka.clients.consumer.Consumer has been deprecated
[WARNING] /home/gabsko/breaking-updates/pubsublite-kafka-shim/src/test/java/com/google/cloud/pubsublite/kafka/PubsubLiteConsumerTest.java:[337,55] poll(long) in org.apache.kafka.clients.consumer.Consumer has been deprecated
[INFO] 
[INFO] --- maven-surefire-plugin:3.0.0-M5:test (default-test) @ pubsublite-kafka-shim ---
[INFO] 
[INFO] -------------------------------------------------------
[INFO]  T E S T S
[INFO] -------------------------------------------------------
[INFO] Running com.google.cloud.pubsublite.kafka.PubsubLiteProducerTest
[INFO] Tests run: 9, Failures: 0, Errors: 0, Skipped: 0, Time elapsed: 1.014 s - in com.google.cloud.pubsublite.kafka.PubsubLiteProducerTest
[INFO] Running com.google.cloud.pubsublite.kafka.SharedBehaviorTest
[INFO] Tests run: 1, Failures: 0, Errors: 0, Skipped: 0, Time elapsed: 0.001 s - in com.google.cloud.pubsublite.kafka.SharedBehaviorTest
[INFO] Running com.google.cloud.pubsublite.kafka.RecordTransformsTest
[INFO] Tests run: 2, Failures: 0, Errors: 0, Skipped: 0, Time elapsed: 0.051 s - in com.google.cloud.pubsublite.kafka.RecordTransformsTest
[INFO] Running com.google.cloud.pubsublite.kafka.PubsubLiteConsumerTest
Jan 07, 2023 1:04:50 AM com.google.cloud.pubsublite.kafka.PubsubLiteConsumer pause
WARNING: Calling pause on a Pub/Sub Lite Consumer is a no-op. Configure the amount of outstanding bytes and messages instead.
Jan 07, 2023 1:04:50 AM com.google.cloud.pubsublite.kafka.PubsubLiteConsumer resume
WARNING: Calling resume on a Pub/Sub Lite Consumer is a no-op. Configure the amount of outstanding bytes and messages instead.
[INFO] Tests run: 11, Failures: 0, Errors: 0, Skipped: 0, Time elapsed: 0.206 s - in com.google.cloud.pubsublite.kafka.PubsubLiteConsumerTest
[INFO] Running com.google.cloud.pubsublite.kafka.SingleSubscriptionConsumerImplTest
[INFO] Tests run: 10, Failures: 0, Errors: 0, Skipped: 0, Time elapsed: 0.172 s - in com.google.cloud.pubsublite.kafka.SingleSubscriptionConsumerImplTest
[INFO] 
[INFO] Results:
[INFO] 
[INFO] Tests run: 33, Failures: 0, Errors: 0, Skipped: 0
[INFO] 
[INFO] 
[INFO] --- jacoco-maven-plugin:0.8.6:report (report) @ pubsublite-kafka-shim ---
[INFO] Loading execution data file /home/gabsko/breaking-updates/pubsublite-kafka-shim/target/jacoco.exec
[INFO] Analyzed bundle 'Pub/Sub Lite Kafka Shim' with 24 classes
[INFO] 
[INFO] ----------------< com.google.cloud:pubsublite-beam-io >-----------------
[INFO] Building Pub/Sub Lite IO 0.5.1-SNAPSHOT                            [6/6]
[INFO] --------------------------------[ jar ]---------------------------------
[INFO] 
[INFO] --- maven-clean-plugin:2.5:clean (default-clean) @ pubsublite-beam-io ---
[INFO] Deleting /home/gabsko/breaking-updates/pubsublite-beam-io/target
[INFO] 
[INFO] --- maven-enforcer-plugin:3.0.0-M3:enforce (enforce) @ pubsublite-beam-io ---
[INFO] Adding ignore: module-info
[INFO] Adding ignore: META-INF/versions/*/module-info
[INFO] 
[INFO] --- maven-checkstyle-plugin:3.1.1:check (checkstyle) @ pubsublite-beam-io ---
[INFO] Starting audit...
Audit done.
[INFO] You have 0 Checkstyle violations.
[INFO] 
[INFO] --- jacoco-maven-plugin:0.8.6:prepare-agent (default) @ pubsublite-beam-io ---
[INFO] argLine set to -javaagent:/home/gabsko/.m2/repository/org/jacoco/org.jacoco.agent/0.8.6/org.jacoco.agent-0.8.6-runtime.jar=destfile=/home/gabsko/breaking-updates/pubsublite-beam-io/target/jacoco.exec
[INFO] 
[INFO] --- fmt-maven-plugin:2.9:format (default) @ pubsublite-beam-io ---
[INFO] Processed 38 files (0 reformatted).
[INFO] 
[INFO] --- build-helper-maven-plugin:3.2.0:add-resource (add-main-proto-resources) @ pubsublite-beam-io ---
[INFO] 
[INFO] --- maven-resources-plugin:2.6:resources (default-resources) @ pubsublite-beam-io ---
[INFO] Using 'UTF-8' encoding to copy filtered resources.
[INFO] skip non existing resourceDirectory /home/gabsko/breaking-updates/pubsublite-beam-io/src/main/resources
[INFO] skip non existing resourceDirectory /home/gabsko/breaking-updates/pubsublite-beam-io/src/main/proto
[INFO] 
[INFO] --- maven-compiler-plugin:3.8.1:compile (default-compile) @ pubsublite-beam-io ---
[INFO] Changes detected - recompiling the module!
[INFO] Compiling 29 source files to /home/gabsko/breaking-updates/pubsublite-beam-io/target/classes
[WARNING] bootstrap class path not set in conjunction with -source 8
[WARNING] /home/gabsko/breaking-updates/pubsublite-beam-io/src/main/java/com/google/cloud/pubsublite/beam/AddUuidsTransform.java:[24,38] org.apache.beam.sdk.transforms.Reshuffle in org.apache.beam.sdk.transforms has been deprecated
[WARNING] /home/gabsko/breaking-updates/pubsublite-beam-io/src/main/java/com/google/cloud/pubsublite/beam/AddUuidsTransform.java:[24,38] org.apache.beam.sdk.transforms.Reshuffle in org.apache.beam.sdk.transforms has been deprecated
[WARNING] /home/gabsko/breaking-updates/pubsublite-beam-io/src/main/java/com/google/cloud/pubsublite/beam/AddUuidsTransform.java:[24,38] org.apache.beam.sdk.transforms.Reshuffle in org.apache.beam.sdk.transforms has been deprecated
[WARNING] /home/gabsko/breaking-updates/pubsublite-beam-io/src/main/java/com/google/cloud/pubsublite/beam/AddUuidsTransform.java:[24,38] org.apache.beam.sdk.transforms.Reshuffle in org.apache.beam.sdk.transforms has been deprecated
[WARNING] /home/gabsko/breaking-updates/pubsublite-beam-io/src/main/java/com/google/cloud/pubsublite/beam/AddUuidsTransform.java:[47,48] org.apache.beam.sdk.transforms.Reshuffle in org.apache.beam.sdk.transforms has been deprecated
[INFO] 
[INFO] --- build-helper-maven-plugin:3.2.0:add-test-resource (add-test-proto-resources) @ pubsublite-beam-io ---
[INFO] 
[INFO] --- maven-resources-plugin:2.6:testResources (default-testResources) @ pubsublite-beam-io ---
[INFO] Using 'UTF-8' encoding to copy filtered resources.
[INFO] skip non existing resourceDirectory /home/gabsko/breaking-updates/pubsublite-beam-io/src/test/resources
[INFO] skip non existing resourceDirectory /home/gabsko/breaking-updates/pubsublite-beam-io/src/test/proto
[INFO] 
[INFO] --- maven-compiler-plugin:3.8.1:testCompile (default-testCompile) @ pubsublite-beam-io ---
[INFO] Changes detected - recompiling the module!
[INFO] Compiling 9 source files to /home/gabsko/breaking-updates/pubsublite-beam-io/target/test-classes
[WARNING] bootstrap class path not set in conjunction with -source 8
[WARNING] /home/gabsko/breaking-updates/pubsublite-beam-io/src/test/java/com/google/cloud/pubsublite/beam/OffsetCheckpointMarkTest.java:[45,23] initMocks(java.lang.Object) in org.mockito.MockitoAnnotations has been deprecated
[WARNING] /home/gabsko/breaking-updates/pubsublite-beam-io/src/test/java/com/google/cloud/pubsublite/beam/OffsetCheckpointMarkTest.java:[74,5] verifyZeroInteractions(java.lang.Object...) in org.mockito.Mockito has been deprecated
[WARNING] /home/gabsko/breaking-updates/pubsublite-beam-io/src/test/java/com/google/cloud/pubsublite/beam/PubsubLiteSinkTest.java:[109,23] initMocks(java.lang.Object) in org.mockito.MockitoAnnotations has been deprecated
[WARNING] /home/gabsko/breaking-updates/pubsublite-beam-io/src/test/java/com/google/cloud/pubsublite/beam/PubsubLiteUnboundedReaderTest.java:[113,23] initMocks(java.lang.Object) in org.mockito.MockitoAnnotations has been deprecated
[WARNING] /home/gabsko/breaking-updates/pubsublite-beam-io/src/test/java/com/google/cloud/pubsublite/beam/PubsubLiteUnboundedReaderTest.java:[171,10] unchecked generic array creation for varargs parameter of type com.google.cloud.pubsublite.internal.PullSubscriber<com.google.cloud.pubsublite.SequencedMessage>[]
[WARNING] /home/gabsko/breaking-updates/pubsublite-beam-io/src/test/java/com/google/cloud/pubsublite/beam/PubsubLiteUnboundedReaderTest.java:[273,20] unchecked generic array creation for varargs parameter of type com.google.api.core.ApiFuture<com.google.cloud.pubsublite.proto.ComputeMessageStatsResponse>[]
[WARNING] /home/gabsko/breaking-updates/pubsublite-beam-io/src/test/java/com/google/cloud/pubsublite/beam/PubsubLiteUnboundedReaderTest.java:[288,20] unchecked generic array creation for varargs parameter of type com.google.api.core.ApiFuture<com.google.cloud.pubsublite.proto.ComputeMessageStatsResponse>[]
[INFO] 
[INFO] --- maven-surefire-plugin:3.0.0-M5:test (default-test) @ pubsublite-beam-io ---
[INFO] 
[INFO] -------------------------------------------------------
[INFO]  T E S T S
[INFO] -------------------------------------------------------
[INFO] Running com.google.cloud.pubsublite.beam.OffsetCheckpointMarkTest
[INFO] Tests run: 2, Failures: 0, Errors: 0, Skipped: 0, Time elapsed: 0.611 s - in com.google.cloud.pubsublite.beam.OffsetCheckpointMarkTest
[INFO] Running com.google.cloud.pubsublite.beam.TopicBacklogReaderImplTest
[INFO] Tests run: 4, Failures: 0, Errors: 0, Skipped: 0, Time elapsed: 0.138 s - in com.google.cloud.pubsublite.beam.TopicBacklogReaderImplTest
[INFO] Running com.google.cloud.pubsublite.beam.PubsubLiteUnboundedReaderTest
Jan 07, 2023 1:04:53 AM com.google.common.cache.LocalCache$Segment$1 run
WARNING: Exception thrown during refresh
java.util.concurrent.ExecutionException: java.util.concurrent.ExecutionException: io.grpc.StatusException: UNAVAILABLE
	at com.google.common.util.concurrent.AbstractFuture.getDoneValue(AbstractFuture.java:566)
	at com.google.common.util.concurrent.AbstractFuture.get(AbstractFuture.java:527)
	at com.google.common.util.concurrent.AbstractFuture$TrustedFuture.get(AbstractFuture.java:104)
	at com.google.common.util.concurrent.Uninterruptibles.getUninterruptibly(Uninterruptibles.java:201)
	at com.google.common.cache.LocalCache$Segment.getAndRecordStats(LocalCache.java:2229)
	at com.google.common.cache.LocalCache$Segment$1.run(LocalCache.java:2209)
	at com.google.common.util.concurrent.DirectExecutor.execute(DirectExecutor.java:30)
	at com.google.common.util.concurrent.AbstractFuture.executeListener(AbstractFuture.java:1215)
	at com.google.common.util.concurrent.AbstractFuture.addListener(AbstractFuture.java:724)
	at com.google.common.util.concurrent.AbstractFuture$TrustedFuture.addListener(AbstractFuture.java:126)
	at com.google.common.cache.LocalCache$Segment.loadAsync(LocalCache.java:2204)
	at com.google.common.cache.LocalCache$Segment.refresh(LocalCache.java:2276)
	at com.google.common.cache.LocalCache$Segment.scheduleRefresh(LocalCache.java:2254)
	at com.google.common.cache.LocalCache$Segment.get(LocalCache.java:2033)
	at com.google.common.cache.LocalCache.get(LocalCache.java:3849)
	at com.google.common.cache.LocalCache.getOrLoad(LocalCache.java:3873)
	at com.google.common.cache.LocalCache$LocalLoadingCache.get(LocalCache.java:4775)
	at com.google.cloud.pubsublite.beam.PubsubLiteUnboundedReader.getSplitBacklogBytes(PubsubLiteUnboundedReader.java:302)
	at com.google.cloud.pubsublite.beam.PubsubLiteUnboundedReaderTest.splitBacklogBytes_oldValueExpiresAfterOneMinute(PubsubLiteUnboundedReaderTest.java:294)
	at java.base/jdk.internal.reflect.NativeMethodAccessorImpl.invoke0(Native Method)
	at java.base/jdk.internal.reflect.NativeMethodAccessorImpl.invoke(NativeMethodAccessorImpl.java:62)
	at java.base/jdk.internal.reflect.DelegatingMethodAccessorImpl.invoke(DelegatingMethodAccessorImpl.java:43)
	at java.base/java.lang.reflect.Method.invoke(Method.java:566)
	at org.junit.runners.model.FrameworkMethod$1.runReflectiveCall(FrameworkMethod.java:59)
	at org.junit.internal.runners.model.ReflectiveCallable.run(ReflectiveCallable.java:12)
	at org.junit.runners.model.FrameworkMethod.invokeExplosively(FrameworkMethod.java:56)
	at org.junit.internal.runners.statements.InvokeMethod.evaluate(InvokeMethod.java:17)
	at org.junit.runners.ParentRunner$3.evaluate(ParentRunner.java:306)
	at org.junit.runners.BlockJUnit4ClassRunner$1.evaluate(BlockJUnit4ClassRunner.java:100)
	at org.junit.runners.ParentRunner.runLeaf(ParentRunner.java:366)
	at org.junit.runners.BlockJUnit4ClassRunner.runChild(BlockJUnit4ClassRunner.java:103)
	at org.junit.runners.BlockJUnit4ClassRunner.runChild(BlockJUnit4ClassRunner.java:63)
	at org.junit.runners.ParentRunner$4.run(ParentRunner.java:331)
	at org.junit.runners.ParentRunner$1.schedule(ParentRunner.java:79)
	at org.junit.runners.ParentRunner.runChildren(ParentRunner.java:329)
	at org.junit.runners.ParentRunner.access$100(ParentRunner.java:66)
	at org.junit.runners.ParentRunner$2.evaluate(ParentRunner.java:293)
	at org.junit.runners.ParentRunner$3.evaluate(ParentRunner.java:306)
	at org.junit.runners.ParentRunner.run(ParentRunner.java:413)
	at org.junit.runners.Suite.runChild(Suite.java:128)
	at org.junit.runners.Suite.runChild(Suite.java:27)
	at org.junit.runners.ParentRunner$4.run(ParentRunner.java:331)
	at org.junit.runners.ParentRunner$1.schedule(ParentRunner.java:79)
	at org.junit.runners.ParentRunner.runChildren(ParentRunner.java:329)
	at org.junit.runners.ParentRunner.access$100(ParentRunner.java:66)
	at org.junit.runners.ParentRunner$2.evaluate(ParentRunner.java:293)
	at org.junit.runners.ParentRunner$3.evaluate(ParentRunner.java:306)
	at org.junit.runners.ParentRunner.run(ParentRunner.java:413)
	at org.apache.maven.surefire.junitcore.JUnitCore.run(JUnitCore.java:55)
	at org.apache.maven.surefire.junitcore.JUnitCoreWrapper.createRequestAndRun(JUnitCoreWrapper.java:137)
	at org.apache.maven.surefire.junitcore.JUnitCoreWrapper.executeEager(JUnitCoreWrapper.java:107)
	at org.apache.maven.surefire.junitcore.JUnitCoreWrapper.execute(JUnitCoreWrapper.java:83)
	at org.apache.maven.surefire.junitcore.JUnitCoreWrapper.execute(JUnitCoreWrapper.java:75)
	at org.apache.maven.surefire.junitcore.JUnitCoreProvider.invoke(JUnitCoreProvider.java:157)
	at org.apache.maven.surefire.booter.ForkedBooter.runSuitesInProcess(ForkedBooter.java:428)
	at org.apache.maven.surefire.booter.ForkedBooter.execute(ForkedBooter.java:162)
	at org.apache.maven.surefire.booter.ForkedBooter.run(ForkedBooter.java:562)
	at org.apache.maven.surefire.booter.ForkedBooter.main(ForkedBooter.java:548)
Caused by: java.util.concurrent.ExecutionException: io.grpc.StatusException: UNAVAILABLE
	at com.google.common.util.concurrent.AbstractFuture.getDoneValue(AbstractFuture.java:566)
	at com.google.common.util.concurrent.AbstractFuture.get(AbstractFuture.java:527)
	at com.google.common.util.concurrent.AbstractFuture$TrustedFuture.get(AbstractFuture.java:104)
	at com.google.common.util.concurrent.ForwardingFuture.get(ForwardingFuture.java:62)
	at com.google.cloud.pubsublite.beam.PubsubLiteUnboundedReader$1.load(PubsubLiteUnboundedReader.java:127)
	at com.google.cloud.pubsublite.beam.PubsubLiteUnboundedReader$1.load(PubsubLiteUnboundedReader.java:125)
	at com.google.common.cache.CacheLoader.reload(CacheLoader.java:100)
	at com.google.common.cache.LocalCache$LoadingValueReference.loadFuture(LocalCache.java:3448)
	at com.google.common.cache.LocalCache$Segment.loadAsync(LocalCache.java:2203)
	... 47 more
Caused by: io.grpc.StatusException: UNAVAILABLE
	at com.google.cloud.pubsublite.beam.PubsubLiteUnboundedReaderTest.splitBacklogBytes_oldValueExpiresAfterOneMinute(PubsubLiteUnboundedReaderTest.java:289)
	... 39 more

Jan 07, 2023 1:04:53 AM com.google.cloud.pubsublite.beam.PubsubLiteUnboundedReader getSplitBacklogBytes
WARNING: Failed to retrieve backlog information, reporting the backlog size as UNKNOWN: {} [ERROR: UNUSED LOG ARGUMENTS]
Jan 07, 2023 1:04:53 AM com.google.cloud.pubsublite.beam.PubsubLiteUnboundedReader getSplitBacklogBytes
WARNING: Failed to retrieve backlog information, reporting the backlog size as UNKNOWN: {} [ERROR: UNUSED LOG ARGUMENTS]
[INFO] Tests run: 12, Failures: 0, Errors: 0, Skipped: 0, Time elapsed: 0.457 s - in com.google.cloud.pubsublite.beam.PubsubLiteUnboundedReaderTest
[INFO] Running com.google.cloud.pubsublite.beam.SequencedMessageCoderTest
[INFO] Tests run: 1, Failures: 0, Errors: 0, Skipped: 0, Time elapsed: 0.159 s - in com.google.cloud.pubsublite.beam.SequencedMessageCoderTest
[INFO] Running com.google.cloud.pubsublite.beam.MessageCoderTest
[INFO] Tests run: 1, Failures: 0, Errors: 0, Skipped: 0, Time elapsed: 0 s - in com.google.cloud.pubsublite.beam.MessageCoderTest
[INFO] Running com.google.cloud.pubsublite.beam.AddUuidsTransformTest
SLF4J: Failed to load class "org.slf4j.impl.StaticLoggerBinder".
SLF4J: Defaulting to no-operation (NOP) logger implementation
SLF4J: See http://www.slf4j.org/codes.html#StaticLoggerBinder for further details.
[INFO] Tests run: 2, Failures: 0, Errors: 0, Skipped: 0, Time elapsed: 2.818 s - in com.google.cloud.pubsublite.beam.AddUuidsTransformTest
[INFO] Running com.google.cloud.pubsublite.beam.UuidDeduplicationTransformTest
[INFO] Tests run: 4, Failures: 0, Errors: 0, Skipped: 0, Time elapsed: 0.982 s - in com.google.cloud.pubsublite.beam.UuidDeduplicationTransformTest
[INFO] Running com.google.cloud.pubsublite.beam.PubsubLiteSinkTest
[INFO] Tests run: 5, Failures: 0, Errors: 0, Skipped: 0, Time elapsed: 0.441 s - in com.google.cloud.pubsublite.beam.PubsubLiteSinkTest
[INFO] 
[INFO] Results:
[INFO] 
[INFO] Tests run: 31, Failures: 0, Errors: 0, Skipped: 0
[INFO] 
[INFO] 
[INFO] --- jacoco-maven-plugin:0.8.6:report (report) @ pubsublite-beam-io ---
[INFO] Loading execution data file /home/gabsko/breaking-updates/pubsublite-beam-io/target/jacoco.exec
[INFO] Analyzed bundle 'Pub/Sub Lite IO' with 56 classes
[INFO] ------------------------------------------------------------------------
[INFO] Reactor Summary for Google Cloud Pub/Sub Lite Parent 0.5.1-SNAPSHOT:
[INFO] 
[INFO] Google Cloud Pub/Sub Lite Parent ................... SUCCESS [  1.585 s]
[INFO] proto-google-cloud-pubsublite-v1 ................... SUCCESS [  6.919 s]
[INFO] grpc-google-cloud-pubsublite-v1 .................... SUCCESS [  0.790 s]
[INFO] Google Cloud Pub/Sub Lite .......................... SUCCESS [ 16.509 s]
[INFO] Pub/Sub Lite Kafka Shim ............................ SUCCESS [  2.981 s]
[INFO] Pub/Sub Lite IO .................................... SUCCESS [  7.587 s]
[INFO] ------------------------------------------------------------------------
[INFO] BUILD SUCCESS
[INFO] ------------------------------------------------------------------------
[INFO] Total time:  36.828 s
[INFO] Finished at: 2023-01-07T01:04:58Z
[INFO] ------------------------------------------------------------------------
