[INFO] Scanning for projects...
[INFO] 
[INFO] ----------< io.github.pmckeown:dependency-track-maven-plugin >----------
[INFO] Building Dependency Track Maven Plugin 1.1.3-SNAPSHOT
[INFO] ----------------------------[ maven-plugin ]----------------------------
[INFO] 
[INFO] --- maven-clean-plugin:3.2.0:clean (default-clean) @ dependency-track-maven-plugin ---
[INFO] Deleting /home/gabsko/breaking-updates/target
[INFO] 
[INFO] --- maven-resources-plugin:3.2.0:copy-resources (copy-resources) @ dependency-track-maven-plugin ---
[INFO] Using 'UTF-8' encoding to copy filtered resources.
[INFO] Using 'UTF-8' encoding to copy filtered properties files.
[INFO] Copying 1 resource
[INFO] 
[INFO] --- jacoco-maven-plugin:0.8.8:prepare-agent (prepare-agent) @ dependency-track-maven-plugin ---
[INFO] argLine set to -javaagent:/home/gabsko/.m2/repository/org/jacoco/org.jacoco.agent/0.8.8/org.jacoco.agent-0.8.8-runtime.jar=destfile=/home/gabsko/breaking-updates/target/jacoco.exec,append=true
[INFO] 
[INFO] --- maven-resources-plugin:3.2.0:resources (default-resources) @ dependency-track-maven-plugin ---
[INFO] Using 'UTF-8' encoding to copy filtered resources.
[INFO] Using 'UTF-8' encoding to copy filtered properties files.
[INFO] Copying 1 resource
[INFO] 
[INFO] --- maven-compiler-plugin:3.10.1:compile (default-compile) @ dependency-track-maven-plugin ---
[INFO] Changes detected - recompiling the module!
[INFO] Compiling 50 source files to /home/gabsko/breaking-updates/target/classes
[INFO] 
[INFO] --- maven-plugin-plugin:3.6.4:descriptor (default-descriptor) @ dependency-track-maven-plugin ---
[INFO] Using 'UTF-8' encoding to read mojo source files.
[INFO] java-javadoc mojo extractor found 0 mojo descriptor.
[INFO] ant mojo extractor found 0 mojo descriptor.
[INFO] bsh mojo extractor found 0 mojo descriptor.
[INFO] java-annotations mojo extractor found 5 mojo descriptors.
[INFO] 
[INFO] --- maven-resources-plugin:3.2.0:testResources (default-testResources) @ dependency-track-maven-plugin ---
[INFO] Using 'UTF-8' encoding to copy filtered resources.
[INFO] Using 'UTF-8' encoding to copy filtered properties files.
[INFO] Copying 5 resources
[INFO] 
[INFO] --- maven-compiler-plugin:3.10.1:testCompile (default-testCompile) @ dependency-track-maven-plugin ---
[INFO] Changes detected - recompiling the module!
[INFO] Compiling 48 source files to /home/gabsko/breaking-updates/target/test-classes
[INFO] /home/gabsko/breaking-updates/src/test/java/io/github/pmckeown/dependencytrack/project/DeleteProjectActionTest.java: Some input files use or override a deprecated API.
[INFO] /home/gabsko/breaking-updates/src/test/java/io/github/pmckeown/dependencytrack/project/DeleteProjectActionTest.java: Recompile with -Xlint:deprecation for details.
[INFO] 
[INFO] --- maven-surefire-plugin:2.22.2:test (default-test) @ dependency-track-maven-plugin ---
[INFO] 
[INFO] -------------------------------------------------------
[INFO]  T E S T S
[INFO] -------------------------------------------------------
[INFO] Running io.github.pmckeown.dependencytrack.ThresholdsTest
[INFO] Tests run: 6, Failures: 0, Errors: 0, Skipped: 0, Time elapsed: 0.02 s - in io.github.pmckeown.dependencytrack.ThresholdsTest
[INFO] Running io.github.pmckeown.dependencytrack.ObjectMapperFactoryTest
[INFO] Tests run: 1, Failures: 0, Errors: 0, Skipped: 0, Time elapsed: 0.434 s - in io.github.pmckeown.dependencytrack.ObjectMapperFactoryTest
[INFO] Running io.github.pmckeown.dependencytrack.score.ScoreActionTest
[INFO] Tests run: 6, Failures: 0, Errors: 0, Skipped: 0, Time elapsed: 0.831 s - in io.github.pmckeown.dependencytrack.score.ScoreActionTest
[INFO] Running io.github.pmckeown.dependencytrack.score.ScoreMojoIntegrationTest
SLF4J: Failed to load class "org.slf4j.impl.StaticLoggerBinder".
SLF4J: Defaulting to no-operation (NOP) logger implementation
SLF4J: See http://www.slf4j.org/codes.html#StaticLoggerBinder for further details.
[info] ========================================================================
[info] Project: dependency-track, Version: 3.6.0-SNAPSHOT
[warn] Inherited Risk Score: 3
[info] ========================================================================
[error] Failed to determine score for: dependency-track-3.6.0-SNAPSHOT
[info] ========================================================================
[info] Project: dependency-track, Version: 3.6.0-SNAPSHOT
[warn] Inherited Risk Score: 3 - Maximum allowed Inherited Risk Score: 3
[info] ========================================================================
[info] Metrics not present, checking the server for more info
[info] Polling for metrics from the Dependency-Track server
[info] ========================================================================
[info] Project: noMetrics, Version: 1.0.0
[warn] Inherited Risk Score: 3
[info] ========================================================================
[info] ========================================================================
[info] Project: dependency-track, Version: 3.6.0-SNAPSHOT
[warn] Inherited Risk Score: 3 - Maximum allowed Inherited Risk Score: 1
[info] ========================================================================
[error] Failed to determine score for: dependency-track-3.6.0-SNAPSHOT
[info] dependency-track.skip = true: Skipping analysis.
[error] Failed to determine score for: dependency-track-3.6.0-SNAPSHOT
[info] ========================================================================
[info] Project: dependency-track, Version: 3.6.0-SNAPSHOT
[warn] Inherited Risk Score: 3 - Maximum allowed Inherited Risk Score: 999
[info] ========================================================================
[error] Failed to determine score for: dependency-track-3.6.0-SNAPSHOT
[info] Metrics not present, checking the server for more info
[info] Polling for metrics from the Dependency-Track server
[error] Call 'io.github.pmckeown.dependencytrack.metrics.MetricsAction$$Lambda$204/0x0000000840529c40@6bd0125a' failed after 1 tries!
[error] Failed to determine score for: noMetrics-1.0.0
[info] ========================================================================
[info] Project: dependency-track, Version: 3.6.0-SNAPSHOT
[warn] Inherited Risk Score: 3 - Maximum allowed Inherited Risk Score: 3
[info] ========================================================================
[INFO] Tests run: 12, Failures: 0, Errors: 0, Skipped: 0, Time elapsed: 3.897 s - in io.github.pmckeown.dependencytrack.score.ScoreMojoIntegrationTest
[INFO] Running io.github.pmckeown.dependencytrack.finding.FindingsMojoIntegrationTest
[info] Getting findings for project testName-99.99
[info] 1 finding(s) were retrieved for project: testName
[info] Printing findings for project testName-99.99
[info] ========================================================================
[info] CVE-2016-8550 (NVD)
[info] LOW: com.nefarious:dodgy:1.0.0
[info] 
[info] This component prints your password to the logs
[info] Comparing findings against defined thresholds
[warn] Number of Low issues [1] exceeds the maximum allowed [0]
[info] Getting findings for project testName-99.99
[error] unirest.shaded.org.apache.http.client.ClientProtocolException
[debug] Error occurred when getting findings

io.github.pmckeown.dependencytrack.DependencyTrackException: unirest.shaded.org.apache.http.client.ClientProtocolException
	at io.github.pmckeown.dependencytrack.finding.FindingsAction.getFindings(FindingsAction.java:47)
	at io.github.pmckeown.dependencytrack.finding.FindingsMojo.performAction(FindingsMojo.java:96)
	at io.github.pmckeown.dependencytrack.AbstractDependencyTrackMojo.execute(AbstractDependencyTrackMojo.java:77)
	at io.github.pmckeown.dependencytrack.finding.FindingsMojoIntegrationTest.thatWhenExceptionOccursWhileGettingFindingsAndFailOnErrorIsTrueTheMojoErrors(FindingsMojoIntegrationTest.java:91)
	at java.base/jdk.internal.reflect.NativeMethodAccessorImpl.invoke0(Native Method)
	at java.base/jdk.internal.reflect.NativeMethodAccessorImpl.invoke(NativeMethodAccessorImpl.java:62)
	at java.base/jdk.internal.reflect.DelegatingMethodAccessorImpl.invoke(DelegatingMethodAccessorImpl.java:43)
	at java.base/java.lang.reflect.Method.invoke(Method.java:566)
	at org.junit.runners.model.FrameworkMethod$1.runReflectiveCall(FrameworkMethod.java:59)
	at org.junit.internal.runners.model.ReflectiveCallable.run(ReflectiveCallable.java:12)
	at org.junit.runners.model.FrameworkMethod.invokeExplosively(FrameworkMethod.java:56)
	at org.junit.internal.runners.statements.InvokeMethod.evaluate(InvokeMethod.java:17)
	at org.junit.internal.runners.statements.RunBefores.evaluate(RunBefores.java:26)
	at org.apache.maven.plugin.testing.MojoRule$2.evaluate(MojoRule.java:308)
	at com.github.tomakehurst.wiremock.junit.WireMockRule$1.evaluate(WireMockRule.java:79)
	at org.junit.runners.ParentRunner$3.evaluate(ParentRunner.java:306)
	at org.junit.runners.BlockJUnit4ClassRunner$1.evaluate(BlockJUnit4ClassRunner.java:100)
	at org.junit.runners.ParentRunner.runLeaf(ParentRunner.java:366)
	at org.junit.runners.BlockJUnit4ClassRunner.runChild(BlockJUnit4ClassRunner.java:103)
	at org.junit.runners.BlockJUnit4ClassRunner.runChild(BlockJUnit4ClassRunner.java:63)
	at org.junit.runners.ParentRunner$4.run(ParentRunner.java:331)
	at org.junit.runners.ParentRunner$1.schedule(ParentRunner.java:79)
	at org.junit.runners.ParentRunner.runChildren(ParentRunner.java:329)
	at org.junit.runners.ParentRunner.access$100(ParentRunner.java:66)
	at org.junit.runners.ParentRunner$2.evaluate(ParentRunner.java:293)
	at org.junit.runners.ParentRunner$3.evaluate(ParentRunner.java:306)
	at org.junit.runners.ParentRunner.run(ParentRunner.java:413)
	at org.apache.maven.surefire.junit4.JUnit4Provider.execute(JUnit4Provider.java:365)
	at org.apache.maven.surefire.junit4.JUnit4Provider.executeWithRerun(JUnit4Provider.java:273)
	at org.apache.maven.surefire.junit4.JUnit4Provider.executeTestSet(JUnit4Provider.java:238)
	at org.apache.maven.surefire.junit4.JUnit4Provider.invoke(JUnit4Provider.java:159)
	at org.apache.maven.surefire.booter.ForkedBooter.invokeProviderInSameClassLoader(ForkedBooter.java:384)
	at org.apache.maven.surefire.booter.ForkedBooter.runSuitesInProcess(ForkedBooter.java:345)
	at org.apache.maven.surefire.booter.ForkedBooter.execute(ForkedBooter.java:126)
	at org.apache.maven.surefire.booter.ForkedBooter.main(ForkedBooter.java:418)

[info] Getting findings for project testName-99.99
[debug] Error occurred when getting findings

io.github.pmckeown.dependencytrack.DependencyTrackException: Error received from server
	at io.github.pmckeown.dependencytrack.finding.FindingsAction.getFindings(FindingsAction.java:43)
	at io.github.pmckeown.dependencytrack.finding.FindingsMojo.performAction(FindingsMojo.java:96)
	at io.github.pmckeown.dependencytrack.AbstractDependencyTrackMojo.execute(AbstractDependencyTrackMojo.java:77)
	at io.github.pmckeown.dependencytrack.finding.FindingsMojoIntegrationTest.thatWhenNoFindingsAreFoundTheMojoDoesNotFail(FindingsMojoIntegrationTest.java:74)
	at java.base/jdk.internal.reflect.NativeMethodAccessorImpl.invoke0(Native Method)
	at java.base/jdk.internal.reflect.NativeMethodAccessorImpl.invoke(NativeMethodAccessorImpl.java:62)
	at java.base/jdk.internal.reflect.DelegatingMethodAccessorImpl.invoke(DelegatingMethodAccessorImpl.java:43)
	at java.base/java.lang.reflect.Method.invoke(Method.java:566)
	at org.junit.runners.model.FrameworkMethod$1.runReflectiveCall(FrameworkMethod.java:59)
	at org.junit.internal.runners.model.ReflectiveCallable.run(ReflectiveCallable.java:12)
	at org.junit.runners.model.FrameworkMethod.invokeExplosively(FrameworkMethod.java:56)
	at org.junit.internal.runners.statements.InvokeMethod.evaluate(InvokeMethod.java:17)
	at org.junit.internal.runners.statements.RunBefores.evaluate(RunBefores.java:26)
	at org.apache.maven.plugin.testing.MojoRule$2.evaluate(MojoRule.java:308)
	at com.github.tomakehurst.wiremock.junit.WireMockRule$1.evaluate(WireMockRule.java:79)
	at org.junit.runners.ParentRunner$3.evaluate(ParentRunner.java:306)
	at org.junit.runners.BlockJUnit4ClassRunner$1.evaluate(BlockJUnit4ClassRunner.java:100)
	at org.junit.runners.ParentRunner.runLeaf(ParentRunner.java:366)
	at org.junit.runners.BlockJUnit4ClassRunner.runChild(BlockJUnit4ClassRunner.java:103)
	at org.junit.runners.BlockJUnit4ClassRunner.runChild(BlockJUnit4ClassRunner.java:63)
	at org.junit.runners.ParentRunner$4.run(ParentRunner.java:331)
	at org.junit.runners.ParentRunner$1.schedule(ParentRunner.java:79)
	at org.junit.runners.ParentRunner.runChildren(ParentRunner.java:329)
	at org.junit.runners.ParentRunner.access$100(ParentRunner.java:66)
	at org.junit.runners.ParentRunner$2.evaluate(ParentRunner.java:293)
	at org.junit.runners.ParentRunner$3.evaluate(ParentRunner.java:306)
	at org.junit.runners.ParentRunner.run(ParentRunner.java:413)
	at org.apache.maven.surefire.junit4.JUnit4Provider.execute(JUnit4Provider.java:365)
	at org.apache.maven.surefire.junit4.JUnit4Provider.executeWithRerun(JUnit4Provider.java:273)
	at org.apache.maven.surefire.junit4.JUnit4Provider.executeTestSet(JUnit4Provider.java:238)
	at org.apache.maven.surefire.junit4.JUnit4Provider.invoke(JUnit4Provider.java:159)
	at org.apache.maven.surefire.booter.ForkedBooter.invokeProviderInSameClassLoader(ForkedBooter.java:384)
	at org.apache.maven.surefire.booter.ForkedBooter.runSuitesInProcess(ForkedBooter.java:345)
	at org.apache.maven.surefire.booter.ForkedBooter.execute(ForkedBooter.java:126)
	at org.apache.maven.surefire.booter.ForkedBooter.main(ForkedBooter.java:418)

[info] dependency-track.skip = true: Skipping analysis.
[info] Getting findings for project testName-99.99
[info] 1 finding(s) were retrieved for project: testName
[info] Printing findings for project testName-99.99
[info] ========================================================================
[info] CVE-2016-5845 (NVD)
[info] UNASSIGNED: com.nefarious:dodgy:1.0.0
[info] 
[info] This component prints your password to the logs
[info] Comparing findings against defined thresholds
[info] Getting findings for project testName-99.99
[info] 1 finding(s) were retrieved for project: testName
[info] Printing findings for project testName-99.99
[info] ========================================================================
[info] CVE-2016-4742 (NVD)
[info] LOW: com.nefarious:dodgy:1.0.0
[info] 
[info] This component prints your password to the logs
[info] Comparing findings against defined thresholds
[INFO] Tests run: 6, Failures: 0, Errors: 0, Skipped: 0, Time elapsed: 1.346 s - in io.github.pmckeown.dependencytrack.finding.FindingsMojoIntegrationTest
[INFO] Running io.github.pmckeown.dependencytrack.finding.FindingsPrinterTest
[INFO] Tests run: 6, Failures: 0, Errors: 0, Skipped: 0, Time elapsed: 0.01 s - in io.github.pmckeown.dependencytrack.finding.FindingsPrinterTest
[INFO] Running io.github.pmckeown.dependencytrack.finding.FindingsMojoTest
[INFO] Tests run: 2, Failures: 0, Errors: 0, Skipped: 0, Time elapsed: 0.051 s - in io.github.pmckeown.dependencytrack.finding.FindingsMojoTest
[INFO] Running io.github.pmckeown.dependencytrack.finding.report.FindingsReportTest
[INFO] Tests run: 2, Failures: 0, Errors: 0, Skipped: 0, Time elapsed: 0.001 s - in io.github.pmckeown.dependencytrack.finding.report.FindingsReportTest
[INFO] Running io.github.pmckeown.dependencytrack.finding.report.XmlReportWriterTest
[INFO] Tests run: 2, Failures: 0, Errors: 0, Skipped: 0, Time elapsed: 0.046 s - in io.github.pmckeown.dependencytrack.finding.report.XmlReportWriterTest
[INFO] Running io.github.pmckeown.dependencytrack.finding.report.FindingsReportGeneratorTest
[INFO] Tests run: 3, Failures: 0, Errors: 0, Skipped: 0, Time elapsed: 0.096 s - in io.github.pmckeown.dependencytrack.finding.report.FindingsReportGeneratorTest
[INFO] Running io.github.pmckeown.dependencytrack.finding.report.HtmlReportWriterTest
[INFO] Tests run: 1, Failures: 0, Errors: 0, Skipped: 0, Time elapsed: 0.02 s - in io.github.pmckeown.dependencytrack.finding.report.HtmlReportWriterTest
[INFO] Running io.github.pmckeown.dependencytrack.finding.report.FindingsReportIntegrationTest
[INFO] Tests run: 2, Failures: 0, Errors: 0, Skipped: 0, Time elapsed: 0.031 s - in io.github.pmckeown.dependencytrack.finding.report.FindingsReportIntegrationTest
[INFO] Running io.github.pmckeown.dependencytrack.finding.FindingsActionTest
[INFO] Tests run: 4, Failures: 0, Errors: 0, Skipped: 0, Time elapsed: 0.009 s - in io.github.pmckeown.dependencytrack.finding.FindingsActionTest
[INFO] Running io.github.pmckeown.dependencytrack.finding.FindingsAnalyserTest
[INFO] Tests run: 16, Failures: 0, Errors: 0, Skipped: 0, Time elapsed: 0.01 s - in io.github.pmckeown.dependencytrack.finding.FindingsAnalyserTest
[INFO] Running io.github.pmckeown.dependencytrack.finding.FindingsClientTest
[INFO] Tests run: 3, Failures: 0, Errors: 0, Skipped: 0, Time elapsed: 0.131 s - in io.github.pmckeown.dependencytrack.finding.FindingsClientTest
[INFO] Running io.github.pmckeown.dependencytrack.project.DeleteProjectMojoIntegrationTest
[debug] Exception occurred while trying to delete project: unknown-1.2.3-SNAPSHOT

io.github.pmckeown.dependencytrack.DependencyTrackException: Requested project not found: unknown-1.2.3-SNAPSHOT
	at io.github.pmckeown.dependencytrack.project.ProjectAction.getProject(ProjectAction.java:40)
	at io.github.pmckeown.dependencytrack.project.DeleteProjectMojo.performAction(DeleteProjectMojo.java:34)
	at io.github.pmckeown.dependencytrack.AbstractDependencyTrackMojo.execute(AbstractDependencyTrackMojo.java:77)
	at io.github.pmckeown.dependencytrack.project.DeleteProjectMojoIntegrationTest.thatWhenProjectIsNotFoundDeletionIsNotAttempted(DeleteProjectMojoIntegrationTest.java:92)
	at java.base/jdk.internal.reflect.NativeMethodAccessorImpl.invoke0(Native Method)
	at java.base/jdk.internal.reflect.NativeMethodAccessorImpl.invoke(NativeMethodAccessorImpl.java:62)
	at java.base/jdk.internal.reflect.DelegatingMethodAccessorImpl.invoke(DelegatingMethodAccessorImpl.java:43)
	at java.base/java.lang.reflect.Method.invoke(Method.java:566)
	at org.junit.runners.model.FrameworkMethod$1.runReflectiveCall(FrameworkMethod.java:59)
	at org.junit.internal.runners.model.ReflectiveCallable.run(ReflectiveCallable.java:12)
	at org.junit.runners.model.FrameworkMethod.invokeExplosively(FrameworkMethod.java:56)
	at org.junit.internal.runners.statements.InvokeMethod.evaluate(InvokeMethod.java:17)
	at org.junit.internal.runners.statements.RunBefores.evaluate(RunBefores.java:26)
	at org.apache.maven.plugin.testing.MojoRule$2.evaluate(MojoRule.java:308)
	at com.github.tomakehurst.wiremock.junit.WireMockRule$1.evaluate(WireMockRule.java:79)
	at org.junit.runners.ParentRunner$3.evaluate(ParentRunner.java:306)
	at org.junit.runners.BlockJUnit4ClassRunner$1.evaluate(BlockJUnit4ClassRunner.java:100)
	at org.junit.runners.ParentRunner.runLeaf(ParentRunner.java:366)
	at org.junit.runners.BlockJUnit4ClassRunner.runChild(BlockJUnit4ClassRunner.java:103)
	at org.junit.runners.BlockJUnit4ClassRunner.runChild(BlockJUnit4ClassRunner.java:63)
	at org.junit.runners.ParentRunner$4.run(ParentRunner.java:331)
	at org.junit.runners.ParentRunner$1.schedule(ParentRunner.java:79)
	at org.junit.runners.ParentRunner.runChildren(ParentRunner.java:329)
	at org.junit.runners.ParentRunner.access$100(ParentRunner.java:66)
	at org.junit.runners.ParentRunner$2.evaluate(ParentRunner.java:293)
	at org.junit.runners.ParentRunner$3.evaluate(ParentRunner.java:306)
	at org.junit.runners.ParentRunner.run(ParentRunner.java:413)
	at org.apache.maven.surefire.junit4.JUnit4Provider.execute(JUnit4Provider.java:365)
	at org.apache.maven.surefire.junit4.JUnit4Provider.executeWithRerun(JUnit4Provider.java:273)
	at org.apache.maven.surefire.junit4.JUnit4Provider.executeTestSet(JUnit4Provider.java:238)
	at org.apache.maven.surefire.junit4.JUnit4Provider.invoke(JUnit4Provider.java:159)
	at org.apache.maven.surefire.booter.ForkedBooter.invokeProviderInSameClassLoader(ForkedBooter.java:384)
	at org.apache.maven.surefire.booter.ForkedBooter.runSuitesInProcess(ForkedBooter.java:345)
	at org.apache.maven.surefire.booter.ForkedBooter.execute(ForkedBooter.java:126)
	at org.apache.maven.surefire.booter.ForkedBooter.main(ForkedBooter.java:418)

[error] Failed to delete project: dependency-track-3.6.0-SNAPSHOT
[error] Failed to delete project: dependency-track-3.6.0-SNAPSHOT
[info] dependency-track.skip = true: Skipping analysis.
[error] Failed to delete project
[debug] Exception occurred while trying to delete project: dependency-track-3.6.0-SNAPSHOT

io.github.pmckeown.dependencytrack.DependencyTrackException: Failed to delete project
	at io.github.pmckeown.dependencytrack.project.ProjectAction.deleteProject(ProjectAction.java:62)
	at io.github.pmckeown.dependencytrack.project.DeleteProjectMojo.performAction(DeleteProjectMojo.java:36)
	at io.github.pmckeown.dependencytrack.AbstractDependencyTrackMojo.execute(AbstractDependencyTrackMojo.java:77)
	at io.github.pmckeown.dependencytrack.project.DeleteProjectMojoIntegrationTest.thatWhenProjectDeleteErrorsAndFailOnErrorFalseThenMojoSucceeds(DeleteProjectMojoIntegrationTest.java:126)
	at java.base/jdk.internal.reflect.NativeMethodAccessorImpl.invoke0(Native Method)
	at java.base/jdk.internal.reflect.NativeMethodAccessorImpl.invoke(NativeMethodAccessorImpl.java:62)
	at java.base/jdk.internal.reflect.DelegatingMethodAccessorImpl.invoke(DelegatingMethodAccessorImpl.java:43)
	at java.base/java.lang.reflect.Method.invoke(Method.java:566)
	at org.junit.runners.model.FrameworkMethod$1.runReflectiveCall(FrameworkMethod.java:59)
	at org.junit.internal.runners.model.ReflectiveCallable.run(ReflectiveCallable.java:12)
	at org.junit.runners.model.FrameworkMethod.invokeExplosively(FrameworkMethod.java:56)
	at org.junit.internal.runners.statements.InvokeMethod.evaluate(InvokeMethod.java:17)
	at org.junit.internal.runners.statements.RunBefores.evaluate(RunBefores.java:26)
	at org.apache.maven.plugin.testing.MojoRule$2.evaluate(MojoRule.java:308)
	at com.github.tomakehurst.wiremock.junit.WireMockRule$1.evaluate(WireMockRule.java:79)
	at org.junit.runners.ParentRunner$3.evaluate(ParentRunner.java:306)
	at org.junit.runners.BlockJUnit4ClassRunner$1.evaluate(BlockJUnit4ClassRunner.java:100)
	at org.junit.runners.ParentRunner.runLeaf(ParentRunner.java:366)
	at org.junit.runners.BlockJUnit4ClassRunner.runChild(BlockJUnit4ClassRunner.java:103)
	at org.junit.runners.BlockJUnit4ClassRunner.runChild(BlockJUnit4ClassRunner.java:63)
	at org.junit.runners.ParentRunner$4.run(ParentRunner.java:331)
	at org.junit.runners.ParentRunner$1.schedule(ParentRunner.java:79)
	at org.junit.runners.ParentRunner.runChildren(ParentRunner.java:329)
	at org.junit.runners.ParentRunner.access$100(ParentRunner.java:66)
	at org.junit.runners.ParentRunner$2.evaluate(ParentRunner.java:293)
	at org.junit.runners.ParentRunner$3.evaluate(ParentRunner.java:306)
	at org.junit.runners.ParentRunner.run(ParentRunner.java:413)
	at org.apache.maven.surefire.junit4.JUnit4Provider.execute(JUnit4Provider.java:365)
	at org.apache.maven.surefire.junit4.JUnit4Provider.executeWithRerun(JUnit4Provider.java:273)
	at org.apache.maven.surefire.junit4.JUnit4Provider.executeTestSet(JUnit4Provider.java:238)
	at org.apache.maven.surefire.junit4.JUnit4Provider.invoke(JUnit4Provider.java:159)
	at org.apache.maven.surefire.booter.ForkedBooter.invokeProviderInSameClassLoader(ForkedBooter.java:384)
	at org.apache.maven.surefire.booter.ForkedBooter.runSuitesInProcess(ForkedBooter.java:345)
	at org.apache.maven.surefire.booter.ForkedBooter.execute(ForkedBooter.java:126)
	at org.apache.maven.surefire.booter.ForkedBooter.main(ForkedBooter.java:418)

[error] Failed to delete project
[debug] Exception occurred while trying to delete project: dependency-track-3.6.0-SNAPSHOT

io.github.pmckeown.dependencytrack.DependencyTrackException: Failed to delete project
	at io.github.pmckeown.dependencytrack.project.ProjectAction.deleteProject(ProjectAction.java:62)
	at io.github.pmckeown.dependencytrack.project.DeleteProjectMojo.performAction(DeleteProjectMojo.java:36)
	at io.github.pmckeown.dependencytrack.AbstractDependencyTrackMojo.execute(AbstractDependencyTrackMojo.java:77)
	at io.github.pmckeown.dependencytrack.project.DeleteProjectMojoIntegrationTest.thatWhenProjectDeleteErrorsAndFailOnErrorTrueThenMojoExecutionExceptionIsThrown(DeleteProjectMojoIntegrationTest.java:110)
	at java.base/jdk.internal.reflect.NativeMethodAccessorImpl.invoke0(Native Method)
	at java.base/jdk.internal.reflect.NativeMethodAccessorImpl.invoke(NativeMethodAccessorImpl.java:62)
	at java.base/jdk.internal.reflect.DelegatingMethodAccessorImpl.invoke(DelegatingMethodAccessorImpl.java:43)
	at java.base/java.lang.reflect.Method.invoke(Method.java:566)
	at org.junit.runners.model.FrameworkMethod$1.runReflectiveCall(FrameworkMethod.java:59)
	at org.junit.internal.runners.model.ReflectiveCallable.run(ReflectiveCallable.java:12)
	at org.junit.runners.model.FrameworkMethod.invokeExplosively(FrameworkMethod.java:56)
	at org.junit.internal.runners.statements.InvokeMethod.evaluate(InvokeMethod.java:17)
	at org.junit.internal.runners.statements.RunBefores.evaluate(RunBefores.java:26)
	at org.apache.maven.plugin.testing.MojoRule$2.evaluate(MojoRule.java:308)
	at com.github.tomakehurst.wiremock.junit.WireMockRule$1.evaluate(WireMockRule.java:79)
	at org.junit.runners.ParentRunner$3.evaluate(ParentRunner.java:306)
	at org.junit.runners.BlockJUnit4ClassRunner$1.evaluate(BlockJUnit4ClassRunner.java:100)
	at org.junit.runners.ParentRunner.runLeaf(ParentRunner.java:366)
	at org.junit.runners.BlockJUnit4ClassRunner.runChild(BlockJUnit4ClassRunner.java:103)
	at org.junit.runners.BlockJUnit4ClassRunner.runChild(BlockJUnit4ClassRunner.java:63)
	at org.junit.runners.ParentRunner$4.run(ParentRunner.java:331)
	at org.junit.runners.ParentRunner$1.schedule(ParentRunner.java:79)
	at org.junit.runners.ParentRunner.runChildren(ParentRunner.java:329)
	at org.junit.runners.ParentRunner.access$100(ParentRunner.java:66)
	at org.junit.runners.ParentRunner$2.evaluate(ParentRunner.java:293)
	at org.junit.runners.ParentRunner$3.evaluate(ParentRunner.java:306)
	at org.junit.runners.ParentRunner.run(ParentRunner.java:413)
	at org.apache.maven.surefire.junit4.JUnit4Provider.execute(JUnit4Provider.java:365)
	at org.apache.maven.surefire.junit4.JUnit4Provider.executeWithRerun(JUnit4Provider.java:273)
	at org.apache.maven.surefire.junit4.JUnit4Provider.executeTestSet(JUnit4Provider.java:238)
	at org.apache.maven.surefire.junit4.JUnit4Provider.invoke(JUnit4Provider.java:159)
	at org.apache.maven.surefire.booter.ForkedBooter.invokeProviderInSameClassLoader(ForkedBooter.java:384)
	at org.apache.maven.surefire.booter.ForkedBooter.runSuitesInProcess(ForkedBooter.java:345)
	at org.apache.maven.surefire.booter.ForkedBooter.execute(ForkedBooter.java:126)
	at org.apache.maven.surefire.booter.ForkedBooter.main(ForkedBooter.java:418)

[INFO] Tests run: 7, Failures: 0, Errors: 0, Skipped: 0, Time elapsed: 0.831 s - in io.github.pmckeown.dependencytrack.project.DeleteProjectMojoIntegrationTest
[INFO] Running io.github.pmckeown.dependencytrack.project.DeleteProjectActionTest
[INFO] Tests run: 3, Failures: 0, Errors: 0, Skipped: 0, Time elapsed: 0.001 s - in io.github.pmckeown.dependencytrack.project.DeleteProjectActionTest
[INFO] Running io.github.pmckeown.dependencytrack.project.ProjectClientIntegrationTest
[INFO] Tests run: 1, Failures: 0, Errors: 0, Skipped: 0, Time elapsed: 0.079 s - in io.github.pmckeown.dependencytrack.project.ProjectClientIntegrationTest
[INFO] Running io.github.pmckeown.dependencytrack.project.ProjectActionTest
[INFO] Tests run: 5, Failures: 0, Errors: 0, Skipped: 0, Time elapsed: 0.006 s - in io.github.pmckeown.dependencytrack.project.ProjectActionTest
[INFO] Running io.github.pmckeown.dependencytrack.PollerTest
[INFO] Tests run: 4, Failures: 0, Errors: 0, Skipped: 0, Time elapsed: 0.007 s - in io.github.pmckeown.dependencytrack.PollerTest
[INFO] Running io.github.pmckeown.dependencytrack.upload.BomClientIntegrationTest
[INFO] Tests run: 6, Failures: 0, Errors: 0, Skipped: 0, Time elapsed: 0.337 s - in io.github.pmckeown.dependencytrack.upload.BomClientIntegrationTest
[INFO] Running io.github.pmckeown.dependencytrack.upload.UploadBomMojoIntegrationTest
[info] Project Name: dependency-track-maven-plugin-test-project
[info] Project Version: 0.0.1-SNAPSHOT
[info] Plugin is configured to wait for BOM processing to complete
[error] Failure integrating with Dependency Track: 200 OK
[debug] Error occurred during upload

io.github.pmckeown.dependencytrack.DependencyTrackException: Failure integrating with Dependency Track: 200 OK
	at io.github.pmckeown.dependencytrack.upload.UploadBomAction.doUpload(UploadBomAction.java:93)
	at io.github.pmckeown.dependencytrack.upload.UploadBomAction.upload(UploadBomAction.java:49)
	at io.github.pmckeown.dependencytrack.upload.UploadBomMojo.performAction(UploadBomMojo.java:62)
	at io.github.pmckeown.dependencytrack.AbstractDependencyTrackMojo.execute(AbstractDependencyTrackMojo.java:77)
	at io.github.pmckeown.dependencytrack.upload.UploadBomMojoIntegrationTest.thatProjectVersionDefaultsToPomVersion(UploadBomMojoIntegrationTest.java:177)
	at java.base/jdk.internal.reflect.NativeMethodAccessorImpl.invoke0(Native Method)
	at java.base/jdk.internal.reflect.NativeMethodAccessorImpl.invoke(NativeMethodAccessorImpl.java:62)
	at java.base/jdk.internal.reflect.DelegatingMethodAccessorImpl.invoke(DelegatingMethodAccessorImpl.java:43)
	at java.base/java.lang.reflect.Method.invoke(Method.java:566)
	at org.junit.runners.model.FrameworkMethod$1.runReflectiveCall(FrameworkMethod.java:59)
	at org.junit.internal.runners.model.ReflectiveCallable.run(ReflectiveCallable.java:12)
	at org.junit.runners.model.FrameworkMethod.invokeExplosively(FrameworkMethod.java:56)
	at org.junit.internal.runners.statements.InvokeMethod.evaluate(InvokeMethod.java:17)
	at org.junit.internal.runners.statements.RunBefores.evaluate(RunBefores.java:26)
	at org.apache.maven.plugin.testing.MojoRule$2.evaluate(MojoRule.java:308)
	at com.github.tomakehurst.wiremock.junit.WireMockRule$1.evaluate(WireMockRule.java:79)
	at org.junit.runners.ParentRunner$3.evaluate(ParentRunner.java:306)
	at org.junit.runners.BlockJUnit4ClassRunner$1.evaluate(BlockJUnit4ClassRunner.java:100)
	at org.junit.runners.ParentRunner.runLeaf(ParentRunner.java:366)
	at org.junit.runners.BlockJUnit4ClassRunner.runChild(BlockJUnit4ClassRunner.java:103)
	at org.junit.runners.BlockJUnit4ClassRunner.runChild(BlockJUnit4ClassRunner.java:63)
	at org.junit.runners.ParentRunner$4.run(ParentRunner.java:331)
	at org.junit.runners.ParentRunner$1.schedule(ParentRunner.java:79)
	at org.junit.runners.ParentRunner.runChildren(ParentRunner.java:329)
	at org.junit.runners.ParentRunner.access$100(ParentRunner.java:66)
	at org.junit.runners.ParentRunner$2.evaluate(ParentRunner.java:293)
	at org.junit.runners.ParentRunner$3.evaluate(ParentRunner.java:306)
	at org.junit.runners.ParentRunner.run(ParentRunner.java:413)
	at org.apache.maven.surefire.junit4.JUnit4Provider.execute(JUnit4Provider.java:365)
	at org.apache.maven.surefire.junit4.JUnit4Provider.executeWithRerun(JUnit4Provider.java:273)
	at org.apache.maven.surefire.junit4.JUnit4Provider.executeTestSet(JUnit4Provider.java:238)
	at org.apache.maven.surefire.junit4.JUnit4Provider.invoke(JUnit4Provider.java:159)
	at org.apache.maven.surefire.booter.ForkedBooter.invokeProviderInSameClassLoader(ForkedBooter.java:384)
	at org.apache.maven.surefire.booter.ForkedBooter.runSuitesInProcess(ForkedBooter.java:345)
	at org.apache.maven.surefire.booter.ForkedBooter.execute(ForkedBooter.java:126)
	at org.apache.maven.surefire.booter.ForkedBooter.main(ForkedBooter.java:418)
Caused by: io.github.pmckeown.dependencytrack.DependencyTrackException: Failure integrating with Dependency Track: 200 OK
	at io.github.pmckeown.dependencytrack.upload.UploadBomAction.doUpload(UploadBomAction.java:90)
	... 35 more

[info] Project Name: dependency-track-maven-plugin-test-project
[info] Project Version: 0.0.1-SNAPSHOT
[info] Plugin is configured to wait for BOM processing to complete
[debug] Error occurred during upload

io.github.pmckeown.dependencytrack.DependencyTrackException: java.net.UnknownHostException: localghost
	at io.github.pmckeown.dependencytrack.upload.UploadBomAction.doUpload(UploadBomAction.java:93)
	at io.github.pmckeown.dependencytrack.upload.UploadBomAction.upload(UploadBomAction.java:49)
	at io.github.pmckeown.dependencytrack.upload.UploadBomMojo.performAction(UploadBomMojo.java:62)
	at io.github.pmckeown.dependencytrack.AbstractDependencyTrackMojo.execute(AbstractDependencyTrackMojo.java:77)
	at io.github.pmckeown.dependencytrack.upload.UploadBomMojoIntegrationTest.thatWhenFailOnErrorIsTrueAFailureFromToDependencyTrackDoesFailTheBuild(UploadBomMojoIntegrationTest.java:82)
	at java.base/jdk.internal.reflect.NativeMethodAccessorImpl.invoke0(Native Method)
	at java.base/jdk.internal.reflect.NativeMethodAccessorImpl.invoke(NativeMethodAccessorImpl.java:62)
	at java.base/jdk.internal.reflect.DelegatingMethodAccessorImpl.invoke(DelegatingMethodAccessorImpl.java:43)
	at java.base/java.lang.reflect.Method.invoke(Method.java:566)
	at org.junit.runners.model.FrameworkMethod$1.runReflectiveCall(FrameworkMethod.java:59)
	at org.junit.internal.runners.model.ReflectiveCallable.run(ReflectiveCallable.java:12)
	at org.junit.runners.model.FrameworkMethod.invokeExplosively(FrameworkMethod.java:56)
	at org.junit.internal.runners.statements.InvokeMethod.evaluate(InvokeMethod.java:17)
	at org.junit.internal.runners.statements.RunBefores.evaluate(RunBefores.java:26)
	at org.apache.maven.plugin.testing.MojoRule$2.evaluate(MojoRule.java:308)
	at com.github.tomakehurst.wiremock.junit.WireMockRule$1.evaluate(WireMockRule.java:79)
	at org.junit.runners.ParentRunner$3.evaluate(ParentRunner.java:306)
	at org.junit.runners.BlockJUnit4ClassRunner$1.evaluate(BlockJUnit4ClassRunner.java:100)
	at org.junit.runners.ParentRunner.runLeaf(ParentRunner.java:366)
	at org.junit.runners.BlockJUnit4ClassRunner.runChild(BlockJUnit4ClassRunner.java:103)
	at org.junit.runners.BlockJUnit4ClassRunner.runChild(BlockJUnit4ClassRunner.java:63)
	at org.junit.runners.ParentRunner$4.run(ParentRunner.java:331)
	at org.junit.runners.ParentRunner$1.schedule(ParentRunner.java:79)
	at org.junit.runners.ParentRunner.runChildren(ParentRunner.java:329)
	at org.junit.runners.ParentRunner.access$100(ParentRunner.java:66)
	at org.junit.runners.ParentRunner$2.evaluate(ParentRunner.java:293)
	at org.junit.runners.ParentRunner$3.evaluate(ParentRunner.java:306)
	at org.junit.runners.ParentRunner.run(ParentRunner.java:413)
	at org.apache.maven.surefire.junit4.JUnit4Provider.execute(JUnit4Provider.java:365)
	at org.apache.maven.surefire.junit4.JUnit4Provider.executeWithRerun(JUnit4Provider.java:273)
	at org.apache.maven.surefire.junit4.JUnit4Provider.executeTestSet(JUnit4Provider.java:238)
	at org.apache.maven.surefire.junit4.JUnit4Provider.invoke(JUnit4Provider.java:159)
	at org.apache.maven.surefire.booter.ForkedBooter.invokeProviderInSameClassLoader(ForkedBooter.java:384)
	at org.apache.maven.surefire.booter.ForkedBooter.runSuitesInProcess(ForkedBooter.java:345)
	at org.apache.maven.surefire.booter.ForkedBooter.execute(ForkedBooter.java:126)
	at org.apache.maven.surefire.booter.ForkedBooter.main(ForkedBooter.java:418)
Caused by: kong.unirest.UnirestException: java.net.UnknownHostException: localghost
	at kong.unirest.DefaultInterceptor.onFail(DefaultInterceptor.java:43)
	at kong.unirest.CompoundInterceptor.lambda$onFail$2(CompoundInterceptor.java:54)
	at java.base/java.util.stream.ReferencePipeline$3$1.accept(ReferencePipeline.java:195)
	at java.base/java.util.Collections$2.tryAdvance(Collections.java:4747)
	at java.base/java.util.stream.ReferencePipeline.forEachWithCancel(ReferencePipeline.java:127)
	at java.base/java.util.stream.AbstractPipeline.copyIntoWithCancel(AbstractPipeline.java:502)
	at java.base/java.util.stream.AbstractPipeline.copyInto(AbstractPipeline.java:488)
	at java.base/java.util.stream.AbstractPipeline.wrapAndCopyInto(AbstractPipeline.java:474)
	at java.base/java.util.stream.FindOps$FindOp.evaluateSequential(FindOps.java:150)
	at java.base/java.util.stream.AbstractPipeline.evaluate(AbstractPipeline.java:234)
	at java.base/java.util.stream.ReferencePipeline.findFirst(ReferencePipeline.java:543)
	at kong.unirest.CompoundInterceptor.onFail(CompoundInterceptor.java:56)
	at kong.unirest.apache.ApacheClient.request(ApacheClient.java:138)
	at kong.unirest.Client.request(Client.java:57)
	at kong.unirest.BaseRequest.request(BaseRequest.java:359)
	at kong.unirest.BaseRequest.asObject(BaseRequest.java:265)
	at io.github.pmckeown.dependencytrack.upload.BomClient.uploadBom(BomClient.java:57)
	at io.github.pmckeown.dependencytrack.upload.UploadBomAction.doUpload(UploadBomAction.java:80)
	... 35 more
Caused by: java.net.UnknownHostException: localghost
	at java.base/java.net.InetAddress$CachedAddresses.get(InetAddress.java:797)
	at java.base/java.net.InetAddress.getAllByName0(InetAddress.java:1519)
	at java.base/java.net.InetAddress.getAllByName(InetAddress.java:1378)
	at java.base/java.net.InetAddress.getAllByName(InetAddress.java:1306)
	at unirest.shaded.org.apache.http.impl.conn.SystemDefaultDnsResolver.resolve(SystemDefaultDnsResolver.java:45)
	at unirest.shaded.org.apache.http.impl.conn.DefaultHttpClientConnectionOperator.connect(DefaultHttpClientConnectionOperator.java:112)
	at unirest.shaded.org.apache.http.impl.conn.PoolingHttpClientConnectionManager.connect(PoolingHttpClientConnectionManager.java:376)
	at unirest.shaded.org.apache.http.impl.execchain.MainClientExec.establishRoute(MainClientExec.java:393)
	at unirest.shaded.org.apache.http.impl.execchain.MainClientExec.execute(MainClientExec.java:236)
	at unirest.shaded.org.apache.http.impl.execchain.ProtocolExec.execute(ProtocolExec.java:186)
	at unirest.shaded.org.apache.http.impl.execchain.RetryExec.execute(RetryExec.java:89)
	at unirest.shaded.org.apache.http.impl.execchain.RedirectExec.execute(RedirectExec.java:110)
	at unirest.shaded.org.apache.http.impl.client.InternalHttpClient.doExecute(InternalHttpClient.java:185)
	at unirest.shaded.org.apache.http.impl.client.CloseableHttpClient.execute(CloseableHttpClient.java:118)
	at unirest.shaded.org.apache.http.impl.client.CloseableHttpClient.execute(CloseableHttpClient.java:56)
	at kong.unirest.apache.ApacheClient.request(ApacheClient.java:129)
	... 40 more

[info] Project Name: dependency-track-maven-plugin-test-project
[info] Project Version: 99.99.99-RELEASE
[info] Plugin is configured to wait for BOM processing to complete
[error] Failure integrating with Dependency Track: 200 OK
[debug] Error occurred during upload

io.github.pmckeown.dependencytrack.DependencyTrackException: Failure integrating with Dependency Track: 200 OK
	at io.github.pmckeown.dependencytrack.upload.UploadBomAction.doUpload(UploadBomAction.java:93)
	at io.github.pmckeown.dependencytrack.upload.UploadBomAction.upload(UploadBomAction.java:49)
	at io.github.pmckeown.dependencytrack.upload.UploadBomMojo.performAction(UploadBomMojo.java:62)
	at io.github.pmckeown.dependencytrack.AbstractDependencyTrackMojo.execute(AbstractDependencyTrackMojo.java:77)
	at io.github.pmckeown.dependencytrack.upload.UploadBomMojoIntegrationTest.thatProjectVersionCanBeProvided(UploadBomMojoIntegrationTest.java:163)
	at java.base/jdk.internal.reflect.NativeMethodAccessorImpl.invoke0(Native Method)
	at java.base/jdk.internal.reflect.NativeMethodAccessorImpl.invoke(NativeMethodAccessorImpl.java:62)
	at java.base/jdk.internal.reflect.DelegatingMethodAccessorImpl.invoke(DelegatingMethodAccessorImpl.java:43)
	at java.base/java.lang.reflect.Method.invoke(Method.java:566)
	at org.junit.runners.model.FrameworkMethod$1.runReflectiveCall(FrameworkMethod.java:59)
	at org.junit.internal.runners.model.ReflectiveCallable.run(ReflectiveCallable.java:12)
	at org.junit.runners.model.FrameworkMethod.invokeExplosively(FrameworkMethod.java:56)
	at org.junit.internal.runners.statements.InvokeMethod.evaluate(InvokeMethod.java:17)
	at org.junit.internal.runners.statements.RunBefores.evaluate(RunBefores.java:26)
	at org.apache.maven.plugin.testing.MojoRule$2.evaluate(MojoRule.java:308)
	at com.github.tomakehurst.wiremock.junit.WireMockRule$1.evaluate(WireMockRule.java:79)
	at org.junit.runners.ParentRunner$3.evaluate(ParentRunner.java:306)
	at org.junit.runners.BlockJUnit4ClassRunner$1.evaluate(BlockJUnit4ClassRunner.java:100)
	at org.junit.runners.ParentRunner.runLeaf(ParentRunner.java:366)
	at org.junit.runners.BlockJUnit4ClassRunner.runChild(BlockJUnit4ClassRunner.java:103)
	at org.junit.runners.BlockJUnit4ClassRunner.runChild(BlockJUnit4ClassRunner.java:63)
	at org.junit.runners.ParentRunner$4.run(ParentRunner.java:331)
	at org.junit.runners.ParentRunner$1.schedule(ParentRunner.java:79)
	at org.junit.runners.ParentRunner.runChildren(ParentRunner.java:329)
	at org.junit.runners.ParentRunner.access$100(ParentRunner.java:66)
	at org.junit.runners.ParentRunner$2.evaluate(ParentRunner.java:293)
	at org.junit.runners.ParentRunner$3.evaluate(ParentRunner.java:306)
	at org.junit.runners.ParentRunner.run(ParentRunner.java:413)
	at org.apache.maven.surefire.junit4.JUnit4Provider.execute(JUnit4Provider.java:365)
	at org.apache.maven.surefire.junit4.JUnit4Provider.executeWithRerun(JUnit4Provider.java:273)
	at org.apache.maven.surefire.junit4.JUnit4Provider.executeTestSet(JUnit4Provider.java:238)
	at org.apache.maven.surefire.junit4.JUnit4Provider.invoke(JUnit4Provider.java:159)
	at org.apache.maven.surefire.booter.ForkedBooter.invokeProviderInSameClassLoader(ForkedBooter.java:384)
	at org.apache.maven.surefire.booter.ForkedBooter.runSuitesInProcess(ForkedBooter.java:345)
	at org.apache.maven.surefire.booter.ForkedBooter.execute(ForkedBooter.java:126)
	at org.apache.maven.surefire.booter.ForkedBooter.main(ForkedBooter.java:418)
Caused by: io.github.pmckeown.dependencytrack.DependencyTrackException: Failure integrating with Dependency Track: 200 OK
	at io.github.pmckeown.dependencytrack.upload.UploadBomAction.doUpload(UploadBomAction.java:90)
	... 35 more

[info] Project Name: dependency-track-maven-plugin-test-project
[info] Project Version: 0.0.1-SNAPSHOT
[info] Plugin is configured to wait for BOM processing to complete
[error] Failure integrating with Dependency Track: 404 Not Found
[debug] Error occurred during upload

io.github.pmckeown.dependencytrack.DependencyTrackException: Failure integrating with Dependency Track: 404 Not Found
	at io.github.pmckeown.dependencytrack.upload.UploadBomAction.doUpload(UploadBomAction.java:93)
	at io.github.pmckeown.dependencytrack.upload.UploadBomAction.upload(UploadBomAction.java:49)
	at io.github.pmckeown.dependencytrack.upload.UploadBomMojo.performAction(UploadBomMojo.java:62)
	at io.github.pmckeown.dependencytrack.AbstractDependencyTrackMojo.execute(AbstractDependencyTrackMojo.java:77)
	at io.github.pmckeown.dependencytrack.upload.UploadBomMojoIntegrationTest.thatWhenFailOnErrorIsFalseAFailureFromToDependencyTrackDoesNotFailTheBuild(UploadBomMojoIntegrationTest.java:60)
	at java.base/jdk.internal.reflect.NativeMethodAccessorImpl.invoke0(Native Method)
	at java.base/jdk.internal.reflect.NativeMethodAccessorImpl.invoke(NativeMethodAccessorImpl.java:62)
	at java.base/jdk.internal.reflect.DelegatingMethodAccessorImpl.invoke(DelegatingMethodAccessorImpl.java:43)
	at java.base/java.lang.reflect.Method.invoke(Method.java:566)
	at org.junit.runners.model.FrameworkMethod$1.runReflectiveCall(FrameworkMethod.java:59)
	at org.junit.internal.runners.model.ReflectiveCallable.run(ReflectiveCallable.java:12)
	at org.junit.runners.model.FrameworkMethod.invokeExplosively(FrameworkMethod.java:56)
	at org.junit.internal.runners.statements.InvokeMethod.evaluate(InvokeMethod.java:17)
	at org.junit.internal.runners.statements.RunBefores.evaluate(RunBefores.java:26)
	at org.apache.maven.plugin.testing.MojoRule$2.evaluate(MojoRule.java:308)
	at com.github.tomakehurst.wiremock.junit.WireMockRule$1.evaluate(WireMockRule.java:79)
	at org.junit.runners.ParentRunner$3.evaluate(ParentRunner.java:306)
	at org.junit.runners.BlockJUnit4ClassRunner$1.evaluate(BlockJUnit4ClassRunner.java:100)
	at org.junit.runners.ParentRunner.runLeaf(ParentRunner.java:366)
	at org.junit.runners.BlockJUnit4ClassRunner.runChild(BlockJUnit4ClassRunner.java:103)
	at org.junit.runners.BlockJUnit4ClassRunner.runChild(BlockJUnit4ClassRunner.java:63)
	at org.junit.runners.ParentRunner$4.run(ParentRunner.java:331)
	at org.junit.runners.ParentRunner$1.schedule(ParentRunner.java:79)
	at org.junit.runners.ParentRunner.runChildren(ParentRunner.java:329)
	at org.junit.runners.ParentRunner.access$100(ParentRunner.java:66)
	at org.junit.runners.ParentRunner$2.evaluate(ParentRunner.java:293)
	at org.junit.runners.ParentRunner$3.evaluate(ParentRunner.java:306)
	at org.junit.runners.ParentRunner.run(ParentRunner.java:413)
	at org.apache.maven.surefire.junit4.JUnit4Provider.execute(JUnit4Provider.java:365)
	at org.apache.maven.surefire.junit4.JUnit4Provider.executeWithRerun(JUnit4Provider.java:273)
	at org.apache.maven.surefire.junit4.JUnit4Provider.executeTestSet(JUnit4Provider.java:238)
	at org.apache.maven.surefire.junit4.JUnit4Provider.invoke(JUnit4Provider.java:159)
	at org.apache.maven.surefire.booter.ForkedBooter.invokeProviderInSameClassLoader(ForkedBooter.java:384)
	at org.apache.maven.surefire.booter.ForkedBooter.runSuitesInProcess(ForkedBooter.java:345)
	at org.apache.maven.surefire.booter.ForkedBooter.execute(ForkedBooter.java:126)
	at org.apache.maven.surefire.booter.ForkedBooter.main(ForkedBooter.java:418)
Caused by: io.github.pmckeown.dependencytrack.DependencyTrackException: Failure integrating with Dependency Track: 404 Not Found
	at io.github.pmckeown.dependencytrack.upload.UploadBomAction.doUpload(UploadBomAction.java:90)
	... 35 more

[info] Project Name: dependency-track-maven-plugin-test-project
[info] Project Version: 0.0.1-SNAPSHOT
[info] Plugin is configured to wait for BOM processing to complete
[debug] Error occurred during upload

io.github.pmckeown.dependencytrack.DependencyTrackException: java.net.UnknownHostException: localghost
	at io.github.pmckeown.dependencytrack.upload.UploadBomAction.doUpload(UploadBomAction.java:93)
	at io.github.pmckeown.dependencytrack.upload.UploadBomAction.upload(UploadBomAction.java:49)
	at io.github.pmckeown.dependencytrack.upload.UploadBomMojo.performAction(UploadBomMojo.java:62)
	at io.github.pmckeown.dependencytrack.AbstractDependencyTrackMojo.execute(AbstractDependencyTrackMojo.java:77)
	at io.github.pmckeown.dependencytrack.upload.UploadBomMojoIntegrationTest.thatWhenFailOnErrorIsFalseAFailureToConnectToDependencyTrackDoesNotFailTheBuild(UploadBomMojoIntegrationTest.java:97)
	at java.base/jdk.internal.reflect.NativeMethodAccessorImpl.invoke0(Native Method)
	at java.base/jdk.internal.reflect.NativeMethodAccessorImpl.invoke(NativeMethodAccessorImpl.java:62)
	at java.base/jdk.internal.reflect.DelegatingMethodAccessorImpl.invoke(DelegatingMethodAccessorImpl.java:43)
	at java.base/java.lang.reflect.Method.invoke(Method.java:566)
	at org.junit.runners.model.FrameworkMethod$1.runReflectiveCall(FrameworkMethod.java:59)
	at org.junit.internal.runners.model.ReflectiveCallable.run(ReflectiveCallable.java:12)
	at org.junit.runners.model.FrameworkMethod.invokeExplosively(FrameworkMethod.java:56)
	at org.junit.internal.runners.statements.InvokeMethod.evaluate(InvokeMethod.java:17)
	at org.junit.internal.runners.statements.RunBefores.evaluate(RunBefores.java:26)
	at org.apache.maven.plugin.testing.MojoRule$2.evaluate(MojoRule.java:308)
	at com.github.tomakehurst.wiremock.junit.WireMockRule$1.evaluate(WireMockRule.java:79)
	at org.junit.runners.ParentRunner$3.evaluate(ParentRunner.java:306)
	at org.junit.runners.BlockJUnit4ClassRunner$1.evaluate(BlockJUnit4ClassRunner.java:100)
	at org.junit.runners.ParentRunner.runLeaf(ParentRunner.java:366)
	at org.junit.runners.BlockJUnit4ClassRunner.runChild(BlockJUnit4ClassRunner.java:103)
	at org.junit.runners.BlockJUnit4ClassRunner.runChild(BlockJUnit4ClassRunner.java:63)
	at org.junit.runners.ParentRunner$4.run(ParentRunner.java:331)
	at org.junit.runners.ParentRunner$1.schedule(ParentRunner.java:79)
	at org.junit.runners.ParentRunner.runChildren(ParentRunner.java:329)
	at org.junit.runners.ParentRunner.access$100(ParentRunner.java:66)
	at org.junit.runners.ParentRunner$2.evaluate(ParentRunner.java:293)
	at org.junit.runners.ParentRunner$3.evaluate(ParentRunner.java:306)
	at org.junit.runners.ParentRunner.run(ParentRunner.java:413)
	at org.apache.maven.surefire.junit4.JUnit4Provider.execute(JUnit4Provider.java:365)
	at org.apache.maven.surefire.junit4.JUnit4Provider.executeWithRerun(JUnit4Provider.java:273)
	at org.apache.maven.surefire.junit4.JUnit4Provider.executeTestSet(JUnit4Provider.java:238)
	at org.apache.maven.surefire.junit4.JUnit4Provider.invoke(JUnit4Provider.java:159)
	at org.apache.maven.surefire.booter.ForkedBooter.invokeProviderInSameClassLoader(ForkedBooter.java:384)
	at org.apache.maven.surefire.booter.ForkedBooter.runSuitesInProcess(ForkedBooter.java:345)
	at org.apache.maven.surefire.booter.ForkedBooter.execute(ForkedBooter.java:126)
	at org.apache.maven.surefire.booter.ForkedBooter.main(ForkedBooter.java:418)
Caused by: kong.unirest.UnirestException: java.net.UnknownHostException: localghost
	at kong.unirest.DefaultInterceptor.onFail(DefaultInterceptor.java:43)
	at kong.unirest.CompoundInterceptor.lambda$onFail$2(CompoundInterceptor.java:54)
	at java.base/java.util.stream.ReferencePipeline$3$1.accept(ReferencePipeline.java:195)
	at java.base/java.util.Collections$2.tryAdvance(Collections.java:4747)
	at java.base/java.util.stream.ReferencePipeline.forEachWithCancel(ReferencePipeline.java:127)
	at java.base/java.util.stream.AbstractPipeline.copyIntoWithCancel(AbstractPipeline.java:502)
	at java.base/java.util.stream.AbstractPipeline.copyInto(AbstractPipeline.java:488)
	at java.base/java.util.stream.AbstractPipeline.wrapAndCopyInto(AbstractPipeline.java:474)
	at java.base/java.util.stream.FindOps$FindOp.evaluateSequential(FindOps.java:150)
	at java.base/java.util.stream.AbstractPipeline.evaluate(AbstractPipeline.java:234)
	at java.base/java.util.stream.ReferencePipeline.findFirst(ReferencePipeline.java:543)
	at kong.unirest.CompoundInterceptor.onFail(CompoundInterceptor.java:56)
	at kong.unirest.apache.ApacheClient.request(ApacheClient.java:138)
	at kong.unirest.Client.request(Client.java:57)
	at kong.unirest.BaseRequest.request(BaseRequest.java:359)
	at kong.unirest.BaseRequest.asObject(BaseRequest.java:265)
	at io.github.pmckeown.dependencytrack.upload.BomClient.uploadBom(BomClient.java:57)
	at io.github.pmckeown.dependencytrack.upload.UploadBomAction.doUpload(UploadBomAction.java:80)
	... 35 more
Caused by: java.net.UnknownHostException: localghost
	at java.base/java.net.InetAddress$CachedAddresses.get(InetAddress.java:797)
	at java.base/java.net.InetAddress.getAllByName0(InetAddress.java:1519)
	at java.base/java.net.InetAddress.getAllByName(InetAddress.java:1378)
	at java.base/java.net.InetAddress.getAllByName(InetAddress.java:1306)
	at unirest.shaded.org.apache.http.impl.conn.SystemDefaultDnsResolver.resolve(SystemDefaultDnsResolver.java:45)
	at unirest.shaded.org.apache.http.impl.conn.DefaultHttpClientConnectionOperator.connect(DefaultHttpClientConnectionOperator.java:112)
	at unirest.shaded.org.apache.http.impl.conn.PoolingHttpClientConnectionManager.connect(PoolingHttpClientConnectionManager.java:376)
	at unirest.shaded.org.apache.http.impl.execchain.MainClientExec.establishRoute(MainClientExec.java:393)
	at unirest.shaded.org.apache.http.impl.execchain.MainClientExec.execute(MainClientExec.java:236)
	at unirest.shaded.org.apache.http.impl.execchain.ProtocolExec.execute(ProtocolExec.java:186)
	at unirest.shaded.org.apache.http.impl.execchain.RetryExec.execute(RetryExec.java:89)
	at unirest.shaded.org.apache.http.impl.execchain.RedirectExec.execute(RedirectExec.java:110)
	at unirest.shaded.org.apache.http.impl.client.InternalHttpClient.doExecute(InternalHttpClient.java:185)
	at unirest.shaded.org.apache.http.impl.client.CloseableHttpClient.execute(CloseableHttpClient.java:118)
	at unirest.shaded.org.apache.http.impl.client.CloseableHttpClient.execute(CloseableHttpClient.java:56)
	at kong.unirest.apache.ApacheClient.request(ApacheClient.java:129)
	... 40 more

[info] dependency-track.skip = true: Skipping analysis.
[info] Project Name: dependency-track-maven-plugin-test-project
[info] Project Version: 0.0.1-SNAPSHOT
[info] Plugin is configured to wait for BOM processing to complete
[error] Failure integrating with Dependency Track: 200 OK
[debug] Error occurred during upload

io.github.pmckeown.dependencytrack.DependencyTrackException: Failure integrating with Dependency Track: 200 OK
	at io.github.pmckeown.dependencytrack.upload.UploadBomAction.doUpload(UploadBomAction.java:93)
	at io.github.pmckeown.dependencytrack.upload.UploadBomAction.upload(UploadBomAction.java:49)
	at io.github.pmckeown.dependencytrack.upload.UploadBomMojo.performAction(UploadBomMojo.java:62)
	at io.github.pmckeown.dependencytrack.AbstractDependencyTrackMojo.execute(AbstractDependencyTrackMojo.java:77)
	at io.github.pmckeown.dependencytrack.upload.UploadBomMojoIntegrationTest.thatBomCanBeUploadedSuccessfully(UploadBomMojoIntegrationTest.java:46)
	at java.base/jdk.internal.reflect.NativeMethodAccessorImpl.invoke0(Native Method)
	at java.base/jdk.internal.reflect.NativeMethodAccessorImpl.invoke(NativeMethodAccessorImpl.java:62)
	at java.base/jdk.internal.reflect.DelegatingMethodAccessorImpl.invoke(DelegatingMethodAccessorImpl.java:43)
	at java.base/java.lang.reflect.Method.invoke(Method.java:566)
	at org.junit.runners.model.FrameworkMethod$1.runReflectiveCall(FrameworkMethod.java:59)
	at org.junit.internal.runners.model.ReflectiveCallable.run(ReflectiveCallable.java:12)
	at org.junit.runners.model.FrameworkMethod.invokeExplosively(FrameworkMethod.java:56)
	at org.junit.internal.runners.statements.InvokeMethod.evaluate(InvokeMethod.java:17)
	at org.junit.internal.runners.statements.RunBefores.evaluate(RunBefores.java:26)
	at org.apache.maven.plugin.testing.MojoRule$2.evaluate(MojoRule.java:308)
	at com.github.tomakehurst.wiremock.junit.WireMockRule$1.evaluate(WireMockRule.java:79)
	at org.junit.runners.ParentRunner$3.evaluate(ParentRunner.java:306)
	at org.junit.runners.BlockJUnit4ClassRunner$1.evaluate(BlockJUnit4ClassRunner.java:100)
	at org.junit.runners.ParentRunner.runLeaf(ParentRunner.java:366)
	at org.junit.runners.BlockJUnit4ClassRunner.runChild(BlockJUnit4ClassRunner.java:103)
	at org.junit.runners.BlockJUnit4ClassRunner.runChild(BlockJUnit4ClassRunner.java:63)
	at org.junit.runners.ParentRunner$4.run(ParentRunner.java:331)
	at org.junit.runners.ParentRunner$1.schedule(ParentRunner.java:79)
	at org.junit.runners.ParentRunner.runChildren(ParentRunner.java:329)
	at org.junit.runners.ParentRunner.access$100(ParentRunner.java:66)
	at org.junit.runners.ParentRunner$2.evaluate(ParentRunner.java:293)
	at org.junit.runners.ParentRunner$3.evaluate(ParentRunner.java:306)
	at org.junit.runners.ParentRunner.run(ParentRunner.java:413)
	at org.apache.maven.surefire.junit4.JUnit4Provider.execute(JUnit4Provider.java:365)
	at org.apache.maven.surefire.junit4.JUnit4Provider.executeWithRerun(JUnit4Provider.java:273)
	at org.apache.maven.surefire.junit4.JUnit4Provider.executeTestSet(JUnit4Provider.java:238)
	at org.apache.maven.surefire.junit4.JUnit4Provider.invoke(JUnit4Provider.java:159)
	at org.apache.maven.surefire.booter.ForkedBooter.invokeProviderInSameClassLoader(ForkedBooter.java:384)
	at org.apache.maven.surefire.booter.ForkedBooter.runSuitesInProcess(ForkedBooter.java:345)
	at org.apache.maven.surefire.booter.ForkedBooter.execute(ForkedBooter.java:126)
	at org.apache.maven.surefire.booter.ForkedBooter.main(ForkedBooter.java:418)
Caused by: io.github.pmckeown.dependencytrack.DependencyTrackException: Failure integrating with Dependency Track: 200 OK
	at io.github.pmckeown.dependencytrack.upload.UploadBomAction.doUpload(UploadBomAction.java:90)
	... 35 more

[info] Project Name: dependency-track-maven-plugin-test-project
[info] Project Version: 0.0.1-SNAPSHOT
[info] Plugin is configured to wait for BOM processing to complete
[debug] Error occurred during upload

io.github.pmckeown.dependencytrack.DependencyTrackException: java.net.UnknownHostException: localghost
	at io.github.pmckeown.dependencytrack.upload.UploadBomAction.doUpload(UploadBomAction.java:93)
	at io.github.pmckeown.dependencytrack.upload.UploadBomAction.upload(UploadBomAction.java:49)
	at io.github.pmckeown.dependencytrack.upload.UploadBomMojo.performAction(UploadBomMojo.java:62)
	at io.github.pmckeown.dependencytrack.AbstractDependencyTrackMojo.execute(AbstractDependencyTrackMojo.java:77)
	at io.github.pmckeown.dependencytrack.upload.UploadBomMojoIntegrationTest.thatWhenFailOnErrorIsTrueAFailureToConnectToDependencyTrackDoesFailTheBuild(UploadBomMojoIntegrationTest.java:118)
	at java.base/jdk.internal.reflect.NativeMethodAccessorImpl.invoke0(Native Method)
	at java.base/jdk.internal.reflect.NativeMethodAccessorImpl.invoke(NativeMethodAccessorImpl.java:62)
	at java.base/jdk.internal.reflect.DelegatingMethodAccessorImpl.invoke(DelegatingMethodAccessorImpl.java:43)
	at java.base/java.lang.reflect.Method.invoke(Method.java:566)
	at org.junit.runners.model.FrameworkMethod$1.runReflectiveCall(FrameworkMethod.java:59)
	at org.junit.internal.runners.model.ReflectiveCallable.run(ReflectiveCallable.java:12)
	at org.junit.runners.model.FrameworkMethod.invokeExplosively(FrameworkMethod.java:56)
	at org.junit.internal.runners.statements.InvokeMethod.evaluate(InvokeMethod.java:17)
	at org.junit.internal.runners.statements.RunBefores.evaluate(RunBefores.java:26)
	at org.apache.maven.plugin.testing.MojoRule$2.evaluate(MojoRule.java:308)
	at com.github.tomakehurst.wiremock.junit.WireMockRule$1.evaluate(WireMockRule.java:79)
	at org.junit.runners.ParentRunner$3.evaluate(ParentRunner.java:306)
	at org.junit.runners.BlockJUnit4ClassRunner$1.evaluate(BlockJUnit4ClassRunner.java:100)
	at org.junit.runners.ParentRunner.runLeaf(ParentRunner.java:366)
	at org.junit.runners.BlockJUnit4ClassRunner.runChild(BlockJUnit4ClassRunner.java:103)
	at org.junit.runners.BlockJUnit4ClassRunner.runChild(BlockJUnit4ClassRunner.java:63)
	at org.junit.runners.ParentRunner$4.run(ParentRunner.java:331)
	at org.junit.runners.ParentRunner$1.schedule(ParentRunner.java:79)
	at org.junit.runners.ParentRunner.runChildren(ParentRunner.java:329)
	at org.junit.runners.ParentRunner.access$100(ParentRunner.java:66)
	at org.junit.runners.ParentRunner$2.evaluate(ParentRunner.java:293)
	at org.junit.runners.ParentRunner$3.evaluate(ParentRunner.java:306)
	at org.junit.runners.ParentRunner.run(ParentRunner.java:413)
	at org.apache.maven.surefire.junit4.JUnit4Provider.execute(JUnit4Provider.java:365)
	at org.apache.maven.surefire.junit4.JUnit4Provider.executeWithRerun(JUnit4Provider.java:273)
	at org.apache.maven.surefire.junit4.JUnit4Provider.executeTestSet(JUnit4Provider.java:238)
	at org.apache.maven.surefire.junit4.JUnit4Provider.invoke(JUnit4Provider.java:159)
	at org.apache.maven.surefire.booter.ForkedBooter.invokeProviderInSameClassLoader(ForkedBooter.java:384)
	at org.apache.maven.surefire.booter.ForkedBooter.runSuitesInProcess(ForkedBooter.java:345)
	at org.apache.maven.surefire.booter.ForkedBooter.execute(ForkedBooter.java:126)
	at org.apache.maven.surefire.booter.ForkedBooter.main(ForkedBooter.java:418)
Caused by: kong.unirest.UnirestException: java.net.UnknownHostException: localghost
	at kong.unirest.DefaultInterceptor.onFail(DefaultInterceptor.java:43)
	at kong.unirest.CompoundInterceptor.lambda$onFail$2(CompoundInterceptor.java:54)
	at java.base/java.util.stream.ReferencePipeline$3$1.accept(ReferencePipeline.java:195)
	at java.base/java.util.Collections$2.tryAdvance(Collections.java:4747)
	at java.base/java.util.stream.ReferencePipeline.forEachWithCancel(ReferencePipeline.java:127)
	at java.base/java.util.stream.AbstractPipeline.copyIntoWithCancel(AbstractPipeline.java:502)
	at java.base/java.util.stream.AbstractPipeline.copyInto(AbstractPipeline.java:488)
	at java.base/java.util.stream.AbstractPipeline.wrapAndCopyInto(AbstractPipeline.java:474)
	at java.base/java.util.stream.FindOps$FindOp.evaluateSequential(FindOps.java:150)
	at java.base/java.util.stream.AbstractPipeline.evaluate(AbstractPipeline.java:234)
	at java.base/java.util.stream.ReferencePipeline.findFirst(ReferencePipeline.java:543)
	at kong.unirest.CompoundInterceptor.onFail(CompoundInterceptor.java:56)
	at kong.unirest.apache.ApacheClient.request(ApacheClient.java:138)
	at kong.unirest.Client.request(Client.java:57)
	at kong.unirest.BaseRequest.request(BaseRequest.java:359)
	at kong.unirest.BaseRequest.asObject(BaseRequest.java:265)
	at io.github.pmckeown.dependencytrack.upload.BomClient.uploadBom(BomClient.java:57)
	at io.github.pmckeown.dependencytrack.upload.UploadBomAction.doUpload(UploadBomAction.java:80)
	... 35 more
Caused by: java.net.UnknownHostException: localghost
	at java.base/java.net.InetAddress$CachedAddresses.get(InetAddress.java:797)
	at java.base/java.net.InetAddress.getAllByName0(InetAddress.java:1519)
	at java.base/java.net.InetAddress.getAllByName(InetAddress.java:1378)
	at java.base/java.net.InetAddress.getAllByName(InetAddress.java:1306)
	at unirest.shaded.org.apache.http.impl.conn.SystemDefaultDnsResolver.resolve(SystemDefaultDnsResolver.java:45)
	at unirest.shaded.org.apache.http.impl.conn.DefaultHttpClientConnectionOperator.connect(DefaultHttpClientConnectionOperator.java:112)
	at unirest.shaded.org.apache.http.impl.conn.PoolingHttpClientConnectionManager.connect(PoolingHttpClientConnectionManager.java:376)
	at unirest.shaded.org.apache.http.impl.execchain.MainClientExec.establishRoute(MainClientExec.java:393)
	at unirest.shaded.org.apache.http.impl.execchain.MainClientExec.execute(MainClientExec.java:236)
	at unirest.shaded.org.apache.http.impl.execchain.ProtocolExec.execute(ProtocolExec.java:186)
	at unirest.shaded.org.apache.http.impl.execchain.RetryExec.execute(RetryExec.java:89)
	at unirest.shaded.org.apache.http.impl.execchain.RedirectExec.execute(RedirectExec.java:110)
	at unirest.shaded.org.apache.http.impl.client.InternalHttpClient.doExecute(InternalHttpClient.java:185)
	at unirest.shaded.org.apache.http.impl.client.CloseableHttpClient.execute(CloseableHttpClient.java:118)
	at unirest.shaded.org.apache.http.impl.client.CloseableHttpClient.execute(CloseableHttpClient.java:56)
	at kong.unirest.apache.ApacheClient.request(ApacheClient.java:129)
	... 40 more

[info] Project Name: dependency-track-maven-plugin-test-project
[info] Project Version: 0.0.1-SNAPSHOT
[info] Plugin is configured to wait for BOM processing to complete
[error] Failure integrating with Dependency Track: 200 OK
[debug] Error occurred during upload

io.github.pmckeown.dependencytrack.DependencyTrackException: Failure integrating with Dependency Track: 200 OK
	at io.github.pmckeown.dependencytrack.upload.UploadBomAction.doUpload(UploadBomAction.java:93)
	at io.github.pmckeown.dependencytrack.upload.UploadBomAction.upload(UploadBomAction.java:49)
	at io.github.pmckeown.dependencytrack.upload.UploadBomMojo.performAction(UploadBomMojo.java:62)
	at io.github.pmckeown.dependencytrack.AbstractDependencyTrackMojo.execute(AbstractDependencyTrackMojo.java:77)
	at io.github.pmckeown.dependencytrack.upload.UploadBomMojoIntegrationTest.thatProjectNameDefaultsToArtifactId(UploadBomMojoIntegrationTest.java:147)
	at java.base/jdk.internal.reflect.NativeMethodAccessorImpl.invoke0(Native Method)
	at java.base/jdk.internal.reflect.NativeMethodAccessorImpl.invoke(NativeMethodAccessorImpl.java:62)
	at java.base/jdk.internal.reflect.DelegatingMethodAccessorImpl.invoke(DelegatingMethodAccessorImpl.java:43)
	at java.base/java.lang.reflect.Method.invoke(Method.java:566)
	at org.junit.runners.model.FrameworkMethod$1.runReflectiveCall(FrameworkMethod.java:59)
	at org.junit.internal.runners.model.ReflectiveCallable.run(ReflectiveCallable.java:12)
	at org.junit.runners.model.FrameworkMethod.invokeExplosively(FrameworkMethod.java:56)
	at org.junit.internal.runners.statements.InvokeMethod.evaluate(InvokeMethod.java:17)
	at org.junit.internal.runners.statements.RunBefores.evaluate(RunBefores.java:26)
	at org.apache.maven.plugin.testing.MojoRule$2.evaluate(MojoRule.java:308)
	at com.github.tomakehurst.wiremock.junit.WireMockRule$1.evaluate(WireMockRule.java:79)
	at org.junit.runners.ParentRunner$3.evaluate(ParentRunner.java:306)
	at org.junit.runners.BlockJUnit4ClassRunner$1.evaluate(BlockJUnit4ClassRunner.java:100)
	at org.junit.runners.ParentRunner.runLeaf(ParentRunner.java:366)
	at org.junit.runners.BlockJUnit4ClassRunner.runChild(BlockJUnit4ClassRunner.java:103)
	at org.junit.runners.BlockJUnit4ClassRunner.runChild(BlockJUnit4ClassRunner.java:63)
	at org.junit.runners.ParentRunner$4.run(ParentRunner.java:331)
	at org.junit.runners.ParentRunner$1.schedule(ParentRunner.java:79)
	at org.junit.runners.ParentRunner.runChildren(ParentRunner.java:329)
	at org.junit.runners.ParentRunner.access$100(ParentRunner.java:66)
	at org.junit.runners.ParentRunner$2.evaluate(ParentRunner.java:293)
	at org.junit.runners.ParentRunner$3.evaluate(ParentRunner.java:306)
	at org.junit.runners.ParentRunner.run(ParentRunner.java:413)
	at org.apache.maven.surefire.junit4.JUnit4Provider.execute(JUnit4Provider.java:365)
	at org.apache.maven.surefire.junit4.JUnit4Provider.executeWithRerun(JUnit4Provider.java:273)
	at org.apache.maven.surefire.junit4.JUnit4Provider.executeTestSet(JUnit4Provider.java:238)
	at org.apache.maven.surefire.junit4.JUnit4Provider.invoke(JUnit4Provider.java:159)
	at org.apache.maven.surefire.booter.ForkedBooter.invokeProviderInSameClassLoader(ForkedBooter.java:384)
	at org.apache.maven.surefire.booter.ForkedBooter.runSuitesInProcess(ForkedBooter.java:345)
	at org.apache.maven.surefire.booter.ForkedBooter.execute(ForkedBooter.java:126)
	at org.apache.maven.surefire.booter.ForkedBooter.main(ForkedBooter.java:418)
Caused by: io.github.pmckeown.dependencytrack.DependencyTrackException: Failure integrating with Dependency Track: 200 OK
	at io.github.pmckeown.dependencytrack.upload.UploadBomAction.doUpload(UploadBomAction.java:90)
	... 35 more

[info] Project Name: test-project
[info] Project Version: 0.0.1-SNAPSHOT
[info] Plugin is configured to wait for BOM processing to complete
[error] Failure integrating with Dependency Track: 200 OK
[debug] Error occurred during upload

io.github.pmckeown.dependencytrack.DependencyTrackException: Failure integrating with Dependency Track: 200 OK
	at io.github.pmckeown.dependencytrack.upload.UploadBomAction.doUpload(UploadBomAction.java:93)
	at io.github.pmckeown.dependencytrack.upload.UploadBomAction.upload(UploadBomAction.java:49)
	at io.github.pmckeown.dependencytrack.upload.UploadBomMojo.performAction(UploadBomMojo.java:62)
	at io.github.pmckeown.dependencytrack.AbstractDependencyTrackMojo.execute(AbstractDependencyTrackMojo.java:77)
	at io.github.pmckeown.dependencytrack.upload.UploadBomMojoIntegrationTest.thatProjectNameCanBeProvided(UploadBomMojoIntegrationTest.java:133)
	at java.base/jdk.internal.reflect.NativeMethodAccessorImpl.invoke0(Native Method)
	at java.base/jdk.internal.reflect.NativeMethodAccessorImpl.invoke(NativeMethodAccessorImpl.java:62)
	at java.base/jdk.internal.reflect.DelegatingMethodAccessorImpl.invoke(DelegatingMethodAccessorImpl.java:43)
	at java.base/java.lang.reflect.Method.invoke(Method.java:566)
	at org.junit.runners.model.FrameworkMethod$1.runReflectiveCall(FrameworkMethod.java:59)
	at org.junit.internal.runners.model.ReflectiveCallable.run(ReflectiveCallable.java:12)
	at org.junit.runners.model.FrameworkMethod.invokeExplosively(FrameworkMethod.java:56)
	at org.junit.internal.runners.statements.InvokeMethod.evaluate(InvokeMethod.java:17)
	at org.junit.internal.runners.statements.RunBefores.evaluate(RunBefores.java:26)
	at org.apache.maven.plugin.testing.MojoRule$2.evaluate(MojoRule.java:308)
	at com.github.tomakehurst.wiremock.junit.WireMockRule$1.evaluate(WireMockRule.java:79)
	at org.junit.runners.ParentRunner$3.evaluate(ParentRunner.java:306)
	at org.junit.runners.BlockJUnit4ClassRunner$1.evaluate(BlockJUnit4ClassRunner.java:100)
	at org.junit.runners.ParentRunner.runLeaf(ParentRunner.java:366)
	at org.junit.runners.BlockJUnit4ClassRunner.runChild(BlockJUnit4ClassRunner.java:103)
	at org.junit.runners.BlockJUnit4ClassRunner.runChild(BlockJUnit4ClassRunner.java:63)
	at org.junit.runners.ParentRunner$4.run(ParentRunner.java:331)
	at org.junit.runners.ParentRunner$1.schedule(ParentRunner.java:79)
	at org.junit.runners.ParentRunner.runChildren(ParentRunner.java:329)
	at org.junit.runners.ParentRunner.access$100(ParentRunner.java:66)
	at org.junit.runners.ParentRunner$2.evaluate(ParentRunner.java:293)
	at org.junit.runners.ParentRunner$3.evaluate(ParentRunner.java:306)
	at org.junit.runners.ParentRunner.run(ParentRunner.java:413)
	at org.apache.maven.surefire.junit4.JUnit4Provider.execute(JUnit4Provider.java:365)
	at org.apache.maven.surefire.junit4.JUnit4Provider.executeWithRerun(JUnit4Provider.java:273)
	at org.apache.maven.surefire.junit4.JUnit4Provider.executeTestSet(JUnit4Provider.java:238)
	at org.apache.maven.surefire.junit4.JUnit4Provider.invoke(JUnit4Provider.java:159)
	at org.apache.maven.surefire.booter.ForkedBooter.invokeProviderInSameClassLoader(ForkedBooter.java:384)
	at org.apache.maven.surefire.booter.ForkedBooter.runSuitesInProcess(ForkedBooter.java:345)
	at org.apache.maven.surefire.booter.ForkedBooter.execute(ForkedBooter.java:126)
	at org.apache.maven.surefire.booter.ForkedBooter.main(ForkedBooter.java:418)
Caused by: io.github.pmckeown.dependencytrack.DependencyTrackException: Failure integrating with Dependency Track: 200 OK
	at io.github.pmckeown.dependencytrack.upload.UploadBomAction.doUpload(UploadBomAction.java:90)
	... 35 more

[INFO] Tests run: 10, Failures: 0, Errors: 0, Skipped: 0, Time elapsed: 1.004 s - in io.github.pmckeown.dependencytrack.upload.UploadBomMojoIntegrationTest
[INFO] Running io.github.pmckeown.dependencytrack.upload.UploadBomMojoTest
[INFO] Tests run: 2, Failures: 0, Errors: 0, Skipped: 0, Time elapsed: 0.256 s - in io.github.pmckeown.dependencytrack.upload.UploadBomMojoTest
[INFO] Running io.github.pmckeown.dependencytrack.upload.UploadBomActionTest
[INFO] Tests run: 5, Failures: 0, Errors: 0, Skipped: 0, Time elapsed: 0.03 s - in io.github.pmckeown.dependencytrack.upload.UploadBomActionTest
[INFO] Running io.github.pmckeown.dependencytrack.PollingConfigTest
[INFO] Tests run: 2, Failures: 0, Errors: 0, Skipped: 0, Time elapsed: 0 s - in io.github.pmckeown.dependencytrack.PollingConfigTest
[INFO] Running io.github.pmckeown.dependencytrack.metrics.MetricsActionTest
[INFO] Tests run: 6, Failures: 0, Errors: 0, Skipped: 0, Time elapsed: 0.011 s - in io.github.pmckeown.dependencytrack.metrics.MetricsActionTest
[INFO] Running io.github.pmckeown.dependencytrack.metrics.MetricsClientTest
[INFO] Tests run: 2, Failures: 0, Errors: 0, Skipped: 0, Time elapsed: 0.056 s - in io.github.pmckeown.dependencytrack.metrics.MetricsClientTest
[INFO] Running io.github.pmckeown.dependencytrack.metrics.MetricsPrinterTest
[INFO] Tests run: 15, Failures: 0, Errors: 0, Skipped: 0, Time elapsed: 0.054 s - in io.github.pmckeown.dependencytrack.metrics.MetricsPrinterTest
[INFO] Running io.github.pmckeown.dependencytrack.metrics.MetricsAnalyserTest
[INFO] Tests run: 6, Failures: 0, Errors: 0, Skipped: 0, Time elapsed: 0 s - in io.github.pmckeown.dependencytrack.metrics.MetricsAnalyserTest
[INFO] Running io.github.pmckeown.dependencytrack.metrics.MetricsMojoIntegrationTest
[info] ========================================================================
[info]                             Metric | Value
[info] ========================================================================
[info]               Inherited Risk Score | 0
[info]                           Critical | 101
[info]                               High | 201
[info]                             Medium | 301
[info]                                Low | 401
[info]                         Unassigned | 501
[info]                    Vulnerabilities | 0
[info]              Vulnerable Components | 0
[info]                         Components | 0
[info]                         Suppressed | 0
[info]                     Findings Total | 0
[info]                   Findings Audited | 0
[info]                 Findings Unaudited | 0
[info]                   First Occurrence | 2023-01-07T02:55:12.365Z
[info]                    Last Occurrence | 2023-01-07T02:55:12.365Z
[info] ========================================================================
[info] Comparing project metrics against defined thresholds
[warn] Number of Critical issues [101] exceeds the maximum allowed [100]
[warn] Number of High issues [201] exceeds the maximum allowed [200]
[warn] Number of Medium issues [301] exceeds the maximum allowed [300]
[warn] Number of Low issues [401] exceeds the maximum allowed [400]
[warn] Number of Unassigned issues [501] exceeds the maximum allowed [500]
[info] ========================================================================
[info]                             Metric | Value
[info] ========================================================================
[info]               Inherited Risk Score | 3
[info]                           Critical | 0
[info]                               High | 0
[info]                             Medium | 1
[info]                                Low | 0
[info]                         Unassigned | 0
[info]                    Vulnerabilities | 1
[info]              Vulnerable Components | 1
[info]                         Components | 151
[info]                         Suppressed | 0
[info]                     Findings Total | 1
[info]                   Findings Audited | 0
[info]                 Findings Unaudited | 1
[info]                   First Occurrence | 2019-07-04T06:57:56.643Z
[info]                    Last Occurrence | 2019-07-04T06:57:56.643Z
[info] ========================================================================
[info] Polling for metrics from the Dependency-Track server
[info] ========================================================================
[info]                             Metric | Value
[info] ========================================================================
[info]               Inherited Risk Score | 3
[info]                           Critical | 0
[info]                               High | 0
[info]                             Medium | 1
[info]                                Low | 0
[info]                         Unassigned | 0
[info]                    Vulnerabilities | 1
[info]              Vulnerable Components | 1
[info]                         Components | 151
[info]                         Suppressed | 0
[info]                     Findings Total | 1
[info]                   Findings Audited | 0
[info]                 Findings Unaudited | 1
[info]                   First Occurrence | 2019-07-04T06:56:55.567Z
[info]                    Last Occurrence | 2019-07-04T06:56:55.567Z
[info] ========================================================================
[info] dependency-track.skip = true: Skipping analysis.
[info] Polling for metrics from the Dependency-Track server
[error] Call 'io.github.pmckeown.dependencytrack.metrics.MetricsAction$$Lambda$204/0x0000000840529c40@52cad4ce' failed after 1 tries!
[debug] Failed to get Metrics for project: 8977c66f-b310-45b5-bb6a-e63e9eb7c4ce

io.github.pmckeown.dependencytrack.DependencyTrackException: Failed to get Metrics for project: 8977c66f-b310-45b5-bb6a-e63e9eb7c4ce
	at io.github.pmckeown.dependencytrack.metrics.MetricsAction.getMetrics(MetricsAction.java:43)
	at io.github.pmckeown.dependencytrack.metrics.MetricsMojo.getMetrics(MetricsMojo.java:96)
	at io.github.pmckeown.dependencytrack.metrics.MetricsMojo.performAction(MetricsMojo.java:81)
	at io.github.pmckeown.dependencytrack.AbstractDependencyTrackMojo.execute(AbstractDependencyTrackMojo.java:77)
	at io.github.pmckeown.dependencytrack.metrics.MetricsMojoIntegrationTest.thatExceptionIsThrownWhenMetricsCannotBeRetrievedForCurrentProject(MetricsMojoIntegrationTest.java:85)
	at java.base/jdk.internal.reflect.NativeMethodAccessorImpl.invoke0(Native Method)
	at java.base/jdk.internal.reflect.NativeMethodAccessorImpl.invoke(NativeMethodAccessorImpl.java:62)
	at java.base/jdk.internal.reflect.DelegatingMethodAccessorImpl.invoke(DelegatingMethodAccessorImpl.java:43)
	at java.base/java.lang.reflect.Method.invoke(Method.java:566)
	at org.junit.runners.model.FrameworkMethod$1.runReflectiveCall(FrameworkMethod.java:59)
	at org.junit.internal.runners.model.ReflectiveCallable.run(ReflectiveCallable.java:12)
	at org.junit.runners.model.FrameworkMethod.invokeExplosively(FrameworkMethod.java:56)
	at org.junit.internal.runners.statements.InvokeMethod.evaluate(InvokeMethod.java:17)
	at org.junit.internal.runners.statements.RunBefores.evaluate(RunBefores.java:26)
	at org.apache.maven.plugin.testing.MojoRule$2.evaluate(MojoRule.java:308)
	at com.github.tomakehurst.wiremock.junit.WireMockRule$1.evaluate(WireMockRule.java:79)
	at org.junit.runners.ParentRunner$3.evaluate(ParentRunner.java:306)
	at org.junit.runners.BlockJUnit4ClassRunner$1.evaluate(BlockJUnit4ClassRunner.java:100)
	at org.junit.runners.ParentRunner.runLeaf(ParentRunner.java:366)
	at org.junit.runners.BlockJUnit4ClassRunner.runChild(BlockJUnit4ClassRunner.java:103)
	at org.junit.runners.BlockJUnit4ClassRunner.runChild(BlockJUnit4ClassRunner.java:63)
	at org.junit.runners.ParentRunner$4.run(ParentRunner.java:331)
	at org.junit.runners.ParentRunner$1.schedule(ParentRunner.java:79)
	at org.junit.runners.ParentRunner.runChildren(ParentRunner.java:329)
	at org.junit.runners.ParentRunner.access$100(ParentRunner.java:66)
	at org.junit.runners.ParentRunner$2.evaluate(ParentRunner.java:293)
	at org.junit.runners.ParentRunner$3.evaluate(ParentRunner.java:306)
	at org.junit.runners.ParentRunner.run(ParentRunner.java:413)
	at org.apache.maven.surefire.junit4.JUnit4Provider.execute(JUnit4Provider.java:365)
	at org.apache.maven.surefire.junit4.JUnit4Provider.executeWithRerun(JUnit4Provider.java:273)
	at org.apache.maven.surefire.junit4.JUnit4Provider.executeTestSet(JUnit4Provider.java:238)
	at org.apache.maven.surefire.junit4.JUnit4Provider.invoke(JUnit4Provider.java:159)
	at org.apache.maven.surefire.booter.ForkedBooter.invokeProviderInSameClassLoader(ForkedBooter.java:384)
	at org.apache.maven.surefire.booter.ForkedBooter.runSuitesInProcess(ForkedBooter.java:345)
	at org.apache.maven.surefire.booter.ForkedBooter.execute(ForkedBooter.java:126)
	at org.apache.maven.surefire.booter.ForkedBooter.main(ForkedBooter.java:418)

[INFO] Tests run: 5, Failures: 0, Errors: 0, Skipped: 0, Time elapsed: 0.486 s - in io.github.pmckeown.dependencytrack.metrics.MetricsMojoIntegrationTest
[INFO] Running io.github.pmckeown.util.BomEncoderTest
[INFO] Tests run: 2, Failures: 0, Errors: 0, Skipped: 0, Time elapsed: 0.006 s - in io.github.pmckeown.util.BomEncoderTest
[INFO] Running io.github.pmckeown.util.LoggerTest
[INFO] Tests run: 9, Failures: 0, Errors: 0, Skipped: 0, Time elapsed: 0.018 s - in io.github.pmckeown.util.LoggerTest
[INFO] 
[INFO] Results:
[INFO] 
[INFO] Tests run: 162, Failures: 0, Errors: 0, Skipped: 0
[INFO] 
[INFO] ------------------------------------------------------------------------
[INFO] BUILD SUCCESS
[INFO] ------------------------------------------------------------------------
[INFO] Total time:  14.918 s
[INFO] Finished at: 2023-01-07T02:55:13Z
[INFO] ------------------------------------------------------------------------
