[INFO] Scanning for projects...
[INFO] ------------------------------------------------------------------------
[INFO] Reactor Build Order:
[INFO] 
[INFO] Elementary Project                                                 [pom]
[INFO] Utilitary                                                          [jar]
[INFO] Elementary                                                         [jar]
[INFO] Satisfactory                                                       [jar]
[INFO] 
[INFO] ------------------< com.karuslabs:elementary-project >------------------
[INFO] Building Elementary Project 1.2.0-SNAPSHOT                         [1/4]
[INFO] --------------------------------[ pom ]---------------------------------
[INFO] 
[INFO] --- maven-clean-plugin:2.5:clean (default-clean) @ elementary-project ---
[INFO] 
[INFO] --- jacoco-maven-plugin:0.8.7:prepare-agent (default) @ elementary-project ---
[INFO] argLine set to -javaagent:/home/gabsko/.m2/repository/org/jacoco/org.jacoco.agent/0.8.7/org.jacoco.agent-0.8.7-runtime.jar=destfile=/home/gabsko/breaking-updates/target/jacoco.exec
[INFO] 
[INFO] ----------------------< com.karuslabs:utilitary >-----------------------
[INFO] Building Utilitary 1.2.0-SNAPSHOT                                  [2/4]
[INFO] --------------------------------[ jar ]---------------------------------
[WARNING] The POM for com.karuslabs:annotations:jar:4.9.0-SNAPSHOT is missing, no dependency information available
[INFO] 
[INFO] --- maven-clean-plugin:2.5:clean (default-clean) @ utilitary ---
[INFO] 
[INFO] --- jacoco-maven-plugin:0.8.7:prepare-agent (default) @ utilitary ---
[INFO] argLine set to -javaagent:/home/gabsko/.m2/repository/org/jacoco/org.jacoco.agent/0.8.7/org.jacoco.agent-0.8.7-runtime.jar=destfile=/home/gabsko/breaking-updates/utilitary/target/jacoco.exec
[INFO] 
[INFO] --- maven-resources-plugin:3.2.0:resources (default-resources) @ utilitary ---
[INFO] Using 'UTF-8' encoding to copy filtered resources.
[INFO] Using 'UTF-8' encoding to copy filtered properties files.
[INFO] skip non existing resourceDirectory /home/gabsko/breaking-updates/utilitary/src/main/resources
[INFO] 
[INFO] --- maven-compiler-plugin:3.8.1:compile (default-compile) @ utilitary ---
[INFO] Changes detected - recompiling the module!
[INFO] Compiling 22 source files to /home/gabsko/breaking-updates/utilitary/target/classes
[INFO] /home/gabsko/breaking-updates/utilitary/src/main/java/com/karuslabs/utilitary/snippet/Part.java: /home/gabsko/breaking-updates/utilitary/src/main/java/com/karuslabs/utilitary/snippet/Part.java uses unchecked or unsafe operations.
[INFO] /home/gabsko/breaking-updates/utilitary/src/main/java/com/karuslabs/utilitary/snippet/Part.java: Recompile with -Xlint:unchecked for details.
[INFO] 
[INFO] ----------------------< com.karuslabs:elementary >----------------------
[INFO] Building Elementary 1.2.0-SNAPSHOT                                 [3/4]
[INFO] --------------------------------[ jar ]---------------------------------
[INFO] 
[INFO] --- maven-clean-plugin:2.5:clean (default-clean) @ elementary ---
[INFO] 
[INFO] --- jacoco-maven-plugin:0.8.7:prepare-agent (default) @ elementary ---
[INFO] argLine set to -javaagent:/home/gabsko/.m2/repository/org/jacoco/org.jacoco.agent/0.8.7/org.jacoco.agent-0.8.7-runtime.jar=destfile=/home/gabsko/breaking-updates/elementary/target/jacoco.exec
[INFO] 
[INFO] --- maven-resources-plugin:3.2.0:resources (default-resources) @ elementary ---
[INFO] Using 'UTF-8' encoding to copy filtered resources.
[INFO] Using 'UTF-8' encoding to copy filtered properties files.
[INFO] skip non existing resourceDirectory /home/gabsko/breaking-updates/elementary/src/main/resources
[INFO] 
[INFO] --- maven-compiler-plugin:3.8.1:compile (default-compile) @ elementary ---
[INFO] Changes detected - recompiling the module!
[INFO] Compiling 31 source files to /home/gabsko/breaking-updates/elementary/target/classes
[INFO] 
[INFO] ---------------------< com.karuslabs:satisfactory >---------------------
[INFO] Building Satisfactory 1.2.0-SNAPSHOT                               [4/4]
[INFO] --------------------------------[ jar ]---------------------------------
[INFO] 
[INFO] --- maven-clean-plugin:2.5:clean (default-clean) @ satisfactory ---
[INFO] 
[INFO] --- jacoco-maven-plugin:0.8.7:prepare-agent (default) @ satisfactory ---
[INFO] argLine set to -javaagent:/home/gabsko/.m2/repository/org/jacoco/org.jacoco.agent/0.8.7/org.jacoco.agent-0.8.7-runtime.jar=destfile=/home/gabsko/breaking-updates/satisfactory/target/jacoco.exec
[INFO] 
[INFO] --- maven-resources-plugin:3.2.0:resources (default-resources) @ satisfactory ---
[INFO] Using 'UTF-8' encoding to copy filtered resources.
[INFO] Using 'UTF-8' encoding to copy filtered properties files.
[INFO] skip non existing resourceDirectory /home/gabsko/breaking-updates/satisfactory/src/main/resources
[INFO] 
[INFO] --- maven-compiler-plugin:3.8.1:compile (default-compile) @ satisfactory ---
[INFO] Changes detected - recompiling the module!
[INFO] Compiling 21 source files to /home/gabsko/breaking-updates/satisfactory/target/classes
[INFO] /home/gabsko/breaking-updates/satisfactory/src/main/java/com/karuslabs/satisfactory/sequence/TimeSequence.java: Some input files use unchecked or unsafe operations.
[INFO] /home/gabsko/breaking-updates/satisfactory/src/main/java/com/karuslabs/satisfactory/sequence/TimeSequence.java: Recompile with -Xlint:unchecked for details.
[INFO] -------------------------------------------------------------
[ERROR] COMPILATION ERROR : 
[INFO] -------------------------------------------------------------
[ERROR] /home/gabsko/breaking-updates/satisfactory/src/main/java/com/karuslabs/satisfactory/sequence/TimeSequence.java:[26,36] package com.karuslabs.utilitary.text does not exist
[ERROR] /home/gabsko/breaking-updates/satisfactory/src/main/java/com/karuslabs/satisfactory/sequence/Sequence.java:[28,36] package com.karuslabs.utilitary.text does not exist
[ERROR] /home/gabsko/breaking-updates/satisfactory/src/main/java/com/karuslabs/satisfactory/Annotations.java:[26,36] package com.karuslabs.utilitary.text does not exist
[ERROR] /home/gabsko/breaking-updates/satisfactory/src/main/java/com/karuslabs/satisfactory/Type.java:[26,36] package com.karuslabs.utilitary.text does not exist
[ERROR] /home/gabsko/breaking-updates/satisfactory/src/main/java/com/karuslabs/satisfactory/Variable.java:[35,43] package com.karuslabs.utilitary.text does not exist
[ERROR] /home/gabsko/breaking-updates/satisfactory/src/main/java/com/karuslabs/satisfactory/Variable.java:[35,1] static import only from classes and interfaces
[ERROR] /home/gabsko/breaking-updates/satisfactory/src/main/java/com/karuslabs/satisfactory/Modifiers.java:[26,36] package com.karuslabs.utilitary.text does not exist
[ERROR] /home/gabsko/breaking-updates/satisfactory/src/main/java/com/karuslabs/satisfactory/Modifiers.java:[32,43] package com.karuslabs.utilitary.text does not exist
[ERROR] /home/gabsko/breaking-updates/satisfactory/src/main/java/com/karuslabs/satisfactory/sequence/TimeSequence.java:[46,22] cannot find symbol
  symbol:   variable Texts
  location: class com.karuslabs.satisfactory.sequence.TimeSequence<T>
[ERROR] /home/gabsko/breaking-updates/satisfactory/src/main/java/com/karuslabs/satisfactory/Annotations.java:[82,43] cannot find symbol
  symbol:   variable Texts
  location: class com.karuslabs.satisfactory.ContainsAnnotations
[ERROR] /home/gabsko/breaking-updates/satisfactory/src/main/java/com/karuslabs/satisfactory/Type.java:[269,57] cannot find symbol
  symbol:   variable Texts
  location: class com.karuslabs.satisfactory.ClassType
[ERROR] /home/gabsko/breaking-updates/satisfactory/src/main/java/com/karuslabs/satisfactory/Type.java:[295,107] cannot find symbol
  symbol:   variable SIMPLE
  location: class com.karuslabs.utilitary.type.TypePrinter
[ERROR] /home/gabsko/breaking-updates/satisfactory/src/main/java/com/karuslabs/satisfactory/Type.java:[304,34] cannot find symbol
  symbol:   variable Texts
  location: class com.karuslabs.satisfactory.MirrorType
[ERROR] /home/gabsko/breaking-updates/satisfactory/src/main/java/com/karuslabs/satisfactory/Variable.java:[122,65] cannot find symbol
  symbol:   method join(java.lang.String,java.lang.String,java.lang.String)
  location: class com.karuslabs.satisfactory.Variable.Builder
[ERROR] /home/gabsko/breaking-updates/satisfactory/src/main/java/com/karuslabs/satisfactory/Modifiers.java:[82,77] cannot find symbol
  symbol:   variable SCREAMING_CASE
  location: class com.karuslabs.satisfactory.ContainsModifiers
[ERROR] /home/gabsko/breaking-updates/satisfactory/src/main/java/com/karuslabs/satisfactory/Modifiers.java:[82,49] cannot find symbol
  symbol:   variable Texts
  location: class com.karuslabs.satisfactory.ContainsModifiers
[ERROR] /home/gabsko/breaking-updates/satisfactory/src/main/java/com/karuslabs/satisfactory/Modifiers.java:[82,60] cannot find symbol
  symbol:   method sort(javax.lang.model.element.Modifier[])
  location: class com.karuslabs.satisfactory.ContainsModifiers
[ERROR] /home/gabsko/breaking-updates/satisfactory/src/main/java/com/karuslabs/satisfactory/Modifiers.java:[103,74] cannot find symbol
  symbol:   variable SCREAMING_CASE
  location: class com.karuslabs.satisfactory.EqualModifiers
[ERROR] /home/gabsko/breaking-updates/satisfactory/src/main/java/com/karuslabs/satisfactory/Modifiers.java:[103,46] cannot find symbol
  symbol:   variable Texts
  location: class com.karuslabs.satisfactory.EqualModifiers
[ERROR] /home/gabsko/breaking-updates/satisfactory/src/main/java/com/karuslabs/satisfactory/Modifiers.java:[103,57] cannot find symbol
  symbol:   method sort(javax.lang.model.element.Modifier[])
  location: class com.karuslabs.satisfactory.EqualModifiers
[ERROR] /home/gabsko/breaking-updates/satisfactory/src/main/java/com/karuslabs/satisfactory/sequence/Sequence.java:[90,22] cannot find symbol
  symbol:   variable Texts
  location: class com.karuslabs.satisfactory.sequence.EqualSequence<T>
[INFO] 21 errors 
[INFO] -------------------------------------------------------------
[INFO] ------------------------------------------------------------------------
[INFO] Reactor Summary for Elementary Project 1.2.0-SNAPSHOT:
[INFO] 
[INFO] Elementary Project ................................. SUCCESS [  0.276 s]
[INFO] Utilitary .......................................... SUCCESS [  1.046 s]
[INFO] Elementary ......................................... SUCCESS [  0.271 s]
[INFO] Satisfactory ....................................... FAILURE [  0.152 s]
[INFO] ------------------------------------------------------------------------
[INFO] BUILD FAILURE
[INFO] ------------------------------------------------------------------------
[INFO] Total time:  1.831 s
[INFO] Finished at: 2023-01-13T12:47:38Z
[INFO] ------------------------------------------------------------------------
[ERROR] Failed to execute goal org.apache.maven.plugins:maven-compiler-plugin:3.8.1:compile (default-compile) on project satisfactory: Compilation failure: Compilation failure: 
[ERROR] /home/gabsko/breaking-updates/satisfactory/src/main/java/com/karuslabs/satisfactory/sequence/TimeSequence.java:[26,36] package com.karuslabs.utilitary.text does not exist
[ERROR] /home/gabsko/breaking-updates/satisfactory/src/main/java/com/karuslabs/satisfactory/sequence/Sequence.java:[28,36] package com.karuslabs.utilitary.text does not exist
[ERROR] /home/gabsko/breaking-updates/satisfactory/src/main/java/com/karuslabs/satisfactory/Annotations.java:[26,36] package com.karuslabs.utilitary.text does not exist
[ERROR] /home/gabsko/breaking-updates/satisfactory/src/main/java/com/karuslabs/satisfactory/Type.java:[26,36] package com.karuslabs.utilitary.text does not exist
[ERROR] /home/gabsko/breaking-updates/satisfactory/src/main/java/com/karuslabs/satisfactory/Variable.java:[35,43] package com.karuslabs.utilitary.text does not exist
[ERROR] /home/gabsko/breaking-updates/satisfactory/src/main/java/com/karuslabs/satisfactory/Variable.java:[35,1] static import only from classes and interfaces
[ERROR] /home/gabsko/breaking-updates/satisfactory/src/main/java/com/karuslabs/satisfactory/Modifiers.java:[26,36] package com.karuslabs.utilitary.text does not exist
[ERROR] /home/gabsko/breaking-updates/satisfactory/src/main/java/com/karuslabs/satisfactory/Modifiers.java:[32,43] package com.karuslabs.utilitary.text does not exist
[ERROR] /home/gabsko/breaking-updates/satisfactory/src/main/java/com/karuslabs/satisfactory/sequence/TimeSequence.java:[46,22] cannot find symbol
[ERROR]   symbol:   variable Texts
[ERROR]   location: class com.karuslabs.satisfactory.sequence.TimeSequence<T>
[ERROR] /home/gabsko/breaking-updates/satisfactory/src/main/java/com/karuslabs/satisfactory/Annotations.java:[82,43] cannot find symbol
[ERROR]   symbol:   variable Texts
[ERROR]   location: class com.karuslabs.satisfactory.ContainsAnnotations
[ERROR] /home/gabsko/breaking-updates/satisfactory/src/main/java/com/karuslabs/satisfactory/Type.java:[269,57] cannot find symbol
[ERROR]   symbol:   variable Texts
[ERROR]   location: class com.karuslabs.satisfactory.ClassType
[ERROR] /home/gabsko/breaking-updates/satisfactory/src/main/java/com/karuslabs/satisfactory/Type.java:[295,107] cannot find symbol
[ERROR]   symbol:   variable SIMPLE
[ERROR]   location: class com.karuslabs.utilitary.type.TypePrinter
[ERROR] /home/gabsko/breaking-updates/satisfactory/src/main/java/com/karuslabs/satisfactory/Type.java:[304,34] cannot find symbol
[ERROR]   symbol:   variable Texts
[ERROR]   location: class com.karuslabs.satisfactory.MirrorType
[ERROR] /home/gabsko/breaking-updates/satisfactory/src/main/java/com/karuslabs/satisfactory/Variable.java:[122,65] cannot find symbol
[ERROR]   symbol:   method join(java.lang.String,java.lang.String,java.lang.String)
[ERROR]   location: class com.karuslabs.satisfactory.Variable.Builder
[ERROR] /home/gabsko/breaking-updates/satisfactory/src/main/java/com/karuslabs/satisfactory/Modifiers.java:[82,77] cannot find symbol
[ERROR]   symbol:   variable SCREAMING_CASE
[ERROR]   location: class com.karuslabs.satisfactory.ContainsModifiers
[ERROR] /home/gabsko/breaking-updates/satisfactory/src/main/java/com/karuslabs/satisfactory/Modifiers.java:[82,49] cannot find symbol
[ERROR]   symbol:   variable Texts
[ERROR]   location: class com.karuslabs.satisfactory.ContainsModifiers
[ERROR] /home/gabsko/breaking-updates/satisfactory/src/main/java/com/karuslabs/satisfactory/Modifiers.java:[82,60] cannot find symbol
[ERROR]   symbol:   method sort(javax.lang.model.element.Modifier[])
[ERROR]   location: class com.karuslabs.satisfactory.ContainsModifiers
[ERROR] /home/gabsko/breaking-updates/satisfactory/src/main/java/com/karuslabs/satisfactory/Modifiers.java:[103,74] cannot find symbol
[ERROR]   symbol:   variable SCREAMING_CASE
[ERROR]   location: class com.karuslabs.satisfactory.EqualModifiers
[ERROR] /home/gabsko/breaking-updates/satisfactory/src/main/java/com/karuslabs/satisfactory/Modifiers.java:[103,46] cannot find symbol
[ERROR]   symbol:   variable Texts
[ERROR]   location: class com.karuslabs.satisfactory.EqualModifiers
[ERROR] /home/gabsko/breaking-updates/satisfactory/src/main/java/com/karuslabs/satisfactory/Modifiers.java:[103,57] cannot find symbol
[ERROR]   symbol:   method sort(javax.lang.model.element.Modifier[])
[ERROR]   location: class com.karuslabs.satisfactory.EqualModifiers
[ERROR] /home/gabsko/breaking-updates/satisfactory/src/main/java/com/karuslabs/satisfactory/sequence/Sequence.java:[90,22] cannot find symbol
[ERROR]   symbol:   variable Texts
[ERROR]   location: class com.karuslabs.satisfactory.sequence.EqualSequence<T>
[ERROR] -> [Help 1]
[ERROR] 
[ERROR] To see the full stack trace of the errors, re-run Maven with the -e switch.
[ERROR] Re-run Maven using the -X switch to enable full debug logging.
[ERROR] 
[ERROR] For more information about the errors and possible solutions, please read the following articles:
[ERROR] [Help 1] http://cwiki.apache.org/confluence/display/MAVEN/MojoFailureException
[ERROR] 
[ERROR] After correcting the problems, you can resume the build with the command
[ERROR]   mvn <args> -rf :satisfactory
