[INFO] Scanning for projects...
[WARNING] 
[WARNING] Some problems were encountered while building the effective model for io.qameta.allure:allure-bamboo:atlassian-plugin:1.11-SNAPSHOT
[WARNING] 'dependencies.dependency.(groupId:artifactId:type:classifier)' must be unique: commons-beanutils:commons-beanutils:jar -> duplicate declaration of version 1.9.4 @ line 129, column 21
[WARNING] 
[WARNING] It is highly recommended to fix these problems because they threaten the stability of your build.
[WARNING] 
[WARNING] For this reason, future Maven versions might no longer support building such malformed projects.
[WARNING] 
[INFO] 
[INFO] -------------------< io.qameta.allure:allure-bamboo >-------------------
[INFO] Building Allure for Bamboo 1.11-SNAPSHOT
[INFO] --------------------------[ atlassian-plugin ]--------------------------
[WARNING] The POM for com.sun.xml.bind:jaxb-core:jar:2.2.11 is invalid, transitive dependencies (if any) will not be available, enable debug logging for more details
[INFO] 
[INFO] --- maven-clean-plugin:2.5:clean (default-clean) @ allure-bamboo ---
[INFO] Deleting /home/gabsko/breaking-updates/target
[INFO] 
[INFO] --- bamboo-maven-plugin:8.0.3-89c970d65:compress-resources (default-compress-resources) @ allure-bamboo ---
[WARNING] File encoding has not been set, using platform encoding UTF-8, i.e. build is platform dependent!
[INFO] Compiling javascript using YUI
[INFO] 0 Javascript file(s) were minified into target directory /home/gabsko/breaking-updates/target/classes
[INFO] 0 CSS file(s) were minified into target directory /home/gabsko/breaking-updates/target/classes
[INFO] Compressing XML files
[INFO] 1 XML file(s) were minified into target directory /home/gabsko/breaking-updates/target/classes
[INFO] 
[INFO] --- maven-resources-plugin:3.3.0:resources (default-resources) @ allure-bamboo ---
[WARNING] Using platform encoding (UTF-8 actually) to copy filtered resources, i.e. build is platform dependent!
[INFO] Copying 10 resources
[INFO] 
[INFO] --- bamboo-maven-plugin:8.0.3-89c970d65:filter-plugin-descriptor (default-filter-plugin-descriptor) @ allure-bamboo ---
[INFO] Using 'UTF-8' encoding to copy filtered resources.
[INFO] Copying 1 resource
[INFO] 
[INFO] --- maven-compiler-plugin:3.8.1:compile (default-compile) @ allure-bamboo ---
[INFO] Changes detected - recompiling the module!
[WARNING] File encoding has not been set, using platform encoding UTF-8, i.e. build is platform dependent!
[INFO] Compiling 25 source files to /home/gabsko/breaking-updates/target/classes
[INFO] /home/gabsko/breaking-updates/src/main/java/io/qameta/allure/bamboo/AllureBuildConfigurator.java: Some input files use or override a deprecated API.
[INFO] /home/gabsko/breaking-updates/src/main/java/io/qameta/allure/bamboo/AllureBuildConfigurator.java: Recompile with -Xlint:deprecation for details.
[INFO] 
[INFO] --- bamboo-maven-plugin:8.0.3-89c970d65:generate-rest-docs (default-generate-rest-docs) @ allure-bamboo ---
[INFO] 
[INFO] --- maven-resources-plugin:3.3.0:testResources (default-testResources) @ allure-bamboo ---
[WARNING] Using platform encoding (UTF-8 actually) to copy filtered resources, i.e. build is platform dependent!
[INFO] Copying 1 resource
[INFO] 
[INFO] --- bamboo-maven-plugin:8.0.3-89c970d65:filter-test-plugin-descriptor (default-filter-test-plugin-descriptor) @ allure-bamboo ---
[INFO] 
[INFO] --- maven-compiler-plugin:3.8.1:testCompile (default-testCompile) @ allure-bamboo ---
[INFO] Changes detected - recompiling the module!
[WARNING] File encoding has not been set, using platform encoding UTF-8, i.e. build is platform dependent!
[INFO] Compiling 6 source files to /home/gabsko/breaking-updates/target/test-classes
[INFO] /home/gabsko/breaking-updates/src/test/java/io/qameta/allure/bamboo/AllureExecutableProviderTest.java: Some input files use or override a deprecated API.
[INFO] /home/gabsko/breaking-updates/src/test/java/io/qameta/allure/bamboo/AllureExecutableProviderTest.java: Recompile with -Xlint:deprecation for details.
[INFO] 
[INFO] --- bamboo-maven-plugin:8.0.3-89c970d65:unit-test (default-unit-test) @ allure-bamboo ---
[INFO] Surefire 2.22.1 test configuration:
[INFO] <?xml version="1.0" encoding="UTF-8"?>
<configuration>
  <systemPropertyVariables/>
  <excludes>
    <exclude>%regex[it[/\\].*]</exclude>
    <exclude>**/*$*</exclude>
  </excludes>
  <excludedGroups/>
</configuration>
[INFO] 
[INFO] -------------------------------------------------------
[INFO]  T E S T S
[INFO] -------------------------------------------------------
[INFO] Running io.qameta.allure.bamboo.AllureReportServletTest
[INFO] Tests run: 1, Failures: 0, Errors: 0, Skipped: 0, Time elapsed: 0.113 s - in io.qameta.allure.bamboo.AllureReportServletTest
[INFO] Running io.qameta.allure.bamboo.AllureExecutableTest

[MockitoHint] AllureExecutableTest.itShouldInvokeAllureGenerateOnUnixWithBash (see javadoc for MockitoHint):
[MockitoHint] 1. Unused -> at io.qameta.allure.bamboo.AllureExecutableTest.setUp(AllureExecutableTest.java:37)


[MockitoHint] AllureExecutableTest.itShouldInvokeAllureGenerateOnWindows (see javadoc for MockitoHint):
[MockitoHint] 1. Unused -> at io.qameta.allure.bamboo.AllureExecutableTest.setUp(AllureExecutableTest.java:37)


[MockitoHint] AllureExecutableTest.itShouldInvokeAllureGenerateOnUnixWithoutBash (see javadoc for MockitoHint):
[MockitoHint] 1. Unused -> at io.qameta.allure.bamboo.AllureExecutableTest.setUp(AllureExecutableTest.java:37)

[INFO] Tests run: 3, Failures: 0, Errors: 0, Skipped: 0, Time elapsed: 0.404 s - in io.qameta.allure.bamboo.AllureExecutableTest
[INFO] Running io.qameta.allure.bamboo.util.ExceptionUtilTest
[INFO] Tests run: 1, Failures: 0, Errors: 0, Skipped: 0, Time elapsed: 0 s - in io.qameta.allure.bamboo.util.ExceptionUtilTest
[INFO] Running io.qameta.allure.bamboo.AllureExecutableProviderTest
[MockitoHint] AllureExecutableProviderTest.itShouldProvideExecutableForUnix (see javadoc for MockitoHint):
[MockitoHint] 1. Unused -> at io.qameta.allure.bamboo.AllureExecutableProviderTest.setUp(AllureExecutableProviderTest.java:47)

[MockitoHint] AllureExecutableProviderTest.itShouldProvideExecutableForWindows (see javadoc for MockitoHint):
[MockitoHint] 1. Unused -> at io.qameta.allure.bamboo.AllureExecutableProviderTest.setUp(AllureExecutableProviderTest.java:47)

[INFO] Tests run: 7, Failures: 0, Errors: 0, Skipped: 0, Time elapsed: 0.027 s - in io.qameta.allure.bamboo.AllureExecutableProviderTest
[INFO] Running io.qameta.allure.bamboo.AllureDownloaderTest
Downloading allure.zip from https://dl.bintray.com/qameta/generic/io/qameta/allure/allure/2.5.0/allure-2.5.0.zip to /tmp/allure3878699570437920264.zip
Failed to download from https://dl.bintray.com/qameta/generic/io/qameta/allure/allure/2.5.0/allure-2.5.0.zip. Root cause : https://dl.bintray.com/qameta/generic/io/qameta/allure/allure/2.5.0/allure-2.5.0.zip. Trying with next url.
Downloading allure.zip from https://dl.bintray.com/qameta/generic/io/qameta/allure/allure/allure-commandline/2.5.0/allure-commandline-2.5.0.zip to /tmp/allure18339786578545433696.zip
Failed to download from https://dl.bintray.com/qameta/generic/io/qameta/allure/allure/allure-commandline/2.5.0/allure-commandline-2.5.0.zip. Root cause : https://dl.bintray.com/qameta/generic/io/qameta/allure/allure/allure-commandline/2.5.0/allure-commandline-2.5.0.zip. Trying with next url.
[ERROR] Tests run: 1, Failures: 1, Errors: 0, Skipped: 0, Time elapsed: 1.225 s <<< FAILURE! - in io.qameta.allure.bamboo.AllureDownloaderTest
[ERROR] itShouldDownloadAndExtractAllureRelease(io.qameta.allure.bamboo.AllureDownloaderTest)  Time elapsed: 1.225 s  <<< FAILURE!
java.lang.AssertionError
	at io.qameta.allure.bamboo.AllureDownloaderTest.itShouldDownloadAndExtractAllureRelease(AllureDownloaderTest.java:40)

[INFO] Running io.qameta.allure.bamboo.AllureCommandLineSupportTest
[INFO] Tests run: 2, Failures: 0, Errors: 0, Skipped: 0, Time elapsed: 0.001 s - in io.qameta.allure.bamboo.AllureCommandLineSupportTest
[INFO] 
[INFO] Results:
[INFO] 
[ERROR] Failures: 
[ERROR]   AllureDownloaderTest.itShouldDownloadAndExtractAllureRelease:40
[INFO] 
[ERROR] Tests run: 15, Failures: 1, Errors: 0, Skipped: 0
[INFO] 
[INFO] ------------------------------------------------------------------------
[INFO] BUILD FAILURE
[INFO] ------------------------------------------------------------------------
[INFO] Total time:  6.872 s
[INFO] Finished at: 2023-01-13T13:44:31Z
[INFO] ------------------------------------------------------------------------
[ERROR] Failed to execute goal com.atlassian.maven.plugins:bamboo-maven-plugin:8.0.3-89c970d65:unit-test (default-unit-test) on project allure-bamboo: Unable to execute mojo: There are test failures.
[ERROR] 
[ERROR] Please refer to /home/gabsko/breaking-updates/target/surefire-reports for the individual test results.
[ERROR] Please refer to dump files (if any exist) [date].dump, [date]-jvmRun[N].dump and [date].dumpstream.
[ERROR] -> [Help 1]
[ERROR] 
[ERROR] To see the full stack trace of the errors, re-run Maven with the -e switch.
[ERROR] Re-run Maven using the -X switch to enable full debug logging.
[ERROR] 
[ERROR] For more information about the errors and possible solutions, please read the following articles:
[ERROR] [Help 1] http://cwiki.apache.org/confluence/display/MAVEN/MojoExecutionException
