[INFO] Scanning for projects...
[INFO] 
[INFO] ----------------------< uk.gov.pay:pay-connector >----------------------
[INFO] Building pay-connector 0.1-SNAPSHOT
[INFO] --------------------------------[ jar ]---------------------------------
[INFO] 
[INFO] --- maven-clean-plugin:3.2.0:clean (default-clean) @ pay-connector ---
[INFO] Deleting /home/gabsko/breaking-updates/target
[INFO] 
[INFO] --- maven-resources-plugin:3.2.0:copy-resources (copy-resources) @ pay-connector ---
[INFO] Using 'UTF-8' encoding to copy filtered resources.
[INFO] Using 'UTF-8' encoding to copy filtered properties files.
[INFO] Copying 1 resource
[INFO] 
[INFO] --- maven-resources-plugin:3.2.0:resources (default-resources) @ pay-connector ---
[INFO] Using 'UTF-8' encoding to copy filtered resources.
[INFO] Using 'UTF-8' encoding to copy filtered properties files.
[INFO] Copying 23 resources
[INFO] 
[INFO] --- maven-compiler-plugin:3.10.1:compile (default-compile) @ pay-connector ---
[INFO] Changes detected - recompiling the module!
[INFO] Compiling 731 source files to /home/gabsko/breaking-updates/target/classes
[INFO] /home/gabsko/breaking-updates/src/main/java/uk/gov/pay/connector/gateway/ClientFactory.java: Some input files use or override a deprecated API.
[INFO] /home/gabsko/breaking-updates/src/main/java/uk/gov/pay/connector/gateway/ClientFactory.java: Recompile with -Xlint:deprecation for details.
[INFO] /home/gabsko/breaking-updates/src/main/java/uk/gov/pay/connector/events/model/EventFactory.java: Some input files use unchecked or unsafe operations.
[INFO] /home/gabsko/breaking-updates/src/main/java/uk/gov/pay/connector/events/model/EventFactory.java: Recompile with -Xlint:unchecked for details.
[INFO] 
[INFO] --- maven-resources-plugin:3.2.0:testResources (default-testResources) @ pay-connector ---
[INFO] Using 'UTF-8' encoding to copy filtered resources.
[INFO] Using 'UTF-8' encoding to copy filtered properties files.
[INFO] Copying 165 resources
[INFO] 
[INFO] --- maven-compiler-plugin:3.10.1:testCompile (default-testCompile) @ pay-connector ---
[INFO] Changes detected - recompiling the module!
[INFO] Compiling 427 source files to /home/gabsko/breaking-updates/target/test-classes
[INFO] /home/gabsko/breaking-updates/src/test/java/uk/gov/pay/connector/model/domain/EmailCollectionModeTest.java: Some input files use or override a deprecated API.
[INFO] /home/gabsko/breaking-updates/src/test/java/uk/gov/pay/connector/model/domain/EmailCollectionModeTest.java: Recompile with -Xlint:deprecation for details.
[INFO] /home/gabsko/breaking-updates/src/test/java/uk/gov/pay/connector/matcher/ResponseContainsLinkMatcher.java: Some input files use unchecked or unsafe operations.
[INFO] /home/gabsko/breaking-updates/src/test/java/uk/gov/pay/connector/matcher/ResponseContainsLinkMatcher.java: Recompile with -Xlint:unchecked for details.
[INFO] 
[INFO] --- maven-surefire-plugin:3.0.0-M6:test (default-test) @ pay-connector ---
[INFO] Using auto detected provider org.apache.maven.surefire.junitplatform.JUnitPlatformProvider
[INFO] 
[INFO] -------------------------------------------------------
[INFO]  T E S T S
[INFO] -------------------------------------------------------
[INFO] Running uk.gov.pay.connector.gateway.model.AuthCardDetailsTest
[INFO] Tests run: 2, Failures: 0, Errors: 0, Skipped: 0, Time elapsed: 0.046 s - in uk.gov.pay.connector.gateway.model.AuthCardDetailsTest
[INFO] Running uk.gov.pay.connector.gateway.worldpay.WorldpayRefundHandlerTest
[INFO] Tests run: 1, Failures: 0, Errors: 0, Skipped: 0, Time elapsed: 0.521 s - in uk.gov.pay.connector.gateway.worldpay.WorldpayRefundHandlerTest
[INFO] Running uk.gov.pay.connector.gateway.worldpay.WorldpayAuthorisationRequestSummaryTest
[INFO] Tests run: 6, Failures: 0, Errors: 0, Skipped: 0, Time elapsed: 0.237 s - in uk.gov.pay.connector.gateway.worldpay.WorldpayAuthorisationRequestSummaryTest
[INFO] Running uk.gov.pay.connector.gateway.worldpay.WorldpayCredentialsValidationServiceTest
[INFO] Tests run: 6, Failures: 0, Errors: 0, Skipped: 0, Time elapsed: 0.322 s - in uk.gov.pay.connector.gateway.worldpay.WorldpayCredentialsValidationServiceTest
[INFO] Running uk.gov.pay.connector.gateway.worldpay.WorldpayOrderStatusResponseTest
[INFO] Tests run: 3, Failures: 0, Errors: 0, Skipped: 0, Time elapsed: 0.045 s - in uk.gov.pay.connector.gateway.worldpay.WorldpayOrderStatusResponseTest
[INFO] Running uk.gov.pay.connector.gateway.worldpay.WorldpayNotificationServiceTest
[Fatal Error] :1:8: The element type "not" must be terminated by the matching end-tag "</not>".
[INFO] Tests run: 12, Failures: 0, Errors: 0, Skipped: 0, Time elapsed: 0.189 s - in uk.gov.pay.connector.gateway.worldpay.WorldpayNotificationServiceTest
[INFO] Running uk.gov.pay.connector.gateway.worldpay.Worldpay3dsFlexCredentialsValidationServiceTest
[INFO] Tests run: 11, Failures: 0, Errors: 0, Skipped: 0, Time elapsed: 0.214 s - in uk.gov.pay.connector.gateway.worldpay.Worldpay3dsFlexCredentialsValidationServiceTest
[INFO] Running uk.gov.pay.connector.gateway.worldpay.WorldpayPaymentProviderTest
[INFO] Tests run: 21, Failures: 0, Errors: 0, Skipped: 0, Time elapsed: 0.539 s - in uk.gov.pay.connector.gateway.worldpay.WorldpayPaymentProviderTest
[INFO] Running uk.gov.pay.connector.gateway.worldpay.WorldpayAuthoriseHandlerTest
[INFO] Tests run: 19, Failures: 0, Errors: 0, Skipped: 0, Time elapsed: 0.74 s - in uk.gov.pay.connector.gateway.worldpay.WorldpayAuthoriseHandlerTest
[INFO] Running uk.gov.pay.connector.gateway.util.AuthorisationRequestSummaryStringifierTest
[INFO] Tests run: 2, Failures: 0, Errors: 0, Skipped: 0, Time elapsed: 0.013 s - in uk.gov.pay.connector.gateway.util.AuthorisationRequestSummaryStringifierTest
[INFO] Running uk.gov.pay.connector.gateway.util.AuthorisationRequestSummaryStructuredLoggingTest
[INFO] Tests run: 4, Failures: 0, Errors: 0, Skipped: 0, Time elapsed: 0.012 s - in uk.gov.pay.connector.gateway.util.AuthorisationRequestSummaryStructuredLoggingTest
[INFO] Running uk.gov.pay.connector.gateway.smartpay.SmartpayNotificationServiceTest
WARNING: An illegal reflective access operation has occurred
WARNING: Illegal reflective access by com.fasterxml.jackson.databind.util.ClassUtil (file:/home/gabsko/.m2/repository/com/fasterxml/jackson/core/jackson-databind/2.13.3/jackson-databind-2.13.3.jar) to constructor java.util.Optional()
WARNING: Please consider reporting this to the maintainers of com.fasterxml.jackson.databind.util.ClassUtil
WARNING: Use --illegal-access=warn to enable warnings of further illegal reflective access operations
WARNING: All illegal access operations will be denied in a future release
[INFO] Tests run: 11, Failures: 0, Errors: 0, Skipped: 0, Time elapsed: 0.117 s - in uk.gov.pay.connector.gateway.smartpay.SmartpayNotificationServiceTest
[INFO] Running uk.gov.pay.connector.gateway.smartpay.SmartpayAuthorisationRequestSummaryTest
[INFO] Tests run: 6, Failures: 0, Errors: 0, Skipped: 0, Time elapsed: 0.007 s - in uk.gov.pay.connector.gateway.smartpay.SmartpayAuthorisationRequestSummaryTest
[INFO] Running uk.gov.pay.connector.gateway.stripe.handler.StripeFailedPaymentFeeCollectionHandlerTest
[INFO] Tests run: 6, Failures: 0, Errors: 0, Skipped: 0, Time elapsed: 0.067 s - in uk.gov.pay.connector.gateway.stripe.handler.StripeFailedPaymentFeeCollectionHandlerTest
[INFO] Running uk.gov.pay.connector.gateway.stripe.StripeNotificationServiceTest
[INFO] Tests run: 24, Failures: 0, Errors: 0, Skipped: 0, Time elapsed: 1.207 s - in uk.gov.pay.connector.gateway.stripe.StripeNotificationServiceTest
[INFO] Running uk.gov.pay.connector.gateway.stripe.StripeAuthorisationRequestSummaryTest
[INFO] Tests run: 5, Failures: 0, Errors: 0, Skipped: 0, Time elapsed: 0.004 s - in uk.gov.pay.connector.gateway.stripe.StripeAuthorisationRequestSummaryTest
[INFO] Running uk.gov.pay.connector.gateway.stripe.request.StripeRequestTest
[INFO] Tests run: 2, Failures: 0, Errors: 0, Skipped: 0, Time elapsed: 0.047 s - in uk.gov.pay.connector.gateway.stripe.request.StripeRequestTest
[INFO] Running uk.gov.pay.connector.gateway.stripe.request.StripeTransferMetadataReasonTest
[INFO] Tests run: 5, Failures: 0, Errors: 0, Skipped: 0, Time elapsed: 0.003 s - in uk.gov.pay.connector.gateway.stripe.request.StripeTransferMetadataReasonTest
[INFO] Running uk.gov.pay.connector.gateway.epdq.EpdqAuthorisationRequestSummaryTest
[INFO] Tests run: 8, Failures: 0, Errors: 0, Skipped: 0, Time elapsed: 0.008 s - in uk.gov.pay.connector.gateway.epdq.EpdqAuthorisationRequestSummaryTest
[INFO] Running uk.gov.pay.connector.gateway.epdq.EpdqNotificationServiceStatusMapperTest
[INFO] Tests run: 30, Failures: 0, Errors: 0, Skipped: 0, Time elapsed: 0.066 s - in uk.gov.pay.connector.gateway.epdq.EpdqNotificationServiceStatusMapperTest
[INFO] Running uk.gov.pay.connector.gateway.epdq.EpdqNotificationServiceTest
[INFO] Tests run: 11, Failures: 0, Errors: 0, Skipped: 0, Time elapsed: 0.013 s - in uk.gov.pay.connector.gateway.epdq.EpdqNotificationServiceTest
[INFO] Running uk.gov.pay.connector.gateway.sandbox.SandboxNotificationServiceTest
[INFO] Tests run: 3, Failures: 0, Errors: 0, Skipped: 0, Time elapsed: 0.001 s - in uk.gov.pay.connector.gateway.sandbox.SandboxNotificationServiceTest
[INFO] Running uk.gov.pay.connector.gateway.sandbox.SandboxAuthorisationRequestSummaryTest
[INFO] Tests run: 4, Failures: 0, Errors: 0, Skipped: 0, Time elapsed: 0.001 s - in uk.gov.pay.connector.gateway.sandbox.SandboxAuthorisationRequestSummaryTest
[INFO] Running uk.gov.pay.connector.gateway.sandbox.SandboxPaymentProviderTest
[INFO] Tests run: 9, Failures: 0, Errors: 0, Skipped: 0, Time elapsed: 0.01 s - in uk.gov.pay.connector.gateway.sandbox.SandboxPaymentProviderTest
[INFO] Running uk.gov.pay.connector.gatewayaccountcredentials.resource.GatewayAccountCredentialsResourceTest
[INFO] Tests run: 21, Failures: 0, Errors: 0, Skipped: 0, Time elapsed: 0.855 s - in uk.gov.pay.connector.gatewayaccountcredentials.resource.GatewayAccountCredentialsResourceTest
[INFO] Running uk.gov.pay.connector.gatewayaccountcredentials.service.GatewayAccountCredentialsServiceTest
ERROR [2023-01-13 13:52:10,531] uk.gov.pay.connector.util.ResponseUtil: [Multiple usable credentials exist for payment provider [%s], unable to determine which to use.]
WARN  [2023-01-13 13:52:10,535] uk.gov.pay.connector.gatewayaccount.model.GatewayAccountEntity: Gateway account [id=1] has multiple credentials but no active credential found
[INFO] Tests run: 37, Failures: 0, Errors: 0, Skipped: 0, Time elapsed: 0.043 s - in uk.gov.pay.connector.gatewayaccountcredentials.service.GatewayAccountCredentialsServiceTest
[INFO] Running uk.gov.pay.connector.charge.model.domain.FeeTypeConverterTest
[INFO] Tests run: 9, Failures: 0, Errors: 0, Skipped: 0, Time elapsed: 0.006 s - in uk.gov.pay.connector.charge.model.domain.FeeTypeConverterTest
[INFO] Running uk.gov.pay.connector.charge.model.SourceDeserialiserTest
[INFO] Tests run: 6, Failures: 0, Errors: 0, Skipped: 0, Time elapsed: 0.135 s - in uk.gov.pay.connector.charge.model.SourceDeserialiserTest
[INFO] Running uk.gov.pay.connector.charge.resource.ChargesFrontendResourceTest
[INFO] Tests run: 3, Failures: 0, Errors: 0, Skipped: 0, Time elapsed: 0.129 s - in uk.gov.pay.connector.charge.resource.ChargesFrontendResourceTest
[INFO] Running uk.gov.pay.connector.charge.resource.ChargesApiResourceTest
ERROR [2023-01-13 13:52:10,913] uk.gov.pay.connector.util.JsonMappingExceptionMapper: Cannot deserialize value of type `uk.gov.service.payments.commons.model.AuthorisationMode` from String "foo": not one of the values accepted for Enum class: [moto_api, agreement, external, web]
 at [Source: (org.glassfish.jersey.message.internal.ReaderInterceptorExecutor$UnCloseableInputStream); line: 1, column: 36] (through reference chain: uk.gov.pay.connector.charge.model.ChargeCreateRequest["authorisation_mode"])
[INFO] Tests run: 2, Failures: 0, Errors: 0, Skipped: 0, Time elapsed: 0.106 s - in uk.gov.pay.connector.charge.resource.ChargesApiResourceTest
[INFO] Running uk.gov.pay.connector.charge.validation.ReturnUrlValidatorTest
[INFO] Tests run: 9, Failures: 0, Errors: 0, Skipped: 0, Time elapsed: 0.011 s - in uk.gov.pay.connector.charge.validation.ReturnUrlValidatorTest
[INFO] Running uk.gov.pay.connector.charge.service.ChargeEligibleForCaptureServiceTest
ERROR [2023-01-13 13:52:10,956] uk.gov.pay.connector.charge.service.ChargeEligibleForCaptureService: Exception sending charge [sj2oa3f6v0eqief2s10vbiu63u] to capture queue
[INFO] Tests run: 9, Failures: 0, Errors: 0, Skipped: 0, Time elapsed: 0.026 s - in uk.gov.pay.connector.charge.service.ChargeEligibleForCaptureServiceTest
[INFO] Running uk.gov.pay.connector.charge.service.ChargeServicePostAuthorisationTest
[INFO] Tests run: 2, Failures: 0, Errors: 0, Skipped: 0, Time elapsed: 0.085 s - in uk.gov.pay.connector.charge.service.ChargeServicePostAuthorisationTest
[INFO] Running uk.gov.pay.connector.charge.service.ChargeServiceCreateAgreementTest
[INFO] Tests run: 15, Failures: 0, Errors: 0, Skipped: 0, Time elapsed: 0.055 s - in uk.gov.pay.connector.charge.service.ChargeServiceCreateAgreementTest
[INFO] Running uk.gov.pay.connector.charge.service.LinkPaymentInstrumentToAgreementServiceTest
ERROR [2023-01-13 13:52:11,116] uk.gov.pay.connector.charge.service.LinkPaymentInstrumentToAgreementService: Charge d7egn03ndske6ack73kabqvh2n references agreement I am very agreeable but that agreement does not exist
ERROR [2023-01-13 13:52:11,117] uk.gov.pay.connector.charge.service.LinkPaymentInstrumentToAgreementService: Expected charge picf8e6ak7csiahmadgq31h94k to have a payment instrument but it does not have one
ERROR [2023-01-13 13:52:11,118] uk.gov.pay.connector.charge.service.LinkPaymentInstrumentToAgreementService: Expected charge tl4b3bb59397u7b3p5og89lkfa to have an agreement but it does not have one
[INFO] Tests run: 4, Failures: 0, Errors: 0, Skipped: 0, Time elapsed: 0.009 s - in uk.gov.pay.connector.charge.service.LinkPaymentInstrumentToAgreementServiceTest
[INFO] Running uk.gov.pay.connector.charge.service.DelayedCaptureServiceTest
ERROR [2023-01-13 13:52:11,128] uk.gov.pay.connector.charge.service.DelayedCaptureService: Exception sending charge [ilqhgt4f0os93hh6ibvv62h7gf] to capture queue
[INFO] Tests run: 10, Failures: 0, Errors: 0, Skipped: 0, Time elapsed: 0.012 s - in uk.gov.pay.connector.charge.service.DelayedCaptureServiceTest
[INFO] Running uk.gov.pay.connector.charge.service.ChargeServiceCreateTest
[INFO] Tests run: 17, Failures: 0, Errors: 0, Skipped: 0, Time elapsed: 0.073 s - in uk.gov.pay.connector.charge.service.ChargeServiceCreateTest
[INFO] Running uk.gov.pay.connector.charge.service.ChargeServiceFindTest
[INFO] Tests run: 15, Failures: 0, Errors: 0, Skipped: 0, Time elapsed: 0.031 s - in uk.gov.pay.connector.charge.service.ChargeServiceFindTest
[INFO] Running uk.gov.pay.connector.charge.service.motoapi.MotoApiCardNumberValidationServiceTest
[INFO] Tests run: 10, Failures: 0, Errors: 0, Skipped: 0, Time elapsed: 0.017 s - in uk.gov.pay.connector.charge.service.motoapi.MotoApiCardNumberValidationServiceTest
[INFO] Running uk.gov.pay.connector.charge.service.ChargeServiceCreateTelephonePaymentTest
[INFO] Tests run: 9, Failures: 0, Errors: 0, Skipped: 0, Time elapsed: 0.034 s - in uk.gov.pay.connector.charge.service.ChargeServiceCreateTelephonePaymentTest
[INFO] Running uk.gov.pay.connector.charge.service.ChargeServiceTest
[INFO] Tests run: 16, Failures: 0, Errors: 0, Skipped: 0, Time elapsed: 0.064 s - in uk.gov.pay.connector.charge.service.ChargeServiceTest
[INFO] Running uk.gov.pay.connector.charge.service.ChargeServiceCreatePrefilledCardholderDetailsTest
[INFO] Tests run: 6, Failures: 0, Errors: 0, Skipped: 0, Time elapsed: 0.022 s - in uk.gov.pay.connector.charge.service.ChargeServiceCreatePrefilledCardholderDetailsTest
[INFO] Running uk.gov.pay.connector.charge.util.FixedCorporateCardSurchargeCalculatorTest
[INFO] Tests run: 24, Failures: 0, Errors: 0, Skipped: 0, Time elapsed: 0.008 s - in uk.gov.pay.connector.charge.util.FixedCorporateCardSurchargeCalculatorTest
[INFO] Running uk.gov.pay.connector.charge.util.StripeFeeCalculatorTest
[INFO] Tests run: 4, Failures: 0, Errors: 0, Skipped: 0, Time elapsed: 0.001 s - in uk.gov.pay.connector.charge.util.StripeFeeCalculatorTest
[INFO] Running uk.gov.pay.connector.charge.util.RefundCalculatorTest
[INFO] Tests run: 5, Failures: 0, Errors: 0, Skipped: 0, Time elapsed: 0.002 s - in uk.gov.pay.connector.charge.util.RefundCalculatorTest
[INFO] Running uk.gov.pay.connector.charge.util.CorporateCardSurchargeCalculatorTest
[INFO] Tests run: 5, Failures: 0, Errors: 0, Skipped: 0, Time elapsed: 0.003 s - in uk.gov.pay.connector.charge.util.CorporateCardSurchargeCalculatorTest
[INFO] Running uk.gov.pay.connector.charge.util.AuthCardDetailsToCardDetailsEntityConverterTest
[INFO] Tests run: 8, Failures: 0, Errors: 0, Skipped: 0, Time elapsed: 0.014 s - in uk.gov.pay.connector.charge.util.AuthCardDetailsToCardDetailsEntityConverterTest
[INFO] Running uk.gov.pay.connector.service.GatewayAccountServiceTest
[INFO] Tests run: 39, Failures: 0, Errors: 0, Skipped: 0, Time elapsed: 0.066 s - in uk.gov.pay.connector.service.GatewayAccountServiceTest
[INFO] Running uk.gov.pay.connector.service.RefundServiceTest
WARN  [2023-01-13 13:52:11,540] uk.gov.pay.connector.refund.service.RefundService: Charge not available for refund - charge_external_id=chargeId, status=EXTERNAL_SUBMITTED, refund_status=unavailable, account_id=2, operation_type=Refund, provider=sandbox, provider_type=test
[INFO] Tests run: 20, Failures: 0, Errors: 0, Skipped: 0, Time elapsed: 0.073 s - in uk.gov.pay.connector.service.RefundServiceTest
[INFO] Running uk.gov.pay.connector.service.GatewayClientTest
WARN  [2023-01-13 13:52:11,565] uk.gov.pay.connector.gateway.GatewayClient: Exception for gateway url=http://www.example.com/worldpay/order, error message: java.net.SocketException: socket failed
! java.net.SocketException: socket failed
! at uk.gov.pay.connector.service.GatewayClientTest.shouldReturnGatewayErrorWhenProviderFailsWithAProcessingException(GatewayClientTest.java:91)
! ... 70 common frames omitted
! Causing: javax.ws.rs.ProcessingException: java.net.SocketException: socket failed
! at uk.gov.pay.connector.gateway.GatewayClient.lambda$postRequestFor$2(GatewayClient.java:72)
! at uk.gov.pay.connector.gateway.GatewayClient.executeRequest(GatewayClient.java:115)
! at uk.gov.pay.connector.gateway.GatewayClient.postRequestFor(GatewayClient.java:75)
! at uk.gov.pay.connector.gateway.GatewayClient.postRequestFor(GatewayClient.java:48)
! at uk.gov.pay.connector.service.GatewayClientTest.lambda$shouldReturnGatewayErrorWhenProviderFailsWithAProcessingException$2(GatewayClientTest.java:96)
! at org.junit.jupiter.api.AssertThrows.assertThrows(AssertThrows.java:55)
! at org.junit.jupiter.api.AssertThrows.assertThrows(AssertThrows.java:37)
! at org.junit.jupiter.api.Assertions.assertThrows(Assertions.java:3082)
! at uk.gov.pay.connector.service.GatewayClientTest.shouldReturnGatewayErrorWhenProviderFailsWithAProcessingException(GatewayClientTest.java:95)
! at java.base/jdk.internal.reflect.NativeMethodAccessorImpl.invoke0(Native Method)
! at java.base/jdk.internal.reflect.NativeMethodAccessorImpl.invoke(NativeMethodAccessorImpl.java:62)
! at java.base/jdk.internal.reflect.DelegatingMethodAccessorImpl.invoke(DelegatingMethodAccessorImpl.java:43)
! at java.base/java.lang.reflect.Method.invoke(Method.java:566)
! at org.junit.platform.commons.util.ReflectionUtils.invokeMethod(ReflectionUtils.java:725)
! at org.junit.jupiter.engine.execution.MethodInvocation.proceed(MethodInvocation.java:60)
! at org.junit.jupiter.engine.execution.InvocationInterceptorChain$ValidatingInvocation.proceed(InvocationInterceptorChain.java:131)
! at org.junit.jupiter.engine.extension.TimeoutExtension.intercept(TimeoutExtension.java:149)
! at org.junit.jupiter.engine.extension.TimeoutExtension.interceptTestableMethod(TimeoutExtension.java:140)
! at org.junit.jupiter.engine.extension.TimeoutExtension.interceptTestMethod(TimeoutExtension.java:84)
! at org.junit.jupiter.engine.execution.ExecutableInvoker$ReflectiveInterceptorCall.lambda$ofVoidMethod$0(ExecutableInvoker.java:115)
! at org.junit.jupiter.engine.execution.ExecutableInvoker.lambda$invoke$0(ExecutableInvoker.java:105)
! at org.junit.jupiter.engine.execution.InvocationInterceptorChain$InterceptedInvocation.proceed(InvocationInterceptorChain.java:106)
! at org.junit.jupiter.engine.execution.InvocationInterceptorChain.proceed(InvocationInterceptorChain.java:64)
! at org.junit.jupiter.engine.execution.InvocationInterceptorChain.chainAndInvoke(InvocationInterceptorChain.java:45)
! at org.junit.jupiter.engine.execution.InvocationInterceptorChain.invoke(InvocationInterceptorChain.java:37)
! at org.junit.jupiter.engine.execution.ExecutableInvoker.invoke(ExecutableInvoker.java:104)
! at org.junit.jupiter.engine.execution.ExecutableInvoker.invoke(ExecutableInvoker.java:98)
! at org.junit.jupiter.engine.descriptor.TestMethodTestDescriptor.lambda$invokeTestMethod$7(TestMethodTestDescriptor.java:214)
! at org.junit.platform.engine.support.hierarchical.ThrowableCollector.execute(ThrowableCollector.java:73)
! at org.junit.jupiter.engine.descriptor.TestMethodTestDescriptor.invokeTestMethod(TestMethodTestDescriptor.java:210)
! at org.junit.jupiter.engine.descriptor.TestMethodTestDescriptor.execute(TestMethodTestDescriptor.java:135)
! at org.junit.jupiter.engine.descriptor.TestMethodTestDescriptor.execute(TestMethodTestDescriptor.java:66)
! at org.junit.platform.engine.support.hierarchical.NodeTestTask.lambda$executeRecursively$6(NodeTestTask.java:151)
! at org.junit.platform.engine.support.hierarchical.ThrowableCollector.execute(ThrowableCollector.java:73)
! at org.junit.platform.engine.support.hierarchical.NodeTestTask.lambda$executeRecursively$8(NodeTestTask.java:141)
! at org.junit.platform.engine.support.hierarchical.Node.around(Node.java:137)
! at org.junit.platform.engine.support.hierarchical.NodeTestTask.lambda$executeRecursively$9(NodeTestTask.java:139)
! at org.junit.platform.engine.support.hierarchical.ThrowableCollector.execute(ThrowableCollector.java:73)
! at org.junit.platform.engine.support.hierarchical.NodeTestTask.executeRecursively(NodeTestTask.java:138)
! at org.junit.platform.engine.support.hierarchical.NodeTestTask.execute(NodeTestTask.java:95)
! at java.base/java.util.ArrayList.forEach(ArrayList.java:1541)
! at org.junit.platform.engine.support.hierarchical.SameThreadHierarchicalTestExecutorService.invokeAll(SameThreadHierarchicalTestExecutorService.java:41)
! at org.junit.platform.engine.support.hierarchical.NodeTestTask.lambda$executeRecursively$6(NodeTestTask.java:155)
! at org.junit.platform.engine.support.hierarchical.ThrowableCollector.execute(ThrowableCollector.java:73)
! at org.junit.platform.engine.support.hierarchical.NodeTestTask.lambda$executeRecursively$8(NodeTestTask.java:141)
! at org.junit.platform.engine.support.hierarchical.Node.around(Node.java:137)
! at org.junit.platform.engine.support.hierarchical.NodeTestTask.lambda$executeRecursively$9(NodeTestTask.java:139)
! at org.junit.platform.engine.support.hierarchical.ThrowableCollector.execute(ThrowableCollector.java:73)
! at org.junit.platform.engine.support.hierarchical.NodeTestTask.executeRecursively(NodeTestTask.java:138)
! at org.junit.platform.engine.support.hierarchical.NodeTestTask.execute(NodeTestTask.java:95)
! at java.base/java.util.ArrayList.forEach(ArrayList.java:1541)
! at org.junit.platform.engine.support.hierarchical.SameThreadHierarchicalTestExecutorService.invokeAll(SameThreadHierarchicalTestExecutorService.java:41)
! at org.junit.platform.engine.support.hierarchical.NodeTestTask.lambda$executeRecursively$6(NodeTestTask.java:155)
! at org.junit.platform.engine.support.hierarchical.ThrowableCollector.execute(ThrowableCollector.java:73)
! at org.junit.platform.engine.support.hierarchical.NodeTestTask.lambda$executeRecursively$8(NodeTestTask.java:141)
! at org.junit.platform.engine.support.hierarchical.Node.around(Node.java:137)
! at org.junit.platform.engine.support.hierarchical.NodeTestTask.lambda$executeRecursively$9(NodeTestTask.java:139)
! at org.junit.platform.engine.support.hierarchical.ThrowableCollector.execute(ThrowableCollector.java:73)
! at org.junit.platform.engine.support.hierarchical.NodeTestTask.executeRecursively(NodeTestTask.java:138)
! at org.junit.platform.engine.support.hierarchical.NodeTestTask.execute(NodeTestTask.java:95)
! at org.junit.platform.engine.support.hierarchical.SameThreadHierarchicalTestExecutorService.submit(SameThreadHierarchicalTestExecutorService.java:35)
! at org.junit.platform.engine.support.hierarchical.HierarchicalTestExecutor.execute(HierarchicalTestExecutor.java:57)
! at org.junit.platform.engine.support.hierarchical.HierarchicalTestEngine.execute(HierarchicalTestEngine.java:54)
! at org.junit.platform.launcher.core.EngineExecutionOrchestrator.execute(EngineExecutionOrchestrator.java:107)
! at org.junit.platform.launcher.core.EngineExecutionOrchestrator.execute(EngineExecutionOrchestrator.java:88)
! at org.junit.platform.launcher.core.EngineExecutionOrchestrator.lambda$execute$0(EngineExecutionOrchestrator.java:54)
! at org.junit.platform.launcher.core.EngineExecutionOrchestrator.withInterceptedStreams(EngineExecutionOrchestrator.java:67)
! at org.junit.platform.launcher.core.EngineExecutionOrchestrator.execute(EngineExecutionOrchestrator.java:52)
! at org.junit.platform.launcher.core.DefaultLauncher.execute(DefaultLauncher.java:114)
! at org.junit.platform.launcher.core.DefaultLauncher.execute(DefaultLauncher.java:86)
! at org.junit.platform.launcher.core.DefaultLauncherSession$DelegatingLauncher.execute(DefaultLauncherSession.java:86)
! at org.apache.maven.surefire.junitplatform.LazyLauncher.execute(LazyLauncher.java:55)
! at org.apache.maven.surefire.junitplatform.JUnitPlatformProvider.execute(JUnitPlatformProvider.java:223)
! at org.apache.maven.surefire.junitplatform.JUnitPlatformProvider.invokeAllTests(JUnitPlatformProvider.java:175)
! at org.apache.maven.surefire.junitplatform.JUnitPlatformProvider.invoke(JUnitPlatformProvider.java:139)
! at org.apache.maven.surefire.booter.ForkedBooter.runSuitesInProcess(ForkedBooter.java:456)
! at org.apache.maven.surefire.booter.ForkedBooter.execute(ForkedBooter.java:169)
! at org.apache.maven.surefire.booter.ForkedBooter.run(ForkedBooter.java:595)
! at org.apache.maven.surefire.booter.ForkedBooter.main(ForkedBooter.java:581)
WARN  [2023-01-13 13:52:11,568] uk.gov.pay.connector.gateway.GatewayClient: Exception for gateway url=http://www.example.com/worldpay/order, error message: java.net.SocketException: socket failed
! java.net.SocketException: socket failed
! at uk.gov.pay.connector.service.GatewayClientTest.getRequestShouldReturnGatewayErrorWhenProviderFailsWithAProcessingException(GatewayClientTest.java:131)
! ... 70 common frames omitted
! Causing: javax.ws.rs.ProcessingException: java.net.SocketException: socket failed
! at uk.gov.pay.connector.gateway.GatewayClient.lambda$getRequestFor$5(GatewayClient.java:99)
! at uk.gov.pay.connector.gateway.GatewayClient.executeRequest(GatewayClient.java:115)
! at uk.gov.pay.connector.gateway.GatewayClient.getRequestFor(GatewayClient.java:102)
! at uk.gov.pay.connector.service.GatewayClientTest.lambda$getRequestShouldReturnGatewayErrorWhenProviderFailsWithAProcessingException$5(GatewayClientTest.java:134)
! at org.junit.jupiter.api.AssertThrows.assertThrows(AssertThrows.java:55)
! at org.junit.jupiter.api.AssertThrows.assertThrows(AssertThrows.java:37)
! at org.junit.jupiter.api.Assertions.assertThrows(Assertions.java:3082)
! at uk.gov.pay.connector.service.GatewayClientTest.getRequestShouldReturnGatewayErrorWhenProviderFailsWithAProcessingException(GatewayClientTest.java:133)
! at java.base/jdk.internal.reflect.NativeMethodAccessorImpl.invoke0(Native Method)
! at java.base/jdk.internal.reflect.NativeMethodAccessorImpl.invoke(NativeMethodAccessorImpl.java:62)
! at java.base/jdk.internal.reflect.DelegatingMethodAccessorImpl.invoke(DelegatingMethodAccessorImpl.java:43)
! at java.base/java.lang.reflect.Method.invoke(Method.java:566)
! at org.junit.platform.commons.util.ReflectionUtils.invokeMethod(ReflectionUtils.java:725)
! at org.junit.jupiter.engine.execution.MethodInvocation.proceed(MethodInvocation.java:60)
! at org.junit.jupiter.engine.execution.InvocationInterceptorChain$ValidatingInvocation.proceed(InvocationInterceptorChain.java:131)
! at org.junit.jupiter.engine.extension.TimeoutExtension.intercept(TimeoutExtension.java:149)
! at org.junit.jupiter.engine.extension.TimeoutExtension.interceptTestableMethod(TimeoutExtension.java:140)
! at org.junit.jupiter.engine.extension.TimeoutExtension.interceptTestMethod(TimeoutExtension.java:84)
! at org.junit.jupiter.engine.execution.ExecutableInvoker$ReflectiveInterceptorCall.lambda$ofVoidMethod$0(ExecutableInvoker.java:115)
! at org.junit.jupiter.engine.execution.ExecutableInvoker.lambda$invoke$0(ExecutableInvoker.java:105)
! at org.junit.jupiter.engine.execution.InvocationInterceptorChain$InterceptedInvocation.proceed(InvocationInterceptorChain.java:106)
! at org.junit.jupiter.engine.execution.InvocationInterceptorChain.proceed(InvocationInterceptorChain.java:64)
! at org.junit.jupiter.engine.execution.InvocationInterceptorChain.chainAndInvoke(InvocationInterceptorChain.java:45)
! at org.junit.jupiter.engine.execution.InvocationInterceptorChain.invoke(InvocationInterceptorChain.java:37)
! at org.junit.jupiter.engine.execution.ExecutableInvoker.invoke(ExecutableInvoker.java:104)
! at org.junit.jupiter.engine.execution.ExecutableInvoker.invoke(ExecutableInvoker.java:98)
! at org.junit.jupiter.engine.descriptor.TestMethodTestDescriptor.lambda$invokeTestMethod$7(TestMethodTestDescriptor.java:214)
! at org.junit.platform.engine.support.hierarchical.ThrowableCollector.execute(ThrowableCollector.java:73)
! at org.junit.jupiter.engine.descriptor.TestMethodTestDescriptor.invokeTestMethod(TestMethodTestDescriptor.java:210)
! at org.junit.jupiter.engine.descriptor.TestMethodTestDescriptor.execute(TestMethodTestDescriptor.java:135)
! at org.junit.jupiter.engine.descriptor.TestMethodTestDescriptor.execute(TestMethodTestDescriptor.java:66)
! at org.junit.platform.engine.support.hierarchical.NodeTestTask.lambda$executeRecursively$6(NodeTestTask.java:151)
! at org.junit.platform.engine.support.hierarchical.ThrowableCollector.execute(ThrowableCollector.java:73)
! at org.junit.platform.engine.support.hierarchical.NodeTestTask.lambda$executeRecursively$8(NodeTestTask.java:141)
! at org.junit.platform.engine.support.hierarchical.Node.around(Node.java:137)
! at org.junit.platform.engine.support.hierarchical.NodeTestTask.lambda$executeRecursively$9(NodeTestTask.java:139)
! at org.junit.platform.engine.support.hierarchical.ThrowableCollector.execute(ThrowableCollector.java:73)
! at org.junit.platform.engine.support.hierarchical.NodeTestTask.executeRecursively(NodeTestTask.java:138)
! at org.junit.platform.engine.support.hierarchical.NodeTestTask.execute(NodeTestTask.java:95)
! at java.base/java.util.ArrayList.forEach(ArrayList.java:1541)
! at org.junit.platform.engine.support.hierarchical.SameThreadHierarchicalTestExecutorService.invokeAll(SameThreadHierarchicalTestExecutorService.java:41)
! at org.junit.platform.engine.support.hierarchical.NodeTestTask.lambda$executeRecursively$6(NodeTestTask.java:155)
! at org.junit.platform.engine.support.hierarchical.ThrowableCollector.execute(ThrowableCollector.java:73)
! at org.junit.platform.engine.support.hierarchical.NodeTestTask.lambda$executeRecursively$8(NodeTestTask.java:141)
! at org.junit.platform.engine.support.hierarchical.Node.around(Node.java:137)
! at org.junit.platform.engine.support.hierarchical.NodeTestTask.lambda$executeRecursively$9(NodeTestTask.java:139)
! at org.junit.platform.engine.support.hierarchical.ThrowableCollector.execute(ThrowableCollector.java:73)
! at org.junit.platform.engine.support.hierarchical.NodeTestTask.executeRecursively(NodeTestTask.java:138)
! at org.junit.platform.engine.support.hierarchical.NodeTestTask.execute(NodeTestTask.java:95)
! at java.base/java.util.ArrayList.forEach(ArrayList.java:1541)
! at org.junit.platform.engine.support.hierarchical.SameThreadHierarchicalTestExecutorService.invokeAll(SameThreadHierarchicalTestExecutorService.java:41)
! at org.junit.platform.engine.support.hierarchical.NodeTestTask.lambda$executeRecursively$6(NodeTestTask.java:155)
! at org.junit.platform.engine.support.hierarchical.ThrowableCollector.execute(ThrowableCollector.java:73)
! at org.junit.platform.engine.support.hierarchical.NodeTestTask.lambda$executeRecursively$8(NodeTestTask.java:141)
! at org.junit.platform.engine.support.hierarchical.Node.around(Node.java:137)
! at org.junit.platform.engine.support.hierarchical.NodeTestTask.lambda$executeRecursively$9(NodeTestTask.java:139)
! at org.junit.platform.engine.support.hierarchical.ThrowableCollector.execute(ThrowableCollector.java:73)
! at org.junit.platform.engine.support.hierarchical.NodeTestTask.executeRecursively(NodeTestTask.java:138)
! at org.junit.platform.engine.support.hierarchical.NodeTestTask.execute(NodeTestTask.java:95)
! at org.junit.platform.engine.support.hierarchical.SameThreadHierarchicalTestExecutorService.submit(SameThreadHierarchicalTestExecutorService.java:35)
! at org.junit.platform.engine.support.hierarchical.HierarchicalTestExecutor.execute(HierarchicalTestExecutor.java:57)
! at org.junit.platform.engine.support.hierarchical.HierarchicalTestEngine.execute(HierarchicalTestEngine.java:54)
! at org.junit.platform.launcher.core.EngineExecutionOrchestrator.execute(EngineExecutionOrchestrator.java:107)
! at org.junit.platform.launcher.core.EngineExecutionOrchestrator.execute(EngineExecutionOrchestrator.java:88)
! at org.junit.platform.launcher.core.EngineExecutionOrchestrator.lambda$execute$0(EngineExecutionOrchestrator.java:54)
! at org.junit.platform.launcher.core.EngineExecutionOrchestrator.withInterceptedStreams(EngineExecutionOrchestrator.java:67)
! at org.junit.platform.launcher.core.EngineExecutionOrchestrator.execute(EngineExecutionOrchestrator.java:52)
! at org.junit.platform.launcher.core.DefaultLauncher.execute(DefaultLauncher.java:114)
! at org.junit.platform.launcher.core.DefaultLauncher.execute(DefaultLauncher.java:86)
! at org.junit.platform.launcher.core.DefaultLauncherSession$DelegatingLauncher.execute(DefaultLauncherSession.java:86)
! at org.apache.maven.surefire.junitplatform.LazyLauncher.execute(LazyLauncher.java:55)
! at org.apache.maven.surefire.junitplatform.JUnitPlatformProvider.execute(JUnitPlatformProvider.java:223)
! at org.apache.maven.surefire.junitplatform.JUnitPlatformProvider.invokeAllTests(JUnitPlatformProvider.java:175)
! at org.apache.maven.surefire.junitplatform.JUnitPlatformProvider.invoke(JUnitPlatformProvider.java:139)
! at org.apache.maven.surefire.booter.ForkedBooter.runSuitesInProcess(ForkedBooter.java:456)
! at org.apache.maven.surefire.booter.ForkedBooter.execute(ForkedBooter.java:169)
! at org.apache.maven.surefire.booter.ForkedBooter.run(ForkedBooter.java:595)
! at org.apache.maven.surefire.booter.ForkedBooter.main(ForkedBooter.java:581)
WARN  [2023-01-13 13:52:11,571] uk.gov.pay.connector.gateway.GatewayClient: Gateway returned unexpected status code: 500, for gateway url=http://www.example.com/worldpay/order with type test with order request type authorise
WARN  [2023-01-13 13:52:11,575] uk.gov.pay.connector.gateway.GatewayClient: Gateway returned unexpected status code: 500, for gateway url=http://www.example.com/worldpay/order with type test with order request type query
[INFO] Tests run: 6, Failures: 0, Errors: 0, Skipped: 0, Time elapsed: 0.019 s - in uk.gov.pay.connector.service.GatewayClientTest
[INFO] Running uk.gov.pay.connector.gatewayaccount.model.GatewayAccountResourceDTOTest
[INFO] Tests run: 1, Failures: 0, Errors: 0, Skipped: 0, Time elapsed: 0.001 s - in uk.gov.pay.connector.gatewayaccount.model.GatewayAccountResourceDTOTest
[INFO] Running uk.gov.pay.connector.gatewayaccount.model.GatewayAccountEntityTest
WARN  [2023-01-13 13:52:11,579] uk.gov.pay.connector.gatewayaccount.model.GatewayAccountEntity: Gateway account [id=1] has multiple credentials but no active credential found
WARN  [2023-01-13 13:52:11,580] uk.gov.pay.connector.gatewayaccount.model.GatewayAccountEntity: Gateway account [id=1] has multiple credentials but no active credential found
WARN  [2023-01-13 13:52:11,581] uk.gov.pay.connector.gatewayaccount.model.GatewayAccountEntity: Gateway account [id=1] has multiple credentials but no active credential found
[INFO] Tests run: 17, Failures: 0, Errors: 0, Skipped: 0, Time elapsed: 0.007 s - in uk.gov.pay.connector.gatewayaccount.model.GatewayAccountEntityTest
[INFO] Running uk.gov.pay.connector.gatewayaccount.resource.GatewayAccountResourceSwitchPspValidationTest
ERROR [2023-01-13 13:52:11,679] uk.gov.pay.connector.gatewayaccount.resource.GatewayAccountResource: Switching Payment Provider failure: Account credential with id [7c7c0b14c1544d938269aaa8eb099c88] not found.
ERROR [2023-01-13 13:52:11,682] uk.gov.pay.connector.gatewayaccount.resource.GatewayAccountResource: Switching Payment Provider failure: Account has no credential to switch to/from
ERROR [2023-01-13 13:52:11,686] uk.gov.pay.connector.gatewayaccount.resource.GatewayAccountResource: Switching Payment Provider failure: Credential with id [29c6d1de5d2c4adeb2892a4b840e0f61] is not in correct state.
ERROR [2023-01-13 13:52:11,690] uk.gov.pay.connector.gatewayaccount.resource.GatewayAccountResource: Switching Payment Provider failure: Account credential with ACTIVE state not found.
[INFO] Tests run: 7, Failures: 0, Errors: 0, Skipped: 0, Time elapsed: 0.105 s - in uk.gov.pay.connector.gatewayaccount.resource.GatewayAccountResourceSwitchPspValidationTest
[INFO] Running uk.gov.pay.connector.gatewayaccount.resource.GatewayAccountRequestValidatorTest
[INFO] Tests run: 55, Failures: 0, Errors: 0, Skipped: 0, Time elapsed: 0.051 s - in uk.gov.pay.connector.gatewayaccount.resource.GatewayAccountRequestValidatorTest
[INFO] Running uk.gov.pay.connector.gatewayaccount.resource.GatewayAccountResourceValidationTest
ERROR [2023-01-13 13:52:11,822] uk.gov.pay.connector.common.exception.ValidationExceptionMapper: Value [false] must be of type boolean for path [allow_zero_amount]
ERROR [2023-01-13 13:52:11,847] uk.gov.pay.connector.common.exception.ValidationExceptionMapper: Operation [add] is not valid for path [corporate_debit_card_surcharge_amount]
ERROR [2023-01-13 13:52:11,849] uk.gov.pay.connector.common.exception.ValidationExceptionMapper: Value [] is not valid for path [corporate_credit_card_surcharge_amount]
ERROR [2023-01-13 13:52:11,850] uk.gov.pay.connector.common.exception.ValidationExceptionMapper: Value [-100] is not valid for path [corporate_credit_card_surcharge_amount]
ERROR [2023-01-13 13:52:11,851] uk.gov.pay.connector.common.exception.ValidationExceptionMapper: Field [value] is required
ERROR [2023-01-13 13:52:11,853] uk.gov.pay.connector.common.exception.ValidationExceptionMapper: Value [not zero or a positive number that can be represented as a long] is not valid for path [corporate_debit_card_surcharge_amount]
ERROR [2023-01-13 13:52:11,854] uk.gov.pay.connector.common.exception.ValidationExceptionMapper: Field [value] is required
[INFO] Tests run: 10, Failures: 0, Errors: 0, Skipped: 0, Time elapsed: 0.111 s - in uk.gov.pay.connector.gatewayaccount.resource.GatewayAccountResourceValidationTest
[INFO] Running uk.gov.pay.connector.gatewayaccount.validation.Worldpay3DsFlexIssuerOrOrganisationalUnitIdValidatorTest
[INFO] Tests run: 7, Failures: 0, Errors: 0, Skipped: 0, Time elapsed: 0.002 s - in uk.gov.pay.connector.gatewayaccount.validation.Worldpay3DsFlexIssuerOrOrganisationalUnitIdValidatorTest
[INFO] Running uk.gov.pay.connector.gatewayaccount.validation.Worldpay3dsFlexJwtMacKeyValidatorTest
[INFO] Tests run: 9, Failures: 0, Errors: 0, Skipped: 0, Time elapsed: 0.004 s - in uk.gov.pay.connector.gatewayaccount.validation.Worldpay3dsFlexJwtMacKeyValidatorTest
[INFO] Running uk.gov.pay.connector.events.model.charge.PaymentNotificationCreatedTest
[INFO] Tests run: 3, Failures: 0, Errors: 0, Skipped: 0, Time elapsed: 0.044 s - in uk.gov.pay.connector.events.model.charge.PaymentNotificationCreatedTest
[INFO] Running uk.gov.pay.connector.events.model.charge.PaymentDetailsSubmittedByAPITest
[INFO] Tests run: 2, Failures: 0, Errors: 0, Skipped: 0, Time elapsed: 0.006 s - in uk.gov.pay.connector.events.model.charge.PaymentDetailsSubmittedByAPITest
[INFO] Running uk.gov.pay.connector.events.model.charge.Gateway3dsExemptionResultObtainedTest
[INFO] Tests run: 2, Failures: 0, Errors: 0, Skipped: 0, Time elapsed: 0.003 s - in uk.gov.pay.connector.events.model.charge.Gateway3dsExemptionResultObtainedTest
[INFO] Running uk.gov.pay.connector.events.model.charge.FeeIncurredEventTest
[INFO] Tests run: 2, Failures: 0, Errors: 0, Skipped: 0, Time elapsed: 0.005 s - in uk.gov.pay.connector.events.model.charge.FeeIncurredEventTest
[INFO] Running uk.gov.pay.connector.events.model.charge.Gateway3dsInfoObtainedTest
[INFO] Tests run: 2, Failures: 0, Errors: 0, Skipped: 0, Time elapsed: 0.003 s - in uk.gov.pay.connector.events.model.charge.Gateway3dsInfoObtainedTest
[INFO] Running uk.gov.pay.connector.events.model.charge.PaymentCreatedTest
[INFO] Tests run: 17, Failures: 0, Errors: 0, Skipped: 0, Time elapsed: 0.053 s - in uk.gov.pay.connector.events.model.charge.PaymentCreatedTest
[INFO] Running uk.gov.pay.connector.paymentprocessor.resource.CardResourceTest
[INFO] Tests run: 39, Failures: 0, Errors: 0, Skipped: 0, Time elapsed: 0.215 s - in uk.gov.pay.connector.paymentprocessor.resource.CardResourceTest
[INFO] Running uk.gov.pay.connector.paymentprocessor.service.QueryServiceTest
[INFO] Tests run: 5, Failures: 0, Errors: 0, Skipped: 0, Time elapsed: 0.008 s - in uk.gov.pay.connector.paymentprocessor.service.QueryServiceTest
[INFO] Running uk.gov.pay.connector.paymentprocessor.service.WorldpayCardAuthoriseServiceTest
[INFO] Tests run: 7, Failures: 0, Errors: 0, Skipped: 0, Time elapsed: 0.051 s - in uk.gov.pay.connector.paymentprocessor.service.WorldpayCardAuthoriseServiceTest
[INFO] Running uk.gov.pay.connector.paymentprocessor.service.DiscrepancyServiceTest
[INFO] Tests run: 6, Failures: 0, Errors: 0, Skipped: 0, Time elapsed: 0.021 s - in uk.gov.pay.connector.paymentprocessor.service.DiscrepancyServiceTest
[INFO] Running uk.gov.pay.connector.paymentprocessor.service.CardAuthoriseServiceTest
WARN  [2023-01-13 13:52:12,310] uk.gov.pay.connector.paymentprocessor.service.AuthorisationService: AuthCardDetails authorisation response received with no transaction id. -  charge_external_id=11b6e2gg4r9rm3a74roipagbp9
WARN  [2023-01-13 13:52:12,313] uk.gov.pay.connector.paymentprocessor.service.AuthorisationService: AuthCardDetails authorisation response received with no transaction id. -  charge_external_id=o3vlvbmq4sb934770g5tbp90ho
WARN  [2023-01-13 13:52:12,316] uk.gov.pay.connector.charge.model.domain.ChargeEntity: Charge with state UNDEFINED cannot proceed to AUTHORISATION READY [charge_external_id=6m0qc2o9fjb6f24pb6oe73q7oi, charge_status=AUTHORISATION READY, event=Event{resourceExternalId='null', eventDetails=uk.gov.pay.connector.events.eventdetails.EmptyEventDetails, timestamp=null}]
WARN  [2023-01-13 13:52:12,348] uk.gov.pay.connector.charge.model.domain.ChargeEntity: Charge with state AUTHORISATION READY cannot proceed to AUTHORISATION READY [charge_external_id=k85v5dqghddeufnd585kcaso45, charge_status=AUTHORISATION READY, event=Event{resourceExternalId='null', eventDetails=uk.gov.pay.connector.events.eventdetails.EmptyEventDetails, timestamp=null}]
WARN  [2023-01-13 13:52:12,353] uk.gov.pay.connector.paymentprocessor.service.AuthorisationService: AuthCardDetails authorisation response received with no transaction id. -  charge_external_id=h1b0558ppo89j9tj01smeh4nt3
WARN  [2023-01-13 13:52:12,360] uk.gov.pay.connector.paymentprocessor.service.AuthorisationService: AuthCardDetails authorisation response received with no transaction id. -  charge_external_id=uk2nl607e99b0rc7kpnsri7scp
WARN  [2023-01-13 13:52:12,368] uk.gov.pay.connector.paymentprocessor.service.AuthorisationService: AuthCardDetails authorisation response received with no transaction id. -  charge_external_id=1o1h7bsj3q211u02smmo7gstk0
WARN  [2023-01-13 13:52:12,371] uk.gov.pay.connector.paymentprocessor.service.AuthorisationService: AuthCardDetails authorisation response received with no transaction id. -  charge_external_id=e2e1j12o9d02s6g2vu5ahq9f61
ERROR [2023-01-13 13:52:12,376] uk.gov.pay.connector.paymentprocessor.service.CardAuthoriseService: AuthCardDetails authorisation failed pre operation. Card brand requires 3ds but Gateway account has 3ds disabled - charge_external_id=ugv0ffaor96j4u5pcv0r0v5i91, operation_type=Authorisation, card_brand=visa
WARN  [2023-01-13 13:52:12,382] uk.gov.pay.connector.paymentprocessor.service.AuthorisationService: AuthCardDetails authorisation response received with no transaction id. -  charge_external_id=0oldu7s057m1slm5fubkcic7mr
WARN  [2023-01-13 13:52:12,390] uk.gov.pay.connector.paymentprocessor.service.AuthorisationService: AuthCardDetails authorisation response received with no transaction id. -  charge_external_id=cp7atoeo70r2kddnhimhdri1cb
WARN  [2023-01-13 13:52:12,395] uk.gov.pay.connector.paymentprocessor.service.AuthorisationService: AuthCardDetails authorisation response received with no transaction id. -  charge_external_id=cje0rr1e5cpvaegmj7fkku8vjr
WARN  [2023-01-13 13:52:12,409] uk.gov.pay.connector.paymentprocessor.service.AuthorisationService: AuthCardDetails authorisation response received with no transaction id. -  charge_external_id=m1aaj8cnt4l8ptur7i70u1vt09
WARN  [2023-01-13 13:52:12,414] uk.gov.pay.connector.charge.model.domain.ChargeEntity: Charge with state UNDEFINED cannot proceed to AUTHORISATION READY [charge_external_id=cjccd20hg7b15n70q30cmn19v6, charge_status=AUTHORISATION READY, event=Event{resourceExternalId='null', eventDetails=uk.gov.pay.connector.events.eventdetails.EmptyEventDetails, timestamp=null}]
[INFO] Tests run: 36, Failures: 0, Errors: 0, Skipped: 0, Time elapsed: 0.133 s - in uk.gov.pay.connector.paymentprocessor.service.CardAuthoriseServiceTest
[INFO] Running uk.gov.pay.connector.paymentinstrument.service.PaymentInstrumentServiceTest
[INFO] Tests run: 1, Failures: 0, Errors: 0, Skipped: 0, Time elapsed: 0.008 s - in uk.gov.pay.connector.paymentinstrument.service.PaymentInstrumentServiceTest
[INFO] Running uk.gov.pay.connector.util.AcceptLanguageHeaderParserTest
[INFO] Tests run: 1, Failures: 0, Errors: 0, Skipped: 0, Time elapsed: 0.001 s - in uk.gov.pay.connector.util.AcceptLanguageHeaderParserTest
[INFO] Running uk.gov.pay.connector.util.CidrUtilsTest
[INFO] Tests run: 3, Failures: 0, Errors: 0, Skipped: 0, Time elapsed: 0.001 s - in uk.gov.pay.connector.util.CidrUtilsTest
[INFO] Running uk.gov.pay.connector.util.IpAddressMatcherTest
[INFO] Tests run: 9, Failures: 0, Errors: 0, Skipped: 0, Time elapsed: 0.002 s - in uk.gov.pay.connector.util.IpAddressMatcherTest
[INFO] Running uk.gov.pay.connector.queue.tasks.TaskQueueServiceTest
WARN  [2023-01-13 13:52:12,438] uk.gov.pay.connector.queue.tasks.TaskQueueService: Error adding payment task message to queue
ERROR [2023-01-13 13:52:12,485] uk.gov.pay.connector.queue.tasks.TaskQueueService: Error adding task to queue
[INFO] Tests run: 9, Failures: 0, Errors: 0, Skipped: 0, Time elapsed: 0.058 s - in uk.gov.pay.connector.queue.tasks.TaskQueueServiceTest
[INFO] Running uk.gov.pay.connector.queue.tasks.TaskQueueMessageHandlerTest
[INFO] Tests run: 3, Failures: 0, Errors: 0, Skipped: 0, Time elapsed: 0.03 s - in uk.gov.pay.connector.queue.tasks.TaskQueueMessageHandlerTest
[INFO] Running uk.gov.pay.connector.queue.tasks.TaskQueueTest
ERROR [2023-01-13 13:52:12,560] uk.gov.pay.connector.queue.tasks.TaskQueue: Error parsing message from tasks queue
[INFO] Tests run: 4, Failures: 0, Errors: 0, Skipped: 0, Time elapsed: 0.039 s - in uk.gov.pay.connector.queue.tasks.TaskQueueTest
[INFO] Running uk.gov.pay.connector.queue.tasks.StripeWebhookTaskHandlerTest
[INFO] Tests run: 4, Failures: 0, Errors: 0, Skipped: 0, Time elapsed: 0.015 s - in uk.gov.pay.connector.queue.tasks.StripeWebhookTaskHandlerTest
[INFO] Running uk.gov.pay.connector.queue.tasks.CollectFeesForFailedPaymentsTaskHandlerTest
[INFO] Tests run: 1, Failures: 0, Errors: 0, Skipped: 0, Time elapsed: 0.014 s - in uk.gov.pay.connector.queue.tasks.CollectFeesForFailedPaymentsTaskHandlerTest
[INFO] Running uk.gov.pay.connector.wallets.WalletAuthorisationDataToAuthCardDetailsConverterTest
[INFO] Tests run: 3, Failures: 0, Errors: 0, Skipped: 0, Time elapsed: 0.006 s - in uk.gov.pay.connector.wallets.WalletAuthorisationDataToAuthCardDetailsConverterTest
[INFO] Running uk.gov.pay.connector.wallets.applepay.ApplePayDecrypterTest
ERROR [2023-01-13 13:52:12,693] uk.gov.pay.connector.wallets.applepay.ApplePayDecrypter: Error while trying to decrypt apple pay payload: Tag mismatch!
ERROR [2023-01-13 13:52:12,699] uk.gov.pay.connector.wallets.applepay.ApplePayDecrypter: Error while trying to decrypt apple pay payload: java.security.InvalidKeyException: IOException: DerInputStream.getLength(): lengthTag=10, too big.
ERROR [2023-01-13 13:52:12,735] uk.gov.pay.connector.wallets.applepay.ApplePayDecrypter: Error while trying to decrypt apple pay payload: Input too short - need tag
[INFO] Tests run: 9, Failures: 0, Errors: 0, Skipped: 0, Time elapsed: 0.138 s - in uk.gov.pay.connector.wallets.applepay.ApplePayDecrypterTest
[INFO] Running uk.gov.pay.connector.it.resources.GatewayAccountResourceTest
[WARNING] Tests run: 2, Failures: 0, Errors: 0, Skipped: 1, Time elapsed: 0.086 s - in uk.gov.pay.connector.it.resources.GatewayAccountResourceTest
[INFO] Running uk.gov.pay.connector.agreement.resource.AgreementsApiResourceTest
[INFO] Tests run: 2, Failures: 0, Errors: 0, Skipped: 0, Time elapsed: 0.116 s - in uk.gov.pay.connector.agreement.resource.AgreementsApiResourceTest
[INFO] Running uk.gov.pay.connector.token.TokenServiceTest
[INFO] Tests run: 4, Failures: 0, Errors: 0, Skipped: 0, Time elapsed: 0.004 s - in uk.gov.pay.connector.token.TokenServiceTest
[INFO] Running uk.gov.pay.connector.model.domain.EmailNotificationTypeTest
[INFO] Tests run: 3, Failures: 0, Errors: 0, Skipped: 0, Time elapsed: 0.006 s - in uk.gov.pay.connector.model.domain.EmailNotificationTypeTest
[INFO] Running uk.gov.pay.connector.model.domain.RefundEntityTest
[INFO] Tests run: 4, Failures: 0, Errors: 0, Skipped: 0, Time elapsed: 0.001 s - in uk.gov.pay.connector.model.domain.RefundEntityTest
[INFO] Running uk.gov.pay.connector.model.domain.HistoryCustomizerTest
[INFO] Tests run: 1, Failures: 0, Errors: 0, Skipped: 0, Time elapsed: 0.192 s - in uk.gov.pay.connector.model.domain.HistoryCustomizerTest
[INFO] Running uk.gov.pay.connector.model.domain.EmailCollectionModeTest
[INFO] Tests run: 4, Failures: 0, Errors: 0, Skipped: 0, Time elapsed: 0.001 s - in uk.gov.pay.connector.model.domain.EmailCollectionModeTest
[INFO] Running uk.gov.pay.connector.model.domain.JsonToMapConverterTest
[INFO] Tests run: 4, Failures: 0, Errors: 0, Skipped: 0, Time elapsed: 0.003 s - in uk.gov.pay.connector.model.domain.JsonToMapConverterTest
[INFO] Running uk.gov.pay.connector.model.domain.ChargeEntityTest
WARN  [2023-01-13 13:52:13,163] uk.gov.pay.connector.charge.model.domain.ChargeEntity: Charge with state CREATED cannot proceed to CAPTURED [charge_external_id=903r34qoguja7f2ht677an6tac, charge_status=CAPTURED, event=Event{resourceExternalId='null', eventDetails=uk.gov.pay.connector.events.eventdetails.EmptyEventDetails, timestamp=null}]
[INFO] Tests run: 13, Failures: 0, Errors: 0, Skipped: 0, Time elapsed: 0.003 s - in uk.gov.pay.connector.model.domain.ChargeEntityTest
[INFO] Running uk.gov.pay.connector.model.domain.RefundStatusMapTest
[INFO] Tests run: 5, Failures: 0, Errors: 0, Skipped: 0, Time elapsed: 0.001 s - in uk.gov.pay.connector.model.domain.RefundStatusMapTest
[INFO] Running uk.gov.pay.connector.model.LastDigitsCardNumberTest
[INFO] Tests run: 5, Failures: 0, Errors: 0, Skipped: 0, Time elapsed: 0.001 s - in uk.gov.pay.connector.model.LastDigitsCardNumberTest
[INFO] Running uk.gov.pay.connector.model.TransactionEventTest
[INFO] Tests run: 5, Failures: 0, Errors: 0, Skipped: 0, Time elapsed: 0.001 s - in uk.gov.pay.connector.model.TransactionEventTest
[INFO] Running uk.gov.pay.connector.model.FirstDigitsCardNumberTest
[INFO] Tests run: 5, Failures: 0, Errors: 0, Skipped: 0, Time elapsed: 0.001 s - in uk.gov.pay.connector.model.FirstDigitsCardNumberTest
[INFO] Running uk.gov.pay.connector.model.RefundResponseTest
[INFO] Tests run: 2, Failures: 0, Errors: 0, Skipped: 0, Time elapsed: 0.016 s - in uk.gov.pay.connector.model.RefundResponseTest
[INFO] Running uk.gov.pay.connector.client.ledger.service.LedgerServiceTest
ERROR [2023-01-13 13:52:13,189] uk.gov.pay.connector.client.ledger.service.LedgerService: Error processing response from ledger for payment refunds: gateway_account_id=152 payment_external_id=external-id
ERROR [2023-01-13 13:52:13,194] uk.gov.pay.connector.client.ledger.service.LedgerService: Received non-success status code for get refunds for payment from Ledger: gateway_account_id=152, payment_external_id=external-id
[INFO] Tests run: 5, Failures: 0, Errors: 0, Skipped: 0, Time elapsed: 0.008 s - in uk.gov.pay.connector.client.ledger.service.LedgerServiceTest
[INFO] Running uk.gov.pay.connector.client.ledger.service.LedgerServiceConsumerTest
WARN  [2023-01-13 13:52:14,082] au.com.dius.pact.model.matchingrules.MatchingRuleGroup: Unrecognised matcher value, defaulting to equality matching
WARN  [2023-01-13 13:52:14,083] au.com.dius.pact.model.matchingrules.MatchingRuleGroup: Unrecognised matcher value, defaulting to equality matching
WARN  [2023-01-13 13:52:15,280] au.com.dius.pact.model.matchingrules.MatchingRuleGroup: Unrecognised matcher value, defaulting to equality matching
WARN  [2023-01-13 13:52:15,281] au.com.dius.pact.model.matchingrules.MatchingRuleGroup: Unrecognised matcher value, defaulting to equality matching
[INFO] Tests run: 3, Failures: 0, Errors: 0, Skipped: 0, Time elapsed: 2.833 s - in uk.gov.pay.connector.client.ledger.service.LedgerServiceConsumerTest
[INFO] Running uk.gov.pay.connector.client.cardid.model.CardidServiceConsumerTest
[WARNING] Tests run: 3, Failures: 0, Errors: 0, Skipped: 1, Time elapsed: 1.075 s - in uk.gov.pay.connector.client.cardid.model.CardidServiceConsumerTest
[INFO] Running uk.gov.pay.connector.gateway.model.response.GatewayResponseTest
[INFO] Tests run: 3, Failures: 0, Errors: 0, Skipped: 0, Time elapsed: 0.002 s - in uk.gov.pay.connector.gateway.model.response.GatewayResponseTest
[INFO] Running uk.gov.pay.connector.gateway.model.request.CardAuthorisationGatewayRequestTest
[INFO] Tests run: 2, Failures: 0, Errors: 0, Skipped: 0, Time elapsed: 0.001 s - in uk.gov.pay.connector.gateway.model.request.CardAuthorisationGatewayRequestTest
[INFO] Running uk.gov.pay.connector.gateway.worldpay.WorldpayCaptureHandlerTest
[INFO] Tests run: 4, Failures: 0, Errors: 0, Skipped: 0, Time elapsed: 0.08 s - in uk.gov.pay.connector.gateway.worldpay.WorldpayCaptureHandlerTest
[INFO] Running uk.gov.pay.connector.gateway.worldpay.WorldpayOrderRequestBuilderTest
[INFO] Tests run: 18, Failures: 0, Errors: 0, Skipped: 0, Time elapsed: 0.685 s - in uk.gov.pay.connector.gateway.worldpay.WorldpayOrderRequestBuilderTest
[INFO] Running uk.gov.pay.connector.gateway.worldpay.wallets.WorldpayWalletAuthorisationHandlerTest
[INFO] Tests run: 14, Failures: 0, Errors: 0, Skipped: 0, Time elapsed: 0.534 s - in uk.gov.pay.connector.gateway.worldpay.wallets.WorldpayWalletAuthorisationHandlerTest
[INFO] Running uk.gov.pay.connector.gateway.smartpay.SmartpayOrderRequestBuilderTest
[INFO] Tests run: 15, Failures: 0, Errors: 0, Skipped: 0, Time elapsed: 0.087 s - in uk.gov.pay.connector.gateway.smartpay.SmartpayOrderRequestBuilderTest
[INFO] Running uk.gov.pay.connector.gateway.smartpay.SmartpayStatusMapperTest
[INFO] Tests run: 8, Failures: 0, Errors: 0, Skipped: 0, Time elapsed: 0.002 s - in uk.gov.pay.connector.gateway.smartpay.SmartpayStatusMapperTest
[INFO] Running uk.gov.pay.connector.gateway.smartpay.SmartpayPaymentProviderTest
[INFO] Tests run: 7, Failures: 0, Errors: 0, Skipped: 0, Time elapsed: 0.047 s - in uk.gov.pay.connector.gateway.smartpay.SmartpayPaymentProviderTest
[INFO] Running uk.gov.pay.connector.gateway.smartpay.auth.SmartpayAccountSpecificAuthenticatorTest
WARN  [2023-01-13 13:52:18,568] uk.gov.pay.connector.gateway.smartpay.auth.SmartpayAccountSpecificAuthenticator: Authentication failure: failed for smartpay username BasicCredentials{username=MyService, password=**********}
WARN  [2023-01-13 13:52:18,569] uk.gov.pay.connector.gateway.smartpay.auth.SmartpayAccountSpecificAuthenticator: Authentication failure: failed for smartpay username BasicCredentials{username=MyService, password=**********}
[INFO] Tests run: 3, Failures: 0, Errors: 0, Skipped: 0, Time elapsed: 0.018 s - in uk.gov.pay.connector.gateway.smartpay.auth.SmartpayAccountSpecificAuthenticatorTest
[INFO] Running uk.gov.pay.connector.gateway.smartpay.SmartpayCaptureHandlerTest
[INFO] Tests run: 2, Failures: 0, Errors: 0, Skipped: 0, Time elapsed: 0.013 s - in uk.gov.pay.connector.gateway.smartpay.SmartpayCaptureHandlerTest
[INFO] Running uk.gov.pay.connector.gateway.smartpay.SmartpayNotificationTest
[INFO] Tests run: 5, Failures: 0, Errors: 0, Skipped: 0, Time elapsed: 0.005 s - in uk.gov.pay.connector.gateway.smartpay.SmartpayNotificationTest
[INFO] Running uk.gov.pay.connector.gateway.stripe.StripeCaptureHandlerTest
WARN  [2023-01-13 13:52:18,600] uk.gov.pay.connector.gateway.stripe.handler.StripeCaptureHandler: Capture failed for transaction id ch_1231231123123. Reason: uh oh. Status code from Stripe: Optional[500]. Charge External Id: a1d34cvlp7fu4ias7s0o68rblt
WARN  [2023-01-13 13:52:18,609] uk.gov.pay.connector.gateway.stripe.handler.StripeCaptureHandler: Capture failed for transaction id ch_1231231123123. Reason: uh oh. Status code from Stripe: Optional[500]. Charge External Id: h81umbmgpo1t4c3qjleuipj70f
WARN  [2023-01-13 13:52:18,613] uk.gov.pay.connector.gateway.stripe.handler.StripeCaptureHandler: Capture failed for transaction id ch_1231231123123. Failure code from Stripe: resource_missing, failure message from Stripe: No such charge: ch_123456 or something similar. External Charge id: fak3m19sv7ud4l746pb58b1blk. Response code from Stripe: Optional[401]
WARN  [2023-01-13 13:52:18,622] uk.gov.pay.connector.gateway.stripe.handler.StripeCaptureHandler: Capture failed for transaction id ch_1231231123123. Failure code from Stripe: resource_missing, failure message from Stripe: No such charge: ch_123456 or something similar. External Charge id: pndmf18h12cj4p20huqo64avs4. Response code from Stripe: Optional[401]
[INFO] Tests run: 11, Failures: 0, Errors: 0, Skipped: 0, Time elapsed: 0.033 s - in uk.gov.pay.connector.gateway.stripe.StripeCaptureHandlerTest
[INFO] Running uk.gov.pay.connector.gateway.stripe.StripePaymentProviderTest
ERROR [2023-01-13 13:52:18,631] uk.gov.pay.connector.gateway.stripe.handler.StripeAuthoriseHandler: Authorisation failed due to an internal error. Reason: server error. Status code from Stripe: 500.
ERROR [2023-01-13 13:52:18,654] uk.gov.pay.connector.gateway.stripe.handler.StripeAuthoriseHandler: GatewayException occurred, error:
 {}
! uk.gov.pay.connector.gateway.GatewayException$GatewayConnectionTimeoutException: javax.ws.rs.ProcessingException: java.io.IOException
! at uk.gov.pay.connector.gateway.stripe.handler.StripeAuthoriseHandler.createPaymentIntent(StripeAuthoriseHandler.java:90)
! at uk.gov.pay.connector.gateway.stripe.handler.StripeAuthoriseHandler.authorise(StripeAuthoriseHandler.java:56)
! at uk.gov.pay.connector.gateway.stripe.StripePaymentProvider.authorise(StripePaymentProvider.java:105)
! at uk.gov.pay.connector.gateway.stripe.StripePaymentProviderTest.shouldNotAuthorise_whenProcessingExceptionIsThrown(StripePaymentProviderTest.java:174)
! at java.base/jdk.internal.reflect.NativeMethodAccessorImpl.invoke0(Native Method)
! at java.base/jdk.internal.reflect.NativeMethodAccessorImpl.invoke(NativeMethodAccessorImpl.java:62)
! at java.base/jdk.internal.reflect.DelegatingMethodAccessorImpl.invoke(DelegatingMethodAccessorImpl.java:43)
! at java.base/java.lang.reflect.Method.invoke(Method.java:566)
! at org.junit.runners.model.FrameworkMethod$1.runReflectiveCall(FrameworkMethod.java:59)
! at org.junit.internal.runners.model.ReflectiveCallable.run(ReflectiveCallable.java:12)
! at org.junit.runners.model.FrameworkMethod.invokeExplosively(FrameworkMethod.java:56)
! at org.junit.internal.runners.statements.InvokeMethod.evaluate(InvokeMethod.java:17)
! at org.junit.internal.runners.statements.RunBefores.evaluate(RunBefores.java:26)
! at org.junit.runners.ParentRunner$3.evaluate(ParentRunner.java:306)
! at org.junit.runners.BlockJUnit4ClassRunner$1.evaluate(BlockJUnit4ClassRunner.java:100)
! at org.junit.runners.ParentRunner.runLeaf(ParentRunner.java:366)
! at org.junit.runners.BlockJUnit4ClassRunner.runChild(BlockJUnit4ClassRunner.java:103)
! at org.junit.runners.BlockJUnit4ClassRunner.runChild(BlockJUnit4ClassRunner.java:63)
! at org.junit.runners.ParentRunner$4.run(ParentRunner.java:331)
! at org.junit.runners.ParentRunner$1.schedule(ParentRunner.java:79)
! at org.junit.runners.ParentRunner.runChildren(ParentRunner.java:329)
! at org.junit.runners.ParentRunner.access$100(ParentRunner.java:66)
! at org.junit.runners.ParentRunner$2.evaluate(ParentRunner.java:293)
! at org.junit.runners.ParentRunner$3.evaluate(ParentRunner.java:306)
! at org.junit.runners.ParentRunner.run(ParentRunner.java:413)
! at org.junit.runner.JUnitCore.run(JUnitCore.java:137)
! at org.junit.runner.JUnitCore.run(JUnitCore.java:115)
! at org.junit.vintage.engine.execution.RunnerExecutor.execute(RunnerExecutor.java:42)
! at org.junit.vintage.engine.VintageTestEngine.executeAllChildren(VintageTestEngine.java:80)
! at org.junit.vintage.engine.VintageTestEngine.execute(VintageTestEngine.java:72)
! at org.junit.platform.launcher.core.EngineExecutionOrchestrator.execute(EngineExecutionOrchestrator.java:107)
! at org.junit.platform.launcher.core.EngineExecutionOrchestrator.execute(EngineExecutionOrchestrator.java:88)
! at org.junit.platform.launcher.core.EngineExecutionOrchestrator.lambda$execute$0(EngineExecutionOrchestrator.java:54)
! at org.junit.platform.launcher.core.EngineExecutionOrchestrator.withInterceptedStreams(EngineExecutionOrchestrator.java:67)
! at org.junit.platform.launcher.core.EngineExecutionOrchestrator.execute(EngineExecutionOrchestrator.java:52)
! at org.junit.platform.launcher.core.DefaultLauncher.execute(DefaultLauncher.java:114)
! at org.junit.platform.launcher.core.DefaultLauncher.execute(DefaultLauncher.java:86)
! at org.junit.platform.launcher.core.DefaultLauncherSession$DelegatingLauncher.execute(DefaultLauncherSession.java:86)
! at org.apache.maven.surefire.junitplatform.LazyLauncher.execute(LazyLauncher.java:55)
! at org.apache.maven.surefire.junitplatform.JUnitPlatformProvider.execute(JUnitPlatformProvider.java:223)
! at org.apache.maven.surefire.junitplatform.JUnitPlatformProvider.invokeAllTests(JUnitPlatformProvider.java:175)
! at org.apache.maven.surefire.junitplatform.JUnitPlatformProvider.invoke(JUnitPlatformProvider.java:139)
! at org.apache.maven.surefire.booter.ForkedBooter.runSuitesInProcess(ForkedBooter.java:456)
! at org.apache.maven.surefire.booter.ForkedBooter.execute(ForkedBooter.java:169)
! at org.apache.maven.surefire.booter.ForkedBooter.run(ForkedBooter.java:595)
! at org.apache.maven.surefire.booter.ForkedBooter.main(ForkedBooter.java:581)
[INFO] Tests run: 15, Failures: 0, Errors: 0, Skipped: 0, Time elapsed: 0.034 s - in uk.gov.pay.connector.gateway.stripe.StripePaymentProviderTest
[INFO] Running uk.gov.pay.connector.gateway.stripe.json.StripePayoutStatusTest
[INFO] Tests run: 3, Failures: 0, Errors: 0, Skipped: 0, Time elapsed: 0.001 s - in uk.gov.pay.connector.gateway.stripe.json.StripePayoutStatusTest
[INFO] Running uk.gov.pay.connector.gateway.stripe.json.StripePayoutTest
[INFO] Tests run: 2, Failures: 0, Errors: 0, Skipped: 0, Time elapsed: 0 s - in uk.gov.pay.connector.gateway.stripe.json.StripePayoutTest
[INFO] Running uk.gov.pay.connector.gateway.stripe.StripeCancelHandlerTest
ERROR [2023-01-13 13:52:18,662] uk.gov.pay.connector.gateway.stripe.handler.StripeCancelHandler: Cancel failed for gateway transaction id ch_1231231123123. Failure message from Stripe: stripe server error. Charge External Id: gs602pmcdfh7lm5kisjepg7jdf. Response code from Stripe: Optional[503]
ERROR [2023-01-13 13:52:18,662] uk.gov.pay.connector.gateway.stripe.handler.StripeCancelHandler: Cancel failed for gateway transaction id ch_1231231123123. Failure message from Stripe: {
  "error": {
    "charge": "ch_aaaaaaaaaaaaaaaaaaaaaaaa",
    "code": "resource_missing",
    "decline_code": "generic_decline",
    "doc_url": "https://stripe.com/docs/error-codes/card-declined",
    "message": "No such charge: ch_123456 or something similar",
    "type": "{{type}}",
    "payment_intent": {
      "id": "pi_aaaaaaaaaaaaaaaaaaaaaaaa",
      "object": "payment_intent",
      "amount": 12000,
      "amount_capturable": 0,
      "charges": {
        "object": "list",
        "data": [
          {
            "id": "ch_aaaaaaaaaaaaaaaaaaaaaaaa",
            "object": "charge",
            "amount": 12000,
            "amount_captured": 0,
            "amount_refunded": 0,
            "application": null,
            "application_fee": null,
            "application_fee_amount": null,
            "balance_transaction": null,
            "billing_details": {
              "address": {
                "city": "Manchester",
                "country": "GB",
                "line1": "Floor 1A City Tower",
                "line2": "Piccadilly Plaza",
                "postal_code": "M1 4BT",
                "state": null
              },
              "email": null,
              "name": "J. Bogs",
              "phone": null
            },
            "calculated_statement_descriptor": "Stripe",
            "captured": false,
            "created": 1641912339,
            "currency": "gbp",
            "customer": null,
            "description": "New passport application",
            "destination": null,
            "dispute": null,
            "disputed": false,
            "failure_code": "card_declined",
            "failure_message": "Your card was declined.",
            "fraud_details": {
            },
            "invoice": null,
            "livemode": false,
            "metadata": {
            },
            "on_behalf_of": "acct_aaaaaaaaaaaaaaaa",
            "order": null,
            "outcome": {
              "network_status": "declined_by_network",
              "reason": "generic_decline",
              "risk_level": "normal",
              "risk_score": 24,
              "seller_message": "The bank did not return any further details with this decline.",
              "type": "issuer_declined"
            },
            "paid": false,
            "payment_intent": "pi_aaaaaaaaaaaaaaaaaaaaaaaa",
            "payment_method": "pm_aaaaaaaaaaaaaaaaaaaaaaaa",
            "payment_method_details": {
              "card": {
                "brand": "visa",
                "checks": {
                  "address_line1_check": "pass",
                  "address_postal_code_check": "pass",
                  "cvc_check": "pass"
                },
                "country": "US",
                "exp_month": 2,
                "exp_year": 2023,
                "fingerprint": "0CFI1ogMdJ3zM4Ey",
                "funding": "credit",
                "installments": null,
                "last4": "0002",
                "network": "visa",
                "three_d_secure": null,
                "wallet": null
              },
              "type": "card"
            },
            "receipt_email": null,
            "receipt_number": null,
            "receipt_url": null,
            "refunded": false,
            "refunds": {
              "object": "list",
              "data": [
              ],
              "has_more": false,
              "total_count": 0,
              "url": "/v1/charges/ch_aaaaaaaaaaaaaaaaaaaaaaaa/refunds"
            },
            "review": null,
            "shipping": null,
            "source": null,
            "source_transfer": null,
            "statement_descriptor": null,
            "statement_descriptor_suffix": null,
            "status": "failed",
            "transfer_data": null
          }
        ]
      }
    }
  }
}. Charge External Id: t4e1msajklokgdfudcsgsm0k3a. Response code from Stripe: Optional[400]
[INFO] Tests run: 5, Failures: 0, Errors: 0, Skipped: 0, Time elapsed: 0.003 s - in uk.gov.pay.connector.gateway.stripe.StripeCancelHandlerTest
[INFO] Running uk.gov.pay.connector.gateway.stripe.handler.StripeQueryPaymentStatusHandlerTest
[INFO] Tests run: 6, Failures: 0, Errors: 0, Skipped: 0, Time elapsed: 0.011 s - in uk.gov.pay.connector.gateway.stripe.handler.StripeQueryPaymentStatusHandlerTest
[INFO] Running uk.gov.pay.connector.gateway.stripe.request.StripeCaptureRequestTest
[INFO] Tests run: 5, Failures: 0, Errors: 0, Skipped: 0, Time elapsed: 0.005 s - in uk.gov.pay.connector.gateway.stripe.request.StripeCaptureRequestTest
[INFO] Running uk.gov.pay.connector.gateway.stripe.request.StripePaymentIntentRequestTest
[INFO] Tests run: 5, Failures: 0, Errors: 0, Skipped: 0, Time elapsed: 0.006 s - in uk.gov.pay.connector.gateway.stripe.request.StripePaymentIntentRequestTest
[INFO] Running uk.gov.pay.connector.gateway.stripe.request.StripeTransferOutRequestTest
[INFO] Tests run: 3, Failures: 0, Errors: 0, Skipped: 0, Time elapsed: 0.002 s - in uk.gov.pay.connector.gateway.stripe.request.StripeTransferOutRequestTest
[INFO] Running uk.gov.pay.connector.gateway.stripe.request.StripeTransferInRequestTest
[INFO] Tests run: 6, Failures: 0, Errors: 0, Skipped: 0, Time elapsed: 0.005 s - in uk.gov.pay.connector.gateway.stripe.request.StripeTransferInRequestTest
[INFO] Running uk.gov.pay.connector.gateway.stripe.request.StripePaymentMethodRequestTest
[INFO] Tests run: 6, Failures: 0, Errors: 0, Skipped: 0, Time elapsed: 0.009 s - in uk.gov.pay.connector.gateway.stripe.request.StripePaymentMethodRequestTest
[INFO] Running uk.gov.pay.connector.gateway.stripe.request.StripeRefundRequestTest
[INFO] Tests run: 3, Failures: 0, Errors: 0, Skipped: 0, Time elapsed: 0.002 s - in uk.gov.pay.connector.gateway.stripe.request.StripeRefundRequestTest
[INFO] Running uk.gov.pay.connector.gateway.stripe.request.StripeAuthoriseRequestTest
[INFO] Tests run: 5, Failures: 0, Errors: 0, Skipped: 0, Time elapsed: 0.006 s - in uk.gov.pay.connector.gateway.stripe.request.StripeAuthoriseRequestTest
[INFO] Running uk.gov.pay.connector.gateway.stripe.request.StripeTransferMetadataTest
[INFO] Tests run: 3, Failures: 0, Errors: 0, Skipped: 0, Time elapsed: 0.001 s - in uk.gov.pay.connector.gateway.stripe.request.StripeTransferMetadataTest
[INFO] Running uk.gov.pay.connector.gateway.stripe.StripeRefundHandlerTest
ERROR [2023-01-13 13:52:18,717] uk.gov.pay.connector.gateway.stripe.handler.StripeRefundHandler: Refund failed for refund gateway request RefundGatewayRequest[
transactionId: gatewayTransactionId
refundExternalId: someExternalId]. Reason: Problem with Stripe servers. Status code from Stripe: Optional[500].
ERROR [2023-01-13 13:52:18,723] uk.gov.pay.connector.gateway.stripe.handler.StripeRefundHandler: Refund failed for refund gateway request RefundGatewayRequest[
transactionId: gatewayTransactionId
refundExternalId: someExternalId]. Failure code from Stripe: resource_missing, failure message from Stripe: No such charge: ch_123456 or something similar. Response code from Stripe: Optional[402]
ERROR [2023-01-13 13:52:18,725] uk.gov.pay.connector.gateway.stripe.handler.StripeRefundHandler: Refund failed for refund gateway request RefundGatewayRequest[
transactionId: gatewayTransactionId
refundExternalId: someExternalId]. Failure code from Stripe: resource_missing, failure message from Stripe: No such charge: ch_123456 or something similar. Response code from Stripe: Optional[402]
ERROR [2023-01-13 13:52:18,727] uk.gov.pay.connector.gateway.stripe.handler.StripeRefundHandler: Refund failed for refund gateway request RefundGatewayRequest[
transactionId: gatewayTransactionId
refundExternalId: someExternalId]. Reason: Problem with Stripe servers. Status code from Stripe: Optional[500].
[INFO] Tests run: 6, Failures: 0, Errors: 0, Skipped: 0, Time elapsed: 0.012 s - in uk.gov.pay.connector.gateway.stripe.StripeRefundHandlerTest
[INFO] Running uk.gov.pay.connector.gateway.stripe.StripeNotificationTypeTest
[INFO] Tests run: 1, Failures: 0, Errors: 0, Skipped: 0, Time elapsed: 0 s - in uk.gov.pay.connector.gateway.stripe.StripeNotificationTypeTest
[INFO] Running uk.gov.pay.connector.gateway.epdq.EpdqPayloadDefinitionForNewOrderTest
[INFO] Tests run: 4, Failures: 0, Errors: 0, Skipped: 0, Time elapsed: 0.008 s - in uk.gov.pay.connector.gateway.epdq.EpdqPayloadDefinitionForNewOrderTest
[INFO] Running uk.gov.pay.connector.gateway.epdq.EpdqPayloadDefinitionForCancelOrderTest
[INFO] Tests run: 2, Failures: 0, Errors: 0, Skipped: 0, Time elapsed: 0.001 s - in uk.gov.pay.connector.gateway.epdq.EpdqPayloadDefinitionForCancelOrderTest
[INFO] Running uk.gov.pay.connector.gateway.epdq.EpdqPayloadDefinitionForCaptureOrderTest
[INFO] Tests run: 1, Failures: 0, Errors: 0, Skipped: 0, Time elapsed: 0.001 s - in uk.gov.pay.connector.gateway.epdq.EpdqPayloadDefinitionForCaptureOrderTest
[INFO] Running uk.gov.pay.connector.gateway.epdq.EpdqSha512SignatureGeneratorTest
[INFO] Tests run: 8, Failures: 0, Errors: 0, Skipped: 0, Time elapsed: 0.002 s - in uk.gov.pay.connector.gateway.epdq.EpdqSha512SignatureGeneratorTest
[INFO] Running uk.gov.pay.connector.gateway.epdq.EpdqPayloadDefinitionForNew3dsOrderTest
[INFO] Tests run: 4, Failures: 0, Errors: 0, Skipped: 0, Time elapsed: 0.007 s - in uk.gov.pay.connector.gateway.epdq.EpdqPayloadDefinitionForNew3dsOrderTest
[INFO] Running uk.gov.pay.connector.gateway.epdq.payload.EpdqPayloadDefinitionForNew3ds2OrderTest
[INFO] Tests run: 80, Failures: 0, Errors: 0, Skipped: 0, Time elapsed: 0.03 s - in uk.gov.pay.connector.gateway.epdq.payload.EpdqPayloadDefinitionForNew3ds2OrderTest
[INFO] Running uk.gov.pay.connector.gateway.epdq.EpdqNotificationTest
[INFO] Tests run: 7, Failures: 0, Errors: 0, Skipped: 0, Time elapsed: 0.002 s - in uk.gov.pay.connector.gateway.epdq.EpdqNotificationTest
[INFO] Running uk.gov.pay.connector.gateway.epdq.EpdqPayloadDefinitionForRefundOrderTest
[INFO] Tests run: 1, Failures: 0, Errors: 0, Skipped: 0, Time elapsed: 0 s - in uk.gov.pay.connector.gateway.epdq.EpdqPayloadDefinitionForRefundOrderTest
[INFO] Running uk.gov.pay.connector.gateway.epdq.EpdqCaptureHandlerTest
[INFO] Tests run: 3, Failures: 0, Errors: 0, Skipped: 0, Time elapsed: 0.094 s - in uk.gov.pay.connector.gateway.epdq.EpdqCaptureHandlerTest
[INFO] Running uk.gov.pay.connector.gateway.sandbox.applepay.SandboxWalletAuthorisationHandlerTest
[INFO] Tests run: 3, Failures: 0, Errors: 0, Skipped: 0, Time elapsed: 0.001 s - in uk.gov.pay.connector.gateway.sandbox.applepay.SandboxWalletAuthorisationHandlerTest
[INFO] Running uk.gov.pay.connector.gateway.sandbox.SandboxWalletCardNumbersTest
[INFO] Tests run: 4, Failures: 0, Errors: 0, Skipped: 0, Time elapsed: 0 s - in uk.gov.pay.connector.gateway.sandbox.SandboxWalletCardNumbersTest
[INFO] Running uk.gov.pay.connector.gateway.sandbox.SandboxCardNumbersTest
[INFO] Tests run: 4, Failures: 0, Errors: 0, Skipped: 0, Time elapsed: 0 s - in uk.gov.pay.connector.gateway.sandbox.SandboxCardNumbersTest
[INFO] Running uk.gov.pay.connector.gateway.processor.ChargeNotificationProcessorTest
[INFO] Tests run: 1, Failures: 0, Errors: 0, Skipped: 0, Time elapsed: 0.001 s - in uk.gov.pay.connector.gateway.processor.ChargeNotificationProcessorTest
[INFO] Running uk.gov.pay.connector.gateway.processor.RefundNotificationProcessorTest
WARN  [2023-01-13 13:52:18,886] uk.gov.pay.connector.gateway.processor.RefundNotificationProcessor: Refund notification could not be used to update charge (missing reference)
WARN  [2023-01-13 13:52:18,888] uk.gov.pay.connector.gateway.processor.RefundNotificationProcessor: WORLDPAY notification could not be processed as refund [someExternalId] has been expunged from connector
WARN  [2023-01-13 13:52:18,889] uk.gov.pay.connector.gateway.processor.RefundNotificationProcessor: WORLDPAY notification 'unknown' could not be used to update refund (associated refund entity not found) for charge [c7t400kna45da83b5hmtp8fs83]
[INFO] Tests run: 5, Failures: 0, Errors: 0, Skipped: 0, Time elapsed: 0.005 s - in uk.gov.pay.connector.gateway.processor.RefundNotificationProcessorTest
[INFO] Running uk.gov.pay.connector.gatewayaccountcredentials.resource.GatewayAccountCredentialsRequestValidatorTest
[INFO] Tests run: 15, Failures: 0, Errors: 0, Skipped: 0, Time elapsed: 0.021 s - in uk.gov.pay.connector.gatewayaccountcredentials.resource.GatewayAccountCredentialsRequestValidatorTest
[INFO] Running uk.gov.pay.connector.payout.PayoutEmitterServiceTest
WARN  [2023-01-13 13:52:18,914] uk.gov.pay.connector.payout.PayoutEmitterService: Unsupported payout event class [class uk.gov.pay.connector.events.model.payout.PayoutEvent]
[INFO] Tests run: 7, Failures: 0, Errors: 0, Skipped: 0, Time elapsed: 0.006 s - in uk.gov.pay.connector.payout.PayoutEmitterServiceTest
[INFO] Running uk.gov.pay.connector.payout.PayoutReconcileProcessTest
ERROR [2023-01-13 13:52:19,095] uk.gov.pay.connector.payout.PayoutReconcileProcess: Error processing payout from SQS message [queueMessageId=null] [errorMessage=Transaction external ID missing in metadata on Stripe transfer for balance transaction [null] for payout [po_123dv3RPEC2XwBWpqiQfnJGQ] for gateway account [acct_2RDpWRLXEC2XwBWp]]
ERROR [2023-01-13 13:52:19,097] uk.gov.pay.connector.payout.PayoutReconcileProcess: No payments or refunds retrieved for payout [po_123dv3RPEC2XwBWpqiQfnJGQ]. Requires investigation.
ERROR [2023-01-13 13:52:19,100] uk.gov.pay.connector.payout.PayoutReconcileProcess: Error processing payout from SQS message [queueMessageId=null] [errorMessage=Error sending PAYMENT_INCLUDED_IN_PAYOUT event for transaction [payment-id] included in payout [po_123dv3RPEC2XwBWpqiQfnJGQ] to event queue: null]
[INFO] Tests run: 7, Failures: 0, Errors: 0, Skipped: 0, Time elapsed: 0.187 s - in uk.gov.pay.connector.payout.PayoutReconcileProcessTest
[INFO] Running uk.gov.pay.connector.charge.model.ChargeCreateRequestTest
[INFO] Tests run: 2, Failures: 0, Errors: 0, Skipped: 0, Time elapsed: 0.011 s - in uk.gov.pay.connector.charge.model.ChargeCreateRequestTest
[INFO] Running uk.gov.pay.connector.charge.validation.telephone.CardBrandValidatorTest
[INFO] Tests run: 3, Failures: 0, Errors: 0, Skipped: 0, Time elapsed: 0.025 s - in uk.gov.pay.connector.charge.validation.telephone.CardBrandValidatorTest
[INFO] Running uk.gov.pay.connector.charge.validation.telephone.ZoneDateTimeValidatorTest
[INFO] Tests run: 3, Failures: 0, Errors: 0, Skipped: 0, Time elapsed: 0.008 s - in uk.gov.pay.connector.charge.validation.telephone.ZoneDateTimeValidatorTest
[INFO] Running uk.gov.pay.connector.charge.validation.telephone.PaymentOutcomeValidatorTest
[INFO] Tests run: 6, Failures: 0, Errors: 0, Skipped: 0, Time elapsed: 0.009 s - in uk.gov.pay.connector.charge.validation.telephone.PaymentOutcomeValidatorTest
[INFO] Running uk.gov.pay.connector.charge.validation.telephone.CardLastFourDigitsValidatorTest
[INFO] Tests run: 4, Failures: 0, Errors: 0, Skipped: 0, Time elapsed: 0.009 s - in uk.gov.pay.connector.charge.validation.telephone.CardLastFourDigitsValidatorTest
[INFO] Running uk.gov.pay.connector.charge.validation.telephone.CardFirstSixDigitsValidatorTest
[INFO] Tests run: 4, Failures: 0, Errors: 0, Skipped: 0, Time elapsed: 0.006 s - in uk.gov.pay.connector.charge.validation.telephone.CardFirstSixDigitsValidatorTest
[INFO] Running uk.gov.pay.connector.charge.service.ChargeExpiryServiceTest
ERROR [2023-01-13 13:52:19,199] uk.gov.pay.connector.charge.service.ChargeExpiryService: Gateway error while cancelling the Charge - charge_external_id=hvtqb00krjrnc1ebpsmtv3ginq, gateway_error=something went wrong
[MockitoHint] ChargeExpiryServiceTest.shouldExpireWithGateway_whenStateIsPostAuthorisationAndCannotCheckStatusWithGateway (see javadoc for MockitoHint):
[MockitoHint] 1. Unused -> at uk.gov.pay.connector.charge.service.ChargeExpiryServiceTest.mockExpiredChargeEntity(ChargeExpiryServiceTest.java:128)

[MockitoHint] ChargeExpiryServiceTest.shouldExpireWithGateway_whenStateIsPostAuthorisationAndCannotCheckStatusWithGateway (see javadoc for MockitoHint):
[MockitoHint] 1. Unused -> at uk.gov.pay.connector.charge.service.ChargeExpiryServiceTest.mockExpiredChargeEntity(ChargeExpiryServiceTest.java:128)

[MockitoHint] ChargeExpiryServiceTest.shouldExpireWithGateway_whenCanCheckWithGatewayAndGatewayStatusIsNotTerminal (see javadoc for MockitoHint):
[MockitoHint] 1. Unused -> at uk.gov.pay.connector.charge.service.ChargeExpiryServiceTest.mockExpiredChargeEntity(ChargeExpiryServiceTest.java:128)

[MockitoHint] ChargeExpiryServiceTest.shouldExpireWithGateway_whenCanCheckWithGatewayAndGatewayStatusIsNotTerminal (see javadoc for MockitoHint):
[MockitoHint] 1. Unused -> at uk.gov.pay.connector.charge.service.ChargeExpiryServiceTest.mockExpiredChargeEntity(ChargeExpiryServiceTest.java:128)

[MockitoHint] ChargeExpiryServiceTest.shouldExpireWithGateway_whenCanCheckWithGatewayAndGatewayStatusIsNotTerminal (see javadoc for MockitoHint):
[MockitoHint] 1. Unused -> at uk.gov.pay.connector.charge.service.ChargeExpiryServiceTest.mockExpiredChargeEntity(ChargeExpiryServiceTest.java:128)

[MockitoHint] ChargeExpiryServiceTest.shouldExpireWithGateway_whenCanCheckWithGatewayAndGatewayStatusIsNotTerminal (see javadoc for MockitoHint):
[MockitoHint] 1. Unused -> at uk.gov.pay.connector.charge.service.ChargeExpiryServiceTest.mockExpiredChargeEntity(ChargeExpiryServiceTest.java:128)

[MockitoHint] ChargeExpiryServiceTest.shouldSweepAndExpireCharges (see javadoc for MockitoHint):
[MockitoHint] 1. Unused -> at uk.gov.pay.connector.charge.service.ChargeExpiryServiceTest.mockExpiredChargeEntity(ChargeExpiryServiceTest.java:128)

[INFO] Tests run: 22, Failures: 0, Errors: 0, Skipped: 0, Time elapsed: 0.042 s - in uk.gov.pay.connector.charge.service.ChargeExpiryServiceTest
[INFO] Running uk.gov.pay.connector.charge.service.EpdqAuthorisationErrorGatewayCleanupServiceTest
ERROR [2023-01-13 13:52:19,234] uk.gov.pay.connector.charge.service.EpdqAuthorisationErrorGatewayCleanupService: Charge is in a mapped status of [AUTHORISATION UNEXPECTED ERROR] with the gateway, which is unexpected and we do not handle. If the gateway status is CAPTURED, it suggests the service has incorrect gateway settings.
ERROR [2023-01-13 13:52:19,236] uk.gov.pay.connector.charge.service.EpdqAuthorisationErrorGatewayCleanupService: Charge does not map to an internal charge state. Raw query response was: mockQueryResponse
[INFO] Tests run: 7, Failures: 0, Errors: 0, Skipped: 0, Time elapsed: 0.014 s - in uk.gov.pay.connector.charge.service.EpdqAuthorisationErrorGatewayCleanupServiceTest
[INFO] Running uk.gov.pay.connector.charge.service.Worldpay3dsFlexJwtServiceTest
[INFO] Tests run: 12, Failures: 0, Errors: 0, Skipped: 0, Time elapsed: 0.057 s - in uk.gov.pay.connector.charge.service.Worldpay3dsFlexJwtServiceTest
[INFO] Running uk.gov.pay.connector.charge.service.ChargeCancelServiceTest
[INFO] Tests run: 21, Failures: 0, Errors: 0, Skipped: 0, Time elapsed: 0.021 s - in uk.gov.pay.connector.charge.service.ChargeCancelServiceTest
[INFO] Running uk.gov.pay.connector.charge.util.JwtGeneratorTest
[INFO] Tests run: 1, Failures: 0, Errors: 0, Skipped: 0, Time elapsed: 0.002 s - in uk.gov.pay.connector.charge.util.JwtGeneratorTest
[INFO] Running uk.gov.pay.connector.service.UnknownStatusTest
[INFO] Tests run: 3, Failures: 0, Errors: 0, Skipped: 0, Time elapsed: 0 s - in uk.gov.pay.connector.service.UnknownStatusTest
[INFO] Running uk.gov.pay.connector.service.GatewayClientFactoryTest
[INFO] Tests run: 1, Failures: 0, Errors: 0, Skipped: 0, Time elapsed: 0 s - in uk.gov.pay.connector.service.GatewayClientFactoryTest
[INFO] Running uk.gov.pay.connector.service.IgnoredStatusTest
[INFO] Tests run: 3, Failures: 0, Errors: 0, Skipped: 0, Time elapsed: 0 s - in uk.gov.pay.connector.service.IgnoredStatusTest
[INFO] Running uk.gov.pay.connector.service.MappedChargeStatusTest
[INFO] Tests run: 3, Failures: 0, Errors: 0, Skipped: 0, Time elapsed: 0 s - in uk.gov.pay.connector.service.MappedChargeStatusTest
[INFO] Running uk.gov.pay.connector.service.EpdqExternalRefundAvailabilityCalculatorTest
[INFO] Tests run: 7, Failures: 0, Errors: 0, Skipped: 0, Time elapsed: 0.003 s - in uk.gov.pay.connector.service.EpdqExternalRefundAvailabilityCalculatorTest
[INFO] Running uk.gov.pay.connector.service.MappedRefundStatusTest
[INFO] Tests run: 3, Failures: 0, Errors: 0, Skipped: 0, Time elapsed: 0 s - in uk.gov.pay.connector.service.MappedRefundStatusTest
[INFO] Running uk.gov.pay.connector.service.PaymentProvidersTest
[INFO] Tests run: 4, Failures: 0, Errors: 0, Skipped: 0, Time elapsed: 0.046 s - in uk.gov.pay.connector.service.PaymentProvidersTest
[INFO] Running uk.gov.pay.connector.service.DefaultExternalRefundAvailabilityCalculatorTest
[INFO] Tests run: 7, Failures: 0, Errors: 0, Skipped: 0, Time elapsed: 0.003 s - in uk.gov.pay.connector.service.DefaultExternalRefundAvailabilityCalculatorTest
[INFO] Running uk.gov.pay.connector.gatewayaccount.model.GatewayAccountSearchParamsTest
[INFO] Tests run: 6, Failures: 0, Errors: 0, Skipped: 0, Time elapsed: 0.002 s - in uk.gov.pay.connector.gatewayaccount.model.GatewayAccountSearchParamsTest
[INFO] Running uk.gov.pay.connector.gatewayaccount.resource.GatewayAccountSwitchPaymentProviderRequestValidatorTest
[INFO] Tests run: 5, Failures: 0, Errors: 0, Skipped: 0, Time elapsed: 0.002 s - in uk.gov.pay.connector.gatewayaccount.resource.GatewayAccountSwitchPaymentProviderRequestValidatorTest
[INFO] Running uk.gov.pay.connector.gatewayaccount.resource.StripeAccountSetupRequestValidatorTest
[INFO] Tests run: 38, Failures: 0, Errors: 0, Skipped: 0, Time elapsed: 0.014 s - in uk.gov.pay.connector.gatewayaccount.resource.StripeAccountSetupRequestValidatorTest
[INFO] Running uk.gov.pay.connector.gatewayaccount.service.StripeAccountSetupServiceTest
[INFO] Tests run: 7, Failures: 0, Errors: 0, Skipped: 0, Time elapsed: 0.022 s - in uk.gov.pay.connector.gatewayaccount.service.StripeAccountSetupServiceTest
[INFO] Running uk.gov.pay.connector.gatewayaccount.service.GatewayAccountSwitchPaymentProviderServiceTest
[INFO] Tests run: 5, Failures: 0, Errors: 0, Skipped: 0, Time elapsed: 0.003 s - in uk.gov.pay.connector.gatewayaccount.service.GatewayAccountSwitchPaymentProviderServiceTest
[INFO] Running uk.gov.pay.connector.gatewayaccount.service.StripeAccountServiceTest
[INFO] Tests run: 3, Failures: 0, Errors: 0, Skipped: 0, Time elapsed: 0.002 s - in uk.gov.pay.connector.gatewayaccount.service.StripeAccountServiceTest
[INFO] Running uk.gov.pay.connector.events.model.EventTest
[INFO] Tests run: 2, Failures: 0, Errors: 0, Skipped: 0, Time elapsed: 0 s - in uk.gov.pay.connector.events.model.EventTest
[INFO] Running uk.gov.pay.connector.events.model.payout.PayoutUpdatedTest
[INFO] Tests run: 1, Failures: 0, Errors: 0, Skipped: 0, Time elapsed: 0.001 s - in uk.gov.pay.connector.events.model.payout.PayoutUpdatedTest
[INFO] Running uk.gov.pay.connector.events.model.payout.PayoutPaidTest
[INFO] Tests run: 1, Failures: 0, Errors: 0, Skipped: 0, Time elapsed: 0.001 s - in uk.gov.pay.connector.events.model.payout.PayoutPaidTest
[INFO] Running uk.gov.pay.connector.events.model.payout.PayoutFailedTest
[INFO] Tests run: 1, Failures: 0, Errors: 0, Skipped: 0, Time elapsed: 0.001 s - in uk.gov.pay.connector.events.model.payout.PayoutFailedTest
[INFO] Running uk.gov.pay.connector.events.model.payout.PayoutCreatedTest
[INFO] Tests run: 1, Failures: 0, Errors: 0, Skipped: 0, Time elapsed: 0.002 s - in uk.gov.pay.connector.events.model.payout.PayoutCreatedTest
[INFO] Running uk.gov.pay.connector.events.model.charge.UserEmailCollectedTest
[INFO] Tests run: 1, Failures: 0, Errors: 0, Skipped: 0, Time elapsed: 0.001 s - in uk.gov.pay.connector.events.model.charge.UserEmailCollectedTest
[INFO] Running uk.gov.pay.connector.events.model.charge.CaptureSubmittedTest
[INFO] Tests run: 1, Failures: 0, Errors: 0, Skipped: 0, Time elapsed: 0.002 s - in uk.gov.pay.connector.events.model.charge.CaptureSubmittedTest
[INFO] Running uk.gov.pay.connector.events.model.charge.BackfillerRecreatedUserEmailCollectedTest
[INFO] Tests run: 1, Failures: 0, Errors: 0, Skipped: 0, Time elapsed: 0.003 s - in uk.gov.pay.connector.events.model.charge.BackfillerRecreatedUserEmailCollectedTest
[INFO] Running uk.gov.pay.connector.events.model.charge.CancelledByUserTest
[INFO] Tests run: 2, Failures: 0, Errors: 0, Skipped: 0, Time elapsed: 0.002 s - in uk.gov.pay.connector.events.model.charge.CancelledByUserTest
[INFO] Running uk.gov.pay.connector.events.model.charge.PaymentDetailsEnteredTest
[INFO] Tests run: 3, Failures: 0, Errors: 0, Skipped: 0, Time elapsed: 0.004 s - in uk.gov.pay.connector.events.model.charge.PaymentDetailsEnteredTest
[INFO] Running uk.gov.pay.connector.events.model.charge.CaptureConfirmedTest
[INFO] Tests run: 3, Failures: 0, Errors: 0, Skipped: 0, Time elapsed: 0.004 s - in uk.gov.pay.connector.events.model.charge.CaptureConfirmedTest
[INFO] Running uk.gov.pay.connector.events.model.charge.RefundAvailabilityUpdatedTest
[INFO] Tests run: 1, Failures: 0, Errors: 0, Skipped: 0, Time elapsed: 0.002 s - in uk.gov.pay.connector.events.model.charge.RefundAvailabilityUpdatedTest
[INFO] Running uk.gov.pay.connector.events.model.charge.PaymentIncludedInPayoutTest
[INFO] Tests run: 1, Failures: 0, Errors: 0, Skipped: 0, Time elapsed: 0.001 s - in uk.gov.pay.connector.events.model.charge.PaymentIncludedInPayoutTest
[INFO] Running uk.gov.pay.connector.events.model.charge.GatewayRequires3dsAuthorisationTest
[INFO] Tests run: 2, Failures: 0, Errors: 0, Skipped: 0, Time elapsed: 0.003 s - in uk.gov.pay.connector.events.model.charge.GatewayRequires3dsAuthorisationTest
[INFO] Running uk.gov.pay.connector.events.model.refund.EventFactoryTest
[INFO] Tests run: 31, Failures: 0, Errors: 0, Skipped: 0, Time elapsed: 0.026 s - in uk.gov.pay.connector.events.model.refund.EventFactoryTest
[INFO] Running uk.gov.pay.connector.events.model.refund.RefundIncludedInPayoutTest
[INFO] Tests run: 1, Failures: 0, Errors: 0, Skipped: 0, Time elapsed: 0.001 s - in uk.gov.pay.connector.events.model.refund.RefundIncludedInPayoutTest
[INFO] Running uk.gov.pay.connector.events.model.refund.RefundSucceededTest
[INFO] Tests run: 1, Failures: 0, Errors: 0, Skipped: 0, Time elapsed: 0.001 s - in uk.gov.pay.connector.events.model.refund.RefundSucceededTest
[INFO] Running uk.gov.pay.connector.events.model.refund.RefundCreatedByUserTest
[INFO] Tests run: 1, Failures: 0, Errors: 0, Skipped: 0, Time elapsed: 0.001 s - in uk.gov.pay.connector.events.model.refund.RefundCreatedByUserTest
[INFO] Running uk.gov.pay.connector.events.model.refund.RefundCreatedByServiceTest
[INFO] Tests run: 1, Failures: 0, Errors: 0, Skipped: 0, Time elapsed: 0.001 s - in uk.gov.pay.connector.events.model.refund.RefundCreatedByServiceTest
[INFO] Running uk.gov.pay.connector.events.resource.EmittedEventResourceTest
[INFO] Tests run: 5, Failures: 0, Errors: 0, Skipped: 0, Time elapsed: 0.083 s - in uk.gov.pay.connector.events.resource.EmittedEventResourceTest
[INFO] Running uk.gov.pay.connector.events.EmittedEventsBackfillServiceTest
[INFO] Tests run: 4, Failures: 0, Errors: 0, Skipped: 0, Time elapsed: 0.051 s - in uk.gov.pay.connector.events.EmittedEventsBackfillServiceTest
[INFO] Running uk.gov.pay.connector.events.EventQueueTest
[INFO] Tests run: 2, Failures: 0, Errors: 0, Skipped: 0, Time elapsed: 0.107 s - in uk.gov.pay.connector.events.EventQueueTest
[INFO] Running uk.gov.pay.connector.events.StateTransitionEmitterProcessTest
WARN  [2023-01-13 13:52:19,788] uk.gov.pay.connector.events.StateTransitionEmitterProcess: Failed to emit new event for state transition [eventId=100] [eventType=PaymentEvent] [error=null]
WARN  [2023-01-13 13:52:19,788] uk.gov.pay.connector.events.StateTransitionEmitterProcess: Failed to emit new event for state transition [eventId=100] [eventType=PaymentEvent] [error=null]
WARN  [2023-01-13 13:52:19,789] uk.gov.pay.connector.events.StateTransitionEmitterProcess: Failed to emit new event for state transition [eventId=100] [eventType=PaymentEvent] [error=null]
WARN  [2023-01-13 13:52:19,789] uk.gov.pay.connector.events.StateTransitionEmitterProcess: Failed to emit new event for state transition [eventId=100] [eventType=PaymentEvent] [error=null]
WARN  [2023-01-13 13:52:19,789] uk.gov.pay.connector.events.StateTransitionEmitterProcess: Failed to emit new event for state transition [eventId=100] [eventType=PaymentEvent] [error=null]
WARN  [2023-01-13 13:52:19,789] uk.gov.pay.connector.events.StateTransitionEmitterProcess: Failed to emit new event for state transition [eventId=100] [eventType=PaymentEvent] [error=null]
WARN  [2023-01-13 13:52:19,790] uk.gov.pay.connector.events.StateTransitionEmitterProcess: Failed to emit new event for state transition [eventId=100] [eventType=PaymentEvent] [error=null]
WARN  [2023-01-13 13:52:19,790] uk.gov.pay.connector.events.StateTransitionEmitterProcess: Failed to emit new event for state transition [eventId=100] [eventType=PaymentEvent] [error=null]
WARN  [2023-01-13 13:52:19,790] uk.gov.pay.connector.events.StateTransitionEmitterProcess: Failed to emit new event for state transition [eventId=100] [eventType=PaymentEvent] [error=null]
ERROR [2023-01-13 13:52:19,790] uk.gov.pay.connector.events.StateTransitionEmitterProcess: State transition message failed to process beyond max retries [eventId=100] [eventType=PaymentEvent]:
WARN  [2023-01-13 13:52:19,801] uk.gov.pay.connector.events.StateTransitionEmitterProcess: Failed to emit new event for state transition [eventId=100] [eventType=PaymentEvent] [error=null]
WARN  [2023-01-13 13:52:19,802] uk.gov.pay.connector.events.StateTransitionEmitterProcess: Failed to emit new event for state transition [eventId=100] [eventType=PaymentEvent] [error=null]
[INFO] Tests run: 4, Failures: 0, Errors: 0, Skipped: 0, Time elapsed: 0.058 s - in uk.gov.pay.connector.events.StateTransitionEmitterProcessTest
[INFO] Running uk.gov.pay.connector.events.EventServiceTest
ERROR [2023-01-13 13:52:19,806] uk.gov.pay.connector.events.EventService: Failed to emit event PAYMENT_EVENT due to null [externalId=external-id]
ERROR [2023-01-13 13:52:19,806] uk.gov.pay.connector.events.EventService: Failed to emit event PAYMENT_EVENT due to null [externalId=external-id]
ERROR [2023-01-13 13:52:19,807] uk.gov.pay.connector.events.EventService: Failed to emit event PAYMENT_CREATED due to null [externalId=external-id]
[INFO] Tests run: 8, Failures: 0, Errors: 0, Skipped: 0, Time elapsed: 0.005 s - in uk.gov.pay.connector.events.EventServiceTest
[INFO] Running uk.gov.pay.connector.events.HistoricalEventEmitterServiceTest
[INFO] Tests run: 22, Failures: 0, Errors: 0, Skipped: 0, Time elapsed: 0.069 s - in uk.gov.pay.connector.events.HistoricalEventEmitterServiceTest
[INFO] Running uk.gov.pay.connector.paymentprocessor.service.Card3dsResponseAuthServiceTest
WARN  [2023-01-13 13:52:19,894] uk.gov.pay.connector.charge.model.domain.ChargeEntity: Charge with state AUTHORISATION READY cannot proceed to AUTHORISATION 3DS READY [charge_external_id=eqt7vt1nr9l1me1qajdoprj667, charge_status=AUTHORISATION 3DS READY, event=Event{resourceExternalId='null', eventDetails=uk.gov.pay.connector.events.eventdetails.EmptyEventDetails, timestamp=null}]
WARN  [2023-01-13 13:52:19,896] uk.gov.pay.connector.charge.model.domain.ChargeEntity: Charge with state AUTHORISATION 3DS READY cannot proceed to AUTHORISATION 3DS READY [charge_external_id=poatvscd3aq5qr1cepboqqah53, charge_status=AUTHORISATION 3DS READY, event=Event{resourceExternalId='null', eventDetails=uk.gov.pay.connector.events.eventdetails.EmptyEventDetails, timestamp=null}]
WARN  [2023-01-13 13:52:19,902] uk.gov.pay.connector.charge.model.domain.ChargeEntity: Charge with state EXPIRED cannot proceed to AUTHORISATION 3DS READY [charge_external_id=b3maav3ved2s2mit645fdfo3vo, charge_status=AUTHORISATION 3DS READY, event=Event{resourceExternalId='null', eventDetails=uk.gov.pay.connector.events.eventdetails.EmptyEventDetails, timestamp=null}]
[INFO] Tests run: 15, Failures: 0, Errors: 0, Skipped: 0, Time elapsed: 0.026 s - in uk.gov.pay.connector.paymentprocessor.service.Card3dsResponseAuthServiceTest
[INFO] Running uk.gov.pay.connector.paymentprocessor.service.CardCaptureServiceTest
ERROR [2023-01-13 13:52:19,908] uk.gov.pay.connector.paymentprocessor.service.CardCaptureService: CAPTURE_ERROR for charge [charge_external_id=external-id] - reached maximum number of capture attempts
WARN  [2023-01-13 13:52:19,911] uk.gov.pay.connector.paymentprocessor.service.CardCaptureService: Failed to create fee incurred event [dmo48o0e8sdaupp44hog68806f], exception: [Event id = [dmo48o0e8sdaupp44hog68806f], exception = Failed to create FeeIncurredEvent due to no fees present on charge]
WARN  [2023-01-13 13:52:19,913] uk.gov.pay.connector.charge.model.domain.ChargeEntity: Charge with state CAPTURE READY cannot proceed to CAPTURE READY [charge_external_id=ktnliadhs8l5cdlrlm6oiilo33, charge_status=CAPTURE READY, event=Event{resourceExternalId='null', eventDetails=uk.gov.pay.connector.events.eventdetails.EmptyEventDetails, timestamp=null}]
WARN  [2023-01-13 13:52:19,914] uk.gov.pay.connector.paymentprocessor.service.CardCaptureService: Failed to create fee incurred event [6qhv5pjugushed5i5nr19l2cmo], exception: [Event id = [6qhv5pjugushed5i5nr19l2cmo], exception = Failed to create FeeIncurredEvent due to no fees present on charge]
WARN  [2023-01-13 13:52:19,917] uk.gov.pay.connector.paymentprocessor.service.CardCaptureService: Card capture response received with no transaction id. - charge_external_id=4bq6c3rbol2lgju67bqido7l1o
WARN  [2023-01-13 13:52:19,917] uk.gov.pay.connector.paymentprocessor.service.CardCaptureService: Failed to create fee incurred event [4bq6c3rbol2lgju67bqido7l1o], exception: [Event id = [4bq6c3rbol2lgju67bqido7l1o], exception = Failed to create FeeIncurredEvent due to no fees present on charge]
WARN  [2023-01-13 13:52:19,920] uk.gov.pay.connector.charge.model.domain.ChargeEntity: Charge with state ENTERING CARD DETAILS cannot proceed to CAPTURE READY [charge_external_id=hfim5av019bctaue1m9u6csqr7, charge_status=CAPTURE READY, event=Event{resourceExternalId='null', eventDetails=uk.gov.pay.connector.events.eventdetails.EmptyEventDetails, timestamp=null}]
ERROR [2023-01-13 13:52:19,921] uk.gov.pay.connector.paymentprocessor.service.CardCaptureService: CAPTURE_ERROR for charge [charge_external_id=913gkeoicjgm27bqdmrhevml34] - reached maximum number of capture attempts
WARN  [2023-01-13 13:52:19,923] uk.gov.pay.connector.paymentprocessor.service.CardCaptureService: Failed to create fee incurred event [qtqjo8lj0ulaojlv5r191s5gqb], exception: [Event id = [qtqjo8lj0ulaojlv5r191s5gqb], exception = Failed to create FeeIncurredEvent due to no fees present on charge]
WARN  [2023-01-13 13:52:19,927] uk.gov.pay.connector.paymentprocessor.service.CardCaptureService: Failed to create fee incurred event [g3e0n2e4mjg931tvakb0cn2c4l], exception: [Event id = [g3e0n2e4mjg931tvakb0cn2c4l], exception = Failed to create FeeIncurredEvent due to no fees present on charge]
WARN  [2023-01-13 13:52:19,933] uk.gov.pay.connector.paymentprocessor.service.CardCaptureService: Failed to create fee incurred event [oetlsk6997ilbpfue6d0q7mve1], exception: [Event id = [oetlsk6997ilbpfue6d0q7mve1], exception = Failed to create FeeIncurredEvent due to no fees present on charge]
WARN  [2023-01-13 13:52:19,936] uk.gov.pay.connector.paymentprocessor.service.CardCaptureService: Failed to create fee incurred event [ieohbnnjra2lfkjahsf3qoh7cn], exception: [Event id = [ieohbnnjra2lfkjahsf3qoh7cn], exception = Failed to create FeeIncurredEvent due to no fees present on charge]
[INFO] Tests run: 14, Failures: 0, Errors: 0, Skipped: 0, Time elapsed: 0.032 s - in uk.gov.pay.connector.paymentprocessor.service.CardCaptureServiceTest
[INFO] Running uk.gov.pay.connector.paymentprocessor.service.CardCaptureProcessTest
[INFO] Tests run: 4, Failures: 0, Errors: 0, Skipped: 0, Time elapsed: 0.016 s - in uk.gov.pay.connector.paymentprocessor.service.CardCaptureProcessTest
[INFO] Running uk.gov.pay.connector.report.resource.ParityCheckerResourceTest
[INFO] Tests run: 4, Failures: 0, Errors: 0, Skipped: 0, Time elapsed: 0.061 s - in uk.gov.pay.connector.report.resource.ParityCheckerResourceTest
[INFO] Running uk.gov.pay.connector.report.ParityCheckerServiceTest
[INFO] Tests run: 13, Failures: 0, Errors: 0, Skipped: 0, Time elapsed: 0.028 s - in uk.gov.pay.connector.report.ParityCheckerServiceTest
[INFO] Running uk.gov.pay.connector.filters.SchemeRewriteFilterTest
[INFO] Tests run: 1, Failures: 0, Errors: 0, Skipped: 0, Time elapsed: 0.008 s - in uk.gov.pay.connector.filters.SchemeRewriteFilterTest
[INFO] Running uk.gov.pay.connector.app.RestClientFactoryTest
[INFO] Tests run: 2, Failures: 0, Errors: 0, Skipped: 0, Time elapsed: 0.011 s - in uk.gov.pay.connector.app.RestClientFactoryTest
[INFO] Running uk.gov.pay.connector.app.validator.SqsConfigValidatorTest
[INFO] Tests run: 5, Failures: 0, Errors: 0, Skipped: 0, Time elapsed: 0.009 s - in uk.gov.pay.connector.app.validator.SqsConfigValidatorTest
[INFO] Running uk.gov.pay.connector.expunge.service.ChargeExpungeServiceTest
[INFO] Tests run: 17, Failures: 0, Errors: 0, Skipped: 0, Time elapsed: 0.026 s - in uk.gov.pay.connector.expunge.service.ChargeExpungeServiceTest
[INFO] Running uk.gov.pay.connector.expunge.service.ExpungeServiceTest
[INFO] Tests run: 2, Failures: 0, Errors: 0, Skipped: 0, Time elapsed: 0.007 s - in uk.gov.pay.connector.expunge.service.ExpungeServiceTest
[INFO] Running uk.gov.pay.connector.expunge.service.RefundExpungeServiceTest
[INFO] Tests run: 6, Failures: 0, Errors: 0, Skipped: 0, Time elapsed: 0.007 s - in uk.gov.pay.connector.expunge.service.RefundExpungeServiceTest
[INFO] Running uk.gov.pay.connector.chargeevent.model.domain.LocalDateTimeConverterTest
[INFO] Tests run: 2, Failures: 0, Errors: 0, Skipped: 0, Time elapsed: 0 s - in uk.gov.pay.connector.chargeevent.model.domain.LocalDateTimeConverterTest
[INFO] Running uk.gov.pay.connector.northamericaregion.CanadaPostalcodeToProvinceOrTerritoryMapperTest
[INFO] Tests run: 4, Failures: 0, Errors: 0, Skipped: 0, Time elapsed: 0 s - in uk.gov.pay.connector.northamericaregion.CanadaPostalcodeToProvinceOrTerritoryMapperTest
[INFO] Running uk.gov.pay.connector.northamericaregion.UsZipCodeToStateMapperTest
[INFO] Tests run: 8, Failures: 0, Errors: 0, Skipped: 0, Time elapsed: 0 s - in uk.gov.pay.connector.northamericaregion.UsZipCodeToStateMapperTest
[INFO] Running uk.gov.pay.connector.northamericaregion.NorthAmericanRegionMapperTest
[INFO] Tests run: 3, Failures: 0, Errors: 0, Skipped: 0, Time elapsed: 0 s - in uk.gov.pay.connector.northamericaregion.NorthAmericanRegionMapperTest
[INFO] Running uk.gov.pay.connector.util.WorldpayXMLUnmarshallerTest
[INFO] Tests run: 13, Failures: 0, Errors: 0, Skipped: 0, Time elapsed: 0.035 s - in uk.gov.pay.connector.util.WorldpayXMLUnmarshallerTest
[INFO] Running uk.gov.pay.connector.util.ReverseDnsLookupTest
[INFO] Tests run: 2, Failures: 0, Errors: 0, Skipped: 0, Time elapsed: 0.026 s - in uk.gov.pay.connector.util.ReverseDnsLookupTest
[INFO] Running uk.gov.pay.connector.util.ApplicationStartupApplicationStartupDependentResourceCheckerTest
[INFO] Tests run: 3, Failures: 0, Errors: 0, Skipped: 0, Time elapsed: 0.02 s - in uk.gov.pay.connector.util.ApplicationStartupApplicationStartupDependentResourceCheckerTest
[INFO] Running uk.gov.pay.connector.util.SmartpayXMLUnmarshallerTest
[INFO] Tests run: 9, Failures: 0, Errors: 0, Skipped: 0, Time elapsed: 0.023 s - in uk.gov.pay.connector.util.SmartpayXMLUnmarshallerTest
[INFO] Running uk.gov.pay.connector.util.XMLUnmarshallerSecurityTest
[INFO] Tests run: 5, Failures: 0, Errors: 0, Skipped: 0, Time elapsed: 0.015 s - in uk.gov.pay.connector.util.XMLUnmarshallerSecurityTest
[INFO] Running uk.gov.pay.connector.util.JsonObjectMapperTest
[INFO] Tests run: 2, Failures: 0, Errors: 0, Skipped: 0, Time elapsed: 0.002 s - in uk.gov.pay.connector.util.JsonObjectMapperTest
[INFO] Running uk.gov.pay.connector.util.DnsPointerResourceRecordTest
[INFO] Tests run: 1, Failures: 0, Errors: 0, Skipped: 0, Time elapsed: 0 s - in uk.gov.pay.connector.util.DnsPointerResourceRecordTest
[INFO] Running uk.gov.pay.connector.util.IpDomainMatcherTest
ERROR [2023-01-13 13:52:20,247] uk.gov.pay.connector.util.IpDomainMatcher: Reverse DNS Lookup failed: Host not found for ip address 'not-an-ip'
ERROR [2023-01-13 13:52:20,247] uk.gov.pay.connector.util.IpDomainMatcher: Reverse DNS Lookup failed: null
ERROR [2023-01-13 13:52:20,249] uk.gov.pay.connector.util.IpDomainMatcher: Reverse DNS lookup on ip '8.8.8.8' - resolved domain 'dns.google.' does not match 'worldpay.com'
[INFO] Tests run: 3, Failures: 0, Errors: 0, Skipped: 0, Time elapsed: 0.006 s - in uk.gov.pay.connector.util.IpDomainMatcherTest
[INFO] Running uk.gov.pay.connector.util.RandomIdGeneratorTest
[INFO] Tests run: 4, Failures: 0, Errors: 0, Skipped: 0, Time elapsed: 0.013 s - in uk.gov.pay.connector.util.RandomIdGeneratorTest
[INFO] Running uk.gov.pay.connector.util.DateTimeUtilsTest
[INFO] Tests run: 7, Failures: 0, Errors: 0, Skipped: 0, Time elapsed: 0.015 s - in uk.gov.pay.connector.util.DateTimeUtilsTest
[INFO] Running uk.gov.pay.connector.util.EpdqXMLUnmarshallerTest
[INFO] Tests run: 11, Failures: 0, Errors: 0, Skipped: 0, Time elapsed: 0.031 s - in uk.gov.pay.connector.util.EpdqXMLUnmarshallerTest
[INFO] Running uk.gov.pay.connector.common.model.domain.PrefilledAddressTest
[INFO] Tests run: 4, Failures: 0, Errors: 0, Skipped: 0, Time elapsed: 0.001 s - in uk.gov.pay.connector.common.model.domain.PrefilledAddressTest
[INFO] Running uk.gov.pay.connector.common.model.domain.PaymentGatewayStateTransitionsTest
[INFO] Tests run: 41, Failures: 0, Errors: 0, Skipped: 0, Time elapsed: 0.007 s - in uk.gov.pay.connector.common.model.domain.PaymentGatewayStateTransitionsTest
[INFO] Running uk.gov.pay.connector.common.model.domain.NumbersInStringsSanitizerTest
[INFO] Tests run: 5, Failures: 0, Errors: 0, Skipped: 0, Time elapsed: 0.001 s - in uk.gov.pay.connector.common.model.domain.NumbersInStringsSanitizerTest
[INFO] Running uk.gov.pay.connector.common.model.api.ExternalRefundStatusMapTest
[INFO] Tests run: 4, Failures: 0, Errors: 0, Skipped: 0, Time elapsed: 0.001 s - in uk.gov.pay.connector.common.model.api.ExternalRefundStatusMapTest
[INFO] Running uk.gov.pay.connector.queue.payout.PayoutReconcileQueueTest
[INFO] Tests run: 2, Failures: 0, Errors: 0, Skipped: 0, Time elapsed: 0.006 s - in uk.gov.pay.connector.queue.payout.PayoutReconcileQueueTest
[INFO] Running uk.gov.pay.connector.queue.StateTransitionQueueTest
[INFO] Tests run: 2, Failures: 0, Errors: 0, Skipped: 0, Time elapsed: 0.301 s - in uk.gov.pay.connector.queue.StateTransitionQueueTest
[INFO] Running uk.gov.pay.connector.queue.CaptureQueueTest
[INFO] Tests run: 2, Failures: 0, Errors: 0, Skipped: 0, Time elapsed: 0.007 s - in uk.gov.pay.connector.queue.CaptureQueueTest
[INFO] Running uk.gov.pay.connector.queue.StateTransitionServiceTest
[INFO] Tests run: 4, Failures: 0, Errors: 0, Skipped: 0, Time elapsed: 0.022 s - in uk.gov.pay.connector.queue.StateTransitionServiceTest
[INFO] Running uk.gov.pay.connector.wallets.applepay.ApplePayServiceTest
[INFO] Tests run: 2, Failures: 0, Errors: 0, Skipped: 0, Time elapsed: 0.018 s - in uk.gov.pay.connector.wallets.applepay.ApplePayServiceTest
[INFO] Running uk.gov.pay.connector.wallets.googlepay.api.GooglePayAuthRequestTest
[INFO] Tests run: 1, Failures: 0, Errors: 0, Skipped: 0, Time elapsed: 0.001 s - in uk.gov.pay.connector.wallets.googlepay.api.GooglePayAuthRequestTest
[INFO] Running uk.gov.pay.connector.wallets.googlepay.GooglePayServiceTest
[INFO] Tests run: 3, Failures: 0, Errors: 0, Skipped: 0, Time elapsed: 0.004 s - in uk.gov.pay.connector.wallets.googlepay.GooglePayServiceTest
[INFO] Running uk.gov.pay.connector.wallets.WalletAuthoriseServiceForGooglePay3dsTest
[INFO] Tests run: 1, Failures: 0, Errors: 0, Skipped: 0, Time elapsed: 0.014 s - in uk.gov.pay.connector.wallets.WalletAuthoriseServiceForGooglePay3dsTest
[INFO] Running uk.gov.pay.connector.wallets.WalletAuthoriseServiceTest
ERROR [2023-01-13 13:52:20,704] uk.gov.pay.connector.wallets.WalletAuthoriseService: Error occurred authorising charge. Charge external id: sv499b2hhrherg6ttrnl911kv7; message: Mock for WorldpayOrderStatusResponse, hashCode: 1113042425
WARN  [2023-01-13 13:52:20,704] uk.gov.pay.connector.paymentprocessor.service.AuthorisationService: AuthCardDetails authorisation response received with no transaction id. -  charge_external_id=sv499b2hhrherg6ttrnl911kv7
WARN  [2023-01-13 13:52:20,707] uk.gov.pay.connector.charge.model.domain.ChargeEntity: Charge with state UNDEFINED cannot proceed to AUTHORISATION READY [charge_external_id=m89u5emjlrvrj9mic0gmsvmv47, charge_status=AUTHORISATION READY, event=Event{resourceExternalId='null', eventDetails=uk.gov.pay.connector.events.eventdetails.EmptyEventDetails, timestamp=null}]
WARN  [2023-01-13 13:52:20,725] uk.gov.pay.connector.charge.model.domain.ChargeEntity: Charge with state AUTHORISATION READY cannot proceed to AUTHORISATION READY [charge_external_id=vbac3fsumvvqjuut5eqdcdu6op, charge_status=AUTHORISATION READY, event=Event{resourceExternalId='null', eventDetails=uk.gov.pay.connector.events.eventdetails.EmptyEventDetails, timestamp=null}]
ERROR [2023-01-13 13:52:20,731] uk.gov.pay.connector.wallets.WalletAuthoriseService: Error occurred authorising charge. Charge external id: 2nh66hrmu113puar7nn4q5fiug; message: Malformed response received
ERROR [2023-01-13 13:52:20,731] uk.gov.pay.connector.wallets.WalletAuthoriseService: Response from gateway: null
WARN  [2023-01-13 13:52:20,731] uk.gov.pay.connector.paymentprocessor.service.AuthorisationService: AuthCardDetails authorisation response received with no transaction id. -  charge_external_id=2nh66hrmu113puar7nn4q5fiug
ERROR [2023-01-13 13:52:20,744] uk.gov.pay.connector.wallets.WalletAuthoriseService: Error occurred authorising charge. Charge external id: nd5unujau2uj4vicobmv3vhjr4; message: Mock for WorldpayOrderStatusResponse, hashCode: 1479291938
WARN  [2023-01-13 13:52:20,744] uk.gov.pay.connector.paymentprocessor.service.AuthorisationService: AuthCardDetails authorisation response received with no transaction id. -  charge_external_id=nd5unujau2uj4vicobmv3vhjr4
ERROR [2023-01-13 13:52:20,753] uk.gov.pay.connector.wallets.WalletAuthoriseService: Error occurred authorising charge. Charge external id: 6j9ercq8dktgd2bk4hangm9jpt; message: Connection timed out
WARN  [2023-01-13 13:52:20,753] uk.gov.pay.connector.paymentprocessor.service.AuthorisationService: AuthCardDetails authorisation response received with no transaction id. -  charge_external_id=6j9ercq8dktgd2bk4hangm9jpt
ERROR [2023-01-13 13:52:20,761] uk.gov.pay.connector.wallets.WalletAuthoriseService: Error occurred authorising charge. Charge external id: 8lktb8pk9s5384o40c6osh9ik7; message: Mock for WorldpayOrderStatusResponse, hashCode: 1376753351
WARN  [2023-01-13 13:52:20,762] uk.gov.pay.connector.paymentprocessor.service.AuthorisationService: AuthCardDetails authorisation response received with no transaction id. -  charge_external_id=8lktb8pk9s5384o40c6osh9ik7
[INFO] Tests run: 17, Failures: 0, Errors: 0, Skipped: 0, Time elapsed: 0.067 s - in uk.gov.pay.connector.wallets.WalletAuthoriseServiceTest
[INFO] Running uk.gov.pay.connector.tasks.service.ChargeParityCheckerTest
[INFO] Tests run: 22, Failures: 0, Errors: 0, Skipped: 0, Time elapsed: 0.024 s - in uk.gov.pay.connector.tasks.service.ChargeParityCheckerTest
[INFO] Running uk.gov.pay.connector.tasks.service.RefundParityCheckerTest
[INFO] Tests run: 8, Failures: 0, Errors: 0, Skipped: 0, Time elapsed: 0.003 s - in uk.gov.pay.connector.tasks.service.RefundParityCheckerTest
[INFO] Running uk.gov.pay.connector.tasks.ParityCheckServiceTest
[INFO] Tests run: 5, Failures: 0, Errors: 0, Skipped: 0, Time elapsed: 0.005 s - in uk.gov.pay.connector.tasks.ParityCheckServiceTest
[INFO] Running uk.gov.pay.connector.usernotification.model.NotificationsTest
[INFO] Tests run: 2, Failures: 0, Errors: 0, Skipped: 0, Time elapsed: 0.001 s - in uk.gov.pay.connector.usernotification.model.NotificationsTest
[INFO] Running uk.gov.pay.connector.usernotification.model.EvaluatedChargeStatusNotificationTest
[INFO] Tests run: 1, Failures: 0, Errors: 0, Skipped: 0, Time elapsed: 0.001 s - in uk.gov.pay.connector.usernotification.model.EvaluatedChargeStatusNotificationTest
[INFO] Running uk.gov.pay.connector.usernotification.model.EvaluatedRefundStatusNotificationTest
[INFO] Tests run: 1, Failures: 0, Errors: 0, Skipped: 0, Time elapsed: 0.001 s - in uk.gov.pay.connector.usernotification.model.EvaluatedRefundStatusNotificationTest
[INFO] Running uk.gov.pay.connector.usernotification.service.UserNotificationServiceTest
WARN  [2023-01-13 13:52:20,834] uk.gov.pay.connector.usernotification.service.UserNotificationService: Email notifications is disabled by configuration
ERROR [2023-01-13 13:52:20,860] uk.gov.pay.connector.usernotification.service.UserNotificationService: Failed to send PAYMENT_CONFIRMED email - charge_external_id=8igefjko7a5a6219fadnbmokfu
! uk.gov.service.notify.NotificationClientException: null
WARN  [2023-01-13 13:52:20,895] uk.gov.pay.connector.usernotification.service.UserNotificationService: Cannot send email for charge_external_id = n51uksaoefsr0qg7trlju41vjm because the charge does not have an email address
ERROR [2023-01-13 13:52:20,903] uk.gov.pay.connector.usernotification.service.UserNotificationService: Failed to send REFUND_ISSUED email - charge_external_id=01uti5tb5r40hi0cpckb90lkmc
! uk.gov.service.notify.NotificationClientException: null
WARN  [2023-01-13 13:52:20,906] uk.gov.pay.connector.usernotification.service.UserNotificationService: Email notifications is disabled by configuration
[INFO] Tests run: 23, Failures: 0, Errors: 0, Skipped: 0, Time elapsed: 0.105 s - in uk.gov.pay.connector.usernotification.service.UserNotificationServiceTest
[INFO] Running uk.gov.pay.connector.usernotification.service.GatewayAccountNotificationCredentialsServiceTest
[INFO] Tests run: 3, Failures: 0, Errors: 0, Skipped: 0, Time elapsed: 0.002 s - in uk.gov.pay.connector.usernotification.service.GatewayAccountNotificationCredentialsServiceTest
[INFO] Running uk.gov.pay.connector.usernotification.service.UserNotificationServiceEmailCollectionModeTest
[INFO] Tests run: 4, Failures: 0, Errors: 0, Skipped: 0, Time elapsed: 0.006 s - in uk.gov.pay.connector.usernotification.service.UserNotificationServiceEmailCollectionModeTest
[INFO] Running uk.gov.pay.connector.resources.PerformanceReportResourceTest
[INFO] Tests run: 2, Failures: 0, Errors: 0, Skipped: 0, Time elapsed: 0.01 s - in uk.gov.pay.connector.resources.PerformanceReportResourceTest
[INFO] Running uk.gov.pay.connector.resources.ApiValidatorsTest
[INFO] Tests run: 23, Failures: 0, Errors: 0, Skipped: 0, Time elapsed: 0.014 s - in uk.gov.pay.connector.resources.ApiValidatorsTest
[INFO] Running uk.gov.pay.connector.resources.AuthCardDetailsValidatorTest
[INFO] Tests run: 52, Failures: 0, Errors: 0, Skipped: 0, Time elapsed: 0.019 s - in uk.gov.pay.connector.resources.AuthCardDetailsValidatorTest
[INFO] Running uk.gov.pay.connector.resources.GatewayAccountPerformanceReportResourceTest
[INFO] Tests run: 2, Failures: 0, Errors: 0, Skipped: 0, Time elapsed: 0.001 s - in uk.gov.pay.connector.resources.GatewayAccountPerformanceReportResourceTest
[INFO] Running uk.gov.pay.connector.it.util.XMLUnmarshallerTest
[INFO] Tests run: 1, Failures: 0, Errors: 0, Skipped: 0, Time elapsed: 0.299 s - in uk.gov.pay.connector.it.util.XMLUnmarshallerTest
[INFO] Running uk.gov.pay.connector.it.resources.PayersCardTypesResourceITest
[WARNING] Tests run: 6, Failures: 0, Errors: 0, Skipped: 5, Time elapsed: 0.061 s - in uk.gov.pay.connector.it.resources.PayersCardTypesResourceITest
[INFO] Running uk.gov.pay.connector.agreement.service.AgreementServiceTest
[INFO] Tests run: 1, Failures: 0, Errors: 0, Skipped: 0, Time elapsed: 0.002 s - in uk.gov.pay.connector.agreement.service.AgreementServiceTest
[INFO] Running uk.gov.pay.connector.healthcheck.PingTest
[INFO] Tests run: 1, Failures: 0, Errors: 0, Skipped: 0, Time elapsed: 0.001 s - in uk.gov.pay.connector.healthcheck.PingTest
[INFO] 
[INFO] Results:
[INFO] 
[WARNING] Tests run: 1874, Failures: 0, Errors: 0, Skipped: 7
[INFO] 
[INFO] ------------------------------------------------------------------------
[INFO] BUILD SUCCESS
[INFO] ------------------------------------------------------------------------
[INFO] Total time:  27.642 s
[INFO] Finished at: 2023-01-13T13:52:21Z
[INFO] ------------------------------------------------------------------------
