[INFO] Scanning for projects...
[INFO] Inspecting build with total of 8 modules...
[INFO] Installing Nexus Staging features:
[INFO]   ... total of 8 executions of maven-deploy-plugin replaced with nexus-staging-maven-plugin
[INFO] ------------------------------------------------------------------------
[INFO] Reactor Build Order:
[INFO] 
[INFO] AWS Lambda Powertools Java library Parent                          [pom]
[INFO] AWS Lambda Powertools Java library Core                            [jar]
[INFO] AWS Lambda Powertools Java library Logging                         [jar]
[INFO] AWS Lambda Powertools Java library Tracing                         [jar]
[INFO] AWS Lambda Powertools Java library SQS                             [jar]
[INFO] AWS Lambda Powertools Java library Metrics                         [jar]
[INFO] AWS Lambda Powertools Java library Parameters                      [jar]
[INFO] AWS Lambda Powertools Java validation library                      [jar]
[INFO] 
[INFO] --------------< software.amazon.lambda:powertools-parent >--------------
[INFO] Building AWS Lambda Powertools Java library Parent 1.7.2           [1/8]
[INFO] --------------------------------[ pom ]---------------------------------
[INFO] 
[INFO] --- maven-clean-plugin:2.5:clean (default-clean) @ powertools-parent ---
[INFO] 
[INFO] --- jacoco-maven-plugin:0.8.7:prepare-agent (default) @ powertools-parent ---
[INFO] argLine set to -javaagent:/home/gabsko/.m2/repository/org/jacoco/org.jacoco.agent/0.8.7/org.jacoco.agent-0.8.7-runtime.jar=destfile=/home/gabsko/breaking-updates/target/jacoco.exec
[INFO] 
[INFO] --- aspectj-maven-plugin:1.14.0:compile (default) @ powertools-parent ---
[WARNING] Not executing aspectJ compiler as the project is not a Java classpath-capable package
[INFO] 
[INFO] --- aspectj-maven-plugin:1.14.0:test-compile (default) @ powertools-parent ---
[WARNING] Not executing aspectJ compiler as the project is not a Java classpath-capable package
[INFO] 
[INFO] --- jacoco-maven-plugin:0.8.7:report (report) @ powertools-parent ---
[INFO] Skipping JaCoCo execution due to missing execution data file.
[INFO] 
[INFO] ---------------< software.amazon.lambda:powertools-core >---------------
[INFO] Building AWS Lambda Powertools Java library Core 1.7.2             [2/8]
[INFO] --------------------------------[ jar ]---------------------------------
[INFO] 
[INFO] --- maven-clean-plugin:2.5:clean (default-clean) @ powertools-core ---
[INFO] Deleting /home/gabsko/breaking-updates/powertools-core/target
[INFO] 
[INFO] --- jacoco-maven-plugin:0.8.7:prepare-agent (default) @ powertools-core ---
[INFO] argLine set to -javaagent:/home/gabsko/.m2/repository/org/jacoco/org.jacoco.agent/0.8.7/org.jacoco.agent-0.8.7-runtime.jar=destfile=/home/gabsko/breaking-updates/powertools-core/target/jacoco.exec
[INFO] 
[INFO] --- aspectj-maven-plugin:1.14.0:compile (default) @ powertools-core ---
[INFO] Showing AJC message detail for messages of types: [error, warning, fail]
[INFO] 
[INFO] --- aspectj-maven-plugin:1.14.0:test-compile (default) @ powertools-core ---
[INFO] Showing AJC message detail for messages of types: [error, warning, fail]
[INFO] 
[INFO] --- maven-resources-plugin:2.6:resources (default-resources) @ powertools-core ---
[INFO] Using 'UTF-8' encoding to copy filtered resources.
[INFO] skip non existing resourceDirectory /home/gabsko/breaking-updates/powertools-core/src/main/resources
[INFO] 
[INFO] --- maven-compiler-plugin:3.8.1:compile (default-compile) @ powertools-core ---
[INFO] Nothing to compile - all classes are up to date
[INFO] 
[INFO] --- maven-resources-plugin:2.6:testResources (default-testResources) @ powertools-core ---
[INFO] Using 'UTF-8' encoding to copy filtered resources.
[INFO] skip non existing resourceDirectory /home/gabsko/breaking-updates/powertools-core/src/test/resources
[INFO] 
[INFO] --- maven-compiler-plugin:3.8.1:testCompile (default-testCompile) @ powertools-core ---
[INFO] Nothing to compile - all classes are up to date
[INFO] 
[INFO] --- maven-surefire-plugin:2.22.2:test (default-test) @ powertools-core ---
[INFO] 
[INFO] -------------------------------------------------------
[INFO]  T E S T S
[INFO] -------------------------------------------------------
[INFO] Running software.amazon.lambda.powertools.core.internal.LambdaHandlerProcessorTest
[INFO] Tests run: 3, Failures: 0, Errors: 0, Skipped: 0, Time elapsed: 0.64 s - in software.amazon.lambda.powertools.core.internal.LambdaHandlerProcessorTest
[INFO] 
[INFO] Results:
[INFO] 
[INFO] Tests run: 3, Failures: 0, Errors: 0, Skipped: 0
[INFO] 
[INFO] 
[INFO] --- jacoco-maven-plugin:0.8.7:report (report) @ powertools-core ---
[INFO] Loading execution data file /home/gabsko/breaking-updates/powertools-core/target/jacoco.exec
[INFO] Analyzed bundle 'AWS Lambda Powertools Java library Core' with 2 classes
[INFO] 
[INFO] -------------< software.amazon.lambda:powertools-logging >--------------
[INFO] Building AWS Lambda Powertools Java library Logging 1.7.2          [3/8]
[INFO] --------------------------------[ jar ]---------------------------------
[INFO] 
[INFO] --- maven-clean-plugin:2.5:clean (default-clean) @ powertools-logging ---
[INFO] Deleting /home/gabsko/breaking-updates/powertools-logging/target
[INFO] 
[INFO] --- jacoco-maven-plugin:0.8.7:prepare-agent (default) @ powertools-logging ---
[INFO] argLine set to -javaagent:/home/gabsko/.m2/repository/org/jacoco/org.jacoco.agent/0.8.7/org.jacoco.agent-0.8.7-runtime.jar=destfile=/home/gabsko/breaking-updates/powertools-logging/target/jacoco.exec
[INFO] 
[INFO] --- aspectj-maven-plugin:1.14.0:compile (default) @ powertools-logging ---
[INFO] Showing AJC message detail for messages of types: [error, warning, fail]
[WARNING] Processing Log4j annotations
	<unknown source file>:<no line information>

[WARNING] Annotations processed
	<unknown source file>:<no line information>

[WARNING] Processing Log4j annotations
	<unknown source file>:<no line information>

[WARNING] No elements to process
	<unknown source file>:<no line information>

[INFO] 
[INFO] --- aspectj-maven-plugin:1.14.0:test-compile (default) @ powertools-logging ---
[INFO] Showing AJC message detail for messages of types: [error, warning, fail]
[INFO] 
[INFO] --- maven-resources-plugin:2.6:resources (default-resources) @ powertools-logging ---
[INFO] Using 'UTF-8' encoding to copy filtered resources.
[INFO] skip non existing resourceDirectory /home/gabsko/breaking-updates/powertools-logging/src/main/resources
[INFO] 
[INFO] --- maven-compiler-plugin:3.8.1:compile (default-compile) @ powertools-logging ---
[INFO] Nothing to compile - all classes are up to date
[INFO] 
[INFO] --- maven-resources-plugin:2.6:testResources (default-testResources) @ powertools-logging ---
[INFO] Using 'UTF-8' encoding to copy filtered resources.
[INFO] Copying 6 resources
[INFO] 
[INFO] --- maven-compiler-plugin:3.8.1:testCompile (default-testCompile) @ powertools-logging ---
[INFO] Nothing to compile - all classes are up to date
[INFO] 
[INFO] --- maven-surefire-plugin:2.22.2:test (default-test) @ powertools-logging ---
[INFO] 
[INFO] -------------------------------------------------------
[INFO]  T E S T S
[INFO] -------------------------------------------------------
[INFO] Running software.amazon.lambda.powertools.logging.LoggingUtilsTest
[INFO] Tests run: 4, Failures: 0, Errors: 0, Skipped: 0, Time elapsed: 0.224 s - in software.amazon.lambda.powertools.logging.LoggingUtilsTest
[INFO] Running software.amazon.lambda.powertools.logging.internal.LambdaLoggingAspectTest
test
[INFO] Tests run: 15, Failures: 0, Errors: 0, Skipped: 0, Time elapsed: 3.007 s - in software.amazon.lambda.powertools.logging.internal.LambdaLoggingAspectTest
[INFO] Running org.apache.logging.log4j.core.layout.LambdaJsonLayoutTest
[INFO] Tests run: 3, Failures: 0, Errors: 0, Skipped: 0, Time elapsed: 0.042 s - in org.apache.logging.log4j.core.layout.LambdaJsonLayoutTest
[INFO] 
[INFO] Results:
[INFO] 
[INFO] Tests run: 22, Failures: 0, Errors: 0, Skipped: 0
[INFO] 
[INFO] 
[INFO] --- jacoco-maven-plugin:0.8.7:report (report) @ powertools-logging ---
[INFO] Loading execution data file /home/gabsko/breaking-updates/powertools-logging/target/jacoco.exec
[INFO] Analyzed bundle 'AWS Lambda Powertools Java library Logging' with 7 classes
[INFO] 
[INFO] -------------< software.amazon.lambda:powertools-tracing >--------------
[INFO] Building AWS Lambda Powertools Java library Tracing 1.7.2          [4/8]
[INFO] --------------------------------[ jar ]---------------------------------
[INFO] 
[INFO] --- maven-clean-plugin:2.5:clean (default-clean) @ powertools-tracing ---
[INFO] Deleting /home/gabsko/breaking-updates/powertools-tracing/target
[INFO] 
[INFO] --- jacoco-maven-plugin:0.8.7:prepare-agent (default) @ powertools-tracing ---
[INFO] argLine set to -javaagent:/home/gabsko/.m2/repository/org/jacoco/org.jacoco.agent/0.8.7/org.jacoco.agent-0.8.7-runtime.jar=destfile=/home/gabsko/breaking-updates/powertools-tracing/target/jacoco.exec
[INFO] 
[INFO] --- aspectj-maven-plugin:1.14.0:compile (default) @ powertools-tracing ---
[INFO] Showing AJC message detail for messages of types: [error, warning, fail]
[INFO] 
[INFO] --- aspectj-maven-plugin:1.14.0:test-compile (default) @ powertools-tracing ---
[INFO] Showing AJC message detail for messages of types: [error, warning, fail]
[INFO] 
[INFO] --- maven-resources-plugin:2.6:resources (default-resources) @ powertools-tracing ---
[INFO] Using 'UTF-8' encoding to copy filtered resources.
[INFO] skip non existing resourceDirectory /home/gabsko/breaking-updates/powertools-tracing/src/main/resources
[INFO] 
[INFO] --- maven-compiler-plugin:3.8.1:compile (default-compile) @ powertools-tracing ---
[INFO] Nothing to compile - all classes are up to date
[INFO] 
[INFO] --- maven-resources-plugin:2.6:testResources (default-testResources) @ powertools-tracing ---
[INFO] Using 'UTF-8' encoding to copy filtered resources.
[INFO] Copying 1 resource
[INFO] 
[INFO] --- maven-compiler-plugin:3.8.1:testCompile (default-testCompile) @ powertools-tracing ---
[INFO] Nothing to compile - all classes are up to date
[INFO] 
[INFO] --- maven-surefire-plugin:2.22.2:test (default-test) @ powertools-tracing ---
[INFO] 
[INFO] -------------------------------------------------------
[INFO]  T E S T S
[INFO] -------------------------------------------------------
[INFO] Running software.amazon.lambda.powertools.tracing.TracingUtilsTest
[INFO] Tests run: 8, Failures: 0, Errors: 0, Skipped: 0, Time elapsed: 1.988 s - in software.amazon.lambda.powertools.tracing.TracingUtilsTest
[INFO] Running software.amazon.lambda.powertools.tracing.internal.LambdaTracingAspectTest
[INFO] Tests run: 14, Failures: 0, Errors: 0, Skipped: 0, Time elapsed: 0.326 s - in software.amazon.lambda.powertools.tracing.internal.LambdaTracingAspectTest
[INFO] 
[INFO] Results:
[INFO] 
[INFO] Tests run: 22, Failures: 0, Errors: 0, Skipped: 0
[INFO] 
[INFO] 
[INFO] --- jacoco-maven-plugin:0.8.7:report (report) @ powertools-tracing ---
[INFO] Loading execution data file /home/gabsko/breaking-updates/powertools-tracing/target/jacoco.exec
[INFO] Analyzed bundle 'AWS Lambda Powertools Java library Tracing' with 4 classes
[INFO] 
[INFO] ---------------< software.amazon.lambda:powertools-sqs >----------------
[INFO] Building AWS Lambda Powertools Java library SQS 1.7.2              [5/8]
[INFO] --------------------------------[ jar ]---------------------------------
[INFO] 
[INFO] --- maven-clean-plugin:2.5:clean (default-clean) @ powertools-sqs ---
[INFO] Deleting /home/gabsko/breaking-updates/powertools-sqs/target
[INFO] 
[INFO] --- jacoco-maven-plugin:0.8.7:prepare-agent (default) @ powertools-sqs ---
[INFO] argLine set to -javaagent:/home/gabsko/.m2/repository/org/jacoco/org.jacoco.agent/0.8.7/org.jacoco.agent-0.8.7-runtime.jar=destfile=/home/gabsko/breaking-updates/powertools-sqs/target/jacoco.exec
[INFO] 
[INFO] --- aspectj-maven-plugin:1.14.0:compile (default) @ powertools-sqs ---
[INFO] Showing AJC message detail for messages of types: [error, warning, fail]
[INFO] 
[INFO] --- aspectj-maven-plugin:1.14.0:test-compile (default) @ powertools-sqs ---
[INFO] Showing AJC message detail for messages of types: [error, warning, fail]
[INFO] 
[INFO] --- maven-resources-plugin:2.6:resources (default-resources) @ powertools-sqs ---
[INFO] Using 'UTF-8' encoding to copy filtered resources.
[INFO] skip non existing resourceDirectory /home/gabsko/breaking-updates/powertools-sqs/src/main/resources
[INFO] 
[INFO] --- maven-compiler-plugin:3.8.1:compile (default-compile) @ powertools-sqs ---
[INFO] Nothing to compile - all classes are up to date
[INFO] 
[INFO] --- maven-resources-plugin:2.6:testResources (default-testResources) @ powertools-sqs ---
[INFO] Using 'UTF-8' encoding to copy filtered resources.
[INFO] Copying 1 resource
[INFO] 
[INFO] --- maven-compiler-plugin:3.8.1:testCompile (default-testCompile) @ powertools-sqs ---
[INFO] Nothing to compile - all classes are up to date
[INFO] 
[INFO] --- maven-surefire-plugin:2.22.2:test (default-test) @ powertools-sqs ---
[INFO] 
[INFO] -------------------------------------------------------
[INFO]  T E S T S
[INFO] -------------------------------------------------------
[INFO] Running software.amazon.lambda.powertools.sqs.SqsUtilsLargeMessageTest
SLF4J: Failed to load class "org.slf4j.impl.StaticLoggerBinder".
SLF4J: Defaulting to no-operation (NOP) logger implementation
SLF4J: See http://www.slf4j.org/codes.html#StaticLoggerBinder for further details.
Jan 13, 2023 3:06:01 PM com.amazonaws.util.EC2MetadataUtils getItems
WARNING: Unable to retrieve the requested metadata (/latest/dynamic/instance-identity/document). Failed to connect to service endpoint: 
com.amazonaws.SdkClientException: Failed to connect to service endpoint: 
	at com.amazonaws.internal.EC2ResourceFetcher.doReadResource(EC2ResourceFetcher.java:100)
	at com.amazonaws.internal.EC2ResourceFetcher.doReadResource(EC2ResourceFetcher.java:70)
	at com.amazonaws.internal.InstanceMetadataServiceResourceFetcher.readResource(InstanceMetadataServiceResourceFetcher.java:75)
	at com.amazonaws.internal.EC2ResourceFetcher.readResource(EC2ResourceFetcher.java:66)
	at com.amazonaws.util.EC2MetadataUtils.getItems(EC2MetadataUtils.java:402)
	at com.amazonaws.util.EC2MetadataUtils.getData(EC2MetadataUtils.java:371)
	at com.amazonaws.util.EC2MetadataUtils.getData(EC2MetadataUtils.java:367)
	at com.amazonaws.util.EC2MetadataUtils.getEC2InstanceRegion(EC2MetadataUtils.java:282)
	at com.amazonaws.regions.InstanceMetadataRegionProvider.tryDetectRegion(InstanceMetadataRegionProvider.java:59)
	at com.amazonaws.regions.InstanceMetadataRegionProvider.getRegion(InstanceMetadataRegionProvider.java:50)
	at com.amazonaws.regions.AwsRegionProviderChain.getRegion(AwsRegionProviderChain.java:46)
	at com.amazonaws.client.builder.AwsClientBuilder.determineRegionFromRegionProvider(AwsClientBuilder.java:475)
	at com.amazonaws.client.builder.AwsClientBuilder.setRegion(AwsClientBuilder.java:458)
	at com.amazonaws.client.builder.AwsClientBuilder.configureMutableProperties(AwsClientBuilder.java:424)
	at com.amazonaws.client.builder.AwsSyncClientBuilder.build(AwsSyncClientBuilder.java:46)
	at com.amazonaws.services.s3.AmazonS3ClientBuilder.defaultClient(AmazonS3ClientBuilder.java:54)
	at software.amazon.lambda.powertools.sqs.internal.SqsLargeMessageAspect.<clinit>(SqsLargeMessageAspect.java:36)
	at java.base/jdk.internal.misc.Unsafe.ensureClassInitialized0(Native Method)
	at java.base/jdk.internal.misc.Unsafe.ensureClassInitialized(Unsafe.java:1042)
	at java.base/jdk.internal.reflect.UnsafeFieldAccessorFactory.newFieldAccessor(UnsafeFieldAccessorFactory.java:43)
	at java.base/jdk.internal.reflect.ReflectionFactory.newFieldAccessor(ReflectionFactory.java:186)
	at java.base/java.lang.reflect.Field.acquireFieldAccessor(Field.java:1105)
	at java.base/java.lang.reflect.Field.getFieldAccessor(Field.java:1086)
	at java.base/java.lang.reflect.Field.set(Field.java:780)
	at org.apache.commons.lang3.reflect.FieldUtils.writeField(FieldUtils.java:690)
	at org.apache.commons.lang3.reflect.FieldUtils.writeStaticField(FieldUtils.java:553)
	at org.apache.commons.lang3.reflect.FieldUtils.writeStaticField(FieldUtils.java:599)
	at software.amazon.lambda.powertools.sqs.SqsUtilsLargeMessageTest.setUp(SqsUtilsLargeMessageTest.java:48)
	at java.base/jdk.internal.reflect.NativeMethodAccessorImpl.invoke0(Native Method)
	at java.base/jdk.internal.reflect.NativeMethodAccessorImpl.invoke(NativeMethodAccessorImpl.java:62)
	at java.base/jdk.internal.reflect.DelegatingMethodAccessorImpl.invoke(DelegatingMethodAccessorImpl.java:43)
	at java.base/java.lang.reflect.Method.invoke(Method.java:566)
	at org.junit.platform.commons.util.ReflectionUtils.invokeMethod(ReflectionUtils.java:688)
	at org.junit.jupiter.engine.execution.MethodInvocation.proceed(MethodInvocation.java:60)
	at org.junit.jupiter.engine.execution.InvocationInterceptorChain$ValidatingInvocation.proceed(InvocationInterceptorChain.java:131)
	at org.junit.jupiter.engine.extension.TimeoutExtension.intercept(TimeoutExtension.java:149)
	at org.junit.jupiter.engine.extension.TimeoutExtension.interceptLifecycleMethod(TimeoutExtension.java:126)
	at org.junit.jupiter.engine.extension.TimeoutExtension.interceptBeforeEachMethod(TimeoutExtension.java:76)
	at org.junit.jupiter.engine.execution.ExecutableInvoker$ReflectiveInterceptorCall.lambda$ofVoidMethod$0(ExecutableInvoker.java:115)
	at org.junit.jupiter.engine.execution.ExecutableInvoker.lambda$invoke$0(ExecutableInvoker.java:105)
	at org.junit.jupiter.engine.execution.InvocationInterceptorChain$InterceptedInvocation.proceed(InvocationInterceptorChain.java:106)
	at org.junit.jupiter.engine.execution.InvocationInterceptorChain.proceed(InvocationInterceptorChain.java:64)
	at org.junit.jupiter.engine.execution.InvocationInterceptorChain.chainAndInvoke(InvocationInterceptorChain.java:45)
	at org.junit.jupiter.engine.execution.InvocationInterceptorChain.invoke(InvocationInterceptorChain.java:37)
	at org.junit.jupiter.engine.execution.ExecutableInvoker.invoke(ExecutableInvoker.java:104)
	at org.junit.jupiter.engine.execution.ExecutableInvoker.invoke(ExecutableInvoker.java:98)
	at org.junit.jupiter.engine.descriptor.ClassBasedTestDescriptor.invokeMethodInExtensionContext(ClassBasedTestDescriptor.java:490)
	at org.junit.jupiter.engine.descriptor.ClassBasedTestDescriptor.lambda$synthesizeBeforeEachMethodAdapter$19(ClassBasedTestDescriptor.java:475)
	at org.junit.jupiter.engine.descriptor.TestMethodTestDescriptor.lambda$invokeBeforeEachMethods$2(TestMethodTestDescriptor.java:167)
	at org.junit.jupiter.engine.descriptor.TestMethodTestDescriptor.lambda$invokeBeforeMethodsOrCallbacksUntilExceptionOccurs$5(TestMethodTestDescriptor.java:195)
	at org.junit.platform.engine.support.hierarchical.ThrowableCollector.execute(ThrowableCollector.java:73)
	at org.junit.jupiter.engine.descriptor.TestMethodTestDescriptor.invokeBeforeMethodsOrCallbacksUntilExceptionOccurs(TestMethodTestDescriptor.java:195)
	at org.junit.jupiter.engine.descriptor.TestMethodTestDescriptor.invokeBeforeEachMethods(TestMethodTestDescriptor.java:164)
	at org.junit.jupiter.engine.descriptor.TestMethodTestDescriptor.execute(TestMethodTestDescriptor.java:127)
	at org.junit.jupiter.engine.descriptor.TestMethodTestDescriptor.execute(TestMethodTestDescriptor.java:65)
	at org.junit.platform.engine.support.hierarchical.NodeTestTask.lambda$executeRecursively$5(NodeTestTask.java:139)
	at org.junit.platform.engine.support.hierarchical.ThrowableCollector.execute(ThrowableCollector.java:73)
	at org.junit.platform.engine.support.hierarchical.NodeTestTask.lambda$executeRecursively$7(NodeTestTask.java:129)
	at org.junit.platform.engine.support.hierarchical.Node.around(Node.java:137)
	at org.junit.platform.engine.support.hierarchical.NodeTestTask.lambda$executeRecursively$8(NodeTestTask.java:127)
	at org.junit.platform.engine.support.hierarchical.ThrowableCollector.execute(ThrowableCollector.java:73)
	at org.junit.platform.engine.support.hierarchical.NodeTestTask.executeRecursively(NodeTestTask.java:126)
	at org.junit.platform.engine.support.hierarchical.NodeTestTask.execute(NodeTestTask.java:84)
	at org.junit.platform.engine.support.hierarchical.SameThreadHierarchicalTestExecutorService.submit(SameThreadHierarchicalTestExecutorService.java:32)
	at org.junit.platform.engine.support.hierarchical.NodeTestTask$DefaultDynamicTestExecutor.execute(NodeTestTask.java:212)
	at org.junit.platform.engine.support.hierarchical.NodeTestTask$DefaultDynamicTestExecutor.execute(NodeTestTask.java:192)
	at org.junit.jupiter.engine.descriptor.TestTemplateTestDescriptor.execute(TestTemplateTestDescriptor.java:139)
	at org.junit.jupiter.engine.descriptor.TestTemplateTestDescriptor.lambda$execute$2(TestTemplateTestDescriptor.java:107)
	at java.base/java.util.stream.ForEachOps$ForEachOp$OfRef.accept(ForEachOps.java:183)
	at java.base/java.util.stream.ReferencePipeline$3$1.accept(ReferencePipeline.java:195)
	at java.base/java.util.stream.ReferencePipeline$2$1.accept(ReferencePipeline.java:177)
	at java.base/java.util.stream.ReferencePipeline$3$1.accept(ReferencePipeline.java:195)
	at java.base/java.util.stream.ForEachOps$ForEachOp$OfRef.accept(ForEachOps.java:183)
	at java.base/java.util.stream.ReferencePipeline$11$1.accept(ReferencePipeline.java:442)
	at java.base/java.util.stream.ReferencePipeline$3$1.accept(ReferencePipeline.java:195)
	at java.base/java.util.stream.ReferencePipeline$3$1.accept(ReferencePipeline.java:195)
	at java.base/java.util.stream.ReferencePipeline$3$1.accept(ReferencePipeline.java:195)
	at java.base/java.util.stream.ForEachOps$ForEachOp$OfRef.accept(ForEachOps.java:183)
	at java.base/java.util.stream.ReferencePipeline$3$1.accept(ReferencePipeline.java:195)
	at java.base/java.util.Spliterators$ArraySpliterator.forEachRemaining(Spliterators.java:948)
	at java.base/java.util.stream.ReferencePipeline$Head.forEach(ReferencePipeline.java:658)
	at java.base/java.util.stream.ReferencePipeline$7$1.accept(ReferencePipeline.java:274)
	at java.base/java.util.stream.ReferencePipeline$3$1.accept(ReferencePipeline.java:195)
	at java.base/java.util.stream.ReferencePipeline$3$1.accept(ReferencePipeline.java:195)
	at java.base/java.util.Spliterators$ArraySpliterator.forEachRemaining(Spliterators.java:948)
	at java.base/java.util.stream.AbstractPipeline.copyInto(AbstractPipeline.java:484)
	at java.base/java.util.stream.AbstractPipeline.wrapAndCopyInto(AbstractPipeline.java:474)
	at java.base/java.util.stream.ForEachOps$ForEachOp.evaluateSequential(ForEachOps.java:150)
	at java.base/java.util.stream.ForEachOps$ForEachOp$OfRef.evaluateSequential(ForEachOps.java:173)
	at java.base/java.util.stream.AbstractPipeline.evaluate(AbstractPipeline.java:234)
	at java.base/java.util.stream.ReferencePipeline.forEach(ReferencePipeline.java:497)
	at java.base/java.util.stream.ReferencePipeline$7$1.accept(ReferencePipeline.java:274)
	at java.base/java.util.stream.ReferencePipeline$3$1.accept(ReferencePipeline.java:195)
	at java.base/java.util.stream.ReferencePipeline$3$1.accept(ReferencePipeline.java:195)
	at java.base/java.util.stream.ReferencePipeline$3$1.accept(ReferencePipeline.java:195)
	at java.base/java.util.ArrayList$ArrayListSpliterator.forEachRemaining(ArrayList.java:1655)
	at java.base/java.util.stream.AbstractPipeline.copyInto(AbstractPipeline.java:484)
	at java.base/java.util.stream.AbstractPipeline.wrapAndCopyInto(AbstractPipeline.java:474)
	at java.base/java.util.stream.ForEachOps$ForEachOp.evaluateSequential(ForEachOps.java:150)
	at java.base/java.util.stream.ForEachOps$ForEachOp$OfRef.evaluateSequential(ForEachOps.java:173)
	at java.base/java.util.stream.AbstractPipeline.evaluate(AbstractPipeline.java:234)
	at java.base/java.util.stream.ReferencePipeline.forEach(ReferencePipeline.java:497)
	at java.base/java.util.stream.ReferencePipeline$7$1.accept(ReferencePipeline.java:274)
	at java.base/java.util.ArrayList$ArrayListSpliterator.forEachRemaining(ArrayList.java:1655)
	at java.base/java.util.stream.AbstractPipeline.copyInto(AbstractPipeline.java:484)
	at java.base/java.util.stream.AbstractPipeline.wrapAndCopyInto(AbstractPipeline.java:474)
	at java.base/java.util.stream.ForEachOps$ForEachOp.evaluateSequential(ForEachOps.java:150)
	at java.base/java.util.stream.ForEachOps$ForEachOp$OfRef.evaluateSequential(ForEachOps.java:173)
	at java.base/java.util.stream.AbstractPipeline.evaluate(AbstractPipeline.java:234)
	at java.base/java.util.stream.ReferencePipeline.forEach(ReferencePipeline.java:497)
	at org.junit.jupiter.engine.descriptor.TestTemplateTestDescriptor.execute(TestTemplateTestDescriptor.java:107)
	at org.junit.jupiter.engine.descriptor.TestTemplateTestDescriptor.execute(TestTemplateTestDescriptor.java:42)
	at org.junit.platform.engine.support.hierarchical.NodeTestTask.lambda$executeRecursively$5(NodeTestTask.java:139)
	at org.junit.platform.engine.support.hierarchical.ThrowableCollector.execute(ThrowableCollector.java:73)
	at org.junit.platform.engine.support.hierarchical.NodeTestTask.lambda$executeRecursively$7(NodeTestTask.java:129)
	at org.junit.platform.engine.support.hierarchical.Node.around(Node.java:137)
	at org.junit.platform.engine.support.hierarchical.NodeTestTask.lambda$executeRecursively$8(NodeTestTask.java:127)
	at org.junit.platform.engine.support.hierarchical.ThrowableCollector.execute(ThrowableCollector.java:73)
	at org.junit.platform.engine.support.hierarchical.NodeTestTask.executeRecursively(NodeTestTask.java:126)
	at org.junit.platform.engine.support.hierarchical.NodeTestTask.execute(NodeTestTask.java:84)
	at java.base/java.util.ArrayList.forEach(ArrayList.java:1541)
	at org.junit.platform.engine.support.hierarchical.SameThreadHierarchicalTestExecutorService.invokeAll(SameThreadHierarchicalTestExecutorService.java:38)
	at org.junit.platform.engine.support.hierarchical.NodeTestTask.lambda$executeRecursively$5(NodeTestTask.java:143)
	at org.junit.platform.engine.support.hierarchical.ThrowableCollector.execute(ThrowableCollector.java:73)
	at org.junit.platform.engine.support.hierarchical.NodeTestTask.lambda$executeRecursively$7(NodeTestTask.java:129)
	at org.junit.platform.engine.support.hierarchical.Node.around(Node.java:137)
	at org.junit.platform.engine.support.hierarchical.NodeTestTask.lambda$executeRecursively$8(NodeTestTask.java:127)
	at org.junit.platform.engine.support.hierarchical.ThrowableCollector.execute(ThrowableCollector.java:73)
	at org.junit.platform.engine.support.hierarchical.NodeTestTask.executeRecursively(NodeTestTask.java:126)
	at org.junit.platform.engine.support.hierarchical.NodeTestTask.execute(NodeTestTask.java:84)
	at java.base/java.util.ArrayList.forEach(ArrayList.java:1541)
	at org.junit.platform.engine.support.hierarchical.SameThreadHierarchicalTestExecutorService.invokeAll(SameThreadHierarchicalTestExecutorService.java:38)
	at org.junit.platform.engine.support.hierarchical.NodeTestTask.lambda$executeRecursively$5(NodeTestTask.java:143)
	at org.junit.platform.engine.support.hierarchical.ThrowableCollector.execute(ThrowableCollector.java:73)
	at org.junit.platform.engine.support.hierarchical.NodeTestTask.lambda$executeRecursively$7(NodeTestTask.java:129)
	at org.junit.platform.engine.support.hierarchical.Node.around(Node.java:137)
	at org.junit.platform.engine.support.hierarchical.NodeTestTask.lambda$executeRecursively$8(NodeTestTask.java:127)
	at org.junit.platform.engine.support.hierarchical.ThrowableCollector.execute(ThrowableCollector.java:73)
	at org.junit.platform.engine.support.hierarchical.NodeTestTask.executeRecursively(NodeTestTask.java:126)
	at org.junit.platform.engine.support.hierarchical.NodeTestTask.execute(NodeTestTask.java:84)
	at org.junit.platform.engine.support.hierarchical.SameThreadHierarchicalTestExecutorService.submit(SameThreadHierarchicalTestExecutorService.java:32)
	at org.junit.platform.engine.support.hierarchical.HierarchicalTestExecutor.execute(HierarchicalTestExecutor.java:57)
	at org.junit.platform.engine.support.hierarchical.HierarchicalTestEngine.execute(HierarchicalTestEngine.java:51)
	at org.junit.platform.launcher.core.DefaultLauncher.execute(DefaultLauncher.java:220)
	at org.junit.platform.launcher.core.DefaultLauncher.lambda$execute$6(DefaultLauncher.java:188)
	at org.junit.platform.launcher.core.DefaultLauncher.withInterceptedStreams(DefaultLauncher.java:202)
	at org.junit.platform.launcher.core.DefaultLauncher.execute(DefaultLauncher.java:181)
	at org.junit.platform.launcher.core.DefaultLauncher.execute(DefaultLauncher.java:128)
	at org.apache.maven.surefire.junitplatform.JUnitPlatformProvider.invokeAllTests(JUnitPlatformProvider.java:150)
	at org.apache.maven.surefire.junitplatform.JUnitPlatformProvider.invoke(JUnitPlatformProvider.java:124)
	at org.apache.maven.surefire.booter.ForkedBooter.invokeProviderInSameClassLoader(ForkedBooter.java:384)
	at org.apache.maven.surefire.booter.ForkedBooter.runSuitesInProcess(ForkedBooter.java:345)
	at org.apache.maven.surefire.booter.ForkedBooter.execute(ForkedBooter.java:126)
	at org.apache.maven.surefire.booter.ForkedBooter.main(ForkedBooter.java:418)
Caused by: java.net.SocketTimeoutException: connect timed out
	at java.base/java.net.PlainSocketImpl.socketConnect(Native Method)
	at java.base/java.net.AbstractPlainSocketImpl.doConnect(AbstractPlainSocketImpl.java:412)
	at java.base/java.net.AbstractPlainSocketImpl.connectToAddress(AbstractPlainSocketImpl.java:255)
	at java.base/java.net.AbstractPlainSocketImpl.connect(AbstractPlainSocketImpl.java:237)
	at java.base/java.net.Socket.connect(Socket.java:609)
	at java.base/sun.net.NetworkClient.doConnect(NetworkClient.java:177)
	at java.base/sun.net.www.http.HttpClient.openServer(HttpClient.java:507)
	at java.base/sun.net.www.http.HttpClient.openServer(HttpClient.java:602)
	at java.base/sun.net.www.http.HttpClient.<init>(HttpClient.java:275)
	at java.base/sun.net.www.http.HttpClient.New(HttpClient.java:374)
	at java.base/sun.net.www.http.HttpClient.New(HttpClient.java:395)
	at java.base/sun.net.www.protocol.http.HttpURLConnection.getNewHttpClient(HttpURLConnection.java:1253)
	at java.base/sun.net.www.protocol.http.HttpURLConnection.plainConnect0(HttpURLConnection.java:1232)
	at java.base/sun.net.www.protocol.http.HttpURLConnection.plainConnect(HttpURLConnection.java:1081)
	at java.base/sun.net.www.protocol.http.HttpURLConnection.connect(HttpURLConnection.java:1015)
	at com.amazonaws.internal.ConnectionUtils.connectToEndpoint(ConnectionUtils.java:52)
	at com.amazonaws.internal.EC2ResourceFetcher.doReadResource(EC2ResourceFetcher.java:80)
	... 153 more

[ERROR] Tests run: 7, Failures: 0, Errors: 7, Skipped: 0, Time elapsed: 10.102 s <<< FAILURE! - in software.amazon.lambda.powertools.sqs.SqsUtilsLargeMessageTest
[ERROR] shouldFailEntireBatchIfFailedDownloadingFromS3{RuntimeException}[1]  Time elapsed: 10.062 s  <<< ERROR!
java.lang.ExceptionInInitializerError
	at software.amazon.lambda.powertools.sqs.SqsUtilsLargeMessageTest.setUp(SqsUtilsLargeMessageTest.java:48)
Caused by: com.amazonaws.SdkClientException: Unable to find a region via the region provider chain. Must provide an explicit region in the builder or setup environment to supply a region.
	at software.amazon.lambda.powertools.sqs.SqsUtilsLargeMessageTest.setUp(SqsUtilsLargeMessageTest.java:48)

[ERROR] shouldFailEntireBatchIfFailedDownloadingFromS3{RuntimeException}[2]  Time elapsed: 0.002 s  <<< ERROR!
java.lang.NoClassDefFoundError: Could not initialize class software.amazon.lambda.powertools.sqs.internal.SqsLargeMessageAspect
	at software.amazon.lambda.powertools.sqs.SqsUtilsLargeMessageTest.setUp(SqsUtilsLargeMessageTest.java:48)

[ERROR] shouldFailEntireBatchIfFailedProcessingDownloadMessageFromS3  Time elapsed: 0.001 s  <<< ERROR!
java.lang.NoClassDefFoundError: Could not initialize class software.amazon.lambda.powertools.sqs.internal.SqsLargeMessageAspect
	at software.amazon.lambda.powertools.sqs.SqsUtilsLargeMessageTest.setUp(SqsUtilsLargeMessageTest.java:48)

[ERROR] shouldNotProcessSmallMessageBody  Time elapsed: 0.001 s  <<< ERROR!
java.lang.NoClassDefFoundError: Could not initialize class software.amazon.lambda.powertools.sqs.internal.SqsLargeMessageAspect
	at software.amazon.lambda.powertools.sqs.SqsUtilsLargeMessageTest.setUp(SqsUtilsLargeMessageTest.java:48)

[ERROR] testLargeMessage  Time elapsed: 0 s  <<< ERROR!
java.lang.NoClassDefFoundError: Could not initialize class software.amazon.lambda.powertools.sqs.internal.SqsLargeMessageAspect
	at software.amazon.lambda.powertools.sqs.SqsUtilsLargeMessageTest.setUp(SqsUtilsLargeMessageTest.java:48)

[ERROR] testLargeMessageDeleteFromS3Toggle{boolean}[1]  Time elapsed: 0.001 s  <<< ERROR!
java.lang.NoClassDefFoundError: Could not initialize class software.amazon.lambda.powertools.sqs.internal.SqsLargeMessageAspect
	at software.amazon.lambda.powertools.sqs.SqsUtilsLargeMessageTest.setUp(SqsUtilsLargeMessageTest.java:48)

[ERROR] testLargeMessageDeleteFromS3Toggle{boolean}[2]  Time elapsed: 0.001 s  <<< ERROR!
java.lang.NoClassDefFoundError: Could not initialize class software.amazon.lambda.powertools.sqs.internal.SqsLargeMessageAspect
	at software.amazon.lambda.powertools.sqs.SqsUtilsLargeMessageTest.setUp(SqsUtilsLargeMessageTest.java:48)

[INFO] Running software.amazon.lambda.powertools.sqs.SqsUtilsBatchProcessorTest
[INFO] Tests run: 8, Failures: 0, Errors: 0, Skipped: 0, Time elapsed: 0.267 s - in software.amazon.lambda.powertools.sqs.SqsUtilsBatchProcessorTest
[INFO] Running software.amazon.lambda.powertools.sqs.internal.SqsMessageBatchProcessorAspectTest
[ERROR] Tests run: 4, Failures: 1, Errors: 3, Skipped: 0, Time elapsed: 0.15 s <<< FAILURE! - in software.amazon.lambda.powertools.sqs.internal.SqsMessageBatchProcessorAspectTest
[ERROR] shouldBatchProcessMessageWithSuccessDeletedOnFailureInBatchFromSQS  Time elapsed: 0.027 s  <<< FAILURE!
java.lang.AssertionError: 

Expecting actual throwable to be an instance of:
  software.amazon.lambda.powertools.sqs.SQSBatchProcessingException
but was:
  java.lang.NoClassDefFoundError: Could not initialize class software.amazon.lambda.powertools.sqs.internal.SqsLargeMessageAspect
	at software.amazon.lambda.powertools.sqs.internal.SqsMessageBatchProcessorAspect.around(SqsMessageBatchProcessorAspect.java:28)
	at software.amazon.lambda.powertools.sqs.handlers.PartialBatchPartialFailureHandler.handleRequest(PartialBatchPartialFailureHandler.java:15)
	at software.amazon.lambda.powertools.sqs.handlers.PartialBatchPartialFailureHandler.handleRequest(PartialBatchPartialFailureHandler.java:1)
	...(69 remaining lines not displayed - this can be changed with Assertions.setMaxStackTraceElementsDisplayed)
	at software.amazon.lambda.powertools.sqs.internal.SqsMessageBatchProcessorAspectTest.shouldBatchProcessMessageWithSuccessDeletedOnFailureInBatchFromSQS(SqsMessageBatchProcessorAspectTest.java:72)

[ERROR] shouldBatchProcessAllMessageSuccessfullyAndNotDeleteFromSQS  Time elapsed: 0.002 s  <<< ERROR!
java.lang.NoClassDefFoundError: Could not initialize class software.amazon.lambda.powertools.sqs.internal.SqsLargeMessageAspect
	at software.amazon.lambda.powertools.sqs.internal.SqsMessageBatchProcessorAspectTest.shouldBatchProcessAllMessageSuccessfullyAndNotDeleteFromSQS(SqsMessageBatchProcessorAspectTest.java:61)

[ERROR] shouldBatchProcessMessageWithSuccessDeletedOnFailureWithSuppressionInBatchFromSQS  Time elapsed: 0.003 s  <<< ERROR!
java.lang.NoClassDefFoundError: Could not initialize class software.amazon.lambda.powertools.sqs.internal.SqsLargeMessageAspect
	at software.amazon.lambda.powertools.sqs.internal.SqsMessageBatchProcessorAspectTest.shouldBatchProcessMessageWithSuccessDeletedOnFailureWithSuppressionInBatchFromSQS(SqsMessageBatchProcessorAspectTest.java:97)

[ERROR] shouldNotTakeEffectOnNonSqsEventHandler  Time elapsed: 0.075 s  <<< ERROR!
java.lang.NoClassDefFoundError: Could not initialize class software.amazon.lambda.powertools.sqs.internal.SqsLargeMessageAspect
	at software.amazon.lambda.powertools.sqs.internal.SqsMessageBatchProcessorAspectTest.shouldNotTakeEffectOnNonSqsEventHandler(SqsMessageBatchProcessorAspectTest.java:107)

[INFO] Running software.amazon.lambda.powertools.sqs.internal.SqsLargeMessageAspectTest
[ERROR] Tests run: 7, Failures: 0, Errors: 7, Skipped: 0, Time elapsed: 0.008 s <<< FAILURE! - in software.amazon.lambda.powertools.sqs.internal.SqsLargeMessageAspectTest
[ERROR] shouldNotDoAnyProcessingWhenNotSqsEvent  Time elapsed: 0 s  <<< ERROR!
java.lang.NoClassDefFoundError: Could not initialize class software.amazon.lambda.powertools.sqs.internal.SqsLargeMessageAspect
	at software.amazon.lambda.powertools.sqs.internal.SqsLargeMessageAspectTest.setUp(SqsLargeMessageAspectTest.java:58)

[ERROR] shouldFailEntireBatchIfFailedDownloadingFromS3{RuntimeException}[1]  Time elapsed: 0 s  <<< ERROR!
java.lang.NoClassDefFoundError: Could not initialize class software.amazon.lambda.powertools.sqs.internal.SqsLargeMessageAspect
	at software.amazon.lambda.powertools.sqs.internal.SqsLargeMessageAspectTest.setUp(SqsLargeMessageAspectTest.java:58)

[ERROR] shouldFailEntireBatchIfFailedDownloadingFromS3{RuntimeException}[2]  Time elapsed: 0.002 s  <<< ERROR!
java.lang.NoClassDefFoundError: Could not initialize class software.amazon.lambda.powertools.sqs.internal.SqsLargeMessageAspect
	at software.amazon.lambda.powertools.sqs.internal.SqsLargeMessageAspectTest.setUp(SqsLargeMessageAspectTest.java:58)

[ERROR] shouldFailEntireBatchIfFailedProcessingDownloadMessageFromS3  Time elapsed: 0.001 s  <<< ERROR!
java.lang.NoClassDefFoundError: Could not initialize class software.amazon.lambda.powertools.sqs.internal.SqsLargeMessageAspect
	at software.amazon.lambda.powertools.sqs.internal.SqsLargeMessageAspectTest.setUp(SqsLargeMessageAspectTest.java:58)

[ERROR] shouldNotProcessSmallMessageBody  Time elapsed: 0.001 s  <<< ERROR!
java.lang.NoClassDefFoundError: Could not initialize class software.amazon.lambda.powertools.sqs.internal.SqsLargeMessageAspect
	at software.amazon.lambda.powertools.sqs.internal.SqsLargeMessageAspectTest.setUp(SqsLargeMessageAspectTest.java:58)

[ERROR] testLargeMessage  Time elapsed: 0.002 s  <<< ERROR!
java.lang.NoClassDefFoundError: Could not initialize class software.amazon.lambda.powertools.sqs.internal.SqsLargeMessageAspect
	at software.amazon.lambda.powertools.sqs.internal.SqsLargeMessageAspectTest.setUp(SqsLargeMessageAspectTest.java:58)

[ERROR] testLargeMessageWithDeletionOff  Time elapsed: 0.001 s  <<< ERROR!
java.lang.NoClassDefFoundError: Could not initialize class software.amazon.lambda.powertools.sqs.internal.SqsLargeMessageAspect
	at software.amazon.lambda.powertools.sqs.internal.SqsLargeMessageAspectTest.setUp(SqsLargeMessageAspectTest.java:58)

[INFO] 
[INFO] Results:
[INFO] 
[ERROR] Failures: 
[ERROR]   SqsMessageBatchProcessorAspectTest.shouldBatchProcessMessageWithSuccessDeletedOnFailureInBatchFromSQS:72 
Expecting actual throwable to be an instance of:
  software.amazon.lambda.powertools.sqs.SQSBatchProcessingException
but was:
  java.lang.NoClassDefFoundError: Could not initialize class software.amazon.lambda.powertools.sqs.internal.SqsLargeMessageAspect
	at software.amazon.lambda.powertools.sqs.internal.SqsMessageBatchProcessorAspect.around(SqsMessageBatchProcessorAspect.java:28)
	at software.amazon.lambda.powertools.sqs.handlers.PartialBatchPartialFailureHandler.handleRequest(PartialBatchPartialFailureHandler.java:15)
	at software.amazon.lambda.powertools.sqs.handlers.PartialBatchPartialFailureHandler.handleRequest(PartialBatchPartialFailureHandler.java:1)
	...(69 remaining lines not displayed - this can be changed with Assertions.setMaxStackTraceElementsDisplayed)
[ERROR] Errors: 
[ERROR]   SqsUtilsLargeMessageTest.setUp:48 » ExceptionInInitializer
[ERROR]   SqsUtilsLargeMessageTest.setUp:48 » NoClassDefFound Could not initialize class...
[ERROR]   SqsUtilsLargeMessageTest.setUp:48 » NoClassDefFound Could not initialize class...
[ERROR]   SqsUtilsLargeMessageTest.setUp:48 » NoClassDefFound Could not initialize class...
[ERROR]   SqsUtilsLargeMessageTest.setUp:48 » NoClassDefFound Could not initialize class...
[ERROR]   SqsUtilsLargeMessageTest.setUp:48 » NoClassDefFound Could not initialize class...
[ERROR]   SqsUtilsLargeMessageTest.setUp:48 » NoClassDefFound Could not initialize class...
[ERROR]   SqsLargeMessageAspectTest.setUp:58 » NoClassDefFound Could not initialize clas...
[ERROR]   SqsLargeMessageAspectTest.setUp:58 » NoClassDefFound Could not initialize clas...
[ERROR]   SqsLargeMessageAspectTest.setUp:58 » NoClassDefFound Could not initialize clas...
[ERROR]   SqsLargeMessageAspectTest.setUp:58 » NoClassDefFound Could not initialize clas...
[ERROR]   SqsLargeMessageAspectTest.setUp:58 » NoClassDefFound Could not initialize clas...
[ERROR]   SqsLargeMessageAspectTest.setUp:58 » NoClassDefFound Could not initialize clas...
[ERROR]   SqsLargeMessageAspectTest.setUp:58 » NoClassDefFound Could not initialize clas...
[ERROR]   SqsMessageBatchProcessorAspectTest.shouldBatchProcessAllMessageSuccessfullyAndNotDeleteFromSQS:61 » NoClassDefFound
[ERROR]   SqsMessageBatchProcessorAspectTest.shouldBatchProcessMessageWithSuccessDeletedOnFailureWithSuppressionInBatchFromSQS:97 » NoClassDefFound
[ERROR]   SqsMessageBatchProcessorAspectTest.shouldNotTakeEffectOnNonSqsEventHandler:107 » NoClassDefFound
[INFO] 
[ERROR] Tests run: 26, Failures: 1, Errors: 17, Skipped: 0
[INFO] 
[INFO] ------------------------------------------------------------------------
[INFO] Reactor Summary for AWS Lambda Powertools Java library Parent 1.7.2:
[INFO] 
[INFO] AWS Lambda Powertools Java library Parent .......... SUCCESS [  0.413 s]
[INFO] AWS Lambda Powertools Java library Core ............ SUCCESS [  3.601 s]
[INFO] AWS Lambda Powertools Java library Logging ......... SUCCESS [  5.671 s]
[INFO] AWS Lambda Powertools Java library Tracing ......... SUCCESS [  4.096 s]
[INFO] AWS Lambda Powertools Java library SQS ............. FAILURE [ 12.206 s]
[INFO] AWS Lambda Powertools Java library Metrics ......... SKIPPED
[INFO] AWS Lambda Powertools Java library Parameters ...... SKIPPED
[INFO] AWS Lambda Powertools Java validation library ...... SKIPPED
[INFO] ------------------------------------------------------------------------
[INFO] BUILD FAILURE
[INFO] ------------------------------------------------------------------------
[INFO] Total time:  26.453 s
[INFO] Finished at: 2023-01-13T15:06:02Z
[INFO] ------------------------------------------------------------------------
[ERROR] Failed to execute goal org.apache.maven.plugins:maven-surefire-plugin:2.22.2:test (default-test) on project powertools-sqs: There are test failures.
[ERROR] 
[ERROR] Please refer to /home/gabsko/breaking-updates/powertools-sqs/target/surefire-reports for the individual test results.
[ERROR] Please refer to dump files (if any exist) [date].dump, [date]-jvmRun[N].dump and [date].dumpstream.
[ERROR] -> [Help 1]
[ERROR] 
[ERROR] To see the full stack trace of the errors, re-run Maven with the -e switch.
[ERROR] Re-run Maven using the -X switch to enable full debug logging.
[ERROR] 
[ERROR] For more information about the errors and possible solutions, please read the following articles:
[ERROR] [Help 1] http://cwiki.apache.org/confluence/display/MAVEN/MojoFailureException
[ERROR] 
[ERROR] After correcting the problems, you can resume the build with the command
[ERROR]   mvn <args> -rf :powertools-sqs
