[INFO] Scanning for projects...
[INFO] ------------------------------------------------------------------------
[INFO] Reactor Build Order:
[INFO] 
[INFO] Elementary Project                                                 [pom]
[INFO] Utilitary                                                          [jar]
[INFO] Elementary                                                         [jar]
[INFO] Satisfactory                                                       [jar]
[INFO] 
[INFO] ------------------< com.karuslabs:elementary-project >------------------
[INFO] Building Elementary Project 1.2.0-SNAPSHOT                         [1/4]
[INFO] --------------------------------[ pom ]---------------------------------
[INFO] 
[INFO] --- maven-clean-plugin:2.5:clean (default-clean) @ elementary-project ---
[INFO] 
[INFO] --- jacoco-maven-plugin:0.8.7:prepare-agent (default) @ elementary-project ---
[INFO] argLine set to -javaagent:/home/gabsko/.m2/repository/org/jacoco/org.jacoco.agent/0.8.7/org.jacoco.agent-0.8.7-runtime.jar=destfile=/home/gabsko/breaking-updates/target/jacoco.exec
[INFO] 
[INFO] ----------------------< com.karuslabs:utilitary >-----------------------
[INFO] Building Utilitary 1.2.0-SNAPSHOT                                  [2/4]
[INFO] --------------------------------[ jar ]---------------------------------
[INFO] Downloading from chimera-snapshots: https://repo.karuslabs.com/repository/elementary-snapshots/com/karuslabs/annotations/4.9.0-SNAPSHOT/maven-metadata.xml
[INFO] Downloading from chimera-releases: https://repo.karuslabs.com/repository/elementary-releases/com/karuslabs/annotations/4.9.0-SNAPSHOT/maven-metadata.xml
[INFO] Downloading from chimera-releases: https://repo.karuslabs.com/repository/elementary-releases/com/karuslabs/annotations/4.9.0-SNAPSHOT/annotations-4.9.0-SNAPSHOT.pom
[INFO] Downloading from chimera-snapshots: https://repo.karuslabs.com/repository/elementary-snapshots/com/karuslabs/annotations/4.9.0-SNAPSHOT/annotations-4.9.0-SNAPSHOT.pom
[WARNING] The POM for com.karuslabs:annotations:jar:4.9.0-SNAPSHOT is missing, no dependency information available
[INFO] 
[INFO] --- maven-clean-plugin:2.5:clean (default-clean) @ utilitary ---
[INFO] 
[INFO] --- jacoco-maven-plugin:0.8.7:prepare-agent (default) @ utilitary ---
[INFO] argLine set to -javaagent:/home/gabsko/.m2/repository/org/jacoco/org.jacoco.agent/0.8.7/org.jacoco.agent-0.8.7-runtime.jar=destfile=/home/gabsko/breaking-updates/utilitary/target/jacoco.exec
[INFO] 
[INFO] --- maven-resources-plugin:3.2.0:resources (default-resources) @ utilitary ---
[INFO] Using 'UTF-8' encoding to copy filtered resources.
[INFO] Using 'UTF-8' encoding to copy filtered properties files.
[INFO] skip non existing resourceDirectory /home/gabsko/breaking-updates/utilitary/src/main/resources
[INFO] 
[INFO] --- maven-compiler-plugin:3.8.1:compile (default-compile) @ utilitary ---
[INFO] Changes detected - recompiling the module!
[INFO] Compiling 22 source files to /home/gabsko/breaking-updates/utilitary/target/classes
[INFO] -------------------------------------------------------------
[ERROR] COMPILATION ERROR : 
[INFO] -------------------------------------------------------------
[ERROR] /home/gabsko/breaking-updates/utilitary/src/main/java/com/karuslabs/utilitary/Texts.java:[236,29] ';' expected
[INFO] 1 error
[INFO] -------------------------------------------------------------
[INFO] ------------------------------------------------------------------------
[INFO] Reactor Summary for Elementary Project 1.2.0-SNAPSHOT:
[INFO] 
[INFO] Elementary Project ................................. SUCCESS [  0.266 s]
[INFO] Utilitary .......................................... FAILURE [  1.639 s]
[INFO] Elementary ......................................... SKIPPED
[INFO] Satisfactory ....................................... SKIPPED
[INFO] ------------------------------------------------------------------------
[INFO] BUILD FAILURE
[INFO] ------------------------------------------------------------------------
[INFO] Total time:  1.973 s
[INFO] Finished at: 2023-01-16T18:01:12Z
[INFO] ------------------------------------------------------------------------
[ERROR] Failed to execute goal org.apache.maven.plugins:maven-compiler-plugin:3.8.1:compile (default-compile) on project utilitary: Compilation failure
[ERROR] /home/gabsko/breaking-updates/utilitary/src/main/java/com/karuslabs/utilitary/Texts.java:[236,29] ';' expected
[ERROR] -> [Help 1]
[ERROR] 
[ERROR] To see the full stack trace of the errors, re-run Maven with the -e switch.
[ERROR] Re-run Maven using the -X switch to enable full debug logging.
[ERROR] 
[ERROR] For more information about the errors and possible solutions, please read the following articles:
[ERROR] [Help 1] http://cwiki.apache.org/confluence/display/MAVEN/MojoFailureException
[ERROR] 
[ERROR] After correcting the problems, you can resume the build with the command
[ERROR]   mvn <args> -rf :utilitary
