[INFO] Scanning for projects...
[INFO] ------------------------------------------------------------------------
[INFO] Reactor Build Order:
[INFO] 
[INFO] junit5-getting-started                                             [jar]
[INFO] junit5-maven                                                       [jar]
[INFO] junit5-migration                                                   [jar]
[INFO] junit5-nested-tests                                                [jar]
[INFO] junit5-parameterized-tests                                         [jar]
[INFO] junit5-examples                                                    [pom]
[INFO] 
[INFO] --------------< com.arhohuttunen:junit5-getting-started >---------------
[INFO] Building junit5-getting-started 1.0-SNAPSHOT                       [1/6]
[INFO] --------------------------------[ jar ]---------------------------------
[INFO] 
[INFO] --- maven-clean-plugin:2.5:clean (default-clean) @ junit5-getting-started ---
[INFO] Deleting /home/gabsko/breaking-updates/junit5-getting-started/target
[INFO] 
[INFO] --- maven-resources-plugin:2.6:resources (default-resources) @ junit5-getting-started ---
[INFO] Using 'UTF-8' encoding to copy filtered resources.
[INFO] skip non existing resourceDirectory /home/gabsko/breaking-updates/junit5-getting-started/src/main/resources
[INFO] 
[INFO] --- maven-compiler-plugin:3.1:compile (default-compile) @ junit5-getting-started ---
[INFO] Changes detected - recompiling the module!
[INFO] Compiling 1 source file to /home/gabsko/breaking-updates/junit5-getting-started/target/classes
[INFO] 
[INFO] --- maven-resources-plugin:2.6:testResources (default-testResources) @ junit5-getting-started ---
[INFO] Using 'UTF-8' encoding to copy filtered resources.
[INFO] skip non existing resourceDirectory /home/gabsko/breaking-updates/junit5-getting-started/src/test/resources
[INFO] 
[INFO] --- maven-compiler-plugin:3.1:testCompile (default-testCompile) @ junit5-getting-started ---
[INFO] Changes detected - recompiling the module!
[INFO] Compiling 1 source file to /home/gabsko/breaking-updates/junit5-getting-started/target/test-classes
[INFO] 
[INFO] --- maven-surefire-plugin:2.22.2:test (default-test) @ junit5-getting-started ---
[INFO] 
[INFO] -------------------------------------------------------
[INFO]  T E S T S
[INFO] -------------------------------------------------------
[INFO] Running com.arhohuttunen.CalculatorTest
[INFO] Tests run: 1, Failures: 0, Errors: 0, Skipped: 0, Time elapsed: 0.018 s - in com.arhohuttunen.CalculatorTest
[INFO] 
[INFO] Results:
[INFO] 
[INFO] Tests run: 1, Failures: 0, Errors: 0, Skipped: 0
[INFO] 
[INFO] 
[INFO] -------------------< com.arhohuttunen:junit5-maven >--------------------
[INFO] Building junit5-maven 1.0-SNAPSHOT                                 [2/6]
[INFO] --------------------------------[ jar ]---------------------------------
[INFO] 
[INFO] --- maven-clean-plugin:2.5:clean (default-clean) @ junit5-maven ---
[INFO] 
[INFO] --- maven-resources-plugin:2.6:resources (default-resources) @ junit5-maven ---
[INFO] Using 'UTF-8' encoding to copy filtered resources.
[INFO] skip non existing resourceDirectory /home/gabsko/breaking-updates/junit5-maven/src/main/resources
[INFO] 
[INFO] --- maven-compiler-plugin:3.1:compile (default-compile) @ junit5-maven ---
[INFO] No sources to compile
[INFO] 
[INFO] --- maven-resources-plugin:2.6:testResources (default-testResources) @ junit5-maven ---
[INFO] Using 'UTF-8' encoding to copy filtered resources.
[INFO] skip non existing resourceDirectory /home/gabsko/breaking-updates/junit5-maven/src/test/resources
[INFO] 
[INFO] --- maven-compiler-plugin:3.1:testCompile (default-testCompile) @ junit5-maven ---
[INFO] Changes detected - recompiling the module!
[INFO] Compiling 1 source file to /home/gabsko/breaking-updates/junit5-maven/target/test-classes
[INFO] 
[INFO] --- maven-surefire-plugin:2.22.2:test (default-test) @ junit5-maven ---
[INFO] 
[INFO] -------------------------------------------------------
[INFO]  T E S T S
[INFO] -------------------------------------------------------
[INFO] Running MavenExampleTest
[INFO] Tests run: 1, Failures: 0, Errors: 0, Skipped: 0, Time elapsed: 0.019 s - in MavenExampleTest
[INFO] 
[INFO] Results:
[INFO] 
[INFO] Tests run: 1, Failures: 0, Errors: 0, Skipped: 0
[INFO] 
[INFO] 
[INFO] -----------------< com.arhohuttunen:junit5-migration >------------------
[INFO] Building junit5-migration 1.0-SNAPSHOT                             [3/6]
[INFO] --------------------------------[ jar ]---------------------------------
[INFO] Downloading from central: https://repo.maven.apache.org/maven2/org/junit/jupiter/junit-jupiter-migrationsupport/5.7.0/junit-jupiter-migrationsupport-5.7.0.jar
[INFO] Downloading from central: https://repo.maven.apache.org/maven2/org/mockito/mockito-junit-jupiter/3.7.0/mockito-junit-jupiter-3.7.0.jar
[INFO] Downloaded from central: https://repo.maven.apache.org/maven2/org/mockito/mockito-junit-jupiter/3.7.0/mockito-junit-jupiter-3.7.0.jar (5.4 kB at 25 kB/s)
[INFO] Downloaded from central: https://repo.maven.apache.org/maven2/org/junit/jupiter/junit-jupiter-migrationsupport/5.7.0/junit-jupiter-migrationsupport-5.7.0.jar (27 kB at 67 kB/s)
[INFO] 
[INFO] --- maven-clean-plugin:2.5:clean (default-clean) @ junit5-migration ---
[INFO] Deleting /home/gabsko/breaking-updates/junit5-migration/target
[INFO] 
[INFO] --- maven-resources-plugin:2.6:resources (default-resources) @ junit5-migration ---
[INFO] Using 'UTF-8' encoding to copy filtered resources.
[INFO] skip non existing resourceDirectory /home/gabsko/breaking-updates/junit5-migration/src/main/resources
[INFO] 
[INFO] --- maven-compiler-plugin:3.1:compile (default-compile) @ junit5-migration ---
[INFO] Changes detected - recompiling the module!
[INFO] Compiling 2 source files to /home/gabsko/breaking-updates/junit5-migration/target/classes
[INFO] 
[INFO] --- maven-resources-plugin:2.6:testResources (default-testResources) @ junit5-migration ---
[INFO] Using 'UTF-8' encoding to copy filtered resources.
[INFO] skip non existing resourceDirectory /home/gabsko/breaking-updates/junit5-migration/src/test/resources
[INFO] 
[INFO] --- maven-compiler-plugin:3.1:testCompile (default-testCompile) @ junit5-migration ---
[INFO] Changes detected - recompiling the module!
[INFO] Compiling 33 source files to /home/gabsko/breaking-updates/junit5-migration/target/test-classes
[WARNING] /home/gabsko/breaking-updates/junit5-migration/src/test/java/com/arhohuttunen/junit5/rules/JUnit4ExpectedExceptionTest.java: Some input files use or override a deprecated API.
[WARNING] /home/gabsko/breaking-updates/junit5-migration/src/test/java/com/arhohuttunen/junit5/rules/JUnit4ExpectedExceptionTest.java: Recompile with -Xlint:deprecation for details.
[INFO] 
[INFO] --- maven-surefire-plugin:2.22.2:test (default-test) @ junit5-migration ---
[INFO] 
[INFO] -------------------------------------------------------
[INFO]  T E S T S
[INFO] -------------------------------------------------------
SLF4J: No SLF4J providers were found.
SLF4J: Defaulting to no-operation (NOP) logger implementation
SLF4J: See http://www.slf4j.org/codes.html#noProviders for further details.
[INFO] Running com.arhohuttunen.junit5.parameterized.JUnit5ParameterizedTest
[INFO] Tests run: 6, Failures: 0, Errors: 0, Skipped: 0, Time elapsed: 0.048 s - in com.arhohuttunen.junit5.parameterized.JUnit5ParameterizedTest
[INFO] Running com.arhohuttunen.junit5.assertions.JUnit5HamcrestTest
[INFO] Tests run: 1, Failures: 0, Errors: 0, Skipped: 0, Time elapsed: 0.001 s - in com.arhohuttunen.junit5.assertions.JUnit5HamcrestTest
[INFO] Running com.arhohuttunen.junit5.assertions.JUnit5AssertionTest
[WARNING] Tests run: 1, Failures: 0, Errors: 0, Skipped: 1, Time elapsed: 0 s - in com.arhohuttunen.junit5.assertions.JUnit5AssertionTest
[INFO] Running com.arhohuttunen.junit5.assumptions.JUnit5AssumptionTest
[WARNING] Tests run: 1, Failures: 0, Errors: 0, Skipped: 1, Time elapsed: 0.001 s - in com.arhohuttunen.junit5.assumptions.JUnit5AssumptionTest
[INFO] Running com.arhohuttunen.junit5.rules.JUnit5ServerTest
[ERROR] Tests run: 1, Failures: 0, Errors: 1, Skipped: 0, Time elapsed: 0.025 s <<< FAILURE! - in com.arhohuttunen.junit5.rules.JUnit5ServerTest
[ERROR] com.arhohuttunen.junit5.rules.JUnit5ServerTest  Time elapsed: 0.025 s  <<< ERROR!
java.io.IOException: Failed to bind to 0.0.0.0/0.0.0.0:9000
Caused by: java.net.BindException: Address already in use

[INFO] Running com.arhohuttunen.junit5.rules.JUnit5TemporaryFolderTest
[INFO] Tests run: 3, Failures: 0, Errors: 0, Skipped: 0, Time elapsed: 0.016 s - in com.arhohuttunen.junit5.rules.JUnit5TemporaryFolderTest
[INFO] Running com.arhohuttunen.junit5.rules.JUnit5PerformanceLoggerTest
shouldLogPerformance() executed in 11 ms
[INFO] Tests run: 1, Failures: 0, Errors: 0, Skipped: 0, Time elapsed: 0.008 s - in com.arhohuttunen.junit5.rules.JUnit5PerformanceLoggerTest
[INFO] Running com.arhohuttunen.junit5.rules.JUnit5ExpectedExceptionTest
[INFO] Tests run: 2, Failures: 0, Errors: 0, Skipped: 0, Time elapsed: 0.007 s - in com.arhohuttunen.junit5.rules.JUnit5ExpectedExceptionTest
[INFO] Running com.arhohuttunen.junit5.annotations.JUnit5ExceptionTest
[INFO] Tests run: 1, Failures: 0, Errors: 0, Skipped: 0, Time elapsed: 0 s - in com.arhohuttunen.junit5.annotations.JUnit5ExceptionTest
[INFO] Running com.arhohuttunen.junit5.annotations.JUnit5TimeoutTest
[WARNING] Tests run: 1, Failures: 0, Errors: 0, Skipped: 1, Time elapsed: 0 s - in com.arhohuttunen.junit5.annotations.JUnit5TimeoutTest
[INFO] Running com.arhohuttunen.junit5.runners.JUnit5MockitoTest
[INFO] Tests run: 1, Failures: 0, Errors: 0, Skipped: 0, Time elapsed: 0.286 s - in com.arhohuttunen.junit5.runners.JUnit5MockitoTest
[INFO] Running com.arhohuttunen.junit5.runners.JUnit5SpringTest
[INFO] Tests run: 1, Failures: 0, Errors: 0, Skipped: 0, Time elapsed: 0.153 s - in com.arhohuttunen.junit5.runners.JUnit5SpringTest
[INFO] Running com.arhohuttunen.junit5.parameterized.JUnit4ParameterizedTest
[INFO] Tests run: 6, Failures: 0, Errors: 0, Skipped: 0, Time elapsed: 0.005 s - in com.arhohuttunen.junit5.parameterized.JUnit4ParameterizedTest
[INFO] Running com.arhohuttunen.junit5.assertions.JUnit4HamcrestTest
[INFO] Tests run: 1, Failures: 0, Errors: 0, Skipped: 0, Time elapsed: 0 s - in com.arhohuttunen.junit5.assertions.JUnit4HamcrestTest
[INFO] Running com.arhohuttunen.junit5.assertions.JUnit4AssertionTest
[WARNING] Tests run: 1, Failures: 0, Errors: 0, Skipped: 1, Time elapsed: 0 s - in com.arhohuttunen.junit5.assertions.JUnit4AssertionTest
[INFO] Running com.arhohuttunen.junit5.assumptions.JUnit4AssumptionTest
[WARNING] Tests run: 1, Failures: 0, Errors: 0, Skipped: 1, Time elapsed: 0 s - in com.arhohuttunen.junit5.assumptions.JUnit4AssumptionTest
[INFO] Running com.arhohuttunen.junit5.categories.JUnit4CategoryTest
[INFO] Tests run: 1, Failures: 0, Errors: 0, Skipped: 0, Time elapsed: 0 s - in com.arhohuttunen.junit5.categories.JUnit4CategoryTest
[INFO] Running com.arhohuttunen.junit5.rules.JUnit4ExpectedExceptionTest
[INFO] Tests run: 1, Failures: 0, Errors: 0, Skipped: 0, Time elapsed: 0 s - in com.arhohuttunen.junit5.rules.JUnit4ExpectedExceptionTest
[INFO] Running com.arhohuttunen.junit5.rules.JUnit4ServerInheritedTest
[ERROR] Tests run: 1, Failures: 0, Errors: 1, Skipped: 0, Time elapsed: 0 s <<< FAILURE! - in com.arhohuttunen.junit5.rules.JUnit4ServerInheritedTest
[ERROR] com.arhohuttunen.junit5.rules.JUnit4ServerInheritedTest  Time elapsed: 0 s  <<< ERROR!
java.io.IOException: Failed to bind to 0.0.0.0/0.0.0.0:9000
Caused by: java.net.BindException: Address already in use

[INFO] Running com.arhohuttunen.junit5.rules.JUnit4PerformanceLoggerTest
shouldLogPerformance executed in 10 ms
[INFO] Tests run: 1, Failures: 0, Errors: 0, Skipped: 0, Time elapsed: 0.001 s - in com.arhohuttunen.junit5.rules.JUnit4PerformanceLoggerTest
[INFO] Running com.arhohuttunen.junit5.rules.JUnit4TemporaryFolderTest
[INFO] Tests run: 1, Failures: 0, Errors: 0, Skipped: 0, Time elapsed: 0 s - in com.arhohuttunen.junit5.rules.JUnit4TemporaryFolderTest
[INFO] Running com.arhohuttunen.junit5.annotations.JUnit4ExceptionTest
[INFO] Tests run: 1, Failures: 0, Errors: 0, Skipped: 0, Time elapsed: 0.001 s - in com.arhohuttunen.junit5.annotations.JUnit4ExceptionTest
[INFO] Running com.arhohuttunen.junit5.annotations.JUnit4TimeoutTest
[WARNING] Tests run: 1, Failures: 0, Errors: 0, Skipped: 1, Time elapsed: 0 s - in com.arhohuttunen.junit5.annotations.JUnit4TimeoutTest
[INFO] Running com.arhohuttunen.junit5.runners.JUnit4MockitoTest
[INFO] Tests run: 1, Failures: 0, Errors: 0, Skipped: 0, Time elapsed: 0 s - in com.arhohuttunen.junit5.runners.JUnit4MockitoTest
[INFO] Running com.arhohuttunen.junit5.runners.JUnit4SpringTest
[INFO] Tests run: 1, Failures: 0, Errors: 0, Skipped: 0, Time elapsed: 0.001 s - in com.arhohuttunen.junit5.runners.JUnit4SpringTest
[INFO] 
[INFO] Results:
[INFO] 
[ERROR] Errors: 
[ERROR]   JUnit4ServerInheritedTest » IO Failed to bind to 0.0.0.0/0.0.0.0:9000
[ERROR]   JUnit5ServerTest » IO Failed to bind to 0.0.0.0/0.0.0.0:9000
[INFO] 
[ERROR] Tests run: 38, Failures: 0, Errors: 2, Skipped: 6
[INFO] 
[INFO] ------------------------------------------------------------------------
[INFO] Reactor Summary for junit5-examples 1.0-SNAPSHOT:
[INFO] 
[INFO] junit5-getting-started ............................. SUCCESS [  1.543 s]
[INFO] junit5-maven ....................................... SUCCESS [  0.679 s]
[INFO] junit5-migration ................................... FAILURE [  2.586 s]
[INFO] junit5-nested-tests ................................ SKIPPED
[INFO] junit5-parameterized-tests ......................... SKIPPED
[INFO] junit5-examples .................................... SKIPPED
[INFO] ------------------------------------------------------------------------
[INFO] BUILD FAILURE
[INFO] ------------------------------------------------------------------------
[INFO] Total time:  4.878 s
[INFO] Finished at: 2023-01-16T23:52:55Z
[INFO] ------------------------------------------------------------------------
[ERROR] Failed to execute goal org.apache.maven.plugins:maven-surefire-plugin:2.22.2:test (default-test) on project junit5-migration: There are test failures.
[ERROR] 
[ERROR] Please refer to /home/gabsko/breaking-updates/junit5-migration/target/surefire-reports for the individual test results.
[ERROR] Please refer to dump files (if any exist) [date].dump, [date]-jvmRun[N].dump and [date].dumpstream.
[ERROR] -> [Help 1]
[ERROR] 
[ERROR] To see the full stack trace of the errors, re-run Maven with the -e switch.
[ERROR] Re-run Maven using the -X switch to enable full debug logging.
[ERROR] 
[ERROR] For more information about the errors and possible solutions, please read the following articles:
[ERROR] [Help 1] http://cwiki.apache.org/confluence/display/MAVEN/MojoFailureException
[ERROR] 
[ERROR] After correcting the problems, you can resume the build with the command
[ERROR]   mvn <args> -rf :junit5-migration
