[INFO] Scanning for projects...
[INFO] ------------------------------------------------------------------------
[INFO] Reactor Build Order:
[INFO] 
[INFO] Yamcs                                                              [pom]
[INFO] Yamcs :: API                                                       [jar]
[INFO] Yamcs :: Yamcs Client                                              [jar]
[INFO] Yamcs :: XTCE                                                      [jar]
[INFO] Yamcs :: Core                                                      [jar]
[INFO] Yamcs :: TSE                                                       [jar]
[INFO] Yamcs :: Simulator                                                 [jar]
[INFO] Yamcs :: Web Interface                                             [jar]
[INFO] Yamcs :: Examples                                                  [pom]
[INFO] Yamcs :: Examples :: CCSDS Frames                                  [jar]
[INFO] Yamcs :: Examples :: CFDP                                          [jar]
[INFO] Yamcs :: Examples :: Perftest1                                     [jar]
[INFO] Yamcs :: Examples :: Perftest2                                     [jar]
[INFO] Yamcs :: Examples :: Replication1                                  [jar]
[INFO] Yamcs :: Examples :: Replication2                                  [jar]
[INFO] Yamcs :: Examples :: Replication3                                  [jar]
[INFO] Yamcs :: Examples :: Simulation                                    [jar]
[INFO] Yamcs :: Examples :: Snippets                                      [jar]
[INFO] Yamcs :: Examples :: Templates                                     [jar]
[INFO] Yamcs :: Examples :: PUS                                           [jar]
[INFO] Yamcs :: Packet Viewer                                             [jar]
[INFO] Yamcs :: Distribution                                              [pom]
[INFO] 
[INFO] --------------------------< org.yamcs:yamcs >---------------------------
[INFO] Building Yamcs 5.5.1-SNAPSHOT                                     [1/22]
[INFO] --------------------------------[ pom ]---------------------------------
[INFO] 
[INFO] --- maven-clean-plugin:2.4.1:clean (default-clean) @ yamcs ---
[INFO] 
[INFO] ------------------------< org.yamcs:yamcs-api >-------------------------
[INFO] Building Yamcs :: API 5.5.1-SNAPSHOT                              [2/22]
[INFO] --------------------------------[ jar ]---------------------------------
[INFO] 
[INFO] --- maven-clean-plugin:2.4.1:clean (default-clean) @ yamcs-api ---
[INFO] Deleting /home/gabsko/breaking-updates/yamcs-api/target
[INFO] 
[INFO] --- os-maven-plugin:1.6.2:detect (default) @ yamcs-api ---
[INFO] ------------------------------------------------------------------------
[INFO] Detecting the operating system and CPU architecture
[INFO] ------------------------------------------------------------------------
[INFO] os.detected.name: linux
[INFO] os.detected.arch: x86_64
[INFO] os.detected.version: 5.4
[INFO] os.detected.version.major: 5
[INFO] os.detected.version.minor: 4
[INFO] os.detected.release: ubuntu
[INFO] os.detected.release.version: 18.04
[INFO] os.detected.release.like.ubuntu: true
[INFO] os.detected.release.like.debian: true
[INFO] os.detected.classifier: linux-x86_64
[INFO] 
[INFO] --- protobuf-maven-plugin:0.6.1:compile (default) @ yamcs-api ---
[INFO] Building protoc plugin: yamcs
[INFO] Will write descriptor set:
[INFO]  /home/gabsko/breaking-updates/yamcs-api/target/generated-resources/protobuf/yamcs-api.protobin
[INFO] Compiling 36 proto file(s) to /home/gabsko/breaking-updates/yamcs-api/target/generated-sources/protobuf/java
[INFO] 
[INFO] --- maven-resources-plugin:3.1.0:resources (default-resources) @ yamcs-api ---
[INFO] Using 'UTF-8' encoding to copy filtered resources.
[INFO] skip non existing resourceDirectory /home/gabsko/breaking-updates/yamcs-api/src/main/resources
[INFO] Copying 1 resource
[INFO] Copying 36 resources
[INFO] 
[INFO] --- maven-compiler-plugin:3.8.0:compile (default-compile) @ yamcs-api ---
[INFO] Changes detected - recompiling the module!
[INFO] Compiling 658 source files to /home/gabsko/breaking-updates/yamcs-api/target/classes
[INFO] /home/gabsko/breaking-updates/yamcs-api/target/generated-sources/protobuf/java/org/yamcs/protobuf/UpdateParameterRequest.java: Some input files use or override a deprecated API.
[INFO] /home/gabsko/breaking-updates/yamcs-api/target/generated-sources/protobuf/java/org/yamcs/protobuf/UpdateParameterRequest.java: Recompile with -Xlint:deprecation for details.
[INFO] 
[INFO] --- maven-resources-plugin:3.1.0:testResources (default-testResources) @ yamcs-api ---
[INFO] Using 'UTF-8' encoding to copy filtered resources.
[INFO] skip non existing resourceDirectory /home/gabsko/breaking-updates/yamcs-api/src/test/resources
[INFO] 
[INFO] --- maven-compiler-plugin:3.8.0:testCompile (default-testCompile) @ yamcs-api ---
[INFO] No sources to compile
[INFO] 
[INFO] --- maven-surefire-plugin:3.0.0-M3:test (default-test) @ yamcs-api ---
[INFO] No tests to run.
[INFO] 
[INFO] -----------------------< org.yamcs:yamcs-client >-----------------------
[INFO] Building Yamcs :: Yamcs Client 5.5.1-SNAPSHOT                     [3/22]
[INFO] --------------------------------[ jar ]---------------------------------
[INFO] 
[INFO] --- maven-clean-plugin:2.4.1:clean (default-clean) @ yamcs-client ---
[INFO] Deleting /home/gabsko/breaking-updates/yamcs-client/target
[INFO] 
[INFO] --- maven-resources-plugin:3.1.0:resources (default-resources) @ yamcs-client ---
[INFO] Using 'UTF-8' encoding to copy filtered resources.
[INFO] skip non existing resourceDirectory /home/gabsko/breaking-updates/yamcs-client/src/main/resources
[INFO] 
[INFO] --- maven-compiler-plugin:3.8.0:compile (default-compile) @ yamcs-client ---
[INFO] Changes detected - recompiling the module!
[INFO] Compiling 54 source files to /home/gabsko/breaking-updates/yamcs-client/target/classes
[INFO] 
[INFO] --- maven-resources-plugin:3.1.0:testResources (default-testResources) @ yamcs-client ---
[INFO] Using 'UTF-8' encoding to copy filtered resources.
[INFO] skip non existing resourceDirectory /home/gabsko/breaking-updates/yamcs-client/src/test/resources
[INFO] 
[INFO] --- maven-compiler-plugin:3.8.0:testCompile (default-testCompile) @ yamcs-client ---
[INFO] Changes detected - recompiling the module!
[INFO] Compiling 1 source file to /home/gabsko/breaking-updates/yamcs-client/target/test-classes
[INFO] 
[INFO] --- maven-surefire-plugin:3.0.0-M3:test (default-test) @ yamcs-client ---
[INFO] 
[INFO] -------------------------------------------------------
[INFO]  T E S T S
[INFO] -------------------------------------------------------
[INFO] Running org.yamcs.client.ServerURLTest
[INFO] Tests run: 9, Failures: 0, Errors: 0, Skipped: 0, Time elapsed: 0.028 s - in org.yamcs.client.ServerURLTest
[INFO] 
[INFO] Results:
[INFO] 
[INFO] Tests run: 9, Failures: 0, Errors: 0, Skipped: 0
[INFO] 
[INFO] 
[INFO] ------------------------< org.yamcs:yamcs-xtce >------------------------
[INFO] Building Yamcs :: XTCE 5.5.1-SNAPSHOT                             [4/22]
[INFO] --------------------------------[ jar ]---------------------------------
[INFO] 
[INFO] --- maven-clean-plugin:2.4.1:clean (default-clean) @ yamcs-xtce ---
[INFO] Deleting /home/gabsko/breaking-updates/yamcs-xtce/target
[INFO] 
[INFO] --- maven-resources-plugin:3.1.0:resources (default-resources) @ yamcs-xtce ---
[INFO] Using 'UTF-8' encoding to copy filtered resources.
[INFO] skip non existing resourceDirectory /home/gabsko/breaking-updates/yamcs-xtce/src/main/resources
[INFO] 
[INFO] --- maven-compiler-plugin:3.8.0:compile (default-compile) @ yamcs-xtce ---
[INFO] Changes detected - recompiling the module!
[INFO] Compiling 141 source files to /home/gabsko/breaking-updates/yamcs-xtce/target/classes
[INFO] 
[INFO] --- maven-resources-plugin:3.1.0:testResources (default-testResources) @ yamcs-xtce ---
[INFO] Using 'UTF-8' encoding to copy filtered resources.
[INFO] Copying 3 resources
[INFO] 
[INFO] --- maven-compiler-plugin:3.8.0:testCompile (default-testCompile) @ yamcs-xtce ---
[INFO] Changes detected - recompiling the module!
[INFO] Compiling 11 source files to /home/gabsko/breaking-updates/yamcs-xtce/target/test-classes
[INFO] 
[INFO] --- maven-surefire-plugin:3.0.0-M3:test (default-test) @ yamcs-xtce ---
[INFO] 
[INFO] -------------------------------------------------------
[INFO]  T E S T S
[INFO] -------------------------------------------------------
[INFO] Running org.yamcs.xtce.TestBaseType
SLF4J: Failed to load class "org.slf4j.impl.StaticLoggerBinder".
SLF4J: Defaulting to no-operation (NOP) logger implementation
SLF4J: See http://www.slf4j.org/codes.html#StaticLoggerBinder for further details.
[INFO] Tests run: 1, Failures: 0, Errors: 0, Skipped: 0, Time elapsed: 0.123 s - in org.yamcs.xtce.TestBaseType
[INFO] Running org.yamcs.xtce.ArrayDataTypeTest
[INFO] Tests run: 2, Failures: 0, Errors: 0, Skipped: 0, Time elapsed: 0.013 s - in org.yamcs.xtce.ArrayDataTypeTest
[INFO] Running org.yamcs.xtce.PathElementTest
[INFO] Tests run: 3, Failures: 0, Errors: 0, Skipped: 0, Time elapsed: 0 s - in org.yamcs.xtce.PathElementTest
[INFO] Running org.yamcs.xtce.IntegerDataTypeTest
[INFO] Tests run: 2, Failures: 0, Errors: 0, Skipped: 0, Time elapsed: 0 s - in org.yamcs.xtce.IntegerDataTypeTest
[INFO] Running org.yamcs.xtce.TestInclusiveExclusiveRange
[INFO] Tests run: 1, Failures: 0, Errors: 0, Skipped: 0, Time elapsed: 0.033 s - in org.yamcs.xtce.TestInclusiveExclusiveRange
[INFO] Running org.yamcs.xtce.TestParameterTypeConstructors
[INFO] Tests run: 1, Failures: 0, Errors: 0, Skipped: 0, Time elapsed: 0.01 s - in org.yamcs.xtce.TestParameterTypeConstructors
[INFO] Running org.yamcs.xtce.HistoryTest
[INFO] Tests run: 2, Failures: 0, Errors: 0, Skipped: 0, Time elapsed: 0 s - in org.yamcs.xtce.HistoryTest
[INFO] Running org.yamcs.xtce.XtceParameterArrayTest
[INFO] Tests run: 1, Failures: 0, Errors: 0, Skipped: 0, Time elapsed: 0.009 s - in org.yamcs.xtce.XtceParameterArrayTest
[INFO] Running org.yamcs.xtce.TestReferenceFinder
[INFO] Tests run: 1, Failures: 0, Errors: 0, Skipped: 0, Time elapsed: 0 s - in org.yamcs.xtce.TestReferenceFinder
[INFO] Running org.yamcs.xtce.TestValidRange
[INFO] Tests run: 3, Failures: 0, Errors: 0, Skipped: 0, Time elapsed: 0.01 s - in org.yamcs.xtce.TestValidRange
[INFO] Running org.yamcs.xtce.TestAncillaryData
[INFO] Tests run: 1, Failures: 0, Errors: 0, Skipped: 0, Time elapsed: 0.007 s - in org.yamcs.xtce.TestAncillaryData
[INFO] 
[INFO] Results:
[INFO] 
[INFO] Tests run: 18, Failures: 0, Errors: 0, Skipped: 0
[INFO] 
[INFO] 
[INFO] ------------------------< org.yamcs:yamcs-core >------------------------
[INFO] Building Yamcs :: Core 5.5.1-SNAPSHOT                             [5/22]
[INFO] --------------------------------[ jar ]---------------------------------
[INFO] 
[INFO] --- maven-clean-plugin:2.4.1:clean (default-clean) @ yamcs-core ---
[INFO] Deleting /home/gabsko/breaking-updates/yamcs-core/target
[INFO] 
[INFO] --- os-maven-plugin:1.6.2:detect (default) @ yamcs-core ---
[INFO] ------------------------------------------------------------------------
[INFO] Detecting the operating system and CPU architecture
[INFO] ------------------------------------------------------------------------
[INFO] os.detected.name: linux
[INFO] os.detected.arch: x86_64
[INFO] os.detected.version: 5.4
[INFO] os.detected.version.major: 5
[INFO] os.detected.version.minor: 4
[INFO] os.detected.release: ubuntu
[INFO] os.detected.release.version: 18.04
[INFO] os.detected.release.like.ubuntu: true
[INFO] os.detected.release.like.debian: true
[INFO] os.detected.classifier: linux-x86_64
[INFO] 
[INFO] --- protobuf-maven-plugin:0.6.1:compile (protoc-core) @ yamcs-core ---
[INFO] Compiling 5 proto file(s) to /home/gabsko/breaking-updates/yamcs-core/target/generated-sources/protobuf/java
[INFO] 
[INFO] --- maven-antrun-plugin:1.8:run (generate-version) @ yamcs-core ---
[INFO] Executing tasks

main:
    [mkdir] Created dir: /home/gabsko/breaking-updates/yamcs-core/target/generated-resources/version
[INFO] Executed tasks
[INFO] 
[INFO] --- maven-resources-plugin:3.1.0:resources (default-resources) @ yamcs-core ---
[INFO] Using 'UTF-8' encoding to copy filtered resources.
[INFO] Copying 6 resources
[INFO] Copying 1 resource
[INFO] Copying 5 resources
[INFO] 
[INFO] --- maven-compiler-plugin:3.8.0:compile (default-compile) @ yamcs-core ---
[INFO] Changes detected - recompiling the module!
[INFO] Compiling 902 source files to /home/gabsko/breaking-updates/yamcs-core/target/classes
[INFO] /home/gabsko/breaking-updates/yamcs-core/target/generated-sources/protobuf/java/org/yamcs/yarch/protobuf/Db.java: Some input files use or override a deprecated API.
[INFO] /home/gabsko/breaking-updates/yamcs-core/target/generated-sources/protobuf/java/org/yamcs/yarch/protobuf/Db.java: Recompile with -Xlint:deprecation for details.
[INFO] /home/gabsko/breaking-updates/yamcs-core/src/main/java/org/yamcs/yarch/Tuple.java: Some input files use unchecked or unsafe operations.
[INFO] /home/gabsko/breaking-updates/yamcs-core/src/main/java/org/yamcs/yarch/Tuple.java: Recompile with -Xlint:unchecked for details.
[INFO] 
[INFO] --- maven-resources-plugin:3.1.0:testResources (default-testResources) @ yamcs-core ---
[INFO] Using 'UTF-8' encoding to copy filtered resources.
[INFO] Copying 49 resources
[INFO] 
[INFO] --- maven-compiler-plugin:3.8.0:testCompile (default-testCompile) @ yamcs-core ---
[INFO] Changes detected - recompiling the module!
[INFO] Compiling 195 source files to /home/gabsko/breaking-updates/yamcs-core/target/test-classes
[INFO] /home/gabsko/breaking-updates/yamcs-core/src/test/java/org/yamcs/PermissionsTest.java: Some input files use or override a deprecated API.
[INFO] /home/gabsko/breaking-updates/yamcs-core/src/test/java/org/yamcs/PermissionsTest.java: Recompile with -Xlint:deprecation for details.
[INFO] /home/gabsko/breaking-updates/yamcs-core/src/test/java/org/yamcs/yarch/rocksdb/RdbSequenceTest.java: Some input files use unchecked or unsafe operations.
[INFO] /home/gabsko/breaking-updates/yamcs-core/src/test/java/org/yamcs/yarch/rocksdb/RdbSequenceTest.java: Recompile with -Xlint:unchecked for details.
[INFO] 
[INFO] --- maven-surefire-plugin:3.0.0-M3:test (default-test) @ yamcs-core ---
[INFO] 
[INFO] -------------------------------------------------------
[INFO]  T E S T S
[INFO] -------------------------------------------------------
[INFO] Running org.yamcs.client.base.HttpClientTest
Warning: Nashorn engine is planned to be removed from a future JDK release
Warning: Nashorn engine is planned to be removed from a future JDK release
Jan 18 14:27:18.092 _global [45] org.yamcs.http.HttpRequestHandler [WARNING] 6f688107 GET /blaba 404
[INFO] Tests run: 2, Failures: 0, Errors: 0, Skipped: 0, Time elapsed: 4.674 s - in org.yamcs.client.base.HttpClientTest
[INFO] Running org.yamcs.LongWebsocketFrameTest
Warning: Nashorn engine is planned to be removed from a future JDK release
Jan 18 14:27:22.663 _global [38] org.yamcs.http.api.SubscribeParameterObserver [WARNING] Received subscribe attempt with only invalid parameters
Jan 18 14:27:22.854 _global [116] org.yamcs.http.api.SubscribeParameterObserver [WARNING] Received subscribe attempt with only invalid parameters
Jan 18 14:27:22.861 _global [115] org.yamcs.client.base.WebSocketClientHandler [SEVERE] WebSocket exception. Closing channel: io.netty.handler.codec.http.websocketx.CorruptedWebSocketFrameException: Max frame length of 65536 has been exceeded.
	io.netty.handler.codec.http.websocketx.WebSocket08FrameDecoder.protocolViolation(WebSocket08FrameDecoder.java:426)
	io.netty.handler.codec.http.websocketx.WebSocket08FrameDecoder.decode(WebSocket08FrameDecoder.java:286)
	io.netty.handler.codec.ByteToMessageDecoder.decodeRemovalReentryProtection(ByteToMessageDecoder.java:508)
	io.netty.handler.codec.ByteToMessageDecoder.callDecode(ByteToMessageDecoder.java:447)
	io.netty.handler.codec.ByteToMessageDecoder.channelRead(ByteToMessageDecoder.java:276)
	io.netty.channel.AbstractChannelHandlerContext.invokeChannelRead(AbstractChannelHandlerContext.java:379)
	io.netty.channel.AbstractChannelHandlerContext.invokeChannelRead(AbstractChannelHandlerContext.java:365)
	io.netty.channel.AbstractChannelHandlerContext.fireChannelRead(AbstractChannelHandlerContext.java:357)
	io.netty.channel.DefaultChannelPipeline$HeadContext.channelRead(DefaultChannelPipeline.java:1410)
	io.netty.channel.AbstractChannelHandlerContext.invokeChannelRead(AbstractChannelHandlerContext.java:379)
	io.netty.channel.AbstractChannelHandlerContext.invokeChannelRead(AbstractChannelHandlerContext.java:365)
	io.netty.channel.DefaultChannelPipeline.fireChannelRead(DefaultChannelPipeline.java:919)
	io.netty.channel.nio.AbstractNioByteChannel$NioByteUnsafe.read(AbstractNioByteChannel.java:166)
	io.netty.channel.nio.NioEventLoop.processSelectedKey(NioEventLoop.java:719)
	io.netty.channel.nio.NioEventLoop.processSelectedKeysOptimized(NioEventLoop.java:655)
	io.netty.channel.nio.NioEventLoop.processSelectedKeys(NioEventLoop.java:581)
	io.netty.channel.nio.NioEventLoop.run(NioEventLoop.java:493)
	io.netty.util.concurrent.SingleThreadEventExecutor$4.run(SingleThreadEventExecutor.java:989)
	io.netty.util.internal.ThreadExecutorMap$2.run(ThreadExecutorMap.java:74)
	io.netty.util.concurrent.FastThreadLocalRunnable.run(FastThreadLocalRunnable.java:30)
	java.base/java.lang.Thread.run(Thread.java:829)

Jan 18 14:27:22.864 _global [115] org.yamcs.client.YamcsClient [WARNING] Connection to http://localhost:9191 lost
[INFO] Tests run: 2, Failures: 0, Errors: 0, Skipped: 0, Time elapsed: 6.881 s - in org.yamcs.LongWebsocketFrameTest
[INFO] Running org.yamcs.SpecTest
[INFO] Tests run: 25, Failures: 0, Errors: 0, Skipped: 0, Time elapsed: 0.084 s - in org.yamcs.SpecTest
[INFO] Running org.yamcs.parameter.ValueArrayTest
[INFO] Tests run: 1, Failures: 0, Errors: 0, Skipped: 0, Time elapsed: 0.041 s - in org.yamcs.parameter.ValueArrayTest
[INFO] Running org.yamcs.parameter.ArrayParameterCacheTest
[INFO] Tests run: 5, Failures: 0, Errors: 0, Skipped: 0, Time elapsed: 0.109 s - in org.yamcs.parameter.ArrayParameterCacheTest
[INFO] Running org.yamcs.parameter.SubsriptionArrayTest
[INFO] Tests run: 1, Failures: 0, Errors: 0, Skipped: 0, Time elapsed: 0.038 s - in org.yamcs.parameter.SubsriptionArrayTest
[INFO] Running org.yamcs.parameter.ValueTest
[WARNING] Tests run: 1, Failures: 0, Errors: 0, Skipped: 1, Time elapsed: 0.05 s - in org.yamcs.parameter.ValueTest
[INFO] Running org.yamcs.parameter.ParameterCacheImplTest
[WARNING] Tests run: 6, Failures: 0, Errors: 0, Skipped: 1, Time elapsed: 0.09 s - in org.yamcs.parameter.ParameterCacheImplTest
[INFO] Running org.yamcs.parameter.LastValueCacheTest
[INFO] Tests run: 6, Failures: 0, Errors: 0, Skipped: 0, Time elapsed: 0.066 s - in org.yamcs.parameter.LastValueCacheTest
[INFO] Running org.yamcs.parameter.LocalParameterManagerTest
[INFO] Tests run: 6, Failures: 0, Errors: 0, Skipped: 0, Time elapsed: 3.8 s - in org.yamcs.parameter.LocalParameterManagerTest
[INFO] Running org.yamcs.parameter.ParameterValueListTest
[INFO] Tests run: 6, Failures: 0, Errors: 0, Skipped: 0, Time elapsed: 0.09 s - in org.yamcs.parameter.ParameterValueListTest
[INFO] Running org.yamcs.time.TimeOfFlightEstimatorTest
[INFO] Tests run: 2, Failures: 0, Errors: 0, Skipped: 0, Time elapsed: 0.522 s - in org.yamcs.time.TimeOfFlightEstimatorTest
[INFO] Running org.yamcs.time.TimeCorrelationServiceTest
[INFO] Tests run: 6, Failures: 0, Errors: 0, Skipped: 0, Time elapsed: 0.458 s - in org.yamcs.time.TimeCorrelationServiceTest
[INFO] Running org.yamcs.time.InstantTest
[INFO] Tests run: 7, Failures: 0, Errors: 0, Skipped: 0, Time elapsed: 0.04 s - in org.yamcs.time.InstantTest
[INFO] Running org.yamcs.algorithms.AlgorithmManagerErrorTest
Warning: Nashorn engine is planned to be removed from a future JDK release
[INFO] Tests run: 1, Failures: 0, Errors: 0, Skipped: 0, Time elapsed: 1.207 s - in org.yamcs.algorithms.AlgorithmManagerErrorTest
[INFO] Running org.yamcs.algorithms.AlgorithmManagerTest
Warning: Nashorn engine is planned to be removed from a future JDK release
Warning: Nashorn engine is planned to be removed from a future JDK release
Warning: Nashorn engine is planned to be removed from a future JDK release
Warning: Nashorn engine is planned to be removed from a future JDK release
Warning: Nashorn engine is planned to be removed from a future JDK release
Warning: Nashorn engine is planned to be removed from a future JDK release
Warning: Nashorn engine is planned to be removed from a future JDK release
Warning: Nashorn engine is planned to be removed from a future JDK release
Warning: Nashorn engine is planned to be removed from a future JDK release
Warning: Nashorn engine is planned to be removed from a future JDK release
Warning: Nashorn engine is planned to be removed from a future JDK release
Warning: Nashorn engine is planned to be removed from a future JDK release
Warning: Nashorn engine is planned to be removed from a future JDK release
Warning: Nashorn engine is planned to be removed from a future JDK release
Warning: Nashorn engine is planned to be removed from a future JDK release
Warning: Nashorn engine is planned to be removed from a future JDK release
Warning: Nashorn engine is planned to be removed from a future JDK release
[WARNING] Tests run: 18, Failures: 0, Errors: 0, Skipped: 1, Time elapsed: 11.907 s - in org.yamcs.algorithms.AlgorithmManagerTest
[INFO] Running org.yamcs.algorithms.AlgorithmWithContextTest
Warning: Nashorn engine is planned to be removed from a future JDK release
[INFO] Tests run: 1, Failures: 0, Errors: 0, Skipped: 0, Time elapsed: 1.348 s - in org.yamcs.algorithms.AlgorithmWithContextTest
[INFO] Running org.yamcs.algorithms.RefXtceAlgorithmTest
Warning: Nashorn engine is planned to be removed from a future JDK release
[INFO] Tests run: 4, Failures: 0, Errors: 0, Skipped: 0, Time elapsed: 0.967 s - in org.yamcs.algorithms.RefXtceAlgorithmTest
[INFO] Running org.yamcs.algorithms.AlgorithmManagerPyTest
Warning: Nashorn engine is planned to be removed from a future JDK release
Warning: Nashorn engine is planned to be removed from a future JDK release
Warning: Nashorn engine is planned to be removed from a future JDK release
[INFO] Tests run: 3, Failures: 0, Errors: 0, Skipped: 0, Time elapsed: 2.829 s - in org.yamcs.algorithms.AlgorithmManagerPyTest
[INFO] Running org.yamcs.algorithms.AlgorithmManagerJavaExprTest
Warning: Nashorn engine is planned to be removed from a future JDK release
[INFO] Tests run: 1, Failures: 0, Errors: 0, Skipped: 0, Time elapsed: 1.274 s - in org.yamcs.algorithms.AlgorithmManagerJavaExprTest
[INFO] Running org.yamcs.algorithms.AlgorithmManagerJavaTest
Warning: Nashorn engine is planned to be removed from a future JDK release
Warning: Nashorn engine is planned to be removed from a future JDK release
Warning: Nashorn engine is planned to be removed from a future JDK release
[INFO] Tests run: 3, Failures: 0, Errors: 0, Skipped: 0, Time elapsed: 1.366 s - in org.yamcs.algorithms.AlgorithmManagerJavaTest
[INFO] Running org.yamcs.algorithms.XtceAlgorithmTest
Warning: Nashorn engine is planned to be removed from a future JDK release
[INFO] Tests run: 2, Failures: 0, Errors: 0, Skipped: 0, Time elapsed: 0.938 s - in org.yamcs.algorithms.XtceAlgorithmTest
[INFO] Running org.yamcs.AlarmIntegrationTest
Warning: Nashorn engine is planned to be removed from a future JDK release
Warning: Nashorn engine is planned to be removed from a future JDK release
[INFO] Tests run: 1, Failures: 0, Errors: 0, Skipped: 0, Time elapsed: 7.286 s - in org.yamcs.AlarmIntegrationTest
[INFO] Running org.yamcs.ServicesTest
Warning: Nashorn engine is planned to be removed from a future JDK release
Warning: Nashorn engine is planned to be removed from a future JDK release
[INFO] Tests run: 1, Failures: 0, Errors: 0, Skipped: 0, Time elapsed: 4.63 s - in org.yamcs.ServicesTest
[INFO] Running org.yamcs.PermissionsTest
Warning: Nashorn engine is planned to be removed from a future JDK release
Warning: Nashorn engine is planned to be removed from a future JDK release
[INFO] Tests run: 5, Failures: 0, Errors: 0, Skipped: 0, Time elapsed: 7.138 s - in org.yamcs.PermissionsTest
[INFO] Running org.yamcs.parameterarchive.LongValueSegmentTest
[INFO] Tests run: 3, Failures: 0, Errors: 0, Skipped: 0, Time elapsed: 0.1 s - in org.yamcs.parameterarchive.LongValueSegmentTest
[INFO] Running org.yamcs.parameterarchive.ParameterGroupIdMapTest
[INFO] Tests run: 1, Failures: 0, Errors: 0, Skipped: 0, Time elapsed: 0.379 s - in org.yamcs.parameterarchive.ParameterGroupIdMapTest
[INFO] Running org.yamcs.parameterarchive.TimeSegmentTest
[INFO] Tests run: 1, Failures: 0, Errors: 0, Skipped: 0, Time elapsed: 0.068 s - in org.yamcs.parameterarchive.TimeSegmentTest
[INFO] Running org.yamcs.parameterarchive.TestStructure
[WARNING] Tests run: 2, Failures: 0, Errors: 0, Skipped: 2, Time elapsed: 0.041 s - in org.yamcs.parameterarchive.TestStructure
[INFO] Running org.yamcs.parameterarchive.StringValueSegmentTest
[INFO] Tests run: 1, Failures: 0, Errors: 0, Skipped: 0, Time elapsed: 0.049 s - in org.yamcs.parameterarchive.StringValueSegmentTest
[INFO] Running org.yamcs.parameterarchive.AggarrayBuilderTest
[INFO] Tests run: 6, Failures: 0, Errors: 0, Skipped: 0, Time elapsed: 0.056 s - in org.yamcs.parameterarchive.AggarrayBuilderTest
[INFO] Running org.yamcs.parameterarchive.TestCompression
[WARNING] Tests run: 1, Failures: 0, Errors: 0, Skipped: 1, Time elapsed: 0.038 s - in org.yamcs.parameterarchive.TestCompression
[INFO] Running org.yamcs.parameterarchive.ArrayAndAggregatesTest
[INFO] Tests run: 1, Failures: 0, Errors: 0, Skipped: 0, Time elapsed: 0.582 s - in org.yamcs.parameterarchive.ArrayAndAggregatesTest
[INFO] Running org.yamcs.parameterarchive.DoubleValueSegmentTest
[INFO] Tests run: 1, Failures: 0, Errors: 0, Skipped: 0, Time elapsed: 0.044 s - in org.yamcs.parameterarchive.DoubleValueSegmentTest
[INFO] Running org.yamcs.parameterarchive.ParameterIdDbTest
[INFO] Tests run: 4, Failures: 0, Errors: 0, Skipped: 0, Time elapsed: 0.784 s - in org.yamcs.parameterarchive.ParameterIdDbTest
[INFO] Running org.yamcs.parameterarchive.IntValueSegmentTest
[INFO] Tests run: 3, Failures: 0, Errors: 0, Skipped: 0, Time elapsed: 0.055 s - in org.yamcs.parameterarchive.IntValueSegmentTest
[INFO] Running org.yamcs.parameterarchive.ParameterStatusTest
[INFO] Tests run: 1, Failures: 0, Errors: 0, Skipped: 0, Time elapsed: 0.105 s - in org.yamcs.parameterarchive.ParameterStatusTest
[INFO] Running org.yamcs.parameterarchive.ObjectSegmentTest
[INFO] Tests run: 4, Failures: 0, Errors: 0, Skipped: 0, Time elapsed: 0.109 s - in org.yamcs.parameterarchive.ObjectSegmentTest
[INFO] Running org.yamcs.parameterarchive.BooleanValueSegmentTest
[INFO] Tests run: 1, Failures: 0, Errors: 0, Skipped: 0, Time elapsed: 0.046 s - in org.yamcs.parameterarchive.BooleanValueSegmentTest
[INFO] Running org.yamcs.parameterarchive.FloatValueSegmentTest
[INFO] Tests run: 2, Failures: 0, Errors: 0, Skipped: 0, Time elapsed: 0.064 s - in org.yamcs.parameterarchive.FloatValueSegmentTest
[INFO] Running org.yamcs.parameterarchive.ParameterArchiveTest
[INFO] Tests run: 21, Failures: 0, Errors: 0, Skipped: 0, Time elapsed: 3.031 s - in org.yamcs.parameterarchive.ParameterArchiveTest
[INFO] Running org.yamcs.tctm.TcpTcDataLinkTest
[INFO] Tests run: 2, Failures: 0, Errors: 0, Skipped: 0, Time elapsed: 9.824 s - in org.yamcs.tctm.TcpTcDataLinkTest
[INFO] Running org.yamcs.tctm.FilePollingTmDataLinkTest
[INFO] Tests run: 2, Failures: 0, Errors: 0, Skipped: 0, Time elapsed: 0.28 s - in org.yamcs.tctm.FilePollingTmDataLinkTest
[INFO] Running org.yamcs.tctm.Iso16CrcCalculatorTest
[INFO] Tests run: 3, Failures: 0, Errors: 0, Skipped: 0, Time elapsed: 0.072 s - in org.yamcs.tctm.Iso16CrcCalculatorTest
[INFO] Running org.yamcs.tctm.ccsds.AosFrameDecoderTest
[INFO] Tests run: 2, Failures: 0, Errors: 0, Skipped: 0, Time elapsed: 0.082 s - in org.yamcs.tctm.ccsds.AosFrameDecoderTest
[INFO] Running org.yamcs.tctm.ccsds.PacketDecoderTest
[INFO] Tests run: 10, Failures: 0, Errors: 0, Skipped: 0, Time elapsed: 0.071 s - in org.yamcs.tctm.ccsds.PacketDecoderTest
[INFO] Running org.yamcs.tctm.ccsds.Cop1TcPacketHandlerTest
Jan 18 14:28:54.011 test [30] org.yamcs.tctm.ccsds.Cop1TcPacketHandler[test] [SEVERE] VC 0 Invalid state of the queue sentQueue[3] is null
Jan 18 14:28:54.017 test [30] org.yamcs.tctm.ccsds.Cop1TcPacketHandler[test] [SEVERE] VC 0 Invalid state of the queue sentQueue[4] is null
[INFO] Tests run: 23, Failures: 0, Errors: 0, Skipped: 0, Time elapsed: 11.074 s - in org.yamcs.tctm.ccsds.Cop1TcPacketHandlerTest
[INFO] Running org.yamcs.tctm.ccsds.error.LdpcEncoderTest
[WARNING] Tests run: 5, Failures: 0, Errors: 0, Skipped: 2, Time elapsed: 0.053 s - in org.yamcs.tctm.ccsds.error.LdpcEncoderTest
[INFO] Running org.yamcs.tctm.ccsds.error.Crc32Test
[INFO] Tests run: 1, Failures: 0, Errors: 0, Skipped: 0, Time elapsed: 0.038 s - in org.yamcs.tctm.ccsds.error.Crc32Test
[INFO] Running org.yamcs.tctm.ccsds.error.CrcCciitCalculatorTest
[INFO] Tests run: 1, Failures: 0, Errors: 0, Skipped: 0, Time elapsed: 0.059 s - in org.yamcs.tctm.ccsds.error.CrcCciitCalculatorTest
[INFO] Running org.yamcs.tctm.ccsds.error.AosFrameHeaderErrorCorrTest
[INFO] Tests run: 3, Failures: 0, Errors: 0, Skipped: 0, Time elapsed: 0.041 s - in org.yamcs.tctm.ccsds.error.AosFrameHeaderErrorCorrTest
[INFO] Running org.yamcs.tctm.ccsds.error.BchCltuGeneratorTest
[INFO] Tests run: 3, Failures: 0, Errors: 0, Skipped: 0, Time elapsed: 0.044 s - in org.yamcs.tctm.ccsds.error.BchCltuGeneratorTest
[INFO] Running org.yamcs.tctm.ccsds.error.ProximityCrcTest
[INFO] Tests run: 1, Failures: 0, Errors: 0, Skipped: 0, Time elapsed: 0.079 s - in org.yamcs.tctm.ccsds.error.ProximityCrcTest
[INFO] Running org.yamcs.tctm.ccsds.TmFrameDecoderTest
[INFO] Tests run: 2, Failures: 0, Errors: 0, Skipped: 0, Time elapsed: 0.068 s - in org.yamcs.tctm.ccsds.TmFrameDecoderTest
[INFO] Running org.yamcs.tctm.CcsdsPacketTest
[INFO] Tests run: 2, Failures: 0, Errors: 0, Skipped: 0, Time elapsed: 0.068 s - in org.yamcs.tctm.CcsdsPacketTest
[INFO] Running org.yamcs.tctm.TcpTcUplinkerTest
[INFO] Tests run: 2, Failures: 0, Errors: 0, Skipped: 0, Time elapsed: 0.261 s - in org.yamcs.tctm.TcpTcUplinkerTest
[INFO] Running org.yamcs.tctm.CucTimeDecoderTest
[INFO] Tests run: 1, Failures: 0, Errors: 0, Skipped: 0, Time elapsed: 0.056 s - in org.yamcs.tctm.CucTimeDecoderTest
[INFO] Running org.yamcs.tctm.UsocPacketInputStreamTest
[INFO] Tests run: 2, Failures: 0, Errors: 0, Skipped: 0, Time elapsed: 0.08 s - in org.yamcs.tctm.UsocPacketInputStreamTest
[INFO] Running org.yamcs.ArchiveIntegrationTest
Warning: Nashorn engine is planned to be removed from a future JDK release
Warning: Nashorn engine is planned to be removed from a future JDK release
[WARNING] Tests run: 13, Failures: 0, Errors: 0, Skipped: 2, Time elapsed: 33.71 s - in org.yamcs.ArchiveIntegrationTest
[INFO] Running org.yamcs.archive.CcsdsTmIndexTest
[WARNING] Tests run: 3, Failures: 0, Errors: 0, Skipped: 1, Time elapsed: 0.541 s - in org.yamcs.archive.CcsdsTmIndexTest
[INFO] Running org.yamcs.archive.CmdHistoryRecordingTest
[INFO] Tests run: 1, Failures: 0, Errors: 0, Skipped: 0, Time elapsed: 1.217 s - in org.yamcs.archive.CmdHistoryRecordingTest
[INFO] Running org.yamcs.cfdp.DataFileTest
[INFO] Tests run: 8, Failures: 0, Errors: 0, Skipped: 0, Time elapsed: 0.057 s - in org.yamcs.cfdp.DataFileTest
[INFO] Running org.yamcs.cfdp.ChecksumTest
[INFO] Tests run: 3, Failures: 0, Errors: 0, Skipped: 0, Time elapsed: 0.061 s - in org.yamcs.cfdp.ChecksumTest
[INFO] Running org.yamcs.cfdp.TestParsePacket
[INFO] Tests run: 1, Failures: 0, Errors: 0, Skipped: 0, Time elapsed: 0.071 s - in org.yamcs.cfdp.TestParsePacket
[INFO] Running org.yamcs.cfdp.CfdpIntegrationTest
Jan 18 14:29:58.103 test [344] org.yamcs.cfdp.CfdpIncomingTransfer [WARNING] TXID12_4 inactivity timer expired, state: RECEIVING_DATA
Jan 18 14:29:59.172 test [421] org.yamcs.cfdp.CfdpIncomingTransfer [WARNING] TXID12_5 inactivity timer expired, state: RECEIVING_DATA
Jan 18 14:30:03.375 test [652] org.yamcs.cfdp.CfdpIncomingTransfer [WARNING] TXID12_8 check limit reached
[INFO] Tests run: 9, Failures: 0, Errors: 0, Skipped: 0, Time elapsed: 11.952 s - in org.yamcs.cfdp.CfdpIntegrationTest
[INFO] Running org.yamcs.utils.FilterParserTest
[INFO] Tests run: 1, Failures: 0, Errors: 0, Skipped: 0, Time elapsed: 0.042 s - in org.yamcs.utils.FilterParserTest
[INFO] Running org.yamcs.utils.TimeIntervalTest
[INFO] Tests run: 1, Failures: 0, Errors: 0, Skipped: 0, Time elapsed: 0.039 s - in org.yamcs.utils.TimeIntervalTest
[INFO] Running org.yamcs.utils.SortedIntArrayTest
[WARNING] Tests run: 7, Failures: 0, Errors: 0, Skipped: 1, Time elapsed: 0.062 s - in org.yamcs.utils.SortedIntArrayTest
[INFO] Running org.yamcs.utils.TimeEncodingTest
[INFO] Tests run: 21, Failures: 0, Errors: 0, Skipped: 0, Time elapsed: 0.081 s - in org.yamcs.utils.TimeEncodingTest
[INFO] Running org.yamcs.utils.VarIntUtilTest
[INFO] Tests run: 6, Failures: 0, Errors: 0, Skipped: 0, Time elapsed: 0.045 s - in org.yamcs.utils.VarIntUtilTest
[INFO] Running org.yamcs.utils.TaiUtcConverterTest
[INFO] Tests run: 6, Failures: 0, Errors: 0, Skipped: 0, Time elapsed: 0.109 s - in org.yamcs.utils.TaiUtcConverterTest
[INFO] Running org.yamcs.utils.AggregateUtilTest
[INFO] Tests run: 6, Failures: 0, Errors: 0, Skipped: 0, Time elapsed: 0.076 s - in org.yamcs.utils.AggregateUtilTest
[INFO] Running org.yamcs.utils.GlobFileFinderTest
[INFO] Tests run: 4, Failures: 0, Errors: 0, Skipped: 0, Time elapsed: 0.055 s - in org.yamcs.utils.GlobFileFinderTest
[INFO] Running org.yamcs.utils.TimestampUtilsTest
[INFO] Tests run: 3, Failures: 0, Errors: 0, Skipped: 0, Time elapsed: 0.049 s - in org.yamcs.utils.TimestampUtilsTest
[INFO] Running org.yamcs.utils.ByteArrayUtilsTest
[INFO] Tests run: 3, Failures: 0, Errors: 0, Skipped: 0, Time elapsed: 0.056 s - in org.yamcs.utils.ByteArrayUtilsTest
[INFO] Running org.yamcs.utils.BitBufferTest
[INFO] Tests run: 12, Failures: 0, Errors: 0, Skipped: 0, Time elapsed: 0.043 s - in org.yamcs.utils.BitBufferTest
[INFO] Running org.yamcs.utils.ParititionedTimeTest
[INFO] Tests run: 4, Failures: 0, Errors: 0, Skipped: 0, Time elapsed: 0.039 s - in org.yamcs.utils.ParititionedTimeTest
[INFO] Running org.yamcs.utils.Mil1750ATest
[INFO] Tests run: 4, Failures: 0, Errors: 0, Skipped: 0, Time elapsed: 0.052 s - in org.yamcs.utils.Mil1750ATest
[INFO] Running org.yamcs.utils.BooleanArrayTest
[INFO] Tests run: 2, Failures: 0, Errors: 0, Skipped: 0, Time elapsed: 0.039 s - in org.yamcs.utils.BooleanArrayTest
[INFO] Running org.yamcs.utils.ByteArrayTest
[INFO] Tests run: 4, Failures: 0, Errors: 0, Skipped: 0, Time elapsed: 0.043 s - in org.yamcs.utils.ByteArrayTest
[INFO] Running org.yamcs.utils.IntArrayTest
[INFO] Tests run: 8, Failures: 0, Errors: 0, Skipped: 0, Time elapsed: 0.096 s - in org.yamcs.utils.IntArrayTest
[INFO] Running org.yamcs.YConfigurationTest
[INFO] Tests run: 5, Failures: 0, Errors: 0, Skipped: 0, Time elapsed: 0.105 s - in org.yamcs.YConfigurationTest
[INFO] Running org.yamcs.http.JwtHelperTest
[INFO] Tests run: 2, Failures: 0, Errors: 0, Skipped: 0, Time elapsed: 0.106 s - in org.yamcs.http.JwtHelperTest
[INFO] Running org.yamcs.http.api.ParameterRangerTest
[INFO] Tests run: 5, Failures: 0, Errors: 0, Skipped: 0, Time elapsed: 0.078 s - in org.yamcs.http.api.ParameterRangerTest
[INFO] Running org.yamcs.http.api.XtceToGpbAssemblerTest
[INFO] Tests run: 3, Failures: 0, Errors: 0, Skipped: 0, Time elapsed: 1.107 s - in org.yamcs.http.api.XtceToGpbAssemblerTest
[INFO] Running org.yamcs.http.api.NameDescriptionSearchMatcherTest
[INFO] Tests run: 1, Failures: 0, Errors: 0, Skipped: 0, Time elapsed: 0.658 s - in org.yamcs.http.api.NameDescriptionSearchMatcherTest
[INFO] Running org.yamcs.http.api.DownsamplerTest
[INFO] Tests run: 3, Failures: 0, Errors: 0, Skipped: 0, Time elapsed: 0.054 s - in org.yamcs.http.api.DownsamplerTest
[INFO] Running org.yamcs.events.AbstractEventProducerTest
[INFO] Tests run: 5, Failures: 0, Errors: 0, Skipped: 0, Time elapsed: 0.108 s - in org.yamcs.events.AbstractEventProducerTest
[INFO] Running org.yamcs.replication.ReplicationFileTest
[INFO] Tests run: 6, Failures: 0, Errors: 0, Skipped: 0, Time elapsed: 0.547 s - in org.yamcs.replication.ReplicationFileTest
[INFO] Running org.yamcs.security.Pbkdf2PasswordHasherTest
[INFO] Tests run: 1, Failures: 0, Errors: 0, Skipped: 0, Time elapsed: 0.122 s - in org.yamcs.security.Pbkdf2PasswordHasherTest
[INFO] Running org.yamcs.InstancesIntegrationTest
Warning: Nashorn engine is planned to be removed from a future JDK release
Warning: Nashorn engine is planned to be removed from a future JDK release
Warning: Nashorn engine is planned to be removed from a future JDK release
Warning: Nashorn engine is planned to be removed from a future JDK release
[INFO] Tests run: 2, Failures: 0, Errors: 0, Skipped: 0, Time elapsed: 6.407 s - in org.yamcs.InstancesIntegrationTest
[INFO] Running org.yamcs.ParameterArchiveIntegrationTest
Warning: Nashorn engine is planned to be removed from a future JDK release
Warning: Nashorn engine is planned to be removed from a future JDK release
Jan 18 14:30:39.318 _global [133] org.yamcs.parameterarchive.SingleParameterRetrieval [WARNING] No parameter id found in the parameter archive for /REFMDB/SUBSYS1/FloatPara1_1_2
[INFO] Tests run: 6, Failures: 0, Errors: 0, Skipped: 0, Time elapsed: 19.613 s - in org.yamcs.ParameterArchiveIntegrationTest
[INFO] Running org.yamcs.rs.ReedSolomonTest
[INFO] Tests run: 2, Failures: 0, Errors: 0, Skipped: 0, Time elapsed: 0.057 s - in org.yamcs.rs.ReedSolomonTest
[INFO] Running org.yamcs.CommandIntegration2Test
Warning: Nashorn engine is planned to be removed from a future JDK release
Warning: Nashorn engine is planned to be removed from a future JDK release
[INFO] Tests run: 1, Failures: 0, Errors: 0, Skipped: 0, Time elapsed: 4.46 s - in org.yamcs.CommandIntegration2Test
[INFO] Running org.yamcs.xtce.XtceFilesetTest
[INFO] Tests run: 1, Failures: 0, Errors: 0, Skipped: 0, Time elapsed: 0.183 s - in org.yamcs.xtce.XtceFilesetTest
[INFO] Running org.yamcs.xtce.XmlLoaderTest
[INFO] Tests run: 9, Failures: 0, Errors: 0, Skipped: 0, Time elapsed: 0.57 s - in org.yamcs.xtce.XmlLoaderTest
[INFO] Running org.yamcs.xtce.PathElementTest
[INFO] Tests run: 4, Failures: 0, Errors: 0, Skipped: 0, Time elapsed: 0.038 s - in org.yamcs.xtce.PathElementTest
[INFO] Running org.yamcs.xtce.xlsv6.XlsV6LoaderTest
[INFO] Tests run: 8, Failures: 0, Errors: 0, Skipped: 0, Time elapsed: 0.969 s - in org.yamcs.xtce.xlsv6.XlsV6LoaderTest
[INFO] Running org.yamcs.xtce.XtceAssemblerTest
Jan 18 14:30:58.771 _global [1] org.yamcs.xtce.xml.XtceStaxReader [WARNING] Skipping unknown tag SizeRangeInCharacters at 2090:73
[INFO] Tests run: 2, Failures: 0, Errors: 0, Skipped: 0, Time elapsed: 0.416 s - in org.yamcs.xtce.XtceAssemblerTest
[INFO] Running org.yamcs.xtce.SpreadsheetLoaderTest
[INFO] Tests run: 12, Failures: 0, Errors: 0, Skipped: 0, Time elapsed: 2.651 s - in org.yamcs.xtce.SpreadsheetLoaderTest
[INFO] Running org.yamcs.xtce.VariableBinaryXtceTest
[INFO] Tests run: 1, Failures: 0, Errors: 0, Skipped: 0, Time elapsed: 0.239 s - in org.yamcs.xtce.VariableBinaryXtceTest
[INFO] Running org.yamcs.xtce.xlsv7.XlsV7LoaderTest
[INFO] Tests run: 9, Failures: 0, Errors: 0, Skipped: 0, Time elapsed: 2.005 s - in org.yamcs.xtce.xlsv7.XlsV7LoaderTest
[INFO] Running org.yamcs.xtceproc.BogusSat2Test
[INFO] Tests run: 7, Failures: 0, Errors: 0, Skipped: 0, Time elapsed: 0.339 s - in org.yamcs.xtceproc.BogusSat2Test
[INFO] Running org.yamcs.xtceproc.VariableBinaryDecodingTest
[INFO] Tests run: 1, Failures: 0, Errors: 0, Skipped: 0, Time elapsed: 0.311 s - in org.yamcs.xtceproc.VariableBinaryDecodingTest
[INFO] Running org.yamcs.xtceproc.CcsdsGreenBookTmTest
[INFO] Tests run: 3, Failures: 0, Errors: 0, Skipped: 0, Time elapsed: 0.306 s - in org.yamcs.xtceproc.CcsdsGreenBookTmTest
[INFO] Running org.yamcs.xtceproc.ParameterValidityRangesTest
[INFO] Tests run: 1, Failures: 0, Errors: 0, Skipped: 0, Time elapsed: 0.251 s - in org.yamcs.xtceproc.ParameterValidityRangesTest
[INFO] Running org.yamcs.xtceproc.RefMdbCommandEncodingTest
[INFO] Tests run: 25, Failures: 0, Errors: 0, Skipped: 0, Time elapsed: 1.075 s - in org.yamcs.xtceproc.RefMdbCommandEncodingTest
[INFO] Running org.yamcs.xtceproc.JavaExpressionCalibratorFactoryTest
[INFO] Tests run: 3, Failures: 0, Errors: 0, Skipped: 0, Time elapsed: 0.171 s - in org.yamcs.xtceproc.JavaExpressionCalibratorFactoryTest
[INFO] Running org.yamcs.xtceproc.RefXtceCommandingTest
[INFO] Tests run: 16, Failures: 0, Errors: 0, Skipped: 0, Time elapsed: 6.041 s - in org.yamcs.xtceproc.RefXtceCommandingTest
[INFO] Running org.yamcs.xtceproc.RefXtceDecodingTest
[INFO] Tests run: 3, Failures: 0, Errors: 0, Skipped: 0, Time elapsed: 0.262 s - in org.yamcs.xtceproc.RefXtceDecodingTest
[INFO] Running org.yamcs.xtceproc.CcsdsGreenBookCommandEncodingTest
[INFO] Tests run: 1, Failures: 0, Errors: 0, Skipped: 0, Time elapsed: 0.323 s - in org.yamcs.xtceproc.CcsdsGreenBookCommandEncodingTest
[INFO] Running org.yamcs.xtceproc.XtceStringDecodingTest
[INFO] Tests run: 8, Failures: 0, Errors: 0, Skipped: 0, Time elapsed: 0.259 s - in org.yamcs.xtceproc.XtceStringDecodingTest
[INFO] Running org.yamcs.xtceproc.VariableBinaryCommandEncodingTest
[INFO] Tests run: 4, Failures: 0, Errors: 0, Skipped: 0, Time elapsed: 0.314 s - in org.yamcs.xtceproc.VariableBinaryCommandEncodingTest
[INFO] Running org.yamcs.xtceproc.ProcessorDataTest
[INFO] Tests run: 1, Failures: 0, Errors: 0, Skipped: 0, Time elapsed: 0.689 s - in org.yamcs.xtceproc.ProcessorDataTest
[INFO] Running org.yamcs.xtceproc.XtceBooleansTest
[INFO] Tests run: 8, Failures: 0, Errors: 0, Skipped: 0, Time elapsed: 0.26 s - in org.yamcs.xtceproc.XtceBooleansTest
[INFO] Running org.yamcs.xtceproc.XtceTmExtractorTest
Jan 18 14:31:24.709 _global [1] org.yamcs.xtceproc.ParameterTypeProcessor [WARNING] StringIntTerm1_5_2: failed to parse string 'invalidint' to long
Jan 18 14:31:24.738 _global [1] org.yamcs.xtceproc.ParameterTypeProcessor [WARNING] StringEnum1_12_1: failed to parse string 'invalidlong' to long
Jan 18 14:31:24.752 _global [1] org.yamcs.xtceproc.ParameterTypeProcessor [WARNING] StringFloatTSC1_4_2: failed to parse string 'invalidfloat' to double
[INFO] Tests run: 32, Failures: 0, Errors: 0, Skipped: 0, Time elapsed: 0.753 s - in org.yamcs.xtceproc.XtceTmExtractorTest
[INFO] Running org.yamcs.xtceproc.EmptyMatchCriteriaTest
[INFO] Tests run: 1, Failures: 0, Errors: 0, Skipped: 0, Time elapsed: 0.224 s - in org.yamcs.xtceproc.EmptyMatchCriteriaTest
[INFO] Running org.yamcs.xtceproc.XtceDbFactoryTest
[INFO] Tests run: 1, Failures: 0, Errors: 0, Skipped: 0, Time elapsed: 0.628 s - in org.yamcs.xtceproc.XtceDbFactoryTest
[INFO] Running org.yamcs.xtceproc.TestMdbLoadingSpeed
[WARNING] Tests run: 1, Failures: 0, Errors: 0, Skipped: 1, Time elapsed: 0.056 s - in org.yamcs.xtceproc.TestMdbLoadingSpeed
[INFO] Running org.yamcs.xtceproc.ArrayArgTest
[INFO] Tests run: 4, Failures: 0, Errors: 0, Skipped: 0, Time elapsed: 0.299 s - in org.yamcs.xtceproc.ArrayArgTest
[INFO] Running org.yamcs.xtceproc.XtceStringEncodingTest
[INFO] Tests run: 12, Failures: 0, Errors: 0, Skipped: 0, Time elapsed: 0.221 s - in org.yamcs.xtceproc.XtceStringEncodingTest
[INFO] Running org.yamcs.ContainerRequestManagerTest
[INFO] Tests run: 1, Failures: 0, Errors: 0, Skipped: 0, Time elapsed: 0.895 s - in org.yamcs.ContainerRequestManagerTest
[INFO] Running org.yamcs.templating.TemplateProcessorTest
[INFO] Tests run: 8, Failures: 0, Errors: 0, Skipped: 0, Time elapsed: 0.055 s - in org.yamcs.templating.TemplateProcessorTest
[INFO] Running org.yamcs.cli.YamcsCliTest
[INFO] Tests run: 1, Failures: 0, Errors: 0, Skipped: 0, Time elapsed: 0.742 s - in org.yamcs.cli.YamcsCliTest
[INFO] Running org.yamcs.EventCrashHandlerTest
[INFO] Tests run: 1, Failures: 0, Errors: 0, Skipped: 0, Time elapsed: 0.1 s - in org.yamcs.EventCrashHandlerTest
[INFO] Running org.yamcs.ParameterTest
Warning: Nashorn engine is planned to be removed from a future JDK release
Warning: Nashorn engine is planned to be removed from a future JDK release
Jan 18 14:31:47.551 _global [438] org.yamcs.http.RouteHandler [WARNING] 8: Responding '400 Bad Request': Cannot convert value 'member1 : 10, member2 : 1300' to aggregate type aggregate1: no value for member member3
Jan 18 14:31:47.553 _global [438] org.yamcs.http.HttpRequestHandler [WARNING] 1510f9af PUT /api/processors/IntegrationTest/realtime/parameters/%2FREFMDB%2FSUBSYS1%2FLocalArray1 400
Jan 18 14:31:48.792 _global [594] org.yamcs.http.RouteHandler [WARNING] 11: Responding '400 Bad Request': Invalid parameters: [name: "/REFMDB/SUBSYS1/InvalidParaName"
]
Jan 18 14:31:48.794 _global [594] org.yamcs.http.HttpRequestHandler [WARNING] 997da652 POST /api/processors/IntegrationTest/realtime/parameters:batchGet 400
Jan 18 14:31:51.867 _global [202] org.yamcs.http.RouteHandler [SEVERE] 13: Blocking the netty thread for 2 seconds. uri: /api/processors/IntegrationTest/realtime/parameters:batchGet
Jan 18 14:31:52.930 _global [676] org.yamcs.http.RouteHandler [WARNING] 15: Responding '400 Bad Request': Cannot convert STRING to uint32
Jan 18 14:31:52.930 _global [676] org.yamcs.http.HttpRequestHandler [WARNING] 3b8dbdea PUT /api/processors/IntegrationTest/realtime/parameters/%2FREFMDB%2FSUBSYS1%2FLocalPara1 400
Jan 18 14:31:58.298 _global [986] org.yamcs.http.api.SubscribeParameterObserver [WARNING] Received subscribe attempt with 1 invalid parameters. Subscription will continue with 2 remaining valids.
Jan 18 14:32:08.793 _global [281] org.yamcs.http.RouteHandler [WARNING] 33: Responding '400 Bad Request': Cannot set the value of TELEMETERED parameters on processor realtime
Jan 18 14:32:08.793 _global [281] org.yamcs.http.HttpRequestHandler [WARNING] 475de5bf PUT /api/processors/IntegrationTest/realtime/parameters/%2FREFMDB%2FSUBSYS1%2FIntegerPara1_1_6 400
[WARNING] Tests run: 21, Failures: 0, Errors: 0, Skipped: 1, Time elapsed: 35.322 s - in org.yamcs.ParameterTest
[INFO] Running org.yamcs.EventTests
Warning: Nashorn engine is planned to be removed from a future JDK release
Warning: Nashorn engine is planned to be removed from a future JDK release
[INFO] Tests run: 1, Failures: 0, Errors: 0, Skipped: 0, Time elapsed: 4.566 s - in org.yamcs.EventTests
[INFO] Running org.yamcs.HttpServerTest
Warning: Nashorn engine is planned to be removed from a future JDK release
Warning: Nashorn engine is planned to be removed from a future JDK release
[INFO] Tests run: 1, Failures: 0, Errors: 0, Skipped: 0, Time elapsed: 4.576 s - in org.yamcs.HttpServerTest
[INFO] Running org.yamcs.CommandIntegrationTest
Warning: Nashorn engine is planned to be removed from a future JDK release
Warning: Nashorn engine is planned to be removed from a future JDK release
Jan 18 14:32:27.275 _global [364] org.yamcs.http.RouteHandler [WARNING] 14: Responding '403 Forbidden': No Command authorization for '/REFMDB/SUBSYS1/FLOAT_ARG_TC'
Jan 18 14:32:27.277 _global [364] org.yamcs.http.HttpRequestHandler [WARNING] d743227d POST /api/processors/IntegrationTest/realtime/commands/%2FREFMDB%2FSUBSYS1%2FFLOAT_ARG_TC 403
alg_verif_started:
  receivedCmdId: 25
  sentCmdId: 25
  receivedSeqNum: 5000
  sentSeqNum: 5000
  stage: 0
  result: 0
yep, this is our command
alg_verif_completed:
  receivedCmdId: [r: 25, v: 25]
  sentCmdId: 25
  receivedSeqNum: 5000
  sentSeqNum: 5000
  stage: 1
  result: 5
yep, this is our command
[INFO] Tests run: 12, Failures: 0, Errors: 0, Skipped: 0, Time elapsed: 9.748 s - in org.yamcs.CommandIntegrationTest
[INFO] Running org.yamcs.TimeSubscriptionTest
Warning: Nashorn engine is planned to be removed from a future JDK release
Warning: Nashorn engine is planned to be removed from a future JDK release
[INFO] Tests run: 1, Failures: 0, Errors: 0, Skipped: 0, Time elapsed: 4.446 s - in org.yamcs.TimeSubscriptionTest
[INFO] Running org.yamcs.ModifyMissionDatabaseTest
Warning: Nashorn engine is planned to be removed from a future JDK release
Warning: Nashorn engine is planned to be removed from a future JDK release
[INFO] Tests run: 5, Failures: 0, Errors: 0, Skipped: 0, Time elapsed: 8.51 s - in org.yamcs.ModifyMissionDatabaseTest
[INFO] Running org.yamcs.yarch.StandaloneStreamTest
[INFO] Tests run: 2, Failures: 0, Errors: 0, Skipped: 0, Time elapsed: 0.523 s - in org.yamcs.yarch.StandaloneStreamTest
[INFO] Running org.yamcs.yarch.EnumTest
[INFO] Tests run: 7, Failures: 0, Errors: 0, Skipped: 0, Time elapsed: 1.256 s - in org.yamcs.yarch.EnumTest
[INFO] Running org.yamcs.yarch.Enum2Test
[INFO] Tests run: 7, Failures: 0, Errors: 0, Skipped: 0, Time elapsed: 1.182 s - in org.yamcs.yarch.Enum2Test
[INFO] Running org.yamcs.yarch.StreamSelectBinaryFunctionTest
[INFO] Tests run: 6, Failures: 0, Errors: 0, Skipped: 0, Time elapsed: 0.993 s - in org.yamcs.yarch.StreamSelectBinaryFunctionTest
[INFO] Running org.yamcs.yarch.TimePartitionSchemaTest
[INFO] Tests run: 5, Failures: 0, Errors: 0, Skipped: 0, Time elapsed: 0.066 s - in org.yamcs.yarch.TimePartitionSchemaTest
[INFO] Running org.yamcs.yarch.ArrayTest
[INFO] Tests run: 4, Failures: 0, Errors: 0, Skipped: 0, Time elapsed: 0.826 s - in org.yamcs.yarch.ArrayTest
[INFO] Running org.yamcs.yarch.StreamSelect1Test
[INFO] Tests run: 4, Failures: 0, Errors: 0, Skipped: 0, Time elapsed: 0.676 s - in org.yamcs.yarch.StreamSelect1Test
[INFO] Running org.yamcs.yarch.ColumnSerializerTest
[INFO] Tests run: 2, Failures: 0, Errors: 0, Skipped: 0, Time elapsed: 0.181 s - in org.yamcs.yarch.ColumnSerializerTest
[INFO] Running org.yamcs.yarch.TableRowDeleteTest
[INFO] Tests run: 6, Failures: 0, Errors: 0, Skipped: 0, Time elapsed: 1.294 s - in org.yamcs.yarch.TableRowDeleteTest
[INFO] Running org.yamcs.yarch.Enum3Test
[INFO] Tests run: 7, Failures: 0, Errors: 0, Skipped: 0, Time elapsed: 1.164 s - in org.yamcs.yarch.Enum3Test
[INFO] Running org.yamcs.yarch.SecondaryIndexTest
[INFO] Tests run: 3, Failures: 0, Errors: 0, Skipped: 0, Time elapsed: 0.763 s - in org.yamcs.yarch.SecondaryIndexTest
[INFO] Running org.yamcs.yarch.ConcurrencyTest
[INFO] Tests run: 1, Failures: 0, Errors: 0, Skipped: 0, Time elapsed: 12.349 s - in org.yamcs.yarch.ConcurrencyTest
[INFO] Running org.yamcs.yarch.UUIDTest
[INFO] Tests run: 3, Failures: 0, Errors: 0, Skipped: 0, Time elapsed: 0.768 s - in org.yamcs.yarch.UUIDTest
[INFO] Running org.yamcs.yarch.StreamSqlParserTest
[INFO] Tests run: 4, Failures: 0, Errors: 0, Skipped: 0, Time elapsed: 0.68 s - in org.yamcs.yarch.StreamSqlParserTest
[INFO] Running org.yamcs.yarch.NegativeValuesPKTest
[INFO] Tests run: 6, Failures: 0, Errors: 0, Skipped: 0, Time elapsed: 0.847 s - in org.yamcs.yarch.NegativeValuesPKTest
[INFO] Running org.yamcs.yarch.StreamSelectTest
[INFO] Tests run: 4, Failures: 0, Errors: 0, Skipped: 0, Time elapsed: 0.766 s - in org.yamcs.yarch.StreamSelectTest
[INFO] Running org.yamcs.yarch.HistogramStreamTest
[INFO] Tests run: 5, Failures: 0, Errors: 0, Skipped: 0, Time elapsed: 1.688 s - in org.yamcs.yarch.HistogramStreamTest
[INFO] Running org.yamcs.yarch.DynamicSchemaTableTest
[INFO] Tests run: 4, Failures: 0, Errors: 0, Skipped: 0, Time elapsed: 0.685 s - in org.yamcs.yarch.DynamicSchemaTableTest
[INFO] Running org.yamcs.yarch.WriterTest
[INFO] Tests run: 3, Failures: 0, Errors: 0, Skipped: 0, Time elapsed: 0.664 s - in org.yamcs.yarch.WriterTest
[INFO] Running org.yamcs.yarch.SecondaryIndex2Test
[INFO] Tests run: 1, Failures: 0, Errors: 0, Skipped: 0, Time elapsed: 0.65 s - in org.yamcs.yarch.SecondaryIndex2Test
[INFO] Running org.yamcs.yarch.rocksdb.RdbEngineTest
[INFO] Tests run: 3, Failures: 0, Errors: 0, Skipped: 0, Time elapsed: 5.579 s - in org.yamcs.yarch.rocksdb.RdbEngineTest
[INFO] Running org.yamcs.yarch.rocksdb.RDBFactoryTest
Jan 18 14:33:30.722 _global [27] org.yamcs.yarch.rocksdb.RDBFactory [WARNING] Invalid backup directory: java.nio.file.FileSystemException: /tmp/rdb_backup_test//db1: Directory '/tmp/rdb_backup_test//db1' is not a backup directory 
[INFO] Tests run: 2, Failures: 0, Errors: 0, Skipped: 0, Time elapsed: 13.725 s - in org.yamcs.yarch.rocksdb.RDBFactoryTest
[INFO] Running org.yamcs.yarch.rocksdb.TablespaceTest
[INFO] Tests run: 2, Failures: 0, Errors: 0, Skipped: 0, Time elapsed: 0.514 s - in org.yamcs.yarch.rocksdb.TablespaceTest
[INFO] Running org.yamcs.yarch.rocksdb.RdbSelectPerfTest
[WARNING] Tests run: 1, Failures: 0, Errors: 0, Skipped: 1, Time elapsed: 0.01 s - in org.yamcs.yarch.rocksdb.RdbSelectPerfTest
[INFO] Running org.yamcs.yarch.rocksdb.RdbSequenceTest
[INFO] Tests run: 3, Failures: 0, Errors: 0, Skipped: 0, Time elapsed: 0.622 s - in org.yamcs.yarch.rocksdb.RdbSequenceTest
[INFO] Running org.yamcs.yarch.rocksdb.PartitioningTest
[INFO] Tests run: 3, Failures: 0, Errors: 0, Skipped: 0, Time elapsed: 1.272 s - in org.yamcs.yarch.rocksdb.PartitioningTest
[INFO] Running org.yamcs.yarch.rocksdb.HistogramRebuilderTest
[WARNING] Tests run: 4, Failures: 0, Errors: 0, Skipped: 1, Time elapsed: 1.39 s - in org.yamcs.yarch.rocksdb.HistogramRebuilderTest
[INFO] Running org.yamcs.yarch.rocksdb.TagsTest
[INFO] Tests run: 1, Failures: 0, Errors: 0, Skipped: 0, Time elapsed: 0.586 s - in org.yamcs.yarch.rocksdb.TagsTest
[INFO] Running org.yamcs.yarch.rocksdb.RdbPartitionManagerTest
[INFO] Tests run: 2, Failures: 0, Errors: 0, Skipped: 0, Time elapsed: 0.472 s - in org.yamcs.yarch.rocksdb.RdbPartitionManagerTest
[INFO] Running org.yamcs.yarch.rocksdb.RdbHistogramIteratorTest
[INFO] Tests run: 1, Failures: 0, Errors: 0, Skipped: 0, Time elapsed: 0.653 s - in org.yamcs.yarch.rocksdb.RdbHistogramIteratorTest
[INFO] Running org.yamcs.yarch.rocksdb.BucketDbTest
[INFO] Tests run: 4, Failures: 0, Errors: 0, Skipped: 0, Time elapsed: 1.096 s - in org.yamcs.yarch.rocksdb.BucketDbTest
[INFO] Running org.yamcs.yarch.rocksdb.RdbSelectTest
[INFO] Tests run: 7, Failures: 0, Errors: 0, Skipped: 0, Time elapsed: 1.624 s - in org.yamcs.yarch.rocksdb.RdbSelectTest
[INFO] Running org.yamcs.yarch.StreamSelectProtobufTest
[INFO] Tests run: 5, Failures: 0, Errors: 0, Skipped: 0, Time elapsed: 0.894 s - in org.yamcs.yarch.StreamSelectProtobufTest
[INFO] Running org.yamcs.yarch.AutoincrementTest
[INFO] Tests run: 4, Failures: 0, Errors: 0, Skipped: 0, Time elapsed: 0.761 s - in org.yamcs.yarch.AutoincrementTest
[INFO] Running org.yamcs.yarch.StreamMergeTest
[INFO] Tests run: 4, Failures: 0, Errors: 0, Skipped: 0, Time elapsed: 1.101 s - in org.yamcs.yarch.StreamMergeTest
[INFO] Running org.yamcs.yarch.InsertSelectTest
[INFO] Tests run: 1, Failures: 0, Errors: 0, Skipped: 0, Time elapsed: 0.403 s - in org.yamcs.yarch.InsertSelectTest
[INFO] Running org.yamcs.yarch.StreamSelectPerfTest
[INFO] Tests run: 1, Failures: 0, Errors: 0, Skipped: 0, Time elapsed: 1.125 s - in org.yamcs.yarch.StreamSelectPerfTest
[INFO] Running org.yamcs.yarch.HistogramSegmentTest
[INFO] Tests run: 12, Failures: 0, Errors: 0, Skipped: 0, Time elapsed: 0.082 s - in org.yamcs.yarch.HistogramSegmentTest
[INFO] Running org.yamcs.yarch.TableUpdateTest
[INFO] Tests run: 11, Failures: 0, Errors: 0, Skipped: 0, Time elapsed: 1.534 s - in org.yamcs.yarch.TableUpdateTest
[INFO] Running org.yamcs.yarch.StreamSelect2Test
[INFO] Tests run: 15, Failures: 0, Errors: 0, Skipped: 0, Time elapsed: 1.605 s - in org.yamcs.yarch.StreamSelect2Test
[INFO] Running org.yamcs.yarch.SecondaryIndex3Test
[INFO] Tests run: 2, Failures: 0, Errors: 0, Skipped: 0, Time elapsed: 0.773 s - in org.yamcs.yarch.SecondaryIndex3Test
[INFO] Running org.yamcs.yarch.StarSelectTest
[INFO] Tests run: 1, Failures: 0, Errors: 0, Skipped: 0, Time elapsed: 0.38 s - in org.yamcs.yarch.StarSelectTest
[INFO] Running org.yamcs.yarch.EnumWithPartitionTest
[INFO] Tests run: 4, Failures: 0, Errors: 0, Skipped: 0, Time elapsed: 1.276 s - in org.yamcs.yarch.EnumWithPartitionTest
[INFO] Running org.yamcs.yarch.StreamSelectParameterValueTest
[INFO] Tests run: 1, Failures: 0, Errors: 0, Skipped: 0, Time elapsed: 0.512 s - in org.yamcs.yarch.StreamSelectParameterValueTest
[INFO] Running org.yamcs.yarch.Enum4Test
[INFO] Tests run: 1, Failures: 0, Errors: 0, Skipped: 0, Time elapsed: 0.456 s - in org.yamcs.yarch.Enum4Test
[INFO] Running org.yamcs.alarms.EventIdTest
[INFO] Tests run: 4, Failures: 0, Errors: 0, Skipped: 0, Time elapsed: 0.05 s - in org.yamcs.alarms.EventIdTest
[INFO] Running org.yamcs.alarms.AlarmServerTest
[INFO] Tests run: 7, Failures: 0, Errors: 0, Skipped: 0, Time elapsed: 0.61 s - in org.yamcs.alarms.AlarmServerTest
[INFO] Running org.yamcs.AlarmTest
[INFO] Tests run: 5, Failures: 0, Errors: 0, Skipped: 0, Time elapsed: 1.044 s - in org.yamcs.AlarmTest
[INFO] 
[INFO] Results:
[INFO] 
[WARNING] Tests run: 831, Failures: 0, Errors: 0, Skipped: 16
[INFO] 
[INFO] 
[INFO] ------------------------< org.yamcs:yamcs-tse >-------------------------
[INFO] Building Yamcs :: TSE 5.5.1-SNAPSHOT                              [6/22]
[INFO] --------------------------------[ jar ]---------------------------------
[INFO] 
[INFO] --- maven-clean-plugin:2.4.1:clean (default-clean) @ yamcs-tse ---
[INFO] Deleting /home/gabsko/breaking-updates/yamcs-tse/target
[INFO] 
[INFO] --- os-maven-plugin:1.6.2:detect (default) @ yamcs-tse ---
[INFO] ------------------------------------------------------------------------
[INFO] Detecting the operating system and CPU architecture
[INFO] ------------------------------------------------------------------------
[INFO] os.detected.name: linux
[INFO] os.detected.arch: x86_64
[INFO] os.detected.version: 5.4
[INFO] os.detected.version.major: 5
[INFO] os.detected.version.minor: 4
[INFO] os.detected.release: ubuntu
[INFO] os.detected.release.version: 18.04
[INFO] os.detected.release.like.ubuntu: true
[INFO] os.detected.release.like.debian: true
[INFO] os.detected.classifier: linux-x86_64
[INFO] 
[INFO] --- protobuf-maven-plugin:0.6.1:compile (default) @ yamcs-tse ---
[INFO] Compiling 1 proto file(s) to /home/gabsko/breaking-updates/yamcs-tse/target/generated-sources/protobuf/java
[INFO] 
[INFO] --- maven-resources-plugin:3.1.0:resources (default-resources) @ yamcs-tse ---
[INFO] Using 'UTF-8' encoding to copy filtered resources.
[INFO] Copying 1 resource
[INFO] Copying 1 resource
[INFO] 
[INFO] --- maven-compiler-plugin:3.8.0:compile (default-compile) @ yamcs-tse ---
[INFO] Changes detected - recompiling the module!
[INFO] Compiling 27 source files to /home/gabsko/breaking-updates/yamcs-tse/target/classes
[INFO] /home/gabsko/breaking-updates/yamcs-tse/target/generated-sources/protobuf/java/org/yamcs/tse/api/TseCommanderMessage.java: Some input files use or override a deprecated API.
[INFO] /home/gabsko/breaking-updates/yamcs-tse/target/generated-sources/protobuf/java/org/yamcs/tse/api/TseCommanderMessage.java: Recompile with -Xlint:deprecation for details.
[INFO] 
[INFO] >>> yamcs-maven-plugin:1.2.5:detect (default) > process-classes @ yamcs-tse >>>
[INFO] 
[INFO] --- os-maven-plugin:1.6.2:detect (default) @ yamcs-tse ---
[INFO] ------------------------------------------------------------------------
[INFO] Detecting the operating system and CPU architecture
[INFO] ------------------------------------------------------------------------
[INFO] os.detected.name: linux
[INFO] os.detected.arch: x86_64
[INFO] os.detected.version: 5.4
[INFO] os.detected.version.major: 5
[INFO] os.detected.version.minor: 4
[INFO] os.detected.release: ubuntu
[INFO] os.detected.release.version: 18.04
[INFO] os.detected.release.like.ubuntu: true
[INFO] os.detected.release.like.debian: true
[INFO] os.detected.classifier: linux-x86_64
[INFO] 
[INFO] --- protobuf-maven-plugin:0.6.1:compile (default) @ yamcs-tse ---
[INFO] Skipping compilation because target directory newer than sources.
[INFO] 
[INFO] --- maven-resources-plugin:3.1.0:resources (default-resources) @ yamcs-tse ---
[INFO] Using 'UTF-8' encoding to copy filtered resources.
[INFO] Copying 1 resource
[INFO] Copying 1 resource
[INFO] Copying 1 resource
[INFO] 
[INFO] --- maven-compiler-plugin:3.8.0:compile (default-compile) @ yamcs-tse ---
[INFO] Nothing to compile - all classes are up to date
[INFO] 
[INFO] <<< yamcs-maven-plugin:1.2.5:detect (default) < process-classes @ yamcs-tse <<<
[INFO] 
[INFO] 
[INFO] --- yamcs-maven-plugin:1.2.5:detect (default) @ yamcs-tse ---
[INFO] 
[INFO] --- maven-resources-plugin:3.1.0:testResources (default-testResources) @ yamcs-tse ---
[INFO] Using 'UTF-8' encoding to copy filtered resources.
[INFO] skip non existing resourceDirectory /home/gabsko/breaking-updates/yamcs-tse/src/test/resources
[INFO] 
[INFO] --- maven-compiler-plugin:3.8.0:testCompile (default-testCompile) @ yamcs-tse ---
[INFO] Changes detected - recompiling the module!
[INFO] Compiling 1 source file to /home/gabsko/breaking-updates/yamcs-tse/target/test-classes
[INFO] 
[INFO] --- maven-surefire-plugin:3.0.0-M3:test (default-test) @ yamcs-tse ---
[INFO] 
[INFO] -------------------------------------------------------
[INFO]  T E S T S
[INFO] -------------------------------------------------------
[INFO] Running org.yamcs.tse.ResponseBufferTest
[INFO] Tests run: 1, Failures: 0, Errors: 0, Skipped: 0, Time elapsed: 0.039 s - in org.yamcs.tse.ResponseBufferTest
[INFO] 
[INFO] Results:
[INFO] 
[INFO] Tests run: 1, Failures: 0, Errors: 0, Skipped: 0
[INFO] 
[INFO] 
[INFO] ------------------------< org.yamcs:simulator >-------------------------
[INFO] Building Yamcs :: Simulator 5.5.1-SNAPSHOT                        [7/22]
[INFO] --------------------------------[ jar ]---------------------------------
[INFO] 
[INFO] --- maven-clean-plugin:2.4.1:clean (default-clean) @ simulator ---
[INFO] Deleting /home/gabsko/breaking-updates/simulator/target
[INFO] 
[INFO] --- maven-resources-plugin:3.1.0:resources (default-resources) @ simulator ---
[INFO] Using 'UTF-8' encoding to copy filtered resources.
[INFO] Copying 7 resources
[INFO] 
[INFO] --- maven-compiler-plugin:3.8.0:compile (default-compile) @ simulator ---
[INFO] Changes detected - recompiling the module!
[INFO] Compiling 34 source files to /home/gabsko/breaking-updates/simulator/target/classes
[INFO] /home/gabsko/breaking-updates/simulator/src/main/java/org/yamcs/simulator/PerfMdbLoader.java: /home/gabsko/breaking-updates/simulator/src/main/java/org/yamcs/simulator/PerfMdbLoader.java uses or overrides a deprecated API.
[INFO] /home/gabsko/breaking-updates/simulator/src/main/java/org/yamcs/simulator/PerfMdbLoader.java: Recompile with -Xlint:deprecation for details.
[INFO] 
[INFO] --- maven-resources-plugin:3.1.0:testResources (default-testResources) @ simulator ---
[INFO] Using 'UTF-8' encoding to copy filtered resources.
[INFO] skip non existing resourceDirectory /home/gabsko/breaking-updates/simulator/src/test/resources
[INFO] 
[INFO] --- maven-compiler-plugin:3.8.0:testCompile (default-testCompile) @ simulator ---
[INFO] No sources to compile
[INFO] 
[INFO] --- maven-surefire-plugin:3.0.0-M3:test (default-test) @ simulator ---
[INFO] No tests to run.
[INFO] 
[INFO] ------------------------< org.yamcs:yamcs-web >-------------------------
[INFO] Building Yamcs :: Web Interface 5.5.1-SNAPSHOT                    [8/22]
[INFO] --------------------------------[ jar ]---------------------------------
[INFO] 
[INFO] --- maven-clean-plugin:2.4.1:clean (default-clean) @ yamcs-web ---
[INFO] Deleting /home/gabsko/breaking-updates/yamcs-web/target
[INFO] 
[INFO] --- maven-resources-plugin:3.1.0:resources (default-resources) @ yamcs-web ---
[INFO] Using 'UTF-8' encoding to copy filtered resources.
[INFO] Copying 1 resource
[INFO] skip non existing resourceDirectory /home/gabsko/breaking-updates/yamcs-web/target/webapp
[INFO] 
[INFO] --- maven-compiler-plugin:3.8.0:compile (default-compile) @ yamcs-web ---
[INFO] Changes detected - recompiling the module!
[INFO] Compiling 2 source files to /home/gabsko/breaking-updates/yamcs-web/target/classes
[INFO] 
[INFO] >>> yamcs-maven-plugin:1.2.5:detect (default) > process-classes @ yamcs-web >>>
[INFO] 
[INFO] --- maven-resources-plugin:3.1.0:resources (default-resources) @ yamcs-web ---
[INFO] Using 'UTF-8' encoding to copy filtered resources.
[INFO] Copying 1 resource
[INFO] skip non existing resourceDirectory /home/gabsko/breaking-updates/yamcs-web/target/webapp
[INFO] 
[INFO] --- maven-compiler-plugin:3.8.0:compile (default-compile) @ yamcs-web ---
[INFO] Nothing to compile - all classes are up to date
[INFO] 
[INFO] <<< yamcs-maven-plugin:1.2.5:detect (default) < process-classes @ yamcs-web <<<
[INFO] 
[INFO] 
[INFO] --- yamcs-maven-plugin:1.2.5:detect (default) @ yamcs-web ---
[INFO] 
[INFO] --- maven-resources-plugin:3.1.0:testResources (default-testResources) @ yamcs-web ---
[INFO] Using 'UTF-8' encoding to copy filtered resources.
[INFO] skip non existing resourceDirectory /home/gabsko/breaking-updates/yamcs-web/src/test/resources
[INFO] 
[INFO] --- maven-compiler-plugin:3.8.0:testCompile (default-testCompile) @ yamcs-web ---
[INFO] No sources to compile
[INFO] 
[INFO] --- maven-surefire-plugin:3.0.0-M3:test (default-test) @ yamcs-web ---
[INFO] No tests to run.
[INFO] 
[INFO] --------------------< org.yamcs.examples:examples >---------------------
[INFO] Building Yamcs :: Examples 5.5.1-SNAPSHOT                         [9/22]
[INFO] --------------------------------[ pom ]---------------------------------
[INFO] 
[INFO] --- maven-clean-plugin:2.4.1:clean (default-clean) @ examples ---
[INFO] 
[INFO] ------------------< org.yamcs.examples:ccsds-frames >-------------------
[INFO] Building Yamcs :: Examples :: CCSDS Frames 5.5.1-SNAPSHOT        [10/22]
[INFO] --------------------------------[ jar ]---------------------------------
[INFO] 
[INFO] --- maven-clean-plugin:2.4.1:clean (default-clean) @ ccsds-frames ---
[INFO] Deleting /home/gabsko/breaking-updates/examples/ccsds-frames/target
[INFO] 
[INFO] --- maven-resources-plugin:3.1.0:resources (default-resources) @ ccsds-frames ---
[INFO] Using 'UTF-8' encoding to copy filtered resources.
[INFO] skip non existing resourceDirectory /home/gabsko/breaking-updates/examples/ccsds-frames/src/main/resources
[INFO] 
[INFO] --- maven-compiler-plugin:3.8.0:compile (default-compile) @ ccsds-frames ---
[INFO] Changes detected - recompiling the module!
[INFO] Compiling 1 source file to /home/gabsko/breaking-updates/examples/ccsds-frames/target/classes
[INFO] 
[INFO] --- maven-resources-plugin:3.1.0:testResources (default-testResources) @ ccsds-frames ---
[INFO] Using 'UTF-8' encoding to copy filtered resources.
[INFO] skip non existing resourceDirectory /home/gabsko/breaking-updates/examples/ccsds-frames/src/test/resources
[INFO] 
[INFO] --- maven-compiler-plugin:3.8.0:testCompile (default-testCompile) @ ccsds-frames ---
[INFO] No sources to compile
[INFO] 
[INFO] --- maven-surefire-plugin:3.0.0-M3:test (default-test) @ ccsds-frames ---
[INFO] No tests to run.
[INFO] 
[INFO] ----------------------< org.yamcs.examples:cfdp >-----------------------
[INFO] Building Yamcs :: Examples :: CFDP 5.5.1-SNAPSHOT                [11/22]
[INFO] --------------------------------[ jar ]---------------------------------
[INFO] 
[INFO] --- maven-clean-plugin:2.4.1:clean (default-clean) @ cfdp ---
[INFO] 
[INFO] --- maven-resources-plugin:3.1.0:resources (default-resources) @ cfdp ---
[INFO] Using 'UTF-8' encoding to copy filtered resources.
[INFO] skip non existing resourceDirectory /home/gabsko/breaking-updates/examples/cfdp/src/main/resources
[INFO] 
[INFO] --- maven-compiler-plugin:3.8.0:compile (default-compile) @ cfdp ---
[INFO] No sources to compile
[INFO] 
[INFO] --- maven-resources-plugin:3.1.0:testResources (default-testResources) @ cfdp ---
[INFO] Using 'UTF-8' encoding to copy filtered resources.
[INFO] skip non existing resourceDirectory /home/gabsko/breaking-updates/examples/cfdp/src/test/resources
[INFO] 
[INFO] --- maven-compiler-plugin:3.8.0:testCompile (default-testCompile) @ cfdp ---
[INFO] No sources to compile
[INFO] 
[INFO] --- maven-surefire-plugin:3.0.0-M3:test (default-test) @ cfdp ---
[INFO] No tests to run.
[INFO] 
[INFO] --------------------< org.yamcs.examples:perftest1 >--------------------
[INFO] Building Yamcs :: Examples :: Perftest1 5.5.1-SNAPSHOT           [12/22]
[INFO] --------------------------------[ jar ]---------------------------------
[INFO] 
[INFO] --- maven-clean-plugin:2.4.1:clean (default-clean) @ perftest1 ---
[INFO] 
[INFO] --- maven-resources-plugin:3.1.0:resources (default-resources) @ perftest1 ---
[INFO] Using 'UTF-8' encoding to copy filtered resources.
[INFO] skip non existing resourceDirectory /home/gabsko/breaking-updates/examples/perftest1/src/main/resources
[INFO] 
[INFO] --- maven-compiler-plugin:3.8.0:compile (default-compile) @ perftest1 ---
[INFO] No sources to compile
[INFO] 
[INFO] --- maven-resources-plugin:3.1.0:testResources (default-testResources) @ perftest1 ---
[INFO] Using 'UTF-8' encoding to copy filtered resources.
[INFO] skip non existing resourceDirectory /home/gabsko/breaking-updates/examples/perftest1/src/test/resources
[INFO] 
[INFO] --- maven-compiler-plugin:3.8.0:testCompile (default-testCompile) @ perftest1 ---
[INFO] No sources to compile
[INFO] 
[INFO] --- maven-surefire-plugin:3.0.0-M3:test (default-test) @ perftest1 ---
[INFO] No tests to run.
[INFO] 
[INFO] --------------------< org.yamcs.examples:perftest2 >--------------------
[INFO] Building Yamcs :: Examples :: Perftest2 5.5.1-SNAPSHOT           [13/22]
[INFO] --------------------------------[ jar ]---------------------------------
[INFO] 
[INFO] --- maven-clean-plugin:2.4.1:clean (default-clean) @ perftest2 ---
[INFO] 
[INFO] --- maven-resources-plugin:3.1.0:resources (default-resources) @ perftest2 ---
[INFO] Using 'UTF-8' encoding to copy filtered resources.
[INFO] skip non existing resourceDirectory /home/gabsko/breaking-updates/examples/perftest2/src/main/resources
[INFO] 
[INFO] --- maven-compiler-plugin:3.8.0:compile (default-compile) @ perftest2 ---
[INFO] No sources to compile
[INFO] 
[INFO] --- maven-resources-plugin:3.1.0:testResources (default-testResources) @ perftest2 ---
[INFO] Using 'UTF-8' encoding to copy filtered resources.
[INFO] skip non existing resourceDirectory /home/gabsko/breaking-updates/examples/perftest2/src/test/resources
[INFO] 
[INFO] --- maven-compiler-plugin:3.8.0:testCompile (default-testCompile) @ perftest2 ---
[INFO] No sources to compile
[INFO] 
[INFO] --- maven-surefire-plugin:3.0.0-M3:test (default-test) @ perftest2 ---
[INFO] No tests to run.
[INFO] 
[INFO] ------------------< org.yamcs.examples:replication1 >-------------------
[INFO] Building Yamcs :: Examples :: Replication1 5.5.1-SNAPSHOT        [14/22]
[INFO] --------------------------------[ jar ]---------------------------------
[INFO] 
[INFO] --- maven-clean-plugin:2.4.1:clean (default-clean) @ replication1 ---
[INFO] 
[INFO] --- maven-resources-plugin:3.1.0:resources (default-resources) @ replication1 ---
[INFO] Using 'UTF-8' encoding to copy filtered resources.
[INFO] skip non existing resourceDirectory /home/gabsko/breaking-updates/examples/replication1/src/main/resources
[INFO] 
[INFO] --- maven-compiler-plugin:3.8.0:compile (default-compile) @ replication1 ---
[INFO] No sources to compile
[INFO] 
[INFO] --- maven-resources-plugin:3.1.0:testResources (default-testResources) @ replication1 ---
[INFO] Using 'UTF-8' encoding to copy filtered resources.
[INFO] skip non existing resourceDirectory /home/gabsko/breaking-updates/examples/replication1/src/test/resources
[INFO] 
[INFO] --- maven-compiler-plugin:3.8.0:testCompile (default-testCompile) @ replication1 ---
[INFO] No sources to compile
[INFO] 
[INFO] --- maven-surefire-plugin:3.0.0-M3:test (default-test) @ replication1 ---
[INFO] No tests to run.
[INFO] 
[INFO] ------------------< org.yamcs.examples:replication2 >-------------------
[INFO] Building Yamcs :: Examples :: Replication2 5.5.1-SNAPSHOT        [15/22]
[INFO] --------------------------------[ jar ]---------------------------------
[INFO] 
[INFO] --- maven-clean-plugin:2.4.1:clean (default-clean) @ replication2 ---
[INFO] 
[INFO] --- maven-resources-plugin:3.1.0:resources (default-resources) @ replication2 ---
[INFO] Using 'UTF-8' encoding to copy filtered resources.
[INFO] skip non existing resourceDirectory /home/gabsko/breaking-updates/examples/replication2/src/main/resources
[INFO] 
[INFO] --- maven-compiler-plugin:3.8.0:compile (default-compile) @ replication2 ---
[INFO] No sources to compile
[INFO] 
[INFO] --- maven-resources-plugin:3.1.0:testResources (default-testResources) @ replication2 ---
[INFO] Using 'UTF-8' encoding to copy filtered resources.
[INFO] skip non existing resourceDirectory /home/gabsko/breaking-updates/examples/replication2/src/test/resources
[INFO] 
[INFO] --- maven-compiler-plugin:3.8.0:testCompile (default-testCompile) @ replication2 ---
[INFO] No sources to compile
[INFO] 
[INFO] --- maven-surefire-plugin:3.0.0-M3:test (default-test) @ replication2 ---
[INFO] No tests to run.
[INFO] 
[INFO] ------------------< org.yamcs.examples:replication3 >-------------------
[INFO] Building Yamcs :: Examples :: Replication3 5.5.1-SNAPSHOT        [16/22]
[INFO] --------------------------------[ jar ]---------------------------------
[INFO] 
[INFO] --- maven-clean-plugin:2.4.1:clean (default-clean) @ replication3 ---
[INFO] 
[INFO] --- maven-resources-plugin:3.1.0:resources (default-resources) @ replication3 ---
[INFO] Using 'UTF-8' encoding to copy filtered resources.
[INFO] skip non existing resourceDirectory /home/gabsko/breaking-updates/examples/replication3/src/main/resources
[INFO] 
[INFO] --- maven-compiler-plugin:3.8.0:compile (default-compile) @ replication3 ---
[INFO] No sources to compile
[INFO] 
[INFO] --- maven-resources-plugin:3.1.0:testResources (default-testResources) @ replication3 ---
[INFO] Using 'UTF-8' encoding to copy filtered resources.
[INFO] skip non existing resourceDirectory /home/gabsko/breaking-updates/examples/replication3/src/test/resources
[INFO] 
[INFO] --- maven-compiler-plugin:3.8.0:testCompile (default-testCompile) @ replication3 ---
[INFO] No sources to compile
[INFO] 
[INFO] --- maven-surefire-plugin:3.0.0-M3:test (default-test) @ replication3 ---
[INFO] No tests to run.
[INFO] 
[INFO] -------------------< org.yamcs.examples:simulation >--------------------
[INFO] Building Yamcs :: Examples :: Simulation 5.5.1-SNAPSHOT          [17/22]
[INFO] --------------------------------[ jar ]---------------------------------
[INFO] 
[INFO] --- maven-clean-plugin:2.4.1:clean (default-clean) @ simulation ---
[INFO] 
[INFO] --- maven-resources-plugin:3.1.0:resources (default-resources) @ simulation ---
[INFO] Using 'UTF-8' encoding to copy filtered resources.
[INFO] skip non existing resourceDirectory /home/gabsko/breaking-updates/examples/simulation/src/main/resources
[INFO] 
[INFO] --- maven-compiler-plugin:3.8.0:compile (default-compile) @ simulation ---
[INFO] No sources to compile
[INFO] 
[INFO] --- maven-resources-plugin:3.1.0:testResources (default-testResources) @ simulation ---
[INFO] Using 'UTF-8' encoding to copy filtered resources.
[INFO] skip non existing resourceDirectory /home/gabsko/breaking-updates/examples/simulation/src/test/resources
[INFO] 
[INFO] --- maven-compiler-plugin:3.8.0:testCompile (default-testCompile) @ simulation ---
[INFO] No sources to compile
[INFO] 
[INFO] --- maven-surefire-plugin:3.0.0-M3:test (default-test) @ simulation ---
[INFO] No tests to run.
[INFO] 
[INFO] --------------------< org.yamcs.examples:snippets >---------------------
[INFO] Building Yamcs :: Examples :: Snippets 5.5.1-SNAPSHOT            [18/22]
[INFO] --------------------------------[ jar ]---------------------------------
[INFO] 
[INFO] --- maven-clean-plugin:2.4.1:clean (default-clean) @ snippets ---
[INFO] Deleting /home/gabsko/breaking-updates/examples/snippets/target
[INFO] 
[INFO] --- maven-resources-plugin:3.1.0:resources (default-resources) @ snippets ---
[INFO] Using 'UTF-8' encoding to copy filtered resources.
[INFO] Copying 1 resource
[INFO] 
[INFO] --- maven-compiler-plugin:3.8.0:compile (default-compile) @ snippets ---
[INFO] Changes detected - recompiling the module!
[INFO] Compiling 1 source file to /home/gabsko/breaking-updates/examples/snippets/target/classes
[INFO] 
[INFO] --- maven-resources-plugin:3.1.0:testResources (default-testResources) @ snippets ---
[INFO] Using 'UTF-8' encoding to copy filtered resources.
[INFO] skip non existing resourceDirectory /home/gabsko/breaking-updates/examples/snippets/src/test/resources
[INFO] 
[INFO] --- maven-compiler-plugin:3.8.0:testCompile (default-testCompile) @ snippets ---
[INFO] No sources to compile
[INFO] 
[INFO] --- maven-surefire-plugin:3.0.0-M3:test (default-test) @ snippets ---
[INFO] No tests to run.
[INFO] 
[INFO] --------------------< org.yamcs.examples:templates >--------------------
[INFO] Building Yamcs :: Examples :: Templates 5.5.1-SNAPSHOT           [19/22]
[INFO] --------------------------------[ jar ]---------------------------------
[INFO] 
[INFO] --- maven-clean-plugin:2.4.1:clean (default-clean) @ templates ---
[INFO] 
[INFO] --- maven-resources-plugin:3.1.0:resources (default-resources) @ templates ---
[INFO] Using 'UTF-8' encoding to copy filtered resources.
[INFO] skip non existing resourceDirectory /home/gabsko/breaking-updates/examples/templates/src/main/resources
[INFO] 
[INFO] --- maven-compiler-plugin:3.8.0:compile (default-compile) @ templates ---
[INFO] No sources to compile
[INFO] 
[INFO] --- maven-resources-plugin:3.1.0:testResources (default-testResources) @ templates ---
[INFO] Using 'UTF-8' encoding to copy filtered resources.
[INFO] skip non existing resourceDirectory /home/gabsko/breaking-updates/examples/templates/src/test/resources
[INFO] 
[INFO] --- maven-compiler-plugin:3.8.0:testCompile (default-testCompile) @ templates ---
[INFO] No sources to compile
[INFO] 
[INFO] --- maven-surefire-plugin:3.0.0-M3:test (default-test) @ templates ---
[INFO] No tests to run.
[INFO] 
[INFO] -----------------------< org.yamcs.examples:pus >-----------------------
[INFO] Building Yamcs :: Examples :: PUS 5.5.1-SNAPSHOT                 [20/22]
[INFO] --------------------------------[ jar ]---------------------------------
[INFO] 
[INFO] --- maven-clean-plugin:2.4.1:clean (default-clean) @ pus ---
[INFO] 
[INFO] --- maven-resources-plugin:3.1.0:resources (default-resources) @ pus ---
[INFO] Using 'UTF-8' encoding to copy filtered resources.
[INFO] skip non existing resourceDirectory /home/gabsko/breaking-updates/examples/pus/src/main/resources
[INFO] 
[INFO] --- maven-compiler-plugin:3.8.0:compile (default-compile) @ pus ---
[INFO] No sources to compile
[INFO] 
[INFO] --- maven-resources-plugin:3.1.0:testResources (default-testResources) @ pus ---
[INFO] Using 'UTF-8' encoding to copy filtered resources.
[INFO] skip non existing resourceDirectory /home/gabsko/breaking-updates/examples/pus/src/test/resources
[INFO] 
[INFO] --- maven-compiler-plugin:3.8.0:testCompile (default-testCompile) @ pus ---
[INFO] No sources to compile
[INFO] 
[INFO] --- maven-surefire-plugin:3.0.0-M3:test (default-test) @ pus ---
[INFO] No tests to run.
[INFO] 
[INFO] ----------------------< org.yamcs:packet-viewer >-----------------------
[INFO] Building Yamcs :: Packet Viewer 5.5.1-SNAPSHOT                   [21/22]
[INFO] --------------------------------[ jar ]---------------------------------
[INFO] 
[INFO] --- maven-clean-plugin:2.4.1:clean (default-clean) @ packet-viewer ---
[INFO] Deleting /home/gabsko/breaking-updates/packet-viewer/target
[INFO] 
[INFO] --- maven-resources-plugin:3.1.0:resources (default-resources) @ packet-viewer ---
[INFO] Using 'UTF-8' encoding to copy filtered resources.
[INFO] Copying 3 resources
[INFO] 
[INFO] --- maven-compiler-plugin:3.8.0:compile (default-compile) @ packet-viewer ---
[INFO] Changes detected - recompiling the module!
[INFO] Compiling 28 source files to /home/gabsko/breaking-updates/packet-viewer/target/classes
[INFO] 
[INFO] --- maven-resources-plugin:3.1.0:testResources (default-testResources) @ packet-viewer ---
[INFO] Using 'UTF-8' encoding to copy filtered resources.
[INFO] skip non existing resourceDirectory /home/gabsko/breaking-updates/packet-viewer/src/test/resources
[INFO] 
[INFO] --- maven-compiler-plugin:3.8.0:testCompile (default-testCompile) @ packet-viewer ---
[INFO] No sources to compile
[INFO] 
[INFO] --- maven-surefire-plugin:3.0.0-M3:test (default-test) @ packet-viewer ---
[INFO] No tests to run.
[INFO] 
[INFO] -----------------------< org.yamcs:distribution >-----------------------
[INFO] Building Yamcs :: Distribution 5.5.1-SNAPSHOT                    [22/22]
[INFO] --------------------------------[ pom ]---------------------------------
[INFO] 
[INFO] --- maven-clean-plugin:2.4.1:clean (default-clean) @ distribution ---
[INFO] ------------------------------------------------------------------------
[INFO] Reactor Summary for Yamcs 5.5.1-SNAPSHOT:
[INFO] 
[INFO] Yamcs .............................................. SUCCESS [  0.080 s]
[INFO] Yamcs :: API ....................................... SUCCESS [ 13.053 s]
[INFO] Yamcs :: Yamcs Client .............................. SUCCESS [  1.373 s]
[INFO] Yamcs :: XTCE ...................................... SUCCESS [  1.296 s]
[INFO] Yamcs :: Core ...................................... SUCCESS [07:11 min]
[INFO] Yamcs :: TSE ....................................... SUCCESS [  1.257 s]
[INFO] Yamcs :: Simulator ................................. SUCCESS [  0.195 s]
[INFO] Yamcs :: Web Interface ............................. SUCCESS [  0.211 s]
[INFO] Yamcs :: Examples .................................. SUCCESS [  0.001 s]
[INFO] Yamcs :: Examples :: CCSDS Frames .................. SUCCESS [  0.062 s]
[INFO] Yamcs :: Examples :: CFDP .......................... SUCCESS [  0.007 s]
[INFO] Yamcs :: Examples :: Perftest1 ..................... SUCCESS [  0.006 s]
[INFO] Yamcs :: Examples :: Perftest2 ..................... SUCCESS [  0.006 s]
[INFO] Yamcs :: Examples :: Replication1 .................. SUCCESS [  0.006 s]
[INFO] Yamcs :: Examples :: Replication2 .................. SUCCESS [  0.005 s]
[INFO] Yamcs :: Examples :: Replication3 .................. SUCCESS [  0.007 s]
[INFO] Yamcs :: Examples :: Simulation .................... SUCCESS [  0.007 s]
[INFO] Yamcs :: Examples :: Snippets ...................... SUCCESS [  0.062 s]
[INFO] Yamcs :: Examples :: Templates ..................... SUCCESS [  0.007 s]
[INFO] Yamcs :: Examples :: PUS ........................... SUCCESS [  0.006 s]
[INFO] Yamcs :: Packet Viewer ............................. SUCCESS [  0.249 s]
[INFO] Yamcs :: Distribution .............................. SUCCESS [  0.000 s]
[INFO] ------------------------------------------------------------------------
[INFO] BUILD SUCCESS
[INFO] ------------------------------------------------------------------------
[INFO] Total time:  07:30 min
[INFO] Finished at: 2023-01-18T14:34:22Z
[INFO] ------------------------------------------------------------------------
