[INFO] Scanning for projects...
[ERROR] [ERROR] Some problems were encountered while processing the POMs:
[ERROR] Non-resolvable import POM: Could not find artifact io.quarkus:quarkus-bom:pom:999-SNAPSHOT @ line 87, column 25
[ERROR] Non-resolvable import POM: Could not find artifact io.quarkus.qe:quarkus-test-parent:pom:0.0.3-SNAPSHOT @ line 95, column 25
[ERROR] 'dependencies.dependency.version' for io.quarkus:quarkus-junit5:jar is missing. @ line 153, column 21
[ERROR] 'dependencies.dependency.version' for io.rest-assured:rest-assured:jar is missing. @ line 158, column 21
[ERROR] 'dependencies.dependency.version' for org.awaitility:awaitility:jar is missing. @ line 163, column 21
 @ 
[ERROR] The build could not read 1 project -> [Help 1]
[ERROR]   
[ERROR]   The project io.quarkus.ts.qe:parent:1.0.0-SNAPSHOT (/home/gabsko/breaking-updates/pom.xml) has 5 errors
[ERROR]     Non-resolvable import POM: Could not find artifact io.quarkus:quarkus-bom:pom:999-SNAPSHOT @ line 87, column 25 -> [Help 2]
[ERROR]     Non-resolvable import POM: Could not find artifact io.quarkus.qe:quarkus-test-parent:pom:0.0.3-SNAPSHOT @ line 95, column 25 -> [Help 2]
[ERROR]     'dependencies.dependency.version' for io.quarkus:quarkus-junit5:jar is missing. @ line 153, column 21
[ERROR]     'dependencies.dependency.version' for io.rest-assured:rest-assured:jar is missing. @ line 158, column 21
[ERROR]     'dependencies.dependency.version' for org.awaitility:awaitility:jar is missing. @ line 163, column 21
[ERROR] 
[ERROR] To see the full stack trace of the errors, re-run Maven with the -e switch.
[ERROR] Re-run Maven using the -X switch to enable full debug logging.
[ERROR] 
[ERROR] For more information about the errors and possible solutions, please read the following articles:
[ERROR] [Help 1] http://cwiki.apache.org/confluence/display/MAVEN/ProjectBuildingException
[ERROR] [Help 2] http://cwiki.apache.org/confluence/display/MAVEN/UnresolvableModelException
