[INFO] Scanning for projects...
[WARNING] The POM for org.jenkins-ci.tools:maven-hpi-plugin:jar:3.27 is missing, no dependency information available
[WARNING] Failed to build parent project for io.jenkins.configuration-as-code:parent:pom:999999-SNAPSHOT
[INFO] ------------------------------------------------------------------------
[INFO] Reactor Build Order:
[INFO] 
[INFO] Configuration as Code Parent                                       [pom]
[INFO] Configuration as Code Plugin                                       [hpi]
[INFO] Configuration as Code Test harness                                 [jar]
[INFO] Configuration as Code Integration tests                            [jar]
[INFO] 
[INFO] --------------< io.jenkins.configuration-as-code:parent >---------------
[INFO] Building Configuration as Code Parent 999999-SNAPSHOT              [1/4]
[INFO] --------------------------------[ pom ]---------------------------------
[INFO] 
[INFO] --- maven-clean-plugin:3.2.0:clean (default-clean) @ parent ---
[INFO] Deleting /home/gabsko/breaking-updates/target
[INFO] 
[INFO] --- maven-enforcer-plugin:3.0.0:display-info (display-info) @ parent ---
[INFO] Maven Version: 3.8.6
[INFO] JDK Version: 11.0.17 normalized as: 11.0.17
[INFO] Java Vendor: Ubuntu
[INFO] OS Info: Arch: amd64 Family: unix Name: linux Version: 5.4.0-113-generic
[INFO] 
[INFO] --- maven-enforcer-plugin:3.0.0:enforce (display-info) @ parent ---
[INFO] Adding ignore: module-info
[INFO] Ignoring requireUpperBoundDeps in org.ow2.asm:asm
[INFO] Ignoring requireUpperBoundDeps in javax.servlet:javax.servlet-api
[INFO] 
[INFO] --- maven-enforcer-plugin:3.0.0:enforce (no-snapshots-in-release) @ parent ---
[INFO] 
[INFO] --- gmavenplus-plugin:1.13.1:addTestSources (test-in-groovy) @ parent ---
[INFO] 
[INFO] --- localizer-maven-plugin:1.31:generate (default) @ parent ---
[INFO] 
[INFO] --- flatten-maven-plugin:1.2.7:flatten (flatten) @ parent ---
[INFO] Generating flattened POM of project io.jenkins.configuration-as-code:parent:pom:999999-SNAPSHOT...
[INFO] 
[INFO] --- gmavenplus-plugin:1.13.1:generateTestStubs (test-in-groovy) @ parent ---
[INFO] No sources specified for stub generation. Skipping.
[INFO] Generated 0 stubs.
[INFO] 
[INFO] --- maven-antrun-plugin:3.0.0:run (createTempDir) @ parent ---
[INFO] Executing tasks
[INFO]     [mkdir] Created dir: /home/gabsko/breaking-updates/target/tmp
[INFO] Executed tasks
[INFO] 
[INFO] --- gmavenplus-plugin:1.13.1:compileTests (test-in-groovy) @ parent ---
[INFO] No sources specified for compilation. Skipping.
[INFO] 
[INFO] --- animal-sniffer-maven-plugin:1.21:check (check) @ parent ---
[INFO] Signature checking is skipped.
[INFO] 
[INFO] ------------------< io.jenkins:configuration-as-code >------------------
[INFO] Building Configuration as Code Plugin 999999-SNAPSHOT              [2/4]
[INFO] --------------------------------[ hpi ]---------------------------------
[INFO] 
[INFO] --- maven-clean-plugin:3.2.0:clean (default-clean) @ configuration-as-code ---
[INFO] Deleting /home/gabsko/breaking-updates/plugin/target
[INFO] 
[INFO] --- maven-hpi-plugin:3.27:validate (default-validate) @ configuration-as-code ---
[INFO] 
[INFO] --- maven-hpi-plugin:3.27:validate-hpi (default-validate-hpi) @ configuration-as-code ---
[INFO] 
[INFO] --- maven-enforcer-plugin:3.0.0:display-info (display-info) @ configuration-as-code ---
[INFO] Maven Version: 3.8.6
[INFO] JDK Version: 11.0.17 normalized as: 11.0.17
[INFO] Java Vendor: Ubuntu
[INFO] OS Info: Arch: amd64 Family: unix Name: linux Version: 5.4.0-113-generic
[INFO] 
[INFO] --- maven-enforcer-plugin:3.0.0:enforce (display-info) @ configuration-as-code ---
[INFO] Adding ignore: module-info
[INFO] Ignoring requireUpperBoundDeps in javax.servlet:javax.servlet-api
[INFO] Ignoring requireUpperBoundDeps in org.kohsuke:access-modifier-annotation
[INFO] Ignoring requireUpperBoundDeps in org.ow2.asm:asm
[INFO] 
[INFO] --- maven-enforcer-plugin:3.0.0:enforce (no-snapshots-in-release) @ configuration-as-code ---
[INFO] 
[INFO] --- maven-hpi-plugin:3.27:initialize (default-initialize) @ configuration-as-code ---
[INFO] 
[INFO] --- gmavenplus-plugin:1.13.1:addTestSources (test-in-groovy) @ configuration-as-code ---
[INFO] 
[INFO] --- localizer-maven-plugin:1.31:generate (default) @ configuration-as-code ---
[INFO] 
[INFO] --- maven-resources-plugin:3.2.0:resources (default-resources) @ configuration-as-code ---
[INFO] Using 'UTF-8' encoding to copy filtered resources.
[INFO] Using 'UTF-8' encoding to copy filtered properties files.
[INFO] Copying 14 resources
[INFO] 
[INFO] --- flatten-maven-plugin:1.2.7:flatten (flatten) @ configuration-as-code ---
[INFO] Generating flattened POM of project io.jenkins:configuration-as-code:hpi:999999-SNAPSHOT...
[INFO] 
[INFO] --- maven-compiler-plugin:3.10.1:compile (default-compile) @ configuration-as-code ---
[INFO] Changes detected - recompiling the module!
[INFO] Compiling 66 source files to /home/gabsko/breaking-updates/plugin/target/classes
[INFO] 
[INFO] --- access-modifier-checker:1.27:enforce (default-enforce) @ configuration-as-code ---
[INFO] 
[INFO] --- maven-hpi-plugin:3.27:insert-test (default-insert-test) @ configuration-as-code ---
[INFO] 
[INFO] --- gmavenplus-plugin:1.13.1:generateTestStubs (test-in-groovy) @ configuration-as-code ---
[INFO] No sources specified for stub generation. Skipping.
[INFO] Generated 0 stubs.
[INFO] 
[INFO] --- maven-antrun-plugin:3.0.0:run (createTempDir) @ configuration-as-code ---
[INFO] Executing tasks
[INFO]     [mkdir] Created dir: /home/gabsko/breaking-updates/plugin/target/tmp
[INFO] Executed tasks
[INFO] 
[INFO] --- maven-resources-plugin:3.2.0:testResources (default-testResources) @ configuration-as-code ---
[INFO] Using 'UTF-8' encoding to copy filtered resources.
[INFO] Using 'UTF-8' encoding to copy filtered properties files.
[INFO] Copying 17 resources
[INFO] 
[INFO] --- maven-compiler-plugin:3.10.1:testCompile (default-testCompile) @ configuration-as-code ---
[INFO] Changes detected - recompiling the module!
[INFO] Compiling 22 source files to /home/gabsko/breaking-updates/plugin/target/test-classes
[INFO] 
[INFO] --- maven-hpi-plugin:3.27:test-hpl (default-test-hpl) @ configuration-as-code ---
[INFO] Generating /home/gabsko/breaking-updates/plugin/target/test-classes/the.hpl
[INFO] 
[INFO] --- maven-hpi-plugin:3.27:resolve-test-dependencies (default-resolve-test-dependencies) @ configuration-as-code ---
[INFO] Downloading from repo.jenkins-ci.org: https://repo.jenkins-ci.org/public/io/jenkins/plugins/snakeyaml-api/1.30.1/snakeyaml-api-1.30.1.hpi
[INFO] Downloaded from repo.jenkins-ci.org: https://repo.jenkins-ci.org/public/io/jenkins/plugins/snakeyaml-api/1.30.1/snakeyaml-api-1.30.1.hpi (298 kB at 156 kB/s)
[INFO] 
[INFO] --- gmavenplus-plugin:1.13.1:compileTests (test-in-groovy) @ configuration-as-code ---
[INFO] No sources specified for compilation. Skipping.
[INFO] 
[INFO] --- maven-hpi-plugin:3.27:test-runtime (default-test-runtime) @ configuration-as-code ---
[INFO] Setting jenkins.insaneHook to --patch-module=java.base=/tmp/org-netbeans-insane-hook2587184683499438743.jar --add-exports=java.base/org.netbeans.insane.hook=ALL-UNNAMED
[INFO] 
[INFO] --- maven-surefire-plugin:3.0.0-M6:test (default-test) @ configuration-as-code ---
[INFO] Using auto detected provider org.apache.maven.surefire.junit4.JUnit4Provider
[INFO] 
[INFO] -------------------------------------------------------
[INFO]  T E S T S
[INFO] -------------------------------------------------------
[INFO] Running InjectedTest
WARNING: An illegal reflective access operation has occurred
WARNING: Illegal reflective access by org.codehaus.groovy.vmplugin.v7.Java7$1 (file:/home/gabsko/.m2/repository/org/codehaus/groovy/groovy-all/2.4.12/groovy-all-2.4.12.jar) to constructor java.lang.invoke.MethodHandles$Lookup(java.lang.Class,int)
WARNING: Please consider reporting this to the maintainers of org.codehaus.groovy.vmplugin.v7.Java7$1
WARNING: Use --illegal-access=warn to enable warnings of further illegal reflective access operations
WARNING: All illegal access operations will be denied in a future release
[INFO] Tests run: 13, Failures: 0, Errors: 0, Skipped: 0, Time elapsed: 6.061 s - in InjectedTest
[INFO] Running io.jenkins.plugins.casc.AttributeTest
[INFO] Tests run: 4, Failures: 0, Errors: 0, Skipped: 0, Time elapsed: 0.079 s - in io.jenkins.plugins.casc.AttributeTest
[INFO] Running io.jenkins.plugins.casc.IgnoreAliasEntryTest
[INFO] Tests run: 3, Failures: 0, Errors: 0, Skipped: 0, Time elapsed: 0.058 s - in io.jenkins.plugins.casc.IgnoreAliasEntryTest
[INFO] Running io.jenkins.plugins.casc.SecretSourceResolverTest
WARNING: An illegal reflective access operation has occurred
WARNING: Illegal reflective access by org.codehaus.groovy.vmplugin.v7.Java7$1 (file:/home/gabsko/.m2/repository/org/codehaus/groovy/groovy-all/2.4.12/groovy-all-2.4.12.jar) to constructor java.lang.invoke.MethodHandles$Lookup(java.lang.Class,int)
WARNING: Please consider reporting this to the maintainers of org.codehaus.groovy.vmplugin.v7.Java7$1
WARNING: Use --illegal-access=warn to enable warnings of further illegal reflective access operations
WARNING: All illegal access operations will be denied in a future release
[INFO] Tests run: 40, Failures: 0, Errors: 0, Skipped: 0, Time elapsed: 3.251 s - in io.jenkins.plugins.casc.SecretSourceResolverTest
[INFO] Running io.jenkins.plugins.casc.TokenReloadCrumbExclusionTest
[INFO] Tests run: 3, Failures: 0, Errors: 0, Skipped: 0, Time elapsed: 0.091 s - in io.jenkins.plugins.casc.TokenReloadCrumbExclusionTest
[INFO] Running io.jenkins.plugins.casc.UnknownRootElementTest
WARNING: An illegal reflective access operation has occurred
WARNING: Illegal reflective access by org.codehaus.groovy.vmplugin.v7.Java7$1 (file:/home/gabsko/.m2/repository/org/codehaus/groovy/groovy-all/2.4.12/groovy-all-2.4.12.jar) to constructor java.lang.invoke.MethodHandles$Lookup(java.lang.Class,int)
WARNING: Please consider reporting this to the maintainers of org.codehaus.groovy.vmplugin.v7.Java7$1
WARNING: Use --illegal-access=warn to enable warnings of further illegal reflective access operations
WARNING: All illegal access operations will be denied in a future release
[INFO] Tests run: 3, Failures: 0, Errors: 0, Skipped: 0, Time elapsed: 4.734 s - in io.jenkins.plugins.casc.UnknownRootElementTest
[INFO] Running io.jenkins.plugins.casc.impl.configurators.PrimitiveConfiguratorTest
WARNING: An illegal reflective access operation has occurred
WARNING: Illegal reflective access by org.codehaus.groovy.vmplugin.v7.Java7$1 (file:/home/gabsko/.m2/repository/org/codehaus/groovy/groovy-all/2.4.12/groovy-all-2.4.12.jar) to constructor java.lang.invoke.MethodHandles$Lookup(java.lang.Class,int)
WARNING: Please consider reporting this to the maintainers of org.codehaus.groovy.vmplugin.v7.Java7$1
WARNING: Use --illegal-access=warn to enable warnings of further illegal reflective access operations
WARNING: All illegal access operations will be denied in a future release
[INFO] Tests run: 10, Failures: 0, Errors: 0, Skipped: 0, Time elapsed: 3.899 s - in io.jenkins.plugins.casc.impl.configurators.PrimitiveConfiguratorTest
[INFO] Running io.jenkins.plugins.casc.model.MappingTest
[INFO] Tests run: 2, Failures: 0, Errors: 0, Skipped: 0, Time elapsed: 0.044 s - in io.jenkins.plugins.casc.model.MappingTest
[INFO] Running io.jenkins.plugins.casc.permissions.PermissionsTest
WARNING: An illegal reflective access operation has occurred
WARNING: Illegal reflective access by org.codehaus.groovy.vmplugin.v7.Java7$1 (file:/home/gabsko/.m2/repository/org/codehaus/groovy/groovy-all/2.4.12/groovy-all-2.4.12.jar) to constructor java.lang.invoke.MethodHandles$Lookup(java.lang.Class,int)
WARNING: Please consider reporting this to the maintainers of org.codehaus.groovy.vmplugin.v7.Java7$1
WARNING: Use --illegal-access=warn to enable warnings of further illegal reflective access operations
WARNING: All illegal access operations will be denied in a future release
[INFO] Tests run: 4, Failures: 0, Errors: 0, Skipped: 0, Time elapsed: 24.326 s - in io.jenkins.plugins.casc.permissions.PermissionsTest
[INFO] Running io.jenkins.plugins.casc.yaml.ErrorOnConflictMergeStrategyTest
WARNING: An illegal reflective access operation has occurred
WARNING: Illegal reflective access by org.codehaus.groovy.vmplugin.v7.Java7$1 (file:/home/gabsko/.m2/repository/org/codehaus/groovy/groovy-all/2.4.12/groovy-all-2.4.12.jar) to constructor java.lang.invoke.MethodHandles$Lookup(java.lang.Class,int)
WARNING: Please consider reporting this to the maintainers of org.codehaus.groovy.vmplugin.v7.Java7$1
WARNING: Use --illegal-access=warn to enable warnings of further illegal reflective access operations
WARNING: All illegal access operations will be denied in a future release
[INFO] Tests run: 3, Failures: 0, Errors: 0, Skipped: 0, Time elapsed: 5.919 s - in io.jenkins.plugins.casc.yaml.ErrorOnConflictMergeStrategyTest
[INFO] Running io.jenkins.plugins.casc.yaml.ExportTest
WARNING: An illegal reflective access operation has occurred
WARNING: Illegal reflective access by org.codehaus.groovy.vmplugin.v7.Java7$1 (file:/home/gabsko/.m2/repository/org/codehaus/groovy/groovy-all/2.4.12/groovy-all-2.4.12.jar) to constructor java.lang.invoke.MethodHandles$Lookup(java.lang.Class,int)
WARNING: Please consider reporting this to the maintainers of org.codehaus.groovy.vmplugin.v7.Java7$1
WARNING: Use --illegal-access=warn to enable warnings of further illegal reflective access operations
WARNING: All illegal access operations will be denied in a future release
[INFO] Tests run: 3, Failures: 0, Errors: 0, Skipped: 0, Time elapsed: 5.109 s - in io.jenkins.plugins.casc.yaml.ExportTest
[INFO] Running io.jenkins.plugins.casc.yaml.MergeStrategyActionTest
WARNING: An illegal reflective access operation has occurred
WARNING: Illegal reflective access by org.codehaus.groovy.vmplugin.v7.Java7$1 (file:/home/gabsko/.m2/repository/org/codehaus/groovy/groovy-all/2.4.12/groovy-all-2.4.12.jar) to constructor java.lang.invoke.MethodHandles$Lookup(java.lang.Class,int)
WARNING: Please consider reporting this to the maintainers of org.codehaus.groovy.vmplugin.v7.Java7$1
WARNING: Use --illegal-access=warn to enable warnings of further illegal reflective access operations
WARNING: All illegal access operations will be denied in a future release
[INFO] Tests run: 1, Failures: 0, Errors: 0, Skipped: 0, Time elapsed: 3.965 s - in io.jenkins.plugins.casc.yaml.MergeStrategyActionTest
[INFO] Running io.jenkins.plugins.casc.yaml.MergeStrategyTest
WARNING: An illegal reflective access operation has occurred
WARNING: Illegal reflective access by org.codehaus.groovy.vmplugin.v7.Java7$1 (file:/home/gabsko/.m2/repository/org/codehaus/groovy/groovy-all/2.4.12/groovy-all-2.4.12.jar) to constructor java.lang.invoke.MethodHandles$Lookup(java.lang.Class,int)
WARNING: Please consider reporting this to the maintainers of org.codehaus.groovy.vmplugin.v7.Java7$1
WARNING: Use --illegal-access=warn to enable warnings of further illegal reflective access operations
WARNING: All illegal access operations will be denied in a future release
[INFO] Tests run: 1, Failures: 0, Errors: 0, Skipped: 0, Time elapsed: 3.211 s - in io.jenkins.plugins.casc.yaml.MergeStrategyTest
[INFO] Running io.jenkins.plugins.casc.yaml.OverrideMergeStrategyTest
WARNING: An illegal reflective access operation has occurred
WARNING: Illegal reflective access by org.codehaus.groovy.vmplugin.v7.Java7$1 (file:/home/gabsko/.m2/repository/org/codehaus/groovy/groovy-all/2.4.12/groovy-all-2.4.12.jar) to constructor java.lang.invoke.MethodHandles$Lookup(java.lang.Class,int)
WARNING: Please consider reporting this to the maintainers of org.codehaus.groovy.vmplugin.v7.Java7$1
WARNING: Use --illegal-access=warn to enable warnings of further illegal reflective access operations
WARNING: All illegal access operations will be denied in a future release
[INFO] Tests run: 6, Failures: 0, Errors: 0, Skipped: 0, Time elapsed: 3.923 s - in io.jenkins.plugins.casc.yaml.OverrideMergeStrategyTest
[INFO] Running io.jenkins.plugins.casc.yaml.YamlExportTest
WARNING: An illegal reflective access operation has occurred
WARNING: Illegal reflective access by org.codehaus.groovy.vmplugin.v7.Java7$1 (file:/home/gabsko/.m2/repository/org/codehaus/groovy/groovy-all/2.4.12/groovy-all-2.4.12.jar) to constructor java.lang.invoke.MethodHandles$Lookup(java.lang.Class,int)
WARNING: Please consider reporting this to the maintainers of org.codehaus.groovy.vmplugin.v7.Java7$1
WARNING: Use --illegal-access=warn to enable warnings of further illegal reflective access operations
WARNING: All illegal access operations will be denied in a future release
[INFO] Tests run: 1, Failures: 0, Errors: 0, Skipped: 0, Time elapsed: 3.029 s - in io.jenkins.plugins.casc.yaml.YamlExportTest
[INFO] Running io.jenkins.plugins.casc.yaml.YamlSourceTest
[INFO] Tests run: 4, Failures: 0, Errors: 0, Skipped: 0, Time elapsed: 0.105 s - in io.jenkins.plugins.casc.yaml.YamlSourceTest
[INFO] 
[INFO] Results:
[INFO] 
[INFO] Tests run: 101, Failures: 0, Errors: 0, Skipped: 0
[INFO] 
[INFO] 
[INFO] --- animal-sniffer-maven-plugin:1.21:check (check) @ configuration-as-code ---
[INFO] Signature checking is skipped.
[INFO] 
[INFO] -----------< io.jenkins.configuration-as-code:test-harness >------------
[INFO] Building Configuration as Code Test harness 999999-SNAPSHOT        [3/4]
[INFO] --------------------------------[ jar ]---------------------------------
[INFO] 
[INFO] --- maven-clean-plugin:3.2.0:clean (default-clean) @ test-harness ---
[INFO] Deleting /home/gabsko/breaking-updates/test-harness/target
[INFO] 
[INFO] --- maven-enforcer-plugin:3.0.0:display-info (display-info) @ test-harness ---
[INFO] Maven Version: 3.8.6
[INFO] JDK Version: 11.0.17 normalized as: 11.0.17
[INFO] Java Vendor: Ubuntu
[INFO] OS Info: Arch: amd64 Family: unix Name: linux Version: 5.4.0-113-generic
[INFO] 
[INFO] --- maven-enforcer-plugin:3.0.0:enforce (display-info) @ test-harness ---
[INFO] Adding ignore: module-info
[INFO] Ignoring requireUpperBoundDeps in javax.servlet:javax.servlet-api
[INFO] Ignoring requireUpperBoundDeps in org.kohsuke:access-modifier-annotation
[INFO] Ignoring requireUpperBoundDeps in org.ow2.asm:asm
[INFO] 
[INFO] --- maven-enforcer-plugin:3.0.0:enforce (no-snapshots-in-release) @ test-harness ---
[INFO] 
[INFO] --- gmavenplus-plugin:1.13.1:addTestSources (test-in-groovy) @ test-harness ---
[INFO] 
[INFO] --- localizer-maven-plugin:1.31:generate (default) @ test-harness ---
[INFO] 
[INFO] --- maven-resources-plugin:3.2.0:resources (default-resources) @ test-harness ---
[INFO] Using 'UTF-8' encoding to copy filtered resources.
[INFO] Using 'UTF-8' encoding to copy filtered properties files.
[INFO] skip non existing resourceDirectory /home/gabsko/breaking-updates/test-harness/src/main/resources
[INFO] 
[INFO] --- flatten-maven-plugin:1.2.7:flatten (flatten) @ test-harness ---
[INFO] Generating flattened POM of project io.jenkins.configuration-as-code:test-harness:jar:999999-SNAPSHOT...
[INFO] 
[INFO] --- maven-compiler-plugin:3.10.1:compile (default-compile) @ test-harness ---
[INFO] Changes detected - recompiling the module!
[INFO] Compiling 12 source files to /home/gabsko/breaking-updates/test-harness/target/classes
[INFO] 
[INFO] --- gmavenplus-plugin:1.13.1:generateTestStubs (test-in-groovy) @ test-harness ---
[INFO] No sources specified for stub generation. Skipping.
[INFO] Generated 0 stubs.
[INFO] 
[INFO] --- maven-antrun-plugin:3.0.0:run (createTempDir) @ test-harness ---
[INFO] Executing tasks
[INFO]     [mkdir] Created dir: /home/gabsko/breaking-updates/test-harness/target/tmp
[INFO] Executed tasks
[INFO] 
[INFO] --- maven-resources-plugin:3.2.0:testResources (default-testResources) @ test-harness ---
[INFO] Using 'UTF-8' encoding to copy filtered resources.
[INFO] Using 'UTF-8' encoding to copy filtered properties files.
[INFO] Copying 48 resources
[INFO] 
[INFO] --- maven-compiler-plugin:3.10.1:testCompile (default-testCompile) @ test-harness ---
[INFO] Changes detected - recompiling the module!
[INFO] Compiling 32 source files to /home/gabsko/breaking-updates/test-harness/target/test-classes
[INFO] 
[INFO] --- gmavenplus-plugin:1.13.1:compileTests (test-in-groovy) @ test-harness ---
[INFO] No sources specified for compilation. Skipping.
[INFO] 
[INFO] --- maven-surefire-plugin:3.0.0-M6:test (default-test) @ test-harness ---
[INFO] Using auto detected provider org.apache.maven.surefire.junit4.JUnit4Provider
[INFO] 
[INFO] -------------------------------------------------------
[INFO]  T E S T S
[INFO] -------------------------------------------------------
[INFO] Running io.jenkins.plugins.casc.AgentProtocolsTest
WARNING: An illegal reflective access operation has occurred
WARNING: Illegal reflective access by org.codehaus.groovy.vmplugin.v7.Java7$1 (file:/home/gabsko/.m2/repository/org/codehaus/groovy/groovy-all/2.4.12/groovy-all-2.4.12.jar) to constructor java.lang.invoke.MethodHandles$Lookup(java.lang.Class,int)
WARNING: Please consider reporting this to the maintainers of org.codehaus.groovy.vmplugin.v7.Java7$1
WARNING: Use --illegal-access=warn to enable warnings of further illegal reflective access operations
WARNING: All illegal access operations will be denied in a future release
[INFO] Tests run: 1, Failures: 0, Errors: 0, Skipped: 0, Time elapsed: 5.388 s - in io.jenkins.plugins.casc.AgentProtocolsTest
[INFO] Running io.jenkins.plugins.casc.BackwardCompatibilityTest
WARNING: An illegal reflective access operation has occurred
WARNING: Illegal reflective access by org.codehaus.groovy.vmplugin.v7.Java7$1 (file:/home/gabsko/.m2/repository/org/codehaus/groovy/groovy-all/2.4.12/groovy-all-2.4.12.jar) to constructor java.lang.invoke.MethodHandles$Lookup(java.lang.Class,int)
WARNING: Please consider reporting this to the maintainers of org.codehaus.groovy.vmplugin.v7.Java7$1
WARNING: Use --illegal-access=warn to enable warnings of further illegal reflective access operations
WARNING: All illegal access operations will be denied in a future release
[INFO] Tests run: 1, Failures: 0, Errors: 0, Skipped: 0, Time elapsed: 3.608 s - in io.jenkins.plugins.casc.BackwardCompatibilityTest
[INFO] Running io.jenkins.plugins.casc.CascJmhBenchmarkStateTest
[INFO] Tests run: 1, Failures: 0, Errors: 0, Skipped: 0, Time elapsed: 43.944 s - in io.jenkins.plugins.casc.CascJmhBenchmarkStateTest
[INFO] Running io.jenkins.plugins.casc.ConfigurationAsCodeTest
WARNING: An illegal reflective access operation has occurred
WARNING: Illegal reflective access by org.codehaus.groovy.vmplugin.v7.Java7$1 (file:/home/gabsko/.m2/repository/org/codehaus/groovy/groovy-all/2.4.12/groovy-all-2.4.12.jar) to constructor java.lang.invoke.MethodHandles$Lookup(java.lang.Class,int)
WARNING: Please consider reporting this to the maintainers of org.codehaus.groovy.vmplugin.v7.Java7$1
WARNING: Use --illegal-access=warn to enable warnings of further illegal reflective access operations
WARNING: All illegal access operations will be denied in a future release
[INFO] Tests run: 21, Failures: 0, Errors: 0, Skipped: 0, Time elapsed: 36.784 s - in io.jenkins.plugins.casc.ConfigurationAsCodeTest
[INFO] Running io.jenkins.plugins.casc.DetectMissingVaultPluginTest
WARNING: An illegal reflective access operation has occurred
WARNING: Illegal reflective access by org.codehaus.groovy.vmplugin.v7.Java7$1 (file:/home/gabsko/.m2/repository/org/codehaus/groovy/groovy-all/2.4.12/groovy-all-2.4.12.jar) to constructor java.lang.invoke.MethodHandles$Lookup(java.lang.Class,int)
WARNING: Please consider reporting this to the maintainers of org.codehaus.groovy.vmplugin.v7.Java7$1
WARNING: Use --illegal-access=warn to enable warnings of further illegal reflective access operations
WARNING: All illegal access operations will be denied in a future release
[INFO] Tests run: 1, Failures: 0, Errors: 0, Skipped: 0, Time elapsed: 3.911 s - in io.jenkins.plugins.casc.DetectMissingVaultPluginTest
[INFO] Running io.jenkins.plugins.casc.JenkinsConfigTest
WARNING: An illegal reflective access operation has occurred
WARNING: Illegal reflective access by org.codehaus.groovy.vmplugin.v7.Java7$1 (file:/home/gabsko/.m2/repository/org/codehaus/groovy/groovy-all/2.4.12/groovy-all-2.4.12.jar) to constructor java.lang.invoke.MethodHandles$Lookup(java.lang.Class,int)
WARNING: Please consider reporting this to the maintainers of org.codehaus.groovy.vmplugin.v7.Java7$1
WARNING: Use --illegal-access=warn to enable warnings of further illegal reflective access operations
WARNING: All illegal access operations will be denied in a future release
[INFO] Tests run: 2, Failures: 0, Errors: 0, Skipped: 0, Time elapsed: 5.261 s - in io.jenkins.plugins.casc.JenkinsConfigTest
[INFO] Running io.jenkins.plugins.casc.JenkinsConfiguredWithCodeRuleClassRuleTest
WARNING: An illegal reflective access operation has occurred
WARNING: Illegal reflective access by org.codehaus.groovy.vmplugin.v7.Java7$1 (file:/home/gabsko/.m2/repository/org/codehaus/groovy/groovy-all/2.4.12/groovy-all-2.4.12.jar) to constructor java.lang.invoke.MethodHandles$Lookup(java.lang.Class,int)
WARNING: Please consider reporting this to the maintainers of org.codehaus.groovy.vmplugin.v7.Java7$1
WARNING: Use --illegal-access=warn to enable warnings of further illegal reflective access operations
WARNING: All illegal access operations will be denied in a future release
[INFO] Tests run: 1, Failures: 0, Errors: 0, Skipped: 0, Time elapsed: 3.398 s - in io.jenkins.plugins.casc.JenkinsConfiguredWithCodeRuleClassRuleTest
[INFO] Running io.jenkins.plugins.casc.SchemaGenerationSanitisationTest
WARNING: An illegal reflective access operation has occurred
WARNING: Illegal reflective access by org.codehaus.groovy.vmplugin.v7.Java7$1 (file:/home/gabsko/.m2/repository/org/codehaus/groovy/groovy-all/2.4.12/groovy-all-2.4.12.jar) to constructor java.lang.invoke.MethodHandles$Lookup(java.lang.Class,int)
WARNING: Please consider reporting this to the maintainers of org.codehaus.groovy.vmplugin.v7.Java7$1
WARNING: Use --illegal-access=warn to enable warnings of further illegal reflective access operations
WARNING: All illegal access operations will be denied in a future release
[INFO] Tests run: 2, Failures: 0, Errors: 0, Skipped: 0, Time elapsed: 3.647 s - in io.jenkins.plugins.casc.SchemaGenerationSanitisationTest
[INFO] Running io.jenkins.plugins.casc.SchemaGenerationTest
WARNING: An illegal reflective access operation has occurred
WARNING: Illegal reflective access by org.codehaus.groovy.vmplugin.v7.Java7$1 (file:/home/gabsko/.m2/repository/org/codehaus/groovy/groovy-all/2.4.12/groovy-all-2.4.12.jar) to constructor java.lang.invoke.MethodHandles$Lookup(java.lang.Class,int)
WARNING: Please consider reporting this to the maintainers of org.codehaus.groovy.vmplugin.v7.Java7$1
WARNING: Use --illegal-access=warn to enable warnings of further illegal reflective access operations
WARNING: All illegal access operations will be denied in a future release
[INFO] Tests run: 7, Failures: 0, Errors: 0, Skipped: 0, Time elapsed: 11.404 s - in io.jenkins.plugins.casc.SchemaGenerationTest
[INFO] Running io.jenkins.plugins.casc.Security1290Test
WARNING: An illegal reflective access operation has occurred
WARNING: Illegal reflective access by org.codehaus.groovy.vmplugin.v7.Java7$1 (file:/home/gabsko/.m2/repository/org/codehaus/groovy/groovy-all/2.4.12/groovy-all-2.4.12.jar) to constructor java.lang.invoke.MethodHandles$Lookup(java.lang.Class,int)
WARNING: Please consider reporting this to the maintainers of org.codehaus.groovy.vmplugin.v7.Java7$1
WARNING: Use --illegal-access=warn to enable warnings of further illegal reflective access operations
WARNING: All illegal access operations will be denied in a future release
[INFO] Tests run: 1, Failures: 0, Errors: 0, Skipped: 0, Time elapsed: 12.501 s - in io.jenkins.plugins.casc.Security1290Test
[INFO] Running io.jenkins.plugins.casc.TokenReloadActionTest
WARNING: An illegal reflective access operation has occurred
WARNING: Illegal reflective access by org.codehaus.groovy.vmplugin.v7.Java7$1 (file:/home/gabsko/.m2/repository/org/codehaus/groovy/groovy-all/2.4.12/groovy-all-2.4.12.jar) to constructor java.lang.invoke.MethodHandles$Lookup(java.lang.Class,int)
WARNING: Please consider reporting this to the maintainers of org.codehaus.groovy.vmplugin.v7.Java7$1
WARNING: Use --illegal-access=warn to enable warnings of further illegal reflective access operations
WARNING: All illegal access operations will be denied in a future release
[INFO] Tests run: 7, Failures: 0, Errors: 0, Skipped: 0, Time elapsed: 7.8 s - in io.jenkins.plugins.casc.TokenReloadActionTest
[INFO] Running io.jenkins.plugins.casc.YamlMaxAliasesCollectionTest
WARNING: An illegal reflective access operation has occurred
WARNING: Illegal reflective access by org.codehaus.groovy.vmplugin.v7.Java7$1 (file:/home/gabsko/.m2/repository/org/codehaus/groovy/groovy-all/2.4.12/groovy-all-2.4.12.jar) to constructor java.lang.invoke.MethodHandles$Lookup(java.lang.Class,int)
WARNING: Please consider reporting this to the maintainers of org.codehaus.groovy.vmplugin.v7.Java7$1
WARNING: Use --illegal-access=warn to enable warnings of further illegal reflective access operations
WARNING: All illegal access operations will be denied in a future release
[INFO] Tests run: 5, Failures: 0, Errors: 0, Skipped: 0, Time elapsed: 8.179 s - in io.jenkins.plugins.casc.YamlMaxAliasesCollectionTest
[INFO] Running io.jenkins.plugins.casc.YamlReaderTest
WARNING: An illegal reflective access operation has occurred
WARNING: Illegal reflective access by org.codehaus.groovy.vmplugin.v7.Java7$1 (file:/home/gabsko/.m2/repository/org/codehaus/groovy/groovy-all/2.4.12/groovy-all-2.4.12.jar) to constructor java.lang.invoke.MethodHandles$Lookup(java.lang.Class,int)
WARNING: Please consider reporting this to the maintainers of org.codehaus.groovy.vmplugin.v7.Java7$1
WARNING: Use --illegal-access=warn to enable warnings of further illegal reflective access operations
WARNING: All illegal access operations will be denied in a future release
[INFO] Tests run: 5, Failures: 0, Errors: 0, Skipped: 0, Time elapsed: 12.384 s - in io.jenkins.plugins.casc.YamlReaderTest
[INFO] Running io.jenkins.plugins.casc.core.AdminWhitelistRuleConfiguratorTest
WARNING: An illegal reflective access operation has occurred
WARNING: Illegal reflective access by org.codehaus.groovy.vmplugin.v7.Java7$1 (file:/home/gabsko/.m2/repository/org/codehaus/groovy/groovy-all/2.4.12/groovy-all-2.4.12.jar) to constructor java.lang.invoke.MethodHandles$Lookup(java.lang.Class,int)
WARNING: Please consider reporting this to the maintainers of org.codehaus.groovy.vmplugin.v7.Java7$1
WARNING: Use --illegal-access=warn to enable warnings of further illegal reflective access operations
WARNING: All illegal access operations will be denied in a future release
[INFO] Tests run: 4, Failures: 0, Errors: 0, Skipped: 0, Time elapsed: 6.337 s - in io.jenkins.plugins.casc.core.AdminWhitelistRuleConfiguratorTest
[INFO] Running io.jenkins.plugins.casc.core.JenkinsConfiguratorCloudSupportTest
WARNING: An illegal reflective access operation has occurred
WARNING: Illegal reflective access by org.codehaus.groovy.vmplugin.v7.Java7$1 (file:/home/gabsko/.m2/repository/org/codehaus/groovy/groovy-all/2.4.12/groovy-all-2.4.12.jar) to constructor java.lang.invoke.MethodHandles$Lookup(java.lang.Class,int)
WARNING: Please consider reporting this to the maintainers of org.codehaus.groovy.vmplugin.v7.Java7$1
WARNING: Use --illegal-access=warn to enable warnings of further illegal reflective access operations
WARNING: All illegal access operations will be denied in a future release
[INFO] Tests run: 6, Failures: 0, Errors: 0, Skipped: 0, Time elapsed: 10.327 s - in io.jenkins.plugins.casc.core.JenkinsConfiguratorCloudSupportTest
[INFO] Running io.jenkins.plugins.casc.core.JenkinsConfiguratorTest
WARNING: An illegal reflective access operation has occurred
WARNING: Illegal reflective access by org.codehaus.groovy.vmplugin.v7.Java7$1 (file:/home/gabsko/.m2/repository/org/codehaus/groovy/groovy-all/2.4.12/groovy-all-2.4.12.jar) to constructor java.lang.invoke.MethodHandles$Lookup(java.lang.Class,int)
WARNING: Please consider reporting this to the maintainers of org.codehaus.groovy.vmplugin.v7.Java7$1
WARNING: Use --illegal-access=warn to enable warnings of further illegal reflective access operations
WARNING: All illegal access operations will be denied in a future release
[INFO] Tests run: 5, Failures: 0, Errors: 0, Skipped: 0, Time elapsed: 7.525 s - in io.jenkins.plugins.casc.core.JenkinsConfiguratorTest
[INFO] Running io.jenkins.plugins.casc.core.MavenConfiguratorTest
WARNING: An illegal reflective access operation has occurred
WARNING: Illegal reflective access by org.codehaus.groovy.vmplugin.v7.Java7$1 (file:/home/gabsko/.m2/repository/org/codehaus/groovy/groovy-all/2.4.12/groovy-all-2.4.12.jar) to constructor java.lang.invoke.MethodHandles$Lookup(java.lang.Class,int)
WARNING: Please consider reporting this to the maintainers of org.codehaus.groovy.vmplugin.v7.Java7$1
WARNING: Use --illegal-access=warn to enable warnings of further illegal reflective access operations
WARNING: All illegal access operations will be denied in a future release
[INFO] Tests run: 1, Failures: 0, Errors: 0, Skipped: 0, Time elapsed: 3.346 s - in io.jenkins.plugins.casc.core.MavenConfiguratorTest
[INFO] Running io.jenkins.plugins.casc.core.ProxyConfiguratorTest
WARNING: An illegal reflective access operation has occurred
WARNING: Illegal reflective access by org.codehaus.groovy.vmplugin.v7.Java7$1 (file:/home/gabsko/.m2/repository/org/codehaus/groovy/groovy-all/2.4.12/groovy-all-2.4.12.jar) to constructor java.lang.invoke.MethodHandles$Lookup(java.lang.Class,int)
WARNING: Please consider reporting this to the maintainers of org.codehaus.groovy.vmplugin.v7.Java7$1
WARNING: Use --illegal-access=warn to enable warnings of further illegal reflective access operations
WARNING: All illegal access operations will be denied in a future release
[INFO] Tests run: 6, Failures: 0, Errors: 0, Skipped: 0, Time elapsed: 9.917 s - in io.jenkins.plugins.casc.core.ProxyConfiguratorTest
[INFO] Running io.jenkins.plugins.casc.core.UnsecuredAuthorizationStrategyConfiguratorTest
WARNING: An illegal reflective access operation has occurred
WARNING: Illegal reflective access by org.codehaus.groovy.vmplugin.v7.Java7$1 (file:/home/gabsko/.m2/repository/org/codehaus/groovy/groovy-all/2.4.12/groovy-all-2.4.12.jar) to constructor java.lang.invoke.MethodHandles$Lookup(java.lang.Class,int)
WARNING: Please consider reporting this to the maintainers of org.codehaus.groovy.vmplugin.v7.Java7$1
WARNING: Use --illegal-access=warn to enable warnings of further illegal reflective access operations
WARNING: All illegal access operations will be denied in a future release
[INFO] Tests run: 1, Failures: 0, Errors: 0, Skipped: 0, Time elapsed: 3.261 s - in io.jenkins.plugins.casc.core.UnsecuredAuthorizationStrategyConfiguratorTest
[INFO] Running io.jenkins.plugins.casc.core.UpdateCenterConfiguratorTest
WARNING: An illegal reflective access operation has occurred
WARNING: Illegal reflective access by org.codehaus.groovy.vmplugin.v7.Java7$1 (file:/home/gabsko/.m2/repository/org/codehaus/groovy/groovy-all/2.4.12/groovy-all-2.4.12.jar) to constructor java.lang.invoke.MethodHandles$Lookup(java.lang.Class,int)
WARNING: Please consider reporting this to the maintainers of org.codehaus.groovy.vmplugin.v7.Java7$1
WARNING: Use --illegal-access=warn to enable warnings of further illegal reflective access operations
WARNING: All illegal access operations will be denied in a future release
[INFO] Tests run: 1, Failures: 0, Errors: 0, Skipped: 0, Time elapsed: 3.256 s - in io.jenkins.plugins.casc.core.UpdateCenterConfiguratorTest
[INFO] Running io.jenkins.plugins.casc.impl.configurators.DataBoundConfiguratorTest
WARNING: An illegal reflective access operation has occurred
WARNING: Illegal reflective access by org.codehaus.groovy.vmplugin.v7.Java7$1 (file:/home/gabsko/.m2/repository/org/codehaus/groovy/groovy-all/2.4.12/groovy-all-2.4.12.jar) to constructor java.lang.invoke.MethodHandles$Lookup(java.lang.Class,int)
WARNING: Please consider reporting this to the maintainers of org.codehaus.groovy.vmplugin.v7.Java7$1
WARNING: Use --illegal-access=warn to enable warnings of further illegal reflective access operations
WARNING: All illegal access operations will be denied in a future release
[INFO] Tests run: 14, Failures: 0, Errors: 0, Skipped: 0, Time elapsed: 17.726 s - in io.jenkins.plugins.casc.impl.configurators.DataBoundConfiguratorTest
[INFO] Running io.jenkins.plugins.casc.impl.configurators.DescriptorConfiguratorTest
WARNING: An illegal reflective access operation has occurred
WARNING: Illegal reflective access by org.codehaus.groovy.vmplugin.v7.Java7$1 (file:/home/gabsko/.m2/repository/org/codehaus/groovy/groovy-all/2.4.12/groovy-all-2.4.12.jar) to constructor java.lang.invoke.MethodHandles$Lookup(java.lang.Class,int)
WARNING: Please consider reporting this to the maintainers of org.codehaus.groovy.vmplugin.v7.Java7$1
WARNING: Use --illegal-access=warn to enable warnings of further illegal reflective access operations
WARNING: All illegal access operations will be denied in a future release
[INFO] Tests run: 3, Failures: 0, Errors: 0, Skipped: 0, Time elapsed: 6.833 s - in io.jenkins.plugins.casc.impl.configurators.DescriptorConfiguratorTest
[INFO] Running io.jenkins.plugins.casc.impl.configurators.DuplicateKeyDescribableConfiguratorTest
WARNING: An illegal reflective access operation has occurred
WARNING: Illegal reflective access by org.codehaus.groovy.vmplugin.v7.Java7$1 (file:/home/gabsko/.m2/repository/org/codehaus/groovy/groovy-all/2.4.12/groovy-all-2.4.12.jar) to constructor java.lang.invoke.MethodHandles$Lookup(java.lang.Class,int)
WARNING: Please consider reporting this to the maintainers of org.codehaus.groovy.vmplugin.v7.Java7$1
WARNING: Use --illegal-access=warn to enable warnings of further illegal reflective access operations
WARNING: All illegal access operations will be denied in a future release
[INFO] Tests run: 2, Failures: 0, Errors: 0, Skipped: 0, Time elapsed: 4.743 s - in io.jenkins.plugins.casc.impl.configurators.DuplicateKeyDescribableConfiguratorTest
[INFO] Running io.jenkins.plugins.casc.impl.configurators.MissingConfiguratorTest
WARNING: An illegal reflective access operation has occurred
WARNING: Illegal reflective access by org.codehaus.groovy.vmplugin.v7.Java7$1 (file:/home/gabsko/.m2/repository/org/codehaus/groovy/groovy-all/2.4.12/groovy-all-2.4.12.jar) to constructor java.lang.invoke.MethodHandles$Lookup(java.lang.Class,int)
WARNING: Please consider reporting this to the maintainers of org.codehaus.groovy.vmplugin.v7.Java7$1
WARNING: Use --illegal-access=warn to enable warnings of further illegal reflective access operations
WARNING: All illegal access operations will be denied in a future release
[INFO] Tests run: 1, Failures: 0, Errors: 0, Skipped: 0, Time elapsed: 3.494 s - in io.jenkins.plugins.casc.impl.configurators.MissingConfiguratorTest
[INFO] Running io.jenkins.plugins.casc.impl.configurators.SelfConfiguratorTest
WARNING: An illegal reflective access operation has occurred
WARNING: Illegal reflective access by org.codehaus.groovy.vmplugin.v7.Java7$1 (file:/home/gabsko/.m2/repository/org/codehaus/groovy/groovy-all/2.4.12/groovy-all-2.4.12.jar) to constructor java.lang.invoke.MethodHandles$Lookup(java.lang.Class,int)
WARNING: Please consider reporting this to the maintainers of org.codehaus.groovy.vmplugin.v7.Java7$1
WARNING: Use --illegal-access=warn to enable warnings of further illegal reflective access operations
WARNING: All illegal access operations will be denied in a future release
[INFO] Tests run: 2, Failures: 0, Errors: 0, Skipped: 0, Time elapsed: 5.02 s - in io.jenkins.plugins.casc.impl.configurators.SelfConfiguratorTest
[INFO] 
[INFO] Results:
[INFO] 
[INFO] Tests run: 101, Failures: 0, Errors: 0, Skipped: 0
[INFO] 
[WARNING] Corrupted channel by directly writing to native stream in forked JVM 1. See FAQ web page and the dump file /home/gabsko/breaking-updates/test-harness/target/surefire-reports/2023-01-17T19-04-00_397-jvmRun1.dumpstream
[INFO] 
[INFO] --- animal-sniffer-maven-plugin:1.21:check (check) @ test-harness ---
[INFO] Signature checking is skipped.
[INFO] 
[INFO] -----------< io.jenkins.configuration-as-code:integrations >------------
[INFO] Building Configuration as Code Integration tests 999999-SNAPSHOT   [4/4]
[INFO] --------------------------------[ jar ]---------------------------------
[WARNING] The POM for com.github.docker-java.docker-java:docker-java:jar:3.2.13 is missing, no dependency information available
[WARNING] The POM for com.github.docker-java.docker-java:docker-java-api:jar:3.2.13 is missing, no dependency information available
[WARNING] The POM for com.github.docker-java.docker-java:docker-java-core:jar:3.2.13 is missing, no dependency information available
[WARNING] The POM for com.github.docker-java.docker-java:docker-java-transport:jar:3.2.13 is missing, no dependency information available
[WARNING] The POM for com.github.docker-java.docker-java:docker-java-transport-httpclient5:jar:3.2.13 is missing, no dependency information available
[WARNING] The POM for com.github.docker-java.docker-java:docker-java-transport-jersey:jar:3.2.13 is missing, no dependency information available
[WARNING] The POM for com.github.docker-java.docker-java:docker-java-transport-netty:jar:3.2.13 is missing, no dependency information available
[WARNING] The POM for com.github.docker-java.docker-java:docker-java-transport-okhttp:jar:3.2.13 is missing, no dependency information available
[WARNING] The POM for com.github.docker-java.docker-java:docker-java-transport-tck:jar:3.2.13 is missing, no dependency information available
[WARNING] The POM for com.github.docker-java.docker-java:docker-java-transport-zerodep:jar:3.2.13 is missing, no dependency information available
[INFO] Downloading from repo.jenkins-ci.org: https://repo.jenkins-ci.org/public/com/coravy/hudson/plugins/github/github/1.34.2/github-1.34.2.jar
[INFO] Downloading from repo.jenkins-ci.org: https://repo.jenkins-ci.org/public/org/jenkins-ci/plugins/token-macro/285.vff7645a_56ff0/token-macro-285.vff7645a_56ff0.jar
[INFO] Downloading from repo.jenkins-ci.org: https://repo.jenkins-ci.org/public/org/jenkins-ci/plugins/metrics/4.1.6.2/metrics-4.1.6.2.jar
[INFO] Downloading from repo.jenkins-ci.org: https://repo.jenkins-ci.org/public/org/jenkins-ci/plugins/artifactory/3.15.4/artifactory-3.15.4.jar
[INFO] Downloading from repo.jenkins-ci.org: https://repo.jenkins-ci.org/public/org/jenkins-ci/plugins/ant/1.13/ant-1.13.jar
[INFO] Downloaded from repo.jenkins-ci.org: https://repo.jenkins-ci.org/public/org/jenkins-ci/plugins/ant/1.13/ant-1.13.jar (100 kB at 98 kB/s)
[INFO] Downloading from repo.jenkins-ci.org: https://repo.jenkins-ci.org/public/org/jfrog/buildinfo/build-info-api/2.34.0/build-info-api-2.34.0.jar
[INFO] Downloaded from repo.jenkins-ci.org: https://repo.jenkins-ci.org/public/org/jenkins-ci/plugins/token-macro/285.vff7645a_56ff0/token-macro-285.vff7645a_56ff0.jar (110 kB at 107 kB/s)
[INFO] Downloading from repo.jenkins-ci.org: https://repo.jenkins-ci.org/public/org/jfrog/buildinfo/build-info-client/2.34.0/build-info-client-2.34.0.jar
[INFO] Downloaded from repo.jenkins-ci.org: https://repo.jenkins-ci.org/public/org/jenkins-ci/plugins/metrics/4.1.6.2/metrics-4.1.6.2.jar (178 kB at 172 kB/s)
[INFO] Downloading from repo.jenkins-ci.org: https://repo.jenkins-ci.org/public/org/jfrog/buildinfo/build-info-extractor/2.34.0/build-info-extractor-2.34.0.jar
[INFO] Downloaded from repo.jenkins-ci.org: https://repo.jenkins-ci.org/public/org/jfrog/buildinfo/build-info-api/2.34.0/build-info-api-2.34.0.jar (82 kB at 63 kB/s)
[INFO] Downloading from repo.jenkins-ci.org: https://repo.jenkins-ci.org/public/org/jfrog/buildinfo/build-info-vcs/2.34.0/build-info-vcs-2.34.0.jar
[INFO] Downloaded from repo.jenkins-ci.org: https://repo.jenkins-ci.org/public/org/jfrog/buildinfo/build-info-client/2.34.0/build-info-client-2.34.0.jar (39 kB at 30 kB/s)
[INFO] Downloading from repo.jenkins-ci.org: https://repo.jenkins-ci.org/public/org/jfrog/filespecs/file-specs-java/1.1.1/file-specs-java-1.1.1.jar
[INFO] Downloaded from repo.jenkins-ci.org: https://repo.jenkins-ci.org/public/org/jfrog/buildinfo/build-info-vcs/2.34.0/build-info-vcs-2.34.0.jar (7.2 kB at 4.7 kB/s)
[INFO] Downloading from repo.jenkins-ci.org: https://repo.jenkins-ci.org/public/org/jfrog/buildinfo/build-info-extractor-ivy/2.34.0/build-info-extractor-ivy-2.34.0.jar
[INFO] Downloaded from repo.jenkins-ci.org: https://repo.jenkins-ci.org/public/org/jfrog/filespecs/file-specs-java/1.1.1/file-specs-java-1.1.1.jar (29 kB at 19 kB/s)
[INFO] Downloading from repo.jenkins-ci.org: https://repo.jenkins-ci.org/public/org/jfrog/buildinfo/build-info-extractor-gradle/4.27.0/build-info-extractor-gradle-4.27.0.jar
[INFO] Downloaded from repo.jenkins-ci.org: https://repo.jenkins-ci.org/public/com/coravy/hudson/plugins/github/github/1.34.2/github-1.34.2.jar (262 kB at 152 kB/s)
[INFO] Downloading from repo.jenkins-ci.org: https://repo.jenkins-ci.org/public/org/jfrog/buildinfo/build-info-extractor-npm/2.34.0/build-info-extractor-npm-2.34.0.jar
[INFO] Downloaded from repo.jenkins-ci.org: https://repo.jenkins-ci.org/public/org/jfrog/buildinfo/build-info-extractor-ivy/2.34.0/build-info-extractor-ivy-2.34.0.jar (22 kB at 12 kB/s)
[INFO] Downloading from repo.jenkins-ci.org: https://repo.jenkins-ci.org/public/org/jfrog/buildinfo/build-info-extractor-go/2.34.0/build-info-extractor-go-2.34.0.jar
[INFO] Downloaded from repo.jenkins-ci.org: https://repo.jenkins-ci.org/public/org/jfrog/buildinfo/build-info-extractor-gradle/4.27.0/build-info-extractor-gradle-4.27.0.jar (157 kB at 81 kB/s)
[INFO] Downloading from repo.jenkins-ci.org: https://repo.jenkins-ci.org/public/org/jfrog/buildinfo/build-info-extractor-pip/2.34.0/build-info-extractor-pip-2.34.0.jar
[INFO] Downloaded from repo.jenkins-ci.org: https://repo.jenkins-ci.org/public/org/jfrog/buildinfo/build-info-extractor-npm/2.34.0/build-info-extractor-npm-2.34.0.jar (34 kB at 17 kB/s)
[INFO] Downloading from repo.jenkins-ci.org: https://repo.jenkins-ci.org/public/org/jfrog/buildinfo/build-info-extractor-docker/2.34.0/build-info-extractor-docker-2.34.0.jar
[INFO] Downloaded from repo.jenkins-ci.org: https://repo.jenkins-ci.org/public/org/jfrog/buildinfo/build-info-extractor-go/2.34.0/build-info-extractor-go-2.34.0.jar (25 kB at 12 kB/s)
[INFO] Downloading from repo.jenkins-ci.org: https://repo.jenkins-ci.org/public/org/jfrog/buildinfo/build-info-extractor-nuget/2.34.0/build-info-extractor-nuget-2.34.0.jar
[INFO] Downloaded from repo.jenkins-ci.org: https://repo.jenkins-ci.org/public/org/jenkins-ci/plugins/artifactory/3.15.4/artifactory-3.15.4.jar (1.0 MB at 484 kB/s)
[INFO] Downloading from repo.jenkins-ci.org: https://repo.jenkins-ci.org/public/org/jenkins-ci/plugins/email-ext/2.87/email-ext-2.87.jar
[INFO] Downloaded from repo.jenkins-ci.org: https://repo.jenkins-ci.org/public/org/jfrog/buildinfo/build-info-extractor-pip/2.34.0/build-info-extractor-pip-2.34.0.jar (15 kB at 7.1 kB/s)
[INFO] Downloading from repo.jenkins-ci.org: https://repo.jenkins-ci.org/public/org/jenkins-ci/plugins/active-directory/2.25.1/active-directory-2.25.1.jar
[INFO] Downloaded from repo.jenkins-ci.org: https://repo.jenkins-ci.org/public/org/jfrog/buildinfo/build-info-extractor-docker/2.34.0/build-info-extractor-docker-2.34.0.jar (34 kB at 15 kB/s)
[INFO] Downloading from repo.jenkins-ci.org: https://repo.jenkins-ci.org/public/org/jenkins-ci/plugins/config-file-provider/3.9.0/config-file-provider-3.9.0.jar
[INFO] Downloaded from repo.jenkins-ci.org: https://repo.jenkins-ci.org/public/org/jfrog/buildinfo/build-info-extractor-nuget/2.34.0/build-info-extractor-nuget-2.34.0.jar (26 kB at 11 kB/s)
[INFO] Downloading from repo.jenkins-ci.org: https://repo.jenkins-ci.org/public/org/jenkins-ci/plugins/ldap/2.8/ldap-2.8.jar
[INFO] Downloaded from repo.jenkins-ci.org: https://repo.jenkins-ci.org/public/org/jfrog/buildinfo/build-info-extractor/2.34.0/build-info-extractor-2.34.0.jar (365 kB at 153 kB/s)
[INFO] Downloading from repo.jenkins-ci.org: https://repo.jenkins-ci.org/public/org/springframework/security/spring-security-ldap/5.6.3/spring-security-ldap-5.6.3.jar
[INFO] Downloaded from repo.jenkins-ci.org: https://repo.jenkins-ci.org/public/org/jenkins-ci/plugins/active-directory/2.25.1/active-directory-2.25.1.jar (111 kB at 45 kB/s)
[INFO] Downloading from repo.jenkins-ci.org: https://repo.jenkins-ci.org/public/org/springframework/ldap/spring-ldap-core/2.3.7.RELEASE/spring-ldap-core-2.3.7.RELEASE.jar
[INFO] Downloaded from repo.jenkins-ci.org: https://repo.jenkins-ci.org/public/org/springframework/security/spring-security-ldap/5.6.3/spring-security-ldap-5.6.3.jar (109 kB at 41 kB/s)
[INFO] Downloading from repo.jenkins-ci.org: https://repo.jenkins-ci.org/public/net/time4j/time4j-tzdata/5.0-2021e/time4j-tzdata-5.0-2021e.jar
[INFO] Downloaded from repo.jenkins-ci.org: https://repo.jenkins-ci.org/public/org/jenkins-ci/plugins/ldap/2.8/ldap-2.8.jar (160 kB at 60 kB/s)
[INFO] Downloading from repo.jenkins-ci.org: https://repo.jenkins-ci.org/public/io/jenkins/docker/docker-plugin/1.2.8/docker-plugin-1.2.8.jar
[INFO] Downloaded from repo.jenkins-ci.org: https://repo.jenkins-ci.org/public/org/jenkins-ci/plugins/email-ext/2.87/email-ext-2.87.jar (342 kB at 126 kB/s)
[INFO] Downloading from repo.jenkins-ci.org: https://repo.jenkins-ci.org/public/org/jenkins-ci/plugins/docker-java-api/3.1.5-31.v70b0ca3e8310/docker-java-api-3.1.5-31.v70b0ca3e8310.jar
[INFO] Downloaded from repo.jenkins-ci.org: https://repo.jenkins-ci.org/public/org/jenkins-ci/plugins/config-file-provider/3.9.0/config-file-provider-3.9.0.jar (249 kB at 91 kB/s)
[INFO] Downloading from repo.jenkins-ci.org: https://repo.jenkins-ci.org/public/org/jenkins-ci/plugins/docker-commons/1.19/docker-commons-1.19.jar
[INFO] Downloaded from repo.jenkins-ci.org: https://repo.jenkins-ci.org/public/net/time4j/time4j-tzdata/5.0-2021e/time4j-tzdata-5.0-2021e.jar (37 kB at 13 kB/s)
[INFO] Downloading from repo.jenkins-ci.org: https://repo.jenkins-ci.org/public/org/jenkins-ci/plugins/docker-workflow/1.28/docker-workflow-1.28.jar
[INFO] Downloaded from repo.jenkins-ci.org: https://repo.jenkins-ci.org/public/org/jenkins-ci/plugins/docker-java-api/3.1.5-31.v70b0ca3e8310/docker-java-api-3.1.5-31.v70b0ca3e8310.jar (7.6 kB at 2.6 kB/s)
[INFO] Downloading from repo.jenkins-ci.org: https://repo.jenkins-ci.org/public/org/jenkins-ci/plugins/workflow/workflow-basic-steps/941.vdfe1b_a_132c64/workflow-basic-steps-941.vdfe1b_a_132c64.jar
[INFO] Downloaded from repo.jenkins-ci.org: https://repo.jenkins-ci.org/public/org/jenkins-ci/plugins/docker-commons/1.19/docker-commons-1.19.jar (93 kB at 31 kB/s)
[INFO] Downloading from repo.jenkins-ci.org: https://repo.jenkins-ci.org/public/org/jenkinsci/plugins/pipeline-model-extensions/2.2075.vce74e77b_ce40/pipeline-model-extensions-2.2075.vce74e77b_ce40.jar
[INFO] Downloaded from repo.jenkins-ci.org: https://repo.jenkins-ci.org/public/org/springframework/ldap/spring-ldap-core/2.3.7.RELEASE/spring-ldap-core-2.3.7.RELEASE.jar (380 kB at 127 kB/s)
[INFO] Downloading from repo.jenkins-ci.org: https://repo.jenkins-ci.org/public/org/jenkinsci/plugins/pipeline-model-api/2.2075.vce74e77b_ce40/pipeline-model-api-2.2075.vce74e77b_ce40.jar
[INFO] Downloaded from repo.jenkins-ci.org: https://repo.jenkins-ci.org/public/io/jenkins/docker/docker-plugin/1.2.8/docker-plugin-1.2.8.jar (346 kB at 109 kB/s)
[INFO] Downloading from repo.jenkins-ci.org: https://repo.jenkins-ci.org/public/org/jenkins-ci/plugins/pipeline-stage-step/291.vf0a8a7aeeb50/pipeline-stage-step-291.vf0a8a7aeeb50.jar
[INFO] Downloaded from repo.jenkins-ci.org: https://repo.jenkins-ci.org/public/org/jenkins-ci/plugins/docker-workflow/1.28/docker-workflow-1.28.jar (126 kB at 40 kB/s)
[INFO] Downloading from repo.jenkins-ci.org: https://repo.jenkins-ci.org/public/org/jenkinsci/plugins/pipeline-model-definition/2.2075.vce74e77b_ce40/pipeline-model-definition-2.2075.vce74e77b_ce40.jar
[INFO] Downloaded from repo.jenkins-ci.org: https://repo.jenkins-ci.org/public/org/jenkinsci/plugins/pipeline-model-extensions/2.2075.vce74e77b_ce40/pipeline-model-extensions-2.2075.vce74e77b_ce40.jar (47 kB at 14 kB/s)
[INFO] Downloading from repo.jenkins-ci.org: https://repo.jenkins-ci.org/public/org/jenkinsci/plugins/pipeline-stage-tags-metadata/2.2075.vce74e77b_ce40/pipeline-stage-tags-metadata-2.2075.vce74e77b_ce40.jar
[INFO] Downloaded from repo.jenkins-ci.org: https://repo.jenkins-ci.org/public/org/jenkinsci/plugins/pipeline-model-api/2.2075.vce74e77b_ce40/pipeline-model-api-2.2075.vce74e77b_ce40.jar (109 kB at 34 kB/s)
[INFO] Downloading from repo.jenkins-ci.org: https://repo.jenkins-ci.org/public/org/jenkins-ci/plugins/pipeline-input-step/447.v95e5a_6e3502a_/pipeline-input-step-447.v95e5a_6e3502a_.jar
[INFO] Downloaded from repo.jenkins-ci.org: https://repo.jenkins-ci.org/public/org/jenkins-ci/plugins/pipeline-stage-step/291.vf0a8a7aeeb50/pipeline-stage-step-291.vf0a8a7aeeb50.jar (23 kB at 6.6 kB/s)
[INFO] Downloading from repo.jenkins-ci.org: https://repo.jenkins-ci.org/public/com/amazonaws/aws-java-sdk-sns/1.12.177/aws-java-sdk-sns-1.12.177.jar
[INFO] Downloaded from repo.jenkins-ci.org: https://repo.jenkins-ci.org/public/org/jenkinsci/plugins/pipeline-stage-tags-metadata/2.2075.vce74e77b_ce40/pipeline-stage-tags-metadata-2.2075.vce74e77b_ce40.jar (8.4 kB at 2.4 kB/s)
[INFO] Downloading from repo.jenkins-ci.org: https://repo.jenkins-ci.org/public/com/amazonaws/aws-java-sdk-sqs/1.12.177/aws-java-sdk-sqs-1.12.177.jar
[INFO] Downloaded from repo.jenkins-ci.org: https://repo.jenkins-ci.org/public/org/jenkins-ci/plugins/pipeline-input-step/447.v95e5a_6e3502a_/pipeline-input-step-447.v95e5a_6e3502a_.jar (38 kB at 11 kB/s)
[INFO] Downloading from repo.jenkins-ci.org: https://repo.jenkins-ci.org/public/com/amazonaws/aws-java-sdk-core/1.12.177/aws-java-sdk-core-1.12.177.jar
[INFO] Downloaded from repo.jenkins-ci.org: https://repo.jenkins-ci.org/public/org/jenkins-ci/plugins/workflow/workflow-basic-steps/941.vdfe1b_a_132c64/workflow-basic-steps-941.vdfe1b_a_132c64.jar (196 kB at 55 kB/s)
[INFO] Downloading from repo.jenkins-ci.org: https://repo.jenkins-ci.org/public/com/amazonaws/jmespath-java/1.12.177/jmespath-java-1.12.177.jar
[INFO] Downloaded from repo.jenkins-ci.org: https://repo.jenkins-ci.org/public/org/jenkinsci/plugins/pipeline-model-definition/2.2075.vce74e77b_ce40/pipeline-model-definition-2.2075.vce74e77b_ce40.jar (1.1 MB at 301 kB/s)
[INFO] Downloading from repo.jenkins-ci.org: https://repo.jenkins-ci.org/public/io/jenkins/plugins/jjwt-api/0.11.2-9.c8b45b8bb173/jjwt-api-0.11.2-9.c8b45b8bb173.jar
[INFO] Downloaded from repo.jenkins-ci.org: https://repo.jenkins-ci.org/public/com/amazonaws/jmespath-java/1.12.177/jmespath-java-1.12.177.jar (28 kB at 7.2 kB/s)
[INFO] Downloading from repo.jenkins-ci.org: https://repo.jenkins-ci.org/public/org/jenkins-ci/plugins/branch-api/2.1044.v2c007e51b_87f/branch-api-2.1044.v2c007e51b_87f.jar
[INFO] Downloaded from repo.jenkins-ci.org: https://repo.jenkins-ci.org/public/com/amazonaws/aws-java-sdk-sns/1.12.177/aws-java-sdk-sns-1.12.177.jar (463 kB at 119 kB/s)
[INFO] Downloading from repo.jenkins-ci.org: https://repo.jenkins-ci.org/public/org/jenkins-ci/plugins/github-oauth/0.37/github-oauth-0.37.jar
[INFO] Downloaded from repo.jenkins-ci.org: https://repo.jenkins-ci.org/public/io/jenkins/plugins/jjwt-api/0.11.2-9.c8b45b8bb173/jjwt-api-0.11.2-9.c8b45b8bb173.jar (2.8 kB at 691 B/s)
[INFO] Downloading from repo.jenkins-ci.org: https://repo.jenkins-ci.org/public/org/jenkins-ci/plugins/handy-uri-templates-2-api/2.1.8-22.v77d5b_75e6953/handy-uri-templates-2-api-2.1.8-22.v77d5b_75e6953.jar
[INFO] Downloaded from repo.jenkins-ci.org: https://repo.jenkins-ci.org/public/com/amazonaws/aws-java-sdk-sqs/1.12.177/aws-java-sdk-sqs-1.12.177.jar (326 kB at 80 kB/s)
[INFO] Downloading from repo.jenkins-ci.org: https://repo.jenkins-ci.org/public/org/jenkins-ci/plugins/scm-api/602.v6a_81757a_31d2/scm-api-602.v6a_81757a_31d2.jar
[INFO] Downloaded from repo.jenkins-ci.org: https://repo.jenkins-ci.org/public/org/jenkins-ci/plugins/github-oauth/0.37/github-oauth-0.37.jar (53 kB at 13 kB/s)
[INFO] Downloading from repo.jenkins-ci.org: https://repo.jenkins-ci.org/public/org/jenkins-ci/plugins/simple-theme-plugin/103.va_161d09c38c7/simple-theme-plugin-103.va_161d09c38c7.jar
[INFO] Downloaded from repo.jenkins-ci.org: https://repo.jenkins-ci.org/public/org/jenkins-ci/plugins/branch-api/2.1044.v2c007e51b_87f/branch-api-2.1044.v2c007e51b_87f.jar (337 kB at 79 kB/s)
[INFO] Downloading from repo.jenkins-ci.org: https://repo.jenkins-ci.org/public/io/jenkins/plugins/pipeline-groovy-lib/589.vb_a_b_4a_a_8c443c/pipeline-groovy-lib-589.vb_a_b_4a_a_8c443c.jar
[INFO] Downloaded from repo.jenkins-ci.org: https://repo.jenkins-ci.org/public/org/jenkins-ci/plugins/handy-uri-templates-2-api/2.1.8-22.v77d5b_75e6953/handy-uri-templates-2-api-2.1.8-22.v77d5b_75e6953.jar (2.8 kB at 660 B/s)
[INFO] Downloading from repo.jenkins-ci.org: https://repo.jenkins-ci.org/public/org/jenkins-ci/plugins/matrix-auth/3.1/matrix-auth-3.1.jar
[INFO] Downloaded from repo.jenkins-ci.org: https://repo.jenkins-ci.org/public/org/jenkins-ci/plugins/simple-theme-plugin/103.va_161d09c38c7/simple-theme-plugin-103.va_161d09c38c7.jar (21 kB at 4.9 kB/s)
[INFO] Downloading from repo.jenkins-ci.org: https://repo.jenkins-ci.org/public/io/jenkins/plugins/artifact-manager-s3/1.18/artifact-manager-s3-1.18.jar
[INFO] Downloaded from repo.jenkins-ci.org: https://repo.jenkins-ci.org/public/org/jenkins-ci/plugins/scm-api/602.v6a_81757a_31d2/scm-api-602.v6a_81757a_31d2.jar (256 kB at 57 kB/s)
[INFO] Downloading from repo.jenkins-ci.org: https://repo.jenkins-ci.org/public/io/jenkins/plugins/adoptopenjdk/1.4/adoptopenjdk-1.4.jar
[INFO] Downloaded from repo.jenkins-ci.org: https://repo.jenkins-ci.org/public/io/jenkins/plugins/pipeline-groovy-lib/589.vb_a_b_4a_a_8c443c/pipeline-groovy-lib-589.vb_a_b_4a_a_8c443c.jar (116 kB at 26 kB/s)
[INFO] Downloading from repo.jenkins-ci.org: https://repo.jenkins-ci.org/public/org/jenkins-ci/plugins/aws-credentials/189.v3551d5642995/aws-credentials-189.v3551d5642995.jar
[INFO] Downloaded from repo.jenkins-ci.org: https://repo.jenkins-ci.org/public/org/jenkins-ci/plugins/matrix-auth/3.1/matrix-auth-3.1.jar (188 kB at 41 kB/s)
[INFO] Downloading from repo.jenkins-ci.org: https://repo.jenkins-ci.org/public/org/jenkins-ci/plugins/ec2/1.68/ec2-1.68.jar
[INFO] Downloaded from repo.jenkins-ci.org: https://repo.jenkins-ci.org/public/io/jenkins/plugins/artifact-manager-s3/1.18/artifact-manager-s3-1.18.jar (55 kB at 12 kB/s)
[INFO] Downloading from repo.jenkins-ci.org: https://repo.jenkins-ci.org/public/com/hierynomus/smbj/0.11.5/smbj-0.11.5.jar
[INFO] Downloaded from repo.jenkins-ci.org: https://repo.jenkins-ci.org/public/io/jenkins/plugins/adoptopenjdk/1.4/adoptopenjdk-1.4.jar (29 kB at 6.1 kB/s)
[INFO] Downloading from repo.jenkins-ci.org: https://repo.jenkins-ci.org/public/org/jenkins-ci/plugins/slack/608.v19e3b_44b_b_9ff/slack-608.v19e3b_44b_b_9ff.jar
[INFO] Downloaded from repo.jenkins-ci.org: https://repo.jenkins-ci.org/public/org/jenkins-ci/plugins/aws-credentials/189.v3551d5642995/aws-credentials-189.v3551d5642995.jar (34 kB at 7.0 kB/s)
[INFO] Downloading from repo.jenkins-ci.org: https://repo.jenkins-ci.org/public/org/jenkins-ci/plugins/nodejs/1.5.1/nodejs-1.5.1.jar
[INFO] Downloaded from repo.jenkins-ci.org: https://repo.jenkins-ci.org/public/org/jenkins-ci/plugins/slack/608.v19e3b_44b_b_9ff/slack-608.v19e3b_44b_b_9ff.jar (144 kB at 29 kB/s)
[INFO] Downloading from repo.jenkins-ci.org: https://repo.jenkins-ci.org/public/org/jenkins-ci/plugins/mstestrunner/1.5.0/mstestrunner-1.5.0.jar
[INFO] Downloaded from repo.jenkins-ci.org: https://repo.jenkins-ci.org/public/com/amazonaws/aws-java-sdk-core/1.12.177/aws-java-sdk-core-1.12.177.jar (1.0 MB at 208 kB/s)
[INFO] Downloading from repo.jenkins-ci.org: https://repo.jenkins-ci.org/public/org/jenkins-ci/main/maven-plugin/3.17/maven-plugin-3.17.jar
[INFO] Downloaded from repo.jenkins-ci.org: https://repo.jenkins-ci.org/public/org/jenkins-ci/plugins/ec2/1.68/ec2-1.68.jar (379 kB at 75 kB/s)
[INFO] Downloading from repo.jenkins-ci.org: https://repo.jenkins-ci.org/public/org/apache/maven/maven-compat/3.8.3/maven-compat-3.8.3.jar
[INFO] Downloaded from repo.jenkins-ci.org: https://repo.jenkins-ci.org/public/org/jenkins-ci/plugins/nodejs/1.5.1/nodejs-1.5.1.jar (132 kB at 26 kB/s)
[INFO] Downloading from repo.jenkins-ci.org: https://repo.jenkins-ci.org/public/org/apache/maven/maven-embedder/3.8.3/maven-embedder-3.8.3.jar
[INFO] Downloaded from repo.jenkins-ci.org: https://repo.jenkins-ci.org/public/com/hierynomus/smbj/0.11.5/smbj-0.11.5.jar (573 kB at 113 kB/s)
[INFO] Downloading from repo.jenkins-ci.org: https://repo.jenkins-ci.org/public/org/apache/maven/resolver/maven-resolver-impl/1.7.2/maven-resolver-impl-1.7.2.jar
[INFO] Downloaded from repo.jenkins-ci.org: https://repo.jenkins-ci.org/public/org/jenkins-ci/plugins/mstestrunner/1.5.0/mstestrunner-1.5.0.jar (18 kB at 3.5 kB/s)
[INFO] Downloading from repo.jenkins-ci.org: https://repo.jenkins-ci.org/public/org/apache/maven/resolver/maven-resolver-named-locks/1.7.2/maven-resolver-named-locks-1.7.2.jar
[INFO] Downloaded from repo.jenkins-ci.org: https://repo.jenkins-ci.org/public/org/apache/maven/maven-embedder/3.8.3/maven-embedder-3.8.3.jar (98 kB at 19 kB/s)
[INFO] Downloading from repo.jenkins-ci.org: https://repo.jenkins-ci.org/public/org/apache/maven/resolver/maven-resolver-spi/1.7.2/maven-resolver-spi-1.7.2.jar
[INFO] Downloaded from repo.jenkins-ci.org: https://repo.jenkins-ci.org/public/org/apache/maven/resolver/maven-resolver-named-locks/1.7.2/maven-resolver-named-locks-1.7.2.jar (25 kB at 4.6 kB/s)
[INFO] Downloading from repo.jenkins-ci.org: https://repo.jenkins-ci.org/public/org/apache/maven/resolver/maven-resolver-transport-wagon/1.7.2/maven-resolver-transport-wagon-1.7.2.jar
[INFO] Downloaded from repo.jenkins-ci.org: https://repo.jenkins-ci.org/public/org/apache/maven/maven-compat/3.8.3/maven-compat-3.8.3.jar (288 kB at 52 kB/s)
[INFO] Downloading from repo.jenkins-ci.org: https://repo.jenkins-ci.org/public/org/apache/maven/resolver/maven-resolver-connector-basic/1.7.2/maven-resolver-connector-basic-1.7.2.jar
[INFO] Downloaded from repo.jenkins-ci.org: https://repo.jenkins-ci.org/public/org/apache/maven/resolver/maven-resolver-spi/1.7.2/maven-resolver-spi-1.7.2.jar (39 kB at 7.1 kB/s)
[INFO] Downloaded from repo.jenkins-ci.org: https://repo.jenkins-ci.org/public/org/apache/maven/resolver/maven-resolver-transport-wagon/1.7.2/maven-resolver-transport-wagon-1.7.2.jar (33 kB at 5.7 kB/s)
[INFO] Downloaded from repo.jenkins-ci.org: https://repo.jenkins-ci.org/public/org/apache/maven/resolver/maven-resolver-connector-basic/1.7.2/maven-resolver-connector-basic-1.7.2.jar (46 kB at 8.0 kB/s)
[INFO] Downloaded from repo.jenkins-ci.org: https://repo.jenkins-ci.org/public/org/apache/maven/resolver/maven-resolver-impl/1.7.2/maven-resolver-impl-1.7.2.jar (196 kB at 34 kB/s)
[INFO] Downloaded from repo.jenkins-ci.org: https://repo.jenkins-ci.org/public/org/jenkins-ci/main/maven-plugin/3.17/maven-plugin-3.17.jar (13 MB at 2.0 MB/s)
[INFO] Downloading from incrementals: https://repo.jenkins-ci.org/incrementals/com/github/docker-java/docker-java/docker-java/3.2.13/docker-java-3.2.13.jar
[INFO] Downloading from incrementals: https://repo.jenkins-ci.org/incrementals/com/github/docker-java/docker-java/docker-java-api/3.2.13/docker-java-api-3.2.13.jar
[INFO] Downloading from incrementals: https://repo.jenkins-ci.org/incrementals/com/github/docker-java/docker-java/docker-java-core/3.2.13/docker-java-core-3.2.13.jar
[INFO] Downloading from incrementals: https://repo.jenkins-ci.org/incrementals/com/github/docker-java/docker-java/docker-java-transport/3.2.13/docker-java-transport-3.2.13.jar
[INFO] Downloading from incrementals: https://repo.jenkins-ci.org/incrementals/com/github/docker-java/docker-java/docker-java-transport-httpclient5/3.2.13/docker-java-transport-httpclient5-3.2.13.jar
[INFO] Downloading from incrementals: https://repo.jenkins-ci.org/incrementals/com/github/docker-java/docker-java/docker-java-transport-jersey/3.2.13/docker-java-transport-jersey-3.2.13.jar
[INFO] Downloading from incrementals: https://repo.jenkins-ci.org/incrementals/com/github/docker-java/docker-java/docker-java-transport-okhttp/3.2.13/docker-java-transport-okhttp-3.2.13.jar
[INFO] Downloading from incrementals: https://repo.jenkins-ci.org/incrementals/com/github/docker-java/docker-java/docker-java-transport-netty/3.2.13/docker-java-transport-netty-3.2.13.jar
[INFO] Downloading from incrementals: https://repo.jenkins-ci.org/incrementals/com/github/docker-java/docker-java/docker-java-transport-tck/3.2.13/docker-java-transport-tck-3.2.13.jar
[INFO] Downloading from incrementals: https://repo.jenkins-ci.org/incrementals/com/github/docker-java/docker-java/docker-java-transport-zerodep/3.2.13/docker-java-transport-zerodep-3.2.13.jar
[INFO] ------------------------------------------------------------------------
[INFO] Reactor Summary for Configuration as Code Parent 999999-SNAPSHOT:
[INFO] 
[INFO] Configuration as Code Parent ....................... SUCCESS [  1.017 s]
[INFO] Configuration as Code Plugin ....................... SUCCESS [01:25 min]
[INFO] Configuration as Code Test harness ................. SUCCESS [04:21 min]
[INFO] Configuration as Code Integration tests ............ FAILURE [  7.627 s]
[INFO] ------------------------------------------------------------------------
[INFO] BUILD FAILURE
[INFO] ------------------------------------------------------------------------
[INFO] Total time:  05:55 min
[INFO] Finished at: 2023-01-17T19:09:48Z
[INFO] ------------------------------------------------------------------------
[ERROR] Failed to execute goal on project integrations: Could not resolve dependencies for project io.jenkins.configuration-as-code:integrations:jar:999999-SNAPSHOT: The following artifacts could not be resolved: com.github.docker-java.docker-java:docker-java:jar:3.2.13, com.github.docker-java.docker-java:docker-java-api:jar:3.2.13, com.github.docker-java.docker-java:docker-java-core:jar:3.2.13, com.github.docker-java.docker-java:docker-java-transport:jar:3.2.13, com.github.docker-java.docker-java:docker-java-transport-httpclient5:jar:3.2.13, com.github.docker-java.docker-java:docker-java-transport-jersey:jar:3.2.13, com.github.docker-java.docker-java:docker-java-transport-netty:jar:3.2.13, com.github.docker-java.docker-java:docker-java-transport-okhttp:jar:3.2.13, com.github.docker-java.docker-java:docker-java-transport-tck:jar:3.2.13, com.github.docker-java.docker-java:docker-java-transport-zerodep:jar:3.2.13: com.github.docker-java.docker-java:docker-java:jar:3.2.13 was not found in https://repo.jenkins-ci.org/public/ during a previous attempt. This failure was cached in the local repository and resolution is not reattempted until the update interval of repo.jenkins-ci.org has elapsed or updates are forced -> [Help 1]
[ERROR] 
[ERROR] To see the full stack trace of the errors, re-run Maven with the -e switch.
[ERROR] Re-run Maven using the -X switch to enable full debug logging.
[ERROR] 
[ERROR] For more information about the errors and possible solutions, please read the following articles:
[ERROR] [Help 1] http://cwiki.apache.org/confluence/display/MAVEN/DependencyResolutionException
[ERROR] 
[ERROR] After correcting the problems, you can resume the build with the command
[ERROR]   mvn <args> -rf :integrations
