[INFO] Scanning for projects...
[INFO] 
[INFO] ----------------------< com.treasuredata:td-jdbc >----------------------
[INFO] Building Treasure Data JDBC Driver 0.5.12-SNAPSHOT
[INFO] --------------------------------[ jar ]---------------------------------
[INFO] 
[INFO] --- maven-clean-plugin:2.5:clean (default-clean) @ td-jdbc ---
[INFO] Deleting /home/gabsko/breaking-updates/target
[INFO] 
[INFO] --- maven-enforcer-plugin:1.2:enforce (enforce-maven) @ td-jdbc ---
[INFO] 
[INFO] --- jacoco-maven-plugin:0.8.8:prepare-agent (pre-unit-test) @ td-jdbc ---
[INFO] jacocoSurefireArgLine set to -javaagent:/home/gabsko/.m2/repository/org/jacoco/org.jacoco.agent/0.8.8/org.jacoco.agent-0.8.8-runtime.jar=destfile=/home/gabsko/breaking-updates/target/jacoco.exec
[INFO] 
[INFO] --- maven-resources-plugin:2.6:resources (default-resources) @ td-jdbc ---
[INFO] Using 'UTF-8' encoding to copy filtered resources.
[INFO] Copying 1 resource to META-INF
[INFO] 
[INFO] --- maven-compiler-plugin:3.10.1:compile (default-compile) @ td-jdbc ---
[INFO] Changes detected - recompiling the module!
[INFO] Compiling 29 source files to /home/gabsko/breaking-updates/target/classes
[INFO] /home/gabsko/breaking-updates/src/main/java/com/treasuredata/jdbc/TDResultSetBase.java: Some input files use or override a deprecated API.
[INFO] /home/gabsko/breaking-updates/src/main/java/com/treasuredata/jdbc/TDResultSetBase.java: Recompile with -Xlint:deprecation for details.
[INFO] /home/gabsko/breaking-updates/src/main/java/com/treasuredata/jdbc/TDDatabaseMetaData.java: Some input files use unchecked or unsafe operations.
[INFO] /home/gabsko/breaking-updates/src/main/java/com/treasuredata/jdbc/TDDatabaseMetaData.java: Recompile with -Xlint:unchecked for details.
[INFO] 
[INFO] --- maven-resources-plugin:2.6:testResources (default-testResources) @ td-jdbc ---
[INFO] Using 'UTF-8' encoding to copy filtered resources.
[INFO] skip non existing resourceDirectory /home/gabsko/breaking-updates/src/test/resources
[INFO] 
[INFO] --- maven-compiler-plugin:3.10.1:testCompile (default-testCompile) @ td-jdbc ---
[INFO] Changes detected - recompiling the module!
[INFO] Compiling 11 source files to /home/gabsko/breaking-updates/target/test-classes
[INFO] /home/gabsko/breaking-updates/src/test/java/com/treasuredata/jdbc/TestTDConnection.java: Some input files use or override a deprecated API.
[INFO] /home/gabsko/breaking-updates/src/test/java/com/treasuredata/jdbc/TestTDConnection.java: Recompile with -Xlint:deprecation for details.
[INFO] 
[INFO] --- maven-surefire-plugin:2.22.2:test (default-test) @ td-jdbc ---
[INFO] 
[INFO] -------------------------------------------------------
[INFO]  T E S T S
[INFO] -------------------------------------------------------
[INFO] Running com.treasuredata.jdbc.TestTDDatabaseMetaData
[INFO] Tests run: 5, Failures: 0, Errors: 0, Skipped: 0, Time elapsed: 0.067 s - in com.treasuredata.jdbc.TestTDDatabaseMetaData
[INFO] Running com.treasuredata.jdbc.TestTDConnection
[WARNING] Tests run: 3, Failures: 0, Errors: 0, Skipped: 1, Time elapsed: 0.309 s - in com.treasuredata.jdbc.TestTDConnection
[INFO] Running com.treasuredata.jdbc.TestTDResultSetBase
[INFO] Tests run: 5, Failures: 0, Errors: 0, Skipped: 0, Time elapsed: 0.145 s - in com.treasuredata.jdbc.TestTDResultSetBase
[INFO] Running com.treasuredata.jdbc.TestTDResultSet
[ERROR] Tests run: 8, Failures: 3, Errors: 0, Skipped: 0, Time elapsed: 2.054 s <<< FAILURE! - in com.treasuredata.jdbc.TestTDResultSet
[ERROR] testGetMetaData01(com.treasuredata.jdbc.TestTDResultSet)  Time elapsed: 0.011 s  <<< FAILURE!
java.lang.AssertionError
	at com.treasuredata.jdbc.TestTDResultSet.testGetMetaData01(TestTDResultSet.java:609)

[ERROR] testGetMetaData02(com.treasuredata.jdbc.TestTDResultSet)  Time elapsed: 0 s  <<< FAILURE!
java.lang.AssertionError
	at com.treasuredata.jdbc.TestTDResultSet.testGetMetaData02(TestTDResultSet.java:696)

[ERROR] testGetMetaData03(com.treasuredata.jdbc.TestTDResultSet)  Time elapsed: 0.001 s  <<< FAILURE!
java.lang.AssertionError
	at com.treasuredata.jdbc.TestTDResultSet.testGetMetaData03(TestTDResultSet.java:780)

[INFO] Running com.treasuredata.jdbc.TestConfig
[INFO] Tests run: 10, Failures: 0, Errors: 0, Skipped: 0, Time elapsed: 0.002 s - in com.treasuredata.jdbc.TestConfig
[INFO] Running com.treasuredata.jdbc.TestProductionEnv
[main] WARN com.treasuredata.jdbc.TestProductionEnv - config file /home/gabsko/.td/td.conf is not found
[main] WARN com.treasuredata.jdbc.TestProductionEnv - config file /home/gabsko/.td/td.conf is not found
java.sql.SQLException: User is not specified. Use Properties object to set 'user'
	at com.treasuredata.jdbc.Config.setProperties(Config.java:338)
	at com.treasuredata.jdbc.TreasureDataDriver.getConnection(TreasureDataDriver.java:75)
	at com.treasuredata.jdbc.TreasureDataDriver.connect(TreasureDataDriver.java:59)
	at java.sql/java.sql.DriverManager.getConnection(DriverManager.java:677)
	at java.sql/java.sql.DriverManager.getConnection(DriverManager.java:189)
	at com.treasuredata.jdbc.TestProductionEnv.newAPIKeyBasedConnection(TestProductionEnv.java:123)
	at com.treasuredata.jdbc.TestProductionEnv.newConnection(TestProductionEnv.java:112)
	at com.treasuredata.jdbc.TestProductionEnv.newPrestoConnection(TestProductionEnv.java:149)
	at com.treasuredata.jdbc.TestProductionEnv.newPrestoConnection(TestProductionEnv.java:143)
	at com.treasuredata.jdbc.TestProductionEnv.testErrorMessage(TestProductionEnv.java:270)
	at java.base/jdk.internal.reflect.NativeMethodAccessorImpl.invoke0(Native Method)
	at java.base/jdk.internal.reflect.NativeMethodAccessorImpl.invoke(NativeMethodAccessorImpl.java:62)
	at java.base/jdk.internal.reflect.DelegatingMethodAccessorImpl.invoke(DelegatingMethodAccessorImpl.java:43)
	at java.base/java.lang.reflect.Method.invoke(Method.java:566)
	at org.junit.runners.model.FrameworkMethod$1.runReflectiveCall(FrameworkMethod.java:59)
	at org.junit.internal.runners.model.ReflectiveCallable.run(ReflectiveCallable.java:12)
	at org.junit.runners.model.FrameworkMethod.invokeExplosively(FrameworkMethod.java:56)
	at org.junit.internal.runners.statements.InvokeMethod.evaluate(InvokeMethod.java:17)
	at org.junit.runners.ParentRunner$3.evaluate(ParentRunner.java:306)
	at org.junit.runners.BlockJUnit4ClassRunner$1.evaluate(BlockJUnit4ClassRunner.java:100)
	at org.junit.runners.ParentRunner.runLeaf(ParentRunner.java:366)
	at org.junit.runners.BlockJUnit4ClassRunner.runChild(BlockJUnit4ClassRunner.java:103)
	at org.junit.runners.BlockJUnit4ClassRunner.runChild(BlockJUnit4ClassRunner.java:63)
	at org.junit.runners.ParentRunner$4.run(ParentRunner.java:331)
	at org.junit.runners.ParentRunner$1.schedule(ParentRunner.java:79)
	at org.junit.runners.ParentRunner.runChildren(ParentRunner.java:329)
	at org.junit.runners.ParentRunner.access$100(ParentRunner.java:66)
	at org.junit.runners.ParentRunner$2.evaluate(ParentRunner.java:293)
	at org.junit.runners.ParentRunner$3.evaluate(ParentRunner.java:306)
	at org.junit.runners.ParentRunner.run(ParentRunner.java:413)
	at org.apache.maven.surefire.junit4.JUnit4Provider.execute(JUnit4Provider.java:365)
	at org.apache.maven.surefire.junit4.JUnit4Provider.executeWithRerun(JUnit4Provider.java:273)
	at org.apache.maven.surefire.junit4.JUnit4Provider.executeTestSet(JUnit4Provider.java:238)
	at org.apache.maven.surefire.junit4.JUnit4Provider.invoke(JUnit4Provider.java:159)
	at org.apache.maven.surefire.booter.ForkedBooter.invokeProviderInSameClassLoader(ForkedBooter.java:384)
	at org.apache.maven.surefire.booter.ForkedBooter.runSuitesInProcess(ForkedBooter.java:345)
	at org.apache.maven.surefire.booter.ForkedBooter.execute(ForkedBooter.java:126)
	at org.apache.maven.surefire.booter.ForkedBooter.main(ForkedBooter.java:418)
[main] WARN com.treasuredata.jdbc.TestProductionEnv - --error message:User is not specified. Use Properties object to set 'user'--
[main] WARN com.treasuredata.jdbc.TestProductionEnv - config file /home/gabsko/.td/td.conf is not found
[main] WARN com.treasuredata.jdbc.TestProductionEnv - config file /home/gabsko/.td/td.conf is not found
[main] WARN com.treasuredata.jdbc.TestProductionEnv - config file /home/gabsko/.td/td.conf is not found
[main] WARN com.treasuredata.jdbc.TestProductionEnv - config file /home/gabsko/.td/td.conf is not found
[main] WARN com.treasuredata.jdbc.TestProductionEnv - config file /home/gabsko/.td/td.conf is not found
[main] WARN com.treasuredata.jdbc.TestProductionEnv - config file /home/gabsko/.td/td.conf is not found
[ERROR] Tests run: 9, Failures: 1, Errors: 7, Skipped: 1, Time elapsed: 0.014 s <<< FAILURE! - in com.treasuredata.jdbc.TestProductionEnv
[ERROR] testPerformance(com.treasuredata.jdbc.TestProductionEnv)  Time elapsed: 0.006 s  <<< ERROR!
java.sql.SQLException: User is not specified. Use Properties object to set 'user'
	at com.treasuredata.jdbc.TestProductionEnv.newAPIKeyBasedConnection(TestProductionEnv.java:123)
	at com.treasuredata.jdbc.TestProductionEnv.newConnection(TestProductionEnv.java:112)
	at com.treasuredata.jdbc.TestProductionEnv.newPrestoConnection(TestProductionEnv.java:149)
	at com.treasuredata.jdbc.TestProductionEnv.newPrestoConnection(TestProductionEnv.java:143)
	at com.treasuredata.jdbc.TestProductionEnv.testPerformance(TestProductionEnv.java:294)

[ERROR] testErrorMessage(com.treasuredata.jdbc.TestProductionEnv)  Time elapsed: 0.004 s  <<< FAILURE!
java.lang.AssertionError: SQLException should report missing table
	at com.treasuredata.jdbc.TestProductionEnv.testErrorMessage(TestProductionEnv.java:285)

[ERROR] testNonSSLConnection(com.treasuredata.jdbc.TestProductionEnv)  Time elapsed: 0 s  <<< ERROR!
java.sql.SQLException: User is not specified. Use Properties object to set 'user'
	at com.treasuredata.jdbc.TestProductionEnv.newAPIKeyBasedConnection(TestProductionEnv.java:123)
	at com.treasuredata.jdbc.TestProductionEnv.newConnection(TestProductionEnv.java:112)
	at com.treasuredata.jdbc.TestProductionEnv.testNonSSLConnection(TestProductionEnv.java:156)

[ERROR] testApiKeyBasedAuthentication(com.treasuredata.jdbc.TestProductionEnv)  Time elapsed: 0 s  <<< ERROR!
java.sql.SQLException: User is not specified. Use Properties object to set 'user'
	at com.treasuredata.jdbc.TestProductionEnv.newAPIKeyBasedConnection(TestProductionEnv.java:123)
	at com.treasuredata.jdbc.TestProductionEnv.testApiKeyBasedAuthentication(TestProductionEnv.java:344)

[ERROR] readArrayType(com.treasuredata.jdbc.TestProductionEnv)  Time elapsed: 0 s  <<< ERROR!
java.sql.SQLException: User is not specified. Use Properties object to set 'user'
	at com.treasuredata.jdbc.TestProductionEnv.newAPIKeyBasedConnection(TestProductionEnv.java:123)
	at com.treasuredata.jdbc.TestProductionEnv.newConnection(TestProductionEnv.java:112)
	at com.treasuredata.jdbc.TestProductionEnv.newPrestoConnection(TestProductionEnv.java:149)
	at com.treasuredata.jdbc.TestProductionEnv.newPrestoConnection(TestProductionEnv.java:143)
	at com.treasuredata.jdbc.TestProductionEnv.readArrayType(TestProductionEnv.java:183)

[ERROR] testFixedVarcharType(com.treasuredata.jdbc.TestProductionEnv)  Time elapsed: 0.001 s  <<< ERROR!
java.sql.SQLException: User is not specified. Use Properties object to set 'user'
	at com.treasuredata.jdbc.TestProductionEnv.newAPIKeyBasedConnection(TestProductionEnv.java:123)
	at com.treasuredata.jdbc.TestProductionEnv.newConnection(TestProductionEnv.java:112)
	at com.treasuredata.jdbc.TestProductionEnv.newPrestoConnection(TestProductionEnv.java:149)
	at com.treasuredata.jdbc.TestProductionEnv.newPrestoConnection(TestProductionEnv.java:143)
	at com.treasuredata.jdbc.TestProductionEnv.testFixedVarcharType(TestProductionEnv.java:361)

[ERROR] testUpdate(com.treasuredata.jdbc.TestProductionEnv)  Time elapsed: 0.001 s  <<< ERROR!
java.sql.SQLException: User is not specified. Use Properties object to set 'user'
	at com.treasuredata.jdbc.TestProductionEnv.newAPIKeyBasedConnection(TestProductionEnv.java:123)
	at com.treasuredata.jdbc.TestProductionEnv.newConnection(TestProductionEnv.java:112)
	at com.treasuredata.jdbc.TestProductionEnv.newPrestoConnection(TestProductionEnv.java:149)
	at com.treasuredata.jdbc.TestProductionEnv.newPrestoConnection(TestProductionEnv.java:143)
	at com.treasuredata.jdbc.TestProductionEnv.testUpdate(TestProductionEnv.java:381)

[ERROR] select1(com.treasuredata.jdbc.TestProductionEnv)  Time elapsed: 0.001 s  <<< ERROR!
java.sql.SQLException: User is not specified. Use Properties object to set 'user'
	at com.treasuredata.jdbc.TestProductionEnv.newAPIKeyBasedConnection(TestProductionEnv.java:123)
	at com.treasuredata.jdbc.TestProductionEnv.newConnection(TestProductionEnv.java:112)
	at com.treasuredata.jdbc.TestProductionEnv.newPrestoConnection(TestProductionEnv.java:149)
	at com.treasuredata.jdbc.TestProductionEnv.newPrestoConnection(TestProductionEnv.java:143)
	at com.treasuredata.jdbc.TestProductionEnv.select1(TestProductionEnv.java:250)

[INFO] Running com.treasuredata.jdbc.command.TestTDClientAPI
Jan 18, 2023 12:15:43 PM com.treasuredata.jdbc.command.TDClientAPI waitJobResult
SEVERE: Job '12345' failed: got Job status 'error'
Jan 18, 2023 12:15:43 PM com.treasuredata.jdbc.command.TDClientAPI waitJobResult
SEVERE: cmdout:
Jan 18, 2023 12:15:43 PM com.treasuredata.jdbc.command.TDClientAPI waitJobResult
SEVERE: cmdout
Jan 18, 2023 12:15:43 PM com.treasuredata.jdbc.command.TDClientAPI waitJobResult
SEVERE: stderr:
Jan 18, 2023 12:15:43 PM com.treasuredata.jdbc.command.TDClientAPI waitJobResult
SEVERE: stderr
Jan 18, 2023 12:15:43 PM com.treasuredata.jdbc.command.TDClientAPI waitJobResult
SEVERE: Job '12345' failed: got Job status 'error'
Jan 18, 2023 12:15:43 PM com.treasuredata.jdbc.command.TDClientAPI waitJobResult
SEVERE: cmdout:
Jan 18, 2023 12:15:43 PM com.treasuredata.jdbc.command.TDClientAPI waitJobResult
SEVERE: cmdout
Jan 18, 2023 12:15:43 PM com.treasuredata.jdbc.command.TDClientAPI waitJobResult
SEVERE: stderr:
Jan 18, 2023 12:15:43 PM com.treasuredata.jdbc.command.TDClientAPI waitJobResult
SEVERE: stderr
[INFO] Tests run: 4, Failures: 0, Errors: 0, Skipped: 0, Time elapsed: 6.032 s - in com.treasuredata.jdbc.command.TestTDClientAPI
[INFO] Running com.treasuredata.jdbc.TestTDPreparedStatement
[main] WARN com.treasuredata.jdbc.TestProductionEnv - config file /home/gabsko/.td/td.conf is not found
[main] WARN com.treasuredata.jdbc.TestProductionEnv - config file /home/gabsko/.td/td.conf is not found
[ERROR] Tests run: 2, Failures: 0, Errors: 2, Skipped: 0, Time elapsed: 0.002 s <<< FAILURE! - in com.treasuredata.jdbc.TestTDPreparedStatement
[ERROR] updateSql(com.treasuredata.jdbc.TestTDPreparedStatement)  Time elapsed: 0 s  <<< ERROR!
java.sql.SQLException: User is not specified. Use Properties object to set 'user'
	at com.treasuredata.jdbc.TestTDPreparedStatement.createPreparedStatement(TestTDPreparedStatement.java:33)
	at com.treasuredata.jdbc.TestTDPreparedStatement.assertReplacedQuery(TestTDPreparedStatement.java:41)
	at com.treasuredata.jdbc.TestTDPreparedStatement.updateSql(TestTDPreparedStatement.java:54)

[ERROR] updateSqlWithQuotedChar(com.treasuredata.jdbc.TestTDPreparedStatement)  Time elapsed: 0.002 s  <<< ERROR!
java.sql.SQLException: User is not specified. Use Properties object to set 'user'
	at com.treasuredata.jdbc.TestTDPreparedStatement.createPreparedStatement(TestTDPreparedStatement.java:33)
	at com.treasuredata.jdbc.TestTDPreparedStatement.assertReplacedQuery(TestTDPreparedStatement.java:41)
	at com.treasuredata.jdbc.TestTDPreparedStatement.updateSqlWithQuotedChar(TestTDPreparedStatement.java:65)

[INFO] 
[INFO] Results:
[INFO] 
[ERROR] Failures: 
[ERROR]   TestProductionEnv.testErrorMessage:285 SQLException should report missing table
[ERROR]   TestTDResultSet.testGetMetaData01:609
[ERROR]   TestTDResultSet.testGetMetaData02:696
[ERROR]   TestTDResultSet.testGetMetaData03:780
[ERROR] Errors: 
[ERROR]   TestProductionEnv.readArrayType:183->newPrestoConnection:143->newPrestoConnection:149->newConnection:112->newAPIKeyBasedConnection:123 » SQL
[ERROR]   TestProductionEnv.select1:250->newPrestoConnection:143->newPrestoConnection:149->newConnection:112->newAPIKeyBasedConnection:123 » SQL
[ERROR]   TestProductionEnv.testApiKeyBasedAuthentication:344->newAPIKeyBasedConnection:123 » SQL
[ERROR]   TestProductionEnv.testFixedVarcharType:361->newPrestoConnection:143->newPrestoConnection:149->newConnection:112->newAPIKeyBasedConnection:123 » SQL
[ERROR]   TestProductionEnv.testNonSSLConnection:156->newConnection:112->newAPIKeyBasedConnection:123 » SQL
[ERROR]   TestProductionEnv.testPerformance:294->newPrestoConnection:143->newPrestoConnection:149->newConnection:112->newAPIKeyBasedConnection:123 » SQL
[ERROR]   TestProductionEnv.testUpdate:381->newPrestoConnection:143->newPrestoConnection:149->newConnection:112->newAPIKeyBasedConnection:123 » SQL
[ERROR]   TestTDPreparedStatement.updateSql:54->assertReplacedQuery:41->createPreparedStatement:33 » SQL
[ERROR]   TestTDPreparedStatement.updateSqlWithQuotedChar:65->assertReplacedQuery:41->createPreparedStatement:33 » SQL
[INFO] 
[ERROR] Tests run: 46, Failures: 4, Errors: 9, Skipped: 2
[INFO] 
[INFO] ------------------------------------------------------------------------
[INFO] BUILD FAILURE
[INFO] ------------------------------------------------------------------------
[INFO] Total time:  11.467 s
[INFO] Finished at: 2023-01-18T12:15:49Z
[INFO] ------------------------------------------------------------------------
[ERROR] Failed to execute goal org.apache.maven.plugins:maven-surefire-plugin:2.22.2:test (default-test) on project td-jdbc: There are test failures.
[ERROR] 
[ERROR] Please refer to /home/gabsko/breaking-updates/target/surefire-reports for the individual test results.
[ERROR] Please refer to dump files (if any exist) [date].dump, [date]-jvmRun[N].dump and [date].dumpstream.
[ERROR] -> [Help 1]
[ERROR] 
[ERROR] To see the full stack trace of the errors, re-run Maven with the -e switch.
[ERROR] Re-run Maven using the -X switch to enable full debug logging.
[ERROR] 
[ERROR] For more information about the errors and possible solutions, please read the following articles:
[ERROR] [Help 1] http://cwiki.apache.org/confluence/display/MAVEN/MojoFailureException
