[INFO] Scanning for projects...
[WARNING] 
[WARNING] Some problems were encountered while building the effective model for org.drasyl:drasyl-core:jar:0.6.0-SNAPSHOT
[WARNING] 'build.plugins.plugin.version' for pl.project13.maven:git-commit-id-plugin is missing. @ line 143, column 21
[WARNING] 
[WARNING] It is highly recommended to fix these problems because they threaten the stability of your build.
[WARNING] 
[WARNING] For this reason, future Maven versions might no longer support building such malformed projects.
[WARNING] 
[INFO] ------------------------------------------------------------------------
[INFO] Reactor Build Order:
[INFO] 
[INFO] drasyl: General-Purpose Overlay Network Framework - Parent Package [pom]
[INFO] drasyl: General-Purpose Overlay Network Framework - Core Package   [jar]
[INFO] drasyl: General-Purpose Overlay Network Framework - Groups Membership Client Plugin Package [jar]
[INFO] drasyl: General-Purpose Overlay Network Framework - Groups Membership Manager Plugin Package [jar]
[INFO] drasyl: General-Purpose Overlay Network Framework - CLI Package    [jar]
[INFO] drasyl: General-Purpose Overlay Network Framework - Examples Package [jar]
[INFO] drasyl: General-Purpose Overlay Network Framework - Integration Tests Package [jar]
[INFO] drasyl: General-Purpose Overlay Network Framework - Performance Tests Package [jar]
[INFO] drasyl: General-Purpose Overlay Network Framework - All-in-One Package [jar]
[INFO] 
[INFO] ----------------------< org.drasyl:drasyl-parent >----------------------
[INFO] Building drasyl: General-Purpose Overlay Network Framework - Parent Package 0.6.0-SNAPSHOT [1/9]
[INFO] --------------------------------[ pom ]---------------------------------
[INFO] 
[INFO] --- maven-clean-plugin:2.5:clean (default-clean) @ drasyl-parent ---
[INFO] 
[INFO] --- jacoco-maven-plugin:0.8.7:prepare-agent (default) @ drasyl-parent ---
[INFO] surefireArgLine set to -javaagent:/home/gabsko/.m2/repository/org/jacoco/org.jacoco.agent/0.8.7/org.jacoco.agent-0.8.7-runtime.jar=destfile=/home/gabsko/breaking-updates/target/jacoco.exec
[INFO] 
[INFO] -----------------------< org.drasyl:drasyl-core >-----------------------
[INFO] Building drasyl: General-Purpose Overlay Network Framework - Core Package 0.6.0-SNAPSHOT [2/9]
[INFO] --------------------------------[ jar ]---------------------------------
[INFO] 
[INFO] --- maven-clean-plugin:2.5:clean (default-clean) @ drasyl-core ---
[INFO] Deleting /home/gabsko/breaking-updates/drasyl-core/target
[INFO] 
[INFO] --- git-commit-id-plugin:4.9.10:revision (get-the-git-infos) @ drasyl-core ---
[INFO] 
[INFO] --- jacoco-maven-plugin:0.8.7:prepare-agent (default) @ drasyl-core ---
[INFO] surefireArgLine set to -javaagent:/home/gabsko/.m2/repository/org/jacoco/org.jacoco.agent/0.8.7/org.jacoco.agent-0.8.7-runtime.jar=destfile=/home/gabsko/breaking-updates/drasyl-core/target/jacoco.exec,excludes=org/drasyl/remote/protocol/Protocol*
[INFO] 
[INFO] --- protoc-jar-maven-plugin:3.11.4:run (default) @ drasyl-core ---
[INFO] Protoc version: 3.14.0
protoc-jar: protoc version: 3.14.0, detected platform: linux-x86_64 (linux/amd64)
protoc-jar: using default maven settings, didn't find user settings.xml
protoc-jar: cached: /tmp/protocjar.webcache/com/google/protobuf/protoc/maven-metadata.xml
protoc-jar: cached: /tmp/protocjar.webcache/com/google/protobuf/protoc/3.14.0/protoc-3.14.0-linux-x86_64.exe
protoc-jar: executing: [/tmp/protocjar13387546587394609633/bin/protoc.exe, --version]
libprotoc 3.14.0
[INFO] Protoc command: /tmp/protocjar13387546587394609633/bin/protoc.exe
[INFO] Input directories:
[INFO]     /home/gabsko/breaking-updates/drasyl-core/src/main/protobuf
[INFO] Output targets:
[INFO]     java: /home/gabsko/breaking-updates/drasyl-core/src/main/java (add: main, clean: false, plugin: null, outputOptions: null)
[INFO]     Processing (java): protocol.proto
protoc-jar: executing: [/tmp/protocjar13387546587394609633/bin/protoc.exe, -I/home/gabsko/breaking-updates/drasyl-core/src/main/protobuf, --java_out=/home/gabsko/breaking-updates/drasyl-core/src/main/java, /home/gabsko/breaking-updates/drasyl-core/src/main/protobuf/protocol.proto]
[INFO] Adding generated sources (java): /home/gabsko/breaking-updates/drasyl-core/src/main/java
[INFO] 
[INFO] --- maven-resources-plugin:2.6:resources (default-resources) @ drasyl-core ---
[INFO] Using 'UTF-8' encoding to copy filtered resources.
[INFO] skip non existing resourceDirectory /home/gabsko/breaking-updates/drasyl-core/relay-monitoring-page
[INFO] Copying 8 resources
[INFO] 
[INFO] --- maven-compiler-plugin:3.8.1:compile (default-compile) @ drasyl-core ---
[INFO] Changes detected - recompiling the module!
[INFO] Compiling 250 source files to /home/gabsko/breaking-updates/drasyl-core/target/classes
[INFO] /home/gabsko/breaking-updates/drasyl-core/src/main/java/org/drasyl/remote/handler/InternetDiscovery.java: Some input files use unchecked or unsafe operations.
[INFO] /home/gabsko/breaking-updates/drasyl-core/src/main/java/org/drasyl/remote/handler/InternetDiscovery.java: Recompile with -Xlint:unchecked for details.
[INFO] 
[INFO] --- maven-resources-plugin:2.6:testResources (default-testResources) @ drasyl-core ---
[INFO] Using 'UTF-8' encoding to copy filtered resources.
[INFO] Copying 2 resources
[INFO] 
[INFO] --- maven-compiler-plugin:3.8.1:testCompile (default-testCompile) @ drasyl-core ---
[INFO] Changes detected - recompiling the module!
[INFO] Compiling 142 source files to /home/gabsko/breaking-updates/drasyl-core/target/test-classes
[INFO] /home/gabsko/breaking-updates/drasyl-core/src/test/java/org/drasyl/crypto/CryptoTest.java: /home/gabsko/breaking-updates/drasyl-core/src/test/java/org/drasyl/crypto/CryptoTest.java uses unchecked or unsafe operations.
[INFO] /home/gabsko/breaking-updates/drasyl-core/src/test/java/org/drasyl/crypto/CryptoTest.java: Recompile with -Xlint:unchecked for details.
[INFO] 
[INFO] --- maven-surefire-plugin:3.0.0-M5:test (default-test) @ drasyl-core ---
[INFO] 
[INFO] -------------------------------------------------------
[INFO]  T E S T S
[INFO] -------------------------------------------------------
[ERROR] Jan 17, 2023 3:57:47 PM org.junit.platform.launcher.core.LauncherConfigurationParameters loadClasspathResource
[ERROR] INFO: Loading JUnit Platform configuration parameters from classpath resource [file:/home/gabsko/breaking-updates/drasyl-core/target/test-classes/junit-platform.properties].
[INFO] Running org.drasyl.intravm.IntraVmDiscoveryTest
[INFO] Running org.drasyl.identity.IdentityPublicKeyTest
[INFO] Running org.drasyl.util.TypeParameterMatcherTest
[INFO] Running org.drasyl.plugin.PluginEnvironmentTest
[INFO] Running org.drasyl.DrasylExceptionTest
[INFO] Running org.drasyl.identity.KeyPairTest
[INFO] Running org.drasyl.util.ByteBufUtilTest
[INFO] Running org.drasyl.util.ThrowingFunctionTest
[INFO] Running org.drasyl.util.RandomUtilTest
[INFO] Running org.drasyl.remote.protocol.UniteMessageTest
[INFO] Running org.drasyl.util.protocol.PcpPortUtilTest
[INFO] Running org.drasyl.util.TokenBucketTest
[INFO] Running org.drasyl.pipeline.skeleton.SimpleDuplexRemoteMessageSkipLoopbackHandlerTest
[INFO] Running org.drasyl.pipeline.skeleton.SimpleDuplexHandlerTest
[INFO] Running org.drasyl.event.PeerDirectEventTest
[INFO] Running org.drasyl.identity.KeyAgreementSecretKeyTest
[INFO] Running org.drasyl.remote.handler.InternetDiscoveryTest
[INFO] Running org.drasyl.remote.protocol.ProtocolTest
[INFO] Running org.drasyl.util.SetUtilTest
[INFO] Running org.drasyl.remote.handler.StaticRoutesHandlerTest
[INFO] Running org.drasyl.util.ArrayUtilTest
[INFO] Running org.drasyl.remote.handler.OtherNetworkFilterTest
[INFO] Running org.drasyl.util.PairTest
[INFO] Running org.drasyl.remote.handler.UdpServerTest
[INFO] Running org.drasyl.identity.IdentitySecretKeyTest
[INFO] Running org.drasyl.remote.handler.crypto.AgreementIdTest
[INFO] Running org.drasyl.identity.IdentityManagerTest
[INFO] Running org.drasyl.remote.handler.HopCountGuardTest
[INFO] Running org.drasyl.loopback.handler.LoopbackMessageHandlerTest
[INFO] Running org.drasyl.peer.PeersManagerTest
[INFO] Running org.drasyl.remote.handler.InvalidProofOfWorkFilterTest
[INFO] Running org.drasyl.behaviour.BehavioralDrasylNodeTest
[INFO] Running org.drasyl.DrasylConfigTest
[INFO] Running org.drasyl.util.FutureUtilTest
[INFO] Running org.drasyl.util.MaskedStringTest
[INFO] Running org.drasyl.identity.KeyPairTest$JsonSerialization
[INFO] Running org.drasyl.identity.KeyAgreementSecretKeyTest$ToString
[INFO] Running org.drasyl.remote.protocol.UniteMessageTest$Of
[INFO] Running org.drasyl.remote.handler.LocalNetworkDiscoveryTest
[INFO] Running org.drasyl.util.TokenBucketTest$TestTokenProvider
[INFO] Running org.drasyl.identity.IdentityManagerTest$DeleteIdentityFile
[INFO] Running org.drasyl.util.ThrowingFunctionTest$Apply
[INFO] Running org.drasyl.util.FutureUtilTest$ToFuture
[INFO] Running org.drasyl.intravm.IntraVmDiscoveryTest$MessagePassing
[INFO] Running org.drasyl.pipeline.skeleton.SimpleDuplexRemoteMessageSkipLoopbackHandlerTest$Inbound
[INFO] Running org.drasyl.util.protocol.PcpPortUtilTest$TestMappingResponseMessage
[INFO] Running org.drasyl.util.ByteBufUtilTest$Prepend
[INFO] Running org.drasyl.event.PeerDirectEventTest$HashCode
[INFO] Running org.drasyl.behaviour.BehavioralDrasylNodeTest$OnEvent
[INFO] Running org.drasyl.util.TokenBucketTest$TestTokenProvider$Refill
[INFO] Running org.drasyl.remote.protocol.ProtocolTest$TestUnite
[INFO] Running org.drasyl.remote.handler.UdpServerTest$MessagePassing
[INFO] Running org.drasyl.util.SetUtilTest$FirstElement
[INFO] Running org.drasyl.util.ArrayUtilTest$Concat
[INFO] Running org.drasyl.util.PairTest$JsonSerialization
[INFO] Running org.drasyl.pipeline.skeleton.SimpleDuplexHandlerTest$InboundTest
[INFO] Running org.drasyl.DrasylExceptionTest$HashCode
[INFO] Running org.drasyl.identity.IdentityPublicKeyTest$JsonSerialization
[INFO] Running org.drasyl.util.TypeParameterMatcherTest$Match
[INFO] Running org.drasyl.identity.IdentitySecretKeyTest$JsonSerialization
[INFO] Running org.drasyl.util.RandomUtilTest$RandomString
[INFO] Running org.drasyl.peer.PeersManagerTest$AddPathAndChildren
[INFO] Running org.drasyl.DrasylConfigTest$TestDrasylConfigBuilder
[INFO] Running org.drasyl.util.MaskedStringTest$ToUnmaskedString
[INFO] Running org.drasyl.plugin.PluginEnvironmentTest$HashCode
[INFO] Running org.drasyl.remote.handler.crypto.AgreementIdTest$HashCode
[INFO] Tests run: 12, Failures: 0, Errors: 0, Skipped: 0, Time elapsed: 0.067 s - in org.drasyl.util.SetUtilTest$FirstElement
[INFO] Running org.drasyl.util.SetUtilTest$NthElement
[INFO] Tests run: 1, Failures: 0, Errors: 0, Skipped: 0, Time elapsed: 0.054 s - in org.drasyl.util.MaskedStringTest$ToUnmaskedString
[INFO] Running org.drasyl.util.MaskedStringTest$ToString
[INFO] Tests run: 1, Failures: 0, Errors: 0, Skipped: 0, Time elapsed: 0.067 s - in org.drasyl.util.ArrayUtilTest$Concat
[INFO] Tests run: 1, Failures: 0, Errors: 0, Skipped: 0, Time elapsed: 0.079 s - in org.drasyl.util.TypeParameterMatcherTest$Match
[INFO] Running org.drasyl.util.TypeParameterMatcherTest$Find
[INFO] Tests run: 1, Failures: 0, Errors: 0, Skipped: 0, Time elapsed: 0.004 s - in org.drasyl.util.SetUtilTest$NthElement
[INFO] Running org.drasyl.util.SetUtilTest$Difference
[INFO] Tests run: 0, Failures: 0, Errors: 0, Skipped: 0, Time elapsed: 0.096 s - in org.drasyl.util.ArrayUtilTest
[INFO] Tests run: 1, Failures: 0, Errors: 0, Skipped: 0, Time elapsed: 0.002 s - in org.drasyl.util.TypeParameterMatcherTest$Find
[INFO] Running org.drasyl.serialization.StringSerializerTest
[INFO] Running org.drasyl.serialization.StringSerializerTest$FromByteArray
[INFO] Tests run: 2, Failures: 0, Errors: 0, Skipped: 0, Time elapsed: 0.002 s - in org.drasyl.util.SetUtilTest$Difference
[INFO] Tests run: 0, Failures: 0, Errors: 0, Skipped: 0, Time elapsed: 0.11 s - in org.drasyl.util.TypeParameterMatcherTest
[INFO] Running org.drasyl.util.SetUtilTest$Merge
[INFO] Tests run: 1, Failures: 0, Errors: 0, Skipped: 0, Time elapsed: 0.011 s - in org.drasyl.util.MaskedStringTest$ToString
[INFO] Running org.drasyl.serialization.FloatSerializerTest
[INFO] Running org.drasyl.serialization.FloatSerializerTest$FromByteArray
[INFO] Tests run: 3, Failures: 0, Errors: 0, Skipped: 0, Time elapsed: 0.114 s - in org.drasyl.util.MaskedStringTest
[INFO] Running org.drasyl.identity.IdentityTest
[INFO] Running org.drasyl.identity.IdentityTest$JsonSerialization
[INFO] Tests run: 2, Failures: 0, Errors: 0, Skipped: 0, Time elapsed: 0.009 s - in org.drasyl.serialization.StringSerializerTest$FromByteArray
[INFO] Tests run: 0, Failures: 0, Errors: 0, Skipped: 0, Time elapsed: 0.002 s - in org.drasyl.util.SetUtilTest$Merge
[INFO] Running org.drasyl.serialization.StringSerializerTest$ToByteArray
[INFO] Tests run: 3, Failures: 0, Errors: 0, Skipped: 0, Time elapsed: 0.12 s - in org.drasyl.util.SetUtilTest
[INFO] Tests run: 0, Failures: 0, Errors: 0, Skipped: 0, Time elapsed: 0.005 s - in org.drasyl.serialization.FloatSerializerTest$FromByteArray
[INFO] Running org.drasyl.util.ThrowingRunnableTest
[INFO] Running org.drasyl.serialization.FloatSerializerTest$ToByteArray
[INFO] Running org.drasyl.util.ThrowingRunnableTest$Run
[INFO] Tests run: 0, Failures: 0, Errors: 0, Skipped: 0, Time elapsed: 0.003 s - in org.drasyl.serialization.StringSerializerTest$ToByteArray
[INFO] Tests run: 2, Failures: 0, Errors: 0, Skipped: 0, Time elapsed: 0.02 s - in org.drasyl.serialization.StringSerializerTest
[INFO] Running org.drasyl.behaviour.BehaviorsTest
[INFO] Running org.drasyl.behaviour.BehaviorsTest$WithScheduler
[INFO] Tests run: 0, Failures: 0, Errors: 0, Skipped: 0, Time elapsed: 0.002 s - in org.drasyl.serialization.FloatSerializerTest$ToByteArray
[INFO] Tests run: 0, Failures: 0, Errors: 0, Skipped: 0, Time elapsed: 0.016 s - in org.drasyl.serialization.FloatSerializerTest
[INFO] Running org.drasyl.pipeline.skeleton.SimpleInboundHandlerTest
[INFO] Tests run: 1, Failures: 0, Errors: 0, Skipped: 0, Time elapsed: 0.232 s - in org.drasyl.util.ByteBufUtilTest$Prepend
[INFO] Tests run: 0, Failures: 0, Errors: 0, Skipped: 0, Time elapsed: 0.249 s - in org.drasyl.util.ByteBufUtilTest
[INFO] Running org.drasyl.identity.ProofOfWorkTest
[INFO] Running org.drasyl.identity.ProofOfWorkTest$Invalid
SLF4J: A number (40) of logging calls during the initialization phase have been intercepted and are
SLF4J: now being replayed. These are subject to the filtering rules of the underlying logging system.
SLF4J: See also http://www.slf4j.org/codes.html#replay
2023-01-17T15:57:48,447Z [39mDEBUG[0;39m --- [-1-worker-19] [36mio.netty.util.ResourceLeakDetector      [0;39m : -Dio.netty.leakDetection.level: paranoid
2023-01-17T15:57:48,452Z [39mDEBUG[0;39m --- [-1-worker-19] [36mio.netty.util.ResourceLeakDetector      [0;39m : -Dio.netty.leakDetection.targetRecords: 4
[INFO] Tests run: 1, Failures: 0, Errors: 0, Skipped: 0, Time elapsed: 0.411 s - in org.drasyl.identity.KeyAgreementSecretKeyTest$ToString
[INFO] Tests run: 0, Failures: 0, Errors: 0, Skipped: 0, Time elapsed: 0.425 s - in org.drasyl.identity.KeyAgreementSecretKeyTest
[INFO] Running org.drasyl.util.scheduler.DrasylSchedulerTest
[INFO] Running org.drasyl.util.scheduler.DrasylSchedulerTest$Wrapper
[INFO] Tests run: 2, Failures: 0, Errors: 0, Skipped: 0, Time elapsed: 0.436 s - in org.drasyl.remote.protocol.ProtocolTest$TestUnite
[INFO] Running org.drasyl.remote.protocol.ProtocolTest$TestPublicHeader
[INFO] Tests run: 4, Failures: 0, Errors: 0, Skipped: 0, Time elapsed: 0.006 s - in org.drasyl.remote.protocol.ProtocolTest$TestPublicHeader
[INFO] Tests run: 0, Failures: 0, Errors: 0, Skipped: 0, Time elapsed: 0.21 s - in org.drasyl.identity.ProofOfWorkTest$Invalid
[INFO] Running org.drasyl.identity.ProofOfWorkTest$JsonSerialization
[INFO] Tests run: 0, Failures: 0, Errors: 0, Skipped: 0, Time elapsed: 0.462 s - in org.drasyl.remote.protocol.ProtocolTest
[INFO] Running org.drasyl.util.TripleTest
[INFO] Running org.drasyl.util.TripleTest$JsonSerialization
[INFO] Tests run: 9, Failures: 0, Errors: 0, Skipped: 0, Time elapsed: 0.555 s - in org.drasyl.remote.handler.crypto.AgreementIdTest$HashCode
[INFO] Running org.drasyl.remote.handler.crypto.AgreementIdTest$Equals
[INFO] Tests run: 0, Failures: 0, Errors: 0, Skipped: 0, Time elapsed: 0.566 s - in org.drasyl.util.protocol.PcpPortUtilTest$TestMappingResponseMessage
[INFO] Running org.drasyl.util.protocol.PcpPortUtilTest$ReadMessage
[INFO] Tests run: 1, Failures: 0, Errors: 0, Skipped: 0, Time elapsed: 0.567 s - in org.drasyl.DrasylExceptionTest$HashCode
[INFO] Tests run: 0, Failures: 0, Errors: 0, Skipped: 0, Time elapsed: 0.564 s - in org.drasyl.util.RandomUtilTest$RandomString
[INFO] Running org.drasyl.DrasylExceptionTest$Equals
[INFO] Running org.drasyl.util.RandomUtilTest$RandomBytes
[INFO] Tests run: 1, Failures: 0, Errors: 0, Skipped: 0, Time elapsed: 0.009 s - in org.drasyl.remote.handler.crypto.AgreementIdTest$Equals
[INFO] Running org.drasyl.remote.handler.crypto.AgreementIdTest$Validation
[INFO] Tests run: 4, Failures: 0, Errors: 0, Skipped: 0, Time elapsed: 0.003 s - in org.drasyl.DrasylExceptionTest$Equals
[INFO] Tests run: 0, Failures: 0, Errors: 0, Skipped: 0, Time elapsed: 0.595 s - in org.drasyl.DrasylExceptionTest
[INFO] Running org.drasyl.pipeline.skeleton.SimpleOutboundHandlerTest
[INFO] Tests run: 2, Failures: 0, Errors: 0, Skipped: 0, Time elapsed: 0.005 s - in org.drasyl.util.RandomUtilTest$RandomBytes
[INFO] Running org.drasyl.util.RandomUtilTest$RandomLong
[INFO] Tests run: 1, Failures: 0, Errors: 0, Skipped: 0, Time elapsed: 0.014 s - in org.drasyl.util.protocol.PcpPortUtilTest$ReadMessage
[INFO] Running org.drasyl.util.protocol.PcpPortUtilTest$BuildMappingRequestMessage
[INFO] Tests run: 1, Failures: 0, Errors: 0, Skipped: 0, Time elapsed: 0.59 s - in org.drasyl.remote.protocol.UniteMessageTest$Of
[INFO] Tests run: 0, Failures: 0, Errors: 0, Skipped: 0, Time elapsed: 0.01 s - in org.drasyl.remote.handler.crypto.AgreementIdTest$Validation
[INFO] Running org.drasyl.remote.handler.crypto.AgreementIdTest$Create
[INFO] Tests run: 1, Failures: 0, Errors: 0, Skipped: 0, Time elapsed: 0.603 s - in org.drasyl.remote.protocol.UniteMessageTest
[INFO] Running org.drasyl.util.WormTest
[INFO] Tests run: 0, Failures: 0, Errors: 0, Skipped: 0, Time elapsed: 0.002 s - in org.drasyl.util.protocol.PcpPortUtilTest$BuildMappingRequestMessage
[INFO] Running org.drasyl.util.WormTest$Of
[INFO] Tests run: 1, Failures: 0, Errors: 0, Skipped: 0, Time elapsed: 0.607 s - in org.drasyl.util.protocol.PcpPortUtilTest
[INFO] Running org.drasyl.util.logging.MessageFormatterTest
[INFO] Tests run: 4, Failures: 0, Errors: 0, Skipped: 0, Time elapsed: 0.004 s - in org.drasyl.util.WormTest$Of
[INFO] Running org.drasyl.util.WormTest$ToString
[INFO] Tests run: 6, Failures: 0, Errors: 0, Skipped: 0, Time elapsed: 0.002 s - in org.drasyl.util.WormTest$ToString
[INFO] Running org.drasyl.util.WormTest$HashCode
[INFO] Tests run: 3, Failures: 0, Errors: 0, Skipped: 0, Time elapsed: 0.01 s - in org.drasyl.remote.handler.crypto.AgreementIdTest$Create
[INFO] Tests run: 1, Failures: 0, Errors: 0, Skipped: 0, Time elapsed: 0.001 s - in org.drasyl.util.WormTest$HashCode
[INFO] Running org.drasyl.util.WormTest$Equals
SLF4J: Failed toString() invocation on an object of type [org.drasyl.util.logging.MessageFormatterTest$1]
java.lang.IllegalStateException: a
	at org.drasyl.util.logging.MessageFormatterTest$1.toString(MessageFormatterTest.java:148)
	at org.drasyl.util.logging.MessageFormatter.safeObjectAppend(MessageFormatter.java:306)
	at org.drasyl.util.logging.MessageFormatter.deeplyAppendParameter(MessageFormatter.java:265)
	at org.drasyl.util.logging.MessageFormatter.arrayFormat(MessageFormatter.java:219)
	at org.drasyl.util.logging.MessageFormatter.format(MessageFormatter.java:148)
	at org.drasyl.util.logging.MessageFormatterTest.testExceptionIn_toString(MessageFormatterTest.java:151)
	at java.base/jdk.internal.reflect.NativeMethodAccessorImpl.invoke0(Native Method)
	at java.base/jdk.internal.reflect.NativeMethodAccessorImpl.invoke(NativeMethodAccessorImpl.java:62)
	at java.base/jdk.internal.reflect.DelegatingMethodAccessorImpl.invoke(DelegatingMethodAccessorImpl.java:43)
	at java.base/java.lang.reflect.Method.invoke(Method.java:566)
	at org.junit.platform.commons.util.ReflectionUtils.invokeMethod(ReflectionUtils.java:688)
	at org.junit.jupiter.engine.execution.MethodInvocation.proceed(MethodInvocation.java:60)
	at org.junit.jupiter.engine.execution.InvocationInterceptorChain$ValidatingInvocation.proceed(InvocationInterceptorChain.java:131)
	at org.junit.jupiter.engine.extension.TimeoutExtension.intercept(TimeoutExtension.java:149)
	at org.junit.jupiter.engine.extension.TimeoutExtension.interceptTestableMethod(TimeoutExtension.java:140)
	at org.junit.jupiter.engine.extension.TimeoutExtension.interceptTestMethod(TimeoutExtension.java:84)
	at org.junit.jupiter.engine.execution.ExecutableInvoker$ReflectiveInterceptorCall.lambda$ofVoidMethod$0(ExecutableInvoker.java:115)
	at org.junit.jupiter.engine.execution.ExecutableInvoker.lambda$invoke$0(ExecutableInvoker.java:105)
	at org.junit.jupiter.engine.execution.InvocationInterceptorChain$InterceptedInvocation.proceed(InvocationInterceptorChain.java:106)
	at org.junit.jupiter.engine.execution.InvocationInterceptorChain.proceed(InvocationInterceptorChain.java:64)
	at org.junit.jupiter.engine.execution.InvocationInterceptorChain.chainAndInvoke(InvocationInterceptorChain.java:45)
	at org.junit.jupiter.engine.execution.InvocationInterceptorChain.invoke(InvocationInterceptorChain.java:37)
	at org.junit.jupiter.engine.execution.ExecutableInvoker.invoke(ExecutableInvoker.java:104)
	at org.junit.jupiter.engine.execution.ExecutableInvoker.invoke(ExecutableInvoker.java:98)
	at org.junit.jupiter.engine.descriptor.TestMethodTestDescriptor.lambda$invokeTestMethod$6(TestMethodTestDescriptor.java:210)
	at org.junit.platform.engine.support.hierarchical.ThrowableCollector.execute(ThrowableCollector.java:73)
[INFO] Tests run: 0, Failures: 0, Errors: 0, Skipped: 0, Time elapsed: 0.616 s - in org.drasyl.remote.handler.crypto.AgreementIdTest
	at org.junit.jupiter.engine.descriptor.TestMethodTestDescriptor.invokeTestMethod(TestMethodTestDescriptor.java:206)
	at org.junit.jupiter.engine.descriptor.TestMethodTestDescriptor.execute(TestMethodTestDescriptor.java:131)
	at org.junit.jupiter.engine.descriptor.TestMethodTestDescriptor.execute(TestMethodTestDescriptor.java:65)
	at org.junit.platform.engine.support.hierarchical.NodeTestTask.lambda$executeRecursively$5(NodeTestTask.java:139)
	at org.junit.platform.engine.support.hierarchical.ThrowableCollector.execute(ThrowableCollector.java:73)
	at org.junit.platform.engine.support.hierarchical.NodeTestTask.lambda$executeRecursively$7(NodeTestTask.java:129)
	at org.junit.platform.engine.support.hierarchical.Node.around(Node.java:137)
	at org.junit.platform.engine.support.hierarchical.NodeTestTask.lambda$executeRecursively$8(NodeTestTask.java:127)
	at org.junit.platform.engine.support.hierarchical.ThrowableCollector.execute(ThrowableCollector.java:73)
	at org.junit.platform.engine.support.hierarchical.NodeTestTask.executeRecursively(NodeTestTask.java:126)
	at org.junit.platform.engine.support.hierarchical.NodeTestTask.execute(NodeTestTask.java:84)
	at org.junit.platform.engine.support.hierarchical.ForkJoinPoolHierarchicalTestExecutorService$ExclusiveTask.compute(ForkJoinPoolHierarchicalTestExecutorService.java:185)
	at org.junit.platform.engine.support.hierarchical.ForkJoinPoolHierarchicalTestExecutorService.executeNonConcurrentTasks(ForkJoinPoolHierarchicalTestExecutorService.java:155)
	at org.junit.platform.engine.support.hierarchical.ForkJoinPoolHierarchicalTestExecutorService.invokeAll(ForkJoinPoolHierarchicalTestExecutorService.java:135)
	at org.junit.platform.engine.support.hierarchical.NodeTestTask.lambda$executeRecursively$5(NodeTestTask.java:143)
	at org.junit.platform.engine.support.hierarchical.ThrowableCollector.execute(ThrowableCollector.java:73)
	at org.junit.platform.engine.support.hierarchical.NodeTestTask.lambda$executeRecursively$7(NodeTestTask.java:129)
	at org.junit.platform.engine.support.hierarchical.Node.around(Node.java:137)
	at org.junit.platform.engine.support.hierarchical.NodeTestTask.lambda$executeRecursively$8(NodeTestTask.java:127)
	at org.junit.platform.engine.support.hierarchical.ThrowableCollector.execute(ThrowableCollector.java:73)
	at org.junit.platform.engine.support.hierarchical.NodeTestTask.executeRecursively(NodeTestTask.java:126)
	at org.junit.platform.engine.support.hierarchical.NodeTestTask.execute(NodeTestTask.java:84)
	at org.junit.platform.engine.support.hierarchical.ForkJoinPoolHierarchicalTestExecutorService$ExclusiveTask.compute(ForkJoinPoolHierarchicalTestExecutorService.java:185)
	at java.base/java.util.concurrent.RecursiveAction.exec(RecursiveAction.java:189)
	at java.base/java.util.concurrent.ForkJoinTask.doExec(ForkJoinTask.java:290)
	at java.base/java.util.concurrent.ForkJoinPool$WorkQueue.topLevelExec(ForkJoinPool.java:1020)
	at java.base/java.util.concurrent.ForkJoinPool.scan(ForkJoinPool.java:1656)
	at java.base/java.util.concurrent.ForkJoinPool.runWorker(ForkJoinPool.java:1594)
	at java.base/java.util.concurrent.ForkJoinWorkerThread.run(ForkJoinWorkerThread.java:183)
[INFO] Running org.drasyl.peer.EndpointTest
[INFO] Tests run: 3, Failures: 0, Errors: 0, Skipped: 0, Time elapsed: 0.001 s - in org.drasyl.util.WormTest$Equals
[INFO] Running org.drasyl.util.WormTest$IsEmpty
[INFO] Running org.drasyl.peer.EndpointTest$JsonSerialization
[INFO] Tests run: 6, Failures: 0, Errors: 0, Skipped: 0, Time elapsed: 0.014 s - in org.drasyl.util.logging.MessageFormatterTest
[INFO] Tests run: 0, Failures: 0, Errors: 0, Skipped: 0, Time elapsed: 0.002 s - in org.drasyl.util.WormTest$IsEmpty
[INFO] Running org.drasyl.remote.handler.RemoteMessageToByteBufCodecTest
[INFO] Running org.drasyl.util.WormTest$IsPresent
[INFO] Running org.drasyl.remote.handler.RemoteMessageToByteBufCodecTest$Encode
[INFO] Tests run: 4, Failures: 0, Errors: 0, Skipped: 0, Time elapsed: 0.002 s - in org.drasyl.util.WormTest$IsPresent
[INFO] Running org.drasyl.util.WormTest$GetOrCompute
[INFO] Tests run: 4, Failures: 0, Errors: 0, Skipped: 0, Time elapsed: 0.003 s - in org.drasyl.util.WormTest$GetOrCompute
[INFO] Running org.drasyl.util.WormTest$GetOrSet
[INFO] Tests run: 3, Failures: 0, Errors: 0, Skipped: 0, Time elapsed: 0.03 s - in org.drasyl.util.RandomUtilTest$RandomLong
[INFO] Running org.drasyl.util.RandomUtilTest$RandomInt
[INFO] Tests run: 1, Failures: 0, Errors: 0, Skipped: 0, Time elapsed: 0.002 s - in org.drasyl.util.WormTest$GetOrSet
[INFO] Running org.drasyl.util.WormTest$Set
[INFO] Tests run: 3, Failures: 0, Errors: 0, Skipped: 0, Time elapsed: 0.004 s - in org.drasyl.util.WormTest$Set
[INFO] Running org.drasyl.util.WormTest$Get
[INFO] Tests run: 6, Failures: 0, Errors: 0, Skipped: 0, Time elapsed: 0.003 s - in org.drasyl.util.WormTest$Get
[INFO] Tests run: 1, Failures: 0, Errors: 0, Skipped: 0, Time elapsed: 0.038 s - in org.drasyl.util.WormTest
[INFO] Running org.drasyl.util.ObservableUtilTest
[INFO] Running org.drasyl.util.ObservableUtilTest$PairWithPreviousObservable
[INFO] Tests run: 1, Failures: 0, Errors: 0, Skipped: 0, Time elapsed: 0.016 s - in org.drasyl.util.RandomUtilTest$RandomInt
[INFO] Tests run: 0, Failures: 0, Errors: 0, Skipped: 0, Time elapsed: 0.651 s - in org.drasyl.util.RandomUtilTest
[INFO] Running org.drasyl.remote.protocol.ApplicationMessageTest
[INFO] Running org.drasyl.remote.protocol.ApplicationMessageTest$Of
[INFO] Tests run: 2, Failures: 0, Errors: 0, Skipped: 0, Time elapsed: 0.536 s - in org.drasyl.identity.IdentityTest$JsonSerialization
[INFO] Running org.drasyl.identity.IdentityTest$JsonDeserialization
[INFO] Tests run: 0, Failures: 0, Errors: 0, Skipped: 0, Time elapsed: 0.003 s - in org.drasyl.remote.protocol.ApplicationMessageTest$Of
[INFO] Tests run: 0, Failures: 0, Errors: 0, Skipped: 0, Time elapsed: 0.005 s - in org.drasyl.remote.protocol.ApplicationMessageTest
[INFO] Running org.drasyl.util.TypeReferenceTest
[INFO] Tests run: 2, Failures: 0, Errors: 0, Skipped: 0, Time elapsed: 0.003 s - in org.drasyl.util.TypeReferenceTest
[INFO] Running org.drasyl.serialization.NullSerializerTest
[INFO] Running org.drasyl.serialization.NullSerializerTest$FromByteArray
[INFO] Tests run: 1, Failures: 0, Errors: 0, Skipped: 0, Time elapsed: 0.044 s - in org.drasyl.peer.EndpointTest$JsonSerialization
[INFO] Running org.drasyl.peer.EndpointTest$JsonDeserialization
[INFO] Tests run: 1, Failures: 0, Errors: 0, Skipped: 0, Time elapsed: 0.005 s - in org.drasyl.serialization.NullSerializerTest$FromByteArray
[INFO] Running org.drasyl.serialization.NullSerializerTest$ToByteArray
[INFO] Tests run: 3, Failures: 0, Errors: 0, Skipped: 0, Time elapsed: 0.001 s - in org.drasyl.serialization.NullSerializerTest$ToByteArray
[INFO] Tests run: 0, Failures: 0, Errors: 0, Skipped: 0, Time elapsed: 0.21 s - in org.drasyl.util.TripleTest$JsonSerialization
[INFO] Tests run: 0, Failures: 0, Errors: 0, Skipped: 0, Time elapsed: 0.657 s - in org.drasyl.util.PairTest$JsonSerialization
[INFO] Tests run: 0, Failures: 0, Errors: 0, Skipped: 0, Time elapsed: 0.008 s - in org.drasyl.serialization.NullSerializerTest
[INFO] Running org.drasyl.util.TripleTest$JsonDeserialization
[INFO] Running org.drasyl.util.PairTest$JsonDeserialization
[INFO] Running org.drasyl.util.WebSocketUtilTest
[INFO] Running org.drasyl.util.WebSocketUtilTest$IsWebSocketURI
[INFO] Tests run: 7, Failures: 0, Errors: 0, Skipped: 0, Time elapsed: 0.004 s - in org.drasyl.util.WebSocketUtilTest$IsWebSocketURI
[INFO] Tests run: 0, Failures: 0, Errors: 0, Skipped: 0, Time elapsed: 0.219 s - in org.drasyl.identity.ProofOfWorkTest$JsonSerialization
[INFO] Running org.drasyl.util.WebSocketUtilTest$IsWebSocketNonSecureURI
[INFO] Tests run: 0, Failures: 0, Errors: 0, Skipped: 0, Time elapsed: 0.665 s - in org.drasyl.identity.IdentityPublicKeyTest$JsonSerialization
[INFO] Tests run: 0, Failures: 0, Errors: 0, Skipped: 0, Time elapsed: 0.662 s - in org.drasyl.identity.IdentitySecretKeyTest$JsonSerialization
[INFO] Running org.drasyl.identity.ProofOfWorkTest$JsonDeserialization
[INFO] Running org.drasyl.identity.IdentitySecretKeyTest$JsonDeserialization
[INFO] Running org.drasyl.identity.IdentityPublicKeyTest$JsonDeserialization
[INFO] Tests run: 3, Failures: 0, Errors: 0, Skipped: 0, Time elapsed: 0.671 s - in org.drasyl.identity.KeyPairTest$JsonSerialization
[INFO] Tests run: 1, Failures: 0, Errors: 0, Skipped: 0, Time elapsed: 0.686 s - in org.drasyl.identity.KeyPairTest
[INFO] Running org.drasyl.util.protocol.NatPmpUtilTest
[INFO] Running org.drasyl.util.protocol.NatPmpUtilTest$TestExternalAddressResponseMessage
[INFO] Tests run: 1, Failures: 0, Errors: 0, Skipped: 0, Time elapsed: 0.005 s - in org.drasyl.util.WebSocketUtilTest$IsWebSocketNonSecureURI
[INFO] Running org.drasyl.util.WebSocketUtilTest$IsWebSocketSecureURI
[INFO] Tests run: 5, Failures: 0, Errors: 0, Skipped: 0, Time elapsed: 0.003 s - in org.drasyl.util.protocol.NatPmpUtilTest$TestExternalAddressResponseMessage
[INFO] Running org.drasyl.util.protocol.NatPmpUtilTest$TestMappingUdpResponseMessage
[INFO] Tests run: 0, Failures: 0, Errors: 0, Skipped: 0, Time elapsed: 0.003 s - in org.drasyl.util.WebSocketUtilTest$IsWebSocketSecureURI
[INFO] Running org.drasyl.util.WebSocketUtilTest$WebSocketPort
[INFO] Tests run: 3, Failures: 0, Errors: 0, Skipped: 0, Time elapsed: 0.002 s - in org.drasyl.util.protocol.NatPmpUtilTest$TestMappingUdpResponseMessage
[INFO] Running org.drasyl.util.protocol.NatPmpUtilTest$ReadMessage
[INFO] Tests run: 3, Failures: 0, Errors: 0, Skipped: 0, Time elapsed: 0.004 s - in org.drasyl.util.WebSocketUtilTest$WebSocketPort
[INFO] Tests run: 1, Failures: 0, Errors: 0, Skipped: 0, Time elapsed: 0.025 s - in org.drasyl.util.WebSocketUtilTest
[INFO] Running org.drasyl.DrasylNodeTest
[INFO] Tests run: 0, Failures: 0, Errors: 0, Skipped: 0, Time elapsed: 0.003 s - in org.drasyl.util.protocol.NatPmpUtilTest$ReadMessage
[INFO] Running org.drasyl.DrasylNodeTest$GetVersion
[INFO] Running org.drasyl.util.protocol.NatPmpUtilTest$BuildMappingRequestMessage
[INFO] Tests run: 1, Failures: 0, Errors: 0, Skipped: 0, Time elapsed: 0.002 s - in org.drasyl.util.protocol.NatPmpUtilTest$BuildMappingRequestMessage
[INFO] Running org.drasyl.util.protocol.NatPmpUtilTest$BuildExternalAddressRequestMessage
[INFO] Tests run: 1, Failures: 0, Errors: 0, Skipped: 0, Time elapsed: 0.001 s - in org.drasyl.util.protocol.NatPmpUtilTest$BuildExternalAddressRequestMessage
[INFO] Tests run: 0, Failures: 0, Errors: 0, Skipped: 0, Time elapsed: 0.023 s - in org.drasyl.util.protocol.NatPmpUtilTest
[INFO] Running org.drasyl.util.WeakPoolTest
[INFO] Tests run: 3, Failures: 0, Errors: 0, Skipped: 0, Time elapsed: 0.108 s - in org.drasyl.identity.IdentityPublicKeyTest$JsonDeserialization
[INFO] Tests run: 0, Failures: 0, Errors: 0, Skipped: 0, Time elapsed: 0.108 s - in org.drasyl.identity.IdentitySecretKeyTest$JsonDeserialization
[INFO] Tests run: 0, Failures: 0, Errors: 0, Skipped: 0, Time elapsed: 0.108 s - in org.drasyl.identity.ProofOfWorkTest$JsonDeserialization
[INFO] Running org.drasyl.identity.IdentityPublicKeyTest$Of
[INFO] Running org.drasyl.identity.IdentitySecretKeyTest$Of
[INFO] Running org.drasyl.identity.ProofOfWorkTest$IncNonce
[INFO] Tests run: 5, Failures: 0, Errors: 0, Skipped: 0, Time elapsed: 0.001 s - in org.drasyl.identity.ProofOfWorkTest$IncNonce
[INFO] Running org.drasyl.identity.ProofOfWorkTest$GenerateProofOfWork
[INFO] Tests run: 0, Failures: 0, Errors: 0, Skipped: 0, Time elapsed: 0.003 s - in org.drasyl.identity.IdentitySecretKeyTest$Of
[INFO] Tests run: 0, Failures: 0, Errors: 0, Skipped: 0, Time elapsed: 0.003 s - in org.drasyl.identity.IdentityPublicKeyTest$Of
[INFO] Running org.drasyl.identity.IdentitySecretKeyTest$ToUnmaskedString
[INFO] Tests run: 1, Failures: 0, Errors: 0, Skipped: 0, Time elapsed: 0.8 s - in org.drasyl.identity.IdentityPublicKeyTest
[INFO] Running org.drasyl.pipeline.serialization.SerializationTest
[INFO] Running org.drasyl.pipeline.serialization.SerializationTest$RemoveSerializer
[INFO] Tests run: 0, Failures: 0, Errors: 0, Skipped: 0, Time elapsed: 0.001 s - in org.drasyl.identity.IdentitySecretKeyTest$ToUnmaskedString
[INFO] Running org.drasyl.identity.IdentitySecretKeyTest$ToString
[INFO] Tests run: 4, Failures: 0, Errors: 0, Skipped: 0, Time elapsed: 0.001 s - in org.drasyl.identity.IdentitySecretKeyTest$ToString
[INFO] Tests run: 0, Failures: 0, Errors: 0, Skipped: 0, Time elapsed: 0.129 s - in org.drasyl.util.PairTest$JsonDeserialization
[INFO] Running org.drasyl.util.PairTest$ToString
[INFO] Tests run: 0, Failures: 0, Errors: 0, Skipped: 0, Time elapsed: 0.005 s - in org.drasyl.identity.ProofOfWorkTest$GenerateProofOfWork
[INFO] Tests run: 0, Failures: 0, Errors: 0, Skipped: 0, Time elapsed: 0.131 s - in org.drasyl.util.TripleTest$JsonDeserialization
[INFO] Running org.drasyl.identity.ProofOfWorkTest$Equals
[INFO] Tests run: 1, Failures: 0, Errors: 0, Skipped: 0, Time elapsed: 0.803 s - in org.drasyl.identity.IdentitySecretKeyTest
[INFO] Running org.drasyl.util.TripleTest$ToString
[INFO] Running org.drasyl.util.DurationUtilTest
[INFO] Running org.drasyl.util.DurationUtilTest$Min
[INFO] Tests run: 2, Failures: 0, Errors: 0, Skipped: 0, Time elapsed: 0.001 s - in org.drasyl.util.PairTest$ToString
[INFO] Running org.drasyl.util.PairTest$HashCode
[INFO] Tests run: 0, Failures: 0, Errors: 0, Skipped: 0, Time elapsed: 0.001 s - in org.drasyl.identity.ProofOfWorkTest$Equals
[INFO] Tests run: 3, Failures: 0, Errors: 0, Skipped: 0, Time elapsed: 0 s - in org.drasyl.util.PairTest$HashCode
[INFO] Tests run: 0, Failures: 0, Errors: 0, Skipped: 0, Time elapsed: 0.562 s - in org.drasyl.identity.ProofOfWorkTest
[INFO] Tests run: 0, Failures: 0, Errors: 0, Skipped: 0, Time elapsed: 0.002 s - in org.drasyl.util.DurationUtilTest$Min
[INFO] Running org.drasyl.util.PairTest$Equals
[INFO] Running org.drasyl.util.ThrowingBiFunctionTest
[INFO] Running org.drasyl.util.DurationUtilTest$Max
[INFO] Running org.drasyl.util.ThrowingBiFunctionTest$Apply
[INFO] Tests run: 6, Failures: 0, Errors: 0, Skipped: 0, Time elapsed: 0.001 s - in org.drasyl.util.PairTest$Equals
[INFO] Running org.drasyl.util.PairTest$Second
[INFO] Tests run: 0, Failures: 0, Errors: 0, Skipped: 0, Time elapsed: 0.157 s - in org.drasyl.identity.IdentityTest$JsonDeserialization
[INFO] Tests run: 1, Failures: 0, Errors: 0, Skipped: 0, Time elapsed: 0.002 s - in org.drasyl.util.DurationUtilTest$Max
[INFO] Tests run: 1, Failures: 0, Errors: 0, Skipped: 0, Time elapsed: 0.148 s - in org.drasyl.peer.EndpointTest$JsonDeserialization
[INFO] Running org.drasyl.peer.EndpointTest$Of
[INFO] Tests run: 0, Failures: 0, Errors: 0, Skipped: 0, Time elapsed: 0.697 s - in org.drasyl.identity.IdentityTest
[INFO] Tests run: 0, Failures: 0, Errors: 0, Skipped: 0, Time elapsed: 0.001 s - in org.drasyl.util.PairTest$Second
[INFO] Running org.drasyl.remote.handler.RateLimiterTest
[INFO] Tests run: 0, Failures: 0, Errors: 0, Skipped: 0, Time elapsed: 0.01 s - in org.drasyl.util.TripleTest$ToString
[INFO] Running org.drasyl.util.PairTest$First
[INFO] Tests run: 0, Failures: 0, Errors: 0, Skipped: 0, Time elapsed: 0.01 s - in org.drasyl.util.DurationUtilTest
[INFO] Running org.drasyl.util.TripleTest$HashCode
[INFO] Running org.drasyl.event.MessageEventTest
[INFO] Running org.drasyl.event.MessageEventTest$Of
[INFO] Tests run: 3, Failures: 0, Errors: 0, Skipped: 0, Time elapsed: 0.001 s - in org.drasyl.util.TripleTest$HashCode
[INFO] Running org.drasyl.util.TripleTest$Equals
[INFO] Tests run: 0, Failures: 0, Errors: 0, Skipped: 0, Time elapsed: 0.001 s - in org.drasyl.util.PairTest$First
[INFO] Tests run: 2, Failures: 0, Errors: 0, Skipped: 0, Time elapsed: 0.821 s - in org.drasyl.util.PairTest
[INFO] Running org.drasyl.util.PreconditionsTest
[INFO] Tests run: 1, Failures: 0, Errors: 0, Skipped: 0, Time elapsed: 0.001 s - in org.drasyl.util.TripleTest$Equals
[INFO] Running org.drasyl.util.PreconditionsTest$RequirePositive
[INFO] Running org.drasyl.util.TripleTest$Third
[INFO] Tests run: 1, Failures: 0, Errors: 0, Skipped: 0, Time elapsed: 0.803 s - in org.drasyl.DrasylConfigTest$TestDrasylConfigBuilder
[INFO] Running org.drasyl.DrasylConfigTest$ParseString
[INFO] Tests run: 2, Failures: 0, Errors: 0, Skipped: 0, Time elapsed: 0.001 s - in org.drasyl.util.TripleTest$Third
[INFO] Running org.drasyl.util.TripleTest$Second
[INFO] Tests run: 6, Failures: 0, Errors: 0, Skipped: 0, Time elapsed: 0.004 s - in org.drasyl.util.PreconditionsTest$RequirePositive
[INFO] Tests run: 0, Failures: 0, Errors: 0, Skipped: 0, Time elapsed: 0.001 s - in org.drasyl.util.TripleTest$Second
[INFO] Running org.drasyl.util.PreconditionsTest$RequireNonNegative
[INFO] Running org.drasyl.util.TripleTest$First
[INFO] Tests run: 2, Failures: 0, Errors: 0, Skipped: 0, Time elapsed: 0.012 s - in org.drasyl.peer.EndpointTest$Of
[INFO] Running org.drasyl.peer.EndpointTest$ToInetSocketAddress
[INFO] Tests run: 0, Failures: 0, Errors: 0, Skipped: 0, Time elapsed: 0.001 s - in org.drasyl.util.TripleTest$First
[INFO] Tests run: 4, Failures: 0, Errors: 0, Skipped: 0, Time elapsed: 0.001 s - in org.drasyl.peer.EndpointTest$ToInetSocketAddress
[INFO] Tests run: 0, Failures: 0, Errors: 0, Skipped: 0, Time elapsed: 0.371 s - in org.drasyl.util.TripleTest
[INFO] Running org.drasyl.peer.EndpointTest$GetPort
[INFO] Running org.drasyl.remote.handler.UdpMulticastServerTest
[INFO] Running org.drasyl.remote.handler.UdpMulticastServerTest$MessagePassing
[INFO] Tests run: 0, Failures: 0, Errors: 0, Skipped: 0, Time elapsed: 0.003 s - in org.drasyl.util.PreconditionsTest$RequireNonNegative
[INFO] Tests run: 0, Failures: 0, Errors: 0, Skipped: 0, Time elapsed: 0.008 s - in org.drasyl.DrasylConfigTest$ParseString
[INFO] Running org.drasyl.DrasylConfigTest$ParseFile
[INFO] Tests run: 1, Failures: 0, Errors: 0, Skipped: 0, Time elapsed: 0.003 s - in org.drasyl.peer.EndpointTest$GetPort
[INFO] Tests run: 0, Failures: 0, Errors: 0, Skipped: 0, Time elapsed: 0.013 s - in org.drasyl.util.PreconditionsTest
[INFO] Running org.drasyl.peer.EndpointTest$GetHost
[INFO] Running org.drasyl.serialization.BooleanSerializerTest
[INFO] Running org.drasyl.serialization.BooleanSerializerTest$FromByteArray
[INFO] Tests run: 4, Failures: 0, Errors: 0, Skipped: 0, Time elapsed: 0.002 s - in org.drasyl.serialization.BooleanSerializerTest$FromByteArray
[INFO] Tests run: 0, Failures: 0, Errors: 0, Skipped: 0, Time elapsed: 0.002 s - in org.drasyl.peer.EndpointTest$GetHost
[INFO] Running org.drasyl.serialization.BooleanSerializerTest$ToByteArray
[INFO] Running org.drasyl.peer.EndpointTest$GetURI
[INFO] Tests run: 4, Failures: 0, Errors: 0, Skipped: 0, Time elapsed: 0.002 s - in org.drasyl.peer.EndpointTest$GetURI
[INFO] Tests run: 0, Failures: 0, Errors: 0, Skipped: 0, Time elapsed: 0.002 s - in org.drasyl.serialization.BooleanSerializerTest$ToByteArray
[INFO] Running org.drasyl.peer.EndpointTest$ToString
[INFO] Tests run: 0, Failures: 0, Errors: 0, Skipped: 0, Time elapsed: 0.006 s - in org.drasyl.serialization.BooleanSerializerTest
[INFO] Running org.drasyl.util.FutureCombinerTest
[INFO] Running org.drasyl.util.FutureCombinerTest$CompleteOnAllOf
[INFO] Tests run: 1, Failures: 0, Errors: 0, Skipped: 0, Time elapsed: 0.003 s - in org.drasyl.peer.EndpointTest$ToString
[INFO] Running org.drasyl.peer.EndpointTest$HashCode
[INFO] Tests run: 7, Failures: 0, Errors: 0, Skipped: 0, Time elapsed: 0.015 s - in org.drasyl.DrasylConfigTest$ParseFile
[INFO] Running org.drasyl.DrasylConfigTest$GetStaticRoutes
[INFO] Tests run: 2, Failures: 0, Errors: 0, Skipped: 0, Time elapsed: 0.209 s - in org.drasyl.util.ObservableUtilTest$PairWithPreviousObservable
[INFO] Tests run: 2, Failures: 0, Errors: 0, Skipped: 0, Time elapsed: 0.004 s - in org.drasyl.peer.EndpointTest$HashCode
[INFO] Tests run: 0, Failures: 0, Errors: 0, Skipped: 0, Time elapsed: 0.211 s - in org.drasyl.util.ObservableUtilTest
[INFO] Running org.drasyl.peer.EndpointTest$Equals
[INFO] Running org.drasyl.util.LoggingUtilTest
[INFO] Running org.drasyl.util.LoggingUtilTest$SanitizeLogArg
[INFO] Tests run: 2, Failures: 0, Errors: 0, Skipped: 0, Time elapsed: 0.009 s - in org.drasyl.util.FutureCombinerTest$CompleteOnAllOf
[INFO] Running org.drasyl.util.FutureCombinerTest$CompleteOnAnyOfExceptionally
[INFO] Tests run: 8, Failures: 0, Errors: 0, Skipped: 0, Time elapsed: 0.003 s - in org.drasyl.util.LoggingUtilTest$SanitizeLogArg
[INFO] Tests run: 1, Failures: 0, Errors: 0, Skipped: 0, Time elapsed: 0.006 s - in org.drasyl.DrasylConfigTest$GetStaticRoutes
[INFO] Running org.drasyl.DrasylConfigTest$GetSerializationBindings
[INFO] Tests run: 1, Failures: 0, Errors: 0, Skipped: 0, Time elapsed: 0.003 s - in org.drasyl.peer.EndpointTest$Equals
[INFO] Tests run: 0, Failures: 0, Errors: 0, Skipped: 0, Time elapsed: 0.004 s - in org.drasyl.util.LoggingUtilTest
[INFO] Running org.drasyl.util.NettyUtilTest
[INFO] Tests run: 0, Failures: 0, Errors: 0, Skipped: 0, Time elapsed: 0.243 s - in org.drasyl.peer.EndpointTest
[INFO] Running org.drasyl.util.NettyUtilTest$GetBestSocketChannel
[INFO] Running org.drasyl.monitoring.MonitoringTest
[INFO] Running org.drasyl.monitoring.MonitoringTest$MessagePassing
[INFO] Tests run: 2, Failures: 0, Errors: 0, Skipped: 0, Time elapsed: 0.005 s - in org.drasyl.util.FutureCombinerTest$CompleteOnAnyOfExceptionally
[INFO] Tests run: 1, Failures: 0, Errors: 0, Skipped: 0, Time elapsed: 0.016 s - in org.drasyl.util.FutureCombinerTest
[INFO] Running org.drasyl.serialization.ShortSerializerTest
[INFO] Tests run: 0, Failures: 0, Errors: 0, Skipped: 0, Time elapsed: 0.003 s - in org.drasyl.DrasylConfigTest$GetSerializationBindings
[INFO] Running org.drasyl.DrasylConfigTest$GetSerializationSerializers
[INFO] Running org.drasyl.serialization.ShortSerializerTest$FromByteArray
[INFO] Tests run: 5, Failures: 0, Errors: 0, Skipped: 0, Time elapsed: 0.004 s - in org.drasyl.DrasylConfigTest$GetSerializationSerializers
[INFO] Running org.drasyl.DrasylConfigTest$GetPlugins
[INFO] Tests run: 1, Failures: 0, Errors: 0, Skipped: 0, Time elapsed: 0.005 s - in org.drasyl.serialization.ShortSerializerTest$FromByteArray
[INFO] Running org.drasyl.serialization.ShortSerializerTest$ToByteArray
[INFO] Tests run: 5, Failures: 0, Errors: 0, Skipped: 0, Time elapsed: 0.002 s - in org.drasyl.serialization.ShortSerializerTest$ToByteArray
[INFO] Tests run: 0, Failures: 0, Errors: 0, Skipped: 0, Time elapsed: 0.003 s - in org.drasyl.DrasylConfigTest$GetPlugins
[INFO] Running org.drasyl.DrasylConfigTest$GetInetSocketAddress
[INFO] Tests run: 0, Failures: 0, Errors: 0, Skipped: 0, Time elapsed: 0.009 s - in org.drasyl.serialization.ShortSerializerTest
[INFO] Running org.drasyl.remote.handler.tcp.TcpServerTest
[INFO] Running org.drasyl.remote.handler.tcp.TcpServerTest$TcpServerHandlerTest
[INFO] Tests run: 5, Failures: 0, Errors: 0, Skipped: 0, Time elapsed: 0.005 s - in org.drasyl.DrasylConfigTest$GetInetSocketAddress
[INFO] Running org.drasyl.DrasylConfigTest$GetInetAddress
[INFO] Tests run: 1, Failures: 0, Errors: 0, Skipped: 0, Time elapsed: 0.002 s - in org.drasyl.DrasylConfigTest$GetInetAddress
[INFO] Running org.drasyl.DrasylConfigTest$GetEndpoint
[INFO] Tests run: 1, Failures: 0, Errors: 0, Skipped: 0, Time elapsed: 0.001 s - in org.drasyl.DrasylConfigTest$GetEndpoint
[INFO] Running org.drasyl.DrasylConfigTest$GetEndpointList
[INFO] Tests run: 1, Failures: 0, Errors: 0, Skipped: 0, Time elapsed: 0.001 s - in org.drasyl.DrasylConfigTest$GetEndpointList
[INFO] Running org.drasyl.DrasylConfigTest$GetShort
[INFO] Tests run: 1, Failures: 0, Errors: 0, Skipped: 0, Time elapsed: 0.002 s - in org.drasyl.DrasylConfigTest$GetShort
[INFO] Running org.drasyl.DrasylConfigTest$GetPath
[INFO] Tests run: 2, Failures: 0, Errors: 0, Skipped: 0, Time elapsed: 0.002 s - in org.drasyl.DrasylConfigTest$GetPath
[INFO] Running org.drasyl.DrasylConfigTest$GetPrivateKey
[INFO] Tests run: 3, Failures: 0, Errors: 0, Skipped: 0, Time elapsed: 0.182 s - in org.drasyl.util.WeakPoolTest
[INFO] Running org.drasyl.pipeline.serialization.MessageSerializerTest
[INFO] Running org.drasyl.pipeline.serialization.MessageSerializerTest$OnOutboundMessage
[INFO] Tests run: 1, Failures: 0, Errors: 0, Skipped: 0, Time elapsed: 0.002 s - in org.drasyl.DrasylConfigTest$GetPrivateKey
[INFO] Running org.drasyl.DrasylConfigTest$GetPublicKey
[INFO] Tests run: 2, Failures: 0, Errors: 0, Skipped: 0, Time elapsed: 0.002 s - in org.drasyl.DrasylConfigTest$GetPublicKey
[INFO] Running org.drasyl.DrasylConfigTest$GetUri
[INFO] Tests run: 2, Failures: 0, Errors: 0, Skipped: 0, Time elapsed: 0.002 s - in org.drasyl.DrasylConfigTest$GetUri
[INFO] Running org.drasyl.DrasylConfigTest$Of
[INFO] Tests run: 3, Failures: 0, Errors: 0, Skipped: 0, Time elapsed: 0.044 s - in org.drasyl.util.NettyUtilTest$GetBestSocketChannel
[INFO] Running org.drasyl.util.NettyUtilTest$GetBestServerSocketChannel
[INFO] Tests run: 1, Failures: 0, Errors: 0, Skipped: 0, Time elapsed: 0.002 s - in org.drasyl.util.NettyUtilTest$GetBestServerSocketChannel
[INFO] Running org.drasyl.util.NettyUtilTest$GetBestDatagramChannel
[INFO] Tests run: 2, Failures: 0, Errors: 0, Skipped: 0, Time elapsed: 0.003 s - in org.drasyl.util.NettyUtilTest$GetBestDatagramChannel
[INFO] Running org.drasyl.util.NettyUtilTest$GetBestEventLoopGroup
[INFO] Tests run: 4, Failures: 0, Errors: 0, Skipped: 0, Time elapsed: 0.027 s - in org.drasyl.DrasylConfigTest$Of
[INFO] Tests run: 0, Failures: 0, Errors: 0, Skipped: 0, Time elapsed: 0.926 s - in org.drasyl.DrasylConfigTest
[INFO] Running org.drasyl.serialization.JavaSerializerTest
[INFO] Running org.drasyl.serialization.JavaSerializerTest$FromByteArray
[INFO] Tests run: 3, Failures: 0, Errors: 0, Skipped: 0, Time elapsed: 0.005 s - in org.drasyl.serialization.JavaSerializerTest$FromByteArray
[INFO] Running org.drasyl.serialization.JavaSerializerTest$ToByteArray
[INFO] Tests run: 2, Failures: 0, Errors: 0, Skipped: 0, Time elapsed: 0.006 s - in org.drasyl.serialization.JavaSerializerTest$ToByteArray
[INFO] Tests run: 0, Failures: 0, Errors: 0, Skipped: 0, Time elapsed: 0.011 s - in org.drasyl.serialization.JavaSerializerTest
[INFO] Running org.drasyl.plugin.PluginManagerTest
[INFO] Running org.drasyl.plugin.PluginManagerTest$AfterShutdown
[INFO] Tests run: 1, Failures: 0, Errors: 0, Skipped: 0, Time elapsed: 0.138 s - in org.drasyl.util.ThrowingBiFunctionTest$Apply
[INFO] Tests run: 0, Failures: 0, Errors: 0, Skipped: 0, Time elapsed: 0.138 s - in org.drasyl.util.ThrowingBiFunctionTest
[INFO] Running org.drasyl.pipeline.TailContextTest
[INFO] Running org.drasyl.pipeline.TailContextTest$OnRead
[INFO] Tests run: 2, Failures: 0, Errors: 0, Skipped: 0, Time elapsed: 0.983 s - in org.drasyl.util.ThrowingFunctionTest$Apply
[INFO] Tests run: 0, Failures: 0, Errors: 0, Skipped: 0, Time elapsed: 0.994 s - in org.drasyl.util.ThrowingFunctionTest
[INFO] Tests run: 0, Failures: 0, Errors: 0, Skipped: 0, Time elapsed: 0.869 s - in org.drasyl.util.ThrowingRunnableTest$Run
[INFO] Running org.drasyl.serialization.LongSerializerTest
[INFO] Running org.drasyl.serialization.LongSerializerTest$FromByteArray
[INFO] Tests run: 0, Failures: 0, Errors: 0, Skipped: 0, Time elapsed: 0.872 s - in org.drasyl.util.ThrowingRunnableTest
[INFO] Running org.drasyl.remote.handler.portmapper.UpnpIgdPortMappingTest
[INFO] Running org.drasyl.remote.handler.portmapper.UpnpIgdPortMappingTest$Fail
[INFO] Tests run: 3, Failures: 0, Errors: 0, Skipped: 0, Time elapsed: 0.003 s - in org.drasyl.serialization.LongSerializerTest$FromByteArray
[INFO] Running org.drasyl.serialization.LongSerializerTest$ToByteArray
[INFO] Tests run: 2, Failures: 0, Errors: 0, Skipped: 0, Time elapsed: 0.001 s - in org.drasyl.serialization.LongSerializerTest$ToByteArray
[INFO] Tests run: 0, Failures: 0, Errors: 0, Skipped: 0, Time elapsed: 0.007 s - in org.drasyl.serialization.LongSerializerTest
[INFO] Running org.drasyl.util.ThrowingConsumerTest
[INFO] Running org.drasyl.util.ThrowingConsumerTest$Accept
[INFO] Tests run: 2, Failures: 0, Errors: 0, Skipped: 0, Time elapsed: 0.002 s - in org.drasyl.util.ThrowingConsumerTest$Accept
[INFO] Tests run: 0, Failures: 0, Errors: 0, Skipped: 0, Time elapsed: 0.003 s - in org.drasyl.util.ThrowingConsumerTest
[INFO] Running org.drasyl.pipeline.HeadContextTest
[INFO] Running org.drasyl.pipeline.HeadContextTest$OnRead
[INFO] Tests run: 1, Failures: 0, Errors: 0, Skipped: 0, Time elapsed: 1.043 s - in org.drasyl.plugin.PluginEnvironmentTest$HashCode
[INFO] Running org.drasyl.plugin.PluginEnvironmentTest$Equals
[INFO] Tests run: 4, Failures: 0, Errors: 0, Skipped: 0, Time elapsed: 0.009 s - in org.drasyl.plugin.PluginEnvironmentTest$Equals
[INFO] Tests run: 0, Failures: 0, Errors: 0, Skipped: 0, Time elapsed: 1.082 s - in org.drasyl.plugin.PluginEnvironmentTest
[INFO] Running org.drasyl.serialization.DoubleSerializerTest
[INFO] Running org.drasyl.serialization.DoubleSerializerTest$FromByteArray
[INFO] Tests run: 5, Failures: 0, Errors: 0, Skipped: 0, Time elapsed: 0.002 s - in org.drasyl.serialization.DoubleSerializerTest$FromByteArray
[INFO] Running org.drasyl.serialization.DoubleSerializerTest$ToByteArray
[INFO] Tests run: 2, Failures: 0, Errors: 0, Skipped: 0, Time elapsed: 0.002 s - in org.drasyl.serialization.DoubleSerializerTest$ToByteArray
[INFO] Tests run: 0, Failures: 0, Errors: 0, Skipped: 0, Time elapsed: 0.018 s - in org.drasyl.serialization.DoubleSerializerTest
[INFO] Running org.drasyl.remote.handler.tcp.TcpClientTest
[INFO] Running org.drasyl.remote.handler.tcp.TcpClientTest$TcpClientHandlerTest
[INFO] Tests run: 2, Failures: 0, Errors: 0, Skipped: 0, Time elapsed: 1.12 s - in org.drasyl.event.PeerDirectEventTest$HashCode
[INFO] Tests run: 0, Failures: 0, Errors: 0, Skipped: 0, Time elapsed: 1.12 s - in org.drasyl.util.TokenBucketTest$TestTokenProvider$Refill
[INFO] Running org.drasyl.event.PeerDirectEventTest$Equals
[INFO] Tests run: 0, Failures: 0, Errors: 0, Skipped: 0, Time elapsed: 1.123 s - in org.drasyl.util.TokenBucketTest$TestTokenProvider
[INFO] Running org.drasyl.util.TokenBucketTest$AvailableTokens
[INFO] Tests run: 1, Failures: 0, Errors: 0, Skipped: 0, Time elapsed: 0.001 s - in org.drasyl.event.PeerDirectEventTest$Equals
[INFO] Running org.drasyl.event.PeerDirectEventTest$GetMessage
[INFO] Tests run: 1, Failures: 0, Errors: 0, Skipped: 0, Time elapsed: 0.002 s - in org.drasyl.event.PeerDirectEventTest$GetMessage
[INFO] Tests run: 0, Failures: 0, Errors: 0, Skipped: 0, Time elapsed: 1.135 s - in org.drasyl.event.PeerDirectEventTest
[INFO] Running org.drasyl.remote.handler.portmapper.PortMapperTest
[INFO] Running org.drasyl.remote.handler.portmapper.PortMapperTest$MethodCycling
[INFO] Tests run: 1, Failures: 0, Errors: 0, Skipped: 0, Time elapsed: 1.013 s - in org.drasyl.behaviour.BehaviorsTest$WithScheduler
[INFO] Running org.drasyl.behaviour.BehaviorsTest$Shutdown
[INFO] Tests run: 1, Failures: 0, Errors: 0, Skipped: 0, Time elapsed: 0.033 s - in org.drasyl.behaviour.BehaviorsTest$Shutdown
[INFO] Running org.drasyl.behaviour.BehaviorsTest$Same
[INFO] Tests run: 1, Failures: 0, Errors: 0, Skipped: 0, Time elapsed: 0.001 s - in org.drasyl.behaviour.BehaviorsTest$Same
[INFO] Running org.drasyl.behaviour.BehaviorsTest$Ignore
[INFO] Tests run: 1, Failures: 0, Errors: 0, Skipped: 0, Time elapsed: 0.001 s - in org.drasyl.behaviour.BehaviorsTest$Ignore
[INFO] Running org.drasyl.behaviour.BehaviorsTest$Unhandled
[INFO] Tests run: 1, Failures: 0, Errors: 0, Skipped: 0, Time elapsed: 0.002 s - in org.drasyl.behaviour.BehaviorsTest$Unhandled
[INFO] Running org.drasyl.behaviour.BehaviorsTest$Receive
[INFO] Tests run: 1, Failures: 0, Errors: 0, Skipped: 0, Time elapsed: 0.003 s - in org.drasyl.behaviour.BehaviorsTest$Receive
[INFO] Tests run: 0, Failures: 0, Errors: 0, Skipped: 0, Time elapsed: 1.056 s - in org.drasyl.behaviour.BehaviorsTest
[INFO] Running org.drasyl.util.ConcurrentReferenceTest
[INFO] Running org.drasyl.util.ConcurrentReferenceTest$ToString
[INFO] Tests run: 1, Failures: 0, Errors: 0, Skipped: 0, Time elapsed: 0.001 s - in org.drasyl.util.ConcurrentReferenceTest$ToString
[INFO] Running org.drasyl.util.ConcurrentReferenceTest$HashCode
[INFO] Tests run: 1, Failures: 0, Errors: 0, Skipped: 0, Time elapsed: 0.001 s - in org.drasyl.util.ConcurrentReferenceTest$HashCode
[INFO] Running org.drasyl.util.ConcurrentReferenceTest$Equals
[INFO] Tests run: 1, Failures: 0, Errors: 0, Skipped: 0, Time elapsed: 0.001 s - in org.drasyl.util.ConcurrentReferenceTest$Equals
[INFO] Running org.drasyl.util.ConcurrentReferenceTest$SetAndGet
[INFO] Tests run: 4, Failures: 0, Errors: 0, Skipped: 0, Time elapsed: 0.003 s - in org.drasyl.util.ConcurrentReferenceTest$SetAndGet
[INFO] Running org.drasyl.util.ConcurrentReferenceTest$Get
[INFO] Tests run: 3, Failures: 0, Errors: 0, Skipped: 0, Time elapsed: 0.001 s - in org.drasyl.util.ConcurrentReferenceTest$Get
[INFO] Tests run: 0, Failures: 0, Errors: 0, Skipped: 0, Time elapsed: 0.01 s - in org.drasyl.util.ConcurrentReferenceTest
[INFO] Running org.drasyl.util.PlatformDependentTest
[INFO] Running org.drasyl.util.PlatformDependentTest$JavaSpecificationVersion
[INFO] Tests run: 1, Failures: 0, Errors: 0, Skipped: 0, Time elapsed: 0.001 s - in org.drasyl.util.PlatformDependentTest$JavaSpecificationVersion
[INFO] Running org.drasyl.util.PlatformDependentTest$UnsafeStaticFieldOffsetSupported
[INFO] Tests run: 1, Failures: 0, Errors: 0, Skipped: 0, Time elapsed: 0.001 s - in org.drasyl.util.PlatformDependentTest$UnsafeStaticFieldOffsetSupported
[INFO] Running org.drasyl.util.PlatformDependentTest$JavaVersion
[INFO] Tests run: 1, Failures: 0, Errors: 0, Skipped: 0, Time elapsed: 0 s - in org.drasyl.util.PlatformDependentTest$JavaVersion
[INFO] Tests run: 0, Failures: 0, Errors: 0, Skipped: 0, Time elapsed: 0.004 s - in org.drasyl.util.PlatformDependentTest
[INFO] Running org.drasyl.serialization.ByteSerializerTest
[INFO] Running org.drasyl.serialization.ByteSerializerTest$FromByteArray
[INFO] Tests run: 3, Failures: 0, Errors: 0, Skipped: 0, Time elapsed: 0.002 s - in org.drasyl.serialization.ByteSerializerTest$FromByteArray
[INFO] Running org.drasyl.serialization.ByteSerializerTest$ToByteArray
[INFO] Tests run: 2, Failures: 0, Errors: 0, Skipped: 0, Time elapsed: 0.001 s - in org.drasyl.serialization.ByteSerializerTest$ToByteArray
[INFO] Tests run: 0, Failures: 0, Errors: 0, Skipped: 0, Time elapsed: 0.006 s - in org.drasyl.serialization.ByteSerializerTest
[INFO] Running org.drasyl.serialization.DisabledSerializerTest
[INFO] Running org.drasyl.serialization.DisabledSerializerTest$FromByteArray
[INFO] Tests run: 1, Failures: 0, Errors: 0, Skipped: 0, Time elapsed: 0.002 s - in org.drasyl.serialization.DisabledSerializerTest$FromByteArray
[INFO] Running org.drasyl.serialization.DisabledSerializerTest$ToByteArray
[INFO] Tests run: 1, Failures: 0, Errors: 0, Skipped: 0, Time elapsed: 0.001 s - in org.drasyl.serialization.DisabledSerializerTest$ToByteArray
[INFO] Tests run: 0, Failures: 0, Errors: 0, Skipped: 0, Time elapsed: 0.01 s - in org.drasyl.serialization.DisabledSerializerTest
[INFO] Running org.drasyl.remote.protocol.PartialReadMessageTest
[INFO] Running org.drasyl.remote.protocol.PartialReadMessageTest$Of
[INFO] Running org.drasyl.remote.protocol.PartialReadMessageTest$Of$WithPublicHeaderAndByteBuf
[INFO] Tests run: 3, Failures: 0, Errors: 0, Skipped: 0, Time elapsed: 0.012 s - in org.drasyl.remote.protocol.PartialReadMessageTest$Of$WithPublicHeaderAndByteBuf
[INFO] Tests run: 0, Failures: 0, Errors: 0, Skipped: 0, Time elapsed: 0.013 s - in org.drasyl.remote.protocol.PartialReadMessageTest$Of
[INFO] Tests run: 0, Failures: 0, Errors: 0, Skipped: 0, Time elapsed: 0.013 s - in org.drasyl.remote.protocol.PartialReadMessageTest
[INFO] Running org.drasyl.util.logging.Slf4JLoggerTest
[INFO] Tests run: 3, Failures: 0, Errors: 0, Skipped: 0, Time elapsed: 0.945 s - in org.drasyl.util.scheduler.DrasylSchedulerTest$Wrapper
[INFO] Tests run: 0, Failures: 0, Errors: 0, Skipped: 0, Time elapsed: 0.947 s - in org.drasyl.util.scheduler.DrasylSchedulerTest
[INFO] Running org.drasyl.pipeline.HandlerMaskTest
[INFO] Running org.drasyl.pipeline.HandlerMaskTest$Skippable
[INFO] Tests run: 3, Failures: 0, Errors: 0, Skipped: 0, Time elapsed: 1.367 s - in org.drasyl.identity.IdentityManagerTest$DeleteIdentityFile
[INFO] Running org.drasyl.identity.IdentityManagerTest$LoadOrCreateIdentity
[INFO] Tests run: 5, Failures: 0, Errors: 0, Skipped: 0, Time elapsed: 0.007 s - in org.drasyl.pipeline.HandlerMaskTest$Skippable
[INFO] Running org.drasyl.pipeline.HandlerMaskTest$Mask
[INFO] Tests run: 3, Failures: 0, Errors: 0, Skipped: 0, Time elapsed: 0.001 s - in org.drasyl.pipeline.HandlerMaskTest$Mask
[INFO] Tests run: 0, Failures: 0, Errors: 0, Skipped: 0, Time elapsed: 0.01 s - in org.drasyl.pipeline.HandlerMaskTest
[INFO] Running org.drasyl.serialization.ByteArraySerializerTest
[INFO] Running org.drasyl.serialization.ByteArraySerializerTest$FromByteArray
[INFO] Tests run: 3, Failures: 0, Errors: 0, Skipped: 0, Time elapsed: 0.001 s - in org.drasyl.serialization.ByteArraySerializerTest$FromByteArray
[INFO] Running org.drasyl.serialization.ByteArraySerializerTest$ToByteArray
[INFO] Tests run: 2, Failures: 0, Errors: 0, Skipped: 0, Time elapsed: 0.001 s - in org.drasyl.serialization.ByteArraySerializerTest$ToByteArray
[INFO] Tests run: 0, Failures: 0, Errors: 0, Skipped: 0, Time elapsed: 0.003 s - in org.drasyl.serialization.ByteArraySerializerTest
[INFO] Running org.drasyl.pipeline.skeleton.HandlerAdapterTest
[INFO] Tests run: 2, Failures: 0, Errors: 0, Skipped: 0, Time elapsed: 0.584 s - in org.drasyl.event.MessageEventTest$Of
[INFO] Running org.drasyl.event.MessageEventTest$HashCode
[INFO] Tests run: 1, Failures: 0, Errors: 0, Skipped: 0, Time elapsed: 0.001 s - in org.drasyl.event.MessageEventTest$HashCode
[INFO] Running org.drasyl.event.MessageEventTest$Equals
[INFO] Tests run: 4, Failures: 0, Errors: 0, Skipped: 0, Time elapsed: 0.002 s - in org.drasyl.event.MessageEventTest$Equals
[INFO] Running org.drasyl.event.MessageEventTest$GetMessage
[INFO] Tests run: 1, Failures: 0, Errors: 0, Skipped: 0, Time elapsed: 0.002 s - in org.drasyl.event.MessageEventTest$GetMessage
[INFO] Tests run: 0, Failures: 0, Errors: 0, Skipped: 0, Time elapsed: 0.608 s - in org.drasyl.event.MessageEventTest
[INFO] Running org.drasyl.util.ThrowingSupplierTest
[INFO] Running org.drasyl.util.ThrowingSupplierTest$Get
[INFO] Tests run: 3, Failures: 0, Errors: 0, Skipped: 0, Time elapsed: 0.003 s - in org.drasyl.util.ThrowingSupplierTest$Get
[INFO] Tests run: 0, Failures: 0, Errors: 0, Skipped: 0, Time elapsed: 0.003 s - in org.drasyl.util.ThrowingSupplierTest
[INFO] Running org.drasyl.util.network.NetworkUtilTest
[INFO] Running org.drasyl.util.network.NetworkUtilTest$GetDefaultInterface
[INFO] Tests run: 3, Failures: 0, Errors: 0, Skipped: 0, Time elapsed: 0.622 s - in org.drasyl.remote.handler.RateLimiterTest
[INFO] Running org.drasyl.util.ThrowingBiConsumerTest
[INFO] Running org.drasyl.util.ThrowingBiConsumerTest$Accept
[INFO] Tests run: 2, Failures: 0, Errors: 0, Skipped: 0, Time elapsed: 0.027 s - in org.drasyl.util.ThrowingBiConsumerTest$Accept
[INFO] Tests run: 0, Failures: 0, Errors: 0, Skipped: 0, Time elapsed: 0.028 s - in org.drasyl.util.ThrowingBiConsumerTest
[INFO] Running org.drasyl.util.UnsignedShortTest
[INFO] Running org.drasyl.util.UnsignedShortTest$Decrement
[INFO] Tests run: 1, Failures: 0, Errors: 0, Skipped: 0, Time elapsed: 0.001 s - in org.drasyl.util.UnsignedShortTest$Decrement
[INFO] Running org.drasyl.util.UnsignedShortTest$Increment
[INFO] Tests run: 1, Failures: 0, Errors: 0, Skipped: 0, Time elapsed: 0.001 s - in org.drasyl.util.UnsignedShortTest$Increment
[INFO] Running org.drasyl.util.UnsignedShortTest$HashCode
[INFO] Tests run: 2, Failures: 0, Errors: 0, Skipped: 0, Time elapsed: 0.001 s - in org.drasyl.util.UnsignedShortTest$HashCode
[INFO] Running org.drasyl.util.UnsignedShortTest$Equals
[INFO] Tests run: 2, Failures: 0, Errors: 0, Skipped: 0, Time elapsed: 0.001 s - in org.drasyl.util.UnsignedShortTest$Equals
[INFO] Running org.drasyl.util.UnsignedShortTest$Creation
[INFO] Tests run: 1, Failures: 0, Errors: 0, Skipped: 0, Time elapsed: 0.001 s - in org.drasyl.util.UnsignedShortTest$Creation
[INFO] Running org.drasyl.util.UnsignedShortTest$Validation
[INFO] Tests run: 2, Failures: 0, Errors: 0, Skipped: 0, Time elapsed: 0.029 s - in org.drasyl.util.UnsignedShortTest$Validation
[INFO] Running org.drasyl.util.UnsignedShortTest$ToString
[INFO] Tests run: 1, Failures: 0, Errors: 0, Skipped: 0, Time elapsed: 0.171 s - in org.drasyl.identity.IdentityManagerTest$LoadOrCreateIdentity
[INFO] Tests run: 1, Failures: 0, Errors: 0, Skipped: 0, Time elapsed: 0.002 s - in org.drasyl.util.UnsignedShortTest$ToString
[INFO] Tests run: 0, Failures: 0, Errors: 0, Skipped: 0, Time elapsed: 1.545 s - in org.drasyl.identity.IdentityManagerTest
[INFO] Running org.drasyl.remote.protocol.HeadChunkMessageTest
[INFO] Tests run: 0, Failures: 0, Errors: 0, Skipped: 0, Time elapsed: 0.063 s - in org.drasyl.util.UnsignedShortTest
[INFO] Running org.drasyl.remote.protocol.HeadChunkMessageTest$ReferenceCounted
[INFO] Running org.drasyl.remote.protocol.DiscoveryMessageTest
[INFO] Running org.drasyl.remote.protocol.HeadChunkMessageTest$ReferenceCounted$Release
[INFO] Running org.drasyl.remote.protocol.DiscoveryMessageTest$Of
[INFO] Tests run: 1, Failures: 0, Errors: 0, Skipped: 0, Time elapsed: 0.001 s - in org.drasyl.remote.protocol.DiscoveryMessageTest$Of
[INFO] Tests run: 0, Failures: 0, Errors: 0, Skipped: 0, Time elapsed: 0.002 s - in org.drasyl.remote.protocol.DiscoveryMessageTest
[INFO] Running org.drasyl.pipeline.handler.codec.MessageToMessageDecoderTest
[INFO] Tests run: 1, Failures: 0, Errors: 0, Skipped: 0, Time elapsed: 0.86 s - in org.drasyl.DrasylNodeTest$GetVersion
[INFO] Running org.drasyl.DrasylNodeTest$TestIdentity
[INFO] Running org.drasyl.pipeline.skeleton.HandlerAdapterTest$Inbound
[INFO] Tests run: 3, Failures: 0, Errors: 0, Skipped: 0, Time elapsed: 0.781 s - in org.drasyl.util.TokenBucketTest$AvailableTokens
[INFO] Running org.drasyl.util.TokenBucketTest$Consume
[INFO] Tests run: 4, Failures: 0, Errors: 0, Skipped: 0, Time elapsed: 0.02 s - in org.drasyl.util.TokenBucketTest$Consume
[INFO] Running org.drasyl.util.TokenBucketTest$Constructor
[INFO] Tests run: 3, Failures: 0, Errors: 0, Skipped: 0, Time elapsed: 0.016 s - in org.drasyl.util.TokenBucketTest$Constructor
[INFO] Tests run: 1, Failures: 0, Errors: 0, Skipped: 0, Time elapsed: 1.957 s - in org.drasyl.util.TokenBucketTest
[INFO] Running org.drasyl.util.UnsignedIntegerTest
[INFO] Running org.drasyl.util.UnsignedIntegerTest$Decrement
[INFO] Tests run: 2, Failures: 0, Errors: 0, Skipped: 0, Time elapsed: 0.002 s - in org.drasyl.util.UnsignedIntegerTest$Decrement
[INFO] Running org.drasyl.util.UnsignedIntegerTest$Increment
[INFO] Tests run: 1, Failures: 0, Errors: 0, Skipped: 0, Time elapsed: 0.009 s - in org.drasyl.util.UnsignedIntegerTest$Increment
[INFO] Running org.drasyl.util.UnsignedIntegerTest$HashCode
[INFO] Tests run: 3, Failures: 0, Errors: 0, Skipped: 0, Time elapsed: 1.97 s - in org.drasyl.peer.PeersManagerTest$AddPathAndChildren
[INFO] Running org.drasyl.peer.PeersManagerTest$RemoveChildrenAndPath
[INFO] Tests run: 0, Failures: 0, Errors: 0, Skipped: 0, Time elapsed: 0.01 s - in org.drasyl.util.UnsignedIntegerTest$HashCode
[INFO] Running org.drasyl.util.UnsignedIntegerTest$Equals
[INFO] Tests run: 2, Failures: 0, Errors: 0, Skipped: 0, Time elapsed: 0.002 s - in org.drasyl.util.UnsignedIntegerTest$Equals
[INFO] Running org.drasyl.util.UnsignedIntegerTest$Creation
[INFO] Tests run: 1, Failures: 0, Errors: 0, Skipped: 0, Time elapsed: 0.001 s - in org.drasyl.util.UnsignedIntegerTest$Creation
[INFO] Running org.drasyl.util.UnsignedIntegerTest$Validation
[INFO] Tests run: 3, Failures: 0, Errors: 0, Skipped: 0, Time elapsed: 0.011 s - in org.drasyl.util.UnsignedIntegerTest$Validation
[INFO] Running org.drasyl.util.UnsignedIntegerTest$ToString
[INFO] Tests run: 1, Failures: 0, Errors: 0, Skipped: 0, Time elapsed: 0.043 s - in org.drasyl.peer.PeersManagerTest$RemoveChildrenAndPath
[INFO] Running org.drasyl.peer.PeersManagerTest$AddPathAndSuperPeer
[INFO] Tests run: 1, Failures: 0, Errors: 0, Skipped: 0, Time elapsed: 0.003 s - in org.drasyl.util.UnsignedIntegerTest$ToString
[INFO] Tests run: 0, Failures: 0, Errors: 0, Skipped: 0, Time elapsed: 0.078 s - in org.drasyl.util.UnsignedIntegerTest
[INFO] Running org.drasyl.remote.handler.portmapper.NatPmpPortMappingTest
[INFO] Running org.drasyl.remote.handler.portmapper.NatPmpPortMappingTest$Fail
[INFO] Tests run: 2, Failures: 0, Errors: 0, Skipped: 0, Time elapsed: 0.01 s - in org.drasyl.remote.handler.portmapper.NatPmpPortMappingTest$Fail
[INFO] Running org.drasyl.remote.handler.portmapper.NatPmpPortMappingTest$HandleMessage
[INFO] Running org.drasyl.remote.handler.portmapper.NatPmpPortMappingTest$HandleMessage$NotFromGateway
[INFO] Tests run: 1, Failures: 0, Errors: 0, Skipped: 0, Time elapsed: 0.022 s - in org.drasyl.peer.PeersManagerTest$AddPathAndSuperPeer
[INFO] Running org.drasyl.peer.PeersManagerTest$RemoveSuperPeerAndPath
[INFO] Tests run: 3, Failures: 0, Errors: 0, Skipped: 0, Time elapsed: 0.014 s - in org.drasyl.peer.PeersManagerTest$RemoveSuperPeerAndPath
[INFO] Running org.drasyl.peer.PeersManagerTest$RemovePath
[INFO] Tests run: 3, Failures: 0, Errors: 0, Skipped: 0, Time elapsed: 0.009 s - in org.drasyl.peer.PeersManagerTest$RemovePath
[INFO] Running org.drasyl.peer.PeersManagerTest$AddPath
[INFO] Tests run: 2, Failures: 0, Errors: 0, Skipped: 0, Time elapsed: 0.003 s - in org.drasyl.peer.PeersManagerTest$AddPath
[INFO] Running org.drasyl.peer.PeersManagerTest$GetPaths
[INFO] Tests run: 1, Failures: 0, Errors: 0, Skipped: 0, Time elapsed: 0.002 s - in org.drasyl.peer.PeersManagerTest$GetPaths
[INFO] Running org.drasyl.peer.PeersManagerTest$GetSuperPeers
[INFO] Tests run: 1, Failures: 0, Errors: 0, Skipped: 0, Time elapsed: 0.002 s - in org.drasyl.peer.PeersManagerTest$GetSuperPeers
[INFO] Running org.drasyl.peer.PeersManagerTest$GetChildren
[INFO] Tests run: 1, Failures: 0, Errors: 0, Skipped: 0, Time elapsed: 0.001 s - in org.drasyl.peer.PeersManagerTest$GetChildren
[INFO] Running org.drasyl.peer.PeersManagerTest$GetPeers
[INFO] Tests run: 1, Failures: 0, Errors: 0, Skipped: 0, Time elapsed: 0.003 s - in org.drasyl.peer.PeersManagerTest$GetPeers
[INFO] Tests run: 0, Failures: 0, Errors: 0, Skipped: 0, Time elapsed: 2.097 s - in org.drasyl.peer.PeersManagerTest
[INFO] Running org.drasyl.remote.protocol.AcknowledgementMessageTest
[INFO] Running org.drasyl.remote.protocol.AcknowledgementMessageTest$Of
[INFO] Tests run: 1, Failures: 0, Errors: 0, Skipped: 0, Time elapsed: 0.001 s - in org.drasyl.remote.protocol.AcknowledgementMessageTest$Of
[INFO] Tests run: 0, Failures: 0, Errors: 0, Skipped: 0, Time elapsed: 0.001 s - in org.drasyl.remote.protocol.AcknowledgementMessageTest
[INFO] Running org.drasyl.localhost.LocalHostDiscoveryTest
[INFO] Running org.drasyl.localhost.LocalHostDiscoveryTest$Scan
[INFO] Running org.drasyl.util.logging.Slf4JLoggerTest$Lazy
[INFO] Running org.drasyl.util.logging.Slf4JLoggerTest$Lazy$DynamicLevel
[INFO] Running org.drasyl.util.logging.Slf4JLoggerTest$Lazy$DynamicLevel$WhenDisabled
[INFO] Tests run: 5, Failures: 0, Errors: 0, Skipped: 0, Time elapsed: 0.027 s - in org.drasyl.util.logging.Slf4JLoggerTest$Lazy$DynamicLevel$WhenDisabled
[INFO] Running org.drasyl.util.logging.Slf4JLoggerTest$Lazy$DynamicLevel$WhenEnabled
[INFO] Tests run: 3, Failures: 0, Errors: 0, Skipped: 0, Time elapsed: 0.044 s - in org.drasyl.util.logging.Slf4JLoggerTest$Lazy$DynamicLevel$WhenEnabled
[INFO] Tests run: 0, Failures: 0, Errors: 0, Skipped: 0, Time elapsed: 0.076 s - in org.drasyl.util.logging.Slf4JLoggerTest$Lazy$DynamicLevel
[INFO] Running org.drasyl.util.logging.Slf4JLoggerTest$Lazy$Error
[INFO] Running org.drasyl.util.logging.Slf4JLoggerTest$Lazy$Error$WhenDisabled
[INFO] Tests run: 3, Failures: 0, Errors: 0, Skipped: 0, Time elapsed: 0.023 s - in org.drasyl.util.logging.Slf4JLoggerTest$Lazy$Error$WhenDisabled
[INFO] Running org.drasyl.util.logging.Slf4JLoggerTest$Lazy$Error$WhenEnabled
[INFO] Tests run: 3, Failures: 0, Errors: 0, Skipped: 0, Time elapsed: 0.033 s - in org.drasyl.util.logging.Slf4JLoggerTest$Lazy$Error$WhenEnabled
[INFO] Tests run: 0, Failures: 0, Errors: 0, Skipped: 0, Time elapsed: 0.06 s - in org.drasyl.util.logging.Slf4JLoggerTest$Lazy$Error
[INFO] Running org.drasyl.util.logging.Slf4JLoggerTest$Lazy$Warn
[INFO] Running org.drasyl.util.logging.Slf4JLoggerTest$Lazy$Warn$WhenDisabled
[INFO] Tests run: 3, Failures: 0, Errors: 0, Skipped: 0, Time elapsed: 0.045 s - in org.drasyl.util.logging.Slf4JLoggerTest$Lazy$Warn$WhenDisabled
[INFO] Running org.drasyl.util.logging.Slf4JLoggerTest$Lazy$Warn$WhenEnabled
[INFO] Tests run: 3, Failures: 0, Errors: 0, Skipped: 0, Time elapsed: 0.053 s - in org.drasyl.util.logging.Slf4JLoggerTest$Lazy$Warn$WhenEnabled
[INFO] Tests run: 0, Failures: 0, Errors: 0, Skipped: 0, Time elapsed: 0.101 s - in org.drasyl.util.logging.Slf4JLoggerTest$Lazy$Warn
[INFO] Running org.drasyl.util.logging.Slf4JLoggerTest$Lazy$Info
[INFO] Running org.drasyl.util.logging.Slf4JLoggerTest$Lazy$Info$WhenDisabled
[INFO] Tests run: 2, Failures: 0, Errors: 0, Skipped: 0, Time elapsed: 0.795 s - in org.drasyl.DrasylNodeTest$TestIdentity
[INFO] Running org.drasyl.DrasylNodeTest$TestPipeline
[INFO] Tests run: 1, Failures: 0, Errors: 0, Skipped: 0, Time elapsed: 1.37 s - in org.drasyl.remote.handler.portmapper.UpnpIgdPortMappingTest$Fail
[INFO] Running org.drasyl.remote.handler.portmapper.UpnpIgdPortMappingTest$HandleMessage
[INFO] Tests run: 1, Failures: 0, Errors: 0, Skipped: 0, Time elapsed: 0.939 s - in org.drasyl.util.network.NetworkUtilTest$GetDefaultInterface
[INFO] Running org.drasyl.util.network.NetworkUtilTest$GetLocalAddressForRemoteAddress
[INFO] Tests run: 1, Failures: 0, Errors: 0, Skipped: 0, Time elapsed: 0.004 s - in org.drasyl.remote.handler.portmapper.UpnpIgdPortMappingTest$HandleMessage
[INFO] Running org.drasyl.remote.handler.portmapper.UpnpIgdPortMappingTest$Stop
[INFO] Tests run: 1, Failures: 0, Errors: 0, Skipped: 0, Time elapsed: 1.44 s - in org.drasyl.plugin.PluginManagerTest$AfterShutdown
[INFO] Running org.drasyl.plugin.PluginManagerTest$BeforeShutdown
[INFO] Tests run: 3, Failures: 0, Errors: 0, Skipped: 0, Time elapsed: 0.039 s - in org.drasyl.util.logging.Slf4JLoggerTest$Lazy$Info$WhenDisabled
[INFO] Running org.drasyl.util.logging.Slf4JLoggerTest$Lazy$Info$WhenEnabled
[INFO] Tests run: 3, Failures: 0, Errors: 0, Skipped: 0, Time elapsed: 0.025 s - in org.drasyl.remote.handler.portmapper.UpnpIgdPortMappingTest$Stop
[INFO] Running org.drasyl.remote.handler.portmapper.UpnpIgdPortMappingTest$Start
[INFO] Tests run: 0, Failures: 0, Errors: 0, Skipped: 0, Time elapsed: 0.026 s - in org.drasyl.plugin.PluginManagerTest$BeforeShutdown
[INFO] Running org.drasyl.plugin.PluginManagerTest$AfterStart
[INFO] Tests run: 1, Failures: 0, Errors: 0, Skipped: 0, Time elapsed: 0.021 s - in org.drasyl.util.logging.Slf4JLoggerTest$Lazy$Info$WhenEnabled
[INFO] Tests run: 0, Failures: 0, Errors: 0, Skipped: 0, Time elapsed: 0.06 s - in org.drasyl.util.logging.Slf4JLoggerTest$Lazy$Info
[INFO] Running org.drasyl.util.logging.Slf4JLoggerTest$Lazy$Debug
[INFO] Running org.drasyl.util.logging.Slf4JLoggerTest$Lazy$Debug$WhenDisabled
[INFO] Tests run: 1, Failures: 0, Errors: 0, Skipped: 0, Time elapsed: 0.002 s - in org.drasyl.plugin.PluginManagerTest$AfterStart
[INFO] Running org.drasyl.plugin.PluginManagerTest$BeforeStart
[INFO] Tests run: 2, Failures: 0, Errors: 0, Skipped: 0, Time elapsed: 0.002 s - in org.drasyl.plugin.PluginManagerTest$BeforeStart
[INFO] Tests run: 0, Failures: 0, Errors: 0, Skipped: 0, Time elapsed: 1.474 s - in org.drasyl.plugin.PluginManagerTest
[INFO] Running org.drasyl.remote.protocol.UnarmedMessageTest
[INFO] Running org.drasyl.remote.protocol.UnarmedMessageTest$ReferenceCounted
[INFO] Running org.drasyl.remote.protocol.UnarmedMessageTest$ReferenceCounted$Release
[INFO] Tests run: 2, Failures: 0, Errors: 0, Skipped: 0, Time elapsed: 0.005 s - in org.drasyl.util.logging.Slf4JLoggerTest$Lazy$Debug$WhenDisabled
[INFO] Running org.drasyl.util.logging.Slf4JLoggerTest$Lazy$Debug$WhenEnabled
[INFO] Tests run: 3, Failures: 0, Errors: 0, Skipped: 0, Time elapsed: 0.006 s - in org.drasyl.util.logging.Slf4JLoggerTest$Lazy$Debug$WhenEnabled
[INFO] Tests run: 0, Failures: 0, Errors: 0, Skipped: 0, Time elapsed: 0.013 s - in org.drasyl.util.logging.Slf4JLoggerTest$Lazy$Debug
[INFO] Running org.drasyl.util.logging.Slf4JLoggerTest$Lazy$Trace
[INFO] Running org.drasyl.util.logging.Slf4JLoggerTest$Lazy$Trace$WhenDisabled
[INFO] Tests run: 3, Failures: 0, Errors: 0, Skipped: 0, Time elapsed: 0.005 s - in org.drasyl.util.logging.Slf4JLoggerTest$Lazy$Trace$WhenDisabled
[INFO] Running org.drasyl.util.logging.Slf4JLoggerTest$Lazy$Trace$WhenEnabled
[INFO] Tests run: 3, Failures: 0, Errors: 0, Skipped: 0, Time elapsed: 0.006 s - in org.drasyl.util.logging.Slf4JLoggerTest$Lazy$Trace$WhenEnabled
[INFO] Tests run: 0, Failures: 0, Errors: 0, Skipped: 0, Time elapsed: 0.013 s - in org.drasyl.util.logging.Slf4JLoggerTest$Lazy$Trace
[INFO] Tests run: 0, Failures: 0, Errors: 0, Skipped: 0, Time elapsed: 0.329 s - in org.drasyl.util.logging.Slf4JLoggerTest$Lazy
[INFO] Running org.drasyl.util.logging.Slf4JLoggerTest$Eager
[INFO] Running org.drasyl.util.logging.Slf4JLoggerTest$Eager$DynamicLevel
[INFO] Tests run: 6, Failures: 0, Errors: 0, Skipped: 0, Time elapsed: 0.01 s - in org.drasyl.util.logging.Slf4JLoggerTest$Eager$DynamicLevel
[INFO] Running org.drasyl.util.logging.Slf4JLoggerTest$Eager$Error
[INFO] Tests run: 6, Failures: 0, Errors: 0, Skipped: 0, Time elapsed: 0.007 s - in org.drasyl.util.logging.Slf4JLoggerTest$Eager$Error
[INFO] Running org.drasyl.util.logging.Slf4JLoggerTest$Eager$Warn
[INFO] Tests run: 6, Failures: 0, Errors: 0, Skipped: 0, Time elapsed: 0.008 s - in org.drasyl.util.logging.Slf4JLoggerTest$Eager$Warn
[INFO] Running org.drasyl.util.logging.Slf4JLoggerTest$Eager$Info
[INFO] Tests run: 6, Failures: 0, Errors: 0, Skipped: 0, Time elapsed: 0.006 s - in org.drasyl.util.logging.Slf4JLoggerTest$Eager$Info
[INFO] Running org.drasyl.util.logging.Slf4JLoggerTest$Eager$Debug
[INFO] Tests run: 6, Failures: 0, Errors: 0, Skipped: 0, Time elapsed: 0.007 s - in org.drasyl.util.logging.Slf4JLoggerTest$Eager$Debug
[INFO] Running org.drasyl.util.logging.Slf4JLoggerTest$Eager$Trace
[INFO] Tests run: 6, Failures: 0, Errors: 0, Skipped: 0, Time elapsed: 0.007 s - in org.drasyl.util.logging.Slf4JLoggerTest$Eager$Trace
[INFO] Tests run: 0, Failures: 0, Errors: 0, Skipped: 0, Time elapsed: 0.047 s - in org.drasyl.util.logging.Slf4JLoggerTest$Eager
[INFO] Tests run: 0, Failures: 0, Errors: 0, Skipped: 0, Time elapsed: 1.252 s - in org.drasyl.util.logging.Slf4JLoggerTest
[INFO] Running org.drasyl.remote.handler.ChunkingHandlerTest
[INFO] Running org.drasyl.remote.handler.ChunkingHandlerTest$OnOutgoingMessage
[INFO] Running org.drasyl.remote.handler.ChunkingHandlerTest$OnOutgoingMessage$NotFromMe
[INFO] Tests run: 1, Failures: 0, Errors: 0, Skipped: 0, Time elapsed: 0.155 s - in org.drasyl.remote.protocol.UnarmedMessageTest$ReferenceCounted$Release
[INFO] Running org.drasyl.remote.protocol.UnarmedMessageTest$ReferenceCounted$Touch
[INFO] Tests run: 1, Failures: 0, Errors: 0, Skipped: 0, Time elapsed: 0.001 s - in org.drasyl.remote.protocol.UnarmedMessageTest$ReferenceCounted$Touch
[INFO] Running org.drasyl.remote.protocol.UnarmedMessageTest$ReferenceCounted$Retain
[INFO] Tests run: 1, Failures: 0, Errors: 0, Skipped: 0, Time elapsed: 0.001 s - in org.drasyl.remote.protocol.UnarmedMessageTest$ReferenceCounted$Retain
[INFO] Running org.drasyl.remote.protocol.UnarmedMessageTest$ReferenceCounted$RefCnt
[INFO] Tests run: 1, Failures: 0, Errors: 0, Skipped: 0, Time elapsed: 0.001 s - in org.drasyl.remote.protocol.UnarmedMessageTest$ReferenceCounted$RefCnt
[INFO] Tests run: 0, Failures: 0, Errors: 0, Skipped: 0, Time elapsed: 0.161 s - in org.drasyl.remote.protocol.UnarmedMessageTest$ReferenceCounted
[INFO] Running org.drasyl.remote.protocol.UnarmedMessageTest$AutoCloseable
[INFO] Running org.drasyl.remote.protocol.UnarmedMessageTest$AutoCloseable$Close
[INFO] Tests run: 1, Failures: 0, Errors: 0, Skipped: 0, Time elapsed: 0.001 s - in org.drasyl.remote.protocol.UnarmedMessageTest$AutoCloseable$Close
[INFO] Tests run: 0, Failures: 0, Errors: 0, Skipped: 0, Time elapsed: 0.001 s - in org.drasyl.remote.protocol.UnarmedMessageTest$AutoCloseable
[INFO] Running org.drasyl.remote.protocol.UnarmedMessageTest$WriteTo
[INFO] Running org.drasyl.remote.handler.portmapper.UpnpIgdPortMappingTest$Start$OnDiscoveryTimeout
[INFO] Tests run: 3, Failures: 0, Errors: 0, Skipped: 0, Time elapsed: 0.04 s - in org.drasyl.remote.protocol.UnarmedMessageTest$WriteTo
[INFO] Running org.drasyl.remote.protocol.UnarmedMessageTest$IncrementHopCount
[INFO] Tests run: 2, Failures: 0, Errors: 0, Skipped: 0, Time elapsed: 0.001 s - in org.drasyl.remote.protocol.UnarmedMessageTest$IncrementHopCount
[INFO] Tests run: 0, Failures: 0, Errors: 0, Skipped: 0, Time elapsed: 0.206 s - in org.drasyl.remote.protocol.UnarmedMessageTest
[INFO] Running org.drasyl.util.InetSocketAddressUtilTest
[INFO] Running org.drasyl.util.InetSocketAddressUtilTest$SocketAddressFromString
[INFO] Tests run: 6, Failures: 0, Errors: 0, Skipped: 0, Time elapsed: 0.004 s - in org.drasyl.util.InetSocketAddressUtilTest$SocketAddressFromString
[INFO] Tests run: 0, Failures: 0, Errors: 0, Skipped: 0, Time elapsed: 0.004 s - in org.drasyl.util.InetSocketAddressUtilTest
[INFO] Running org.drasyl.util.protocol.UpnpIgdUtilTest
[INFO] Running org.drasyl.util.protocol.UpnpIgdUtilTest$TestDiscoveryResponseMessage
[INFO] Tests run: 1, Failures: 0, Errors: 0, Skipped: 0, Time elapsed: 0 s - in org.drasyl.util.protocol.UpnpIgdUtilTest$TestDiscoveryResponseMessage
[INFO] Running org.drasyl.util.protocol.UpnpIgdUtilTest$TestExternalIpAddress
[INFO] Tests run: 1, Failures: 0, Errors: 0, Skipped: 0, Time elapsed: 0 s - in org.drasyl.util.protocol.UpnpIgdUtilTest$TestExternalIpAddress
[INFO] Running org.drasyl.util.protocol.UpnpIgdUtilTest$TestStatusInfo
[INFO] Tests run: 1, Failures: 0, Errors: 0, Skipped: 0, Time elapsed: 0 s - in org.drasyl.util.protocol.UpnpIgdUtilTest$TestStatusInfo
[INFO] Running org.drasyl.util.protocol.UpnpIgdUtilTest$TestMappingEntry
[INFO] Tests run: 1, Failures: 0, Errors: 0, Skipped: 0, Time elapsed: 0 s - in org.drasyl.util.protocol.UpnpIgdUtilTest$TestMappingEntry
[INFO] Running org.drasyl.util.protocol.UpnpIgdUtilTest$TestService
[INFO] Tests run: 1, Failures: 0, Errors: 0, Skipped: 0, Time elapsed: 0 s - in org.drasyl.util.protocol.UpnpIgdUtilTest$TestService
[INFO] Running org.drasyl.util.protocol.UpnpIgdUtilTest$SoapRequest
[INFO] Tests run: 5, Failures: 0, Errors: 0, Skipped: 0, Time elapsed: 1.141 s - in org.drasyl.remote.protocol.HeadChunkMessageTest$ReferenceCounted$Release
[INFO] Running org.drasyl.remote.protocol.HeadChunkMessageTest$ReferenceCounted$Touch
[INFO] Tests run: 0, Failures: 0, Errors: 0, Skipped: 0, Time elapsed: 0.338 s - in org.drasyl.DrasylNodeTest$TestPipeline
[INFO] Running org.drasyl.DrasylNodeTest$Send
[INFO] Tests run: 1, Failures: 0, Errors: 0, Skipped: 0, Time elapsed: 0.002 s - in org.drasyl.remote.protocol.HeadChunkMessageTest$ReferenceCounted$Touch
[INFO] Running org.drasyl.remote.protocol.HeadChunkMessageTest$ReferenceCounted$Retain
[INFO] Tests run: 1, Failures: 0, Errors: 0, Skipped: 0, Time elapsed: 0.001 s - in org.drasyl.remote.protocol.HeadChunkMessageTest$ReferenceCounted$Retain
[INFO] Running org.drasyl.remote.protocol.HeadChunkMessageTest$ReferenceCounted$RefCnt
[INFO] Tests run: 1, Failures: 0, Errors: 0, Skipped: 0, Time elapsed: 0.001 s - in org.drasyl.remote.protocol.HeadChunkMessageTest$ReferenceCounted$RefCnt
[INFO] Tests run: 1, Failures: 0, Errors: 0, Skipped: 0, Time elapsed: 1.152 s - in org.drasyl.remote.protocol.HeadChunkMessageTest$ReferenceCounted
[INFO] Running org.drasyl.remote.protocol.HeadChunkMessageTest$AutoCloseable
[INFO] Running org.drasyl.remote.protocol.HeadChunkMessageTest$AutoCloseable$Close
[INFO] Tests run: 3, Failures: 0, Errors: 0, Skipped: 0, Time elapsed: 0.001 s - in org.drasyl.remote.protocol.HeadChunkMessageTest$AutoCloseable$Close
[INFO] Tests run: 0, Failures: 0, Errors: 0, Skipped: 0, Time elapsed: 0.003 s - in org.drasyl.remote.protocol.HeadChunkMessageTest$AutoCloseable
[INFO] Running org.drasyl.remote.protocol.HeadChunkMessageTest$WriteTo
[INFO] Tests run: 2, Failures: 0, Errors: 0, Skipped: 0, Time elapsed: 0.01 s - in org.drasyl.remote.protocol.HeadChunkMessageTest$WriteTo
[INFO] Running org.drasyl.remote.protocol.HeadChunkMessageTest$IncrementHopCount
[INFO] Tests run: 2, Failures: 0, Errors: 0, Skipped: 0, Time elapsed: 0.002 s - in org.drasyl.remote.protocol.HeadChunkMessageTest$IncrementHopCount
[INFO] Tests run: 0, Failures: 0, Errors: 0, Skipped: 0, Time elapsed: 1.172 s - in org.drasyl.remote.protocol.HeadChunkMessageTest
[INFO] Running org.drasyl.pipeline.AbstractHandlerContextTest
[INFO] Tests run: 1, Failures: 0, Errors: 0, Skipped: 0, Time elapsed: 1.642 s - in org.drasyl.remote.handler.tcp.TcpClientTest$TcpClientHandlerTest
[INFO] Running org.drasyl.remote.handler.tcp.TcpClientTest$MessagePassing
[INFO] Tests run: 1, Failures: 0, Errors: 0, Skipped: 0, Time elapsed: 0.713 s - in org.drasyl.remote.handler.portmapper.NatPmpPortMappingTest$HandleMessage$NotFromGateway
[INFO] Running org.drasyl.remote.handler.portmapper.NatPmpPortMappingTest$HandleMessage$FromGateway
[INFO] Tests run: 2, Failures: 0, Errors: 0, Skipped: 0, Time elapsed: 2.778 s - in org.drasyl.util.FutureUtilTest$ToFuture
[INFO] Tests run: 0, Failures: 0, Errors: 0, Skipped: 0, Time elapsed: 2.795 s - in org.drasyl.util.FutureUtilTest
[INFO] Running org.drasyl.event.NodeDownEventTest
[INFO] Running org.drasyl.event.NodeDownEventTest$HashCode
[INFO] Tests run: 1, Failures: 0, Errors: 0, Skipped: 0, Time elapsed: 0.002 s - in org.drasyl.event.NodeDownEventTest$HashCode
[INFO] Running org.drasyl.event.NodeDownEventTest$Equals
[INFO] Tests run: 1, Failures: 0, Errors: 0, Skipped: 0, Time elapsed: 0.001 s - in org.drasyl.event.NodeDownEventTest$Equals
[INFO] Running org.drasyl.event.NodeDownEventTest$GetMessage
[INFO] Tests run: 1, Failures: 0, Errors: 0, Skipped: 0, Time elapsed: 0.001 s - in org.drasyl.event.NodeDownEventTest$GetMessage
[INFO] Tests run: 0, Failures: 0, Errors: 0, Skipped: 0, Time elapsed: 0.007 s - in org.drasyl.event.NodeDownEventTest
[INFO] Running org.drasyl.remote.protocol.HopCountTest
[INFO] Running org.drasyl.remote.protocol.HopCountTest$Of
[INFO] Running org.drasyl.remote.protocol.HopCountTest$Of$WithShort
[INFO] Tests run: 2, Failures: 0, Errors: 0, Skipped: 0, Time elapsed: 0.002 s - in org.drasyl.remote.protocol.HopCountTest$Of$WithShort
[INFO] Running org.drasyl.remote.protocol.HopCountTest$Of$WithInteger
[INFO] Tests run: 2, Failures: 0, Errors: 0, Skipped: 0, Time elapsed: 0.001 s - in org.drasyl.remote.protocol.HopCountTest$Of$WithInteger
[INFO] Tests run: 0, Failures: 0, Errors: 0, Skipped: 0, Time elapsed: 0.007 s - in org.drasyl.remote.protocol.HopCountTest$Of
[INFO] Running org.drasyl.remote.protocol.HopCountTest$Increment
[INFO] Tests run: 2, Failures: 0, Errors: 0, Skipped: 0, Time elapsed: 0.001 s - in org.drasyl.remote.protocol.HopCountTest$Increment
[INFO] Tests run: 0, Failures: 0, Errors: 0, Skipped: 0, Time elapsed: 0.01 s - in org.drasyl.remote.protocol.HopCountTest
[INFO] Running org.drasyl.util.logging.JdkLoggerTest
[INFO] Tests run: 2, Failures: 0, Errors: 0, Skipped: 0, Time elapsed: 0.051 s - in org.drasyl.remote.handler.portmapper.NatPmpPortMappingTest$HandleMessage$FromGateway
[INFO] Tests run: 0, Failures: 0, Errors: 0, Skipped: 0, Time elapsed: 0.768 s - in org.drasyl.remote.handler.portmapper.NatPmpPortMappingTest$HandleMessage
[INFO] Running org.drasyl.remote.handler.portmapper.NatPmpPortMappingTest$Stop
[INFO] Tests run: 1, Failures: 0, Errors: 0, Skipped: 0, Time elapsed: 0.002 s - in org.drasyl.remote.handler.portmapper.NatPmpPortMappingTest$Stop
[INFO] Running org.drasyl.remote.handler.portmapper.NatPmpPortMappingTest$Start
[INFO] Tests run: 1, Failures: 0, Errors: 0, Skipped: 0, Time elapsed: 0.003 s - in org.drasyl.remote.handler.portmapper.NatPmpPortMappingTest$Start
[INFO] Tests run: 0, Failures: 0, Errors: 0, Skipped: 0, Time elapsed: 0.787 s - in org.drasyl.remote.handler.portmapper.NatPmpPortMappingTest
[INFO] Running org.drasyl.pipeline.DefaultHandlerContextTest
[INFO] Tests run: 1, Failures: 0, Errors: 0, Skipped: 0, Time elapsed: 0.733 s - in org.drasyl.localhost.LocalHostDiscoveryTest$Scan
[INFO] Running org.drasyl.localhost.LocalHostDiscoveryTest$MessagePassing
[INFO] Tests run: 3, Failures: 0, Errors: 0, Skipped: 0, Time elapsed: 2.869 s - in org.drasyl.behaviour.BehavioralDrasylNodeTest$OnEvent
[INFO] Tests run: 0, Failures: 0, Errors: 0, Skipped: 0, Time elapsed: 2.875 s - in org.drasyl.behaviour.BehavioralDrasylNodeTest
[INFO] Running org.drasyl.remote.handler.crypto.ArmHandlerTest
[INFO] Running org.drasyl.remote.handler.crypto.ArmHandlerTest$Decryption
[INFO] Tests run: 2, Failures: 0, Errors: 0, Skipped: 0, Time elapsed: 2.025 s - in org.drasyl.remote.handler.tcp.TcpServerTest$TcpServerHandlerTest
[INFO] Running org.drasyl.remote.handler.tcp.TcpServerTest$TcpServerChannelInitializerTest
[INFO] Tests run: 2, Failures: 0, Errors: 0, Skipped: 0, Time elapsed: 0.54 s - in org.drasyl.util.network.NetworkUtilTest$GetLocalAddressForRemoteAddress
[INFO] Running org.drasyl.util.network.NetworkUtilTest$GetIpv4MappedIPv6AddressBytes
[INFO] Tests run: 2, Failures: 0, Errors: 0, Skipped: 0, Time elapsed: 0.003 s - in org.drasyl.util.network.NetworkUtilTest$GetIpv4MappedIPv6AddressBytes
[INFO] Running org.drasyl.util.network.NetworkUtilTest$GetDefaultGateway
[INFO] Tests run: 2, Failures: 0, Errors: 0, Skipped: 0, Time elapsed: 0.007 s - in org.drasyl.util.network.NetworkUtilTest$GetDefaultGateway
[INFO] Running org.drasyl.util.network.NetworkUtilTest$SameNetwork
[INFO] Tests run: 4, Failures: 0, Errors: 0, Skipped: 0, Time elapsed: 0.003 s - in org.drasyl.util.network.NetworkUtilTest$SameNetwork
[INFO] Running org.drasyl.util.network.NetworkUtilTest$Cidr2Netmask
[INFO] Tests run: 3, Failures: 0, Errors: 0, Skipped: 0, Time elapsed: 0.001 s - in org.drasyl.util.network.NetworkUtilTest$Cidr2Netmask
[INFO] Running org.drasyl.util.network.NetworkUtilTest$GetNetworkPrefixLength
[INFO] Tests run: 1, Failures: 0, Errors: 0, Skipped: 0, Time elapsed: 0.002 s - in org.drasyl.util.network.NetworkUtilTest$GetNetworkPrefixLength
[INFO] Running org.drasyl.util.network.NetworkUtilTest$CreateInetAddress
[INFO] Tests run: 2, Failures: 0, Errors: 0, Skipped: 0, Time elapsed: 0.002 s - in org.drasyl.util.network.NetworkUtilTest$CreateInetAddress
[INFO] Running org.drasyl.util.network.NetworkUtilTest$GetLocalHostName
[INFO] Tests run: 1, Failures: 0, Errors: 0, Skipped: 0, Time elapsed: 0 s - in org.drasyl.util.network.NetworkUtilTest$GetLocalHostName
[INFO] Running org.drasyl.util.network.NetworkUtilTest$GetAddresses
[INFO] Tests run: 1, Failures: 0, Errors: 0, Skipped: 0, Time elapsed: 0.002 s - in org.drasyl.util.network.NetworkUtilTest$GetAddresses
[INFO] Running org.drasyl.util.network.NetworkUtilTest$Alive
[INFO] Tests run: 2, Failures: 0, Errors: 0, Skipped: 0, Time elapsed: 0.008 s - in org.drasyl.util.network.NetworkUtilTest$Alive
[INFO] Running org.drasyl.util.network.NetworkUtilTest$Available
[INFO] Tests run: 2, Failures: 0, Errors: 0, Skipped: 0, Time elapsed: 0.001 s - in org.drasyl.util.network.NetworkUtilTest$Available
[INFO] Running org.drasyl.util.network.NetworkUtilTest$GetExternalIPv4Address
[INFO] Tests run: 3, Failures: 0, Errors: 0, Skipped: 0, Time elapsed: 2.156 s - in org.drasyl.pipeline.serialization.SerializationTest$RemoveSerializer
[INFO] Running org.drasyl.pipeline.serialization.SerializationTest$AddSerializer
[INFO] Tests run: 3, Failures: 0, Errors: 0, Skipped: 0, Time elapsed: 0.001 s - in org.drasyl.pipeline.serialization.SerializationTest$AddSerializer
[INFO] Running org.drasyl.pipeline.serialization.SerializationTest$FindSerializerFor
[INFO] Tests run: 0, Failures: 0, Errors: 0, Skipped: 0, Time elapsed: 2.008 s - in org.drasyl.pipeline.TailContextTest$OnRead
[INFO] Running org.drasyl.pipeline.TailContextTest$OnEvent
[INFO] Tests run: 1, Failures: 0, Errors: 0, Skipped: 0, Time elapsed: 1.95 s - in org.drasyl.pipeline.HeadContextTest$OnRead
[INFO] Running org.drasyl.pipeline.HeadContextTest$OnEvent
[INFO] Tests run: 5, Failures: 0, Errors: 0, Skipped: 0, Time elapsed: 0.003 s - in org.drasyl.pipeline.TailContextTest$OnEvent
[INFO] Running org.drasyl.pipeline.TailContextTest$OnException
[INFO] Tests run: 1, Failures: 0, Errors: 0, Skipped: 0, Time elapsed: 0.005 s - in org.drasyl.pipeline.serialization.SerializationTest$FindSerializerFor
[INFO] Tests run: 0, Failures: 0, Errors: 0, Skipped: 0, Time elapsed: 2.168 s - in org.drasyl.pipeline.serialization.SerializationTest
[INFO] Running org.drasyl.util.InternPoolTest
[INFO] Running org.drasyl.util.InternPoolTest$Intern
[INFO] Tests run: 1, Failures: 0, Errors: 0, Skipped: 0, Time elapsed: 0.004 s - in org.drasyl.pipeline.HeadContextTest$OnEvent
[INFO] Running org.drasyl.pipeline.HeadContextTest$OnException
[INFO] Tests run: 1, Failures: 0, Errors: 0, Skipped: 0, Time elapsed: 0.001 s - in org.drasyl.util.InternPoolTest$Intern
[INFO] Tests run: 0, Failures: 0, Errors: 0, Skipped: 0, Time elapsed: 0.002 s - in org.drasyl.util.InternPoolTest
[INFO] Running org.drasyl.util.UriUtilTest
[INFO] Running org.drasyl.util.UriUtilTest$GetQueryMap
[INFO] Tests run: 3, Failures: 0, Errors: 0, Skipped: 0, Time elapsed: 0.002 s - in org.drasyl.util.UriUtilTest$GetQueryMap
[INFO] Running org.drasyl.util.UriUtilTest$CreateUri
[INFO] Tests run: 3, Failures: 0, Errors: 0, Skipped: 0, Time elapsed: 0.345 s - in org.drasyl.util.protocol.UpnpIgdUtilTest$SoapRequest
[INFO] Running org.drasyl.util.protocol.UpnpIgdUtilTest$BuildDiscoveryMessage
[INFO] Tests run: 0, Failures: 0, Errors: 0, Skipped: 0, Time elapsed: 0.001 s - in org.drasyl.util.UriUtilTest$CreateUri
[INFO] Tests run: 0, Failures: 0, Errors: 0, Skipped: 0, Time elapsed: 0.005 s - in org.drasyl.util.UriUtilTest
[INFO] Running org.drasyl.util.UrlUtilTest
[INFO] Running org.drasyl.util.UrlUtilTest$CreateUrl
[INFO] Tests run: 1, Failures: 0, Errors: 0, Skipped: 0, Time elapsed: 0.002 s - in org.drasyl.util.protocol.UpnpIgdUtilTest$BuildDiscoveryMessage
[INFO] Running org.drasyl.util.protocol.UpnpIgdUtilTest$ReadMessage
[INFO] Tests run: 4, Failures: 0, Errors: 0, Skipped: 0, Time elapsed: 0.001 s - in org.drasyl.util.protocol.UpnpIgdUtilTest$ReadMessage
[INFO] Running org.drasyl.util.protocol.UpnpIgdUtilTest$GetExternalIpAddress
[INFO] Tests run: 0, Failures: 0, Errors: 0, Skipped: 0, Time elapsed: 0.002 s - in org.drasyl.util.UrlUtilTest$CreateUrl
[INFO] Tests run: 0, Failures: 0, Errors: 0, Skipped: 0, Time elapsed: 0.005 s - in org.drasyl.util.UrlUtilTest
[INFO] Running org.drasyl.remote.handler.portmapper.PcpPortMappingTest
[INFO] Running org.drasyl.remote.protocol.BodyChunkMessageTest
[INFO] Running org.drasyl.pipeline.DrasylPipelineTest
[INFO] Running org.drasyl.remote.handler.portmapper.PcpPortMappingTest$Fail
[INFO] Running org.drasyl.remote.protocol.BodyChunkMessageTest$ReferenceCounted
[INFO] Running org.drasyl.pipeline.DrasylPipelineTest$MessagesBeforeUnwritable
[INFO] Running org.drasyl.remote.protocol.BodyChunkMessageTest$ReferenceCounted$Release
[INFO] Tests run: 1, Failures: 0, Errors: 0, Skipped: 0, Time elapsed: 2.076 s - in org.drasyl.util.NettyUtilTest$GetBestEventLoopGroup
[INFO] Tests run: 1, Failures: 0, Errors: 0, Skipped: 0, Time elapsed: 2.129 s - in org.drasyl.util.NettyUtilTest
[INFO] Running org.drasyl.serialization.JacksonJsonSerializerTest
[INFO] Running org.drasyl.serialization.JacksonJsonSerializerTest$FromByteArray
[INFO] Tests run: 1, Failures: 0, Errors: 0, Skipped: 0, Time elapsed: 0.003 s - in org.drasyl.remote.protocol.BodyChunkMessageTest$ReferenceCounted$Release
[INFO] Running org.drasyl.remote.protocol.BodyChunkMessageTest$ReferenceCounted$Touch
[INFO] Tests run: 1, Failures: 0, Errors: 0, Skipped: 0, Time elapsed: 0.001 s - in org.drasyl.serialization.JacksonJsonSerializerTest$FromByteArray
[INFO] Running org.drasyl.serialization.JacksonJsonSerializerTest$ToByteArray
[INFO] Tests run: 0, Failures: 0, Errors: 0, Skipped: 0, Time elapsed: 0.09 s - in org.drasyl.remote.handler.tcp.TcpServerTest$TcpServerChannelInitializerTest
[INFO] Running org.drasyl.remote.handler.tcp.TcpServerTest$MessagePassing
[INFO] Tests run: 3, Failures: 0, Errors: 0, Skipped: 0, Time elapsed: 0 s - in org.drasyl.serialization.JacksonJsonSerializerTest$ToByteArray
[INFO] Tests run: 0, Failures: 0, Errors: 0, Skipped: 0, Time elapsed: 0.002 s - in org.drasyl.remote.protocol.BodyChunkMessageTest$ReferenceCounted$Touch
[INFO] Running org.drasyl.remote.protocol.BodyChunkMessageTest$ReferenceCounted$Retain
[INFO] Tests run: 0, Failures: 0, Errors: 0, Skipped: 0, Time elapsed: 0.006 s - in org.drasyl.serialization.JacksonJsonSerializerTest
[INFO] Running org.drasyl.serialization.ProtobufSerializerTest
[INFO] Tests run: 0, Failures: 0, Errors: 0, Skipped: 0, Time elapsed: 0.01 s - in org.drasyl.remote.handler.portmapper.PcpPortMappingTest$Fail
[INFO] Running org.drasyl.serialization.ProtobufSerializerTest$FromByteArray
[INFO] Running org.drasyl.remote.handler.portmapper.PcpPortMappingTest$HandleMessage
[INFO] Running org.drasyl.remote.handler.portmapper.PcpPortMappingTest$HandleMessage$NotFromGateway
[INFO] Tests run: 2, Failures: 0, Errors: 0, Skipped: 0, Time elapsed: 0.006 s - in org.drasyl.remote.protocol.BodyChunkMessageTest$ReferenceCounted$Retain
[INFO] Running org.drasyl.remote.protocol.BodyChunkMessageTest$ReferenceCounted$RefCnt
[INFO] Tests run: 3, Failures: 0, Errors: 0, Skipped: 0, Time elapsed: 0.002 s - in org.drasyl.remote.handler.portmapper.PcpPortMappingTest$HandleMessage$NotFromGateway
[INFO] Running org.drasyl.remote.handler.portmapper.PcpPortMappingTest$HandleMessage$FromGateway
[INFO] Tests run: 2, Failures: 0, Errors: 0, Skipped: 0, Time elapsed: 0.001 s - in org.drasyl.remote.protocol.BodyChunkMessageTest$ReferenceCounted$RefCnt
[INFO] Tests run: 0, Failures: 0, Errors: 0, Skipped: 0, Time elapsed: 0.005 s - in org.drasyl.serialization.ProtobufSerializerTest$FromByteArray
[INFO] Running org.drasyl.serialization.ProtobufSerializerTest$ToByteArray
[INFO] Tests run: 1, Failures: 0, Errors: 0, Skipped: 0, Time elapsed: 0.022 s - in org.drasyl.remote.protocol.BodyChunkMessageTest$ReferenceCounted
[INFO] Running org.drasyl.remote.protocol.BodyChunkMessageTest$AutoCloseable
[INFO] Running org.drasyl.remote.protocol.BodyChunkMessageTest$AutoCloseable$Close
[INFO] Tests run: 5, Failures: 0, Errors: 0, Skipped: 0, Time elapsed: 0.317 s - in org.drasyl.DrasylNodeTest$Send
[INFO] Tests run: 0, Failures: 0, Errors: 0, Skipped: 0, Time elapsed: 0.005 s - in org.drasyl.remote.handler.portmapper.PcpPortMappingTest$HandleMessage$FromGateway
[INFO] Running org.drasyl.DrasylNodeTest$Shutdown
[INFO] Tests run: 1, Failures: 0, Errors: 0, Skipped: 0, Time elapsed: 0.001 s - in org.drasyl.remote.protocol.BodyChunkMessageTest$AutoCloseable$Close
[INFO] Tests run: 0, Failures: 0, Errors: 0, Skipped: 0, Time elapsed: 0.012 s - in org.drasyl.remote.handler.portmapper.PcpPortMappingTest$HandleMessage
[INFO] Running org.drasyl.remote.handler.portmapper.PcpPortMappingTest$Stop
[INFO] Tests run: 1, Failures: 0, Errors: 0, Skipped: 0, Time elapsed: 0.004 s - in org.drasyl.remote.protocol.BodyChunkMessageTest$AutoCloseable
[INFO] Running org.drasyl.remote.protocol.BodyChunkMessageTest$WriteTo
[INFO] Tests run: 1, Failures: 0, Errors: 0, Skipped: 0, Time elapsed: 0.009 s - in org.drasyl.serialization.ProtobufSerializerTest$ToByteArray
[INFO] Tests run: 0, Failures: 0, Errors: 0, Skipped: 0, Time elapsed: 0.003 s - in org.drasyl.remote.handler.portmapper.PcpPortMappingTest$Stop
[INFO] Tests run: 0, Failures: 0, Errors: 0, Skipped: 0, Time elapsed: 0.018 s - in org.drasyl.serialization.ProtobufSerializerTest
[INFO] Running org.drasyl.remote.handler.portmapper.PcpPortMappingTest$Start
[INFO] Running org.drasyl.serialization.CharacterSerializerTest
[INFO] Running org.drasyl.serialization.CharacterSerializerTest$FromByteArray
[INFO] Tests run: 3, Failures: 0, Errors: 0, Skipped: 0, Time elapsed: 0.001 s - in org.drasyl.serialization.CharacterSerializerTest$FromByteArray
[INFO] Running org.drasyl.serialization.CharacterSerializerTest$ToByteArray
[INFO] Tests run: 4, Failures: 0, Errors: 0, Skipped: 0, Time elapsed: 0.005 s - in org.drasyl.remote.handler.portmapper.PcpPortMappingTest$Start
[INFO] Tests run: 1, Failures: 0, Errors: 0, Skipped: 0, Time elapsed: 0.004 s - in org.drasyl.serialization.CharacterSerializerTest$ToByteArray
[INFO] Tests run: 0, Failures: 0, Errors: 0, Skipped: 0, Time elapsed: 0.044 s - in org.drasyl.remote.handler.portmapper.PcpPortMappingTest
[INFO] Running org.drasyl.behaviour.BehaviorTest
[INFO] Running org.drasyl.behaviour.BehaviorTest$TestCase
[INFO] Running org.drasyl.behaviour.BehaviorTest$TestCase$HashCode
[INFO] Tests run: 1, Failures: 0, Errors: 0, Skipped: 0, Time elapsed: 0.008 s - in org.drasyl.serialization.CharacterSerializerTest
[INFO] Running org.drasyl.util.NumberUtilTest
[INFO] Running org.drasyl.util.NumberUtilTest$NumberToHumanDataRate
[INFO] Tests run: 0, Failures: 0, Errors: 0, Skipped: 0, Time elapsed: 0.009 s - in org.drasyl.remote.protocol.BodyChunkMessageTest$WriteTo
[INFO] Running org.drasyl.remote.protocol.BodyChunkMessageTest$IncrementHopCount
[INFO] Tests run: 2, Failures: 0, Errors: 0, Skipped: 0, Time elapsed: 0.002 s - in org.drasyl.remote.protocol.BodyChunkMessageTest$IncrementHopCount
[INFO] Tests run: 1, Failures: 0, Errors: 0, Skipped: 0, Time elapsed: 0.047 s - in org.drasyl.remote.protocol.BodyChunkMessageTest
[INFO] Running org.drasyl.util.AnsiTest
[INFO] Tests run: 0, Failures: 0, Errors: 0, Skipped: 0, Time elapsed: 0.205 s - in org.drasyl.pipeline.DefaultHandlerContextTest
[INFO] Running org.drasyl.pipeline.VisualPipelineTest
[INFO] Running org.drasyl.pipeline.VisualPipelineTest$PrintOnlySimpleOutboundHandler
[INFO] Tests run: 4, Failures: 0, Errors: 0, Skipped: 0, Time elapsed: 3.031 s - in org.drasyl.pipeline.skeleton.SimpleDuplexRemoteMessageSkipLoopbackHandlerTest$Inbound
[INFO] Tests run: 0, Failures: 0, Errors: 0, Skipped: 0, Time elapsed: 0.011 s - in org.drasyl.util.NumberUtilTest$NumberToHumanDataRate
[INFO] Running org.drasyl.pipeline.skeleton.SimpleDuplexRemoteMessageSkipLoopbackHandlerTest$Outbound
[INFO] Running org.drasyl.util.NumberUtilTest$NumberToHumanData
[INFO] Tests run: 0, Failures: 0, Errors: 0, Skipped: 0, Time elapsed: 0.007 s - in org.drasyl.util.AnsiTest
[INFO] Running org.drasyl.event.NodeTest
[INFO] Running org.drasyl.event.NodeTest$Getters
[INFO] Tests run: 3, Failures: 0, Errors: 0, Skipped: 0, Time elapsed: 0 s - in org.drasyl.event.NodeTest$Getters
[INFO] Running org.drasyl.event.NodeTest$ToString
[INFO] Tests run: 0, Failures: 0, Errors: 0, Skipped: 0, Time elapsed: 0.002 s - in org.drasyl.util.NumberUtilTest$NumberToHumanData
[INFO] Tests run: 0, Failures: 0, Errors: 0, Skipped: 0, Time elapsed: 0.015 s - in org.drasyl.util.NumberUtilTest
[INFO] Running org.drasyl.util.logging.LoggerFactoryTest
[INFO] Running org.drasyl.util.logging.LoggerFactoryTest$GetLogger
[INFO] Tests run: 1, Failures: 0, Errors: 0, Skipped: 0, Time elapsed: 0.001 s - in org.drasyl.util.logging.LoggerFactoryTest$GetLogger
[INFO] Tests run: 0, Failures: 0, Errors: 0, Skipped: 0, Time elapsed: 0.002 s - in org.drasyl.util.logging.LoggerFactoryTest
[INFO] Running org.drasyl.serialization.IntegerSerializerTest
[INFO] Running org.drasyl.serialization.IntegerSerializerTest$FromByteArray
[INFO] Tests run: 3, Failures: 0, Errors: 0, Skipped: 0, Time elapsed: 0.005 s - in org.drasyl.event.NodeTest$ToString
[INFO] Running org.drasyl.event.NodeTest$HashCode
[INFO] Tests run: 3, Failures: 0, Errors: 0, Skipped: 0, Time elapsed: 0.002 s - in org.drasyl.serialization.IntegerSerializerTest$FromByteArray
[INFO] Running org.drasyl.serialization.IntegerSerializerTest$ToByteArray
[INFO] Tests run: 0, Failures: 0, Errors: 0, Skipped: 0, Time elapsed: 0.001 s - in org.drasyl.event.NodeTest$HashCode
[INFO] Running org.drasyl.event.NodeTest$Equals
[INFO] Tests run: 4, Failures: 0, Errors: 0, Skipped: 0, Time elapsed: 0.001 s - in org.drasyl.serialization.IntegerSerializerTest$ToByteArray
[INFO] Tests run: 0, Failures: 0, Errors: 0, Skipped: 0, Time elapsed: 0.001 s - in org.drasyl.event.NodeTest$Equals
[INFO] Running org.drasyl.event.NodeTest$Of
[INFO] Tests run: 0, Failures: 0, Errors: 0, Skipped: 0, Time elapsed: 0.005 s - in org.drasyl.serialization.IntegerSerializerTest
[INFO] Running org.drasyl.pipeline.handler.OutboundMessagesThrottlingHandlerTest
[INFO] Tests run: 2, Failures: 0, Errors: 0, Skipped: 0, Time elapsed: 0.001 s - in org.drasyl.event.NodeTest$Of
[INFO] Tests run: 0, Failures: 0, Errors: 0, Skipped: 0, Time elapsed: 0.015 s - in org.drasyl.event.NodeTest
[INFO] Running org.drasyl.remote.protocol.NonceTest
[INFO] Running org.drasyl.remote.protocol.NonceTest$ToByteArray
[INFO] Tests run: 1, Failures: 0, Errors: 0, Skipped: 0, Time elapsed: 0.001 s - in org.drasyl.remote.protocol.NonceTest$ToByteArray
[INFO] Running org.drasyl.remote.protocol.NonceTest$IsValidNonce
[INFO] Tests run: 2, Failures: 0, Errors: 0, Skipped: 0, Time elapsed: 0 s - in org.drasyl.remote.protocol.NonceTest$IsValidNonce
[INFO] Running org.drasyl.remote.protocol.NonceTest$RandomNonce
[INFO] Tests run: 1, Failures: 0, Errors: 0, Skipped: 0, Time elapsed: 0.001 s - in org.drasyl.remote.protocol.NonceTest$RandomNonce
[INFO] Running org.drasyl.remote.protocol.NonceTest$ToString
[INFO] Tests run: 1, Failures: 0, Errors: 0, Skipped: 0, Time elapsed: 0 s - in org.drasyl.remote.protocol.NonceTest$ToString
[INFO] Running org.drasyl.remote.protocol.NonceTest$HashCode
[INFO] Tests run: 1, Failures: 0, Errors: 0, Skipped: 0, Time elapsed: 0.001 s - in org.drasyl.remote.protocol.NonceTest$HashCode
[INFO] Running org.drasyl.remote.protocol.NonceTest$Equals
[INFO] Tests run: 1, Failures: 0, Errors: 0, Skipped: 0, Time elapsed: 0 s - in org.drasyl.remote.protocol.NonceTest$Equals
[INFO] Running org.drasyl.remote.protocol.NonceTest$Of
[INFO] Tests run: 3, Failures: 0, Errors: 0, Skipped: 0, Time elapsed: 0.002 s - in org.drasyl.remote.protocol.NonceTest$Of
[INFO] Tests run: 0, Failures: 0, Errors: 0, Skipped: 0, Time elapsed: 0.012 s - in org.drasyl.remote.protocol.NonceTest
[INFO] Running org.drasyl.pipeline.handler.MessagesThroughputHandlerTest
[INFO] Tests run: 1, Failures: 0, Errors: 0, Skipped: 0, Time elapsed: 0.123 s - in org.drasyl.util.protocol.UpnpIgdUtilTest$GetExternalIpAddress
[INFO] Running org.drasyl.util.protocol.UpnpIgdUtilTest$GetStatusInfo
[INFO] Tests run: 1, Failures: 0, Errors: 0, Skipped: 0, Time elapsed: 0.002 s - in org.drasyl.util.protocol.UpnpIgdUtilTest$GetStatusInfo
[INFO] Running org.drasyl.util.protocol.UpnpIgdUtilTest$DeletePortMapping
[INFO] Tests run: 1, Failures: 0, Errors: 0, Skipped: 0, Time elapsed: 0.001 s - in org.drasyl.util.protocol.UpnpIgdUtilTest$DeletePortMapping
[INFO] Running org.drasyl.util.protocol.UpnpIgdUtilTest$AddPortMapping
[INFO] Tests run: 1, Failures: 0, Errors: 0, Skipped: 0, Time elapsed: 0.002 s - in org.drasyl.util.protocol.UpnpIgdUtilTest$AddPortMapping
[INFO] Running org.drasyl.util.protocol.UpnpIgdUtilTest$GetSpecificPortMappingEntry
[INFO] Tests run: 2, Failures: 0, Errors: 0, Skipped: 0, Time elapsed: 0.003 s - in org.drasyl.util.protocol.UpnpIgdUtilTest$GetSpecificPortMappingEntry
[INFO] Running org.drasyl.util.protocol.UpnpIgdUtilTest$GetUpnpService
[INFO] Tests run: 1, Failures: 0, Errors: 0, Skipped: 0, Time elapsed: 0.002 s - in org.drasyl.util.protocol.UpnpIgdUtilTest$GetUpnpService
[INFO] Tests run: 0, Failures: 0, Errors: 0, Skipped: 0, Time elapsed: 0.498 s - in org.drasyl.util.protocol.UpnpIgdUtilTest
[INFO] Running org.drasyl.crypto.HexUtilTest
[INFO] Running org.drasyl.crypto.HexUtilTest$FromString
[INFO] Tests run: 2, Failures: 0, Errors: 0, Skipped: 0, Time elapsed: 0.001 s - in org.drasyl.crypto.HexUtilTest$FromString
[INFO] Running org.drasyl.crypto.HexUtilTest$ToString
[INFO] Tests run: 1, Failures: 0, Errors: 0, Skipped: 0, Time elapsed: 0 s - in org.drasyl.crypto.HexUtilTest$ToString
[INFO] Tests run: 0, Failures: 0, Errors: 0, Skipped: 0, Time elapsed: 0.003 s - in org.drasyl.crypto.HexUtilTest
[INFO] Running org.drasyl.pipeline.handler.codec.MessageToMessageEncoderTest

SimpleOutbound Handler Order:
[35m--------------------------------------------------------------------------------[0m
[35m| APPLICATION                                                                  |[0m
[35m--------------------------------------------------------------------------------[0m
[34m                                      ↓↓↓
[0m
[34m--------------------------------------------------------------------------------[0m
[34m| LOOPBACK_OUTBOUND_MESSAGE_SINK_HANDLER                                       |[0m
[34m--------------------------------------------------------------------------------[0m
[34m                                      ↓↓↓
[0m
[31m--------------------------------------------------------------------------------[0m
[31m| NETWORK                                                                      |[0m
[31m--------------------------------------------------------------------------------[0m
[INFO] Tests run: 1, Failures: 0, Errors: 0, Skipped: 0, Time elapsed: 0.098 s - in org.drasyl.pipeline.VisualPipelineTest$PrintOnlySimpleOutboundHandler
[INFO] Running org.drasyl.pipeline.VisualPipelineTest$PrintOnlySimpleInboundHandler

SimpleInbound Handler Order:
[31m--------------------------------------------------------------------------------[0m
[31m| NETWORK                                                                      |[0m
[31m--------------------------------------------------------------------------------[0m
[32m                                      ↓↓↓
[0m
[35m--------------------------------------------------------------------------------[0m
[35m| APPLICATION                                                                  |[0m
[35m--------------------------------------------------------------------------------[0m
[INFO] Tests run: 2, Failures: 0, Errors: 0, Skipped: 0, Time elapsed: 0.006 s - in org.drasyl.pipeline.VisualPipelineTest$PrintOnlySimpleInboundHandler
[INFO] Running org.drasyl.pipeline.VisualPipelineTest$PrintOutboundOrder

Outbound Handler Order:
[35m--------------------------------------------------------------------------------[0m
[35m| APPLICATION                                                                  |[0m
[35m--------------------------------------------------------------------------------[0m
[34m                                      ↓↓↓
[0m
[34m--------------------------------------------------------------------------------[0m
[34m| LOOPBACK_OUTBOUND_MESSAGE_SINK_HANDLER                                       |[0m
[34m--------------------------------------------------------------------------------[0m
[34m                                      ↓↓↓
[0m
[31m--------------------------------------------------------------------------------[0m
[31m| NETWORK                                                                      |[0m
[31m--------------------------------------------------------------------------------[0m
[INFO] Tests run: 2, Failures: 0, Errors: 0, Skipped: 0, Time elapsed: 0.004 s - in org.drasyl.pipeline.VisualPipelineTest$PrintOutboundOrder
[INFO] Running org.drasyl.pipeline.VisualPipelineTest$PrintInboundOrder

Inbound Handler Order:
[31m--------------------------------------------------------------------------------[0m
[31m| NETWORK                                                                      |[0m
[31m--------------------------------------------------------------------------------[0m
[32m                                      ↓↓↓
[0m
[32m--------------------------------------------------------------------------------[0m
[32m| LOOPBACK_OUTBOUND_MESSAGE_SINK_HANDLER                                       |[0m
[32m--------------------------------------------------------------------------------[0m
[32m                                      ↓↓↓
[0m
[35m--------------------------------------------------------------------------------[0m
[35m| APPLICATION                                                                  |[0m
[35m--------------------------------------------------------------------------------[0m
[INFO] Tests run: 1, Failures: 0, Errors: 0, Skipped: 0, Time elapsed: 0.003 s - in org.drasyl.pipeline.VisualPipelineTest$PrintInboundOrder
[INFO] Tests run: 0, Failures: 0, Errors: 0, Skipped: 0, Time elapsed: 0.121 s - in org.drasyl.pipeline.VisualPipelineTest
[INFO] Running org.drasyl.crypto.CryptoTest
[INFO] Running org.drasyl.crypto.CryptoTest$Random
[INFO] Tests run: 2, Failures: 0, Errors: 0, Skipped: 0, Time elapsed: 0.04 s - in org.drasyl.pipeline.handler.codec.MessageToMessageEncoderTest
[INFO] Running org.drasyl.pipeline.EmbeddedPipelineTest
[INFO] Tests run: 5, Failures: 0, Errors: 0, Skipped: 0, Time elapsed: 0.144 s - in org.drasyl.behaviour.BehaviorTest$TestCase$HashCode
[INFO] Running org.drasyl.behaviour.BehaviorTest$TestCase$Equals
[INFO] Tests run: 2, Failures: 0, Errors: 0, Skipped: 0, Time elapsed: 0 s - in org.drasyl.behaviour.BehaviorTest$TestCase$Equals
[INFO] Tests run: 0, Failures: 0, Errors: 0, Skipped: 0, Time elapsed: 0.15 s - in org.drasyl.behaviour.BehaviorTest$TestCase
[INFO] Running org.drasyl.behaviour.BehaviorTest$TestBehaviorBuilder
[INFO] Running org.drasyl.behaviour.BehaviorTest$TestBehaviorBuilder$MessageAdapter
[INFO] Tests run: 16, Failures: 0, Errors: 0, Skipped: 0, Time elapsed: 0.029 s - in org.drasyl.pipeline.EmbeddedPipelineTest
[INFO] Running org.drasyl.util.scheduler.DrasylSchedulerUtilTest
[INFO] Running org.drasyl.util.scheduler.DrasylSchedulerUtilTest$GetInstanceLight
[WARNING] Tests run: 13, Failures: 0, Errors: 0, Skipped: 5, Time elapsed: 0.216 s - in org.drasyl.remote.handler.tcp.TcpServerTest$MessagePassing
[INFO] Running org.drasyl.remote.handler.tcp.TcpServerTest$StopServer
[INFO] Tests run: 1, Failures: 0, Errors: 0, Skipped: 0, Time elapsed: 0.047 s - in org.drasyl.crypto.CryptoTest$Random
[INFO] Running org.drasyl.crypto.CryptoTest$Sign
[INFO] Tests run: 0, Failures: 0, Errors: 0, Skipped: 0, Time elapsed: 0.002 s - in org.drasyl.util.scheduler.DrasylSchedulerUtilTest$GetInstanceLight
[INFO] Running org.drasyl.util.scheduler.DrasylSchedulerUtilTest$GetInstanceHeavy
[INFO] Tests run: 1, Failures: 0, Errors: 0, Skipped: 0, Time elapsed: 0.002 s - in org.drasyl.util.scheduler.DrasylSchedulerUtilTest$GetInstanceHeavy
[INFO] Tests run: 0, Failures: 0, Errors: 0, Skipped: 0, Time elapsed: 0.012 s - in org.drasyl.util.scheduler.DrasylSchedulerUtilTest
[INFO] Running org.drasyl.util.EventLoopGroupUtilTest
[INFO] Running org.drasyl.util.EventLoopGroupUtilTest$GetInstanceNio
[INFO] Tests run: 1, Failures: 0, Errors: 0, Skipped: 0, Time elapsed: 0.011 s - in org.drasyl.util.EventLoopGroupUtilTest$GetInstanceNio
[INFO] Running org.drasyl.util.EventLoopGroupUtilTest$GetInstanceBest
[INFO] Tests run: 1, Failures: 0, Errors: 0, Skipped: 0, Time elapsed: 0 s - in org.drasyl.util.EventLoopGroupUtilTest$GetInstanceBest
[INFO] Tests run: 0, Failures: 0, Errors: 0, Skipped: 0, Time elapsed: 0.014 s - in org.drasyl.util.EventLoopGroupUtilTest
[INFO] Running org.drasyl.remote.protocol.ArmedMessageTest
[INFO] Running org.drasyl.remote.protocol.ArmedMessageTest$ReferenceCounted
[INFO] Running org.drasyl.remote.protocol.ArmedMessageTest$ReferenceCounted$Release
[INFO] Tests run: 1, Failures: 0, Errors: 0, Skipped: 0, Time elapsed: 0.001 s - in org.drasyl.remote.protocol.ArmedMessageTest$ReferenceCounted$Release
[INFO] Running org.drasyl.remote.protocol.ArmedMessageTest$ReferenceCounted$Touch
[INFO] Tests run: 1, Failures: 0, Errors: 0, Skipped: 0, Time elapsed: 0.001 s - in org.drasyl.remote.protocol.ArmedMessageTest$ReferenceCounted$Touch
[INFO] Running org.drasyl.remote.protocol.ArmedMessageTest$ReferenceCounted$Retain
[INFO] Tests run: 1, Failures: 0, Errors: 0, Skipped: 0, Time elapsed: 0.001 s - in org.drasyl.remote.protocol.ArmedMessageTest$ReferenceCounted$Retain
[INFO] Running org.drasyl.remote.protocol.ArmedMessageTest$ReferenceCounted$RefCnt
[INFO] Tests run: 1, Failures: 0, Errors: 0, Skipped: 0, Time elapsed: 0.001 s - in org.drasyl.remote.protocol.ArmedMessageTest$ReferenceCounted$RefCnt
[INFO] Tests run: 0, Failures: 0, Errors: 0, Skipped: 0, Time elapsed: 0.008 s - in org.drasyl.remote.protocol.ArmedMessageTest$ReferenceCounted
[INFO] Running org.drasyl.remote.protocol.ArmedMessageTest$AutoCloseable
[INFO] Running org.drasyl.remote.protocol.ArmedMessageTest$AutoCloseable$Close
[INFO] Tests run: 2, Failures: 0, Errors: 0, Skipped: 0, Time elapsed: 0.274 s - in org.drasyl.pipeline.HeadContextTest$OnException
[INFO] Tests run: 0, Failures: 0, Errors: 0, Skipped: 0, Time elapsed: 0.001 s - in org.drasyl.remote.protocol.ArmedMessageTest$AutoCloseable$Close
[INFO] Running org.drasyl.pipeline.HeadContextTest$OnWrite
[INFO] Tests run: 1, Failures: 0, Errors: 0, Skipped: 0, Time elapsed: 0.002 s - in org.drasyl.remote.protocol.ArmedMessageTest$AutoCloseable
[INFO] Running org.drasyl.remote.protocol.ArmedMessageTest$WriteTo
2023-01-17T15:57:51,419Z [31mWARN [0;39m --- [1-worker-119] [36morg.drasyl.pipeline.HeadContext         [0;39m : Message `arg0` with recipient `arg1` has arrived at the end of the pipeline and was not consumed before by a handler. Therefore the message was dropped.
This can happen if none of the handlers in the pipeline can process this message or have no route to the recipient.
[INFO] Tests run: 1, Failures: 0, Errors: 0, Skipped: 0, Time elapsed: 0.278 s - in org.drasyl.pipeline.TailContextTest$OnException
[INFO] Running org.drasyl.pipeline.TailContextTest$OnWrite
2023-01-17T15:57:51,422Z [31mWARN [0;39m --- [1-worker-119] [36morg.drasyl.pipeline.HeadContext         [0;39m : Message `UnpooledByteBufAllocator$InstrumentedUnpooledUnsafeHeapByteBuf(ridx: 0, widx: 0, cap: 256)` with recipient `arg0` has arrived at the end of the pipeline and was not consumed before by a handler. Therefore the message was dropped.
This can happen if none of the handlers in the pipeline can process this message or have no route to the recipient.
[INFO] Tests run: 4, Failures: 0, Errors: 0, Skipped: 0, Time elapsed: 0.005 s - in org.drasyl.pipeline.HeadContextTest$OnWrite
[INFO] Running org.drasyl.pipeline.HeadContextTest$InGeneral
[INFO] Tests run: 3, Failures: 0, Errors: 0, Skipped: 0, Time elapsed: 0.005 s - in org.drasyl.remote.protocol.ArmedMessageTest$WriteTo
[INFO] Running org.drasyl.remote.protocol.ArmedMessageTest$Disarm
[INFO] Tests run: 0, Failures: 0, Errors: 0, Skipped: 0, Time elapsed: 0.002 s - in org.drasyl.pipeline.TailContextTest$OnWrite
[INFO] Running org.drasyl.pipeline.TailContextTest$InGeneral
[INFO] Tests run: 1, Failures: 0, Errors: 0, Skipped: 0, Time elapsed: 0.002 s - in org.drasyl.pipeline.HeadContextTest$InGeneral
[INFO] Tests run: 1, Failures: 0, Errors: 0, Skipped: 0, Time elapsed: 2.247 s - in org.drasyl.pipeline.HeadContextTest
[INFO] Tests run: 6, Failures: 0, Errors: 0, Skipped: 0, Time elapsed: 0.003 s - in org.drasyl.pipeline.TailContextTest$InGeneral
[INFO] Tests run: 2, Failures: 0, Errors: 0, Skipped: 0, Time elapsed: 2.309 s - in org.drasyl.pipeline.TailContextTest
[INFO] Tests run: 7, Failures: 0, Errors: 0, Skipped: 0, Time elapsed: 1.569 s - in org.drasyl.pipeline.skeleton.HandlerAdapterTest$Inbound
[INFO] Running org.drasyl.pipeline.skeleton.HandlerAdapterTest$Outbound
[INFO] Tests run: 12, Failures: 0, Errors: 0, Skipped: 0, Time elapsed: 0.017 s - in org.drasyl.pipeline.skeleton.HandlerAdapterTest$Outbound
[INFO] Tests run: 1, Failures: 0, Errors: 0, Skipped: 0, Time elapsed: 1.913 s - in org.drasyl.pipeline.skeleton.HandlerAdapterTest
[INFO] Running org.drasyl.remote.handler.InternetDiscoveryTest$TestPing
[INFO] Running org.drasyl.remote.handler.InternetDiscoveryTest$TestPing$HashCode
[INFO] Tests run: 8, Failures: 0, Errors: 0, Skipped: 0, Time elapsed: 2.168 s - in org.drasyl.remote.handler.portmapper.PortMapperTest$MethodCycling
[INFO] Running org.drasyl.remote.handler.portmapper.PortMapperTest$MessageHandling
2023-01-17T15:57:51,477Z [31mWARN [0;39m --- [Pipeline-L-0] [36mo.d.remote.handler.UdpMulticastServer   [0;39m : Unable to bind server to address 0.0.0.0:22527: null
[INFO] Tests run: 4, Failures: 0, Errors: 0, Skipped: 0, Time elapsed: 0.001 s - in org.drasyl.remote.handler.InternetDiscoveryTest$TestPing$HashCode
[INFO] Running org.drasyl.remote.handler.InternetDiscoveryTest$TestPing$Equals
[INFO] Tests run: 6, Failures: 0, Errors: 0, Skipped: 0, Time elapsed: 0.826 s - in org.drasyl.remote.handler.ChunkingHandlerTest$OnOutgoingMessage$NotFromMe
[INFO] Running org.drasyl.remote.handler.ChunkingHandlerTest$OnOutgoingMessage$FromMe
[INFO] Tests run: 3, Failures: 0, Errors: 0, Skipped: 0, Time elapsed: 2.724 s - in org.drasyl.pipeline.skeleton.SimpleOutboundHandlerTest
[INFO] Tests run: 4, Failures: 0, Errors: 0, Skipped: 0, Time elapsed: 0.48 s - in org.drasyl.localhost.LocalHostDiscoveryTest$MessagePassing
[INFO] Running org.drasyl.localhost.LocalHostDiscoveryTest$StopDiscovery
[INFO] Tests run: 1, Failures: 0, Errors: 0, Skipped: 0, Time elapsed: 3.316 s - in org.drasyl.remote.handler.HopCountGuardTest
[INFO] Tests run: 0, Failures: 0, Errors: 0, Skipped: 0, Time elapsed: 0.067 s - in org.drasyl.remote.protocol.ArmedMessageTest$Disarm
[INFO] Running org.drasyl.remote.protocol.ArmedMessageTest$IncrementHopCount
[INFO] Tests run: 0, Failures: 0, Errors: 0, Skipped: 0, Time elapsed: 3.326 s - in org.drasyl.remote.handler.OtherNetworkFilterTest
[INFO] Tests run: 1, Failures: 0, Errors: 0, Skipped: 0, Time elapsed: 3.188 s - in org.drasyl.pipeline.skeleton.SimpleInboundHandlerTest
2023-01-17T15:57:51,512Z [31mWARN [0;39m --- [Pipeline-L-0] [36mo.d.p.serialization.MessageSerializer   [0;39m : No serializer was found for type `org.mockito.codegen.Object$MockitoMock$234812765`. You can find more information regarding this here: https://docs.drasyl.org/configuration/serialization/
[INFO] Tests run: 1, Failures: 0, Errors: 0, Skipped: 0, Time elapsed: 3.309 s - in org.drasyl.intravm.IntraVmDiscoveryTest$MessagePassing
[INFO] Running org.drasyl.intravm.IntraVmDiscoveryTest$StopDiscovery
[INFO] Tests run: 3, Failures: 0, Errors: 0, Skipped: 0, Time elapsed: 3.326 s - in org.drasyl.loopback.handler.LoopbackMessageHandlerTest
[INFO] Tests run: 0, Failures: 0, Errors: 0, Skipped: 0, Time elapsed: 3.326 s - in org.drasyl.remote.handler.InvalidProofOfWorkFilterTest
[INFO] Tests run: 0, Failures: 0, Errors: 0, Skipped: 0, Time elapsed: 0.001 s - in org.drasyl.remote.handler.InternetDiscoveryTest$TestPing$Equals
[INFO] Running org.drasyl.remote.handler.InternetDiscoveryTest$TestPing$GetAddress
[INFO] Tests run: 0, Failures: 0, Errors: 0, Skipped: 0, Time elapsed: 2.498 s - in org.drasyl.remote.handler.UdpMulticastServerTest$MessagePassing
[INFO] Running org.drasyl.remote.handler.UdpMulticastServerTest$StopServer
[INFO] Tests run: 1, Failures: 0, Errors: 0, Skipped: 0, Time elapsed: 3.333 s - in org.drasyl.remote.handler.UdpServerTest$MessagePassing
[INFO] Running org.drasyl.remote.handler.LocalNetworkDiscoveryTest$PeerTest
[INFO] Running org.drasyl.remote.handler.UdpServerTest$StopServer
[INFO] Running org.drasyl.remote.handler.LocalNetworkDiscoveryTest$PeerTest$IsStale
[INFO] Tests run: 4, Failures: 0, Errors: 0, Skipped: 0, Time elapsed: 0.01 s - in org.drasyl.remote.protocol.ArmedMessageTest$IncrementHopCount
[INFO] Tests run: 1, Failures: 0, Errors: 0, Skipped: 0, Time elapsed: 0.002 s - in org.drasyl.remote.handler.InternetDiscoveryTest$TestPing$GetAddress
[INFO] Tests run: 1, Failures: 0, Errors: 0, Skipped: 0, Time elapsed: 0.039 s - in org.drasyl.remote.handler.portmapper.PortMapperTest$MessageHandling
[INFO] Running org.drasyl.remote.handler.portmapper.PortMapperTest$EventHandling
[INFO] Tests run: 3, Failures: 0, Errors: 0, Skipped: 0, Time elapsed: 0.124 s - in org.drasyl.remote.protocol.ArmedMessageTest
[INFO] Tests run: 0, Failures: 0, Errors: 0, Skipped: 0, Time elapsed: 1.798 s - in org.drasyl.pipeline.handler.codec.MessageToMessageDecoderTest
[INFO] Tests run: 0, Failures: 0, Errors: 0, Skipped: 0, Time elapsed: 0.01 s - in org.drasyl.remote.handler.LocalNetworkDiscoveryTest$PeerTest$IsStale
[INFO] Running org.drasyl.remote.handler.LocalNetworkDiscoveryTest$PeerTest$InboundPingOccurred
[INFO] Tests run: 0, Failures: 0, Errors: 0, Skipped: 0, Time elapsed: 0.053 s - in org.drasyl.remote.handler.InternetDiscoveryTest$TestPing
[INFO] Running org.drasyl.remote.handler.InternetDiscoveryTest$TestPeer
[INFO] Running org.drasyl.remote.handler.InternetDiscoveryTest$TestPeer$IsReachable
[INFO] Tests run: 1, Failures: 0, Errors: 0, Skipped: 0, Time elapsed: 0.001 s - in org.drasyl.remote.handler.LocalNetworkDiscoveryTest$PeerTest$InboundPingOccurred
[INFO] Running org.drasyl.remote.handler.LocalNetworkDiscoveryTest$PeerTest$Getter
[INFO] Tests run: 2, Failures: 0, Errors: 0, Skipped: 0, Time elapsed: 0 s - in org.drasyl.remote.handler.LocalNetworkDiscoveryTest$PeerTest$Getter
[INFO] Tests run: 1, Failures: 0, Errors: 0, Skipped: 0, Time elapsed: 0.018 s - in org.drasyl.remote.handler.LocalNetworkDiscoveryTest$PeerTest
[INFO] Tests run: 0, Failures: 0, Errors: 0, Skipped: 0, Time elapsed: 0.003 s - in org.drasyl.remote.handler.InternetDiscoveryTest$TestPeer$IsReachable
[INFO] Running org.drasyl.remote.handler.LocalNetworkDiscoveryTest$InboundMessageHandling
[INFO] Running org.drasyl.remote.handler.InternetDiscoveryTest$TestPeer$HasControlTraffic
[INFO] Tests run: 0, Failures: 0, Errors: 0, Skipped: 0, Time elapsed: 0.625 s - in org.drasyl.remote.handler.tcp.TcpClientTest$MessagePassing
[INFO] Running org.drasyl.remote.handler.tcp.TcpClientTest$StopServer
[INFO] Tests run: 2, Failures: 0, Errors: 0, Skipped: 0, Time elapsed: 0.001 s - in org.drasyl.remote.handler.InternetDiscoveryTest$TestPeer$HasControlTraffic
[INFO] Running org.drasyl.remote.handler.InternetDiscoveryTest$TestPeer$HasApplicationTraffic
[INFO] Tests run: 2, Failures: 0, Errors: 0, Skipped: 0, Time elapsed: 0.002 s - in org.drasyl.remote.handler.InternetDiscoveryTest$TestPeer$HasApplicationTraffic
[INFO] Running org.drasyl.remote.handler.InternetDiscoveryTest$TestPeer$ApplicationTrafficOccurred
[INFO] Tests run: 1, Failures: 0, Errors: 0, Skipped: 0, Time elapsed: 0.017 s - in org.drasyl.remote.handler.LocalNetworkDiscoveryTest$InboundMessageHandling
[INFO] Running org.drasyl.remote.handler.LocalNetworkDiscoveryTest$ClearRoutes
[INFO] Tests run: 3, Failures: 0, Errors: 0, Skipped: 0, Time elapsed: 0.002 s - in org.drasyl.remote.handler.InternetDiscoveryTest$TestPeer$ApplicationTrafficOccurred
[INFO] Running org.drasyl.remote.handler.InternetDiscoveryTest$TestPeer$InboundPongOccurred
[INFO] Tests run: 3, Failures: 0, Errors: 0, Skipped: 0, Time elapsed: 0.002 s - in org.drasyl.remote.handler.LocalNetworkDiscoveryTest$ClearRoutes
[INFO] Tests run: 0, Failures: 0, Errors: 0, Skipped: 0, Time elapsed: 0.449 s - in org.drasyl.util.network.NetworkUtilTest$GetExternalIPv4Address
[INFO] Running org.drasyl.remote.handler.LocalNetworkDiscoveryTest$StopHeartbeat
[INFO] Tests run: 0, Failures: 0, Errors: 0, Skipped: 0, Time elapsed: 0.002 s - in org.drasyl.remote.handler.InternetDiscoveryTest$TestPeer$InboundPongOccurred
[INFO] Running org.drasyl.remote.handler.InternetDiscoveryTest$TestPeer$InboundControlTrafficOccurred
[INFO] Tests run: 0, Failures: 0, Errors: 0, Skipped: 0, Time elapsed: 1.973 s - in org.drasyl.util.network.NetworkUtilTest
[INFO] Tests run: 1, Failures: 0, Errors: 0, Skipped: 0, Time elapsed: 0.001 s - in org.drasyl.remote.handler.InternetDiscoveryTest$TestPeer$InboundControlTrafficOccurred
[INFO] Running org.drasyl.remote.handler.InternetDiscoveryTest$TestPeer$Getter
[INFO] Tests run: 1, Failures: 0, Errors: 0, Skipped: 0, Time elapsed: 0.001 s - in org.drasyl.remote.handler.InternetDiscoveryTest$TestPeer$Getter
[INFO] Tests run: 1, Failures: 0, Errors: 0, Skipped: 0, Time elapsed: 0.048 s - in org.drasyl.remote.handler.InternetDiscoveryTest$TestPeer
[INFO] Running org.drasyl.remote.handler.InternetDiscoveryTest$ApplicationTrafficRouting
[INFO] Running org.drasyl.remote.handler.InternetDiscoveryTest$ApplicationTrafficRouting$Outbound
[INFO] Tests run: 2, Failures: 0, Errors: 0, Skipped: 0, Time elapsed: 0.087 s - in org.drasyl.remote.handler.ChunkingHandlerTest$OnOutgoingMessage$FromMe
[INFO] Tests run: 0, Failures: 0, Errors: 0, Skipped: 0, Time elapsed: 0.426 s - in org.drasyl.pipeline.DrasylPipelineTest$MessagesBeforeUnwritable
[INFO] Running org.drasyl.pipeline.DrasylPipelineTest$IsWritable
[INFO] Tests run: 0, Failures: 0, Errors: 0, Skipped: 0, Time elapsed: 0.931 s - in org.drasyl.remote.handler.ChunkingHandlerTest$OnOutgoingMessage
[INFO] Running org.drasyl.remote.handler.ChunkingHandlerTest$OnInboundMessage
[INFO] Running org.drasyl.remote.handler.ChunkingHandlerTest$OnInboundMessage$WhenNotAddressedToMe
[INFO] Tests run: 2, Failures: 0, Errors: 0, Skipped: 0, Time elapsed: 0.005 s - in org.drasyl.pipeline.DrasylPipelineTest$IsWritable
[INFO] Running org.drasyl.pipeline.DrasylPipelineTest$ProcessOutboundMessage
[INFO] Tests run: 2, Failures: 0, Errors: 0, Skipped: 0, Time elapsed: 0.008 s - in org.drasyl.remote.handler.ChunkingHandlerTest$OnInboundMessage$WhenNotAddressedToMe
[INFO] Running org.drasyl.remote.handler.ChunkingHandlerTest$OnInboundMessage$WhenAddressedToMe
[INFO] Tests run: 3, Failures: 0, Errors: 0, Skipped: 0, Time elapsed: 0.448 s - in org.drasyl.remote.handler.tcp.TcpServerTest$StopServer
[INFO] Running org.drasyl.remote.handler.tcp.TcpServerTest$StartServer
[INFO] Tests run: 1, Failures: 0, Errors: 0, Skipped: 0, Time elapsed: 0.654 s - in org.drasyl.DrasylNodeTest$Shutdown
[INFO] Running org.drasyl.DrasylNodeTest$Start
[INFO] Tests run: 1, Failures: 0, Errors: 0, Skipped: 0, Time elapsed: 0.012 s - in org.drasyl.remote.handler.tcp.TcpServerTest$StartServer
[INFO] Tests run: 0, Failures: 0, Errors: 0, Skipped: 0, Time elapsed: 2.8 s - in org.drasyl.remote.handler.tcp.TcpServerTest
[INFO] Tests run: 2, Failures: 0, Errors: 0, Skipped: 0, Time elapsed: 0.527 s - in org.drasyl.behaviour.BehaviorTest$TestBehaviorBuilder$MessageAdapter
[INFO] Running org.drasyl.behaviour.BehaviorTest$TestBehaviorBuilder$OnAnyMessage
[INFO] Tests run: 2, Failures: 0, Errors: 0, Skipped: 0, Time elapsed: 0.002 s - in org.drasyl.behaviour.BehaviorTest$TestBehaviorBuilder$OnAnyMessage
[INFO] Running org.drasyl.behaviour.BehaviorTest$TestBehaviorBuilder$OnMessageEquals
[INFO] Tests run: 3, Failures: 0, Errors: 0, Skipped: 0, Time elapsed: 0.002 s - in org.drasyl.behaviour.BehaviorTest$TestBehaviorBuilder$OnMessageEquals
[INFO] Running org.drasyl.behaviour.BehaviorTest$TestBehaviorBuilder$OnMessage
[INFO] Tests run: 5, Failures: 0, Errors: 0, Skipped: 0, Time elapsed: 0.002 s - in org.drasyl.behaviour.BehaviorTest$TestBehaviorBuilder$OnMessage
[INFO] Running org.drasyl.behaviour.BehaviorTest$TestBehaviorBuilder$OnAnyEvent
[INFO] Tests run: 2, Failures: 0, Errors: 0, Skipped: 0, Time elapsed: 0.001 s - in org.drasyl.behaviour.BehaviorTest$TestBehaviorBuilder$OnAnyEvent
[INFO] Running org.drasyl.behaviour.BehaviorTest$TestBehaviorBuilder$OnEventEquals
[INFO] Tests run: 2, Failures: 0, Errors: 0, Skipped: 0, Time elapsed: 0.001 s - in org.drasyl.behaviour.BehaviorTest$TestBehaviorBuilder$OnEventEquals
[INFO] Running org.drasyl.behaviour.BehaviorTest$TestBehaviorBuilder$OnEvent
[INFO] Tests run: 4, Failures: 0, Errors: 0, Skipped: 0, Time elapsed: 0.001 s - in org.drasyl.behaviour.BehaviorTest$TestBehaviorBuilder$OnEvent
[INFO] Tests run: 0, Failures: 0, Errors: 0, Skipped: 0, Time elapsed: 0.546 s - in org.drasyl.behaviour.BehaviorTest$TestBehaviorBuilder
[INFO] Running org.drasyl.behaviour.BehaviorTest$Receive
[INFO] Tests run: 6, Failures: 0, Errors: 0, Skipped: 0, Time elapsed: 0.002 s - in org.drasyl.behaviour.BehaviorTest$Receive
[INFO] Tests run: 1, Failures: 0, Errors: 0, Skipped: 0, Time elapsed: 0.701 s - in org.drasyl.behaviour.BehaviorTest
[INFO] Running org.drasyl.pipeline.AbstractHandlerContextTest$DoneFutures
[INFO] Tests run: 5, Failures: 0, Errors: 0, Skipped: 0, Time elapsed: 0.003 s - in org.drasyl.pipeline.AbstractHandlerContextTest$DoneFutures
[INFO] Running org.drasyl.pipeline.AbstractHandlerContextTest$Skippable
[INFO] Tests run: 10, Failures: 0, Errors: 0, Skipped: 0, Time elapsed: 0.021 s - in org.drasyl.pipeline.AbstractHandlerContextTest$Skippable
[INFO] Tests run: 0, Failures: 0, Errors: 0, Skipped: 0, Time elapsed: 1.032 s - in org.drasyl.pipeline.AbstractHandlerContextTest
[INFO] Running org.drasyl.util.logging.JdkLoggerTest$Lazy
[INFO] Running org.drasyl.util.logging.JdkLoggerTest$Lazy$DynamicLevel
[INFO] Running org.drasyl.util.logging.JdkLoggerTest$Lazy$DynamicLevel$WhenDisabled
[INFO] Tests run: 5, Failures: 0, Errors: 0, Skipped: 0, Time elapsed: 0.005 s - in org.drasyl.util.logging.JdkLoggerTest$Lazy$DynamicLevel$WhenDisabled
[INFO] Running org.drasyl.util.logging.JdkLoggerTest$Lazy$DynamicLevel$WhenEnabled
[INFO] Tests run: 3, Failures: 0, Errors: 0, Skipped: 0, Time elapsed: 0.006 s - in org.drasyl.util.logging.JdkLoggerTest$Lazy$DynamicLevel$WhenEnabled
[INFO] Tests run: 0, Failures: 0, Errors: 0, Skipped: 0, Time elapsed: 0.013 s - in org.drasyl.util.logging.JdkLoggerTest$Lazy$DynamicLevel
[INFO] Running org.drasyl.util.logging.JdkLoggerTest$Lazy$Error
[INFO] Running org.drasyl.util.logging.JdkLoggerTest$Lazy$Error$WhenDisabled
[INFO] Tests run: 3, Failures: 0, Errors: 0, Skipped: 0, Time elapsed: 0.004 s - in org.drasyl.util.logging.JdkLoggerTest$Lazy$Error$WhenDisabled
[INFO] Running org.drasyl.util.logging.JdkLoggerTest$Lazy$Error$WhenEnabled
[INFO] Tests run: 3, Failures: 0, Errors: 0, Skipped: 0, Time elapsed: 0.005 s - in org.drasyl.util.logging.JdkLoggerTest$Lazy$Error$WhenEnabled
[INFO] Tests run: 0, Failures: 0, Errors: 0, Skipped: 0, Time elapsed: 0.011 s - in org.drasyl.util.logging.JdkLoggerTest$Lazy$Error
[INFO] Running org.drasyl.util.logging.JdkLoggerTest$Lazy$Warn
[INFO] Running org.drasyl.util.logging.JdkLoggerTest$Lazy$Warn$WhenDisabled
[INFO] Tests run: 3, Failures: 0, Errors: 0, Skipped: 0, Time elapsed: 0.005 s - in org.drasyl.util.logging.JdkLoggerTest$Lazy$Warn$WhenDisabled
[INFO] Running org.drasyl.util.logging.JdkLoggerTest$Lazy$Warn$WhenEnabled
[INFO] Tests run: 3, Failures: 0, Errors: 0, Skipped: 0, Time elapsed: 0.006 s - in org.drasyl.util.logging.JdkLoggerTest$Lazy$Warn$WhenEnabled
[INFO] Tests run: 0, Failures: 0, Errors: 0, Skipped: 0, Time elapsed: 0.013 s - in org.drasyl.util.logging.JdkLoggerTest$Lazy$Warn
[INFO] Running org.drasyl.util.logging.JdkLoggerTest$Lazy$Info
[INFO] Running org.drasyl.util.logging.JdkLoggerTest$Lazy$Info$WhenDisabled
[INFO] Tests run: 4, Failures: 0, Errors: 0, Skipped: 0, Time elapsed: 0.004 s - in org.drasyl.util.logging.JdkLoggerTest$Lazy$Info$WhenDisabled
[INFO] Running org.drasyl.util.logging.JdkLoggerTest$Lazy$Info$WhenEnabled
[INFO] Tests run: 5, Failures: 0, Errors: 0, Skipped: 0, Time elapsed: 0.006 s - in org.drasyl.util.logging.JdkLoggerTest$Lazy$Info$WhenEnabled
[INFO] Tests run: 0, Failures: 0, Errors: 0, Skipped: 0, Time elapsed: 0.012 s - in org.drasyl.util.logging.JdkLoggerTest$Lazy$Info
[INFO] Running org.drasyl.util.logging.JdkLoggerTest$Lazy$Debug
[INFO] Running org.drasyl.util.logging.JdkLoggerTest$Lazy$Debug$WhenDisabled
[INFO] Tests run: 4, Failures: 0, Errors: 0, Skipped: 0, Time elapsed: 0.005 s - in org.drasyl.util.logging.JdkLoggerTest$Lazy$Debug$WhenDisabled
[INFO] Running org.drasyl.util.logging.JdkLoggerTest$Lazy$Debug$WhenEnabled
2023-01-17T15:57:52,011Z [31mWARN [0;39m --- [-1-worker-49] [36morg.drasyl.DrasylNode                   [0;39m : Could not start drasyl node:
org.drasyl.DrasylException: error
	at org.drasyl.DrasylNodeTest$Start.shouldEmitNodeUnrecoverableErrorEventOnFailedStart(DrasylNodeTest.java:105)
	at java.base/jdk.internal.reflect.NativeMethodAccessorImpl.invoke0(Native Method)
	at java.base/jdk.internal.reflect.NativeMethodAccessorImpl.invoke(NativeMethodAccessorImpl.java:62)
	at java.base/jdk.internal.reflect.DelegatingMethodAccessorImpl.invoke(DelegatingMethodAccessorImpl.java:43)
	at java.base/java.lang.reflect.Method.invoke(Method.java:566)
	at org.junit.platform.commons.util.ReflectionUtils.invokeMethod(ReflectionUtils.java:688)
	at org.junit.jupiter.engine.execution.MethodInvocation.proceed(MethodInvocation.java:60)
	at org.junit.jupiter.engine.execution.InvocationInterceptorChain$ValidatingInvocation.proceed(InvocationInterceptorChain.java:131)
	at org.junit.jupiter.engine.extension.TimeoutExtension.intercept(TimeoutExtension.java:149)
	at org.junit.jupiter.engine.extension.TimeoutExtension.interceptTestableMethod(TimeoutExtension.java:140)
	at org.junit.jupiter.engine.extension.TimeoutExtension.interceptTestMethod(TimeoutExtension.java:84)
	at org.junit.jupiter.engine.execution.ExecutableInvoker$ReflectiveInterceptorCall.lambda$ofVoidMethod$0(ExecutableInvoker.java:115)
	at org.junit.jupiter.engine.execution.ExecutableInvoker.lambda$invoke$0(ExecutableInvoker.java:105)
	at org.junit.jupiter.engine.execution.InvocationInterceptorChain$InterceptedInvocation.proceed(InvocationInterceptorChain.java:106)
	at org.junit.jupiter.engine.execution.InvocationInterceptorChain.proceed(InvocationInterceptorChain.java:64)
	at org.junit.jupiter.engine.execution.InvocationInterceptorChain.chainAndInvoke(InvocationInterceptorChain.java:45)
	at org.junit.jupiter.engine.execution.InvocationInterceptorChain.invoke(InvocationInterceptorChain.java:37)
	at org.junit.jupiter.engine.execution.ExecutableInvoker.invoke(ExecutableInvoker.java:104)
	at org.junit.jupiter.engine.execution.ExecutableInvoker.invoke(ExecutableInvoker.java:98)
	at org.junit.jupiter.engine.descriptor.TestMethodTestDescriptor.lambda$invokeTestMethod$6(TestMethodTestDescriptor.java:210)
	at org.junit.platform.engine.support.hierarchical.ThrowableCollector.execute(ThrowableCollector.java:73)
	at org.junit.jupiter.engine.descriptor.TestMethodTestDescriptor.invokeTestMethod(TestMethodTestDescriptor.java:206)
	at org.junit.jupiter.engine.descriptor.TestMethodTestDescriptor.execute(TestMethodTestDescriptor.java:131)
	at org.junit.jupiter.engine.descriptor.TestMethodTestDescriptor.execute(TestMethodTestDescriptor.java:65)
	at org.junit.platform.engine.support.hierarchical.NodeTestTask.lambda$executeRecursively$5(NodeTestTask.java:139)
	at org.junit.platform.engine.support.hierarchical.ThrowableCollector.execute(ThrowableCollector.java:73)
	at org.junit.platform.engine.support.hierarchical.NodeTestTask.lambda$executeRecursively$7(NodeTestTask.java:129)
	at org.junit.platform.engine.support.hierarchical.Node.around(Node.java:137)
	at org.junit.platform.engine.support.hierarchical.NodeTestTask.lambda$executeRecursively$8(NodeTestTask.java:127)
	at org.junit.platform.engine.support.hierarchical.ThrowableCollector.execute(ThrowableCollector.java:73)
	at org.junit.platform.engine.support.hierarchical.NodeTestTask.executeRecursively(NodeTestTask.java:126)
	at org.junit.platform.engine.support.hierarchical.NodeTestTask.execute(NodeTestTask.java:84)
	at org.junit.platform.engine.support.hierarchical.ForkJoinPoolHierarchicalTestExecutorService$ExclusiveTask.compute(ForkJoinPoolHierarchicalTestExecutorService.java:185)
	at org.junit.platform.engine.support.hierarchical.ForkJoinPoolHierarchicalTestExecutorService.executeNonConcurrentTasks(ForkJoinPoolHierarchicalTestExecutorService.java:155)
	at org.junit.platform.engine.support.hierarchical.ForkJoinPoolHierarchicalTestExecutorService.invokeAll(ForkJoinPoolHierarchicalTestExecutorService.java:135)
	at org.junit.platform.engine.support.hierarchical.NodeTestTask.lambda$executeRecursively$5(NodeTestTask.java:143)
	at org.junit.platform.engine.support.hierarchical.ThrowableCollector.execute(ThrowableCollector.java:73)
	at org.junit.platform.engine.support.hierarchical.NodeTestTask.lambda$executeRecursively$7(NodeTestTask.java:129)
	at org.junit.platform.engine.support.hierarchical.Node.around(Node.java:137)
	at org.junit.platform.engine.support.hierarchical.NodeTestTask.lambda$executeRecursively$8(NodeTestTask.java:127)
	at org.junit.platform.engine.support.hierarchical.ThrowableCollector.execute(ThrowableCollector.java:73)
	at org.junit.platform.engine.support.hierarchical.NodeTestTask.executeRecursively(NodeTestTask.java:126)
	at org.junit.platform.engine.support.hierarchical.NodeTestTask.execute(NodeTestTask.java:84)
	at org.junit.platform.engine.support.hierarchical.ForkJoinPoolHierarchicalTestExecutorService$ExclusiveTask.compute(ForkJoinPoolHierarchicalTestExecutorService.java:185)
	at org.junit.platform.engine.support.hierarchical.ForkJoinPoolHierarchicalTestExecutorService.executeNonConcurrentTasks(ForkJoinPoolHierarchicalTestExecutorService.java:155)
	at org.junit.platform.engine.support.hierarchical.ForkJoinPoolHierarchicalTestExecutorService.invokeAll(ForkJoinPoolHierarchicalTestExecutorService.java:135)
	at org.junit.platform.engine.support.hierarchical.NodeTestTask.lambda$executeRecursively$5(NodeTestTask.java:143)
	at org.junit.platform.engine.support.hierarchical.ThrowableCollector.execute(ThrowableCollector.java:73)
	at org.junit.platform.engine.support.hierarchical.NodeTestTask.lambda$executeRecursively$7(NodeTestTask.java:129)
	at org.junit.platform.engine.support.hierarchical.Node.around(Node.java:137)
	at org.junit.platform.engine.support.hierarchical.NodeTestTask.lambda$executeRecursively$8(NodeTestTask.java:127)
	at org.junit.platform.engine.support.hierarchical.ThrowableCollector.execute(ThrowableCollector.java:73)
	at org.junit.platform.engine.support.hierarchical.NodeTestTask.executeRecursively(NodeTestTask.java:126)
	at org.junit.platform.engine.support.hierarchical.NodeTestTask.execute(NodeTestTask.java:84)
	at org.junit.platform.engine.support.hierarchical.ForkJoinPoolHierarchicalTestExecutorService$ExclusiveTask.compute(ForkJoinPoolHierarchicalTestExecutorService.java:185)
	at java.base/java.util.concurrent.RecursiveAction.exec(RecursiveAction.java:189)
	at java.base/java.util.concurrent.ForkJoinTask.doExec(ForkJoinTask.java:290)
	at java.base/java.util.concurrent.ForkJoinPool$WorkQueue.topLevelExec(ForkJoinPool.java:1020)
	at java.base/java.util.concurrent.ForkJoinPool.scan(ForkJoinPool.java:1656)
	at java.base/java.util.concurrent.ForkJoinPool.runWorker(ForkJoinPool.java:1594)
	at java.base/java.util.concurrent.ForkJoinWorkerThread.run(ForkJoinWorkerThread.java:183)
[INFO] Tests run: 5, Failures: 0, Errors: 0, Skipped: 0, Time elapsed: 0.764 s - in org.drasyl.pipeline.handler.MessagesThroughputHandlerTest
[INFO] Tests run: 5, Failures: 0, Errors: 0, Skipped: 0, Time elapsed: 0.014 s - in org.drasyl.util.logging.JdkLoggerTest$Lazy$Debug$WhenEnabled
[INFO] Tests run: 0, Failures: 0, Errors: 0, Skipped: 0, Time elapsed: 0.633 s - in org.drasyl.crypto.CryptoTest$Sign
[INFO] Running org.drasyl.crypto.CryptoTest$Decrypt
[INFO] Tests run: 0, Failures: 0, Errors: 0, Skipped: 0, Time elapsed: 0.024 s - in org.drasyl.util.logging.JdkLoggerTest$Lazy$Debug
[INFO] Running org.drasyl.util.logging.JdkLoggerTest$Lazy$Trace
[INFO] Running org.drasyl.util.logging.JdkLoggerTest$Lazy$Trace$WhenDisabled
[INFO] Tests run: 4, Failures: 0, Errors: 0, Skipped: 0, Time elapsed: 0.43 s - in org.drasyl.pipeline.DrasylPipelineTest$ProcessOutboundMessage
[INFO] Running org.drasyl.pipeline.DrasylPipelineTest$ProcessInboundEvent
[INFO] Tests run: 2, Failures: 0, Errors: 0, Skipped: 0, Time elapsed: 0.002 s - in org.drasyl.pipeline.DrasylPipelineTest$ProcessInboundEvent
[INFO] Tests run: 0, Failures: 0, Errors: 0, Skipped: 0, Time elapsed: 0.007 s - in org.drasyl.util.logging.JdkLoggerTest$Lazy$Trace$WhenDisabled
[INFO] Running org.drasyl.pipeline.DrasylPipelineTest$ProcessInboundMessage
[INFO] Running org.drasyl.util.logging.JdkLoggerTest$Lazy$Trace$WhenEnabled
[INFO] Tests run: 2, Failures: 0, Errors: 0, Skipped: 0, Time elapsed: 0.002 s - in org.drasyl.pipeline.DrasylPipelineTest$ProcessInboundMessage
[INFO] Running org.drasyl.pipeline.DrasylPipelineTest$Context
[INFO] Tests run: 2, Failures: 0, Errors: 0, Skipped: 0, Time elapsed: 0.001 s - in org.drasyl.pipeline.DrasylPipelineTest$Context
[INFO] Running org.drasyl.pipeline.DrasylPipelineTest$Get
[INFO] Tests run: 2, Failures: 0, Errors: 0, Skipped: 0, Time elapsed: 0.006 s - in org.drasyl.util.logging.JdkLoggerTest$Lazy$Trace$WhenEnabled
[INFO] Tests run: 0, Failures: 0, Errors: 0, Skipped: 0, Time elapsed: 0.002 s - in org.drasyl.pipeline.DrasylPipelineTest$Get
[INFO] Tests run: 0, Failures: 0, Errors: 0, Skipped: 0, Time elapsed: 0.018 s - in org.drasyl.util.logging.JdkLoggerTest$Lazy$Trace
[INFO] Running org.drasyl.pipeline.DrasylPipelineTest$Replace
[INFO] Tests run: 0, Failures: 0, Errors: 0, Skipped: 0, Time elapsed: 0.103 s - in org.drasyl.util.logging.JdkLoggerTest$Lazy
[INFO] Running org.drasyl.util.logging.JdkLoggerTest$Eager
[INFO] Running org.drasyl.util.logging.JdkLoggerTest$Eager$DynamicLevel
[INFO] Tests run: 3, Failures: 0, Errors: 0, Skipped: 0, Time elapsed: 0.004 s - in org.drasyl.pipeline.DrasylPipelineTest$Replace
[INFO] Running org.drasyl.pipeline.DrasylPipelineTest$Remove
[INFO] Tests run: 2, Failures: 0, Errors: 0, Skipped: 0, Time elapsed: 0.473 s - in org.drasyl.remote.handler.LocalNetworkDiscoveryTest$StopHeartbeat
[INFO] Running org.drasyl.remote.handler.LocalNetworkDiscoveryTest$DoHeartbeat
[INFO] Tests run: 2, Failures: 0, Errors: 0, Skipped: 0, Time elapsed: 0.004 s - in org.drasyl.pipeline.DrasylPipelineTest$Remove
[INFO] Running org.drasyl.pipeline.DrasylPipelineTest$AddAfter
[INFO] Tests run: 4, Failures: 0, Errors: 0, Skipped: 0, Time elapsed: 0.541 s - in org.drasyl.intravm.IntraVmDiscoveryTest$StopDiscovery
[INFO] Running org.drasyl.intravm.IntraVmDiscoveryTest$StartDiscovery
[INFO] Tests run: 2, Failures: 0, Errors: 0, Skipped: 0, Time elapsed: 0.006 s - in org.drasyl.remote.handler.LocalNetworkDiscoveryTest$DoHeartbeat
[INFO] Running org.drasyl.remote.handler.LocalNetworkDiscoveryTest$StartHeartbeat
[INFO] Tests run: 1, Failures: 0, Errors: 0, Skipped: 0, Time elapsed: 0.537 s - in org.drasyl.remote.handler.UdpMulticastServerTest$StopServer
[INFO] Tests run: 0, Failures: 0, Errors: 0, Skipped: 0, Time elapsed: 0.003 s - in org.drasyl.pipeline.DrasylPipelineTest$AddAfter
[INFO] Running org.drasyl.remote.handler.UdpMulticastServerTest$StartServer
[INFO] Running org.drasyl.pipeline.DrasylPipelineTest$AddBefore
[INFO] Tests run: 3, Failures: 0, Errors: 0, Skipped: 0, Time elapsed: 0.002 s - in org.drasyl.remote.handler.LocalNetworkDiscoveryTest$StartHeartbeat
[INFO] Running org.drasyl.remote.handler.LocalNetworkDiscoveryTest$EventHandling
[INFO] Tests run: 1, Failures: 0, Errors: 0, Skipped: 0, Time elapsed: 0.517 s - in org.drasyl.remote.handler.tcp.TcpClientTest$StopServer
[INFO] Tests run: 4, Failures: 0, Errors: 0, Skipped: 0, Time elapsed: 2.79 s - in org.drasyl.remote.handler.tcp.TcpClientTest
[INFO] Tests run: 0, Failures: 0, Errors: 0, Skipped: 0, Time elapsed: 0.004 s - in org.drasyl.pipeline.DrasylPipelineTest$AddBefore
[INFO] Running org.drasyl.pipeline.DrasylPipelineTest$AddLast
[INFO] Tests run: 0, Failures: 0, Errors: 0, Skipped: 0, Time elapsed: 0.541 s - in org.drasyl.remote.handler.UdpServerTest$StopServer
[INFO] Tests run: 0, Failures: 0, Errors: 0, Skipped: 0, Time elapsed: 0.005 s - in org.drasyl.intravm.IntraVmDiscoveryTest$StartDiscovery
[INFO] Running org.drasyl.remote.handler.UdpServerTest$StartServer
[INFO] Tests run: 0, Failures: 0, Errors: 0, Skipped: 0, Time elapsed: 3.896 s - in org.drasyl.intravm.IntraVmDiscoveryTest
[INFO] Tests run: 0, Failures: 0, Errors: 0, Skipped: 0, Time elapsed: 0.021 s - in org.drasyl.util.logging.JdkLoggerTest$Eager$DynamicLevel
[INFO] Running org.drasyl.util.logging.JdkLoggerTest$Eager$Error
[INFO] Tests run: 1, Failures: 0, Errors: 0, Skipped: 0, Time elapsed: 0.009 s - in org.drasyl.pipeline.DrasylPipelineTest$AddLast
[INFO] Running org.drasyl.pipeline.DrasylPipelineTest$AddFirst
[INFO] Tests run: 3, Failures: 0, Errors: 0, Skipped: 0, Time elapsed: 0.003 s - in org.drasyl.pipeline.DrasylPipelineTest$AddFirst
[INFO] Running org.drasyl.pipeline.DrasylPipelineTest$Constructor
[INFO] Tests run: 4, Failures: 0, Errors: 0, Skipped: 0, Time elapsed: 0.014 s - in org.drasyl.util.logging.JdkLoggerTest$Eager$Error
[INFO] Running org.drasyl.util.logging.JdkLoggerTest$Eager$Warn
[INFO] Tests run: 5, Failures: 0, Errors: 0, Skipped: 0, Time elapsed: 0.079 s - in org.drasyl.remote.handler.UdpMulticastServerTest$StartServer
[INFO] Tests run: 0, Failures: 0, Errors: 0, Skipped: 0, Time elapsed: 0.911 s - in org.drasyl.pipeline.handler.OutboundMessagesThrottlingHandlerTest
[INFO] Tests run: 0, Failures: 0, Errors: 0, Skipped: 0, Time elapsed: 3.136 s - in org.drasyl.remote.handler.UdpMulticastServerTest
[INFO] Running org.drasyl.remote.handler.UdpServerTest$StartServer$DetermineActualEndpoints
[INFO] Tests run: 4, Failures: 0, Errors: 0, Skipped: 0, Time elapsed: 0.615 s - in org.drasyl.remote.handler.portmapper.PortMapperTest$EventHandling
[INFO] Tests run: 0, Failures: 0, Errors: 0, Skipped: 0, Time elapsed: 2.838 s - in org.drasyl.remote.handler.portmapper.PortMapperTest
[INFO] Tests run: 4, Failures: 0, Errors: 0, Skipped: 0, Time elapsed: 0.092 s - in org.drasyl.remote.handler.LocalNetworkDiscoveryTest$EventHandling
[INFO] Tests run: 1, Failures: 0, Errors: 0, Skipped: 0, Time elapsed: 3.978 s - in org.drasyl.remote.handler.LocalNetworkDiscoveryTest
[INFO] Tests run: 1, Failures: 0, Errors: 0, Skipped: 0, Time elapsed: 0.012 s - in org.drasyl.remote.handler.UdpServerTest$StartServer$DetermineActualEndpoints
[INFO] Tests run: 1, Failures: 0, Errors: 0, Skipped: 0, Time elapsed: 0.093 s - in org.drasyl.remote.handler.UdpServerTest$StartServer
[INFO] Tests run: 1, Failures: 0, Errors: 0, Skipped: 0, Time elapsed: 0.654 s - in org.drasyl.localhost.LocalHostDiscoveryTest$StopDiscovery
[INFO] Running org.drasyl.localhost.LocalHostDiscoveryTest$StartDiscovery
[INFO] Tests run: 1, Failures: 0, Errors: 0, Skipped: 0, Time elapsed: 3.984 s - in org.drasyl.remote.handler.UdpServerTest
[INFO] Tests run: 1, Failures: 0, Errors: 0, Skipped: 0, Time elapsed: 0.076 s - in org.drasyl.util.logging.JdkLoggerTest$Eager$Warn
[INFO] Running org.drasyl.util.logging.JdkLoggerTest$Eager$Info
[INFO] Running org.drasyl.remote.handler.portmapper.UpnpIgdPortMappingTest$Start$OnDiscoveryTimeout$WhenMappingFailed
[INFO] Tests run: 10, Failures: 0, Errors: 0, Skipped: 0, Time elapsed: 0.013 s - in org.drasyl.util.logging.JdkLoggerTest$Eager$Info
[INFO] Running org.drasyl.util.logging.JdkLoggerTest$Eager$Debug
[INFO] Tests run: 7, Failures: 0, Errors: 0, Skipped: 0, Time elapsed: 0.018 s - in org.drasyl.remote.handler.portmapper.UpnpIgdPortMappingTest$Start$OnDiscoveryTimeout$WhenMappingFailed
[INFO] Tests run: 2, Failures: 0, Errors: 0, Skipped: 0, Time elapsed: 1.428 s - in org.drasyl.remote.handler.portmapper.UpnpIgdPortMappingTest$Start$OnDiscoveryTimeout
[INFO] Tests run: 1, Failures: 0, Errors: 0, Skipped: 0, Time elapsed: 0.01 s - in org.drasyl.util.logging.JdkLoggerTest$Eager$Debug
[INFO] Tests run: 0, Failures: 0, Errors: 0, Skipped: 0, Time elapsed: 1.615 s - in org.drasyl.remote.handler.portmapper.UpnpIgdPortMappingTest$Start
[INFO] Running org.drasyl.util.logging.JdkLoggerTest$Eager$Trace
[INFO] Tests run: 0, Failures: 0, Errors: 0, Skipped: 0, Time elapsed: 3.023 s - in org.drasyl.remote.handler.portmapper.UpnpIgdPortMappingTest
[INFO] Tests run: 8, Failures: 0, Errors: 0, Skipped: 0, Time elapsed: 0.01 s - in org.drasyl.util.logging.JdkLoggerTest$Eager$Trace
[INFO] Tests run: 0, Failures: 0, Errors: 0, Skipped: 0, Time elapsed: 0.159 s - in org.drasyl.util.logging.JdkLoggerTest$Eager
[INFO] Tests run: 2, Failures: 0, Errors: 0, Skipped: 0, Time elapsed: 1.219 s - in org.drasyl.util.logging.JdkLoggerTest
[INFO] Tests run: 1, Failures: 0, Errors: 0, Skipped: 0, Time elapsed: 3.173 s - in org.drasyl.monitoring.MonitoringTest$MessagePassing
[INFO] Running org.drasyl.monitoring.MonitoringTest$StopDiscovery
[INFO] Tests run: 2, Failures: 0, Errors: 0, Skipped: 0, Time elapsed: 3.416 s - in org.drasyl.remote.handler.RemoteMessageToByteBufCodecTest$Encode
[INFO] Running org.drasyl.remote.handler.RemoteMessageToByteBufCodecTest$Decode
[INFO] Tests run: 1, Failures: 0, Errors: 0, Skipped: 0, Time elapsed: 4.042 s - in org.drasyl.remote.handler.StaticRoutesHandlerTest
[INFO] Tests run: 5, Failures: 0, Errors: 0, Skipped: 0, Time elapsed: 4.033 s - in org.drasyl.pipeline.skeleton.SimpleDuplexHandlerTest$InboundTest
[INFO] Tests run: 0, Failures: 0, Errors: 0, Skipped: 0, Time elapsed: 0.006 s - in org.drasyl.remote.handler.RemoteMessageToByteBufCodecTest$Decode
[INFO] Running org.drasyl.pipeline.skeleton.SimpleDuplexHandlerTest$OutboundTest
[INFO] Tests run: 1, Failures: 0, Errors: 0, Skipped: 0, Time elapsed: 3.426 s - in org.drasyl.remote.handler.RemoteMessageToByteBufCodecTest
[INFO] Tests run: 2, Failures: 0, Errors: 0, Skipped: 0, Time elapsed: 0.01 s - in org.drasyl.monitoring.MonitoringTest$StopDiscovery
[INFO] Running org.drasyl.monitoring.MonitoringTest$StartMonitoring
[INFO] Tests run: 1, Failures: 0, Errors: 0, Skipped: 0, Time elapsed: 0.205 s - in org.drasyl.crypto.CryptoTest$Decrypt
[INFO] Running org.drasyl.crypto.CryptoTest$Encrypt
[INFO] Tests run: 4, Failures: 0, Errors: 0, Skipped: 0, Time elapsed: 0.004 s - in org.drasyl.monitoring.MonitoringTest$StartMonitoring
[INFO] Tests run: 0, Failures: 0, Errors: 0, Skipped: 0, Time elapsed: 0.003 s - in org.drasyl.crypto.CryptoTest$Encrypt
[INFO] Running org.drasyl.crypto.CryptoTest$SessionPairTest
[INFO] Tests run: 0, Failures: 0, Errors: 0, Skipped: 0, Time elapsed: 3.194 s - in org.drasyl.monitoring.MonitoringTest
[INFO] Tests run: 1, Failures: 0, Errors: 0, Skipped: 0, Time elapsed: 0.646 s - in org.drasyl.remote.handler.InternetDiscoveryTest$ApplicationTrafficRouting$Outbound
[INFO] Running org.drasyl.remote.handler.InternetDiscoveryTest$ApplicationTrafficRouting$Inbound
[INFO] Tests run: 3, Failures: 0, Errors: 0, Skipped: 0, Time elapsed: 0.026 s - in org.drasyl.pipeline.skeleton.SimpleDuplexHandlerTest$OutboundTest
[INFO] Tests run: 0, Failures: 0, Errors: 0, Skipped: 0, Time elapsed: 4.073 s - in org.drasyl.pipeline.skeleton.SimpleDuplexHandlerTest
[INFO] Tests run: 5, Failures: 0, Errors: 0, Skipped: 0, Time elapsed: 0.04 s - in org.drasyl.crypto.CryptoTest$SessionPairTest
[INFO] Running org.drasyl.crypto.CryptoTest$EphemeralKeyPair
[INFO] Tests run: 2, Failures: 0, Errors: 0, Skipped: 0, Time elapsed: 0.185 s - in org.drasyl.crypto.CryptoTest$EphemeralKeyPair
[INFO] Running org.drasyl.crypto.CryptoTest$LongTimeKeyPair
[INFO] Tests run: 6, Failures: 0, Errors: 0, Skipped: 0, Time elapsed: 0.006 s - in org.drasyl.crypto.CryptoTest$LongTimeKeyPair
[INFO] Tests run: 0, Failures: 0, Errors: 0, Skipped: 0, Time elapsed: 1.128 s - in org.drasyl.crypto.CryptoTest
[INFO] Tests run: 1, Failures: 0, Errors: 0, Skipped: 0, Time elapsed: 0.624 s - in org.drasyl.DrasylNodeTest$Start
[INFO] Tests run: 0, Failures: 0, Errors: 0, Skipped: 0, Time elapsed: 3.598 s - in org.drasyl.DrasylNodeTest
[INFO] Tests run: 3, Failures: 0, Errors: 0, Skipped: 0, Time elapsed: 0.416 s - in org.drasyl.pipeline.DrasylPipelineTest$Constructor
[INFO] Tests run: 0, Failures: 0, Errors: 0, Skipped: 0, Time elapsed: 1.339 s - in org.drasyl.pipeline.DrasylPipelineTest
[INFO] Tests run: 8, Failures: 0, Errors: 0, Skipped: 0, Time elapsed: 0.367 s - in org.drasyl.localhost.LocalHostDiscoveryTest$StartDiscovery
[INFO] Tests run: 0, Failures: 0, Errors: 0, Skipped: 0, Time elapsed: 2.254 s - in org.drasyl.localhost.LocalHostDiscoveryTest
2023-01-17T15:57:52,533Z [31mWARN [0;39m --- [Pipeline-L-0] [36mo.d.p.serialization.MessageSerializer   [0;39m : No serializer was found for type `org.mockito.codegen.Object$MockitoMock$234812765`. You can find more information regarding this here: https://docs.drasyl.org/configuration/serialization/
[INFO] Tests run: 3, Failures: 0, Errors: 0, Skipped: 0, Time elapsed: 1.521 s - in org.drasyl.remote.handler.crypto.ArmHandlerTest$Decryption
[INFO] Running org.drasyl.remote.handler.crypto.ArmHandlerTest$Renew
2023-01-17T15:57:52,627Z [31mWARN [0;39m --- [Pipeline-H-0] [36mo.d.util.scheduler.DrasylSchedulerUtil  [0;39m : Exception occurred:
java.lang.NullPointerException: null
	at io.netty.buffer.Unpooled.wrappedBuffer(Unpooled.java:156)
	at org.drasyl.remote.protocol.ArmedMessage.of(ArmedMessage.java:262)
	at org.drasyl.remote.protocol.UnarmedMessage.arm(UnarmedMessage.java:256)
	at org.drasyl.remote.protocol.AbstractFullReadMessage.arm(AbstractFullReadMessage.java:48)
	at org.drasyl.remote.protocol.KeyExchangeMessage.arm(KeyExchangeMessage.java:40)
	at org.drasyl.remote.handler.crypto.ArmHandlerUtil.sendEncrypted(ArmHandlerUtil.java:74)
	at org.drasyl.remote.handler.crypto.ArmHandlerUtil.sendKeyExchangeMsg(ArmHandlerUtil.java:165)
	at org.drasyl.remote.handler.crypto.ArmHandler.checkForRenewAgreement(ArmHandler.java:385)
	at org.drasyl.remote.handler.crypto.ArmHandler.lambda$filteredOutbound$1(ArmHandler.java:121)
	at io.reactivex.rxjava3.internal.schedulers.ScheduledDirectTask.call(ScheduledDirectTask.java:38)
	at io.reactivex.rxjava3.internal.schedulers.ScheduledDirectTask.call(ScheduledDirectTask.java:25)
	at java.base/java.util.concurrent.FutureTask.run(FutureTask.java:264)
	at java.base/java.util.concurrent.ThreadPoolExecutor.runWorker(ThreadPoolExecutor.java:1128)
	at java.base/java.util.concurrent.ThreadPoolExecutor$Worker.run(ThreadPoolExecutor.java:628)
	at java.base/java.lang.Thread.run(Thread.java:829)
[INFO] Tests run: 4, Failures: 0, Errors: 0, Skipped: 0, Time elapsed: 0.05 s - in org.drasyl.remote.handler.crypto.ArmHandlerTest$Renew
[INFO] Running org.drasyl.remote.handler.crypto.ArmHandlerTest$KeyExchange
[INFO] Tests run: 9, Failures: 0, Errors: 0, Skipped: 0, Time elapsed: 1.017 s - in org.drasyl.remote.handler.InternetDiscoveryTest$ApplicationTrafficRouting$Inbound
[INFO] Tests run: 0, Failures: 0, Errors: 0, Skipped: 0, Time elapsed: 1.664 s - in org.drasyl.remote.handler.InternetDiscoveryTest$ApplicationTrafficRouting
[INFO] Running org.drasyl.remote.handler.InternetDiscoveryTest$Uniting
[INFO] Tests run: 2, Failures: 0, Errors: 0, Skipped: 0, Time elapsed: 0.063 s - in org.drasyl.remote.handler.InternetDiscoveryTest$Uniting
[INFO] Running org.drasyl.remote.handler.InternetDiscoveryTest$DoHeartbeat
[INFO] Tests run: 12, Failures: 0, Errors: 0, Skipped: 0, Time elapsed: 0.087 s - in org.drasyl.remote.handler.InternetDiscoveryTest$DoHeartbeat
[INFO] Tests run: 0, Failures: 0, Errors: 0, Skipped: 0, Time elapsed: 5.224 s - in org.drasyl.remote.handler.InternetDiscoveryTest
[INFO] Tests run: 1, Failures: 0, Errors: 0, Skipped: 0, Time elapsed: 4.469 s - in org.drasyl.pipeline.serialization.MessageSerializerTest$OnOutboundMessage
[INFO] Running org.drasyl.pipeline.serialization.MessageSerializerTest$OnInboundMessage
2023-01-17T15:57:53,549Z [31mWARN [0;39m --- [Pipeline-L-0] [36mo.d.p.serialization.MessageSerializer   [0;39m : No serializer was found for type `java.lang.String`. You can find more information regarding this here: https://docs.drasyl.org/configuration/serialization/
[INFO] Tests run: 3, Failures: 0, Errors: 0, Skipped: 0, Time elapsed: 2.067 s - in org.drasyl.remote.handler.ChunkingHandlerTest$OnInboundMessage$WhenAddressedToMe
[INFO] Tests run: 0, Failures: 0, Errors: 0, Skipped: 0, Time elapsed: 2.079 s - in org.drasyl.remote.handler.ChunkingHandlerTest$OnInboundMessage
[INFO] Tests run: 0, Failures: 0, Errors: 0, Skipped: 0, Time elapsed: 3.013 s - in org.drasyl.remote.handler.ChunkingHandlerTest
[INFO] Tests run: 3, Failures: 0, Errors: 0, Skipped: 0, Time elapsed: 2.027 s - in org.drasyl.pipeline.serialization.MessageSerializerTest$OnInboundMessage
[INFO] Tests run: 0, Failures: 0, Errors: 0, Skipped: 0, Time elapsed: 6.498 s - in org.drasyl.pipeline.serialization.MessageSerializerTest
[INFO] Tests run: 4, Failures: 0, Errors: 0, Skipped: 0, Time elapsed: 5.051 s - in org.drasyl.pipeline.skeleton.SimpleDuplexRemoteMessageSkipLoopbackHandlerTest$Outbound
[INFO] Tests run: 0, Failures: 0, Errors: 0, Skipped: 0, Time elapsed: 8.095 s - in org.drasyl.pipeline.skeleton.SimpleDuplexRemoteMessageSkipLoopbackHandlerTest
[INFO] Tests run: 4, Failures: 0, Errors: 0, Skipped: 0, Time elapsed: 5.107 s - in org.drasyl.remote.handler.crypto.ArmHandlerTest$KeyExchange
[INFO] Running org.drasyl.remote.handler.crypto.ArmHandlerTest$Encryption
[INFO] Tests run: 5, Failures: 0, Errors: 0, Skipped: 0, Time elapsed: 0.078 s - in org.drasyl.remote.handler.crypto.ArmHandlerTest$Encryption
[INFO] Tests run: 0, Failures: 0, Errors: 0, Skipped: 0, Time elapsed: 6.761 s - in org.drasyl.remote.handler.crypto.ArmHandlerTest
[INFO] 
[INFO] Results:
[INFO] 
[WARNING] Tests run: 1114, Failures: 0, Errors: 0, Skipped: 5
[INFO] 
[INFO] 
[INFO] ---------------< org.drasyl:drasyl-plugin-groups-client >---------------
[INFO] Building drasyl: General-Purpose Overlay Network Framework - Groups Membership Client Plugin Package 0.6.0-SNAPSHOT [3/9]
[INFO] --------------------------------[ jar ]---------------------------------
[INFO] 
[INFO] --- maven-clean-plugin:2.5:clean (default-clean) @ drasyl-plugin-groups-client ---
[INFO] Deleting /home/gabsko/breaking-updates/drasyl-plugin-groups-client/target
[INFO] 
[INFO] --- jacoco-maven-plugin:0.8.7:prepare-agent (default) @ drasyl-plugin-groups-client ---
[INFO] surefireArgLine set to -javaagent:/home/gabsko/.m2/repository/org/jacoco/org.jacoco.agent/0.8.7/org.jacoco.agent-0.8.7-runtime.jar=destfile=/home/gabsko/breaking-updates/drasyl-plugin-groups-client/target/jacoco.exec
[INFO] 
[INFO] --- maven-resources-plugin:2.6:resources (default-resources) @ drasyl-plugin-groups-client ---
[INFO] Using 'UTF-8' encoding to copy filtered resources.
[INFO] Copying 1 resource
[INFO] 
[INFO] --- maven-compiler-plugin:3.8.1:compile (default-compile) @ drasyl-plugin-groups-client ---
[INFO] Changes detected - recompiling the module!
[INFO] Compiling 26 source files to /home/gabsko/breaking-updates/drasyl-plugin-groups-client/target/classes
[INFO] 
[INFO] --- maven-resources-plugin:2.6:testResources (default-testResources) @ drasyl-plugin-groups-client ---
[INFO] Using 'UTF-8' encoding to copy filtered resources.
[INFO] skip non existing resourceDirectory /home/gabsko/breaking-updates/drasyl-plugin-groups-client/src/test/resources
[INFO] 
[INFO] --- maven-compiler-plugin:3.8.1:testCompile (default-testCompile) @ drasyl-plugin-groups-client ---
[INFO] Changes detected - recompiling the module!
[INFO] Compiling 16 source files to /home/gabsko/breaking-updates/drasyl-plugin-groups-client/target/test-classes
[INFO] 
[INFO] --- maven-surefire-plugin:3.0.0-M5:test (default-test) @ drasyl-plugin-groups-client ---
[INFO] 
[INFO] -------------------------------------------------------
[INFO]  T E S T S
[INFO] -------------------------------------------------------
[ERROR] Jan 17, 2023 3:57:59 PM org.junit.platform.launcher.core.LauncherConfigurationParameters loadClasspathResource
[ERROR] INFO: Loading JUnit Platform configuration parameters from classpath resource [file:/home/gabsko/breaking-updates/drasyl-core/target/test-classes/junit-platform.properties].
[INFO] Running org.drasyl.plugin.groups.client.message.GroupJoinFailedMessageTest
[INFO] Running org.drasyl.plugin.groups.client.event.GroupMemberLeftEventTest
[INFO] Running org.drasyl.plugin.groups.client.message.GroupJoinMessageTest
[INFO] Running org.drasyl.plugin.groups.client.event.GroupTest
[INFO] Running org.drasyl.plugin.groups.client.message.MemberLeftMessageTest
[INFO] Running org.drasyl.plugin.groups.client.event.GroupLeftEventTest
[INFO] Running org.drasyl.plugin.groups.client.event.GroupJoinFailedEventTest
[INFO] Running org.drasyl.plugin.groups.client.GroupsClientHandlerTest
[INFO] Running org.drasyl.plugin.groups.client.message.GroupLeaveMessageTest
[INFO] Running org.drasyl.plugin.groups.client.event.GroupMemberJoinedEventTest
[INFO] Running org.drasyl.plugin.groups.client.GroupsClientConfigTest
[INFO] Running org.drasyl.plugin.groups.client.event.GroupJoinedEventTest
[INFO] Running org.drasyl.plugin.groups.client.GroupUriTest
[INFO] Running org.drasyl.plugin.groups.client.message.GroupWelcomeMessageTest
[INFO] Running org.drasyl.plugin.groups.client.message.MemberJoinedMessageTest
[INFO] Running org.drasyl.plugin.groups.client.GroupsClientPluginTest
[INFO] Running org.drasyl.plugin.groups.client.event.GroupMemberLeftEventTest$HashCode
[INFO] Running org.drasyl.plugin.groups.client.event.GroupMemberJoinedEventTest$HashCode
[INFO] Running org.drasyl.plugin.groups.client.message.GroupJoinMessageTest$HashCode
[INFO] Running org.drasyl.plugin.groups.client.message.GroupWelcomeMessageTest$HashCode
[INFO] Running org.drasyl.plugin.groups.client.message.MemberLeftMessageTest$HashCode
[INFO] Running org.drasyl.plugin.groups.client.event.GroupTest$HashCode
[INFO] Running org.drasyl.plugin.groups.client.message.MemberJoinedMessageTest$HashCode
[INFO] Running org.drasyl.plugin.groups.client.GroupUriTest$HashCode
[INFO] Running org.drasyl.plugin.groups.client.message.GroupJoinFailedMessageTest$HashCode
[INFO] Running org.drasyl.plugin.groups.client.message.GroupLeaveMessageTest$HashCode
[INFO] Running org.drasyl.plugin.groups.client.event.GroupJoinedEventTest$HashCode
[INFO] Running org.drasyl.plugin.groups.client.event.GroupLeftEventTest$HashCode
[INFO] Running org.drasyl.plugin.groups.client.GroupsClientConfigTest$HashCode
[INFO] Running org.drasyl.plugin.groups.client.event.GroupJoinFailedEventTest$HashCode
[INFO] Running org.drasyl.plugin.groups.client.GroupsClientHandlerTest$Read
SLF4J: Failed to load class "org.slf4j.impl.StaticLoggerBinder".
SLF4J: Defaulting to no-operation (NOP) logger implementation
SLF4J: See http://www.slf4j.org/codes.html#StaticLoggerBinder for further details.
[INFO] Tests run: 8, Failures: 0, Errors: 0, Skipped: 0, Time elapsed: 0.424 s - in org.drasyl.plugin.groups.client.message.GroupLeaveMessageTest$HashCode
[INFO] Running org.drasyl.plugin.groups.client.message.GroupLeaveMessageTest$Equals
[INFO] Tests run: 0, Failures: 0, Errors: 0, Skipped: 0, Time elapsed: 0.426 s - in org.drasyl.plugin.groups.client.message.GroupWelcomeMessageTest$HashCode
[INFO] Running org.drasyl.plugin.groups.client.message.GroupWelcomeMessageTest$Equals
[INFO] Tests run: 0, Failures: 0, Errors: 0, Skipped: 0, Time elapsed: 0.424 s - in org.drasyl.plugin.groups.client.event.GroupTest$HashCode
[INFO] Tests run: 0, Failures: 0, Errors: 0, Skipped: 0, Time elapsed: 0.424 s - in org.drasyl.plugin.groups.client.message.GroupJoinFailedMessageTest$HashCode
[INFO] Running org.drasyl.plugin.groups.client.event.GroupTest$Equals
[INFO] Running org.drasyl.plugin.groups.client.message.GroupJoinFailedMessageTest$Equals
[INFO] Tests run: 8, Failures: 0, Errors: 0, Skipped: 0, Time elapsed: 0.004 s - in org.drasyl.plugin.groups.client.message.GroupWelcomeMessageTest$Equals
[INFO] Running org.drasyl.plugin.groups.client.message.GroupWelcomeMessageTest$Constructor
[INFO] Tests run: 3, Failures: 0, Errors: 0, Skipped: 0, Time elapsed: 0.004 s - in org.drasyl.plugin.groups.client.event.GroupTest$Equals
[INFO] Running org.drasyl.plugin.groups.client.event.GroupTest$Getters
[INFO] Tests run: 0, Failures: 0, Errors: 0, Skipped: 0, Time elapsed: 0.005 s - in org.drasyl.plugin.groups.client.message.GroupJoinFailedMessageTest$Equals
[INFO] Tests run: 0, Failures: 0, Errors: 0, Skipped: 0, Time elapsed: 0.007 s - in org.drasyl.plugin.groups.client.message.GroupLeaveMessageTest$Equals
[INFO] Running org.drasyl.plugin.groups.client.message.GroupJoinFailedMessageTest$Constructor
[INFO] Running org.drasyl.plugin.groups.client.message.GroupLeaveMessageTest$Constructor
[INFO] Tests run: 1, Failures: 0, Errors: 0, Skipped: 0, Time elapsed: 0.005 s - in org.drasyl.plugin.groups.client.message.GroupWelcomeMessageTest$Constructor
[INFO] Tests run: 1, Failures: 0, Errors: 0, Skipped: 0, Time elapsed: 0.001 s - in org.drasyl.plugin.groups.client.event.GroupTest$Getters
[INFO] Tests run: 2, Failures: 0, Errors: 0, Skipped: 0, Time elapsed: 0.469 s - in org.drasyl.plugin.groups.client.message.GroupWelcomeMessageTest
[INFO] Tests run: 0, Failures: 0, Errors: 0, Skipped: 0, Time elapsed: 0.47 s - in org.drasyl.plugin.groups.client.event.GroupTest
[INFO] Tests run: 3, Failures: 0, Errors: 0, Skipped: 0, Time elapsed: 0.004 s - in org.drasyl.plugin.groups.client.message.GroupLeaveMessageTest$Constructor
[INFO] Tests run: 0, Failures: 0, Errors: 0, Skipped: 0, Time elapsed: 0.004 s - in org.drasyl.plugin.groups.client.message.GroupJoinFailedMessageTest$Constructor
[INFO] Tests run: 0, Failures: 0, Errors: 0, Skipped: 0, Time elapsed: 0.474 s - in org.drasyl.plugin.groups.client.message.GroupLeaveMessageTest
[INFO] Tests run: 0, Failures: 0, Errors: 0, Skipped: 0, Time elapsed: 0.476 s - in org.drasyl.plugin.groups.client.message.GroupJoinFailedMessageTest
[INFO] Tests run: 2, Failures: 0, Errors: 0, Skipped: 0, Time elapsed: 0.588 s - in org.drasyl.plugin.groups.client.GroupUriTest$HashCode
[INFO] Running org.drasyl.plugin.groups.client.GroupUriTest$Equals
[INFO] Tests run: 2, Failures: 0, Errors: 0, Skipped: 0, Time elapsed: 0.005 s - in org.drasyl.plugin.groups.client.GroupUriTest$Equals
[INFO] Running org.drasyl.plugin.groups.client.GroupUriTest$Creator
[INFO] Tests run: 3, Failures: 0, Errors: 0, Skipped: 0, Time elapsed: 0.006 s - in org.drasyl.plugin.groups.client.GroupUriTest$Creator
[INFO] Running org.drasyl.plugin.groups.client.GroupUriTest$Getters
[INFO] Tests run: 4, Failures: 0, Errors: 0, Skipped: 0, Time elapsed: 0.605 s - in org.drasyl.plugin.groups.client.message.MemberLeftMessageTest$HashCode
[INFO] Running org.drasyl.plugin.groups.client.message.MemberLeftMessageTest$Equals
[INFO] Tests run: 4, Failures: 0, Errors: 0, Skipped: 0, Time elapsed: 0.005 s - in org.drasyl.plugin.groups.client.GroupUriTest$Getters
[INFO] Tests run: 0, Failures: 0, Errors: 0, Skipped: 0, Time elapsed: 0.002 s - in org.drasyl.plugin.groups.client.message.MemberLeftMessageTest$Equals
[INFO] Running org.drasyl.plugin.groups.client.GroupUriTest$ToString
[INFO] Running org.drasyl.plugin.groups.client.message.MemberLeftMessageTest$Constructor
[INFO] Tests run: 2, Failures: 0, Errors: 0, Skipped: 0, Time elapsed: 0.013 s - in org.drasyl.plugin.groups.client.GroupUriTest$ToString
[INFO] Tests run: 0, Failures: 0, Errors: 0, Skipped: 0, Time elapsed: 0.645 s - in org.drasyl.plugin.groups.client.GroupUriTest
[INFO] Tests run: 2, Failures: 0, Errors: 0, Skipped: 0, Time elapsed: 0.029 s - in org.drasyl.plugin.groups.client.message.MemberLeftMessageTest$Constructor
[INFO] Tests run: 0, Failures: 0, Errors: 0, Skipped: 0, Time elapsed: 0.661 s - in org.drasyl.plugin.groups.client.message.MemberLeftMessageTest
[INFO] Tests run: 6, Failures: 0, Errors: 0, Skipped: 0, Time elapsed: 0.664 s - in org.drasyl.plugin.groups.client.message.GroupJoinMessageTest$HashCode
[INFO] Running org.drasyl.plugin.groups.client.message.GroupJoinMessageTest$Equals
[INFO] Tests run: 0, Failures: 0, Errors: 0, Skipped: 0, Time elapsed: 0.663 s - in org.drasyl.plugin.groups.client.message.MemberJoinedMessageTest$HashCode
[INFO] Running org.drasyl.plugin.groups.client.message.MemberJoinedMessageTest$Equals
[INFO] Tests run: 3, Failures: 0, Errors: 0, Skipped: 0, Time elapsed: 0.002 s - in org.drasyl.plugin.groups.client.message.GroupJoinMessageTest$Equals
[INFO] Running org.drasyl.plugin.groups.client.message.GroupJoinMessageTest$Constructor
[INFO] Tests run: 2, Failures: 0, Errors: 0, Skipped: 0, Time elapsed: 0.667 s - in org.drasyl.plugin.groups.client.event.GroupMemberLeftEventTest$HashCode
[INFO] Running org.drasyl.plugin.groups.client.event.GroupMemberLeftEventTest$Equals
[INFO] Tests run: 1, Failures: 0, Errors: 0, Skipped: 0, Time elapsed: 0.668 s - in org.drasyl.plugin.groups.client.event.GroupMemberJoinedEventTest$HashCode
[INFO] Running org.drasyl.plugin.groups.client.event.GroupMemberJoinedEventTest$Equals
[INFO] Tests run: 3, Failures: 0, Errors: 0, Skipped: 0, Time elapsed: 0.004 s - in org.drasyl.plugin.groups.client.message.MemberJoinedMessageTest$Equals
[INFO] Running org.drasyl.plugin.groups.client.message.MemberJoinedMessageTest$Constructor
[INFO] Tests run: 3, Failures: 0, Errors: 0, Skipped: 0, Time elapsed: 0.004 s - in org.drasyl.plugin.groups.client.message.GroupJoinMessageTest$Constructor
[INFO] Tests run: 1, Failures: 0, Errors: 0, Skipped: 0, Time elapsed: 0.003 s - in org.drasyl.plugin.groups.client.event.GroupMemberLeftEventTest$Equals
[INFO] Tests run: 0, Failures: 0, Errors: 0, Skipped: 0, Time elapsed: 0.685 s - in org.drasyl.plugin.groups.client.message.GroupJoinMessageTest
[INFO] Running org.drasyl.plugin.groups.client.event.GroupMemberLeftEventTest$Getters
[INFO] Tests run: 4, Failures: 0, Errors: 0, Skipped: 0, Time elapsed: 0.005 s - in org.drasyl.plugin.groups.client.event.GroupMemberJoinedEventTest$Equals
[INFO] Running org.drasyl.plugin.groups.client.event.GroupMemberJoinedEventTest$Getters
[INFO] Tests run: 2, Failures: 0, Errors: 0, Skipped: 0, Time elapsed: 0.005 s - in org.drasyl.plugin.groups.client.message.MemberJoinedMessageTest$Constructor
[INFO] Tests run: 0, Failures: 0, Errors: 0, Skipped: 0, Time elapsed: 0.003 s - in org.drasyl.plugin.groups.client.event.GroupMemberLeftEventTest$Getters
[INFO] Tests run: 0, Failures: 0, Errors: 0, Skipped: 0, Time elapsed: 0.689 s - in org.drasyl.plugin.groups.client.message.MemberJoinedMessageTest
[INFO] Tests run: 1, Failures: 0, Errors: 0, Skipped: 0, Time elapsed: 0.69 s - in org.drasyl.plugin.groups.client.event.GroupMemberLeftEventTest
[INFO] Tests run: 1, Failures: 0, Errors: 0, Skipped: 0, Time elapsed: 0.004 s - in org.drasyl.plugin.groups.client.event.GroupMemberJoinedEventTest$Getters
[INFO] Tests run: 0, Failures: 0, Errors: 0, Skipped: 0, Time elapsed: 0.693 s - in org.drasyl.plugin.groups.client.event.GroupMemberJoinedEventTest
[INFO] Tests run: 2, Failures: 0, Errors: 0, Skipped: 0, Time elapsed: 0.688 s - in org.drasyl.plugin.groups.client.event.GroupLeftEventTest$HashCode
[INFO] Running org.drasyl.plugin.groups.client.event.GroupLeftEventTest$Equals
[INFO] Tests run: 2, Failures: 0, Errors: 0, Skipped: 0, Time elapsed: 0.003 s - in org.drasyl.plugin.groups.client.event.GroupLeftEventTest$Equals
[INFO] Running org.drasyl.plugin.groups.client.event.GroupLeftEventTest$Getters
[INFO] Tests run: 2, Failures: 0, Errors: 0, Skipped: 0, Time elapsed: 0.003 s - in org.drasyl.plugin.groups.client.event.GroupLeftEventTest$Getters
[INFO] Tests run: 0, Failures: 0, Errors: 0, Skipped: 0, Time elapsed: 0.708 s - in org.drasyl.plugin.groups.client.event.GroupLeftEventTest
[INFO] Tests run: 5, Failures: 0, Errors: 0, Skipped: 0, Time elapsed: 0.712 s - in org.drasyl.plugin.groups.client.event.GroupJoinFailedEventTest$HashCode
[INFO] Tests run: 0, Failures: 0, Errors: 0, Skipped: 0, Time elapsed: 0.712 s - in org.drasyl.plugin.groups.client.event.GroupJoinedEventTest$HashCode
[INFO] Running org.drasyl.plugin.groups.client.event.GroupJoinFailedEventTest$Equals
[INFO] Running org.drasyl.plugin.groups.client.event.GroupJoinedEventTest$Equals
[INFO] Tests run: 2, Failures: 0, Errors: 0, Skipped: 0, Time elapsed: 0.714 s - in org.drasyl.plugin.groups.client.GroupsClientConfigTest$HashCode
[INFO] Running org.drasyl.plugin.groups.client.GroupsClientConfigTest$Equals
[INFO] Tests run: 5, Failures: 0, Errors: 0, Skipped: 0, Time elapsed: 0.003 s - in org.drasyl.plugin.groups.client.event.GroupJoinedEventTest$Equals
[INFO] Tests run: 0, Failures: 0, Errors: 0, Skipped: 0, Time elapsed: 0.003 s - in org.drasyl.plugin.groups.client.event.GroupJoinFailedEventTest$Equals
[INFO] Running org.drasyl.plugin.groups.client.event.GroupJoinedEventTest$Getters
[INFO] Tests run: 0, Failures: 0, Errors: 0, Skipped: 0, Time elapsed: 0.003 s - in org.drasyl.plugin.groups.client.GroupsClientConfigTest$Equals
[INFO] Running org.drasyl.plugin.groups.client.event.GroupJoinFailedEventTest$Getters
[INFO] Running org.drasyl.plugin.groups.client.GroupsClientConfigTest$Constructor
[INFO] Tests run: 6, Failures: 0, Errors: 0, Skipped: 0, Time elapsed: 0.004 s - in org.drasyl.plugin.groups.client.event.GroupJoinFailedEventTest$Getters
[INFO] Tests run: 0, Failures: 0, Errors: 0, Skipped: 0, Time elapsed: 0.005 s - in org.drasyl.plugin.groups.client.event.GroupJoinedEventTest$Getters
[INFO] Tests run: 0, Failures: 0, Errors: 0, Skipped: 0, Time elapsed: 0.737 s - in org.drasyl.plugin.groups.client.event.GroupJoinFailedEventTest
[INFO] Tests run: 0, Failures: 0, Errors: 0, Skipped: 0, Time elapsed: 0.736 s - in org.drasyl.plugin.groups.client.event.GroupJoinedEventTest
[INFO] Tests run: 2, Failures: 0, Errors: 0, Skipped: 0, Time elapsed: 0.012 s - in org.drasyl.plugin.groups.client.GroupsClientConfigTest$Constructor
[INFO] Tests run: 0, Failures: 0, Errors: 0, Skipped: 0, Time elapsed: 0.745 s - in org.drasyl.plugin.groups.client.GroupsClientConfigTest
[INFO] Tests run: 3, Failures: 0, Errors: 0, Skipped: 0, Time elapsed: 0.985 s - in org.drasyl.plugin.groups.client.GroupsClientPluginTest
[INFO] Tests run: 5, Failures: 0, Errors: 0, Skipped: 0, Time elapsed: 3.264 s - in org.drasyl.plugin.groups.client.GroupsClientHandlerTest$Read
[INFO] Running org.drasyl.plugin.groups.client.GroupsClientHandlerTest$OnEvent
[INFO] Tests run: 2, Failures: 0, Errors: 0, Skipped: 0, Time elapsed: 0.049 s - in org.drasyl.plugin.groups.client.GroupsClientHandlerTest$OnEvent
[INFO] Running org.drasyl.plugin.groups.client.GroupsClientHandlerTest$HandlerRemoved
[INFO] Tests run: 2, Failures: 0, Errors: 0, Skipped: 0, Time elapsed: 0.021 s - in org.drasyl.plugin.groups.client.GroupsClientHandlerTest$HandlerRemoved
[INFO] Running org.drasyl.plugin.groups.client.GroupsClientHandlerTest$HandlerAdded
[INFO] Tests run: 1, Failures: 0, Errors: 0, Skipped: 0, Time elapsed: 0.015 s - in org.drasyl.plugin.groups.client.GroupsClientHandlerTest$HandlerAdded
[INFO] Tests run: 0, Failures: 0, Errors: 0, Skipped: 0, Time elapsed: 3.368 s - in org.drasyl.plugin.groups.client.GroupsClientHandlerTest
[INFO] 
[INFO] Results:
[INFO] 
[INFO] Tests run: 111, Failures: 0, Errors: 0, Skipped: 0
[INFO] 
[INFO] 
[INFO] --------------< org.drasyl:drasyl-plugin-groups-manager >---------------
[INFO] Building drasyl: General-Purpose Overlay Network Framework - Groups Membership Manager Plugin Package 0.6.0-SNAPSHOT [4/9]
[INFO] --------------------------------[ jar ]---------------------------------
[INFO] 
[INFO] --- maven-clean-plugin:2.5:clean (default-clean) @ drasyl-plugin-groups-manager ---
[INFO] Deleting /home/gabsko/breaking-updates/drasyl-plugin-groups-manager/target
[INFO] 
[INFO] --- jacoco-maven-plugin:0.8.7:prepare-agent (default) @ drasyl-plugin-groups-manager ---
[INFO] surefireArgLine set to -javaagent:/home/gabsko/.m2/repository/org/jacoco/org.jacoco.agent/0.8.7/org.jacoco.agent-0.8.7-runtime.jar=destfile=/home/gabsko/breaking-updates/drasyl-plugin-groups-manager/target/jacoco.exec
[INFO] 
[INFO] --- maven-resources-plugin:2.6:resources (default-resources) @ drasyl-plugin-groups-manager ---
[INFO] Using 'UTF-8' encoding to copy filtered resources.
[INFO] Copying 2 resources
[INFO] 
[INFO] --- maven-compiler-plugin:3.8.1:compile (default-compile) @ drasyl-plugin-groups-manager ---
[INFO] Changes detected - recompiling the module!
[INFO] Compiling 16 source files to /home/gabsko/breaking-updates/drasyl-plugin-groups-manager/target/classes
[INFO] /home/gabsko/breaking-updates/drasyl-plugin-groups-manager/src/main/java/org/drasyl/plugin/groups/manager/GroupsManagerHandler.java: /home/gabsko/breaking-updates/drasyl-plugin-groups-manager/src/main/java/org/drasyl/plugin/groups/manager/GroupsManagerHandler.java uses unchecked or unsafe operations.
[INFO] /home/gabsko/breaking-updates/drasyl-plugin-groups-manager/src/main/java/org/drasyl/plugin/groups/manager/GroupsManagerHandler.java: Recompile with -Xlint:unchecked for details.
[INFO] 
[INFO] --- maven-resources-plugin:2.6:testResources (default-testResources) @ drasyl-plugin-groups-manager ---
[INFO] Using 'UTF-8' encoding to copy filtered resources.
[INFO] skip non existing resourceDirectory /home/gabsko/breaking-updates/drasyl-plugin-groups-manager/src/test/resources
[INFO] 
[INFO] --- maven-compiler-plugin:3.8.1:testCompile (default-testCompile) @ drasyl-plugin-groups-manager ---
[INFO] Changes detected - recompiling the module!
[INFO] Compiling 11 source files to /home/gabsko/breaking-updates/drasyl-plugin-groups-manager/target/test-classes
[INFO] 
[INFO] --- maven-surefire-plugin:3.0.0-M5:test (default-test) @ drasyl-plugin-groups-manager ---
[INFO] 
[INFO] -------------------------------------------------------
[INFO]  T E S T S
[INFO] -------------------------------------------------------
[ERROR] Jan 17, 2023 3:58:04 PM org.junit.platform.launcher.core.LauncherConfigurationParameters loadClasspathResource
[ERROR] INFO: Loading JUnit Platform configuration parameters from classpath resource [file:/home/gabsko/breaking-updates/drasyl-core/target/test-classes/junit-platform.properties].
[INFO] Running org.drasyl.plugin.groups.manager.data.MembershipTest
[INFO] Running org.drasyl.plugin.groups.manager.database.DatabaseExceptionTest
[INFO] Running org.drasyl.plugin.groups.manager.database.jdbc.SingleConnectionWrapperTest
[INFO] Running org.drasyl.plugin.groups.manager.data.GroupTest
[INFO] Running org.drasyl.plugin.groups.manager.GroupsManagerPluginTest
[INFO] Running org.drasyl.plugin.groups.manager.GroupsManagerConfigTest
[INFO] Running org.drasyl.plugin.groups.manager.database.DatabaseAdapterManagerTest
[INFO] Running org.drasyl.plugin.groups.manager.data.MemberTest
[INFO] Running org.drasyl.plugin.groups.manager.database.jdbc.JDBCDatabaseAdapterTest
[INFO] Running org.drasyl.plugin.groups.manager.GroupsManagerApiTest
[INFO] Running org.drasyl.plugin.groups.manager.GroupsManagerHandlerTest
[INFO] Running org.drasyl.plugin.groups.manager.data.MembershipTest$HashCode
[INFO] Running org.drasyl.plugin.groups.manager.database.DatabaseExceptionTest$Constructor
[INFO] Running org.drasyl.plugin.groups.manager.GroupsManagerApiTest$JsonTransformerTest
[INFO] Running org.drasyl.plugin.groups.manager.GroupsManagerPluginTest$OnBeforeShutdown
[INFO] Running org.drasyl.plugin.groups.manager.GroupsManagerConfigTest$HashCode
[INFO] Running org.drasyl.plugin.groups.manager.GroupsManagerHandlerTest$Leave
[INFO] Running org.drasyl.plugin.groups.manager.data.GroupTest$Of
[INFO] Running org.drasyl.plugin.groups.manager.database.jdbc.JDBCDatabaseAdapterTest$DeleteStaleMemberships
[INFO] Running org.drasyl.plugin.groups.manager.data.MemberTest$HashCode
[INFO] Tests run: 3, Failures: 0, Errors: 0, Skipped: 0, Time elapsed: 0.441 s - in org.drasyl.plugin.groups.manager.database.DatabaseExceptionTest$Constructor
[INFO] Tests run: 0, Failures: 0, Errors: 0, Skipped: 0, Time elapsed: 0.451 s - in org.drasyl.plugin.groups.manager.data.GroupTest$Of
[INFO] Tests run: 0, Failures: 0, Errors: 0, Skipped: 0, Time elapsed: 0.463 s - in org.drasyl.plugin.groups.manager.database.DatabaseExceptionTest
[INFO] Running org.drasyl.plugin.groups.manager.data.GroupTest$HashCode
[INFO] Tests run: 2, Failures: 0, Errors: 0, Skipped: 0, Time elapsed: 0.003 s - in org.drasyl.plugin.groups.manager.data.GroupTest$HashCode
[INFO] Running org.drasyl.plugin.groups.manager.data.GroupTest$Equals
[INFO] Tests run: 2, Failures: 0, Errors: 0, Skipped: 0, Time elapsed: 0.002 s - in org.drasyl.plugin.groups.manager.data.GroupTest$Equals
[INFO] Running org.drasyl.plugin.groups.manager.data.GroupTest$Getters
[INFO] Tests run: 4, Failures: 0, Errors: 0, Skipped: 0, Time elapsed: 0.003 s - in org.drasyl.plugin.groups.manager.data.GroupTest$Getters
[INFO] Tests run: 0, Failures: 0, Errors: 0, Skipped: 0, Time elapsed: 0.484 s - in org.drasyl.plugin.groups.manager.data.GroupTest
[INFO] Tests run: 2, Failures: 0, Errors: 0, Skipped: 0, Time elapsed: 0.791 s - in org.drasyl.plugin.groups.manager.data.MemberTest$HashCode
[INFO] Running org.drasyl.plugin.groups.manager.data.MemberTest$Equals
[INFO] Tests run: 2, Failures: 0, Errors: 0, Skipped: 0, Time elapsed: 0.002 s - in org.drasyl.plugin.groups.manager.data.MemberTest$Equals
[INFO] Running org.drasyl.plugin.groups.manager.data.MemberTest$Getters
[INFO] Tests run: 1, Failures: 0, Errors: 0, Skipped: 0, Time elapsed: 0.001 s - in org.drasyl.plugin.groups.manager.data.MemberTest$Getters
[INFO] Tests run: 0, Failures: 0, Errors: 0, Skipped: 0, Time elapsed: 0.807 s - in org.drasyl.plugin.groups.manager.data.MemberTest
[INFO] Tests run: 2, Failures: 0, Errors: 0, Skipped: 0, Time elapsed: 0.811 s - in org.drasyl.plugin.groups.manager.GroupsManagerConfigTest$HashCode
[INFO] Running org.drasyl.plugin.groups.manager.GroupsManagerConfigTest$Equals
[INFO] Tests run: 2, Failures: 0, Errors: 0, Skipped: 0, Time elapsed: 0.006 s - in org.drasyl.plugin.groups.manager.GroupsManagerConfigTest$Equals
[INFO] Running org.drasyl.plugin.groups.manager.GroupsManagerConfigTest$Constructor
[INFO] Tests run: 3, Failures: 0, Errors: 0, Skipped: 0, Time elapsed: 0.033 s - in org.drasyl.plugin.groups.manager.GroupsManagerConfigTest$Constructor
[INFO] Tests run: 0, Failures: 0, Errors: 0, Skipped: 0, Time elapsed: 0.864 s - in org.drasyl.plugin.groups.manager.GroupsManagerConfigTest
[INFO] Tests run: 1, Failures: 0, Errors: 0, Skipped: 0, Time elapsed: 0.855 s - in org.drasyl.plugin.groups.manager.data.MembershipTest$HashCode
[INFO] Running org.drasyl.plugin.groups.manager.data.MembershipTest$Equals
[INFO] Tests run: 2, Failures: 0, Errors: 0, Skipped: 0, Time elapsed: 0.004 s - in org.drasyl.plugin.groups.manager.data.MembershipTest$Equals
[INFO] Running org.drasyl.plugin.groups.manager.data.MembershipTest$Getters
[INFO] Tests run: 3, Failures: 0, Errors: 0, Skipped: 0, Time elapsed: 0.005 s - in org.drasyl.plugin.groups.manager.data.MembershipTest$Getters
[INFO] Tests run: 0, Failures: 0, Errors: 0, Skipped: 0, Time elapsed: 0.879 s - in org.drasyl.plugin.groups.manager.data.MembershipTest
[INFO] Tests run: 1, Failures: 0, Errors: 0, Skipped: 0, Time elapsed: 0.94 s - in org.drasyl.plugin.groups.manager.GroupsManagerPluginTest$OnBeforeShutdown
[INFO] Running org.drasyl.plugin.groups.manager.GroupsManagerPluginTest$OnBeforeStart
[INFO] Tests run: 2, Failures: 0, Errors: 0, Skipped: 0, Time elapsed: 0.022 s - in org.drasyl.plugin.groups.manager.GroupsManagerPluginTest$OnBeforeStart
[INFO] Tests run: 0, Failures: 0, Errors: 0, Skipped: 0, Time elapsed: 0.976 s - in org.drasyl.plugin.groups.manager.GroupsManagerPluginTest
[INFO] Tests run: 1, Failures: 0, Errors: 0, Skipped: 0, Time elapsed: 1.103 s - in org.drasyl.plugin.groups.manager.database.jdbc.SingleConnectionWrapperTest
[INFO] Tests run: 2, Failures: 0, Errors: 0, Skipped: 0, Time elapsed: 1.116 s - in org.drasyl.plugin.groups.manager.database.DatabaseAdapterManagerTest
[INFO] Tests run: 1, Failures: 0, Errors: 0, Skipped: 0, Time elapsed: 1.239 s - in org.drasyl.plugin.groups.manager.database.jdbc.JDBCDatabaseAdapterTest$DeleteStaleMemberships
[INFO] Running org.drasyl.plugin.groups.manager.database.jdbc.JDBCDatabaseAdapterTest$RemoveGroupMember
[INFO] Tests run: 2, Failures: 0, Errors: 0, Skipped: 0, Time elapsed: 0.004 s - in org.drasyl.plugin.groups.manager.database.jdbc.JDBCDatabaseAdapterTest$RemoveGroupMember
[INFO] Running org.drasyl.plugin.groups.manager.database.jdbc.JDBCDatabaseAdapterTest$GetGroupMembers
[INFO] Tests run: 1, Failures: 0, Errors: 0, Skipped: 0, Time elapsed: 0.002 s - in org.drasyl.plugin.groups.manager.database.jdbc.JDBCDatabaseAdapterTest$GetGroupMembers
[INFO] Running org.drasyl.plugin.groups.manager.database.jdbc.JDBCDatabaseAdapterTest$UpdateGroup
[INFO] Tests run: 2, Failures: 0, Errors: 0, Skipped: 0, Time elapsed: 0.004 s - in org.drasyl.plugin.groups.manager.database.jdbc.JDBCDatabaseAdapterTest$UpdateGroup
[INFO] Running org.drasyl.plugin.groups.manager.database.jdbc.JDBCDatabaseAdapterTest$DeleteGroup
[INFO] Tests run: 2, Failures: 0, Errors: 0, Skipped: 0, Time elapsed: 0.003 s - in org.drasyl.plugin.groups.manager.database.jdbc.JDBCDatabaseAdapterTest$DeleteGroup
[INFO] Running org.drasyl.plugin.groups.manager.database.jdbc.JDBCDatabaseAdapterTest$GetGroups
[INFO] Tests run: 2, Failures: 0, Errors: 0, Skipped: 0, Time elapsed: 0.004 s - in org.drasyl.plugin.groups.manager.database.jdbc.JDBCDatabaseAdapterTest$GetGroups
[INFO] Running org.drasyl.plugin.groups.manager.database.jdbc.JDBCDatabaseAdapterTest$GetGroup
[INFO] Tests run: 1, Failures: 0, Errors: 0, Skipped: 0, Time elapsed: 0.002 s - in org.drasyl.plugin.groups.manager.database.jdbc.JDBCDatabaseAdapterTest$GetGroup
[INFO] Running org.drasyl.plugin.groups.manager.database.jdbc.JDBCDatabaseAdapterTest$AddGroupMember
[INFO] Tests run: 2, Failures: 0, Errors: 0, Skipped: 0, Time elapsed: 0.004 s - in org.drasyl.plugin.groups.manager.database.jdbc.JDBCDatabaseAdapterTest$AddGroupMember
[INFO] Running org.drasyl.plugin.groups.manager.database.jdbc.JDBCDatabaseAdapterTest$AddGroup
[INFO] Tests run: 2, Failures: 0, Errors: 0, Skipped: 0, Time elapsed: 0.004 s - in org.drasyl.plugin.groups.manager.database.jdbc.JDBCDatabaseAdapterTest$AddGroup
[INFO] Running org.drasyl.plugin.groups.manager.database.jdbc.JDBCDatabaseAdapterTest$Create
[INFO] Tests run: 1, Failures: 0, Errors: 0, Skipped: 0, Time elapsed: 0.002 s - in org.drasyl.plugin.groups.manager.database.jdbc.JDBCDatabaseAdapterTest$Create
[INFO] Tests run: 0, Failures: 0, Errors: 0, Skipped: 0, Time elapsed: 1.291 s - in org.drasyl.plugin.groups.manager.database.jdbc.JDBCDatabaseAdapterTest
[INFO] Tests run: 1, Failures: 0, Errors: 0, Skipped: 0, Time elapsed: 1.398 s - in org.drasyl.plugin.groups.manager.GroupsManagerApiTest$JsonTransformerTest
[INFO] Running org.drasyl.plugin.groups.manager.GroupsManagerApiTest$GroupsMembershipsIndex
[INFO] Tests run: 2, Failures: 0, Errors: 0, Skipped: 0, Time elapsed: 0.111 s - in org.drasyl.plugin.groups.manager.GroupsManagerApiTest$GroupsMembershipsIndex
[INFO] Running org.drasyl.plugin.groups.manager.GroupsManagerApiTest$GroupsDelete
[INFO] Tests run: 2, Failures: 0, Errors: 0, Skipped: 0, Time elapsed: 0.004 s - in org.drasyl.plugin.groups.manager.GroupsManagerApiTest$GroupsDelete
[INFO] Running org.drasyl.plugin.groups.manager.GroupsManagerApiTest$GroupsUpdate
[INFO] Tests run: 3, Failures: 0, Errors: 0, Skipped: 0, Time elapsed: 0.027 s - in org.drasyl.plugin.groups.manager.GroupsManagerApiTest$GroupsUpdate
[INFO] Running org.drasyl.plugin.groups.manager.GroupsManagerApiTest$GroupsShow
[INFO] Tests run: 2, Failures: 0, Errors: 0, Skipped: 0, Time elapsed: 0.003 s - in org.drasyl.plugin.groups.manager.GroupsManagerApiTest$GroupsShow
[INFO] Running org.drasyl.plugin.groups.manager.GroupsManagerApiTest$GroupsCreate
[INFO] Tests run: 3, Failures: 0, Errors: 0, Skipped: 0, Time elapsed: 0.034 s - in org.drasyl.plugin.groups.manager.GroupsManagerApiTest$GroupsCreate
[INFO] Running org.drasyl.plugin.groups.manager.GroupsManagerApiTest$GroupsIndex
[INFO] Tests run: 1, Failures: 0, Errors: 0, Skipped: 0, Time elapsed: 0.003 s - in org.drasyl.plugin.groups.manager.GroupsManagerApiTest$GroupsIndex
[INFO] Running org.drasyl.plugin.groups.manager.GroupsManagerApiTest$Shutdown
[INFO] Tests run: 1, Failures: 0, Errors: 0, Skipped: 0, Time elapsed: 0.349 s - in org.drasyl.plugin.groups.manager.GroupsManagerApiTest$Shutdown
[INFO] Running org.drasyl.plugin.groups.manager.GroupsManagerApiTest$Start
[INFO] Tests run: 1, Failures: 0, Errors: 0, Skipped: 0, Time elapsed: 0.13 s - in org.drasyl.plugin.groups.manager.GroupsManagerApiTest$Start
[INFO] Tests run: 0, Failures: 0, Errors: 0, Skipped: 0, Time elapsed: 2.082 s - in org.drasyl.plugin.groups.manager.GroupsManagerApiTest
[INFO] Tests run: 2, Failures: 0, Errors: 0, Skipped: 0, Time elapsed: 3.724 s - in org.drasyl.plugin.groups.manager.GroupsManagerHandlerTest$Leave
[INFO] Running org.drasyl.plugin.groups.manager.GroupsManagerHandlerTest$Join
[INFO] Tests run: 5, Failures: 0, Errors: 0, Skipped: 0, Time elapsed: 0.084 s - in org.drasyl.plugin.groups.manager.GroupsManagerHandlerTest$Join
[INFO] Running org.drasyl.plugin.groups.manager.GroupsManagerHandlerTest$OnEvent
[INFO] Tests run: 1, Failures: 0, Errors: 0, Skipped: 0, Time elapsed: 0.024 s - in org.drasyl.plugin.groups.manager.GroupsManagerHandlerTest$OnEvent
[INFO] Running org.drasyl.plugin.groups.manager.GroupsManagerHandlerTest$HandlerRemoved
[INFO] Tests run: 1, Failures: 0, Errors: 0, Skipped: 0, Time elapsed: 0.003 s - in org.drasyl.plugin.groups.manager.GroupsManagerHandlerTest$HandlerRemoved
[INFO] Running org.drasyl.plugin.groups.manager.GroupsManagerHandlerTest$StaleTask
[INFO] Tests run: 1, Failures: 0, Errors: 0, Skipped: 0, Time elapsed: 0.004 s - in org.drasyl.plugin.groups.manager.GroupsManagerHandlerTest$StaleTask
[INFO] Running org.drasyl.plugin.groups.manager.GroupsManagerHandlerTest$HandlerAdded
[INFO] Tests run: 1, Failures: 0, Errors: 0, Skipped: 0, Time elapsed: 0.047 s - in org.drasyl.plugin.groups.manager.GroupsManagerHandlerTest$HandlerAdded
[INFO] Tests run: 0, Failures: 0, Errors: 0, Skipped: 0, Time elapsed: 3.901 s - in org.drasyl.plugin.groups.manager.GroupsManagerHandlerTest
[INFO] 
[INFO] Results:
[INFO] 
[INFO] Tests run: 78, Failures: 0, Errors: 0, Skipped: 0
[INFO] 
[INFO] 
[INFO] -----------------------< org.drasyl:drasyl-cli >------------------------
[INFO] Building drasyl: General-Purpose Overlay Network Framework - CLI Package 0.6.0-SNAPSHOT [5/9]
[INFO] --------------------------------[ jar ]---------------------------------
[INFO] 
[INFO] --- maven-clean-plugin:2.5:clean (default-clean) @ drasyl-cli ---
[INFO] Deleting /home/gabsko/breaking-updates/drasyl-cli/target
[INFO] 
[INFO] --- jacoco-maven-plugin:0.8.7:prepare-agent (default) @ drasyl-cli ---
[INFO] surefireArgLine set to -javaagent:/home/gabsko/.m2/repository/org/jacoco/org.jacoco.agent/0.8.7/org.jacoco.agent-0.8.7-runtime.jar=destfile=/home/gabsko/breaking-updates/drasyl-cli/target/jacoco.exec
[INFO] 
[INFO] --- maven-resources-plugin:2.6:resources (default-resources) @ drasyl-cli ---
[INFO] Using 'UTF-8' encoding to copy filtered resources.
[INFO] Copying 7 resources
[INFO] 
[INFO] --- maven-compiler-plugin:3.8.1:compile (default-compile) @ drasyl-cli ---
[INFO] Changes detected - recompiling the module!
[INFO] Compiling 31 source files to /home/gabsko/breaking-updates/drasyl-cli/target/classes
[INFO] 
[INFO] --- maven-resources-plugin:2.6:testResources (default-testResources) @ drasyl-cli ---
[INFO] Using 'UTF-8' encoding to copy filtered resources.
[INFO] skip non existing resourceDirectory /home/gabsko/breaking-updates/drasyl-cli/src/test/resources
[INFO] 
[INFO] --- maven-compiler-plugin:3.8.1:testCompile (default-testCompile) @ drasyl-cli ---
[INFO] Changes detected - recompiling the module!
[INFO] Compiling 17 source files to /home/gabsko/breaking-updates/drasyl-cli/target/test-classes
[INFO] 
[INFO] --- maven-surefire-plugin:3.0.0-M5:test (default-test) @ drasyl-cli ---
[INFO] 
[INFO] -------------------------------------------------------
[INFO]  T E S T S
[INFO] -------------------------------------------------------
[ERROR] Jan 17, 2023 3:58:09 PM org.junit.platform.launcher.core.LauncherConfigurationParameters loadClasspathResource
[ERROR] INFO: Loading JUnit Platform configuration parameters from classpath resource [file:/home/gabsko/breaking-updates/drasyl-core/target/test-classes/junit-platform.properties].
[INFO] Running org.drasyl.cli.command.perf.message.TestResultsTest
[INFO] Running org.drasyl.cli.command.perf.message.SessionRequestTest
[INFO] Running org.drasyl.cli.command.wormhole.PasswordMessageTest
[INFO] Running org.drasyl.cli.command.wormhole.TextMessageTest
[INFO] Running org.drasyl.cli.command.HelpCommandTest
[INFO] Running org.drasyl.cli.command.VersionCommandTest
[INFO] Running org.drasyl.cli.command.GenerateIdentityCommandTest
[INFO] Running org.drasyl.cli.command.NodeCommandTest
[INFO] Running org.drasyl.cli.command.wormhole.ReceivingWormholeNodeTest
[INFO] Running org.drasyl.cli.command.perf.PerfServerNodeTest
[INFO] Running org.drasyl.cli.command.wormhole.SendingWormholeNodeTest
[INFO] Running org.drasyl.cli.CliTest
[INFO] Running org.drasyl.cli.command.perf.PerfTestReceiverTest
[INFO] Running org.drasyl.cli.command.PerfCommandTest
[INFO] Running org.drasyl.cli.command.WormholeCommandTest
[INFO] Running org.drasyl.cli.command.perf.PerfClientNodeTest
[INFO] Running org.drasyl.cli.command.perf.PerfTestSenderTest
[INFO] Running org.drasyl.cli.command.wormhole.TextMessageTest$HashCode
[INFO] Running org.drasyl.cli.command.GenerateIdentityCommandTest$GetDescription
[INFO] Running org.drasyl.cli.command.wormhole.ReceivingWormholeNodeTest$TestRequestText
[INFO] Running org.drasyl.cli.command.perf.message.TestResultsTest$IncrementOutOfOrderMessages
[INFO] Running org.drasyl.cli.command.wormhole.SendingWormholeNodeTest$TestSetText
[INFO] Running org.drasyl.cli.command.perf.PerfTestReceiverTest$Run
[INFO] Running org.drasyl.cli.CliTest$Run
[INFO] Running org.drasyl.cli.command.perf.message.SessionRequestTest$Getter
[INFO] Running org.drasyl.cli.command.perf.PerfTestSenderTest$Completing
[INFO] Running org.drasyl.cli.command.wormhole.PasswordMessageTest$HashCode
[INFO] Running org.drasyl.cli.command.perf.PerfServerNodeTest$DoneFuture
[INFO] Running org.drasyl.cli.command.perf.PerfClientNodeTest$TestTestOptions
[INFO] Running org.drasyl.cli.command.VersionCommandTest$Execute
[INFO] Running org.drasyl.cli.command.NodeCommandTest$Execute
[INFO] Running org.drasyl.cli.command.HelpCommandTest$Execute
[INFO] Running org.drasyl.cli.command.PerfCommandTest$Execute
[INFO] Running org.drasyl.cli.command.WormholeCommandTest$Execute
[INFO] Tests run: 2, Failures: 0, Errors: 0, Skipped: 0, Time elapsed: 0.071 s - in org.drasyl.cli.command.wormhole.TextMessageTest$HashCode
[INFO] Running org.drasyl.cli.command.wormhole.TextMessageTest$Equals
[INFO] Tests run: 0, Failures: 0, Errors: 0, Skipped: 0, Time elapsed: 0.07 s - in org.drasyl.cli.command.wormhole.PasswordMessageTest$HashCode
[INFO] Running org.drasyl.cli.command.wormhole.PasswordMessageTest$Equals
[INFO] Tests run: 2, Failures: 0, Errors: 0, Skipped: 0, Time elapsed: 0.004 s - in org.drasyl.cli.command.wormhole.TextMessageTest$Equals
[INFO] Tests run: 0, Failures: 0, Errors: 0, Skipped: 0, Time elapsed: 0.093 s - in org.drasyl.cli.command.wormhole.TextMessageTest
[INFO] Tests run: 0, Failures: 0, Errors: 0, Skipped: 0, Time elapsed: 0.003 s - in org.drasyl.cli.command.wormhole.PasswordMessageTest$Equals
[INFO] Tests run: 0, Failures: 0, Errors: 0, Skipped: 0, Time elapsed: 0.1 s - in org.drasyl.cli.command.wormhole.PasswordMessageTest
[INFO] Tests run: 2, Failures: 0, Errors: 0, Skipped: 0, Time elapsed: 0.402 s - in org.drasyl.cli.command.perf.message.SessionRequestTest$Getter
[INFO] Tests run: 0, Failures: 0, Errors: 0, Skipped: 0, Time elapsed: 0.403 s - in org.drasyl.cli.command.perf.message.TestResultsTest$IncrementOutOfOrderMessages
[INFO] Running org.drasyl.cli.command.perf.message.SessionRequestTest$Constructor
[INFO] Running org.drasyl.cli.command.perf.message.TestResultsTest$IncrementLostMessages
[INFO] Tests run: 3, Failures: 0, Errors: 0, Skipped: 0, Time elapsed: 0.003 s - in org.drasyl.cli.command.perf.message.TestResultsTest$IncrementLostMessages
[INFO] Tests run: 1, Failures: 0, Errors: 0, Skipped: 0, Time elapsed: 0.005 s - in org.drasyl.cli.command.perf.message.SessionRequestTest$Constructor
[INFO] Tests run: 0, Failures: 0, Errors: 0, Skipped: 0, Time elapsed: 0.422 s - in org.drasyl.cli.command.perf.message.TestResultsTest
[INFO] Tests run: 0, Failures: 0, Errors: 0, Skipped: 0, Time elapsed: 0.424 s - in org.drasyl.cli.command.perf.message.SessionRequestTest
[INFO] Tests run: 1, Failures: 0, Errors: 0, Skipped: 0, Time elapsed: 0.761 s - in org.drasyl.cli.command.VersionCommandTest$Execute
[INFO] Running org.drasyl.cli.command.VersionCommandTest$Help
[INFO] Tests run: 1, Failures: 0, Errors: 0, Skipped: 0, Time elapsed: 0.021 s - in org.drasyl.cli.command.VersionCommandTest$Help
[INFO] Tests run: 0, Failures: 0, Errors: 0, Skipped: 0, Time elapsed: 0.798 s - in org.drasyl.cli.command.VersionCommandTest
[INFO] Tests run: 1, Failures: 0, Errors: 0, Skipped: 0, Time elapsed: 0.855 s - in org.drasyl.cli.command.HelpCommandTest$Execute
[INFO] Running org.drasyl.cli.command.HelpCommandTest$Help
[INFO] Tests run: 1, Failures: 0, Errors: 0, Skipped: 0, Time elapsed: 0.004 s - in org.drasyl.cli.command.HelpCommandTest$Help
[INFO] Tests run: 0, Failures: 0, Errors: 0, Skipped: 0, Time elapsed: 0.876 s - in org.drasyl.cli.command.HelpCommandTest
[INFO] Tests run: 1, Failures: 0, Errors: 0, Skipped: 0, Time elapsed: 0.975 s - in org.drasyl.cli.command.GenerateIdentityCommandTest$GetDescription
[INFO] Running org.drasyl.cli.command.GenerateIdentityCommandTest$Execute
[INFO] Tests run: 3, Failures: 0, Errors: 0, Skipped: 0, Time elapsed: 0.021 s - in org.drasyl.cli.command.GenerateIdentityCommandTest$Execute
[INFO] Running org.drasyl.cli.command.GenerateIdentityCommandTest$Help
[INFO] Tests run: 1, Failures: 0, Errors: 0, Skipped: 0, Time elapsed: 0.002 s - in org.drasyl.cli.command.GenerateIdentityCommandTest$Help
[INFO] Tests run: 0, Failures: 0, Errors: 0, Skipped: 0, Time elapsed: 1.005 s - in org.drasyl.cli.command.GenerateIdentityCommandTest
[INFO] Tests run: 2, Failures: 0, Errors: 0, Skipped: 0, Time elapsed: 1.259 s - in org.drasyl.cli.command.PerfCommandTest$Execute
[INFO] Running org.drasyl.cli.command.PerfCommandTest$Help
[INFO] Tests run: 1, Failures: 0, Errors: 0, Skipped: 0, Time elapsed: 0.002 s - in org.drasyl.cli.command.PerfCommandTest$Help
[INFO] Tests run: 0, Failures: 0, Errors: 0, Skipped: 0, Time elapsed: 1.269 s - in org.drasyl.cli.command.PerfCommandTest
[INFO] Tests run: 2, Failures: 0, Errors: 0, Skipped: 0, Time elapsed: 1.267 s - in org.drasyl.cli.command.NodeCommandTest$Execute
[INFO] Running org.drasyl.cli.command.NodeCommandTest$Help
[INFO] Tests run: 1, Failures: 0, Errors: 0, Skipped: 0, Time elapsed: 0.004 s - in org.drasyl.cli.command.NodeCommandTest$Help
[INFO] Tests run: 0, Failures: 0, Errors: 0, Skipped: 0, Time elapsed: 1.28 s - in org.drasyl.cli.command.NodeCommandTest
2023-01-17T15:58:11,570Z [1;31mERROR[0;39m --- [-1-worker-61] [36morg.drasyl.cli.Cli                      [0;39m : Exception occurred:
org.drasyl.cli.CliException: Unknown command "sadassdaashdaskj" for "drasyl".
	at org.drasyl.cli.Cli.run(Cli.java:96)
	at org.drasyl.cli.CliTest$Run.shouldExitWithErrorForUnknownCommand(CliTest.java:97)
	at java.base/jdk.internal.reflect.NativeMethodAccessorImpl.invoke0(Native Method)
	at java.base/jdk.internal.reflect.NativeMethodAccessorImpl.invoke(NativeMethodAccessorImpl.java:62)
	at java.base/jdk.internal.reflect.DelegatingMethodAccessorImpl.invoke(DelegatingMethodAccessorImpl.java:43)
	at java.base/java.lang.reflect.Method.invoke(Method.java:566)
	at org.junit.platform.commons.util.ReflectionUtils.invokeMethod(ReflectionUtils.java:688)
	at org.junit.jupiter.engine.execution.MethodInvocation.proceed(MethodInvocation.java:60)
	at org.junit.jupiter.engine.execution.InvocationInterceptorChain$ValidatingInvocation.proceed(InvocationInterceptorChain.java:131)
	at org.junit.jupiter.engine.extension.TimeoutExtension.intercept(TimeoutExtension.java:149)
	at org.junit.jupiter.engine.extension.TimeoutExtension.interceptTestableMethod(TimeoutExtension.java:140)
	at org.junit.jupiter.engine.extension.TimeoutExtension.interceptTestMethod(TimeoutExtension.java:84)
	at org.junit.jupiter.engine.execution.ExecutableInvoker$ReflectiveInterceptorCall.lambda$ofVoidMethod$0(ExecutableInvoker.java:115)
	at org.junit.jupiter.engine.execution.ExecutableInvoker.lambda$invoke$0(ExecutableInvoker.java:105)
	at org.junit.jupiter.engine.execution.InvocationInterceptorChain$InterceptedInvocation.proceed(InvocationInterceptorChain.java:106)
	at org.junit.jupiter.engine.execution.InvocationInterceptorChain.proceed(InvocationInterceptorChain.java:64)
	at org.junit.jupiter.engine.execution.InvocationInterceptorChain.chainAndInvoke(InvocationInterceptorChain.java:45)
	at org.junit.jupiter.engine.execution.InvocationInterceptorChain.invoke(InvocationInterceptorChain.java:37)
	at org.junit.jupiter.engine.execution.ExecutableInvoker.invoke(ExecutableInvoker.java:104)
	at org.junit.jupiter.engine.execution.ExecutableInvoker.invoke(ExecutableInvoker.java:98)
	at org.junit.jupiter.engine.descriptor.TestMethodTestDescriptor.lambda$invokeTestMethod$6(TestMethodTestDescriptor.java:210)
	at org.junit.platform.engine.support.hierarchical.ThrowableCollector.execute(ThrowableCollector.java:73)
	at org.junit.jupiter.engine.descriptor.TestMethodTestDescriptor.invokeTestMethod(TestMethodTestDescriptor.java:206)
	at org.junit.jupiter.engine.descriptor.TestMethodTestDescriptor.execute(TestMethodTestDescriptor.java:131)
	at org.junit.jupiter.engine.descriptor.TestMethodTestDescriptor.execute(TestMethodTestDescriptor.java:65)
	at org.junit.platform.engine.support.hierarchical.NodeTestTask.lambda$executeRecursively$5(NodeTestTask.java:139)
	at org.junit.platform.engine.support.hierarchical.ThrowableCollector.execute(ThrowableCollector.java:73)
	at org.junit.platform.engine.support.hierarchical.NodeTestTask.lambda$executeRecursively$7(NodeTestTask.java:129)
	at org.junit.platform.engine.support.hierarchical.Node.around(Node.java:137)
	at org.junit.platform.engine.support.hierarchical.NodeTestTask.lambda$executeRecursively$8(NodeTestTask.java:127)
	at org.junit.platform.engine.support.hierarchical.ThrowableCollector.execute(ThrowableCollector.java:73)
	at org.junit.platform.engine.support.hierarchical.NodeTestTask.executeRecursively(NodeTestTask.java:126)
	at org.junit.platform.engine.support.hierarchical.NodeTestTask.execute(NodeTestTask.java:84)
	at org.junit.platform.engine.support.hierarchical.ForkJoinPoolHierarchicalTestExecutorService$ExclusiveTask.compute(ForkJoinPoolHierarchicalTestExecutorService.java:185)
	at org.junit.platform.engine.support.hierarchical.ForkJoinPoolHierarchicalTestExecutorService.executeNonConcurrentTasks(ForkJoinPoolHierarchicalTestExecutorService.java:155)
	at org.junit.platform.engine.support.hierarchical.ForkJoinPoolHierarchicalTestExecutorService.invokeAll(ForkJoinPoolHierarchicalTestExecutorService.java:135)
	at org.junit.platform.engine.support.hierarchical.NodeTestTask.lambda$executeRecursively$5(NodeTestTask.java:143)
	at org.junit.platform.engine.support.hierarchical.ThrowableCollector.execute(ThrowableCollector.java:73)
	at org.junit.platform.engine.support.hierarchical.NodeTestTask.lambda$executeRecursively$7(NodeTestTask.java:129)
	at org.junit.platform.engine.support.hierarchical.Node.around(Node.java:137)
	at org.junit.platform.engine.support.hierarchical.NodeTestTask.lambda$executeRecursively$8(NodeTestTask.java:127)
	at org.junit.platform.engine.support.hierarchical.ThrowableCollector.execute(ThrowableCollector.java:73)
	at org.junit.platform.engine.support.hierarchical.NodeTestTask.executeRecursively(NodeTestTask.java:126)
	at org.junit.platform.engine.support.hierarchical.NodeTestTask.execute(NodeTestTask.java:84)
	at org.junit.platform.engine.support.hierarchical.ForkJoinPoolHierarchicalTestExecutorService$ExclusiveTask.compute(ForkJoinPoolHierarchicalTestExecutorService.java:185)
	at org.junit.platform.engine.support.hierarchical.ForkJoinPoolHierarchicalTestExecutorService.invokeAll(ForkJoinPoolHierarchicalTestExecutorService.java:129)
	at org.junit.platform.engine.support.hierarchical.NodeTestTask.lambda$executeRecursively$5(NodeTestTask.java:143)
	at org.junit.platform.engine.support.hierarchical.ThrowableCollector.execute(ThrowableCollector.java:73)
	at org.junit.platform.engine.support.hierarchical.NodeTestTask.lambda$executeRecursively$7(NodeTestTask.java:129)
	at org.junit.platform.engine.support.hierarchical.Node.around(Node.java:137)
	at org.junit.platform.engine.support.hierarchical.NodeTestTask.lambda$executeRecursively$8(NodeTestTask.java:127)
	at org.junit.platform.engine.support.hierarchical.ThrowableCollector.execute(ThrowableCollector.java:73)
	at org.junit.platform.engine.support.hierarchical.NodeTestTask.executeRecursively(NodeTestTask.java:126)
	at org.junit.platform.engine.support.hierarchical.NodeTestTask.execute(NodeTestTask.java:84)
	at org.junit.platform.engine.support.hierarchical.ForkJoinPoolHierarchicalTestExecutorService$ExclusiveTask.compute(ForkJoinPoolHierarchicalTestExecutorService.java:185)
	at java.base/java.util.concurrent.RecursiveAction.exec(RecursiveAction.java:189)
	at java.base/java.util.concurrent.ForkJoinTask.doExec(ForkJoinTask.java:290)
	at java.base/java.util.concurrent.ForkJoinPool$WorkQueue.topLevelExec(ForkJoinPool.java:1020)
	at java.base/java.util.concurrent.ForkJoinPool.scan(ForkJoinPool.java:1656)
	at java.base/java.util.concurrent.ForkJoinPool.runWorker(ForkJoinPool.java:1594)
	at java.base/java.util.concurrent.ForkJoinWorkerThread.run(ForkJoinWorkerThread.java:183)
[INFO] Tests run: 6, Failures: 0, Errors: 0, Skipped: 0, Time elapsed: 1.343 s - in org.drasyl.cli.CliTest$Run
[INFO] Tests run: 0, Failures: 0, Errors: 0, Skipped: 0, Time elapsed: 1.35 s - in org.drasyl.cli.CliTest
[INFO] Tests run: 4, Failures: 0, Errors: 0, Skipped: 0, Time elapsed: 1.363 s - in org.drasyl.cli.command.perf.PerfServerNodeTest$DoneFuture
[INFO] Running org.drasyl.cli.command.perf.PerfServerNodeTest$OnEvent
[INFO] Running org.drasyl.cli.command.perf.PerfServerNodeTest$OnEvent$OnOnlineTimeout
[INFO] Tests run: 2, Failures: 0, Errors: 0, Skipped: 0, Time elapsed: 1.366 s - in org.drasyl.cli.command.perf.PerfClientNodeTest$TestTestOptions
[INFO] Running org.drasyl.cli.command.perf.PerfClientNodeTest$DoneFuture
[INFO] Tests run: 1, Failures: 0, Errors: 0, Skipped: 0, Time elapsed: 1.37 s - in org.drasyl.cli.command.WormholeCommandTest$Execute
[INFO] Running org.drasyl.cli.command.WormholeCommandTest$Help
[INFO] Tests run: 1, Failures: 0, Errors: 0, Skipped: 0, Time elapsed: 0.003 s - in org.drasyl.cli.command.perf.PerfClientNodeTest$DoneFuture
[INFO] Running org.drasyl.cli.command.perf.PerfClientNodeTest$handlePeerEvent
[INFO] Tests run: 1, Failures: 0, Errors: 0, Skipped: 0, Time elapsed: 0.003 s - in org.drasyl.cli.command.WormholeCommandTest$Help
[INFO] Tests run: 0, Failures: 0, Errors: 0, Skipped: 0, Time elapsed: 1.379 s - in org.drasyl.cli.command.WormholeCommandTest
[INFO] Tests run: 2, Failures: 0, Errors: 0, Skipped: 0, Time elapsed: 0.015 s - in org.drasyl.cli.command.perf.PerfServerNodeTest$OnEvent$OnOnlineTimeout
[INFO] Running org.drasyl.cli.command.perf.PerfServerNodeTest$OnEvent$OnNodeOnlineEvent
[INFO] Tests run: 3, Failures: 0, Errors: 0, Skipped: 0, Time elapsed: 1.389 s - in org.drasyl.cli.command.wormhole.ReceivingWormholeNodeTest$TestRequestText
[INFO] Tests run: 0, Failures: 0, Errors: 0, Skipped: 0, Time elapsed: 1.388 s - in org.drasyl.cli.command.perf.PerfTestSenderTest$Completing
[INFO] Running org.drasyl.cli.command.wormhole.ReceivingWormholeNodeTest$DoneFuture
[INFO] Running org.drasyl.cli.command.perf.PerfTestSenderTest$Run
[INFO] Running org.drasyl.cli.command.perf.PerfServerNodeTest$OnEvent$OnNodeOnlineEvent$OnOnlineTimeout
[INFO] Tests run: 2, Failures: 0, Errors: 0, Skipped: 0, Time elapsed: 0.001 s - in org.drasyl.cli.command.wormhole.ReceivingWormholeNodeTest$DoneFuture
[INFO] Running org.drasyl.cli.command.wormhole.ReceivingWormholeNodeTest$OnEvent
[INFO] Running org.drasyl.cli.command.wormhole.ReceivingWormholeNodeTest$OnEvent$OnOnlineTimeout
[INFO] Tests run: 1, Failures: 0, Errors: 0, Skipped: 0, Time elapsed: 0.004 s - in org.drasyl.cli.command.perf.PerfServerNodeTest$OnEvent$OnNodeOnlineEvent$OnOnlineTimeout
[INFO] Running org.drasyl.cli.command.perf.PerfServerNodeTest$OnEvent$OnNodeOnlineEvent$WhenWaitingForSession
[INFO] Tests run: 1, Failures: 0, Errors: 0, Skipped: 0, Time elapsed: 1.401 s - in org.drasyl.cli.command.wormhole.SendingWormholeNodeTest$TestSetText
[INFO] Running org.drasyl.cli.command.wormhole.SendingWormholeNodeTest$DoneFuture
[INFO] Tests run: 2, Failures: 0, Errors: 0, Skipped: 0, Time elapsed: 0.002 s - in org.drasyl.cli.command.wormhole.SendingWormholeNodeTest$DoneFuture
[INFO] Running org.drasyl.cli.command.wormhole.SendingWormholeNodeTest$OnEvent
[INFO] Running org.drasyl.cli.command.wormhole.SendingWormholeNodeTest$OnEvent$OnOnlineTimeout
Test parameters: session
Interval                 Transfer     Bitrate          Lost/Total Messages

[INFO] Tests run: 4, Failures: 0, Errors: 0, Skipped: 0, Time elapsed: 0.024 s - in org.drasyl.cli.command.wormhole.ReceivingWormholeNodeTest$OnEvent$OnOnlineTimeout
[INFO] Running org.drasyl.cli.command.wormhole.ReceivingWormholeNodeTest$OnEvent$OnRequestText
[INFO] Tests run: 1, Failures: 0, Errors: 0, Skipped: 0, Time elapsed: 0.027 s - in org.drasyl.cli.command.perf.PerfTestSenderTest$Run
[INFO] Tests run: 0, Failures: 0, Errors: 0, Skipped: 0, Time elapsed: 1.422 s - in org.drasyl.cli.command.perf.PerfTestSenderTest
[INFO] Tests run: 2, Failures: 0, Errors: 0, Skipped: 0, Time elapsed: 0.002 s - in org.drasyl.cli.command.wormhole.ReceivingWormholeNodeTest$OnEvent$OnRequestText
[INFO] Running org.drasyl.cli.command.wormhole.ReceivingWormholeNodeTest$OnEvent$OnNodeOnlineEvent
[INFO] Tests run: 0, Failures: 0, Errors: 0, Skipped: 0, Time elapsed: 0.046 s - in org.drasyl.cli.command.perf.PerfClientNodeTest$handlePeerEvent
[INFO] Running org.drasyl.cli.command.wormhole.ReceivingWormholeNodeTest$OnEvent$OnNodeOnlineEvent$OnRequestText
[INFO] Running org.drasyl.cli.command.perf.PerfClientNodeTest$OnEvent
[INFO] Running org.drasyl.cli.command.perf.PerfClientNodeTest$OnEvent$OnOnlineTimeout
Test parameters: session
Interval                 Transfer     Bitrate          Lost/Total Messages
  0.00 -   1.00 sec         32 B       256 bit/s              0/2 (0.00%)
  1.00 -   2.00 sec         16 B       128 bit/s              0/1 (0.00%)
- - - - - - - - - - - - - - - - - - - - - - - - - - - - - - - - - - - - -
Sender:
null
Receiver:
  0.00 -   2.00 sec         64 B       256 bit/s             1/4 (25.00%)


[INFO] Tests run: 2, Failures: 0, Errors: 0, Skipped: 0, Time elapsed: 1.43 s - in org.drasyl.cli.command.perf.PerfTestReceiverTest$Run
[INFO] Tests run: 0, Failures: 0, Errors: 0, Skipped: 0, Time elapsed: 0.024 s - in org.drasyl.cli.command.wormhole.SendingWormholeNodeTest$OnEvent$OnOnlineTimeout
[INFO] Tests run: 0, Failures: 0, Errors: 0, Skipped: 0, Time elapsed: 1.435 s - in org.drasyl.cli.command.perf.PerfTestReceiverTest
[INFO] Running org.drasyl.cli.command.wormhole.SendingWormholeNodeTest$OnEvent$OnNodeOnlineEvent
[INFO] Tests run: 1, Failures: 0, Errors: 0, Skipped: 0, Time elapsed: 0.021 s - in org.drasyl.cli.command.wormhole.ReceivingWormholeNodeTest$OnEvent$OnNodeOnlineEvent$OnRequestText
[INFO] Running org.drasyl.cli.command.wormhole.ReceivingWormholeNodeTest$OnEvent$OnNodeOnlineEvent$OnMessageEvent
[INFO] Tests run: 2, Failures: 0, Errors: 0, Skipped: 0, Time elapsed: 0.048 s - in org.drasyl.cli.command.perf.PerfServerNodeTest$OnEvent$OnNodeOnlineEvent$WhenWaitingForSession
[INFO] Tests run: 2, Failures: 0, Errors: 0, Skipped: 0, Time elapsed: 0.064 s - in org.drasyl.cli.command.perf.PerfServerNodeTest$OnEvent$OnNodeOnlineEvent
[INFO] Tests run: 0, Failures: 0, Errors: 0, Skipped: 0, Time elapsed: 0.023 s - in org.drasyl.cli.command.perf.PerfClientNodeTest$OnEvent$OnOnlineTimeout
[INFO] Running org.drasyl.cli.command.perf.PerfServerNodeTest$OnEvent$OnNodeUpEvent
[INFO] Running org.drasyl.cli.command.perf.PerfClientNodeTest$OnEvent$OnNodeOnlineEvent
[INFO] Running org.drasyl.cli.command.perf.PerfClientNodeTest$OnEvent$OnNodeOnlineEvent$WhenSessionRequestTimeout
[INFO] Running org.drasyl.cli.command.wormhole.SendingWormholeNodeTest$OnEvent$OnNodeOnlineEvent$OnSetText
[INFO] Tests run: 2, Failures: 0, Errors: 0, Skipped: 0, Time elapsed: 0.007 s - in org.drasyl.cli.command.wormhole.ReceivingWormholeNodeTest$OnEvent$OnNodeOnlineEvent$OnMessageEvent
[INFO] Tests run: 0, Failures: 0, Errors: 0, Skipped: 0, Time elapsed: 0.031 s - in org.drasyl.cli.command.wormhole.ReceivingWormholeNodeTest$OnEvent$OnNodeOnlineEvent
[INFO] Running org.drasyl.cli.command.wormhole.ReceivingWormholeNodeTest$OnEvent$OnNodeNormalTerminationEvent
[INFO] Tests run: 1, Failures: 0, Errors: 0, Skipped: 0, Time elapsed: 0.006 s - in org.drasyl.cli.command.perf.PerfServerNodeTest$OnEvent$OnNodeUpEvent
[INFO] Running org.drasyl.cli.command.perf.PerfServerNodeTest$OnEvent$OnNodeNormalTerminationEvent
[INFO] Tests run: 1, Failures: 0, Errors: 0, Skipped: 0, Time elapsed: 0.006 s - in org.drasyl.cli.command.wormhole.SendingWormholeNodeTest$OnEvent$OnNodeOnlineEvent$OnSetText
[INFO] Tests run: 0, Failures: 0, Errors: 0, Skipped: 0, Time elapsed: 0.028 s - in org.drasyl.cli.command.wormhole.SendingWormholeNodeTest$OnEvent$OnNodeOnlineEvent
[INFO] Running org.drasyl.cli.command.wormhole.SendingWormholeNodeTest$OnEvent$OnNodeNormalTerminationEvent
[INFO] Tests run: 3, Failures: 0, Errors: 0, Skipped: 0, Time elapsed: 0.014 s - in org.drasyl.cli.command.perf.PerfServerNodeTest$OnEvent$OnNodeNormalTerminationEvent
[INFO] Running org.drasyl.cli.command.perf.PerfServerNodeTest$OnEvent$OnNodeUnrecoverableErrorEvent
[INFO] Tests run: 0, Failures: 0, Errors: 0, Skipped: 0, Time elapsed: 0.009 s - in org.drasyl.cli.command.wormhole.SendingWormholeNodeTest$OnEvent$OnNodeNormalTerminationEvent
[INFO] Tests run: 0, Failures: 0, Errors: 0, Skipped: 0, Time elapsed: 0.015 s - in org.drasyl.cli.command.wormhole.ReceivingWormholeNodeTest$OnEvent$OnNodeNormalTerminationEvent
[INFO] Running org.drasyl.cli.command.wormhole.SendingWormholeNodeTest$OnEvent$OnNodeUnrecoverableErrorEvent
[INFO] Running org.drasyl.cli.command.wormhole.ReceivingWormholeNodeTest$OnEvent$OnNodeUnrecoverableErrorEvent
[INFO] Tests run: 1, Failures: 0, Errors: 0, Skipped: 0, Time elapsed: 0.028 s - in org.drasyl.cli.command.perf.PerfClientNodeTest$OnEvent$OnNodeOnlineEvent$WhenSessionRequestTimeout
[INFO] Running org.drasyl.cli.command.perf.PerfClientNodeTest$OnEvent$OnNodeOnlineEvent$WhenSessionHasBeenRejected
[INFO] Tests run: 1, Failures: 0, Errors: 0, Skipped: 0, Time elapsed: 0.008 s - in org.drasyl.cli.command.perf.PerfServerNodeTest$OnEvent$OnNodeUnrecoverableErrorEvent
[INFO] Tests run: 0, Failures: 0, Errors: 0, Skipped: 0, Time elapsed: 0.114 s - in org.drasyl.cli.command.perf.PerfServerNodeTest$OnEvent
[INFO] Tests run: 0, Failures: 0, Errors: 0, Skipped: 0, Time elapsed: 1.484 s - in org.drasyl.cli.command.perf.PerfServerNodeTest
[INFO] Tests run: 1, Failures: 0, Errors: 0, Skipped: 0, Time elapsed: 0.02 s - in org.drasyl.cli.command.wormhole.ReceivingWormholeNodeTest$OnEvent$OnNodeUnrecoverableErrorEvent
[INFO] Tests run: 0, Failures: 0, Errors: 0, Skipped: 0, Time elapsed: 0.098 s - in org.drasyl.cli.command.wormhole.ReceivingWormholeNodeTest$OnEvent
[INFO] Tests run: 0, Failures: 0, Errors: 0, Skipped: 0, Time elapsed: 1.497 s - in org.drasyl.cli.command.wormhole.ReceivingWormholeNodeTest
[INFO] Tests run: 1, Failures: 0, Errors: 0, Skipped: 0, Time elapsed: 0.022 s - in org.drasyl.cli.command.wormhole.SendingWormholeNodeTest$OnEvent$OnNodeUnrecoverableErrorEvent
[INFO] Tests run: 0, Failures: 0, Errors: 0, Skipped: 0, Time elapsed: 0.09 s - in org.drasyl.cli.command.wormhole.SendingWormholeNodeTest$OnEvent
[INFO] Tests run: 0, Failures: 0, Errors: 0, Skipped: 0, Time elapsed: 1.5 s - in org.drasyl.cli.command.wormhole.SendingWormholeNodeTest
[INFO] Tests run: 1, Failures: 0, Errors: 0, Skipped: 0, Time elapsed: 0.02 s - in org.drasyl.cli.command.perf.PerfClientNodeTest$OnEvent$OnNodeOnlineEvent$WhenSessionHasBeenRejected
[INFO] Running org.drasyl.cli.command.perf.PerfClientNodeTest$OnEvent$OnNodeOnlineEvent$WhenSessionHasBeenConfirmed
[INFO] Tests run: 1, Failures: 0, Errors: 0, Skipped: 0, Time elapsed: 0.019 s - in org.drasyl.cli.command.perf.PerfClientNodeTest$OnEvent$OnNodeOnlineEvent$WhenSessionHasBeenConfirmed
[INFO] Running org.drasyl.cli.command.perf.PerfClientNodeTest$OnEvent$OnNodeOnlineEvent$WhenServerIsNotKnown
[INFO] Running org.drasyl.cli.command.perf.PerfClientNodeTest$OnEvent$OnNodeOnlineEvent$WhenServerIsNotKnown$OnSetServer
[INFO] Tests run: 2, Failures: 0, Errors: 0, Skipped: 0, Time elapsed: 0.004 s - in org.drasyl.cli.command.perf.PerfClientNodeTest$OnEvent$OnNodeOnlineEvent$WhenServerIsNotKnown$OnSetServer
[INFO] Tests run: 0, Failures: 0, Errors: 0, Skipped: 0, Time elapsed: 0.006 s - in org.drasyl.cli.command.perf.PerfClientNodeTest$OnEvent$OnNodeOnlineEvent$WhenServerIsNotKnown
[INFO] Running org.drasyl.cli.command.perf.PerfClientNodeTest$OnEvent$OnNodeOnlineEvent$WhenServerIsKnown
[INFO] Running org.drasyl.cli.command.perf.PerfClientNodeTest$OnEvent$OnNodeOnlineEvent$WhenServerIsKnown$WhenDirectConnectionIsRequired
[INFO] Tests run: 2, Failures: 0, Errors: 0, Skipped: 0, Time elapsed: 0.008 s - in org.drasyl.cli.command.perf.PerfClientNodeTest$OnEvent$OnNodeOnlineEvent$WhenServerIsKnown$WhenDirectConnectionIsRequired
[INFO] Running org.drasyl.cli.command.perf.PerfClientNodeTest$OnEvent$OnNodeOnlineEvent$WhenServerIsKnown$WhenDirectConnectionIsNotRequired
[INFO] Tests run: 1, Failures: 0, Errors: 0, Skipped: 0, Time elapsed: 0.002 s - in org.drasyl.cli.command.perf.PerfClientNodeTest$OnEvent$OnNodeOnlineEvent$WhenServerIsKnown$WhenDirectConnectionIsNotRequired
[INFO] Tests run: 0, Failures: 0, Errors: 0, Skipped: 0, Time elapsed: 0.013 s - in org.drasyl.cli.command.perf.PerfClientNodeTest$OnEvent$OnNodeOnlineEvent$WhenServerIsKnown
[INFO] Tests run: 0, Failures: 0, Errors: 0, Skipped: 0, Time elapsed: 0.092 s - in org.drasyl.cli.command.perf.PerfClientNodeTest$OnEvent$OnNodeOnlineEvent
[INFO] Running org.drasyl.cli.command.perf.PerfClientNodeTest$OnEvent$OnNodeUpEvent
[INFO] Tests run: 1, Failures: 0, Errors: 0, Skipped: 0, Time elapsed: 0.002 s - in org.drasyl.cli.command.perf.PerfClientNodeTest$OnEvent$OnNodeUpEvent
[INFO] Running org.drasyl.cli.command.perf.PerfClientNodeTest$OnEvent$OnNodeNormalTerminationEvent
[INFO] Tests run: 1, Failures: 0, Errors: 0, Skipped: 0, Time elapsed: 0.002 s - in org.drasyl.cli.command.perf.PerfClientNodeTest$OnEvent$OnNodeNormalTerminationEvent
[INFO] Running org.drasyl.cli.command.perf.PerfClientNodeTest$OnEvent$OnNodeUnrecoverableErrorEvent
[INFO] Tests run: 1, Failures: 0, Errors: 0, Skipped: 0, Time elapsed: 0.002 s - in org.drasyl.cli.command.perf.PerfClientNodeTest$OnEvent$OnNodeUnrecoverableErrorEvent
[INFO] Tests run: 0, Failures: 0, Errors: 0, Skipped: 0, Time elapsed: 0.129 s - in org.drasyl.cli.command.perf.PerfClientNodeTest$OnEvent
[INFO] Tests run: 0, Failures: 0, Errors: 0, Skipped: 0, Time elapsed: 1.555 s - in org.drasyl.cli.command.perf.PerfClientNodeTest
[INFO] 
[INFO] Results:
[INFO] 
[INFO] Tests run: 86, Failures: 0, Errors: 0, Skipped: 0
[INFO] 
[INFO] 
[INFO] ---------------------< org.drasyl:drasyl-examples >---------------------
[INFO] Building drasyl: General-Purpose Overlay Network Framework - Examples Package 0.6.0-SNAPSHOT [6/9]
[INFO] --------------------------------[ jar ]---------------------------------
[INFO] 
[INFO] --- maven-clean-plugin:2.5:clean (default-clean) @ drasyl-examples ---
[INFO] Deleting /home/gabsko/breaking-updates/drasyl-examples/target
[INFO] 
[INFO] --- jacoco-maven-plugin:0.8.7:prepare-agent (default) @ drasyl-examples ---
[INFO] surefireArgLine set to -javaagent:/home/gabsko/.m2/repository/org/jacoco/org.jacoco.agent/0.8.7/org.jacoco.agent-0.8.7-runtime.jar=destfile=/home/gabsko/breaking-updates/drasyl-examples/target/jacoco.exec
[INFO] 
[INFO] --- maven-resources-plugin:2.6:resources (default-resources) @ drasyl-examples ---
[INFO] Using 'UTF-8' encoding to copy filtered resources.
[INFO] Copying 1 resource
[INFO] 
[INFO] --- maven-compiler-plugin:3.8.1:compile (default-compile) @ drasyl-examples ---
[INFO] Changes detected - recompiling the module!
[INFO] Compiling 17 source files to /home/gabsko/breaking-updates/drasyl-examples/target/classes
[INFO] 
[INFO] --- maven-resources-plugin:2.6:testResources (default-testResources) @ drasyl-examples ---
[INFO] Using 'UTF-8' encoding to copy filtered resources.
[INFO] skip non existing resourceDirectory /home/gabsko/breaking-updates/drasyl-examples/src/test/resources
[INFO] 
[INFO] --- maven-compiler-plugin:3.8.1:testCompile (default-testCompile) @ drasyl-examples ---
[INFO] No sources to compile
[INFO] 
[INFO] --- maven-surefire-plugin:3.0.0-M5:test (default-test) @ drasyl-examples ---
[INFO] No tests to run.
[INFO] 
[INFO] ----------------< org.drasyl:drasyl-integration-tests >-----------------
[INFO] Building drasyl: General-Purpose Overlay Network Framework - Integration Tests Package 0.6.0-SNAPSHOT [7/9]
[INFO] --------------------------------[ jar ]---------------------------------
[INFO] 
[INFO] --- maven-clean-plugin:2.5:clean (default-clean) @ drasyl-integration-tests ---
[INFO] Deleting /home/gabsko/breaking-updates/drasyl-integration-tests/target
[INFO] 
[INFO] --- jacoco-maven-plugin:0.8.7:prepare-agent (default) @ drasyl-integration-tests ---
[INFO] surefireArgLine set to -javaagent:/home/gabsko/.m2/repository/org/jacoco/org.jacoco.agent/0.8.7/org.jacoco.agent-0.8.7-runtime.jar=destfile=/home/gabsko/breaking-updates/drasyl-integration-tests/target/jacoco.exec
[INFO] 
[INFO] --- maven-resources-plugin:2.6:resources (default-resources) @ drasyl-integration-tests ---
[INFO] Using 'UTF-8' encoding to copy filtered resources.
[INFO] skip non existing resourceDirectory /home/gabsko/breaking-updates/drasyl-integration-tests/src/main/resources
[INFO] 
[INFO] --- maven-compiler-plugin:3.8.1:compile (default-compile) @ drasyl-integration-tests ---
[INFO] No sources to compile
[INFO] 
[INFO] --- maven-resources-plugin:2.6:testResources (default-testResources) @ drasyl-integration-tests ---
[INFO] Using 'UTF-8' encoding to copy filtered resources.
[INFO] Copying 2 resources
[INFO] 
[INFO] --- maven-compiler-plugin:3.8.1:testCompile (default-testCompile) @ drasyl-integration-tests ---
[INFO] Changes detected - recompiling the module!
[INFO] Compiling 7 source files to /home/gabsko/breaking-updates/drasyl-integration-tests/target/test-classes
[INFO] 
[INFO] --- maven-surefire-plugin:3.0.0-M5:test (default-test) @ drasyl-integration-tests ---
[INFO] 
[INFO] ----------------< org.drasyl:drasyl-performance-tests >-----------------
[INFO] Building drasyl: General-Purpose Overlay Network Framework - Performance Tests Package 0.6.0-SNAPSHOT [8/9]
[INFO] --------------------------------[ jar ]---------------------------------
[INFO] 
[INFO] --- maven-clean-plugin:2.5:clean (default-clean) @ drasyl-performance-tests ---
[INFO] Deleting /home/gabsko/breaking-updates/drasyl-performance-tests/target
[INFO] 
[INFO] --- jacoco-maven-plugin:0.8.7:prepare-agent (default) @ drasyl-performance-tests ---
[INFO] surefireArgLine set to -javaagent:/home/gabsko/.m2/repository/org/jacoco/org.jacoco.agent/0.8.7/org.jacoco.agent-0.8.7-runtime.jar=destfile=/home/gabsko/breaking-updates/drasyl-performance-tests/target/jacoco.exec
[INFO] 
[INFO] --- maven-resources-plugin:2.6:resources (default-resources) @ drasyl-performance-tests ---
[INFO] Using 'UTF-8' encoding to copy filtered resources.
[INFO] skip non existing resourceDirectory /home/gabsko/breaking-updates/drasyl-performance-tests/src/main/resources
[INFO] 
[INFO] --- maven-compiler-plugin:3.8.1:compile (default-compile) @ drasyl-performance-tests ---
[INFO] Changes detected - recompiling the module!
[INFO] Compiling 2 source files to /home/gabsko/breaking-updates/drasyl-performance-tests/target/classes
[INFO] 
[INFO] --- maven-resources-plugin:2.6:testResources (default-testResources) @ drasyl-performance-tests ---
[INFO] Using 'UTF-8' encoding to copy filtered resources.
[INFO] Copying 1 resource
[INFO] 
[INFO] --- maven-compiler-plugin:3.8.1:testCompile (default-testCompile) @ drasyl-performance-tests ---
[INFO] Changes detected - recompiling the module!
[INFO] Compiling 27 source files to /home/gabsko/breaking-updates/drasyl-performance-tests/target/test-classes
[INFO] /home/gabsko/breaking-updates/drasyl-performance-tests/src/test/java/org/drasyl/crypto/KeyGenBenchmark.java: /home/gabsko/breaking-updates/drasyl-performance-tests/src/test/java/org/drasyl/crypto/KeyGenBenchmark.java uses unchecked or unsafe operations.
[INFO] /home/gabsko/breaking-updates/drasyl-performance-tests/src/test/java/org/drasyl/crypto/KeyGenBenchmark.java: Recompile with -Xlint:unchecked for details.
[INFO] 
[INFO] --- maven-surefire-plugin:3.0.0-M4:test (default-test) @ drasyl-performance-tests ---
[INFO] Tests are skipped.
[INFO] 
[INFO] -----------------------< org.drasyl:drasyl-all >------------------------
[INFO] Building drasyl: General-Purpose Overlay Network Framework - All-in-One Package 0.6.0-SNAPSHOT [9/9]
[INFO] --------------------------------[ jar ]---------------------------------
[INFO] 
[INFO] --- maven-clean-plugin:2.5:clean (default-clean) @ drasyl-all ---
[INFO] 
[INFO] --- jacoco-maven-plugin:0.8.7:prepare-agent (default) @ drasyl-all ---
[INFO] surefireArgLine set to -javaagent:/home/gabsko/.m2/repository/org/jacoco/org.jacoco.agent/0.8.7/org.jacoco.agent-0.8.7-runtime.jar=destfile=/home/gabsko/breaking-updates/drasyl-all/target/jacoco.exec,excludes=org/drasyl/remote/protocol/Protocol*
[INFO] 
[INFO] --- maven-resources-plugin:2.6:resources (default-resources) @ drasyl-all ---
[INFO] Using 'UTF-8' encoding to copy filtered resources.
[INFO] skip non existing resourceDirectory /home/gabsko/breaking-updates/drasyl-all/src/main/resources
[INFO] 
[INFO] --- maven-compiler-plugin:3.8.1:compile (default-compile) @ drasyl-all ---
[INFO] No sources to compile
[INFO] 
[INFO] --- maven-resources-plugin:2.6:testResources (default-testResources) @ drasyl-all ---
[INFO] Using 'UTF-8' encoding to copy filtered resources.
[INFO] skip non existing resourceDirectory /home/gabsko/breaking-updates/drasyl-all/src/test/resources
[INFO] 
[INFO] --- maven-compiler-plugin:3.8.1:testCompile (default-testCompile) @ drasyl-all ---
[INFO] No sources to compile
[INFO] 
[INFO] --- maven-surefire-plugin:3.0.0-M5:test (default-test) @ drasyl-all ---
[INFO] No tests to run.
[INFO] ------------------------------------------------------------------------
[INFO] Reactor Summary for drasyl: General-Purpose Overlay Network Framework - Parent Package 0.6.0-SNAPSHOT:
[INFO] 
[INFO] drasyl: General-Purpose Overlay Network Framework - Parent Package SUCCESS [  0.322 s]
[INFO] drasyl: General-Purpose Overlay Network Framework - Core Package SUCCESS [ 21.058 s]
[INFO] drasyl: General-Purpose Overlay Network Framework - Groups Membership Client Plugin Package SUCCESS [  4.816 s]
[INFO] drasyl: General-Purpose Overlay Network Framework - Groups Membership Manager Plugin Package SUCCESS [  5.670 s]
[INFO] drasyl: General-Purpose Overlay Network Framework - CLI Package SUCCESS [  3.048 s]
[INFO] drasyl: General-Purpose Overlay Network Framework - Examples Package SUCCESS [  0.160 s]
[INFO] drasyl: General-Purpose Overlay Network Framework - Integration Tests Package SUCCESS [  0.211 s]
[INFO] drasyl: General-Purpose Overlay Network Framework - Performance Tests Package SUCCESS [  1.263 s]
[INFO] drasyl: General-Purpose Overlay Network Framework - All-in-One Package SUCCESS [  0.012 s]
[INFO] ------------------------------------------------------------------------
[INFO] BUILD SUCCESS
[INFO] ------------------------------------------------------------------------
[INFO] Total time:  36.654 s
[INFO] Finished at: 2023-01-17T15:58:13Z
[INFO] ------------------------------------------------------------------------
