[INFO] Scanning for projects...
[INFO] Inspecting build with total of 5 modules...
[INFO] Installing Nexus Staging features:
[INFO]   ... total of 5 executions of maven-deploy-plugin replaced with nexus-staging-maven-plugin
[INFO] ------------------------------------------------------------------------
[INFO] Reactor Build Order:
[INFO] 
[INFO] Google Cloud Pub/Sub Lite Parent                                   [pom]
[INFO] proto-google-cloud-pubsublite-v1                                   [jar]
[INFO] grpc-google-cloud-pubsublite-v1                                    [jar]
[INFO] Google Cloud Pub/Sub Lite                                          [jar]
[INFO] Google Cloud pubsublite BOM                                        [pom]
[INFO] 
[INFO] ----------< com.google.cloud:google-cloud-pubsublite-parent >-----------
[INFO] Building Google Cloud Pub/Sub Lite Parent 1.7.1-SNAPSHOT           [1/5]
[INFO] --------------------------------[ pom ]---------------------------------
[INFO] 
[INFO] --- maven-clean-plugin:2.5:clean (default-clean) @ google-cloud-pubsublite-parent ---
[INFO] Deleting /home/gabsko/breaking-updates/target
[INFO] 
[INFO] --- flatten-maven-plugin:1.2.7:clean (flatten.clean) @ google-cloud-pubsublite-parent ---
[INFO] Deleting /home/gabsko/breaking-updates/.flattened-pom.xml
[INFO] 
[INFO] --- maven-enforcer-plugin:3.1.0:enforce (enforce) @ google-cloud-pubsublite-parent ---
[INFO] Adding ignore: module-info
[INFO] Adding ignore: META-INF/versions/*/module-info
[INFO] 
[INFO] --- maven-checkstyle-plugin:3.1.2:check (checkstyle) @ google-cloud-pubsublite-parent ---
[INFO] Starting audit...
Audit done.
[INFO] You have 0 Checkstyle violations.
[INFO] 
[INFO] --- jacoco-maven-plugin:0.8.8:prepare-agent (default) @ google-cloud-pubsublite-parent ---
[INFO] argLine set to -javaagent:/home/gabsko/.m2/repository/org/jacoco/org.jacoco.agent/0.8.8/org.jacoco.agent-0.8.8-runtime.jar=destfile=/home/gabsko/breaking-updates/target/jacoco.exec
[INFO] 
[INFO] --- build-helper-maven-plugin:3.3.0:add-resource (add-main-proto-resources) @ google-cloud-pubsublite-parent ---
[INFO] 
[INFO] --- flatten-maven-plugin:1.2.7:flatten (flatten) @ google-cloud-pubsublite-parent ---
[INFO] Generating flattened POM of project com.google.cloud:google-cloud-pubsublite-parent:pom:1.7.1-SNAPSHOT...
[INFO] 
[INFO] --- build-helper-maven-plugin:3.3.0:add-test-resource (add-test-proto-resources) @ google-cloud-pubsublite-parent ---
[INFO] 
[INFO] --- animal-sniffer-maven-plugin:1.21:check (java8) @ google-cloud-pubsublite-parent ---
[INFO] Checking unresolved references to org.codehaus.mojo.signature:java18:1.0
[INFO] 
[INFO] --- jacoco-maven-plugin:0.8.8:report (report) @ google-cloud-pubsublite-parent ---
[INFO] Skipping JaCoCo execution due to missing execution data file.
[INFO] 
[INFO] --------< com.google.api.grpc:proto-google-cloud-pubsublite-v1 >--------
[INFO] Building proto-google-cloud-pubsublite-v1 1.7.1-SNAPSHOT           [2/5]
[INFO] --------------------------------[ jar ]---------------------------------
[INFO] 
[INFO] --- maven-clean-plugin:2.5:clean (default-clean) @ proto-google-cloud-pubsublite-v1 ---
[INFO] Deleting /home/gabsko/breaking-updates/proto-google-cloud-pubsublite-v1/target
[INFO] 
[INFO] --- flatten-maven-plugin:1.2.7:clean (flatten.clean) @ proto-google-cloud-pubsublite-v1 ---
[INFO] Deleting /home/gabsko/breaking-updates/proto-google-cloud-pubsublite-v1/.flattened-pom.xml
[INFO] 
[INFO] --- maven-enforcer-plugin:3.1.0:enforce (enforce) @ proto-google-cloud-pubsublite-v1 ---
[INFO] Adding ignore: module-info
[INFO] Adding ignore: META-INF/versions/*/module-info
[INFO] 
[INFO] --- maven-checkstyle-plugin:3.1.2:check (checkstyle) @ proto-google-cloud-pubsublite-v1 ---
[INFO] 
[INFO] --- jacoco-maven-plugin:0.8.8:prepare-agent (default) @ proto-google-cloud-pubsublite-v1 ---
[INFO] argLine set to -javaagent:/home/gabsko/.m2/repository/org/jacoco/org.jacoco.agent/0.8.8/org.jacoco.agent-0.8.8-runtime.jar=destfile=/home/gabsko/breaking-updates/proto-google-cloud-pubsublite-v1/target/jacoco.exec
[INFO] 
[INFO] --- build-helper-maven-plugin:3.3.0:add-resource (add-main-proto-resources) @ proto-google-cloud-pubsublite-v1 ---
[INFO] 
[INFO] --- maven-resources-plugin:2.6:resources (default-resources) @ proto-google-cloud-pubsublite-v1 ---
[INFO] Using 'UTF-8' encoding to copy filtered resources.
[INFO] skip non existing resourceDirectory /home/gabsko/breaking-updates/proto-google-cloud-pubsublite-v1/src/main/resources
[INFO] Copying 6 resources
[INFO] 
[INFO] --- flatten-maven-plugin:1.2.7:flatten (flatten) @ proto-google-cloud-pubsublite-v1 ---
[INFO] Generating flattened POM of project com.google.api.grpc:proto-google-cloud-pubsublite-v1:jar:1.7.1-SNAPSHOT...
[INFO] 
[INFO] --- maven-compiler-plugin:3.10.1:compile (default-compile) @ proto-google-cloud-pubsublite-v1 ---
[INFO] Changes detected - recompiling the module!
[INFO] Compiling 152 source files to /home/gabsko/breaking-updates/proto-google-cloud-pubsublite-v1/target/classes
[WARNING] Unable to autodetect 'javac' path, using 'javac' from the environment.
[WARNING] No processor claimed any of these annotations: javax.annotation.Generated
[INFO] 
[INFO] --- build-helper-maven-plugin:3.3.0:add-test-resource (add-test-proto-resources) @ proto-google-cloud-pubsublite-v1 ---
[INFO] 
[INFO] --- maven-resources-plugin:2.6:testResources (default-testResources) @ proto-google-cloud-pubsublite-v1 ---
[INFO] Using 'UTF-8' encoding to copy filtered resources.
[INFO] skip non existing resourceDirectory /home/gabsko/breaking-updates/proto-google-cloud-pubsublite-v1/src/test/resources
[INFO] skip non existing resourceDirectory /home/gabsko/breaking-updates/proto-google-cloud-pubsublite-v1/src/test/proto
[INFO] 
[INFO] --- maven-compiler-plugin:3.10.1:testCompile (default-testCompile) @ proto-google-cloud-pubsublite-v1 ---
[INFO] No sources to compile
[INFO] 
[INFO] --- animal-sniffer-maven-plugin:1.21:check (java8) @ proto-google-cloud-pubsublite-v1 ---
[INFO] Checking unresolved references to org.codehaus.mojo.signature:java18:1.0
[INFO] 
[INFO] --- maven-surefire-plugin:3.0.0-M7:test (default-test) @ proto-google-cloud-pubsublite-v1 ---
[INFO] No tests to run.
[INFO] 
[INFO] --- jacoco-maven-plugin:0.8.8:report (report) @ proto-google-cloud-pubsublite-v1 ---
[INFO] Skipping JaCoCo execution due to missing execution data file.
[INFO] 
[INFO] --------< com.google.api.grpc:grpc-google-cloud-pubsublite-v1 >---------
[INFO] Building grpc-google-cloud-pubsublite-v1 1.7.1-SNAPSHOT            [3/5]
[INFO] --------------------------------[ jar ]---------------------------------
[INFO] 
[INFO] --- maven-clean-plugin:2.5:clean (default-clean) @ grpc-google-cloud-pubsublite-v1 ---
[INFO] Deleting /home/gabsko/breaking-updates/grpc-google-cloud-pubsublite-v1/target
[INFO] 
[INFO] --- flatten-maven-plugin:1.2.7:clean (flatten.clean) @ grpc-google-cloud-pubsublite-v1 ---
[INFO] Deleting /home/gabsko/breaking-updates/grpc-google-cloud-pubsublite-v1/.flattened-pom.xml
[INFO] 
[INFO] --- maven-enforcer-plugin:3.1.0:enforce (enforce) @ grpc-google-cloud-pubsublite-v1 ---
[INFO] Adding ignore: module-info
[INFO] Adding ignore: META-INF/versions/*/module-info
[INFO] 
[INFO] --- maven-checkstyle-plugin:3.1.2:check (checkstyle) @ grpc-google-cloud-pubsublite-v1 ---
[INFO] 
[INFO] --- jacoco-maven-plugin:0.8.8:prepare-agent (default) @ grpc-google-cloud-pubsublite-v1 ---
[INFO] argLine set to -javaagent:/home/gabsko/.m2/repository/org/jacoco/org.jacoco.agent/0.8.8/org.jacoco.agent-0.8.8-runtime.jar=destfile=/home/gabsko/breaking-updates/grpc-google-cloud-pubsublite-v1/target/jacoco.exec
[INFO] 
[INFO] --- build-helper-maven-plugin:3.3.0:add-resource (add-main-proto-resources) @ grpc-google-cloud-pubsublite-v1 ---
[INFO] 
[INFO] --- maven-resources-plugin:2.6:resources (default-resources) @ grpc-google-cloud-pubsublite-v1 ---
[INFO] Using 'UTF-8' encoding to copy filtered resources.
[INFO] skip non existing resourceDirectory /home/gabsko/breaking-updates/grpc-google-cloud-pubsublite-v1/src/main/resources
[INFO] skip non existing resourceDirectory /home/gabsko/breaking-updates/grpc-google-cloud-pubsublite-v1/src/main/proto
[INFO] 
[INFO] --- flatten-maven-plugin:1.2.7:flatten (flatten) @ grpc-google-cloud-pubsublite-v1 ---
[INFO] Generating flattened POM of project com.google.api.grpc:grpc-google-cloud-pubsublite-v1:jar:1.7.1-SNAPSHOT...
[INFO] 
[INFO] --- maven-compiler-plugin:3.10.1:compile (default-compile) @ grpc-google-cloud-pubsublite-v1 ---
[INFO] Changes detected - recompiling the module!
[INFO] Compiling 6 source files to /home/gabsko/breaking-updates/grpc-google-cloud-pubsublite-v1/target/classes
[WARNING] Unable to autodetect 'javac' path, using 'javac' from the environment.
[WARNING] No processor claimed any of these annotations: javax.annotation.Generated,io.grpc.stub.annotations.GrpcGenerated,io.grpc.stub.annotations.RpcMethod
[INFO] 
[INFO] --- build-helper-maven-plugin:3.3.0:add-test-resource (add-test-proto-resources) @ grpc-google-cloud-pubsublite-v1 ---
[INFO] 
[INFO] --- maven-resources-plugin:2.6:testResources (default-testResources) @ grpc-google-cloud-pubsublite-v1 ---
[INFO] Using 'UTF-8' encoding to copy filtered resources.
[INFO] skip non existing resourceDirectory /home/gabsko/breaking-updates/grpc-google-cloud-pubsublite-v1/src/test/resources
[INFO] skip non existing resourceDirectory /home/gabsko/breaking-updates/grpc-google-cloud-pubsublite-v1/src/test/proto
[INFO] 
[INFO] --- maven-compiler-plugin:3.10.1:testCompile (default-testCompile) @ grpc-google-cloud-pubsublite-v1 ---
[INFO] No sources to compile
[INFO] 
[INFO] --- animal-sniffer-maven-plugin:1.21:check (java8) @ grpc-google-cloud-pubsublite-v1 ---
[INFO] Checking unresolved references to org.codehaus.mojo.signature:java18:1.0
[INFO] 
[INFO] --- maven-surefire-plugin:3.0.0-M7:test (default-test) @ grpc-google-cloud-pubsublite-v1 ---
[INFO] No tests to run.
[INFO] 
[INFO] --- jacoco-maven-plugin:0.8.8:report (report) @ grpc-google-cloud-pubsublite-v1 ---
[INFO] Skipping JaCoCo execution due to missing execution data file.
[INFO] 
[INFO] --------------< com.google.cloud:google-cloud-pubsublite >--------------
[INFO] Building Google Cloud Pub/Sub Lite 1.7.1-SNAPSHOT                  [4/5]
[INFO] --------------------------------[ jar ]---------------------------------
[INFO] 
[INFO] --- maven-clean-plugin:2.5:clean (default-clean) @ google-cloud-pubsublite ---
[INFO] Deleting /home/gabsko/breaking-updates/google-cloud-pubsublite/target
[INFO] 
[INFO] --- flatten-maven-plugin:1.2.7:clean (flatten.clean) @ google-cloud-pubsublite ---
[INFO] Deleting /home/gabsko/breaking-updates/google-cloud-pubsublite/.flattened-pom.xml
[INFO] 
[INFO] --- maven-enforcer-plugin:3.1.0:enforce (enforce) @ google-cloud-pubsublite ---
[INFO] Adding ignore: module-info
[INFO] Adding ignore: META-INF/versions/*/module-info
[INFO] 
[INFO] --- maven-checkstyle-plugin:3.1.2:check (checkstyle) @ google-cloud-pubsublite ---
[INFO] Starting audit...
Audit done.
[INFO] You have 0 Checkstyle violations.
[INFO] 
[INFO] --- jacoco-maven-plugin:0.8.8:prepare-agent (default) @ google-cloud-pubsublite ---
[INFO] argLine set to -javaagent:/home/gabsko/.m2/repository/org/jacoco/org.jacoco.agent/0.8.8/org.jacoco.agent-0.8.8-runtime.jar=destfile=/home/gabsko/breaking-updates/google-cloud-pubsublite/target/jacoco.exec
[INFO] 
[INFO] --- build-helper-maven-plugin:3.3.0:add-resource (add-main-proto-resources) @ google-cloud-pubsublite ---
[INFO] 
[INFO] --- maven-resources-plugin:2.6:resources (default-resources) @ google-cloud-pubsublite ---
[INFO] Using 'UTF-8' encoding to copy filtered resources.
[INFO] skip non existing resourceDirectory /home/gabsko/breaking-updates/google-cloud-pubsublite/src/main/resources
[INFO] skip non existing resourceDirectory /home/gabsko/breaking-updates/google-cloud-pubsublite/src/main/proto
[INFO] 
[INFO] --- flatten-maven-plugin:1.2.7:flatten (flatten) @ google-cloud-pubsublite ---
[INFO] Generating flattened POM of project com.google.cloud:google-cloud-pubsublite:jar:1.7.1-SNAPSHOT...
[INFO] 
[INFO] --- maven-compiler-plugin:3.10.1:compile (default-compile) @ google-cloud-pubsublite ---
[INFO] Changes detected - recompiling the module!
[INFO] Compiling 177 source files to /home/gabsko/breaking-updates/google-cloud-pubsublite/target/classes
[WARNING] Unable to autodetect 'javac' path, using 'javac' from the environment.
[WARNING] /home/gabsko/breaking-updates/google-cloud-pubsublite/src/main/java/com/google/cloud/pubsublite/internal/CloseableMonitor.java:[20,51] [deprecation] LockMethod in com.google.errorprone.annotations.concurrent has been deprecated
[WARNING] /home/gabsko/breaking-updates/google-cloud-pubsublite/src/main/java/com/google/cloud/pubsublite/internal/CloseableMonitor.java:[21,51] [deprecation] UnlockMethod in com.google.errorprone.annotations.concurrent has been deprecated
[WARNING] No processor claimed any of these annotations: com.google.auto.value.AutoOneOf,com.google.api.core.BetaApi,com.google.auto.value.AutoValue.Builder,com.google.errorprone.annotations.concurrent.LockMethod,com.google.errorprone.annotations.CheckReturnValue,com.google.errorprone.annotations.concurrent.GuardedBy,javax.annotation.concurrent.ThreadSafe,javax.annotation.concurrent.GuardedBy,com.google.errorprone.annotations.concurrent.UnlockMethod,javax.annotation.ParametersAreNonnullByDefault,javax.annotation.Generated,com.google.auto.value.AutoValue,com.google.common.annotations.VisibleForTesting,javax.annotation.Nullable
[WARNING] /home/gabsko/breaking-updates/google-cloud-pubsublite/src/main/java/com/google/cloud/pubsublite/internal/CloseableMonitor.java:[20,51] [deprecation] LockMethod in com.google.errorprone.annotations.concurrent has been deprecated
[WARNING] /home/gabsko/breaking-updates/google-cloud-pubsublite/src/main/java/com/google/cloud/pubsublite/internal/CloseableMonitor.java:[21,51] [deprecation] UnlockMethod in com.google.errorprone.annotations.concurrent has been deprecated
[WARNING] No processor claimed any of these annotations: javax.annotation.Generated
[WARNING] /home/gabsko/breaking-updates/google-cloud-pubsublite/src/main/java/com/google/cloud/pubsublite/internal/CloseableMonitor.java:[20,51] [deprecation] LockMethod in com.google.errorprone.annotations.concurrent has been deprecated
[WARNING] /home/gabsko/breaking-updates/google-cloud-pubsublite/src/main/java/com/google/cloud/pubsublite/internal/CloseableMonitor.java:[21,51] [deprecation] UnlockMethod in com.google.errorprone.annotations.concurrent has been deprecated
[WARNING] /home/gabsko/breaking-updates/google-cloud-pubsublite/src/main/java/com/google/cloud/pubsublite/internal/CloseableMonitor.java:[20,51] [deprecation] LockMethod in com.google.errorprone.annotations.concurrent has been deprecated
[WARNING] /home/gabsko/breaking-updates/google-cloud-pubsublite/src/main/java/com/google/cloud/pubsublite/internal/CloseableMonitor.java:[21,51] [deprecation] UnlockMethod in com.google.errorprone.annotations.concurrent has been deprecated
[WARNING] /home/gabsko/breaking-updates/google-cloud-pubsublite/src/main/java/com/google/cloud/pubsublite/Constants.java:[29,10] [deprecation] setJittered(boolean) in Builder has been deprecated
[WARNING] /home/gabsko/breaking-updates/google-cloud-pubsublite/src/main/java/com/google/cloud/pubsublite/SubscriptionPath.java:[33,16] [serial] serializable class SubscriptionPath has no definition of serialVersionUID
[WARNING] /home/gabsko/breaking-updates/google-cloud-pubsublite/src/main/java/com/google/cloud/pubsublite/Offset.java:[24,16] [serial] serializable class Offset has no definition of serialVersionUID
[WARNING] /home/gabsko/breaking-updates/google-cloud-pubsublite/src/main/java/com/google/cloud/pubsublite/internal/CheckedApiException.java:[28,7] [serial] serializable class CheckedApiException has no definition of serialVersionUID
[WARNING] /home/gabsko/breaking-updates/google-cloud-pubsublite/src/main/java/com/google/cloud/pubsublite/ProjectIdOrNumber.java:[23,16] [serial] serializable class ProjectIdOrNumber has no definition of serialVersionUID
[WARNING] /home/gabsko/breaking-updates/google-cloud-pubsublite/src/main/java/com/google/cloud/pubsublite/CloudRegionOrZone.java:[26,16] [serial] serializable class CloudRegionOrZone has no definition of serialVersionUID
[WARNING] /home/gabsko/breaking-updates/google-cloud-pubsublite/src/main/java/com/google/cloud/pubsublite/SubscriptionName.java:[27,16] [serial] serializable class SubscriptionName has no definition of serialVersionUID
[WARNING] /home/gabsko/breaking-updates/google-cloud-pubsublite/src/main/java/com/google/cloud/pubsublite/LocationPath.java:[28,16] [serial] serializable class LocationPath has no definition of serialVersionUID
[WARNING] /home/gabsko/breaking-updates/google-cloud-pubsublite/src/main/java/com/google/cloud/pubsublite/ProjectId.java:[26,16] [serial] serializable class ProjectId has no definition of serialVersionUID
[WARNING] /home/gabsko/breaking-updates/google-cloud-pubsublite/src/main/java/com/google/cloud/pubsublite/ProjectNumber.java:[31,16] [serial] serializable class ProjectNumber has no definition of serialVersionUID
[WARNING] /home/gabsko/breaking-updates/google-cloud-pubsublite/src/main/java/com/google/cloud/pubsublite/ProjectPath.java:[27,16] [serial] serializable class ProjectPath has no definition of serialVersionUID
[WARNING] /home/gabsko/breaking-updates/google-cloud-pubsublite/src/main/java/com/google/cloud/pubsublite/TopicPath.java:[32,16] [serial] serializable class TopicPath has no definition of serialVersionUID
[WARNING] /home/gabsko/breaking-updates/google-cloud-pubsublite/src/main/java/com/google/cloud/pubsublite/internal/ExtractStatus.java:[108,38] [overloads] <I#1,O>rethrowAsRuntime(StatusFunction<I#1,O>) in ExtractStatus is potentially ambiguous with <I#2>rethrowAsRuntime(StatusConsumer<I#2>) in ExtractStatus
  where I#1,O,I#2 are type-variables:
    I#1 extends Object declared in method <I#1,O>rethrowAsRuntime(StatusFunction<I#1,O>)
    O extends Object declared in method <I#1,O>rethrowAsRuntime(StatusFunction<I#1,O>)
    I#2 extends Object declared in method <I#2>rethrowAsRuntime(StatusConsumer<I#2>)
[WARNING] /home/gabsko/breaking-updates/google-cloud-pubsublite/src/main/java/com/google/cloud/pubsublite/internal/wire/ServiceClients.java:[48,8] [deprecation] setPoolSize(int) in Builder has been deprecated
[WARNING] /home/gabsko/breaking-updates/google-cloud-pubsublite/src/main/java/com/google/cloud/pubsublite/SeekTarget.java:[25,16] [serial] serializable class SeekTarget has no definition of serialVersionUID
[WARNING] /home/gabsko/breaking-updates/google-cloud-pubsublite/src/main/java/com/google/cloud/pubsublite/ReservationPath.java:[33,16] [serial] serializable class ReservationPath has no definition of serialVersionUID
[WARNING] /home/gabsko/breaking-updates/google-cloud-pubsublite/src/main/java/com/google/cloud/pubsublite/ReservationName.java:[27,16] [serial] serializable class ReservationName has no definition of serialVersionUID
[WARNING] /home/gabsko/breaking-updates/google-cloud-pubsublite/src/main/java/com/google/cloud/pubsublite/v1/AdminServiceSettings.java:[275,17] [unchecked] toBuilder() in AdminServiceSettings overrides <B>toBuilder() in ClientSettings
  return type requires unchecked conversion from com.google.cloud.pubsublite.v1.AdminServiceSettings.Builder to B
  where B,SettingsT are type-variables:
    B extends com.google.api.gax.rpc.ClientSettings.Builder<SettingsT,B> declared in method <B>toBuilder()
    SettingsT extends ClientSettings<SettingsT> declared in class ClientSettings
[WARNING] /home/gabsko/breaking-updates/google-cloud-pubsublite/src/main/java/com/google/cloud/pubsublite/v1/AdminServiceSettings.java:[317,11] [static] static method should be qualified by type name, Builder, instead of by an expression
[WARNING] /home/gabsko/breaking-updates/google-cloud-pubsublite/src/main/java/com/google/cloud/pubsublite/v1/stub/AdminServiceStubSettings.java:[1149,36] [unchecked] build() in com.google.cloud.pubsublite.v1.stub.AdminServiceStubSettings.Builder overrides <B>build() in com.google.api.gax.rpc.StubSettings.Builder
  return type requires unchecked conversion from AdminServiceStubSettings to StubSettings<B>
  where B is a type-variable:
    B extends StubSettings<B> declared in method <B>build()
[WARNING] /home/gabsko/breaking-updates/google-cloud-pubsublite/src/main/java/com/google/cloud/pubsublite/v1/stub/AdminServiceStubSettings.java:[1015,11] [static] static method should be qualified by type name, Builder, instead of by an expression
[WARNING] /home/gabsko/breaking-updates/google-cloud-pubsublite/src/main/java/com/google/cloud/pubsublite/TopicName.java:[27,16] [serial] serializable class TopicName has no definition of serialVersionUID
[WARNING] /home/gabsko/breaking-updates/google-cloud-pubsublite/src/main/java/com/google/cloud/pubsublite/v1/PartitionAssignmentServiceSettings.java:[132,17] [unchecked] toBuilder() in PartitionAssignmentServiceSettings overrides <B>toBuilder() in ClientSettings
  return type requires unchecked conversion from com.google.cloud.pubsublite.v1.PartitionAssignmentServiceSettings.Builder to B
  where B,SettingsT are type-variables:
    B extends com.google.api.gax.rpc.ClientSettings.Builder<SettingsT,B> declared in method <B>toBuilder()
    SettingsT extends ClientSettings<SettingsT> declared in class ClientSettings
[WARNING] /home/gabsko/breaking-updates/google-cloud-pubsublite/src/main/java/com/google/cloud/pubsublite/v1/PartitionAssignmentServiceSettings.java:[175,11] [static] static method should be qualified by type name, Builder, instead of by an expression
[WARNING] /home/gabsko/breaking-updates/google-cloud-pubsublite/src/main/java/com/google/cloud/pubsublite/v1/stub/PartitionAssignmentServiceStubSettings.java:[260,50] [unchecked] build() in com.google.cloud.pubsublite.v1.stub.PartitionAssignmentServiceStubSettings.Builder overrides <B>build() in com.google.api.gax.rpc.StubSettings.Builder
  return type requires unchecked conversion from PartitionAssignmentServiceStubSettings to StubSettings<B>
  where B is a type-variable:
    B extends StubSettings<B> declared in method <B>build()
[WARNING] /home/gabsko/breaking-updates/google-cloud-pubsublite/src/main/java/com/google/cloud/pubsublite/v1/stub/PartitionAssignmentServiceStubSettings.java:[245,11] [static] static method should be qualified by type name, Builder, instead of by an expression
[WARNING] /home/gabsko/breaking-updates/google-cloud-pubsublite/src/main/java/com/google/cloud/pubsublite/v1/CursorServiceSettings.java:[150,17] [unchecked] toBuilder() in CursorServiceSettings overrides <B>toBuilder() in ClientSettings
  return type requires unchecked conversion from com.google.cloud.pubsublite.v1.CursorServiceSettings.Builder to B
  where B,SettingsT are type-variables:
    B extends com.google.api.gax.rpc.ClientSettings.Builder<SettingsT,B> declared in method <B>toBuilder()
    SettingsT extends ClientSettings<SettingsT> declared in class ClientSettings
[WARNING] /home/gabsko/breaking-updates/google-cloud-pubsublite/src/main/java/com/google/cloud/pubsublite/v1/CursorServiceSettings.java:[192,11] [static] static method should be qualified by type name, Builder, instead of by an expression
[WARNING] /home/gabsko/breaking-updates/google-cloud-pubsublite/src/main/java/com/google/cloud/pubsublite/v1/stub/CursorServiceStubSettings.java:[422,37] [unchecked] build() in com.google.cloud.pubsublite.v1.stub.CursorServiceStubSettings.Builder overrides <B>build() in com.google.api.gax.rpc.StubSettings.Builder
  return type requires unchecked conversion from CursorServiceStubSettings to StubSettings<B>
  where B is a type-variable:
    B extends StubSettings<B> declared in method <B>build()
[WARNING] /home/gabsko/breaking-updates/google-cloud-pubsublite/src/main/java/com/google/cloud/pubsublite/v1/stub/CursorServiceStubSettings.java:[391,11] [static] static method should be qualified by type name, Builder, instead of by an expression
[WARNING] /home/gabsko/breaking-updates/google-cloud-pubsublite/src/main/java/com/google/cloud/pubsublite/v1/SubscriberServiceSettings.java:[129,17] [unchecked] toBuilder() in SubscriberServiceSettings overrides <B>toBuilder() in ClientSettings
  return type requires unchecked conversion from com.google.cloud.pubsublite.v1.SubscriberServiceSettings.Builder to B
  where B,SettingsT are type-variables:
    B extends com.google.api.gax.rpc.ClientSettings.Builder<SettingsT,B> declared in method <B>toBuilder()
    SettingsT extends ClientSettings<SettingsT> declared in class ClientSettings
[WARNING] /home/gabsko/breaking-updates/google-cloud-pubsublite/src/main/java/com/google/cloud/pubsublite/v1/SubscriberServiceSettings.java:[171,11] [static] static method should be qualified by type name, Builder, instead of by an expression
[WARNING] /home/gabsko/breaking-updates/google-cloud-pubsublite/src/main/java/com/google/cloud/pubsublite/v1/stub/SubscriberServiceStubSettings.java:[255,41] [unchecked] build() in com.google.cloud.pubsublite.v1.stub.SubscriberServiceStubSettings.Builder overrides <B>build() in com.google.api.gax.rpc.StubSettings.Builder
  return type requires unchecked conversion from SubscriberServiceStubSettings to StubSettings<B>
  where B is a type-variable:
    B extends StubSettings<B> declared in method <B>build()
[WARNING] /home/gabsko/breaking-updates/google-cloud-pubsublite/src/main/java/com/google/cloud/pubsublite/v1/stub/SubscriberServiceStubSettings.java:[241,11] [static] static method should be qualified by type name, Builder, instead of by an expression
[WARNING] /home/gabsko/breaking-updates/google-cloud-pubsublite/src/main/java/com/google/cloud/pubsublite/internal/CloseableMonitor.java:[45,3] [deprecation] LockMethod in com.google.errorprone.annotations.concurrent has been deprecated
[WARNING] /home/gabsko/breaking-updates/google-cloud-pubsublite/src/main/java/com/google/cloud/pubsublite/internal/CloseableMonitor.java:[45,3] [deprecation] LockMethod in com.google.errorprone.annotations.concurrent has been deprecated
[WARNING] /home/gabsko/breaking-updates/google-cloud-pubsublite/src/main/java/com/google/cloud/pubsublite/internal/CloseableMonitor.java:[45,3] [deprecation] LockMethod in com.google.errorprone.annotations.concurrent has been deprecated
[WARNING] /home/gabsko/breaking-updates/google-cloud-pubsublite/src/main/java/com/google/cloud/pubsublite/internal/CloseableMonitor.java:[45,3] [deprecation] LockMethod in com.google.errorprone.annotations.concurrent has been deprecated
[WARNING] /home/gabsko/breaking-updates/google-cloud-pubsublite/src/main/java/com/google/cloud/pubsublite/internal/CloseableMonitor.java:[61,3] [deprecation] LockMethod in com.google.errorprone.annotations.concurrent has been deprecated
[WARNING] /home/gabsko/breaking-updates/google-cloud-pubsublite/src/main/java/com/google/cloud/pubsublite/internal/CloseableMonitor.java:[61,3] [deprecation] LockMethod in com.google.errorprone.annotations.concurrent has been deprecated
[WARNING] /home/gabsko/breaking-updates/google-cloud-pubsublite/src/main/java/com/google/cloud/pubsublite/internal/CloseableMonitor.java:[61,3] [deprecation] LockMethod in com.google.errorprone.annotations.concurrent has been deprecated
[WARNING] /home/gabsko/breaking-updates/google-cloud-pubsublite/src/main/java/com/google/cloud/pubsublite/internal/CloseableMonitor.java:[61,3] [deprecation] LockMethod in com.google.errorprone.annotations.concurrent has been deprecated
[WARNING] /home/gabsko/breaking-updates/google-cloud-pubsublite/src/main/java/com/google/cloud/pubsublite/internal/CloseableMonitor.java:[76,5] [deprecation] UnlockMethod in com.google.errorprone.annotations.concurrent has been deprecated
[WARNING] /home/gabsko/breaking-updates/google-cloud-pubsublite/src/main/java/com/google/cloud/pubsublite/internal/CloseableMonitor.java:[76,5] [deprecation] UnlockMethod in com.google.errorprone.annotations.concurrent has been deprecated
[WARNING] /home/gabsko/breaking-updates/google-cloud-pubsublite/src/main/java/com/google/cloud/pubsublite/internal/CloseableMonitor.java:[76,5] [deprecation] UnlockMethod in com.google.errorprone.annotations.concurrent has been deprecated
[WARNING] /home/gabsko/breaking-updates/google-cloud-pubsublite/src/main/java/com/google/cloud/pubsublite/internal/CloseableMonitor.java:[76,5] [deprecation] UnlockMethod in com.google.errorprone.annotations.concurrent has been deprecated
[WARNING] /home/gabsko/breaking-updates/google-cloud-pubsublite/src/main/java/com/google/cloud/pubsublite/internal/wire/ConnectedCommitter.java:[21] [try] auto-closeable resource ConnectedCommitter has a member method close() that could throw InterruptedException
[WARNING] /home/gabsko/breaking-updates/google-cloud-pubsublite/src/main/java/com/google/cloud/pubsublite/v1/PublisherServiceSettings.java:[129,17] [unchecked] toBuilder() in PublisherServiceSettings overrides <B>toBuilder() in ClientSettings
  return type requires unchecked conversion from com.google.cloud.pubsublite.v1.PublisherServiceSettings.Builder to B
  where B,SettingsT are type-variables:
    B extends com.google.api.gax.rpc.ClientSettings.Builder<SettingsT,B> declared in method <B>toBuilder()
    SettingsT extends ClientSettings<SettingsT> declared in class ClientSettings
[WARNING] /home/gabsko/breaking-updates/google-cloud-pubsublite/src/main/java/com/google/cloud/pubsublite/v1/PublisherServiceSettings.java:[171,11] [static] static method should be qualified by type name, Builder, instead of by an expression
[WARNING] /home/gabsko/breaking-updates/google-cloud-pubsublite/src/main/java/com/google/cloud/pubsublite/v1/stub/PublisherServiceStubSettings.java:[253,40] [unchecked] build() in com.google.cloud.pubsublite.v1.stub.PublisherServiceStubSettings.Builder overrides <B>build() in com.google.api.gax.rpc.StubSettings.Builder
  return type requires unchecked conversion from PublisherServiceStubSettings to StubSettings<B>
  where B is a type-variable:
    B extends StubSettings<B> declared in method <B>build()
[WARNING] /home/gabsko/breaking-updates/google-cloud-pubsublite/src/main/java/com/google/cloud/pubsublite/v1/stub/PublisherServiceStubSettings.java:[239,11] [static] static method should be qualified by type name, Builder, instead of by an expression
[WARNING] /home/gabsko/breaking-updates/google-cloud-pubsublite/src/main/java/com/google/cloud/pubsublite/v1/TopicStatsServiceSettings.java:[145,17] [unchecked] toBuilder() in TopicStatsServiceSettings overrides <B>toBuilder() in ClientSettings
  return type requires unchecked conversion from com.google.cloud.pubsublite.v1.TopicStatsServiceSettings.Builder to B
  where B,SettingsT are type-variables:
    B extends com.google.api.gax.rpc.ClientSettings.Builder<SettingsT,B> declared in method <B>toBuilder()
    SettingsT extends ClientSettings<SettingsT> declared in class ClientSettings
[WARNING] /home/gabsko/breaking-updates/google-cloud-pubsublite/src/main/java/com/google/cloud/pubsublite/v1/TopicStatsServiceSettings.java:[187,11] [static] static method should be qualified by type name, Builder, instead of by an expression
[WARNING] /home/gabsko/breaking-updates/google-cloud-pubsublite/src/main/java/com/google/cloud/pubsublite/v1/stub/TopicStatsServiceStubSettings.java:[336,41] [unchecked] build() in com.google.cloud.pubsublite.v1.stub.TopicStatsServiceStubSettings.Builder overrides <B>build() in com.google.api.gax.rpc.StubSettings.Builder
  return type requires unchecked conversion from TopicStatsServiceStubSettings to StubSettings<B>
  where B is a type-variable:
    B extends StubSettings<B> declared in method <B>build()
[WARNING] /home/gabsko/breaking-updates/google-cloud-pubsublite/src/main/java/com/google/cloud/pubsublite/v1/stub/TopicStatsServiceStubSettings.java:[309,11] [static] static method should be qualified by type name, Builder, instead of by an expression
[WARNING] /home/gabsko/breaking-updates/google-cloud-pubsublite/src/main/java/com/google/cloud/pubsublite/internal/PullSubscriber.java:[24,7] [try] auto-closeable resource PullSubscriber<T> has a member method close() that could throw InterruptedException
  where T is a type-variable:
    T extends Object declared in interface PullSubscriber
[WARNING] /home/gabsko/breaking-updates/google-cloud-pubsublite/src/main/java/com/google/cloud/pubsublite/internal/wire/ConnectedSubscriber.java:[21] [try] auto-closeable resource ConnectedSubscriber has a member method close() that could throw InterruptedException
[WARNING] /home/gabsko/breaking-updates/google-cloud-pubsublite/src/main/java/com/google/cloud/pubsublite/internal/wire/StreamIdleTimer.java:[30] [try] auto-closeable resource StreamIdleTimer has a member method close() that could throw InterruptedException
[WARNING] /home/gabsko/breaking-updates/google-cloud-pubsublite/src/main/java/com/google/cloud/pubsublite/internal/wire/ConnectedAssigner.java:[19,7] [try] auto-closeable resource ConnectedAssigner has a member method close() that could throw InterruptedException
[WARNING] /home/gabsko/breaking-updates/google-cloud-pubsublite/src/main/java/com/google/cloud/pubsublite/internal/wire/BatchPublisher.java:[22] [try] auto-closeable resource BatchPublisher has a member method close() that could throw InterruptedException
[WARNING] /home/gabsko/breaking-updates/google-cloud-pubsublite/src/main/java/com/google/cloud/pubsublite/internal/testing/UnitTestExamples.java:[64,17] [cast] redundant cast to T
  where T is a type-variable:
    T extends Object declared in method <T>example(Class<T>)
[WARNING] /home/gabsko/breaking-updates/google-cloud-pubsublite/target/generated-sources/annotations/com/google/cloud/pubsublite/AutoOneOf_CloudRegionOrZone.java:[24,26] [serial] serializable class Parent_ has no definition of serialVersionUID
[WARNING] /home/gabsko/breaking-updates/google-cloud-pubsublite/target/generated-sources/annotations/com/google/cloud/pubsublite/AutoOneOf_CloudRegionOrZone.java:[36,23] [serial] serializable class Impl_region has no definition of serialVersionUID
[WARNING] /home/gabsko/breaking-updates/google-cloud-pubsublite/target/generated-sources/annotations/com/google/cloud/pubsublite/AutoOneOf_CloudRegionOrZone.java:[66,23] [serial] serializable class Impl_zone has no definition of serialVersionUID
[WARNING] /home/gabsko/breaking-updates/google-cloud-pubsublite/target/generated-sources/annotations/com/google/cloud/pubsublite/AutoOneOf_ProjectIdOrNumber.java:[24,26] [serial] serializable class Parent_ has no definition of serialVersionUID
[WARNING] /home/gabsko/breaking-updates/google-cloud-pubsublite/target/generated-sources/annotations/com/google/cloud/pubsublite/AutoOneOf_ProjectIdOrNumber.java:[36,23] [serial] serializable class Impl_name has no definition of serialVersionUID
[WARNING] /home/gabsko/breaking-updates/google-cloud-pubsublite/target/generated-sources/annotations/com/google/cloud/pubsublite/AutoOneOf_ProjectIdOrNumber.java:[66,23] [serial] serializable class Impl_number has no definition of serialVersionUID
[WARNING] /home/gabsko/breaking-updates/google-cloud-pubsublite/target/generated-sources/annotations/com/google/cloud/pubsublite/AutoOneOf_SeekTarget.java:[32,26] [serial] serializable class Parent_ has no definition of serialVersionUID
[WARNING] /home/gabsko/breaking-updates/google-cloud-pubsublite/target/generated-sources/annotations/com/google/cloud/pubsublite/AutoOneOf_SeekTarget.java:[48,23] [serial] serializable class Impl_backlogLocation has no definition of serialVersionUID
[WARNING] /home/gabsko/breaking-updates/google-cloud-pubsublite/target/generated-sources/annotations/com/google/cloud/pubsublite/AutoOneOf_SeekTarget.java:[82,23] [serial] serializable class Impl_publishTime has no definition of serialVersionUID
[WARNING] /home/gabsko/breaking-updates/google-cloud-pubsublite/target/generated-sources/annotations/com/google/cloud/pubsublite/AutoOneOf_SeekTarget.java:[116,23] [serial] serializable class Impl_eventTime has no definition of serialVersionUID
[WARNING] /home/gabsko/breaking-updates/google-cloud-pubsublite/target/generated-sources/annotations/com/google/cloud/pubsublite/AutoValue_LocationPath.java:[6,6] [serial] serializable class AutoValue_LocationPath has no definition of serialVersionUID
[WARNING] /home/gabsko/breaking-updates/google-cloud-pubsublite/target/generated-sources/annotations/com/google/cloud/pubsublite/AutoValue_ReservationName.java:[6,6] [serial] serializable class AutoValue_ReservationName has no definition of serialVersionUID
[WARNING] /home/gabsko/breaking-updates/google-cloud-pubsublite/target/generated-sources/annotations/com/google/cloud/pubsublite/AutoValue_Offset.java:[6,6] [serial] serializable class AutoValue_Offset has no definition of serialVersionUID
[WARNING] /home/gabsko/breaking-updates/google-cloud-pubsublite/target/generated-sources/annotations/com/google/cloud/pubsublite/AutoValue_TopicPath.java:[6,6] [serial] serializable class AutoValue_TopicPath has no definition of serialVersionUID
[WARNING] /home/gabsko/breaking-updates/google-cloud-pubsublite/target/generated-sources/annotations/com/google/cloud/pubsublite/AutoValue_ProjectId.java:[6,6] [serial] serializable class AutoValue_ProjectId has no definition of serialVersionUID
[WARNING] /home/gabsko/breaking-updates/google-cloud-pubsublite/target/generated-sources/annotations/com/google/cloud/pubsublite/AutoValue_SubscriptionPath.java:[6,6] [serial] serializable class AutoValue_SubscriptionPath has no definition of serialVersionUID
[WARNING] /home/gabsko/breaking-updates/google-cloud-pubsublite/target/generated-sources/annotations/com/google/cloud/pubsublite/AutoValue_ProjectPath.java:[6,6] [serial] serializable class AutoValue_ProjectPath has no definition of serialVersionUID
[WARNING] /home/gabsko/breaking-updates/google-cloud-pubsublite/target/generated-sources/annotations/com/google/cloud/pubsublite/AutoValue_ProjectNumber.java:[6,6] [serial] serializable class AutoValue_ProjectNumber has no definition of serialVersionUID
[WARNING] /home/gabsko/breaking-updates/google-cloud-pubsublite/target/generated-sources/annotations/com/google/cloud/pubsublite/AutoValue_TopicName.java:[6,6] [serial] serializable class AutoValue_TopicName has no definition of serialVersionUID
[WARNING] /home/gabsko/breaking-updates/google-cloud-pubsublite/target/generated-sources/annotations/com/google/cloud/pubsublite/AutoValue_SubscriptionName.java:[6,6] [serial] serializable class AutoValue_SubscriptionName has no definition of serialVersionUID
[WARNING] /home/gabsko/breaking-updates/google-cloud-pubsublite/target/generated-sources/annotations/com/google/cloud/pubsublite/AutoValue_ReservationPath.java:[6,6] [serial] serializable class AutoValue_ReservationPath has no definition of serialVersionUID
[WARNING] /home/gabsko/breaking-updates/google-cloud-pubsublite/src/main/java/com/google/cloud/pubsublite/SubscriptionPath.java:[45,16] [AutoValueFinalMethods] Make toString final in AutoValue classes, so it is clear to readers that AutoValue is not overriding them
    (see https://errorprone.info/bugpattern/AutoValueFinalMethods)
  Did you mean 'public final String toString() {'?
[WARNING] /home/gabsko/breaking-updates/google-cloud-pubsublite/src/main/java/com/google/cloud/pubsublite/SubscriptionName.java:[31,16] [AutoValueFinalMethods] Make toString final in AutoValue classes, so it is clear to readers that AutoValue is not overriding them
    (see https://errorprone.info/bugpattern/AutoValueFinalMethods)
  Did you mean 'public final String toString() {'?
[WARNING] /home/gabsko/breaking-updates/google-cloud-pubsublite/src/main/java/com/google/cloud/pubsublite/LocationPath.java:[38,16] [AutoValueFinalMethods] Make toString final in AutoValue classes, so it is clear to readers that AutoValue is not overriding them
    (see https://errorprone.info/bugpattern/AutoValueFinalMethods)
  Did you mean 'public final String toString() {'?
[WARNING] /home/gabsko/breaking-updates/google-cloud-pubsublite/src/main/java/com/google/cloud/pubsublite/CloudRegion.java:[45,16] [AutoValueFinalMethods] Make toString final in AutoValue classes, so it is clear to readers that AutoValue is not overriding them
    (see https://errorprone.info/bugpattern/AutoValueFinalMethods)
  Did you mean 'public final String toString() {'?
[WARNING] /home/gabsko/breaking-updates/google-cloud-pubsublite/src/main/java/com/google/cloud/pubsublite/ProjectId.java:[30,16] [AutoValueFinalMethods] Make toString final in AutoValue classes, so it is clear to readers that AutoValue is not overriding them
    (see https://errorprone.info/bugpattern/AutoValueFinalMethods)
  Did you mean 'public final String toString() {'?
[WARNING] /home/gabsko/breaking-updates/google-cloud-pubsublite/src/main/java/com/google/cloud/pubsublite/ProjectNumber.java:[36,16] [AutoValueFinalMethods] Make toString final in AutoValue classes, so it is clear to readers that AutoValue is not overriding them
    (see https://errorprone.info/bugpattern/AutoValueFinalMethods)
  Did you mean 'public final String toString() {'?
[WARNING] /home/gabsko/breaking-updates/google-cloud-pubsublite/src/main/java/com/google/cloud/pubsublite/ProjectPath.java:[31,16] [AutoValueFinalMethods] Make toString final in AutoValue classes, so it is clear to readers that AutoValue is not overriding them
    (see https://errorprone.info/bugpattern/AutoValueFinalMethods)
  Did you mean 'public final String toString() {'?
[WARNING] /home/gabsko/breaking-updates/google-cloud-pubsublite/src/main/java/com/google/cloud/pubsublite/ProjectPath.java:[53,32] [StringSplitter] String.split(String) has surprising behavior
    (see https://errorprone.info/bugpattern/StringSplitter)
  Did you mean 'List<String> splits = Splitter.on('/').splitToList(path);'?
[INFO] 
[INFO] --- build-helper-maven-plugin:3.3.0:add-test-resource (add-test-proto-resources) @ google-cloud-pubsublite ---
[INFO] 
[INFO] --- maven-resources-plugin:2.6:testResources (default-testResources) @ google-cloud-pubsublite ---
[INFO] Using 'UTF-8' encoding to copy filtered resources.
[INFO] Copying 1 resource
[INFO] skip non existing resourceDirectory /home/gabsko/breaking-updates/google-cloud-pubsublite/src/test/proto
[INFO] 
[INFO] --- maven-compiler-plugin:3.10.1:testCompile (default-testCompile) @ google-cloud-pubsublite ---
[INFO] Changes detected - recompiling the module!
[INFO] Compiling 63 source files to /home/gabsko/breaking-updates/google-cloud-pubsublite/target/test-classes
[WARNING] Unable to autodetect 'javac' path, using 'javac' from the environment.
[WARNING] No processor claimed any of these annotations: org.junit.AfterClass,com.google.api.core.BetaApi,org.junit.BeforeClass,org.mockito.Mock,com.google.errorprone.annotations.concurrent.GuardedBy,org.junit.runner.RunWith,org.junit.Test,org.mockito.Captor,javax.annotation.Generated,org.junit.Rule,org.mockito.Spy,org.junit.After,org.junit.Before
[WARNING] /home/gabsko/breaking-updates/google-cloud-pubsublite/src/test/java/com/google/cloud/pubsublite/internal/wire/SubscriberImplTest.java:[134,4] [deprecation] initMocks(Object) in MockitoAnnotations has been deprecated
[WARNING] /home/gabsko/breaking-updates/google-cloud-pubsublite/src/test/java/com/google/cloud/pubsublite/internal/wire/BatchingCommitterTest.java:[54,4] [deprecation] initMocks(Object) in MockitoAnnotations has been deprecated
[WARNING] /home/gabsko/breaking-updates/google-cloud-pubsublite/src/test/java/com/google/cloud/pubsublite/internal/wire/RoutingPublisherTest.java:[59,4] [deprecation] initMocks(Object) in MockitoAnnotations has been deprecated
[WARNING] /home/gabsko/breaking-updates/google-cloud-pubsublite/src/test/java/com/google/cloud/pubsublite/internal/wire/ConnectedAssignerImplTest.java:[84,22] [deprecation] initMocks(Object) in MockitoAnnotations has been deprecated
[WARNING] /home/gabsko/breaking-updates/google-cloud-pubsublite/src/test/java/com/google/cloud/pubsublite/internal/wire/ConnectedAssignerImplTest.java:[131,27] [try] auto-closeable resource ConnectedAssigner has a member method close() that could throw InterruptedException
[WARNING] /home/gabsko/breaking-updates/google-cloud-pubsublite/src/test/java/com/google/cloud/pubsublite/internal/wire/ConnectedAssignerImplTest.java:[138,27] [try] auto-closeable resource ConnectedAssigner has a member method close() that could throw InterruptedException
[WARNING] /home/gabsko/breaking-updates/google-cloud-pubsublite/src/test/java/com/google/cloud/pubsublite/internal/wire/ConnectedAssignerImplTest.java:[154,9] [unchecked] unchecked generic array creation for varargs parameter of type ClientStream<PartitionAssignmentRequest>[]
[WARNING] /home/gabsko/breaking-updates/google-cloud-pubsublite/src/test/java/com/google/cloud/pubsublite/internal/wire/ConnectedAssignerImplTest.java:[155,9] [unchecked] unchecked generic array creation for varargs parameter of type ResponseObserver<PartitionAssignment>[]
[WARNING] /home/gabsko/breaking-updates/google-cloud-pubsublite/src/test/java/com/google/cloud/pubsublite/internal/wire/BatchPublisherImplTest.java:[96,4] [deprecation] initMocks(Object) in MockitoAnnotations has been deprecated
[WARNING] /home/gabsko/breaking-updates/google-cloud-pubsublite/src/test/java/com/google/cloud/pubsublite/v1/CursorServiceClientTest.java:[107,16] [deprecation] bidiStreamingCall(ApiStreamObserver<ResponseT>) in BidiStreamingCallable has been deprecated
  where ResponseT,RequestT are type-variables:
    ResponseT extends Object declared in class BidiStreamingCallable
    RequestT extends Object declared in class BidiStreamingCallable
[WARNING] /home/gabsko/breaking-updates/google-cloud-pubsublite/src/test/java/com/google/cloud/pubsublite/v1/CursorServiceClientTest.java:[128,16] [deprecation] bidiStreamingCall(ApiStreamObserver<ResponseT>) in BidiStreamingCallable has been deprecated
  where ResponseT,RequestT are type-variables:
    ResponseT extends Object declared in class BidiStreamingCallable
    RequestT extends Object declared in class BidiStreamingCallable
[WARNING] /home/gabsko/breaking-updates/google-cloud-pubsublite/src/test/java/com/google/cloud/pubsublite/internal/wire/SubscriberBuilderTest.java:[46,4] [deprecation] initMocks(Object) in MockitoAnnotations has been deprecated
[WARNING] /home/gabsko/breaking-updates/google-cloud-pubsublite/src/test/java/com/google/cloud/pubsublite/v1/SubscriberServiceClientTest.java:[93,16] [deprecation] bidiStreamingCall(ApiStreamObserver<ResponseT>) in BidiStreamingCallable has been deprecated
  where ResponseT,RequestT are type-variables:
    ResponseT extends Object declared in class BidiStreamingCallable
    RequestT extends Object declared in class BidiStreamingCallable
[WARNING] /home/gabsko/breaking-updates/google-cloud-pubsublite/src/test/java/com/google/cloud/pubsublite/v1/SubscriberServiceClientTest.java:[114,16] [deprecation] bidiStreamingCall(ApiStreamObserver<ResponseT>) in BidiStreamingCallable has been deprecated
  where ResponseT,RequestT are type-variables:
    ResponseT extends Object declared in class BidiStreamingCallable
    RequestT extends Object declared in class BidiStreamingCallable
[WARNING] /home/gabsko/breaking-updates/google-cloud-pubsublite/src/test/java/com/google/cloud/pubsublite/cloudpubsub/MessageTransformsTest.java:[164,12] [unchecked] unchecked conversion
  required: MessageTransformer<SequencedMessage,PubsubMessage>
  found:    MessageTransformer
[WARNING] /home/gabsko/breaking-updates/google-cloud-pubsublite/src/test/java/com/google/cloud/pubsublite/cloudpubsub/internal/WrappingPublisherTest.java:[62,4] [deprecation] initMocks(Object) in MockitoAnnotations has been deprecated
[WARNING] /home/gabsko/breaking-updates/google-cloud-pubsublite/src/test/java/com/google/cloud/pubsublite/internal/wire/SinglePartitionPublisherTest.java:[61,4] [deprecation] initMocks(Object) in MockitoAnnotations has been deprecated
[WARNING] /home/gabsko/breaking-updates/google-cloud-pubsublite/src/test/java/com/google/cloud/pubsublite/cloudpubsub/internal/AckSetTrackerImplTest.java:[65,4] [deprecation] initMocks(Object) in MockitoAnnotations has been deprecated
[WARNING] /home/gabsko/breaking-updates/google-cloud-pubsublite/src/test/java/com/google/cloud/pubsublite/internal/wire/AssignerImplTest.java:[88,22] [deprecation] initMocks(Object) in MockitoAnnotations has been deprecated
[WARNING] /home/gabsko/breaking-updates/google-cloud-pubsublite/src/test/java/com/google/cloud/pubsublite/internal/DefaultRoutingPolicyTest.java:[44,43] [unchecked] unchecked conversion
  required: Map<String,Double>
  found:    Map
[WARNING] /home/gabsko/breaking-updates/google-cloud-pubsublite/src/test/java/com/google/cloud/pubsublite/v1/PartitionAssignmentServiceClientTest.java:[96,16] [deprecation] bidiStreamingCall(ApiStreamObserver<ResponseT>) in BidiStreamingCallable has been deprecated
  where ResponseT,RequestT are type-variables:
    ResponseT extends Object declared in class BidiStreamingCallable
    RequestT extends Object declared in class BidiStreamingCallable
[WARNING] /home/gabsko/breaking-updates/google-cloud-pubsublite/src/test/java/com/google/cloud/pubsublite/v1/PartitionAssignmentServiceClientTest.java:[117,16] [deprecation] bidiStreamingCall(ApiStreamObserver<ResponseT>) in BidiStreamingCallable has been deprecated
  where ResponseT,RequestT are type-variables:
    ResponseT extends Object declared in class BidiStreamingCallable
    RequestT extends Object declared in class BidiStreamingCallable
[WARNING] /home/gabsko/breaking-updates/google-cloud-pubsublite/src/test/java/com/google/cloud/pubsublite/it/ITVPCNegativeTest.java:[122,60] [deprecation] setScale(int) in Builder has been deprecated
[WARNING] /home/gabsko/breaking-updates/google-cloud-pubsublite/src/test/java/com/google/cloud/pubsublite/internal/TopicStatsClientImplTest.java:[149,4] [deprecation] initMocks(Object) in MockitoAnnotations has been deprecated
[WARNING] /home/gabsko/breaking-updates/google-cloud-pubsublite/src/test/java/com/google/cloud/pubsublite/internal/CursorClientImplTest.java:[112,4] [deprecation] initMocks(Object) in MockitoAnnotations has been deprecated
[WARNING] /home/gabsko/breaking-updates/google-cloud-pubsublite/src/test/java/com/google/cloud/pubsublite/internal/AdminClientImplTest.java:[166,4] [deprecation] initMocks(Object) in MockitoAnnotations has been deprecated
[WARNING] /home/gabsko/breaking-updates/google-cloud-pubsublite/src/test/java/com/google/cloud/pubsublite/cloudpubsub/internal/AssigningSubscriberTest.java:[73,4] [deprecation] initMocks(Object) in MockitoAnnotations has been deprecated
[WARNING] /home/gabsko/breaking-updates/google-cloud-pubsublite/src/test/java/com/google/cloud/pubsublite/internal/wire/StreamIdleTimerTest.java:[54,4] [deprecation] initMocks(Object) in MockitoAnnotations has been deprecated
[WARNING] /home/gabsko/breaking-updates/google-cloud-pubsublite/src/test/java/com/google/cloud/pubsublite/internal/wire/PartitionCountWatchingPublisherTest.java:[71,4] [deprecation] initMocks(Object) in MockitoAnnotations has been deprecated
[WARNING] /home/gabsko/breaking-updates/google-cloud-pubsublite/src/test/java/com/google/cloud/pubsublite/v1/PublisherServiceClientTest.java:[92,16] [deprecation] bidiStreamingCall(ApiStreamObserver<ResponseT>) in BidiStreamingCallable has been deprecated
  where ResponseT,RequestT are type-variables:
    ResponseT extends Object declared in class BidiStreamingCallable
    RequestT extends Object declared in class BidiStreamingCallable
[WARNING] /home/gabsko/breaking-updates/google-cloud-pubsublite/src/test/java/com/google/cloud/pubsublite/v1/PublisherServiceClientTest.java:[112,16] [deprecation] bidiStreamingCall(ApiStreamObserver<ResponseT>) in BidiStreamingCallable has been deprecated
  where ResponseT,RequestT are type-variables:
    ResponseT extends Object declared in class BidiStreamingCallable
    RequestT extends Object declared in class BidiStreamingCallable
[WARNING] /home/gabsko/breaking-updates/google-cloud-pubsublite/src/test/java/com/google/cloud/pubsublite/cloudpubsub/PublisherSettingsTest.java:[61,4] [deprecation] initMocks(Object) in MockitoAnnotations has been deprecated
[WARNING] /home/gabsko/breaking-updates/google-cloud-pubsublite/src/test/java/com/google/cloud/pubsublite/internal/wire/ConnectedSubscriberImplTest.java:[101,4] [deprecation] initMocks(Object) in MockitoAnnotations has been deprecated
[WARNING] /home/gabsko/breaking-updates/google-cloud-pubsublite/src/test/java/com/google/cloud/pubsublite/internal/wire/PublisherImplTest.java:[99,4] [deprecation] initMocks(Object) in MockitoAnnotations has been deprecated
[WARNING] /home/gabsko/breaking-updates/google-cloud-pubsublite/src/test/java/com/google/cloud/pubsublite/internal/wire/PublisherImplTest.java:[370,52] [unchecked] unchecked cast
  required: Collection<PubSubMessage>
  found:    Iterable<CAP#1>
  where CAP#1 is a fresh type-variable:
    CAP#1 extends Object from capture of ? extends Object
[WARNING] /home/gabsko/breaking-updates/google-cloud-pubsublite/src/test/java/com/google/cloud/pubsublite/cloudpubsub/internal/SinglePartitionSubscriberTest.java:[92,22] [deprecation] initMocks(Object) in MockitoAnnotations has been deprecated
[WARNING] /home/gabsko/breaking-updates/google-cloud-pubsublite/src/test/java/com/google/cloud/pubsublite/cloudpubsub/internal/SinglePartitionSubscriberTest.java:[192,4] [rawtypes] found raw type: SettableApiFuture
  missing type arguments for generic class SettableApiFuture<V>
  where V is a type-variable:
    V extends Object declared in class SettableApiFuture
[WARNING] /home/gabsko/breaking-updates/google-cloud-pubsublite/src/test/java/com/google/cloud/pubsublite/cloudpubsub/internal/SinglePartitionSubscriberTest.java:[193,32] [unchecked] unchecked call to set(V) as a member of the raw type SettableApiFuture
  where V is a type-variable:
    V extends Object declared in class SettableApiFuture
[WARNING] /home/gabsko/breaking-updates/google-cloud-pubsublite/src/test/java/com/google/cloud/pubsublite/internal/wire/ConnectedCommitterImplTest.java:[95,4] [deprecation] initMocks(Object) in MockitoAnnotations has been deprecated
[WARNING] /home/gabsko/breaking-updates/google-cloud-pubsublite/src/test/java/com/google/cloud/pubsublite/internal/wire/ConnectedCommitterImplTest.java:[146,28] [try] auto-closeable resource ConnectedCommitter has a member method close() that could throw InterruptedException
[WARNING] /home/gabsko/breaking-updates/google-cloud-pubsublite/src/test/java/com/google/cloud/pubsublite/internal/wire/ConnectedCommitterImplTest.java:[153,28] [try] auto-closeable resource ConnectedCommitter has a member method close() that could throw InterruptedException
[WARNING] /home/gabsko/breaking-updates/google-cloud-pubsublite/src/test/java/com/google/cloud/pubsublite/internal/wire/ConnectedCommitterImplTest.java:[165,28] [try] auto-closeable resource ConnectedCommitter has a member method close() that could throw InterruptedException
[WARNING] /home/gabsko/breaking-updates/google-cloud-pubsublite/src/test/java/com/google/cloud/pubsublite/internal/wire/PartitionCountWatcherImplTest.java:[57,4] [deprecation] initMocks(Object) in MockitoAnnotations has been deprecated
[WARNING] /home/gabsko/breaking-updates/google-cloud-pubsublite/src/test/java/com/google/cloud/pubsublite/internal/wire/CommitterImplTest.java:[92,4] [deprecation] initMocks(Object) in MockitoAnnotations has been deprecated
[WARNING] /home/gabsko/breaking-updates/google-cloud-pubsublite/src/test/java/com/google/cloud/pubsublite/internal/wire/SubscriberImplTest.java:[87,43] [StaticAssignmentOfThrowable] Saving instances of Throwable in static fields is discouraged, prefer to create them on-demand when an exception is thrown
    (see https://errorprone.info/bugpattern/StaticAssignmentOfThrowable)
[WARNING] /home/gabsko/breaking-updates/google-cloud-pubsublite/src/test/java/com/google/cloud/pubsublite/internal/wire/ConnectedAssignerImplTest.java:[131,27] [try] auto-closeable resource assigner is never referenced in body of corresponding try statement
[WARNING] /home/gabsko/breaking-updates/google-cloud-pubsublite/src/test/java/com/google/cloud/pubsublite/internal/wire/ConnectedAssignerImplTest.java:[138,27] [try] auto-closeable resource assigner is never referenced in body of corresponding try statement
[WARNING] /home/gabsko/breaking-updates/google-cloud-pubsublite/src/test/java/com/google/cloud/pubsublite/internal/wire/BatchPublisherImplTest.java:[155,28] [try] auto-closeable resource publisher is never referenced in body of corresponding try statement
[WARNING] /home/gabsko/breaking-updates/google-cloud-pubsublite/src/test/java/com/google/cloud/pubsublite/internal/wire/BatchPublisherImplTest.java:[171,28] [try] auto-closeable resource publisher is never referenced in body of corresponding try statement
[WARNING] /home/gabsko/breaking-updates/google-cloud-pubsublite/src/test/java/com/google/cloud/pubsublite/internal/wire/BatchPublisherImplTest.java:[181,28] [try] auto-closeable resource publisher is never referenced in body of corresponding try statement
[WARNING] /home/gabsko/breaking-updates/google-cloud-pubsublite/src/test/java/com/google/cloud/pubsublite/internal/wire/BatchPublisherImplTest.java:[101,52] [VariableNameSameAsType] Variable named ResponseObserver has the type ResponseObserver<PublishResponse>. Calling methods using "ResponseObserver.something" are difficult to distinguish between static and instance methods.
    (see https://errorprone.info/bugpattern/VariableNameSameAsType)
[WARNING] /home/gabsko/breaking-updates/google-cloud-pubsublite/src/test/java/com/google/cloud/pubsublite/internal/BlockingPullSubscriberImplTest.java:[208,27] [TruthConstantAsserts] Truth Library assert is called on a constant.
    (see https://errorprone.info/bugpattern/TruthConstantAsserts)
  Did you mean 'assertThat(count.get()).isEqualTo(1);'?
[WARNING] /home/gabsko/breaking-updates/google-cloud-pubsublite/src/test/java/com/google/cloud/pubsublite/cloudpubsub/MessageTransformsTest.java:[267,36] [UnnecessaryParentheses] These grouping parentheses are unnecessary; it is unlikely the code will be misinterpreted without them
    (see https://errorprone.info/bugpattern/UnnecessaryParentheses)
  Did you mean '"Unlikely to be an encoded timestamp proto.".getBytes()))'?
[WARNING] /home/gabsko/breaking-updates/google-cloud-pubsublite/src/test/java/com/google/cloud/pubsublite/cloudpubsub/MessageTransformsTest.java:[267,90] [DefaultCharset] Implicit use of the platform default charset, which can result in differing behaviour between JVM executions or incorrect behavior if the encoding of the data source doesn't match expectations.
    (see https://errorprone.info/bugpattern/DefaultCharset)
  Did you mean '("Unlikely to be an encoded timestamp proto.".getBytes(UTF_8))))' or '("Unlikely to be an encoded timestamp proto.".getBytes(Charset.defaultCharset()))))'?
[WARNING] /home/gabsko/breaking-updates/google-cloud-pubsublite/src/test/java/com/google/cloud/pubsublite/cloudpubsub/internal/AckSetTrackerImplTest.java:[84,13] [UnusedVariable] The local variable 'ignoredAck7' is never read.
    (see https://errorprone.info/bugpattern/UnusedVariable)
  Did you mean to remove this line or 'tracker.track(messageForOffset(7));'?
[WARNING] /home/gabsko/breaking-updates/google-cloud-pubsublite/src/test/java/com/google/cloud/pubsublite/internal/DefaultRoutingPolicyTest.java:[40,8] [DefaultCharset] Implicit use of the platform default charset, which can result in differing behaviour between JVM executions or incorrect behavior if the encoding of the data source doesn't match expectations.
    (see https://errorprone.info/bugpattern/DefaultCharset)
  Did you mean 'DefaultRoutingPolicyTest.class.getResource("/routing_tests.json").toURI())), UTF_8);' or 'DefaultRoutingPolicyTest.class.getResource("/routing_tests.json").toURI())), Charset.defaultCharset());'?
[WARNING] /home/gabsko/breaking-updates/google-cloud-pubsublite/src/test/java/com/google/cloud/pubsublite/it/ITVPCNegativeTest.java:[324,23] [FutureReturnValueIgnored] Return value of methods returning Future must be checked. Ignoring returned Futures suppresses exceptions thrown from the code that completes the Future.
    (see https://errorprone.info/bugpattern/FutureReturnValueIgnored)
[WARNING] /home/gabsko/breaking-updates/google-cloud-pubsublite/src/test/java/com/google/cloud/pubsublite/internal/wire/PartitionCountWatchingPublisherTest.java:[52,27] [UnusedMethod] Method 'path' is never used.
    (see https://errorprone.info/bugpattern/UnusedMethod)
  Did you mean to remove this line?
[WARNING] /home/gabsko/breaking-updates/google-cloud-pubsublite/src/test/java/com/google/cloud/pubsublite/internal/wire/PartitionCountWatchingPublisherTest.java:[50,35] [UnusedVariable] The field 'REGION' is never read.
    (see https://errorprone.info/bugpattern/UnusedVariable)
  Did you mean to remove this line or 'static { example(CloudRegion.class); }'?
[WARNING] /home/gabsko/breaking-updates/google-cloud-pubsublite/src/test/java/com/google/cloud/pubsublite/internal/wire/PartitionCountWatchingPublisherTest.java:[49,32] [UnusedVariable] The field 'PERIOD' is never read.
    (see https://errorprone.info/bugpattern/UnusedVariable)
  Did you mean to remove this line or 'static { Duration.ofMinutes(1); }'?
[WARNING] /home/gabsko/breaking-updates/google-cloud-pubsublite/src/test/java/com/google/cloud/pubsublite/cloudpubsub/PublisherSettingsTest.java:[57,33] [UnusedVariable] The field 'fakeWatcher' is never read.
    (see https://errorprone.info/bugpattern/UnusedVariable)
  Did you mean to remove this line?
[WARNING] /home/gabsko/breaking-updates/google-cloud-pubsublite/src/test/java/com/google/cloud/pubsublite/internal/wire/ConnectedSubscriberImplTest.java:[152,33] [try] auto-closeable resource subscriber is never referenced in body of corresponding try statement
[WARNING] /home/gabsko/breaking-updates/google-cloud-pubsublite/src/test/java/com/google/cloud/pubsublite/internal/wire/ConnectedSubscriberImplTest.java:[159,33] [try] auto-closeable resource subscriber is never referenced in body of corresponding try statement
[WARNING] /home/gabsko/breaking-updates/google-cloud-pubsublite/src/test/java/com/google/cloud/pubsublite/internal/wire/ConnectedSubscriberImplTest.java:[170,33] [try] auto-closeable resource subscriber is never referenced in body of corresponding try statement
[WARNING] /home/gabsko/breaking-updates/google-cloud-pubsublite/src/test/java/com/google/cloud/pubsublite/internal/wire/ConnectedSubscriberImplTest.java:[183,33] [try] auto-closeable resource subscriber is never referenced in body of corresponding try statement
[WARNING] /home/gabsko/breaking-updates/google-cloud-pubsublite/src/test/java/com/google/cloud/pubsublite/internal/CloseableMonitorTest.java:[39,31] [try] auto-closeable resource h is never referenced in body of corresponding try statement
[WARNING] /home/gabsko/breaking-updates/google-cloud-pubsublite/src/test/java/com/google/cloud/pubsublite/internal/CloseableMonitorTest.java:[50,37] [try] auto-closeable resource h is never referenced in body of corresponding try statement
[WARNING] /home/gabsko/breaking-updates/google-cloud-pubsublite/src/test/java/com/google/cloud/pubsublite/internal/CloseableMonitorTest.java:[55,31] [try] auto-closeable resource h is never referenced in body of corresponding try statement
[WARNING] /home/gabsko/breaking-updates/google-cloud-pubsublite/src/test/java/com/google/cloud/pubsublite/internal/wire/ConnectedCommitterImplTest.java:[146,28] [try] auto-closeable resource committer is never referenced in body of corresponding try statement
[WARNING] /home/gabsko/breaking-updates/google-cloud-pubsublite/src/test/java/com/google/cloud/pubsublite/internal/wire/ConnectedCommitterImplTest.java:[153,28] [try] auto-closeable resource committer is never referenced in body of corresponding try statement
[WARNING] /home/gabsko/breaking-updates/google-cloud-pubsublite/src/test/java/com/google/cloud/pubsublite/internal/wire/ConnectedCommitterImplTest.java:[165,28] [try] auto-closeable resource committer is never referenced in body of corresponding try statement
[INFO] 
[INFO] --- animal-sniffer-maven-plugin:1.21:check (java8) @ google-cloud-pubsublite ---
[INFO] Checking unresolved references to org.codehaus.mojo.signature:java18:1.0
[INFO] 
[INFO] --- maven-surefire-plugin:3.0.0-M7:test (default-test) @ google-cloud-pubsublite ---
[INFO] Using configured provider org.apache.maven.surefire.junitcore.JUnitCoreProvider
[INFO] 
[INFO] -------------------------------------------------------
[INFO]  T E S T S
[INFO] -------------------------------------------------------
[INFO] Running com.google.cloud.pubsublite.cloudpubsub.PublisherSettingsTest
[INFO] Tests run: 1, Failures: 0, Errors: 0, Skipped: 0, Time elapsed: 0.915 s - in com.google.cloud.pubsublite.cloudpubsub.PublisherSettingsTest
[INFO] Running com.google.cloud.pubsublite.cloudpubsub.SubscriberSettingsTest
Jan 17, 2023 6:16:25 PM com.google.cloud.pubsublite.internal.wire.AssignerSettings instantiate
INFO: Subscription projects/56/locations/us-central1-a/subscriptions/xyz using UUID 28cd9678-80b1-4e7f-93e2-48c1fa3af797 for assignment.
[INFO] Tests run: 2, Failures: 0, Errors: 0, Skipped: 0, Time elapsed: 0.178 s - in com.google.cloud.pubsublite.cloudpubsub.SubscriberSettingsTest
[INFO] Running com.google.cloud.pubsublite.cloudpubsub.MessageTransformsTest
[INFO] Tests run: 11, Failures: 0, Errors: 0, Skipped: 0, Time elapsed: 0.328 s - in com.google.cloud.pubsublite.cloudpubsub.MessageTransformsTest
[INFO] Running com.google.cloud.pubsublite.cloudpubsub.internal.AssigningSubscriberTest
[INFO] Tests run: 8, Failures: 0, Errors: 0, Skipped: 0, Time elapsed: 0.137 s - in com.google.cloud.pubsublite.cloudpubsub.internal.AssigningSubscriberTest
[INFO] Running com.google.cloud.pubsublite.cloudpubsub.internal.SinglePartitionSubscriberTest
[INFO] Tests run: 8, Failures: 0, Errors: 0, Skipped: 0, Time elapsed: 0.137 s - in com.google.cloud.pubsublite.cloudpubsub.internal.SinglePartitionSubscriberTest
[INFO] Running com.google.cloud.pubsublite.cloudpubsub.internal.WrappingPublisherTest
[INFO] Tests run: 3, Failures: 0, Errors: 0, Skipped: 0, Time elapsed: 0.032 s - in com.google.cloud.pubsublite.cloudpubsub.internal.WrappingPublisherTest
[INFO] Running com.google.cloud.pubsublite.cloudpubsub.internal.AckSetTrackerImplTest
Jan 17, 2023 6:16:26 PM com.google.cloud.pubsublite.cloudpubsub.internal.WrappingPublisher$1 failed
WARNING: Publisher client failed with permanent error.
com.google.api.gax.rpc.ApiException: 
	at com.google.cloud.pubsublite.internal.CheckedApiException.<init>(CheckedApiException.java:51)
	at com.google.cloud.pubsublite.internal.CheckedApiException.<init>(CheckedApiException.java:55)
	at com.google.cloud.pubsublite.cloudpubsub.MessageTransforms.decodeAttributeEventTime(MessageTransforms.java:62)
	at com.google.cloud.pubsublite.cloudpubsub.MessageTransforms.lambda$fromCpsPublishTransformer$5(MessageTransforms.java:136)
	at com.google.cloud.pubsublite.cloudpubsub.internal.WrappingPublisher.publish(WrappingPublisher.java:69)
	at com.google.cloud.pubsublite.cloudpubsub.internal.WrappingPublisherTest.badTimestampCannotBeTransformed(WrappingPublisherTest.java:102)
	at java.base/jdk.internal.reflect.NativeMethodAccessorImpl.invoke0(Native Method)
	at java.base/jdk.internal.reflect.NativeMethodAccessorImpl.invoke(NativeMethodAccessorImpl.java:62)
	at java.base/jdk.internal.reflect.DelegatingMethodAccessorImpl.invoke(DelegatingMethodAccessorImpl.java:43)
	at java.base/java.lang.reflect.Method.invoke(Method.java:566)
	at org.junit.runners.model.FrameworkMethod$1.runReflectiveCall(FrameworkMethod.java:59)
	at org.junit.internal.runners.model.ReflectiveCallable.run(ReflectiveCallable.java:12)
	at org.junit.runners.model.FrameworkMethod.invokeExplosively(FrameworkMethod.java:56)
	at org.junit.internal.runners.statements.InvokeMethod.evaluate(InvokeMethod.java:17)
	at org.junit.internal.runners.statements.RunBefores.evaluate(RunBefores.java:26)
	at org.junit.internal.runners.statements.RunAfters.evaluate(RunAfters.java:27)
	at org.junit.runners.ParentRunner$3.evaluate(ParentRunner.java:306)
	at org.junit.runners.BlockJUnit4ClassRunner$1.evaluate(BlockJUnit4ClassRunner.java:100)
	at org.junit.runners.ParentRunner.runLeaf(ParentRunner.java:366)
	at org.junit.runners.BlockJUnit4ClassRunner.runChild(BlockJUnit4ClassRunner.java:103)
	at org.junit.runners.BlockJUnit4ClassRunner.runChild(BlockJUnit4ClassRunner.java:63)
	at org.junit.runners.ParentRunner$4.run(ParentRunner.java:331)
	at org.junit.runners.ParentRunner$1.schedule(ParentRunner.java:79)
	at org.junit.runners.ParentRunner.runChildren(ParentRunner.java:329)
	at org.junit.runners.ParentRunner.access$100(ParentRunner.java:66)
	at org.junit.runners.ParentRunner$2.evaluate(ParentRunner.java:293)
	at org.junit.runners.ParentRunner$3.evaluate(ParentRunner.java:306)
	at org.junit.runners.ParentRunner.run(ParentRunner.java:413)
	at org.junit.runners.Suite.runChild(Suite.java:128)
	at org.junit.runners.Suite.runChild(Suite.java:27)
	at org.junit.runners.ParentRunner$4.run(ParentRunner.java:331)
	at org.junit.runners.ParentRunner$1.schedule(ParentRunner.java:79)
	at org.junit.runners.ParentRunner.runChildren(ParentRunner.java:329)
	at org.junit.runners.ParentRunner.access$100(ParentRunner.java:66)
	at org.junit.runners.ParentRunner$2.evaluate(ParentRunner.java:293)
	at org.junit.runners.ParentRunner$3.evaluate(ParentRunner.java:306)
	at org.junit.runners.ParentRunner.run(ParentRunner.java:413)
	at org.apache.maven.surefire.junitcore.JUnitCore.run(JUnitCore.java:55)
	at org.apache.maven.surefire.junitcore.JUnitCoreWrapper.createRequestAndRun(JUnitCoreWrapper.java:137)
	at org.apache.maven.surefire.junitcore.JUnitCoreWrapper.executeEager(JUnitCoreWrapper.java:107)
	at org.apache.maven.surefire.junitcore.JUnitCoreWrapper.execute(JUnitCoreWrapper.java:83)
	at org.apache.maven.surefire.junitcore.JUnitCoreWrapper.execute(JUnitCoreWrapper.java:75)
	at org.apache.maven.surefire.junitcore.JUnitCoreProvider.invoke(JUnitCoreProvider.java:158)
	at org.apache.maven.surefire.booter.ForkedBooter.runSuitesInProcess(ForkedBooter.java:456)
	at org.apache.maven.surefire.booter.ForkedBooter.execute(ForkedBooter.java:169)
	at org.apache.maven.surefire.booter.ForkedBooter.run(ForkedBooter.java:595)
	at org.apache.maven.surefire.booter.ForkedBooter.main(ForkedBooter.java:581)
Caused by: java.lang.IllegalArgumentException: Illegal base64 character 20
	at java.base/java.util.Base64$Decoder.decode0(Base64.java:746)
	at java.base/java.util.Base64$Decoder.decode(Base64.java:538)
	at java.base/java.util.Base64$Decoder.decode(Base64.java:561)
	at com.google.cloud.pubsublite.cloudpubsub.MessageTransforms.decodeAttributeEventTime(MessageTransforms.java:60)
	... 44 more

Jan 17, 2023 6:16:26 PM com.google.cloud.pubsublite.cloudpubsub.internal.WrappingPublisher$1 failed
WARNING: Publisher client failed with permanent error.
com.google.api.gax.rpc.ApiException: 
	at com.google.cloud.pubsublite.internal.CheckedApiException.<init>(CheckedApiException.java:51)
	at com.google.cloud.pubsublite.internal.CheckedApiException.<init>(CheckedApiException.java:59)
	at com.google.cloud.pubsublite.internal.CheckedApiException.<init>(CheckedApiException.java:63)
	at com.google.cloud.pubsublite.cloudpubsub.internal.WrappingPublisherTest.publishAfterFailureFailedImmediately(WrappingPublisherTest.java:110)
	at java.base/jdk.internal.reflect.NativeMethodAccessorImpl.invoke0(Native Method)
	at java.base/jdk.internal.reflect.NativeMethodAccessorImpl.invoke(NativeMethodAccessorImpl.java:62)
	at java.base/jdk.internal.reflect.DelegatingMethodAccessorImpl.invoke(DelegatingMethodAccessorImpl.java:43)
	at java.base/java.lang.reflect.Method.invoke(Method.java:566)
	at org.junit.runners.model.FrameworkMethod$1.runReflectiveCall(FrameworkMethod.java:59)
	at org.junit.internal.runners.model.ReflectiveCallable.run(ReflectiveCallable.java:12)
	at org.junit.runners.model.FrameworkMethod.invokeExplosively(FrameworkMethod.java:56)
	at org.junit.internal.runners.statements.InvokeMethod.evaluate(InvokeMethod.java:17)
	at org.junit.internal.runners.statements.RunBefores.evaluate(RunBefores.java:26)
	at org.junit.internal.runners.statements.RunAfters.evaluate(RunAfters.java:27)
	at org.junit.runners.ParentRunner$3.evaluate(ParentRunner.java:306)
	at org.junit.runners.BlockJUnit4ClassRunner$1.evaluate(BlockJUnit4ClassRunner.java:100)
	at org.junit.runners.ParentRunner.runLeaf(ParentRunner.java:366)
	at org.junit.runners.BlockJUnit4ClassRunner.runChild(BlockJUnit4ClassRunner.java:103)
	at org.junit.runners.BlockJUnit4ClassRunner.runChild(BlockJUnit4ClassRunner.java:63)
	at org.junit.runners.ParentRunner$4.run(ParentRunner.java:331)
	at org.junit.runners.ParentRunner$1.schedule(ParentRunner.java:79)
	at org.junit.runners.ParentRunner.runChildren(ParentRunner.java:329)
	at org.junit.runners.ParentRunner.access$100(ParentRunner.java:66)
	at org.junit.runners.ParentRunner$2.evaluate(ParentRunner.java:293)
	at org.junit.runners.ParentRunner$3.evaluate(ParentRunner.java:306)
	at org.junit.runners.ParentRunner.run(ParentRunner.java:413)
	at org.junit.runners.Suite.runChild(Suite.java:128)
	at org.junit.runners.Suite.runChild(Suite.java:27)
	at org.junit.runners.ParentRunner$4.run(ParentRunner.java:331)
	at org.junit.runners.ParentRunner$1.schedule(ParentRunner.java:79)
	at org.junit.runners.ParentRunner.runChildren(ParentRunner.java:329)
	at org.junit.runners.ParentRunner.access$100(ParentRunner.java:66)
	at org.junit.runners.ParentRunner$2.evaluate(ParentRunner.java:293)
	at org.junit.runners.ParentRunner$3.evaluate(ParentRunner.java:306)
	at org.junit.runners.ParentRunner.run(ParentRunner.java:413)
	at org.apache.maven.surefire.junitcore.JUnitCore.run(JUnitCore.java:55)
	at org.apache.maven.surefire.junitcore.JUnitCoreWrapper.createRequestAndRun(JUnitCoreWrapper.java:137)
	at org.apache.maven.surefire.junitcore.JUnitCoreWrapper.executeEager(JUnitCoreWrapper.java:107)
	at org.apache.maven.surefire.junitcore.JUnitCoreWrapper.execute(JUnitCoreWrapper.java:83)
	at org.apache.maven.surefire.junitcore.JUnitCoreWrapper.execute(JUnitCoreWrapper.java:75)
	at org.apache.maven.surefire.junitcore.JUnitCoreProvider.invoke(JUnitCoreProvider.java:158)
	at org.apache.maven.surefire.booter.ForkedBooter.runSuitesInProcess(ForkedBooter.java:456)
	at org.apache.maven.surefire.booter.ForkedBooter.execute(ForkedBooter.java:169)
	at org.apache.maven.surefire.booter.ForkedBooter.run(ForkedBooter.java:595)
	at org.apache.maven.surefire.booter.ForkedBooter.main(ForkedBooter.java:581)

[INFO] Tests run: 4, Failures: 0, Errors: 0, Skipped: 0, Time elapsed: 0.09 s - in com.google.cloud.pubsublite.cloudpubsub.internal.AckSetTrackerImplTest
[INFO] Running com.google.cloud.pubsublite.v1.SubscriberServiceClientTest
[INFO] Tests run: 2, Failures: 0, Errors: 0, Skipped: 0, Time elapsed: 0.294 s - in com.google.cloud.pubsublite.v1.SubscriberServiceClientTest
[INFO] Running com.google.cloud.pubsublite.v1.TopicStatsServiceClientTest
[INFO] Tests run: 6, Failures: 0, Errors: 0, Skipped: 0, Time elapsed: 0.1 s - in com.google.cloud.pubsublite.v1.TopicStatsServiceClientTest
[INFO] Running com.google.cloud.pubsublite.v1.PartitionAssignmentServiceClientTest
[INFO] Tests run: 2, Failures: 0, Errors: 0, Skipped: 0, Time elapsed: 0.011 s - in com.google.cloud.pubsublite.v1.PartitionAssignmentServiceClientTest
[INFO] Running com.google.cloud.pubsublite.v1.PublisherServiceClientTest
[INFO] Tests run: 2, Failures: 0, Errors: 0, Skipped: 0, Time elapsed: 0.024 s - in com.google.cloud.pubsublite.v1.PublisherServiceClientTest
[INFO] Running com.google.cloud.pubsublite.v1.CursorServiceClientTest
[INFO] Tests run: 8, Failures: 0, Errors: 0, Skipped: 0, Time elapsed: 0.138 s - in com.google.cloud.pubsublite.v1.CursorServiceClientTest
[INFO] Running com.google.cloud.pubsublite.v1.AdminServiceClientTest
[INFO] Tests run: 68, Failures: 0, Errors: 0, Skipped: 0, Time elapsed: 0.306 s - in com.google.cloud.pubsublite.v1.AdminServiceClientTest
[INFO] Running com.google.cloud.pubsublite.MessageMetadataTest
[INFO] Tests run: 4, Failures: 0, Errors: 0, Skipped: 0, Time elapsed: 0.001 s - in com.google.cloud.pubsublite.MessageMetadataTest
[INFO] Running com.google.cloud.pubsublite.internal.CursorClientImplTest
[INFO] Tests run: 5, Failures: 0, Errors: 0, Skipped: 0, Time elapsed: 0.019 s - in com.google.cloud.pubsublite.internal.CursorClientImplTest
[INFO] Running com.google.cloud.pubsublite.internal.TopicStatsClientSettingsTest
[INFO] Tests run: 1, Failures: 0, Errors: 0, Skipped: 0, Time elapsed: 0.007 s - in com.google.cloud.pubsublite.internal.TopicStatsClientSettingsTest
[INFO] Running com.google.cloud.pubsublite.internal.DefaultRoutingPolicyTest
[INFO] Tests run: 1, Failures: 0, Errors: 0, Skipped: 0, Time elapsed: 0.056 s - in com.google.cloud.pubsublite.internal.DefaultRoutingPolicyTest
[INFO] Running com.google.cloud.pubsublite.internal.AdminClientImplTest
[INFO] Tests run: 44, Failures: 0, Errors: 0, Skipped: 0, Time elapsed: 0.143 s - in com.google.cloud.pubsublite.internal.AdminClientImplTest
[INFO] Running com.google.cloud.pubsublite.internal.SerialExecutorTest
[INFO] Tests run: 2, Failures: 0, Errors: 0, Skipped: 0, Time elapsed: 0 s - in com.google.cloud.pubsublite.internal.SerialExecutorTest
[INFO] Running com.google.cloud.pubsublite.internal.BlockingPullSubscriberImplTest
[INFO] Tests run: 9, Failures: 0, Errors: 0, Skipped: 0, Time elapsed: 1.074 s - in com.google.cloud.pubsublite.internal.BlockingPullSubscriberImplTest
[INFO] Running com.google.cloud.pubsublite.internal.CloseableMonitorTest
[INFO] Tests run: 2, Failures: 0, Errors: 0, Skipped: 0, Time elapsed: 0 s - in com.google.cloud.pubsublite.internal.CloseableMonitorTest
[INFO] Running com.google.cloud.pubsublite.internal.CursorClientSettingsTest
[INFO] Tests run: 1, Failures: 0, Errors: 0, Skipped: 0, Time elapsed: 0 s - in com.google.cloud.pubsublite.internal.CursorClientSettingsTest
[INFO] Running com.google.cloud.pubsublite.internal.TopicStatsClientImplTest
[INFO] Tests run: 11, Failures: 0, Errors: 0, Skipped: 0, Time elapsed: 0.015 s - in com.google.cloud.pubsublite.internal.TopicStatsClientImplTest
[INFO] Running com.google.cloud.pubsublite.internal.BufferingPullSubscriberTest
[INFO] Tests run: 6, Failures: 0, Errors: 0, Skipped: 0, Time elapsed: 0.006 s - in com.google.cloud.pubsublite.internal.BufferingPullSubscriberTest
[INFO] Running com.google.cloud.pubsublite.internal.wire.ConnectedCommitterImplTest
[INFO] Tests run: 9, Failures: 0, Errors: 0, Skipped: 0, Time elapsed: 0.256 s - in com.google.cloud.pubsublite.internal.wire.ConnectedCommitterImplTest
[INFO] Running com.google.cloud.pubsublite.internal.wire.SubscriberImplTest
Jan 17, 2023 6:16:29 PM com.google.cloud.pubsublite.internal.wire.RetryingConnectionImpl setPermanentError
INFO: Permanent error occurred for SubscribeRequest: initial {
  subscription: "projects/12345/locations/us-east1-a/subscriptions/some_subscription"
  partition: 1024
  initial_location {
    named_target: COMMITTED_CURSOR
  }
}

com.google.cloud.pubsublite.internal.CheckedApiException: 
	at com.google.cloud.pubsublite.internal.CheckedApiPreconditions.checkArgument(CheckedApiPreconditions.java:30)
	at com.google.cloud.pubsublite.internal.CheckedApiPreconditions.checkArgument(CheckedApiPreconditions.java:26)
	at com.google.cloud.pubsublite.internal.wire.NextOffsetTracker.onMessages(NextOffsetTracker.java:38)
	at com.google.cloud.pubsublite.internal.wire.SubscriberImpl.onClientResponse(SubscriberImpl.java:226)
	at com.google.cloud.pubsublite.internal.wire.SubscriberImpl.onClientResponse(SubscriberImpl.java:45)
	at com.google.cloud.pubsublite.internal.wire.RetryingConnectionImpl.onResponse(RetryingConnectionImpl.java:164)
	at com.google.cloud.pubsublite.internal.wire.SubscriberImplTest.messagesEmpty_IsError(SubscriberImplTest.java:210)
	at java.base/jdk.internal.reflect.NativeMethodAccessorImpl.invoke0(Native Method)
	at java.base/jdk.internal.reflect.NativeMethodAccessorImpl.invoke(NativeMethodAccessorImpl.java:62)
	at java.base/jdk.internal.reflect.DelegatingMethodAccessorImpl.invoke(DelegatingMethodAccessorImpl.java:43)
	at java.base/java.lang.reflect.Method.invoke(Method.java:566)
	at org.junit.runners.model.FrameworkMethod$1.runReflectiveCall(FrameworkMethod.java:59)
	at org.junit.internal.runners.model.ReflectiveCallable.run(ReflectiveCallable.java:12)
	at org.junit.runners.model.FrameworkMethod.invokeExplosively(FrameworkMethod.java:56)
	at org.junit.internal.runners.statements.InvokeMethod.evaluate(InvokeMethod.java:17)
	at org.junit.internal.runners.statements.RunBefores.evaluate(RunBefores.java:26)
	at org.junit.runners.ParentRunner$3.evaluate(ParentRunner.java:306)
	at org.junit.runners.BlockJUnit4ClassRunner$1.evaluate(BlockJUnit4ClassRunner.java:100)
	at org.junit.runners.ParentRunner.runLeaf(ParentRunner.java:366)
	at org.junit.runners.BlockJUnit4ClassRunner.runChild(BlockJUnit4ClassRunner.java:103)
	at org.junit.runners.BlockJUnit4ClassRunner.runChild(BlockJUnit4ClassRunner.java:63)
	at org.junit.runners.ParentRunner$4.run(ParentRunner.java:331)
	at org.junit.runners.ParentRunner$1.schedule(ParentRunner.java:79)
	at org.junit.runners.ParentRunner.runChildren(ParentRunner.java:329)
	at org.junit.runners.ParentRunner.access$100(ParentRunner.java:66)
	at org.junit.runners.ParentRunner$2.evaluate(ParentRunner.java:293)
	at org.junit.runners.ParentRunner$3.evaluate(ParentRunner.java:306)
	at org.junit.runners.ParentRunner.run(ParentRunner.java:413)
	at org.junit.runners.Suite.runChild(Suite.java:128)
	at org.junit.runners.Suite.runChild(Suite.java:27)
	at org.junit.runners.ParentRunner$4.run(ParentRunner.java:331)
	at org.junit.runners.ParentRunner$1.schedule(ParentRunner.java:79)
	at org.junit.runners.ParentRunner.runChildren(ParentRunner.java:329)
	at org.junit.runners.ParentRunner.access$100(ParentRunner.java:66)
	at org.junit.runners.ParentRunner$2.evaluate(ParentRunner.java:293)
	at org.junit.runners.ParentRunner$3.evaluate(ParentRunner.java:306)
	at org.junit.runners.ParentRunner.run(ParentRunner.java:413)
	at org.apache.maven.surefire.junitcore.JUnitCore.run(JUnitCore.java:55)
	at org.apache.maven.surefire.junitcore.JUnitCoreWrapper.createRequestAndRun(JUnitCoreWrapper.java:137)
	at org.apache.maven.surefire.junitcore.JUnitCoreWrapper.executeEager(JUnitCoreWrapper.java:107)
	at org.apache.maven.surefire.junitcore.JUnitCoreWrapper.execute(JUnitCoreWrapper.java:83)
	at org.apache.maven.surefire.junitcore.JUnitCoreWrapper.execute(JUnitCoreWrapper.java:75)
	at org.apache.maven.surefire.junitcore.JUnitCoreProvider.invoke(JUnitCoreProvider.java:158)
	at org.apache.maven.surefire.booter.ForkedBooter.runSuitesInProcess(ForkedBooter.java:456)
	at org.apache.maven.surefire.booter.ForkedBooter.execute(ForkedBooter.java:169)
	at org.apache.maven.surefire.booter.ForkedBooter.run(ForkedBooter.java:595)
	at org.apache.maven.surefire.booter.ForkedBooter.main(ForkedBooter.java:581)
Caused by: com.google.api.gax.rpc.ApiException: 
	at com.google.cloud.pubsublite.internal.CheckedApiException.<init>(CheckedApiException.java:51)
	at com.google.cloud.pubsublite.internal.CheckedApiException.<init>(CheckedApiException.java:59)
	... 47 more

Jan 17, 2023 6:16:29 PM com.google.cloud.pubsublite.internal.wire.RetryingConnectionImpl setPermanentError
INFO: Permanent error occurred for SubscribeRequest: initial {
  subscription: "projects/12345/locations/us-east1-a/subscriptions/some_subscription"
  partition: 1024
  initial_location {
    named_target: COMMITTED_CURSOR
  }
}

com.google.cloud.pubsublite.internal.CheckedApiException: Received message with offset Offset{value=0} older than known cursor location Optional[Offset{value=1}].
	at com.google.cloud.pubsublite.internal.CheckedApiPreconditions.checkState(CheckedApiPreconditions.java:44)
	at com.google.cloud.pubsublite.internal.wire.NextOffsetTracker.onMessages(NextOffsetTracker.java:41)
	at com.google.cloud.pubsublite.internal.wire.SubscriberImpl.onClientResponse(SubscriberImpl.java:226)
	at com.google.cloud.pubsublite.internal.wire.SubscriberImpl.onClientResponse(SubscriberImpl.java:45)
	at com.google.cloud.pubsublite.internal.wire.RetryingConnectionImpl.onResponse(RetryingConnectionImpl.java:164)
	at com.google.cloud.pubsublite.internal.wire.SubscriberImplTest.messageBatchesOutOfOrder_IsError(SubscriberImplTest.java:239)
	at java.base/jdk.internal.reflect.NativeMethodAccessorImpl.invoke0(Native Method)
	at java.base/jdk.internal.reflect.NativeMethodAccessorImpl.invoke(NativeMethodAccessorImpl.java:62)
	at java.base/jdk.internal.reflect.DelegatingMethodAccessorImpl.invoke(DelegatingMethodAccessorImpl.java:43)
	at java.base/java.lang.reflect.Method.invoke(Method.java:566)
	at org.junit.runners.model.FrameworkMethod$1.runReflectiveCall(FrameworkMethod.java:59)
	at org.junit.internal.runners.model.ReflectiveCallable.run(ReflectiveCallable.java:12)
	at org.junit.runners.model.FrameworkMethod.invokeExplosively(FrameworkMethod.java:56)
	at org.junit.internal.runners.statements.InvokeMethod.evaluate(InvokeMethod.java:17)
	at org.junit.internal.runners.statements.RunBefores.evaluate(RunBefores.java:26)
	at org.junit.runners.ParentRunner$3.evaluate(ParentRunner.java:306)
	at org.junit.runners.BlockJUnit4ClassRunner$1.evaluate(BlockJUnit4ClassRunner.java:100)
	at org.junit.runners.ParentRunner.runLeaf(ParentRunner.java:366)
	at org.junit.runners.BlockJUnit4ClassRunner.runChild(BlockJUnit4ClassRunner.java:103)
	at org.junit.runners.BlockJUnit4ClassRunner.runChild(BlockJUnit4ClassRunner.java:63)
	at org.junit.runners.ParentRunner$4.run(ParentRunner.java:331)
	at org.junit.runners.ParentRunner$1.schedule(ParentRunner.java:79)
	at org.junit.runners.ParentRunner.runChildren(ParentRunner.java:329)
	at org.junit.runners.ParentRunner.access$100(ParentRunner.java:66)
	at org.junit.runners.ParentRunner$2.evaluate(ParentRunner.java:293)
	at org.junit.runners.ParentRunner$3.evaluate(ParentRunner.java:306)
	at org.junit.runners.ParentRunner.run(ParentRunner.java:413)
	at org.junit.runners.Suite.runChild(Suite.java:128)
	at org.junit.runners.Suite.runChild(Suite.java:27)
	at org.junit.runners.ParentRunner$4.run(ParentRunner.java:331)
	at org.junit.runners.ParentRunner$1.schedule(ParentRunner.java:79)
	at org.junit.runners.ParentRunner.runChildren(ParentRunner.java:329)
	at org.junit.runners.ParentRunner.access$100(ParentRunner.java:66)
	at org.junit.runners.ParentRunner$2.evaluate(ParentRunner.java:293)
	at org.junit.runners.ParentRunner$3.evaluate(ParentRunner.java:306)
	at org.junit.runners.ParentRunner.run(ParentRunner.java:413)
	at org.apache.maven.surefire.junitcore.JUnitCore.run(JUnitCore.java:55)
	at org.apache.maven.surefire.junitcore.JUnitCoreWrapper.createRequestAndRun(JUnitCoreWrapper.java:137)
	at org.apache.maven.surefire.junitcore.JUnitCoreWrapper.executeEager(JUnitCoreWrapper.java:107)
	at org.apache.maven.surefire.junitcore.JUnitCoreWrapper.execute(JUnitCoreWrapper.java:83)
	at org.apache.maven.surefire.junitcore.JUnitCoreWrapper.execute(JUnitCoreWrapper.java:75)
	at org.apache.maven.surefire.junitcore.JUnitCoreProvider.invoke(JUnitCoreProvider.java:158)
	at org.apache.maven.surefire.booter.ForkedBooter.runSuitesInProcess(ForkedBooter.java:456)
	at org.apache.maven.surefire.booter.ForkedBooter.execute(ForkedBooter.java:169)
	at org.apache.maven.surefire.booter.ForkedBooter.run(ForkedBooter.java:595)
	at org.apache.maven.surefire.booter.ForkedBooter.main(ForkedBooter.java:581)
Caused by: com.google.api.gax.rpc.ApiException: Received message with offset Offset{value=0} older than known cursor location Optional[Offset{value=1}].
	at com.google.cloud.pubsublite.internal.CheckedApiException.<init>(CheckedApiException.java:51)
	at com.google.cloud.pubsublite.internal.CheckedApiException.<init>(CheckedApiException.java:59)
	... 46 more

Jan 17, 2023 6:16:29 PM com.google.cloud.pubsublite.internal.wire.RetryingConnectionImpl setPermanentError
INFO: Permanent error occurred for SubscribeRequest: initial {
  subscription: "projects/12345/locations/us-east1-a/subscriptions/some_subscription"
  partition: 1024
  initial_location {
    named_target: COMMITTED_CURSOR
  }
}

com.google.cloud.pubsublite.internal.CheckedApiException: Received messages that account for more bytes than were requested.
	at com.google.cloud.pubsublite.internal.CheckedApiPreconditions.checkState(CheckedApiPreconditions.java:44)
	at com.google.cloud.pubsublite.internal.wire.TokenCounter.sub(TokenCounter.java:44)
	at com.google.cloud.pubsublite.internal.wire.FlowControlBatcher.onMessages(FlowControlBatcher.java:44)
	at com.google.cloud.pubsublite.internal.wire.SubscriberImpl.onClientResponse(SubscriberImpl.java:227)
	at com.google.cloud.pubsublite.internal.wire.SubscriberImpl.onClientResponse(SubscriberImpl.java:45)
	at com.google.cloud.pubsublite.internal.wire.RetryingConnectionImpl.onResponse(RetryingConnectionImpl.java:164)
	at com.google.cloud.pubsublite.internal.wire.SubscriberImplTest.messageResponseSubtracts(SubscriberImplTest.java:280)
	at java.base/jdk.internal.reflect.NativeMethodAccessorImpl.invoke0(Native Method)
	at java.base/jdk.internal.reflect.NativeMethodAccessorImpl.invoke(NativeMethodAccessorImpl.java:62)
	at java.base/jdk.internal.reflect.DelegatingMethodAccessorImpl.invoke(DelegatingMethodAccessorImpl.java:43)
	at java.base/java.lang.reflect.Method.invoke(Method.java:566)
	at org.junit.runners.model.FrameworkMethod$1.runReflectiveCall(FrameworkMethod.java:59)
	at org.junit.internal.runners.model.ReflectiveCallable.run(ReflectiveCallable.java:12)
	at org.junit.runners.model.FrameworkMethod.invokeExplosively(FrameworkMethod.java:56)
	at org.junit.internal.runners.statements.InvokeMethod.evaluate(InvokeMethod.java:17)
	at org.junit.internal.runners.statements.RunBefores.evaluate(RunBefores.java:26)
	at org.junit.runners.ParentRunner$3.evaluate(ParentRunner.java:306)
	at org.junit.runners.BlockJUnit4ClassRunner$1.evaluate(BlockJUnit4ClassRunner.java:100)
	at org.junit.runners.ParentRunner.runLeaf(ParentRunner.java:366)
	at org.junit.runners.BlockJUnit4ClassRunner.runChild(BlockJUnit4ClassRunner.java:103)
	at org.junit.runners.BlockJUnit4ClassRunner.runChild(BlockJUnit4ClassRunner.java:63)
	at org.junit.runners.ParentRunner$4.run(ParentRunner.java:331)
	at org.junit.runners.ParentRunner$1.schedule(ParentRunner.java:79)
	at org.junit.runners.ParentRunner.runChildren(ParentRunner.java:329)
	at org.junit.runners.ParentRunner.access$100(ParentRunner.java:66)
	at org.junit.runners.ParentRunner$2.evaluate(ParentRunner.java:293)
	at org.junit.runners.ParentRunner$3.evaluate(ParentRunner.java:306)
	at org.junit.runners.ParentRunner.run(ParentRunner.java:413)
	at org.junit.runners.Suite.runChild(Suite.java:128)
	at org.junit.runners.Suite.runChild(Suite.java:27)
	at org.junit.runners.ParentRunner$4.run(ParentRunner.java:331)
	at org.junit.runners.ParentRunner$1.schedule(ParentRunner.java:79)
	at org.junit.runners.ParentRunner.runChildren(ParentRunner.java:329)
	at org.junit.runners.ParentRunner.access$100(ParentRunner.java:66)
	at org.junit.runners.ParentRunner$2.evaluate(ParentRunner.java:293)
	at org.junit.runners.ParentRunner$3.evaluate(ParentRunner.java:306)
	at org.junit.runners.ParentRunner.run(ParentRunner.java:413)
	at org.apache.maven.surefire.junitcore.JUnitCore.run(JUnitCore.java:55)
	at org.apache.maven.surefire.junitcore.JUnitCoreWrapper.createRequestAndRun(JUnitCoreWrapper.java:137)
	at org.apache.maven.surefire.junitcore.JUnitCoreWrapper.executeEager(JUnitCoreWrapper.java:107)
	at org.apache.maven.surefire.junitcore.JUnitCoreWrapper.execute(JUnitCoreWrapper.java:83)
	at org.apache.maven.surefire.junitcore.JUnitCoreWrapper.execute(JUnitCoreWrapper.java:75)
	at org.apache.maven.surefire.junitcore.JUnitCoreProvider.invoke(JUnitCoreProvider.java:158)
	at org.apache.maven.surefire.booter.ForkedBooter.runSuitesInProcess(ForkedBooter.java:456)
	at org.apache.maven.surefire.booter.ForkedBooter.execute(ForkedBooter.java:169)
	at org.apache.maven.surefire.booter.ForkedBooter.run(ForkedBooter.java:595)
	at org.apache.maven.surefire.booter.ForkedBooter.main(ForkedBooter.java:581)
Caused by: com.google.api.gax.rpc.ApiException: Received messages that account for more bytes than were requested.
	at com.google.cloud.pubsublite.internal.CheckedApiException.<init>(CheckedApiException.java:51)
	at com.google.cloud.pubsublite.internal.CheckedApiException.<init>(CheckedApiException.java:59)
	... 47 more

Jan 17, 2023 6:16:29 PM com.google.cloud.pubsublite.internal.wire.RetryingConnectionImpl setPermanentError
INFO: Permanent error occurred for SubscribeRequest: initial {
  subscription: "projects/12345/locations/us-east1-a/subscriptions/some_subscription"
  partition: 1024
  initial_location {
    named_target: COMMITTED_CURSOR
  }
}

com.google.cloud.pubsublite.internal.CheckedApiException: 
	at com.google.cloud.pubsublite.internal.CheckedApiPreconditions.checkArgument(CheckedApiPreconditions.java:30)
	at com.google.cloud.pubsublite.internal.CheckedApiPreconditions.checkArgument(CheckedApiPreconditions.java:26)
	at com.google.cloud.pubsublite.internal.wire.NextOffsetTracker.onMessages(NextOffsetTracker.java:39)
	at com.google.cloud.pubsublite.internal.wire.SubscriberImpl.onClientResponse(SubscriberImpl.java:226)
	at com.google.cloud.pubsublite.internal.wire.SubscriberImpl.onClientResponse(SubscriberImpl.java:45)
	at com.google.cloud.pubsublite.internal.wire.RetryingConnectionImpl.onResponse(RetryingConnectionImpl.java:164)
	at com.google.cloud.pubsublite.internal.wire.SubscriberImplTest.messagesUnordered_IsError(SubscriberImplTest.java:221)
	at java.base/jdk.internal.reflect.NativeMethodAccessorImpl.invoke0(Native Method)
	at java.base/jdk.internal.reflect.NativeMethodAccessorImpl.invoke(NativeMethodAccessorImpl.java:62)
	at java.base/jdk.internal.reflect.DelegatingMethodAccessorImpl.invoke(DelegatingMethodAccessorImpl.java:43)
	at java.base/java.lang.reflect.Method.invoke(Method.java:566)
	at org.junit.runners.model.FrameworkMethod$1.runReflectiveCall(FrameworkMethod.java:59)
	at org.junit.internal.runners.model.ReflectiveCallable.run(ReflectiveCallable.java:12)
	at org.junit.runners.model.FrameworkMethod.invokeExplosively(FrameworkMethod.java:56)
	at org.junit.internal.runners.statements.InvokeMethod.evaluate(InvokeMethod.java:17)
	at org.junit.internal.runners.statements.RunBefores.evaluate(RunBefores.java:26)
	at org.junit.runners.ParentRunner$3.evaluate(ParentRunner.java:306)
	at org.junit.runners.BlockJUnit4ClassRunner$1.evaluate(BlockJUnit4ClassRunner.java:100)
	at org.junit.runners.ParentRunner.runLeaf(ParentRunner.java:366)
	at org.junit.runners.BlockJUnit4ClassRunner.runChild(BlockJUnit4ClassRunner.java:103)
	at org.junit.runners.BlockJUnit4ClassRunner.runChild(BlockJUnit4ClassRunner.java:63)
	at org.junit.runners.ParentRunner$4.run(ParentRunner.java:331)
	at org.junit.runners.ParentRunner$1.schedule(ParentRunner.java:79)
	at org.junit.runners.ParentRunner.runChildren(ParentRunner.java:329)
	at org.junit.runners.ParentRunner.access$100(ParentRunner.java:66)
	at org.junit.runners.ParentRunner$2.evaluate(ParentRunner.java:293)
	at org.junit.runners.ParentRunner$3.evaluate(ParentRunner.java:306)
	at org.junit.runners.ParentRunner.run(ParentRunner.java:413)
	at org.junit.runners.Suite.runChild(Suite.java:128)
	at org.junit.runners.Suite.runChild(Suite.java:27)
	at org.junit.runners.ParentRunner$4.run(ParentRunner.java:331)
	at org.junit.runners.ParentRunner$1.schedule(ParentRunner.java:79)
	at org.junit.runners.ParentRunner.runChildren(ParentRunner.java:329)
	at org.junit.runners.ParentRunner.access$100(ParentRunner.java:66)
	at org.junit.runners.ParentRunner$2.evaluate(ParentRunner.java:293)
	at org.junit.runners.ParentRunner$3.evaluate(ParentRunner.java:306)
	at org.junit.runners.ParentRunner.run(ParentRunner.java:413)
	at org.apache.maven.surefire.junitcore.JUnitCore.run(JUnitCore.java:55)
	at org.apache.maven.surefire.junitcore.JUnitCoreWrapper.createRequestAndRun(JUnitCoreWrapper.java:137)
	at org.apache.maven.surefire.junitcore.JUnitCoreWrapper.executeEager(JUnitCoreWrapper.java:107)
	at org.apache.maven.surefire.junitcore.JUnitCoreWrapper.execute(JUnitCoreWrapper.java:83)
	at org.apache.maven.surefire.junitcore.JUnitCoreWrapper.execute(JUnitCoreWrapper.java:75)
	at org.apache.maven.surefire.junitcore.JUnitCoreProvider.invoke(JUnitCoreProvider.java:158)
	at org.apache.maven.surefire.booter.ForkedBooter.runSuitesInProcess(ForkedBooter.java:456)
	at org.apache.maven.surefire.booter.ForkedBooter.execute(ForkedBooter.java:169)
	at org.apache.maven.surefire.booter.ForkedBooter.run(ForkedBooter.java:595)
	at org.apache.maven.surefire.booter.ForkedBooter.main(ForkedBooter.java:581)
Caused by: com.google.api.gax.rpc.ApiException: 
	at com.google.cloud.pubsublite.internal.CheckedApiException.<init>(CheckedApiException.java:51)
	at com.google.cloud.pubsublite.internal.CheckedApiException.<init>(CheckedApiException.java:59)
	... 47 more

[INFO] Tests run: 14, Failures: 0, Errors: 0, Skipped: 0, Time elapsed: 0.149 s - in com.google.cloud.pubsublite.internal.wire.SubscriberImplTest
[INFO] Running com.google.cloud.pubsublite.internal.wire.StreamIdleTimerTest
[INFO] Tests run: 4, Failures: 0, Errors: 0, Skipped: 0, Time elapsed: 0.024 s - in com.google.cloud.pubsublite.internal.wire.StreamIdleTimerTest
[INFO] Running com.google.cloud.pubsublite.internal.wire.VersionsTest
[INFO] Tests run: 3, Failures: 0, Errors: 0, Skipped: 0, Time elapsed: 0 s - in com.google.cloud.pubsublite.internal.wire.VersionsTest
[INFO] Running com.google.cloud.pubsublite.internal.wire.ConnectedAssignerImplTest
[INFO] Tests run: 7, Failures: 0, Errors: 0, Skipped: 0, Time elapsed: 0.01 s - in com.google.cloud.pubsublite.internal.wire.ConnectedAssignerImplTest
[INFO] Running com.google.cloud.pubsublite.internal.wire.SubscriberBuilderTest
[INFO] Tests run: 2, Failures: 0, Errors: 0, Skipped: 0, Time elapsed: 0 s - in com.google.cloud.pubsublite.internal.wire.SubscriberBuilderTest
[INFO] Running com.google.cloud.pubsublite.internal.wire.PartitionCountWatcherImplTest
Jan 17, 2023 6:16:29 PM com.google.cloud.pubsublite.internal.wire.PartitionCountWatcherImpl onAlarm
WARNING: Failed to refresh partition count
com.google.api.gax.rpc.ApiException: 
	at com.google.cloud.pubsublite.internal.CheckedApiException.<init>(CheckedApiException.java:51)
	at com.google.cloud.pubsublite.internal.CheckedApiException.<init>(CheckedApiException.java:59)
	at com.google.cloud.pubsublite.internal.CheckedApiException.<init>(CheckedApiException.java:63)
	at com.google.cloud.pubsublite.internal.wire.PartitionCountWatcherImplTest.testFailuresAfterFirstSuccessIgnored(PartitionCountWatcherImplTest.java:125)
	at java.base/jdk.internal.reflect.NativeMethodAccessorImpl.invoke0(Native Method)
	at java.base/jdk.internal.reflect.NativeMethodAccessorImpl.invoke(NativeMethodAccessorImpl.java:62)
	at java.base/jdk.internal.reflect.DelegatingMethodAccessorImpl.invoke(DelegatingMethodAccessorImpl.java:43)
	at java.base/java.lang.reflect.Method.invoke(Method.java:566)
	at org.junit.runners.model.FrameworkMethod$1.runReflectiveCall(FrameworkMethod.java:59)
	at org.junit.internal.runners.model.ReflectiveCallable.run(ReflectiveCallable.java:12)
	at org.junit.runners.model.FrameworkMethod.invokeExplosively(FrameworkMethod.java:56)
	at org.junit.internal.runners.statements.InvokeMethod.evaluate(InvokeMethod.java:17)
	at org.junit.internal.runners.statements.RunBefores.evaluate(RunBefores.java:26)
	at org.junit.runners.ParentRunner$3.evaluate(ParentRunner.java:306)
	at org.junit.runners.BlockJUnit4ClassRunner$1.evaluate(BlockJUnit4ClassRunner.java:100)
	at org.junit.runners.ParentRunner.runLeaf(ParentRunner.java:366)
	at org.junit.runners.BlockJUnit4ClassRunner.runChild(BlockJUnit4ClassRunner.java:103)
	at org.junit.runners.BlockJUnit4ClassRunner.runChild(BlockJUnit4ClassRunner.java:63)
	at org.junit.runners.ParentRunner$4.run(ParentRunner.java:331)
	at org.junit.runners.ParentRunner$1.schedule(ParentRunner.java:79)
	at org.junit.runners.ParentRunner.runChildren(ParentRunner.java:329)
	at org.junit.runners.ParentRunner.access$100(ParentRunner.java:66)
	at org.junit.runners.ParentRunner$2.evaluate(ParentRunner.java:293)
	at org.junit.runners.ParentRunner$3.evaluate(ParentRunner.java:306)
	at org.junit.runners.ParentRunner.run(ParentRunner.java:413)
	at org.junit.runners.Suite.runChild(Suite.java:128)
	at org.junit.runners.Suite.runChild(Suite.java:27)
	at org.junit.runners.ParentRunner$4.run(ParentRunner.java:331)
	at org.junit.runners.ParentRunner$1.schedule(ParentRunner.java:79)
	at org.junit.runners.ParentRunner.runChildren(ParentRunner.java:329)
	at org.junit.runners.ParentRunner.access$100(ParentRunner.java:66)
	at org.junit.runners.ParentRunner$2.evaluate(ParentRunner.java:293)
	at org.junit.runners.ParentRunner$3.evaluate(ParentRunner.java:306)
	at org.junit.runners.ParentRunner.run(ParentRunner.java:413)
	at org.apache.maven.surefire.junitcore.JUnitCore.run(JUnitCore.java:55)
	at org.apache.maven.surefire.junitcore.JUnitCoreWrapper.createRequestAndRun(JUnitCoreWrapper.java:137)
	at org.apache.maven.surefire.junitcore.JUnitCoreWrapper.executeEager(JUnitCoreWrapper.java:107)
	at org.apache.maven.surefire.junitcore.JUnitCoreWrapper.execute(JUnitCoreWrapper.java:83)
	at org.apache.maven.surefire.junitcore.JUnitCoreWrapper.execute(JUnitCoreWrapper.java:75)
	at org.apache.maven.surefire.junitcore.JUnitCoreProvider.invoke(JUnitCoreProvider.java:158)
	at org.apache.maven.surefire.booter.ForkedBooter.runSuitesInProcess(ForkedBooter.java:456)
	at org.apache.maven.surefire.booter.ForkedBooter.execute(ForkedBooter.java:169)
	at org.apache.maven.surefire.booter.ForkedBooter.run(ForkedBooter.java:595)
	at org.apache.maven.surefire.booter.ForkedBooter.main(ForkedBooter.java:581)

[INFO] Tests run: 6, Failures: 0, Errors: 0, Skipped: 0, Time elapsed: 0.001 s - in com.google.cloud.pubsublite.internal.wire.PartitionCountWatcherImplTest
[INFO] Running com.google.cloud.pubsublite.internal.wire.PubsubContextTest
[INFO] Tests run: 2, Failures: 0, Errors: 0, Skipped: 0, Time elapsed: 0.007 s - in com.google.cloud.pubsublite.internal.wire.PubsubContextTest
[INFO] Running com.google.cloud.pubsublite.internal.wire.RoutingPublisherTest
[INFO] Tests run: 4, Failures: 0, Errors: 0, Skipped: 0, Time elapsed: 0.021 s - in com.google.cloud.pubsublite.internal.wire.RoutingPublisherTest
[INFO] Running com.google.cloud.pubsublite.internal.wire.SerialBatcherTest
[INFO] Tests run: 5, Failures: 0, Errors: 0, Skipped: 0, Time elapsed: 0 s - in com.google.cloud.pubsublite.internal.wire.SerialBatcherTest
[INFO] Running com.google.cloud.pubsublite.internal.wire.CommitStateTest
[INFO] Tests run: 4, Failures: 0, Errors: 0, Skipped: 0, Time elapsed: 0 s - in com.google.cloud.pubsublite.internal.wire.CommitStateTest
[INFO] Running com.google.cloud.pubsublite.internal.wire.CommitterSettingsTest
[INFO] Tests run: 1, Failures: 0, Errors: 0, Skipped: 0, Time elapsed: 0 s - in com.google.cloud.pubsublite.internal.wire.CommitterSettingsTest
[INFO] Running com.google.cloud.pubsublite.internal.wire.FlowControlBatcherTest
[INFO] Tests run: 5, Failures: 0, Errors: 0, Skipped: 0, Time elapsed: 0 s - in com.google.cloud.pubsublite.internal.wire.FlowControlBatcherTest
[INFO] Running com.google.cloud.pubsublite.internal.wire.AssignerSettingsTest
[INFO] Tests run: 1, Failures: 0, Errors: 0, Skipped: 0, Time elapsed: 0 s - in com.google.cloud.pubsublite.internal.wire.AssignerSettingsTest
[INFO] Running com.google.cloud.pubsublite.internal.wire.BatchPublisherImplTest
[INFO] Tests run: 7, Failures: 0, Errors: 0, Skipped: 0, Time elapsed: 0.012 s - in com.google.cloud.pubsublite.internal.wire.BatchPublisherImplTest
[INFO] Running com.google.cloud.pubsublite.internal.wire.PublisherBuilderTest
[INFO] Tests run: 1, Failures: 0, Errors: 0, Skipped: 0, Time elapsed: 0 s - in com.google.cloud.pubsublite.internal.wire.PublisherBuilderTest
[INFO] Running com.google.cloud.pubsublite.internal.wire.SinglePartitionPublisherTest
[INFO] Tests run: 3, Failures: 0, Errors: 0, Skipped: 0, Time elapsed: 0.025 s - in com.google.cloud.pubsublite.internal.wire.SinglePartitionPublisherTest
[INFO] Running com.google.cloud.pubsublite.internal.wire.PartitionCountWatchingPublisherTest
Jan 17, 2023 6:16:29 PM com.google.cloud.pubsublite.internal.wire.PartitionCountWatchingPublisher handleConfig
WARNING: Received an unexpected decrease in partition count. Previous partition count 2, new count 1
Jan 17, 2023 6:16:29 PM com.google.cloud.pubsublite.internal.wire.PartitionCountWatchingPublisher handlePermanentError
WARNING: Encountered exception while trying to handle failure
com.google.api.gax.rpc.ApiException: 
	at com.google.cloud.pubsublite.internal.CheckedApiException.<init>(CheckedApiException.java:51)
	at com.google.cloud.pubsublite.internal.CheckedApiException.<init>(CheckedApiException.java:55)
	at com.google.cloud.pubsublite.internal.ExtractStatus.toCanonical(ExtractStatus.java:53)
	at com.google.cloud.pubsublite.internal.wire.ApiServiceUtils.blockingShutdown(ApiServiceUtils.java:75)
	at com.google.cloud.pubsublite.internal.wire.PartitionCountWatchingPublisher$PartitionsWithRouting.stop(PartitionCountWatchingPublisher.java:88)
	at java.base/java.util.Optional.ifPresent(Optional.java:183)
	at com.google.cloud.pubsublite.internal.wire.PartitionCountWatchingPublisher.stop(PartitionCountWatchingPublisher.java:211)
	at com.google.cloud.pubsublite.internal.wire.PartitionCountWatchingPublisher.handlePermanentError(PartitionCountWatchingPublisher.java:217)
	at com.google.cloud.pubsublite.internal.ProxyService.onPermanentError(ProxyService.java:86)
	at com.google.cloud.pubsublite.internal.wire.PartitionCountWatchingPublisher.access$100(PartitionCountWatchingPublisher.java:42)
	at com.google.cloud.pubsublite.internal.wire.PartitionCountWatchingPublisher$1.failed(PartitionCountWatchingPublisher.java:162)
	at com.google.api.core.AbstractApiService$1.failed(AbstractApiService.java:68)
	at com.google.common.util.concurrent.AbstractService$5.call(AbstractService.java:564)
	at com.google.common.util.concurrent.AbstractService$5.call(AbstractService.java:561)
	at com.google.common.util.concurrent.ListenerCallQueue$PerListenerQueue.run(ListenerCallQueue.java:206)
	at java.base/java.util.concurrent.ThreadPoolExecutor.runWorker(ThreadPoolExecutor.java:1128)
	at java.base/java.util.concurrent.ThreadPoolExecutor$Worker.run(ThreadPoolExecutor.java:628)
	at java.base/java.lang.Thread.run(Thread.java:829)
Caused by: java.lang.IllegalStateException: Expected the service InnerService [FAILED] to be TERMINATED, but the service has FAILED
	at com.google.common.util.concurrent.AbstractService.checkCurrentState(AbstractService.java:381)
	at com.google.common.util.concurrent.AbstractService.awaitTerminated(AbstractService.java:338)
	at com.google.api.core.AbstractApiService.awaitTerminated(AbstractApiService.java:103)
	at com.google.cloud.pubsublite.internal.wire.ApiServiceUtils.blockingShutdown(ApiServiceUtils.java:72)
	... 14 more
Caused by: com.google.cloud.pubsublite.internal.CheckedApiException: 
	at com.google.cloud.pubsublite.internal.wire.PartitionCountWatchingPublisherTest.testChildPublisherFailure(PartitionCountWatchingPublisherTest.java:153)
	at java.base/jdk.internal.reflect.NativeMethodAccessorImpl.invoke0(Native Method)
	at java.base/jdk.internal.reflect.NativeMethodAccessorImpl.invoke(NativeMethodAccessorImpl.java:62)
	at java.base/jdk.internal.reflect.DelegatingMethodAccessorImpl.invoke(DelegatingMethodAccessorImpl.java:43)
	at java.base/java.lang.reflect.Method.invoke(Method.java:566)
	at org.junit.runners.model.FrameworkMethod$1.runReflectiveCall(FrameworkMethod.java:59)
	at org.junit.internal.runners.model.ReflectiveCallable.run(ReflectiveCallable.java:12)
	at org.junit.runners.model.FrameworkMethod.invokeExplosively(FrameworkMethod.java:56)
	at org.junit.internal.runners.statements.InvokeMethod.evaluate(InvokeMethod.java:17)
	at org.junit.internal.runners.statements.RunBefores.evaluate(RunBefores.java:26)
	at org.junit.runners.ParentRunner$3.evaluate(ParentRunner.java:306)
	at org.junit.runners.BlockJUnit4ClassRunner$1.evaluate(BlockJUnit4ClassRunner.java:100)
	at org.junit.runners.ParentRunner.runLeaf(ParentRunner.java:366)
	at org.junit.runners.BlockJUnit4ClassRunner.runChild(BlockJUnit4ClassRunner.java:103)
	at org.junit.runners.BlockJUnit4ClassRunner.runChild(BlockJUnit4ClassRunner.java:63)
	at org.junit.runners.ParentRunner$4.run(ParentRunner.java:331)
	at org.junit.runners.ParentRunner$1.schedule(ParentRunner.java:79)
	at org.junit.runners.ParentRunner.runChildren(ParentRunner.java:329)
	at org.junit.runners.ParentRunner.access$100(ParentRunner.java:66)
	at org.junit.runners.ParentRunner$2.evaluate(ParentRunner.java:293)
	at org.junit.runners.ParentRunner$3.evaluate(ParentRunner.java:306)
	at org.junit.runners.ParentRunner.run(ParentRunner.java:413)
	at org.junit.runners.Suite.runChild(Suite.java:128)
	at org.junit.runners.Suite.runChild(Suite.java:27)
	at org.junit.runners.ParentRunner$4.run(ParentRunner.java:331)
	at org.junit.runners.ParentRunner$1.schedule(ParentRunner.java:79)
	at org.junit.runners.ParentRunner.runChildren(ParentRunner.java:329)
	at org.junit.runners.ParentRunner.access$100(ParentRunner.java:66)
	at org.junit.runners.ParentRunner$2.evaluate(ParentRunner.java:293)
	at org.junit.runners.ParentRunner$3.evaluate(ParentRunner.java:306)
	at org.junit.runners.ParentRunner.run(ParentRunner.java:413)
	at org.apache.maven.surefire.junitcore.JUnitCore.run(JUnitCore.java:55)
	at org.apache.maven.surefire.junitcore.JUnitCoreWrapper.createRequestAndRun(JUnitCoreWrapper.java:137)
	at org.apache.maven.surefire.junitcore.JUnitCoreWrapper.executeEager(JUnitCoreWrapper.java:107)
	at org.apache.maven.surefire.junitcore.JUnitCoreWrapper.execute(JUnitCoreWrapper.java:83)
	at org.apache.maven.surefire.junitcore.JUnitCoreWrapper.execute(JUnitCoreWrapper.java:75)
	at org.apache.maven.surefire.junitcore.JUnitCoreProvider.invoke(JUnitCoreProvider.java:158)
	at org.apache.maven.surefire.booter.ForkedBooter.runSuitesInProcess(ForkedBooter.java:456)
	at org.apache.maven.surefire.booter.ForkedBooter.execute(ForkedBooter.java:169)
	at org.apache.maven.surefire.booter.ForkedBooter.run(ForkedBooter.java:595)
	at org.apache.maven.surefire.booter.ForkedBooter.main(ForkedBooter.java:581)
Caused by: com.google.api.gax.rpc.ApiException: 
	at com.google.cloud.pubsublite.internal.CheckedApiException.<init>(CheckedApiException.java:51)
	at com.google.cloud.pubsublite.internal.CheckedApiException.<init>(CheckedApiException.java:59)
	at com.google.cloud.pubsublite.internal.CheckedApiException.<init>(CheckedApiException.java:63)
	... 41 more

[INFO] Tests run: 11, Failures: 0, Errors: 0, Skipped: 0, Time elapsed: 0.055 s - in com.google.cloud.pubsublite.internal.wire.PartitionCountWatchingPublisherTest
[INFO] Running com.google.cloud.pubsublite.internal.wire.CommitterImplTest
Jan 17, 2023 6:16:29 PM com.google.cloud.pubsublite.internal.wire.RetryingConnectionImpl setPermanentError
INFO: Permanent error occurred for StreamingCommitCursorRequest: initial {
  subscription: "projects/12345/locations/us-east1-a/subscriptions/some_subscription"
  partition: 1024
}

com.google.cloud.pubsublite.internal.CheckedApiException: Received 2 completions, which is more than the commits outstanding for this stream.
	at com.google.cloud.pubsublite.internal.wire.CommitState.complete(CommitState.java:64)
	at com.google.cloud.pubsublite.internal.wire.CommitterImpl.onClientResponse(CommitterImpl.java:122)
	at com.google.cloud.pubsublite.internal.wire.CommitterImpl.onClientResponse(CommitterImpl.java:38)
	at com.google.cloud.pubsublite.internal.wire.RetryingConnectionImpl.onResponse(RetryingConnectionImpl.java:164)
	at com.google.cloud.pubsublite.internal.wire.CommitterImplTest.responseMoreThanSentError(CommitterImplTest.java:141)
	at java.base/jdk.internal.reflect.NativeMethodAccessorImpl.invoke0(Native Method)
	at java.base/jdk.internal.reflect.NativeMethodAccessorImpl.invoke(NativeMethodAccessorImpl.java:62)
	at java.base/jdk.internal.reflect.DelegatingMethodAccessorImpl.invoke(DelegatingMethodAccessorImpl.java:43)
	at java.base/java.lang.reflect.Method.invoke(Method.java:566)
	at org.junit.runners.model.FrameworkMethod$1.runReflectiveCall(FrameworkMethod.java:59)
	at org.junit.internal.runners.model.ReflectiveCallable.run(ReflectiveCallable.java:12)
	at org.junit.runners.model.FrameworkMethod.invokeExplosively(FrameworkMethod.java:56)
	at org.junit.internal.runners.statements.InvokeMethod.evaluate(InvokeMethod.java:17)
	at org.junit.internal.runners.statements.RunBefores.evaluate(RunBefores.java:26)
	at org.junit.runners.ParentRunner$3.evaluate(ParentRunner.java:306)
	at org.junit.runners.BlockJUnit4ClassRunner$1.evaluate(BlockJUnit4ClassRunner.java:100)
	at org.junit.runners.ParentRunner.runLeaf(ParentRunner.java:366)
	at org.junit.runners.BlockJUnit4ClassRunner.runChild(BlockJUnit4ClassRunner.java:103)
	at org.junit.runners.BlockJUnit4ClassRunner.runChild(BlockJUnit4ClassRunner.java:63)
	at org.junit.runners.ParentRunner$4.run(ParentRunner.java:331)
	at org.junit.runners.ParentRunner$1.schedule(ParentRunner.java:79)
	at org.junit.runners.ParentRunner.runChildren(ParentRunner.java:329)
	at org.junit.runners.ParentRunner.access$100(ParentRunner.java:66)
	at org.junit.runners.ParentRunner$2.evaluate(ParentRunner.java:293)
	at org.junit.runners.ParentRunner$3.evaluate(ParentRunner.java:306)
	at org.junit.runners.ParentRunner.run(ParentRunner.java:413)
	at org.junit.runners.Suite.runChild(Suite.java:128)
	at org.junit.runners.Suite.runChild(Suite.java:27)
	at org.junit.runners.ParentRunner$4.run(ParentRunner.java:331)
	at org.junit.runners.ParentRunner$1.schedule(ParentRunner.java:79)
	at org.junit.runners.ParentRunner.runChildren(ParentRunner.java:329)
	at org.junit.runners.ParentRunner.access$100(ParentRunner.java:66)
	at org.junit.runners.ParentRunner$2.evaluate(ParentRunner.java:293)
	at org.junit.runners.ParentRunner$3.evaluate(ParentRunner.java:306)
	at org.junit.runners.ParentRunner.run(ParentRunner.java:413)
	at org.apache.maven.surefire.junitcore.JUnitCore.run(JUnitCore.java:55)
	at org.apache.maven.surefire.junitcore.JUnitCoreWrapper.createRequestAndRun(JUnitCoreWrapper.java:137)
	at org.apache.maven.surefire.junitcore.JUnitCoreWrapper.executeEager(JUnitCoreWrapper.java:107)
	at org.apache.maven.surefire.junitcore.JUnitCoreWrapper.execute(JUnitCoreWrapper.java:83)
	at org.apache.maven.surefire.junitcore.JUnitCoreWrapper.execute(JUnitCoreWrapper.java:75)
	at org.apache.maven.surefire.junitcore.JUnitCoreProvider.invoke(JUnitCoreProvider.java:158)
	at org.apache.maven.surefire.booter.ForkedBooter.runSuitesInProcess(ForkedBooter.java:456)
	at org.apache.maven.surefire.booter.ForkedBooter.execute(ForkedBooter.java:169)
	at org.apache.maven.surefire.booter.ForkedBooter.run(ForkedBooter.java:595)
	at org.apache.maven.surefire.booter.ForkedBooter.main(ForkedBooter.java:581)
Caused by: com.google.api.gax.rpc.ApiException: Received 2 completions, which is more than the commits outstanding for this stream.
	at com.google.cloud.pubsublite.internal.CheckedApiException.<init>(CheckedApiException.java:51)
	at com.google.cloud.pubsublite.internal.CheckedApiException.<init>(CheckedApiException.java:59)
	... 45 more

Jan 17, 2023 6:16:29 PM com.google.cloud.pubsublite.internal.wire.RetryingConnectionImpl setPermanentError
INFO: Permanent error occurred for StreamingCommitCursorRequest: initial {
  subscription: "projects/12345/locations/us-east1-a/subscriptions/some_subscription"
  partition: 1024
}

com.google.cloud.pubsublite.internal.CheckedApiException: Received 2 completions, which is more than the commits outstanding for this stream.
	at com.google.cloud.pubsublite.internal.wire.CommitState.complete(CommitState.java:64)
	at com.google.cloud.pubsublite.internal.wire.CommitterImpl.onClientResponse(CommitterImpl.java:122)
	at com.google.cloud.pubsublite.internal.wire.CommitterImpl.onClientResponse(CommitterImpl.java:38)
	at com.google.cloud.pubsublite.internal.wire.RetryingConnectionImpl.onResponse(RetryingConnectionImpl.java:164)
	at com.google.cloud.pubsublite.internal.wire.CommitterImplTest.waitUntilEmptyThrowsOnPermanentError(CommitterImplTest.java:248)
	at java.base/jdk.internal.reflect.NativeMethodAccessorImpl.invoke0(Native Method)
	at java.base/jdk.internal.reflect.NativeMethodAccessorImpl.invoke(NativeMethodAccessorImpl.java:62)
	at java.base/jdk.internal.reflect.DelegatingMethodAccessorImpl.invoke(DelegatingMethodAccessorImpl.java:43)
	at java.base/java.lang.reflect.Method.invoke(Method.java:566)
	at org.junit.runners.model.FrameworkMethod$1.runReflectiveCall(FrameworkMethod.java:59)
	at org.junit.internal.runners.model.ReflectiveCallable.run(ReflectiveCallable.java:12)
	at org.junit.runners.model.FrameworkMethod.invokeExplosively(FrameworkMethod.java:56)
	at org.junit.internal.runners.statements.InvokeMethod.evaluate(InvokeMethod.java:17)
	at org.junit.internal.runners.statements.RunBefores.evaluate(RunBefores.java:26)
	at org.junit.runners.ParentRunner$3.evaluate(ParentRunner.java:306)
	at org.junit.runners.BlockJUnit4ClassRunner$1.evaluate(BlockJUnit4ClassRunner.java:100)
	at org.junit.runners.ParentRunner.runLeaf(ParentRunner.java:366)
	at org.junit.runners.BlockJUnit4ClassRunner.runChild(BlockJUnit4ClassRunner.java:103)
	at org.junit.runners.BlockJUnit4ClassRunner.runChild(BlockJUnit4ClassRunner.java:63)
	at org.junit.runners.ParentRunner$4.run(ParentRunner.java:331)
	at org.junit.runners.ParentRunner$1.schedule(ParentRunner.java:79)
	at org.junit.runners.ParentRunner.runChildren(ParentRunner.java:329)
	at org.junit.runners.ParentRunner.access$100(ParentRunner.java:66)
	at org.junit.runners.ParentRunner$2.evaluate(ParentRunner.java:293)
	at org.junit.runners.ParentRunner$3.evaluate(ParentRunner.java:306)
	at org.junit.runners.ParentRunner.run(ParentRunner.java:413)
	at org.junit.runners.Suite.runChild(Suite.java:128)
	at org.junit.runners.Suite.runChild(Suite.java:27)
	at org.junit.runners.ParentRunner$4.run(ParentRunner.java:331)
	at org.junit.runners.ParentRunner$1.schedule(ParentRunner.java:79)
	at org.junit.runners.ParentRunner.runChildren(ParentRunner.java:329)
	at org.junit.runners.ParentRunner.access$100(ParentRunner.java:66)
	at org.junit.runners.ParentRunner$2.evaluate(ParentRunner.java:293)
	at org.junit.runners.ParentRunner$3.evaluate(ParentRunner.java:306)
	at org.junit.runners.ParentRunner.run(ParentRunner.java:413)
	at org.apache.maven.surefire.junitcore.JUnitCore.run(JUnitCore.java:55)
	at org.apache.maven.surefire.junitcore.JUnitCoreWrapper.createRequestAndRun(JUnitCoreWrapper.java:137)
	at org.apache.maven.surefire.junitcore.JUnitCoreWrapper.executeEager(JUnitCoreWrapper.java:107)
	at org.apache.maven.surefire.junitcore.JUnitCoreWrapper.execute(JUnitCoreWrapper.java:83)
	at org.apache.maven.surefire.junitcore.JUnitCoreWrapper.execute(JUnitCoreWrapper.java:75)
	at org.apache.maven.surefire.junitcore.JUnitCoreProvider.invoke(JUnitCoreProvider.java:158)
	at org.apache.maven.surefire.booter.ForkedBooter.runSuitesInProcess(ForkedBooter.java:456)
	at org.apache.maven.surefire.booter.ForkedBooter.execute(ForkedBooter.java:169)
	at org.apache.maven.surefire.booter.ForkedBooter.run(ForkedBooter.java:595)
	at org.apache.maven.surefire.booter.ForkedBooter.main(ForkedBooter.java:581)
Caused by: com.google.api.gax.rpc.ApiException: Received 2 completions, which is more than the commits outstanding for this stream.
	at com.google.cloud.pubsublite.internal.CheckedApiException.<init>(CheckedApiException.java:51)
	at com.google.cloud.pubsublite.internal.CheckedApiException.<init>(CheckedApiException.java:59)
	... 45 more

Jan 17, 2023 6:16:29 PM com.google.cloud.pubsublite.internal.wire.RetryingConnectionImpl setPermanentError
INFO: Permanent error occurred for StreamingCommitCursorRequest: initial {
  subscription: "projects/12345/locations/us-east1-a/subscriptions/some_subscription"
  partition: 1024
}

com.google.cloud.pubsublite.internal.CheckedApiException: 
	at com.google.cloud.pubsublite.internal.ExtractStatus.extract(ExtractStatus.java:40)
	at com.google.cloud.pubsublite.internal.wire.RetryingConnectionImpl.onError(RetryingConnectionImpl.java:173)
	at com.google.cloud.pubsublite.internal.wire.CommitterImplTest.stopInCommitCallback(CommitterImplTest.java:175)
	at java.base/jdk.internal.reflect.NativeMethodAccessorImpl.invoke0(Native Method)
	at java.base/jdk.internal.reflect.NativeMethodAccessorImpl.invoke(NativeMethodAccessorImpl.java:62)
	at java.base/jdk.internal.reflect.DelegatingMethodAccessorImpl.invoke(DelegatingMethodAccessorImpl.java:43)
	at java.base/java.lang.reflect.Method.invoke(Method.java:566)
	at org.junit.runners.model.FrameworkMethod$1.runReflectiveCall(FrameworkMethod.java:59)
	at org.junit.internal.runners.model.ReflectiveCallable.run(ReflectiveCallable.java:12)
	at org.junit.runners.model.FrameworkMethod.invokeExplosively(FrameworkMethod.java:56)
	at org.junit.internal.runners.statements.InvokeMethod.evaluate(InvokeMethod.java:17)
	at org.junit.internal.runners.statements.RunBefores.evaluate(RunBefores.java:26)
	at org.junit.runners.ParentRunner$3.evaluate(ParentRunner.java:306)
	at org.junit.runners.BlockJUnit4ClassRunner$1.evaluate(BlockJUnit4ClassRunner.java:100)
	at org.junit.runners.ParentRunner.runLeaf(ParentRunner.java:366)
	at org.junit.runners.BlockJUnit4ClassRunner.runChild(BlockJUnit4ClassRunner.java:103)
	at org.junit.runners.BlockJUnit4ClassRunner.runChild(BlockJUnit4ClassRunner.java:63)
	at org.junit.runners.ParentRunner$4.run(ParentRunner.java:331)
	at org.junit.runners.ParentRunner$1.schedule(ParentRunner.java:79)
	at org.junit.runners.ParentRunner.runChildren(ParentRunner.java:329)
	at org.junit.runners.ParentRunner.access$100(ParentRunner.java:66)
	at org.junit.runners.ParentRunner$2.evaluate(ParentRunner.java:293)
	at org.junit.runners.ParentRunner$3.evaluate(ParentRunner.java:306)
	at org.junit.runners.ParentRunner.run(ParentRunner.java:413)
	at org.junit.runners.Suite.runChild(Suite.java:128)
	at org.junit.runners.Suite.runChild(Suite.java:27)
	at org.junit.runners.ParentRunner$4.run(ParentRunner.java:331)
	at org.junit.runners.ParentRunner$1.schedule(ParentRunner.java:79)
	at org.junit.runners.ParentRunner.runChildren(ParentRunner.java:329)
	at org.junit.runners.ParentRunner.access$100(ParentRunner.java:66)
	at org.junit.runners.ParentRunner$2.evaluate(ParentRunner.java:293)
	at org.junit.runners.ParentRunner$3.evaluate(ParentRunner.java:306)
	at org.junit.runners.ParentRunner.run(ParentRunner.java:413)
	at org.apache.maven.surefire.junitcore.JUnitCore.run(JUnitCore.java:55)
	at org.apache.maven.surefire.junitcore.JUnitCoreWrapper.createRequestAndRun(JUnitCoreWrapper.java:137)
	at org.apache.maven.surefire.junitcore.JUnitCoreWrapper.executeEager(JUnitCoreWrapper.java:107)
	at org.apache.maven.surefire.junitcore.JUnitCoreWrapper.execute(JUnitCoreWrapper.java:83)
	at org.apache.maven.surefire.junitcore.JUnitCoreWrapper.execute(JUnitCoreWrapper.java:75)
	at org.apache.maven.surefire.junitcore.JUnitCoreProvider.invoke(JUnitCoreProvider.java:158)
	at org.apache.maven.surefire.booter.ForkedBooter.runSuitesInProcess(ForkedBooter.java:456)
	at org.apache.maven.surefire.booter.ForkedBooter.execute(ForkedBooter.java:169)
	at org.apache.maven.surefire.booter.ForkedBooter.run(ForkedBooter.java:595)
	at org.apache.maven.surefire.booter.ForkedBooter.main(ForkedBooter.java:581)
Caused by: com.google.api.gax.rpc.ApiException: 
	at com.google.cloud.pubsublite.internal.CheckedApiException.<init>(CheckedApiException.java:51)
	at com.google.cloud.pubsublite.internal.CheckedApiException.<init>(CheckedApiException.java:59)
	at com.google.cloud.pubsublite.internal.CheckedApiException.<init>(CheckedApiException.java:63)
	... 41 more

[INFO] Tests run: 8, Failures: 0, Errors: 0, Skipped: 0, Time elapsed: 0.127 s - in com.google.cloud.pubsublite.internal.wire.CommitterImplTest
[INFO] Running com.google.cloud.pubsublite.internal.wire.ConnectedSubscriberImplTest
[INFO] Tests run: 11, Failures: 0, Errors: 0, Skipped: 0, Time elapsed: 0.025 s - in com.google.cloud.pubsublite.internal.wire.ConnectedSubscriberImplTest
[INFO] Running com.google.cloud.pubsublite.internal.wire.ResetSignalTest
[INFO] Tests run: 7, Failures: 0, Errors: 0, Skipped: 0, Time elapsed: 0 s - in com.google.cloud.pubsublite.internal.wire.ResetSignalTest
[INFO] Running com.google.cloud.pubsublite.internal.wire.PublisherImplTest
Jan 17, 2023 6:16:29 PM com.google.cloud.pubsublite.internal.wire.RetryingConnectionImpl setPermanentError
INFO: Permanent error occurred for PublishRequest: initial_request {
  partition: 7
}

com.google.cloud.pubsublite.internal.CheckedApiException: 
	at com.google.cloud.pubsublite.internal.ExtractStatus.extract(ExtractStatus.java:40)
	at com.google.cloud.pubsublite.internal.wire.RetryingConnectionImpl.onError(RetryingConnectionImpl.java:173)
	at com.google.cloud.pubsublite.internal.wire.PublisherImplTest.publishAfterError_IsError(PublisherImplTest.java:194)
	at java.base/jdk.internal.reflect.NativeMethodAccessorImpl.invoke0(Native Method)
	at java.base/jdk.internal.reflect.NativeMethodAccessorImpl.invoke(NativeMethodAccessorImpl.java:62)
	at java.base/jdk.internal.reflect.DelegatingMethodAccessorImpl.invoke(DelegatingMethodAccessorImpl.java:43)
	at java.base/java.lang.reflect.Method.invoke(Method.java:566)
	at org.junit.runners.model.FrameworkMethod$1.runReflectiveCall(FrameworkMethod.java:59)
	at org.junit.internal.runners.model.ReflectiveCallable.run(ReflectiveCallable.java:12)
	at org.junit.runners.model.FrameworkMethod.invokeExplosively(FrameworkMethod.java:56)
	at org.junit.internal.runners.statements.InvokeMethod.evaluate(InvokeMethod.java:17)
	at org.junit.internal.runners.statements.RunBefores.evaluate(RunBefores.java:26)
	at org.junit.runners.ParentRunner$3.evaluate(ParentRunner.java:306)
	at org.junit.runners.BlockJUnit4ClassRunner$1.evaluate(BlockJUnit4ClassRunner.java:100)
	at org.junit.runners.ParentRunner.runLeaf(ParentRunner.java:366)
	at org.junit.runners.BlockJUnit4ClassRunner.runChild(BlockJUnit4ClassRunner.java:103)
	at org.junit.runners.BlockJUnit4ClassRunner.runChild(BlockJUnit4ClassRunner.java:63)
	at org.junit.runners.ParentRunner$4.run(ParentRunner.java:331)
	at org.junit.runners.ParentRunner$1.schedule(ParentRunner.java:79)
	at org.junit.runners.ParentRunner.runChildren(ParentRunner.java:329)
	at org.junit.runners.ParentRunner.access$100(ParentRunner.java:66)
	at org.junit.runners.ParentRunner$2.evaluate(ParentRunner.java:293)
	at org.junit.runners.ParentRunner$3.evaluate(ParentRunner.java:306)
	at org.junit.runners.ParentRunner.run(ParentRunner.java:413)
	at org.junit.runners.Suite.runChild(Suite.java:128)
	at org.junit.runners.Suite.runChild(Suite.java:27)
	at org.junit.runners.ParentRunner$4.run(ParentRunner.java:331)
	at org.junit.runners.ParentRunner$1.schedule(ParentRunner.java:79)
	at org.junit.runners.ParentRunner.runChildren(ParentRunner.java:329)
	at org.junit.runners.ParentRunner.access$100(ParentRunner.java:66)
	at org.junit.runners.ParentRunner$2.evaluate(ParentRunner.java:293)
	at org.junit.runners.ParentRunner$3.evaluate(ParentRunner.java:306)
	at org.junit.runners.ParentRunner.run(ParentRunner.java:413)
	at org.apache.maven.surefire.junitcore.JUnitCore.run(JUnitCore.java:55)
	at org.apache.maven.surefire.junitcore.JUnitCoreWrapper.createRequestAndRun(JUnitCoreWrapper.java:137)
	at org.apache.maven.surefire.junitcore.JUnitCoreWrapper.executeEager(JUnitCoreWrapper.java:107)
	at org.apache.maven.surefire.junitcore.JUnitCoreWrapper.execute(JUnitCoreWrapper.java:83)
	at org.apache.maven.surefire.junitcore.JUnitCoreWrapper.execute(JUnitCoreWrapper.java:75)
	at org.apache.maven.surefire.junitcore.JUnitCoreProvider.invoke(JUnitCoreProvider.java:158)
	at org.apache.maven.surefire.booter.ForkedBooter.runSuitesInProcess(ForkedBooter.java:456)
	at org.apache.maven.surefire.booter.ForkedBooter.execute(ForkedBooter.java:169)
	at org.apache.maven.surefire.booter.ForkedBooter.run(ForkedBooter.java:595)
	at org.apache.maven.surefire.booter.ForkedBooter.main(ForkedBooter.java:581)
Caused by: com.google.api.gax.rpc.ApiException: 
	at com.google.cloud.pubsublite.internal.CheckedApiException.<init>(CheckedApiException.java:51)
	at com.google.cloud.pubsublite.internal.CheckedApiException.<init>(CheckedApiException.java:59)
	at com.google.cloud.pubsublite.internal.CheckedApiException.<init>(CheckedApiException.java:63)
	... 41 more

Jan 17, 2023 6:16:30 PM com.google.cloud.pubsublite.internal.wire.RetryingConnectionImpl setPermanentError
INFO: Permanent error occurred for PublishRequest: initial_request {
  partition: 7
}

com.google.cloud.pubsublite.internal.CheckedApiException: Received publish response with offset Offset{value=11} that is inconsistent with previous responses max Offset{value=11}
	at com.google.cloud.pubsublite.internal.wire.PublisherImpl.onClientResponse(PublisherImpl.java:303)
	at com.google.cloud.pubsublite.internal.wire.PublisherImpl.onClientResponse(PublisherImpl.java:56)
	at com.google.cloud.pubsublite.internal.wire.RetryingConnectionImpl.onResponse(RetryingConnectionImpl.java:164)
	at com.google.cloud.pubsublite.internal.wire.PublisherImplTest.invalidOffsetSequence_SetsPermanentException(PublisherImplTest.java:440)
	at java.base/jdk.internal.reflect.NativeMethodAccessorImpl.invoke0(Native Method)
	at java.base/jdk.internal.reflect.NativeMethodAccessorImpl.invoke(NativeMethodAccessorImpl.java:62)
	at java.base/jdk.internal.reflect.DelegatingMethodAccessorImpl.invoke(DelegatingMethodAccessorImpl.java:43)
	at java.base/java.lang.reflect.Method.invoke(Method.java:566)
	at org.junit.runners.model.FrameworkMethod$1.runReflectiveCall(FrameworkMethod.java:59)
	at org.junit.internal.runners.model.ReflectiveCallable.run(ReflectiveCallable.java:12)
	at org.junit.runners.model.FrameworkMethod.invokeExplosively(FrameworkMethod.java:56)
	at org.junit.internal.runners.statements.InvokeMethod.evaluate(InvokeMethod.java:17)
	at org.junit.internal.runners.statements.RunBefores.evaluate(RunBefores.java:26)
	at org.junit.runners.ParentRunner$3.evaluate(ParentRunner.java:306)
	at org.junit.runners.BlockJUnit4ClassRunner$1.evaluate(BlockJUnit4ClassRunner.java:100)
	at org.junit.runners.ParentRunner.runLeaf(ParentRunner.java:366)
	at org.junit.runners.BlockJUnit4ClassRunner.runChild(BlockJUnit4ClassRunner.java:103)
	at org.junit.runners.BlockJUnit4ClassRunner.runChild(BlockJUnit4ClassRunner.java:63)
	at org.junit.runners.ParentRunner$4.run(ParentRunner.java:331)
	at org.junit.runners.ParentRunner$1.schedule(ParentRunner.java:79)
	at org.junit.runners.ParentRunner.runChildren(ParentRunner.java:329)
	at org.junit.runners.ParentRunner.access$100(ParentRunner.java:66)
	at org.junit.runners.ParentRunner$2.evaluate(ParentRunner.java:293)
	at org.junit.runners.ParentRunner$3.evaluate(ParentRunner.java:306)
	at org.junit.runners.ParentRunner.run(ParentRunner.java:413)
	at org.junit.runners.Suite.runChild(Suite.java:128)
	at org.junit.runners.Suite.runChild(Suite.java:27)
	at org.junit.runners.ParentRunner$4.run(ParentRunner.java:331)
	at org.junit.runners.ParentRunner$1.schedule(ParentRunner.java:79)
	at org.junit.runners.ParentRunner.runChildren(ParentRunner.java:329)
	at org.junit.runners.ParentRunner.access$100(ParentRunner.java:66)
	at org.junit.runners.ParentRunner$2.evaluate(ParentRunner.java:293)
	at org.junit.runners.ParentRunner$3.evaluate(ParentRunner.java:306)
	at org.junit.runners.ParentRunner.run(ParentRunner.java:413)
	at org.apache.maven.surefire.junitcore.JUnitCore.run(JUnitCore.java:55)
	at org.apache.maven.surefire.junitcore.JUnitCoreWrapper.createRequestAndRun(JUnitCoreWrapper.java:137)
	at org.apache.maven.surefire.junitcore.JUnitCoreWrapper.executeEager(JUnitCoreWrapper.java:107)
	at org.apache.maven.surefire.junitcore.JUnitCoreWrapper.execute(JUnitCoreWrapper.java:83)
	at org.apache.maven.surefire.junitcore.JUnitCoreWrapper.execute(JUnitCoreWrapper.java:75)
	at org.apache.maven.surefire.junitcore.JUnitCoreProvider.invoke(JUnitCoreProvider.java:158)
	at org.apache.maven.surefire.booter.ForkedBooter.runSuitesInProcess(ForkedBooter.java:456)
	at org.apache.maven.surefire.booter.ForkedBooter.execute(ForkedBooter.java:169)
	at org.apache.maven.surefire.booter.ForkedBooter.run(ForkedBooter.java:595)
	at org.apache.maven.surefire.booter.ForkedBooter.main(ForkedBooter.java:581)
Caused by: com.google.api.gax.rpc.ApiException: Received publish response with offset Offset{value=11} that is inconsistent with previous responses max Offset{value=11}
	at com.google.cloud.pubsublite.internal.CheckedApiException.<init>(CheckedApiException.java:51)
	at com.google.cloud.pubsublite.internal.CheckedApiException.<init>(CheckedApiException.java:59)
	... 44 more

[INFO] Tests run: 10, Failures: 0, Errors: 0, Skipped: 0, Time elapsed: 1.119 s - in com.google.cloud.pubsublite.internal.wire.PublisherImplTest
[INFO] Running com.google.cloud.pubsublite.internal.wire.BatchingCommitterTest
[INFO] Tests run: 3, Failures: 0, Errors: 0, Skipped: 0, Time elapsed: 0.036 s - in com.google.cloud.pubsublite.internal.wire.BatchingCommitterTest
[INFO] Running com.google.cloud.pubsublite.internal.wire.AssignerImplTest
Jan 17, 2023 6:16:30 PM com.google.cloud.pubsublite.internal.wire.RetryingConnectionImpl setPermanentError
INFO: Permanent error occurred for PartitionAssignmentRequest: initial {
  subscription: "projects/12345/locations/us-east1-a/subscriptions/some_subscription"
}

com.google.cloud.pubsublite.internal.CheckedApiException: 
	at com.google.cloud.pubsublite.internal.wire.AssignerImplTest.responseObserverFailure_Fails(AssignerImplTest.java:118)
	at java.base/jdk.internal.reflect.NativeMethodAccessorImpl.invoke0(Native Method)
	at java.base/jdk.internal.reflect.NativeMethodAccessorImpl.invoke(NativeMethodAccessorImpl.java:62)
	at java.base/jdk.internal.reflect.DelegatingMethodAccessorImpl.invoke(DelegatingMethodAccessorImpl.java:43)
	at java.base/java.lang.reflect.Method.invoke(Method.java:566)
	at org.junit.runners.model.FrameworkMethod$1.runReflectiveCall(FrameworkMethod.java:59)
	at org.junit.internal.runners.model.ReflectiveCallable.run(ReflectiveCallable.java:12)
	at org.junit.runners.model.FrameworkMethod.invokeExplosively(FrameworkMethod.java:56)
	at org.junit.internal.runners.statements.InvokeMethod.evaluate(InvokeMethod.java:17)
	at org.junit.internal.runners.statements.RunBefores.evaluate(RunBefores.java:26)
	at org.junit.runners.ParentRunner$3.evaluate(ParentRunner.java:306)
	at org.junit.runners.BlockJUnit4ClassRunner$1.evaluate(BlockJUnit4ClassRunner.java:100)
	at org.junit.runners.ParentRunner.runLeaf(ParentRunner.java:366)
	at org.junit.runners.BlockJUnit4ClassRunner.runChild(BlockJUnit4ClassRunner.java:103)
	at org.junit.runners.BlockJUnit4ClassRunner.runChild(BlockJUnit4ClassRunner.java:63)
	at org.junit.runners.ParentRunner$4.run(ParentRunner.java:331)
	at org.junit.runners.ParentRunner$1.schedule(ParentRunner.java:79)
	at org.junit.runners.ParentRunner.runChildren(ParentRunner.java:329)
	at org.junit.runners.ParentRunner.access$100(ParentRunner.java:66)
	at org.junit.runners.ParentRunner$2.evaluate(ParentRunner.java:293)
	at org.junit.runners.ParentRunner$3.evaluate(ParentRunner.java:306)
	at org.junit.runners.ParentRunner.run(ParentRunner.java:413)
	at org.junit.runners.Suite.runChild(Suite.java:128)
	at org.junit.runners.Suite.runChild(Suite.java:27)
	at org.junit.runners.ParentRunner$4.run(ParentRunner.java:331)
	at org.junit.runners.ParentRunner$1.schedule(ParentRunner.java:79)
	at org.junit.runners.ParentRunner.runChildren(ParentRunner.java:329)
	at org.junit.runners.ParentRunner.access$100(ParentRunner.java:66)
	at org.junit.runners.ParentRunner$2.evaluate(ParentRunner.java:293)
	at org.junit.runners.ParentRunner$3.evaluate(ParentRunner.java:306)
	at org.junit.runners.ParentRunner.run(ParentRunner.java:413)
	at org.apache.maven.surefire.junitcore.JUnitCore.run(JUnitCore.java:55)
	at org.apache.maven.surefire.junitcore.JUnitCoreWrapper.createRequestAndRun(JUnitCoreWrapper.java:137)
	at org.apache.maven.surefire.junitcore.JUnitCoreWrapper.executeEager(JUnitCoreWrapper.java:107)
	at org.apache.maven.surefire.junitcore.JUnitCoreWrapper.execute(JUnitCoreWrapper.java:83)
	at org.apache.maven.surefire.junitcore.JUnitCoreWrapper.execute(JUnitCoreWrapper.java:75)
	at org.apache.maven.surefire.junitcore.JUnitCoreProvider.invoke(JUnitCoreProvider.java:158)
	at org.apache.maven.surefire.booter.ForkedBooter.runSuitesInProcess(ForkedBooter.java:456)
	at org.apache.maven.surefire.booter.ForkedBooter.execute(ForkedBooter.java:169)
	at org.apache.maven.surefire.booter.ForkedBooter.run(ForkedBooter.java:595)
	at org.apache.maven.surefire.booter.ForkedBooter.main(ForkedBooter.java:581)
Caused by: com.google.api.gax.rpc.ApiException: 
	at com.google.cloud.pubsublite.internal.CheckedApiException.<init>(CheckedApiException.java:51)
	at com.google.cloud.pubsublite.internal.CheckedApiException.<init>(CheckedApiException.java:59)
	at com.google.cloud.pubsublite.internal.CheckedApiException.<init>(CheckedApiException.java:63)
	... 41 more

Jan 17, 2023 6:16:30 PM com.google.cloud.pubsublite.internal.wire.AssignerImpl onClientResponse
INFO: Subscriber with uuid  handled assignment: [Partition{value=7}, Partition{value=1}]
[INFO] Tests run: 3, Failures: 0, Errors: 0, Skipped: 0, Time elapsed: 0.021 s - in com.google.cloud.pubsublite.internal.wire.AssignerImplTest
[INFO] 
[INFO] Results:
[INFO] 
[INFO] Tests run: 342, Failures: 0, Errors: 0, Skipped: 0
[INFO] 
[INFO] 
[INFO] --- jacoco-maven-plugin:0.8.8:report (report) @ google-cloud-pubsublite ---
[INFO] Loading execution data file /home/gabsko/breaking-updates/google-cloud-pubsublite/target/jacoco.exec
[INFO] Analyzed bundle 'Google Cloud Pub/Sub Lite' with 303 classes
[INFO] 
[INFO] ------------< com.google.cloud:google-cloud-pubsublite-bom >------------
[INFO] Building Google Cloud pubsublite BOM 1.7.1-SNAPSHOT                [5/5]
[INFO] --------------------------------[ pom ]---------------------------------
[INFO] 
[INFO] --- maven-clean-plugin:2.5:clean (default-clean) @ google-cloud-pubsublite-bom ---
[INFO] 
[INFO] --- maven-enforcer-plugin:3.1.0:enforce (enforce) @ google-cloud-pubsublite-bom ---
[INFO] Adding ignore: module-info
[INFO] Adding ignore: META-INF/versions/*/module-info
[INFO] 
[INFO] --- maven-checkstyle-plugin:3.1.2:check (checkstyle) @ google-cloud-pubsublite-bom ---
[INFO] 
[INFO] --- jacoco-maven-plugin:0.8.8:prepare-agent (default) @ google-cloud-pubsublite-bom ---
[INFO] argLine set to -javaagent:/home/gabsko/.m2/repository/org/jacoco/org.jacoco.agent/0.8.8/org.jacoco.agent-0.8.8-runtime.jar=destfile=/home/gabsko/breaking-updates/google-cloud-pubsublite-bom/target/jacoco.exec
[INFO] 
[INFO] --- build-helper-maven-plugin:3.3.0:add-resource (add-main-proto-resources) @ google-cloud-pubsublite-bom ---
[INFO] 
[INFO] --- build-helper-maven-plugin:3.3.0:add-test-resource (add-test-proto-resources) @ google-cloud-pubsublite-bom ---
[INFO] 
[INFO] --- animal-sniffer-maven-plugin:1.21:check (java8) @ google-cloud-pubsublite-bom ---
[INFO] Checking unresolved references to org.codehaus.mojo.signature:java18:1.0
[INFO] 
[INFO] --- jacoco-maven-plugin:0.8.8:report (report) @ google-cloud-pubsublite-bom ---
[INFO] Skipping JaCoCo execution due to missing execution data file.
[INFO] ------------------------------------------------------------------------
[INFO] Reactor Summary for Google Cloud Pub/Sub Lite Parent 1.7.1-SNAPSHOT:
[INFO] 
[INFO] Google Cloud Pub/Sub Lite Parent ................... SUCCESS [  1.372 s]
[INFO] proto-google-cloud-pubsublite-v1 ................... SUCCESS [  5.058 s]
[INFO] grpc-google-cloud-pubsublite-v1 .................... SUCCESS [  2.062 s]
[INFO] Google Cloud Pub/Sub Lite .......................... SUCCESS [ 20.803 s]
[INFO] Google Cloud pubsublite BOM ........................ SUCCESS [  0.007 s]
[INFO] ------------------------------------------------------------------------
[INFO] BUILD SUCCESS
[INFO] ------------------------------------------------------------------------
[INFO] Total time:  29.967 s
[INFO] Finished at: 2023-01-17T18:16:31Z
[INFO] ------------------------------------------------------------------------
