[INFO] Scanning for projects...
[INFO] 
[INFO] ---------------------< bank-service:bank-service >----------------------
[INFO] Building bank-service 1.0-SNAPSHOT
[INFO] --------------------------------[ jar ]---------------------------------
[INFO] Downloading from central: https://repo.maven.apache.org/maven2/org/glassfish/jersey/ext/jersey-declarative-linking/2.33/jersey-declarative-linking-2.33.pom
[INFO] Downloaded from central: https://repo.maven.apache.org/maven2/org/glassfish/jersey/ext/jersey-declarative-linking/2.33/jersey-declarative-linking-2.33.pom (5.5 kB at 17 kB/s)
[INFO] Downloading from central: https://repo.maven.apache.org/maven2/org/glassfish/jersey/incubator/project/2.33/project-2.33.pom
[INFO] Downloaded from central: https://repo.maven.apache.org/maven2/org/glassfish/jersey/incubator/project/2.33/project-2.33.pom (2.0 kB at 20 kB/s)
[INFO] Downloading from central: https://repo.maven.apache.org/maven2/org/glassfish/jersey/ext/jersey-declarative-linking/2.33/jersey-declarative-linking-2.33.jar
[INFO] Downloaded from central: https://repo.maven.apache.org/maven2/org/glassfish/jersey/ext/jersey-declarative-linking/2.33/jersey-declarative-linking-2.33.jar (67 kB at 277 kB/s)
[INFO] 
[INFO] --- maven-clean-plugin:2.5:clean (default-clean) @ bank-service ---
[INFO] 
[INFO] --- maven-checkstyle-plugin:3.1.1:check (validate) @ bank-service ---
[INFO] Starting audit...
Audit done.
[INFO] You have 0 Checkstyle violations.
[INFO] 
[INFO] --- maven-enforcer-plugin:3.0.0-M3:enforce (enforce) @ bank-service ---
[INFO] 
[INFO] --- maven-resources-plugin:2.6:resources (default-resources) @ bank-service ---
[INFO] Using 'UTF-8' encoding to copy filtered resources.
[INFO] Copying 2 resources
[INFO] 
[INFO] --- maven-compiler-plugin:3.9.0:compile (default-compile) @ bank-service ---
[INFO] Changes detected - recompiling the module!
[INFO] Compiling 50 source files to /home/gabsko/breaking-updates/target/classes
[WARNING] Unable to autodetect 'javac' path, using 'javac' from the environment.
[INFO] -------------------------------------------------------------
[ERROR] COMPILATION ERROR : 
[INFO] -------------------------------------------------------------
[ERROR] error: release version 14 not supported
[INFO] 1 error
[INFO] -------------------------------------------------------------
[INFO] ------------------------------------------------------------------------
[INFO] BUILD FAILURE
[INFO] ------------------------------------------------------------------------
[INFO] Total time:  3.858 s
[INFO] Finished at: 2023-01-16T22:59:20Z
[INFO] ------------------------------------------------------------------------
[ERROR] Failed to execute goal org.apache.maven.plugins:maven-compiler-plugin:3.9.0:compile (default-compile) on project bank-service: Compilation failure
[ERROR] error: release version 14 not supported
[ERROR] -> [Help 1]
[ERROR] 
[ERROR] To see the full stack trace of the errors, re-run Maven with the -e switch.
[ERROR] Re-run Maven using the -X switch to enable full debug logging.
[ERROR] 
[ERROR] For more information about the errors and possible solutions, please read the following articles:
[ERROR] [Help 1] http://cwiki.apache.org/confluence/display/MAVEN/MojoFailureException
