[INFO] Scanning for projects...
[INFO] ------------------------------------------------------------------------
[INFO] Reactor Build Order:
[INFO] 
[INFO] junit-quickcheck                                                   [pom]
[INFO] junit-quickcheck-core                                              [jar]
[INFO] junit-quickcheck-generators                                        [jar]
[INFO] junit-quickcheck-guava                                             [jar]
[INFO] junit-quickcheck-examples                                          [jar]
[INFO] 
[INFO] --------------------< com.pholser:junit-quickcheck >--------------------
[INFO] Building junit-quickcheck 1.1-SNAPSHOT                             [1/5]
[INFO] --------------------------------[ pom ]---------------------------------
[INFO] 
[INFO] --- maven-clean-plugin:2.5:clean (default-clean) @ junit-quickcheck ---
[INFO] 
[INFO] --- maven-enforcer-plugin:1.2:enforce (enforce-maven) @ junit-quickcheck ---
[INFO] 
[INFO] -----------------< com.pholser:junit-quickcheck-core >------------------
[INFO] Building junit-quickcheck-core 1.1-SNAPSHOT                        [2/5]
[INFO] --------------------------------[ jar ]---------------------------------
[INFO] Downloading from central: https://repo.maven.apache.org/maven2/org/javaruntype/javaruntype/1.3/javaruntype-1.3.pom
[INFO] Downloaded from central: https://repo.maven.apache.org/maven2/org/javaruntype/javaruntype/1.3/javaruntype-1.3.pom (7.1 kB at 30 kB/s)
[INFO] Downloading from central: https://repo.maven.apache.org/maven2/org/antlr/antlr-runtime/3.1.2/antlr-runtime-3.1.2.pom
[INFO] Downloaded from central: https://repo.maven.apache.org/maven2/org/antlr/antlr-runtime/3.1.2/antlr-runtime-3.1.2.pom (4.2 kB at 603 kB/s)
[INFO] Downloading from central: https://repo.maven.apache.org/maven2/ru/vyarus/generics-resolver/3.0.3/generics-resolver-3.0.3.pom
[INFO] Downloaded from central: https://repo.maven.apache.org/maven2/ru/vyarus/generics-resolver/3.0.3/generics-resolver-3.0.3.pom (1.3 kB at 67 kB/s)
[INFO] Downloading from central: https://repo.maven.apache.org/maven2/com/google/guava/guava-testlib/30.1-jre/guava-testlib-30.1-jre.pom
[INFO] Downloaded from central: https://repo.maven.apache.org/maven2/com/google/guava/guava-testlib/30.1-jre/guava-testlib-30.1-jre.pom (2.8 kB at 314 kB/s)
[INFO] Downloading from central: https://repo.maven.apache.org/maven2/org/javaruntype/javaruntype/1.3/javaruntype-1.3.jar
[INFO] Downloading from central: https://repo.maven.apache.org/maven2/org/antlr/antlr-runtime/3.1.2/antlr-runtime-3.1.2.jar
[INFO] Downloading from central: https://repo.maven.apache.org/maven2/ognl/ognl/3.1.12/ognl-3.1.12.jar
[INFO] Downloading from central: https://repo.maven.apache.org/maven2/ru/vyarus/generics-resolver/3.0.3/generics-resolver-3.0.3.jar
[INFO] Downloading from central: https://repo.maven.apache.org/maven2/com/google/guava/guava-testlib/30.1-jre/guava-testlib-30.1-jre.jar
[INFO] Downloaded from central: https://repo.maven.apache.org/maven2/org/javaruntype/javaruntype/1.3/javaruntype-1.3.jar (72 kB at 1.3 MB/s)
[INFO] Downloaded from central: https://repo.maven.apache.org/maven2/ru/vyarus/generics-resolver/3.0.3/generics-resolver-3.0.3.jar (79 kB at 1.3 MB/s)
[INFO] Downloaded from central: https://repo.maven.apache.org/maven2/ognl/ognl/3.1.12/ognl-3.1.12.jar (236 kB at 3.0 MB/s)
[INFO] Downloaded from central: https://repo.maven.apache.org/maven2/org/antlr/antlr-runtime/3.1.2/antlr-runtime-3.1.2.jar (139 kB at 1.7 MB/s)
[INFO] Downloaded from central: https://repo.maven.apache.org/maven2/com/google/guava/guava-testlib/30.1-jre/guava-testlib-30.1-jre.jar (844 kB at 8.3 MB/s)
[INFO] 
[INFO] --- maven-clean-plugin:2.5:clean (default-clean) @ junit-quickcheck-core ---
[INFO] 
[INFO] --- maven-enforcer-plugin:1.2:enforce (enforce-maven) @ junit-quickcheck-core ---
[INFO] 
[INFO] --- jacoco-maven-plugin:0.8.6:prepare-agent (default-prepare-agent) @ junit-quickcheck-core ---
[INFO] argLine set to -javaagent:/home/gabsko/.m2/repository/org/jacoco/org.jacoco.agent/0.8.6/org.jacoco.agent-0.8.6-runtime.jar=destfile=/home/gabsko/breaking-updates/core/target/jacoco.exec
[INFO] 
[INFO] --- maven-resources-plugin:2.6:resources (default-resources) @ junit-quickcheck-core ---
[INFO] Using 'UTF-8' encoding to copy filtered resources.
[INFO] Copying 1 resource
[INFO] 
[INFO] --- maven-compiler-plugin:3.8.1:compile (default-compile) @ junit-quickcheck-core ---
[INFO] Changes detected - recompiling the module!
[INFO] Compiling 73 source files to /home/gabsko/breaking-updates/core/target/classes
[INFO] /home/gabsko/breaking-updates/core/src/main/java/com/pholser/junit/quickcheck/internal/Reflection.java: Some input files use or override a deprecated API.
[INFO] /home/gabsko/breaking-updates/core/src/main/java/com/pholser/junit/quickcheck/internal/Reflection.java: Recompile with -Xlint:deprecation for details.
[INFO] /home/gabsko/breaking-updates/core/src/main/java/com/pholser/junit/quickcheck/generator/Generators.java: Some input files use unchecked or unsafe operations.
[INFO] /home/gabsko/breaking-updates/core/src/main/java/com/pholser/junit/quickcheck/generator/Generators.java: Recompile with -Xlint:unchecked for details.
[INFO] 
[INFO] --- maven-checkstyle-plugin:2.17:check (default) @ junit-quickcheck-core ---
[INFO] 
[INFO] >>> maven-pmd-plugin:3.13.0:cpd-check (default) > :cpd @ junit-quickcheck-core >>>
[INFO] 
[INFO] --- maven-pmd-plugin:3.13.0:cpd (cpd) @ junit-quickcheck-core ---
[WARNING] Unable to locate Source XRef to link to - DISABLED
[WARNING] Unable to locate Source XRef to link to - DISABLED
[INFO] 
[INFO] <<< maven-pmd-plugin:3.13.0:cpd-check (default) < :cpd @ junit-quickcheck-core <<<
[INFO] 
[INFO] 
[INFO] --- maven-pmd-plugin:3.13.0:cpd-check (default) @ junit-quickcheck-core ---
[INFO] PMD version: 6.21.0
[INFO] 
[INFO] 
[INFO] --------------< com.pholser:junit-quickcheck-generators >---------------
[INFO] Building junit-quickcheck-generators 1.1-SNAPSHOT                  [3/5]
[INFO] --------------------------------[ jar ]---------------------------------
[INFO] Downloading from central: https://repo.maven.apache.org/maven2/eu/somatik/serviceloader-maven-plugin/serviceloader-maven-plugin/1.3.1/serviceloader-maven-plugin-1.3.1.pom
[INFO] Downloaded from central: https://repo.maven.apache.org/maven2/eu/somatik/serviceloader-maven-plugin/serviceloader-maven-plugin/1.3.1/serviceloader-maven-plugin-1.3.1.pom (13 kB at 115 kB/s)
[INFO] Downloading from central: https://repo.maven.apache.org/maven2/eu/somatik/serviceloader-maven-plugin/serviceloader-maven-plugin/1.3.1/serviceloader-maven-plugin-1.3.1.jar
[INFO] Downloaded from central: https://repo.maven.apache.org/maven2/eu/somatik/serviceloader-maven-plugin/serviceloader-maven-plugin/1.3.1/serviceloader-maven-plugin-1.3.1.jar (14 kB at 70 kB/s)
[INFO] Downloading from sonatype-nexus-snapshots: https://oss.sonatype.org/content/repositories/snapshots/com/pholser/junit-quickcheck-core/1.1-SNAPSHOT/maven-metadata.xml
[INFO] Downloading from sonatype-nexus-snapshots: https://oss.sonatype.org/content/repositories/snapshots/com/pholser/junit-quickcheck-core/1.1-SNAPSHOT/junit-quickcheck-core-1.1-SNAPSHOT-tests.jar
[INFO] ------------------------------------------------------------------------
[INFO] Reactor Summary for junit-quickcheck 1.1-SNAPSHOT:
[INFO] 
[INFO] junit-quickcheck ................................... SUCCESS [  0.188 s]
[INFO] junit-quickcheck-core .............................. SUCCESS [  3.623 s]
[INFO] junit-quickcheck-generators ........................ FAILURE [  0.990 s]
[INFO] junit-quickcheck-guava ............................. SKIPPED
[INFO] junit-quickcheck-examples .......................... SKIPPED
[INFO] ------------------------------------------------------------------------
[INFO] BUILD FAILURE
[INFO] ------------------------------------------------------------------------
[INFO] Total time:  4.887 s
[INFO] Finished at: 2023-01-17T21:58:10Z
[INFO] ------------------------------------------------------------------------
[ERROR] Failed to execute goal on project junit-quickcheck-generators: Could not resolve dependencies for project com.pholser:junit-quickcheck-generators:jar:1.1-SNAPSHOT: Could not find artifact com.pholser:junit-quickcheck-core:jar:tests:1.1-SNAPSHOT in sonatype-nexus-snapshots (https://oss.sonatype.org/content/repositories/snapshots) -> [Help 1]
[ERROR] 
[ERROR] To see the full stack trace of the errors, re-run Maven with the -e switch.
[ERROR] Re-run Maven using the -X switch to enable full debug logging.
[ERROR] 
[ERROR] For more information about the errors and possible solutions, please read the following articles:
[ERROR] [Help 1] http://cwiki.apache.org/confluence/display/MAVEN/DependencyResolutionException
[ERROR] 
[ERROR] After correcting the problems, you can resume the build with the command
[ERROR]   mvn <args> -rf :junit-quickcheck-generators
