[INFO] Scanning for projects...
[INFO] ------------------------------------------------------------------------
[INFO] Reactor Build Order:
[INFO] 
[INFO] Elementary Project                                                 [pom]
[INFO] Utilitary                                                          [jar]
[INFO] Elementary                                                         [jar]
[INFO] Satisfactory                                                       [jar]
[INFO] 
[INFO] ------------------< com.karuslabs:elementary-project >------------------
[INFO] Building Elementary Project 1.2.0-SNAPSHOT                         [1/4]
[INFO] --------------------------------[ pom ]---------------------------------
[INFO] 
[INFO] --- maven-clean-plugin:2.5:clean (default-clean) @ elementary-project ---
[INFO] 
[INFO] --- jacoco-maven-plugin:0.8.7:prepare-agent (default) @ elementary-project ---
[INFO] argLine set to -javaagent:/home/gabsko/.m2/repository/org/jacoco/org.jacoco.agent/0.8.7/org.jacoco.agent-0.8.7-runtime.jar=destfile=/home/gabsko/breaking-updates/target/jacoco.exec
[INFO] 
[INFO] ----------------------< com.karuslabs:utilitary >-----------------------
[INFO] Building Utilitary 1.2.0-SNAPSHOT                                  [2/4]
[INFO] --------------------------------[ jar ]---------------------------------
[INFO] Downloading from chimera-releases: https://repo.karuslabs.com/repository/elementary-releases/com/karuslabs/annotations/4.9.0-SNAPSHOT/maven-metadata.xml
[INFO] Downloading from chimera-snapshots: https://repo.karuslabs.com/repository/elementary-snapshots/com/karuslabs/annotations/4.9.0-SNAPSHOT/maven-metadata.xml
[INFO] Downloading from chimera-releases: https://repo.karuslabs.com/repository/elementary-releases/com/karuslabs/annotations/4.9.0-SNAPSHOT/annotations-4.9.0-SNAPSHOT.pom
[INFO] Downloading from chimera-snapshots: https://repo.karuslabs.com/repository/elementary-snapshots/com/karuslabs/annotations/4.9.0-SNAPSHOT/annotations-4.9.0-SNAPSHOT.pom
[WARNING] The POM for com.karuslabs:annotations:jar:4.9.0-SNAPSHOT is missing, no dependency information available
[INFO] 
[INFO] --- maven-clean-plugin:2.5:clean (default-clean) @ utilitary ---
[INFO] 
[INFO] --- jacoco-maven-plugin:0.8.7:prepare-agent (default) @ utilitary ---
[INFO] argLine set to -javaagent:/home/gabsko/.m2/repository/org/jacoco/org.jacoco.agent/0.8.7/org.jacoco.agent-0.8.7-runtime.jar=destfile=/home/gabsko/breaking-updates/utilitary/target/jacoco.exec
[INFO] 
[INFO] --- maven-resources-plugin:3.2.0:resources (default-resources) @ utilitary ---
[INFO] Using 'UTF-8' encoding to copy filtered resources.
[INFO] Using 'UTF-8' encoding to copy filtered properties files.
[INFO] skip non existing resourceDirectory /home/gabsko/breaking-updates/utilitary/src/main/resources
[INFO] 
[INFO] --- maven-compiler-plugin:3.8.1:compile (default-compile) @ utilitary ---
[INFO] Changes detected - recompiling the module!
[INFO] Compiling 22 source files to /home/gabsko/breaking-updates/utilitary/target/classes
[INFO] /home/gabsko/breaking-updates/utilitary/src/main/java/com/karuslabs/utilitary/snippet/Part.java: /home/gabsko/breaking-updates/utilitary/src/main/java/com/karuslabs/utilitary/snippet/Part.java uses unchecked or unsafe operations.
[INFO] /home/gabsko/breaking-updates/utilitary/src/main/java/com/karuslabs/utilitary/snippet/Part.java: Recompile with -Xlint:unchecked for details.
[INFO] 
[INFO] ----------------------< com.karuslabs:elementary >----------------------
[INFO] Building Elementary 1.2.0-SNAPSHOT                                 [3/4]
[INFO] --------------------------------[ jar ]---------------------------------
[INFO] 
[INFO] --- maven-clean-plugin:2.5:clean (default-clean) @ elementary ---
[INFO] 
[INFO] --- jacoco-maven-plugin:0.8.7:prepare-agent (default) @ elementary ---
[INFO] argLine set to -javaagent:/home/gabsko/.m2/repository/org/jacoco/org.jacoco.agent/0.8.7/org.jacoco.agent-0.8.7-runtime.jar=destfile=/home/gabsko/breaking-updates/elementary/target/jacoco.exec
[INFO] 
[INFO] --- maven-resources-plugin:3.2.0:resources (default-resources) @ elementary ---
[INFO] Using 'UTF-8' encoding to copy filtered resources.
[INFO] Using 'UTF-8' encoding to copy filtered properties files.
[INFO] skip non existing resourceDirectory /home/gabsko/breaking-updates/elementary/src/main/resources
[INFO] 
[INFO] --- maven-compiler-plugin:3.8.1:compile (default-compile) @ elementary ---
[INFO] Changes detected - recompiling the module!
[INFO] Compiling 31 source files to /home/gabsko/breaking-updates/elementary/target/classes
[INFO] 
[INFO] ---------------------< com.karuslabs:satisfactory >---------------------
[INFO] Building Satisfactory 1.2.0-SNAPSHOT                               [4/4]
[INFO] --------------------------------[ jar ]---------------------------------
[INFO] 
[INFO] --- maven-clean-plugin:2.5:clean (default-clean) @ satisfactory ---
[INFO] 
[INFO] --- jacoco-maven-plugin:0.8.7:prepare-agent (default) @ satisfactory ---
[INFO] argLine set to -javaagent:/home/gabsko/.m2/repository/org/jacoco/org.jacoco.agent/0.8.7/org.jacoco.agent-0.8.7-runtime.jar=destfile=/home/gabsko/breaking-updates/satisfactory/target/jacoco.exec
[INFO] 
[INFO] --- maven-resources-plugin:3.2.0:resources (default-resources) @ satisfactory ---
[INFO] Using 'UTF-8' encoding to copy filtered resources.
[INFO] Using 'UTF-8' encoding to copy filtered properties files.
[INFO] skip non existing resourceDirectory /home/gabsko/breaking-updates/satisfactory/src/main/resources
[INFO] 
[INFO] --- maven-compiler-plugin:3.8.1:compile (default-compile) @ satisfactory ---
[INFO] Changes detected - recompiling the module!
[INFO] Compiling 19 source files to /home/gabsko/breaking-updates/satisfactory/target/classes
[INFO] /home/gabsko/breaking-updates/satisfactory/src/main/java/com/karuslabs/satisfactory/zold/Assertions.java: Some input files use unchecked or unsafe operations.
[INFO] /home/gabsko/breaking-updates/satisfactory/src/main/java/com/karuslabs/satisfactory/zold/Assertions.java: Recompile with -Xlint:unchecked for details.
[INFO] -------------------------------------------------------------
[ERROR] COMPILATION ERROR : 
[INFO] -------------------------------------------------------------
[ERROR] /home/gabsko/breaking-updates/satisfactory/src/main/java/com/karuslabs/satisfactory/zold/Type.java:[26,36] package com.karuslabs.utilitary.text does not exist
[ERROR] /home/gabsko/breaking-updates/satisfactory/src/main/java/com/karuslabs/satisfactory/zold/Type.java:[37,39] cannot find symbol
  symbol: class Assertion
[ERROR] /home/gabsko/breaking-updates/satisfactory/src/main/java/com/karuslabs/satisfactory/zold/Assertions.java:[44,25] cannot find symbol
  symbol:   class Assertion
  location: class com.karuslabs.satisfactory.zold.Assertions
[ERROR] /home/gabsko/breaking-updates/satisfactory/src/main/java/com/karuslabs/satisfactory/zold/Assertions.java:[48,25] cannot find symbol
  symbol:   class Assertion
  location: class com.karuslabs.satisfactory.zold.Assertions
[ERROR] /home/gabsko/breaking-updates/satisfactory/src/main/java/com/karuslabs/satisfactory/zold/Assertions.java:[52,25] cannot find symbol
  symbol:   class Assertion
  location: class com.karuslabs.satisfactory.zold.Assertions
[ERROR] /home/gabsko/breaking-updates/satisfactory/src/main/java/com/karuslabs/satisfactory/zold/Assertions.java:[56,25] cannot find symbol
  symbol:   class Assertion
  location: class com.karuslabs.satisfactory.zold.Assertions
[ERROR] /home/gabsko/breaking-updates/satisfactory/src/main/java/com/karuslabs/satisfactory/zold/Assertions.java:[76,41] cannot find symbol
  symbol:   class Part
  location: class com.karuslabs.satisfactory.zold.Assertions
[ERROR] /home/gabsko/breaking-updates/satisfactory/src/main/java/com/karuslabs/satisfactory/zold/Sequences.java:[26,38] package com.karuslabs.satisfactory.old does not exist
[ERROR] /home/gabsko/breaking-updates/satisfactory/src/main/java/com/karuslabs/satisfactory/zold/Method.java:[41,32] cannot find symbol
  symbol: class Assertion
[ERROR] /home/gabsko/breaking-updates/satisfactory/src/main/java/com/karuslabs/satisfactory/zold/Assertions.java:[96,45] cannot find symbol
  symbol:   class Assertion
  location: class com.karuslabs.satisfactory.zold.Assertions
[ERROR] /home/gabsko/breaking-updates/satisfactory/src/main/java/com/karuslabs/satisfactory/zold/Variable.java:[35,43] package com.karuslabs.utilitary.text does not exist
[ERROR] /home/gabsko/breaking-updates/satisfactory/src/main/java/com/karuslabs/satisfactory/zold/Variable.java:[35,1] static import only from classes and interfaces
[ERROR] /home/gabsko/breaking-updates/satisfactory/src/main/java/com/karuslabs/satisfactory/zold/Variable.java:[41,34] cannot find symbol
  symbol: class Assertion
[ERROR] /home/gabsko/breaking-updates/satisfactory/src/main/java/com/karuslabs/satisfactory/zold/Assertions.java:[106,50] cannot find symbol
  symbol:   class Assertion
  location: class com.karuslabs.satisfactory.zold.Assertions
[ERROR] /home/gabsko/breaking-updates/satisfactory/src/main/java/com/karuslabs/satisfactory/zold/Assertions.java:[106,19] cannot find symbol
  symbol:   class Assertion
  location: class com.karuslabs.satisfactory.zold.Assertions
[ERROR] /home/gabsko/breaking-updates/satisfactory/src/main/java/com/karuslabs/satisfactory/zold/Assertions.java:[118,19] cannot find symbol
  symbol:   class Assertion
  location: class com.karuslabs.satisfactory.zold.Assertions
[ERROR] /home/gabsko/breaking-updates/satisfactory/src/main/java/com/karuslabs/satisfactory/zold/Assertions.java:[130,19] cannot find symbol
  symbol:   class Assertion
  location: class com.karuslabs.satisfactory.zold.Assertions
[ERROR] /home/gabsko/breaking-updates/satisfactory/src/main/java/com/karuslabs/satisfactory/zold/Assertions.java:[141,54] cannot find symbol
  symbol:   class Assertion
  location: class com.karuslabs.satisfactory.zold.Assertions
[ERROR] /home/gabsko/breaking-updates/satisfactory/src/main/java/com/karuslabs/satisfactory/zold/Assertions.java:[141,19] cannot find symbol
  symbol:   class Assertion
  location: class com.karuslabs.satisfactory.zold.Assertions
[ERROR] /home/gabsko/breaking-updates/satisfactory/src/main/java/com/karuslabs/satisfactory/zold/Assertions.java:[153,19] cannot find symbol
  symbol:   class Assertion
  location: class com.karuslabs.satisfactory.zold.Assertions
[ERROR] /home/gabsko/breaking-updates/satisfactory/src/main/java/com/karuslabs/satisfactory/zold/Assertions.java:[165,19] cannot find symbol
  symbol:   class Assertion
  location: class com.karuslabs.satisfactory.zold.Assertions
[ERROR] /home/gabsko/breaking-updates/satisfactory/src/main/java/com/karuslabs/satisfactory/zold/Assertions.java:[177,19] cannot find symbol
  symbol:   class Assertion
  location: class com.karuslabs.satisfactory.zold.Assertions
[ERROR] /home/gabsko/breaking-updates/satisfactory/src/main/java/com/karuslabs/satisfactory/zold/Assertions.java:[189,19] cannot find symbol
  symbol:   class Assertion
  location: class com.karuslabs.satisfactory.zold.Assertions
[ERROR] /home/gabsko/breaking-updates/satisfactory/src/main/java/com/karuslabs/satisfactory/zold/Assertions.java:[201,19] cannot find symbol
  symbol:   class Assertion
  location: class com.karuslabs.satisfactory.zold.Assertions
[ERROR] /home/gabsko/breaking-updates/satisfactory/src/main/java/com/karuslabs/satisfactory/zold/Assertions.java:[213,19] cannot find symbol
  symbol:   class Assertion
  location: class com.karuslabs.satisfactory.zold.Assertions
[ERROR] /home/gabsko/breaking-updates/satisfactory/src/main/java/com/karuslabs/satisfactory/zold/Assertions.java:[225,19] cannot find symbol
  symbol:   class Assertion
  location: class com.karuslabs.satisfactory.zold.Assertions
[ERROR] /home/gabsko/breaking-updates/satisfactory/src/main/java/com/karuslabs/satisfactory/zold/Assertions.java:[237,19] cannot find symbol
  symbol:   class Assertion
  location: class com.karuslabs.satisfactory.zold.Assertions
[ERROR] /home/gabsko/breaking-updates/satisfactory/src/main/java/com/karuslabs/satisfactory/zold/Assertions.java:[249,19] cannot find symbol
  symbol:   class Assertion
  location: class com.karuslabs.satisfactory.zold.Assertions
[ERROR] /home/gabsko/breaking-updates/satisfactory/src/main/java/com/karuslabs/satisfactory/zold/Assertions.java:[261,19] cannot find symbol
  symbol:   class Assertion
  location: class com.karuslabs.satisfactory.zold.Assertions
[ERROR] /home/gabsko/breaking-updates/satisfactory/src/main/java/com/karuslabs/satisfactory/zold/Assertions.java:[273,40] cannot find symbol
  symbol:   class Assertion
  location: class com.karuslabs.satisfactory.zold.Assertions
[ERROR] /home/gabsko/breaking-updates/satisfactory/src/main/java/com/karuslabs/satisfactory/zold/Assertions.java:[273,23] cannot find symbol
  symbol:   class Assertion
  location: class com.karuslabs.satisfactory.zold.Assertions
[ERROR] /home/gabsko/breaking-updates/satisfactory/src/main/java/com/karuslabs/satisfactory/zold/Assertions.java:[284,59] cannot find symbol
  symbol:   class Assertion
  location: class com.karuslabs.satisfactory.zold.Assertions
[ERROR] /home/gabsko/breaking-updates/satisfactory/src/main/java/com/karuslabs/satisfactory/zold/Assertions.java:[284,23] cannot find symbol
  symbol:   class Assertion
  location: class com.karuslabs.satisfactory.zold.Assertions
[ERROR] /home/gabsko/breaking-updates/satisfactory/src/main/java/com/karuslabs/satisfactory/zold/Variable.java:[92,37] cannot find symbol
  symbol:   class Assertion
  location: class com.karuslabs.satisfactory.zold.Variable.Builder
[ERROR] /home/gabsko/breaking-updates/satisfactory/src/main/java/com/karuslabs/satisfactory/zold/Variable.java:[99,17] cannot find symbol
  symbol:   class Assertion
  location: class com.karuslabs.satisfactory.zold.Variable.Builder
[ERROR] /home/gabsko/breaking-updates/satisfactory/src/main/java/com/karuslabs/satisfactory/zold/Variable.java:[43,19] cannot find symbol
  symbol:   class Assertion
  location: class com.karuslabs.satisfactory.zold.Variable
[ERROR] /home/gabsko/breaking-updates/satisfactory/src/main/java/com/karuslabs/satisfactory/zold/Variable.java:[44,19] cannot find symbol
  symbol:   class Assertion
  location: class com.karuslabs.satisfactory.zold.Variable
[ERROR] /home/gabsko/breaking-updates/satisfactory/src/main/java/com/karuslabs/satisfactory/zold/Variable.java:[45,19] cannot find symbol
  symbol:   class Assertion
  location: class com.karuslabs.satisfactory.zold.Variable
[ERROR] /home/gabsko/breaking-updates/satisfactory/src/main/java/com/karuslabs/satisfactory/zold/Variable.java:[58,14] cannot find symbol
  symbol:   class Assertion
  location: class com.karuslabs.satisfactory.zold.Variable
[ERROR] /home/gabsko/breaking-updates/satisfactory/src/main/java/com/karuslabs/satisfactory/zold/Variable.java:[58,46] cannot find symbol
  symbol:   class Assertion
  location: class com.karuslabs.satisfactory.zold.Variable
[ERROR] /home/gabsko/breaking-updates/satisfactory/src/main/java/com/karuslabs/satisfactory/zold/Variable.java:[58,82] cannot find symbol
  symbol:   class Assertion
  location: class com.karuslabs.satisfactory.zold.Variable
[ERROR] /home/gabsko/breaking-updates/satisfactory/src/main/java/com/karuslabs/satisfactory/zold/Method.java:[109,37] cannot find symbol
  symbol:   class Assertion
  location: class com.karuslabs.satisfactory.zold.Method.Builder
[ERROR] /home/gabsko/breaking-updates/satisfactory/src/main/java/com/karuslabs/satisfactory/zold/Sequence.java:[27,38] package com.karuslabs.satisfactory.old does not exist
[ERROR] /home/gabsko/breaking-updates/satisfactory/src/main/java/com/karuslabs/satisfactory/zold/Sequence.java:[28,36] package com.karuslabs.utilitary.text does not exist
[ERROR] /home/gabsko/breaking-updates/satisfactory/src/main/java/com/karuslabs/satisfactory/zold/Sequence.java:[38,46] cannot find symbol
  symbol: class Part
[ERROR] /home/gabsko/breaking-updates/satisfactory/src/main/java/com/karuslabs/satisfactory/zold/Method.java:[120,17] cannot find symbol
  symbol:   class Part
  location: class com.karuslabs.satisfactory.zold.Method.Builder
[ERROR] /home/gabsko/breaking-updates/satisfactory/src/main/java/com/karuslabs/satisfactory/zold/Method.java:[141,30] cannot find symbol
  symbol:   class Assertion
  location: class com.karuslabs.satisfactory.zold.Method.Builder
[ERROR] /home/gabsko/breaking-updates/satisfactory/src/main/java/com/karuslabs/satisfactory/zold/Method.java:[43,19] cannot find symbol
  symbol:   class Assertion
  location: class com.karuslabs.satisfactory.zold.Method
[ERROR] /home/gabsko/breaking-updates/satisfactory/src/main/java/com/karuslabs/satisfactory/zold/Method.java:[44,19] cannot find symbol
  symbol:   class Assertion
  location: class com.karuslabs.satisfactory.zold.Method
[ERROR] /home/gabsko/breaking-updates/satisfactory/src/main/java/com/karuslabs/satisfactory/zold/Method.java:[45,19] cannot find symbol
  symbol:   class Assertion
  location: class com.karuslabs.satisfactory.zold.Method
[ERROR] /home/gabsko/breaking-updates/satisfactory/src/main/java/com/karuslabs/satisfactory/zold/Method.java:[63,9] cannot find symbol
  symbol:   class Assertion
  location: class com.karuslabs.satisfactory.zold.Method
[ERROR] /home/gabsko/breaking-updates/satisfactory/src/main/java/com/karuslabs/satisfactory/zold/Method.java:[64,9] cannot find symbol
  symbol:   class Assertion
  location: class com.karuslabs.satisfactory.zold.Method
[ERROR] /home/gabsko/breaking-updates/satisfactory/src/main/java/com/karuslabs/satisfactory/zold/Method.java:[65,9] cannot find symbol
  symbol:   class Assertion
  location: class com.karuslabs.satisfactory.zold.Method
[ERROR] /home/gabsko/breaking-updates/satisfactory/src/main/java/com/karuslabs/satisfactory/zold/Sequences.java:[88,60] cannot find symbol
  symbol:   class Assertion
  location: class com.karuslabs.satisfactory.zold.Sequences
[ERROR] /home/gabsko/breaking-updates/satisfactory/src/main/java/com/karuslabs/satisfactory/zold/Sequences.java:[108,41] cannot find symbol
  symbol:   class Assertion
  location: class com.karuslabs.satisfactory.zold.Sequences
[ERROR] /home/gabsko/breaking-updates/satisfactory/src/main/java/com/karuslabs/satisfactory/zold/Sequences.java:[121,59] cannot find symbol
  symbol:   class Assertion
  location: class com.karuslabs.satisfactory.zold.Sequences
[ERROR] /home/gabsko/breaking-updates/satisfactory/src/main/java/com/karuslabs/satisfactory/zold/Sequences.java:[134,40] cannot find symbol
  symbol:   class Assertion
  location: class com.karuslabs.satisfactory.zold.Sequences
[ERROR] /home/gabsko/breaking-updates/satisfactory/src/main/java/com/karuslabs/satisfactory/zold/Times.java:[26,38] package com.karuslabs.satisfactory.old does not exist
[ERROR] /home/gabsko/breaking-updates/satisfactory/src/main/java/com/karuslabs/satisfactory/zold/Times.java:[34,43] cannot find symbol
  symbol: class Part
[ERROR] /home/gabsko/breaking-updates/satisfactory/src/main/java/com/karuslabs/satisfactory/zold/Sequences.java:[175,56] cannot find symbol
  symbol:   class Assertion
  location: class com.karuslabs.satisfactory.zold.Sequences
[ERROR] /home/gabsko/breaking-updates/satisfactory/src/main/java/com/karuslabs/satisfactory/zold/Sequences.java:[188,37] cannot find symbol
  symbol:   class Assertion
  location: class com.karuslabs.satisfactory.zold.Sequences
[ERROR] /home/gabsko/breaking-updates/satisfactory/src/main/java/com/karuslabs/satisfactory/zold/Sequences.java:[202,68] cannot find symbol
  symbol:   class Assertion
  location: class com.karuslabs.satisfactory.zold.Sequences
[ERROR] /home/gabsko/breaking-updates/satisfactory/src/main/java/com/karuslabs/satisfactory/zold/Sequences.java:[216,49] cannot find symbol
  symbol:   class Assertion
  location: class com.karuslabs.satisfactory.zold.Sequences
[ERROR] /home/gabsko/breaking-updates/satisfactory/src/main/java/com/karuslabs/satisfactory/zold/Sequences.java:[231,75] cannot find symbol
  symbol:   class Assertion
  location: class com.karuslabs.satisfactory.zold.Sequences
[ERROR] /home/gabsko/breaking-updates/satisfactory/src/main/java/com/karuslabs/satisfactory/zold/Sequences.java:[246,56] cannot find symbol
  symbol:   class Assertion
  location: class com.karuslabs.satisfactory.zold.Sequences
[ERROR] /home/gabsko/breaking-updates/satisfactory/src/main/java/com/karuslabs/satisfactory/zold/Sequences.java:[260,64] cannot find symbol
  symbol:   class Assertion
  location: class com.karuslabs.satisfactory.zold.Sequences
[ERROR] /home/gabsko/breaking-updates/satisfactory/src/main/java/com/karuslabs/satisfactory/zold/Sequences.java:[274,45] cannot find symbol
  symbol:   class Assertion
  location: class com.karuslabs.satisfactory.zold.Sequences
[ERROR] /home/gabsko/breaking-updates/satisfactory/src/main/java/com/karuslabs/satisfactory/zold/Sequences.java:[288,64] cannot find symbol
  symbol:   class Assertion
  location: class com.karuslabs.satisfactory.zold.Sequences
[ERROR] /home/gabsko/breaking-updates/satisfactory/src/main/java/com/karuslabs/satisfactory/zold/Sequences.java:[302,45] cannot find symbol
  symbol:   class Assertion
  location: class com.karuslabs.satisfactory.zold.Sequences
[ERROR] /home/gabsko/breaking-updates/satisfactory/src/main/java/com/karuslabs/satisfactory/zold/Times.java:[36,19] cannot find symbol
  symbol:   class Assertion
  location: class com.karuslabs.satisfactory.zold.Times<T>
[ERROR] /home/gabsko/breaking-updates/satisfactory/src/main/java/com/karuslabs/satisfactory/zold/Times.java:[47,18] cannot find symbol
  symbol:   class Assertion
  location: class com.karuslabs.satisfactory.zold.Times<T>
[ERROR] /home/gabsko/breaking-updates/satisfactory/src/main/java/com/karuslabs/satisfactory/zold/Any.java:[26,38] package com.karuslabs.satisfactory.old does not exist
[ERROR] /home/gabsko/breaking-updates/satisfactory/src/main/java/com/karuslabs/satisfactory/zold/Any.java:[34,32] cannot find symbol
  symbol: class Assertion
[ERROR] /home/gabsko/breaking-updates/satisfactory/src/main/java/com/karuslabs/satisfactory/zold/Times.java:[120,37] cannot find symbol
  symbol:   class Assertion
  location: class com.karuslabs.satisfactory.zold.Exact<T>
[ERROR] /home/gabsko/breaking-updates/satisfactory/src/main/java/com/karuslabs/satisfactory/zold/Times.java:[137,29] cannot find symbol
  symbol:   class Assertion
  location: class com.karuslabs.satisfactory.zold.Exact<T>
[ERROR] /home/gabsko/breaking-updates/satisfactory/src/main/java/com/karuslabs/satisfactory/zold/Times.java:[166,29] cannot find symbol
  symbol:   class Assertion
  location: class com.karuslabs.satisfactory.zold.Range<T>
[ERROR] /home/gabsko/breaking-updates/satisfactory/src/main/java/com/karuslabs/satisfactory/zold/Times.java:[194,18] cannot find symbol
  symbol:   class Assertion
  location: class com.karuslabs.satisfactory.zold.Min<T>
[ERROR] /home/gabsko/breaking-updates/satisfactory/src/main/java/com/karuslabs/satisfactory/zold/Times.java:[221,18] cannot find symbol
  symbol:   class Assertion
  location: class com.karuslabs.satisfactory.zold.Max<T>
[ERROR] /home/gabsko/breaking-updates/satisfactory/src/main/java/com/karuslabs/satisfactory/zold/TimeSequence.java:[26,36] package com.karuslabs.utilitary.text does not exist
[ERROR] /home/gabsko/breaking-updates/satisfactory/src/main/java/com/karuslabs/satisfactory/zold/Type.java:[215,28] cannot find symbol
  symbol: class Assertion
[ERROR] /home/gabsko/breaking-updates/satisfactory/src/main/java/com/karuslabs/satisfactory/zold/Annotations.java:[26,36] package com.karuslabs.utilitary.text does not exist
[ERROR] /home/gabsko/breaking-updates/satisfactory/src/main/java/com/karuslabs/satisfactory/zold/Annotations.java:[36,46] cannot find symbol
  symbol: class Assertion
[ERROR] /home/gabsko/breaking-updates/satisfactory/src/main/java/com/karuslabs/satisfactory/zold/Sequence.java:[89,26] cannot find symbol
  symbol:   class Assertion
  location: class com.karuslabs.satisfactory.zold.EqualSequence<T>
[ERROR] /home/gabsko/breaking-updates/satisfactory/src/main/java/com/karuslabs/satisfactory/zold/Sequence.java:[93,19] cannot find symbol
  symbol:   class Assertion
  location: class com.karuslabs.satisfactory.zold.EqualSequence<T>
[ERROR] /home/gabsko/breaking-updates/satisfactory/src/main/java/com/karuslabs/satisfactory/zold/Sequence.java:[100,19] cannot find symbol
  symbol:   class Assertion
  location: class com.karuslabs.satisfactory.zold.EqualSequence<T>
[ERROR] /home/gabsko/breaking-updates/satisfactory/src/main/java/com/karuslabs/satisfactory/zold/Sequence.java:[136,19] cannot find symbol
  symbol:   class Assertion
  location: class com.karuslabs.satisfactory.zold.EachSequence<T>
[ERROR] /home/gabsko/breaking-updates/satisfactory/src/main/java/com/karuslabs/satisfactory/zold/Sequence.java:[143,18] cannot find symbol
  symbol:   class Assertion
  location: class com.karuslabs.satisfactory.zold.EachSequence<T>
[ERROR] /home/gabsko/breaking-updates/satisfactory/src/main/java/com/karuslabs/satisfactory/zold/Type.java:[62,5] method does not override or implement a method from a supertype
[ERROR] /home/gabsko/breaking-updates/satisfactory/src/main/java/com/karuslabs/satisfactory/zold/Type.java:[67,5] method does not override or implement a method from a supertype
[ERROR] /home/gabsko/breaking-updates/satisfactory/src/main/java/com/karuslabs/satisfactory/zold/Type.java:[72,5] method does not override or implement a method from a supertype
[ERROR] /home/gabsko/breaking-updates/satisfactory/src/main/java/com/karuslabs/satisfactory/zold/Assertions.java:[154,20] cannot find symbol
  symbol:   class ContainsModifiers
  location: class com.karuslabs.satisfactory.zold.Assertions
[ERROR] /home/gabsko/breaking-updates/satisfactory/src/main/java/com/karuslabs/satisfactory/zold/Assertions.java:[166,24] cannot find symbol
  symbol:   class ContainsModifiers
  location: class com.karuslabs.satisfactory.zold.Assertions
[ERROR] /home/gabsko/breaking-updates/satisfactory/src/main/java/com/karuslabs/satisfactory/zold/Assertions.java:[178,20] cannot find symbol
  symbol:   class EqualModifiers
  location: class com.karuslabs.satisfactory.zold.Assertions
[ERROR] /home/gabsko/breaking-updates/satisfactory/src/main/java/com/karuslabs/satisfactory/zold/Assertions.java:[274,20] cannot find symbol
  symbol:   class Not
  location: class com.karuslabs.satisfactory.zold.Assertions
[ERROR] /home/gabsko/breaking-updates/satisfactory/src/main/java/com/karuslabs/satisfactory/zold/Assertions.java:[285,20] cannot find symbol
  symbol:   class Not
  location: class com.karuslabs.satisfactory.zold.Assertions
[ERROR] /home/gabsko/breaking-updates/satisfactory/src/main/java/com/karuslabs/satisfactory/zold/Sequences.java:[89,28] cannot find symbol
  symbol:   class Assertion
  location: class com.karuslabs.satisfactory.zold.Sequences
[ERROR] /home/gabsko/breaking-updates/satisfactory/src/main/java/com/karuslabs/satisfactory/zold/Method.java:[80,5] method does not override or implement a method from a supertype
[ERROR] /home/gabsko/breaking-updates/satisfactory/src/main/java/com/karuslabs/satisfactory/zold/Method.java:[87,5] method does not override or implement a method from a supertype
[ERROR] /home/gabsko/breaking-updates/satisfactory/src/main/java/com/karuslabs/satisfactory/zold/Method.java:[92,5] method does not override or implement a method from a supertype
[ERROR] /home/gabsko/breaking-updates/satisfactory/src/main/java/com/karuslabs/satisfactory/zold/Method.java:[97,5] method does not override or implement a method from a supertype
[INFO] 100 errors 
[INFO] -------------------------------------------------------------
[INFO] ------------------------------------------------------------------------
[INFO] Reactor Summary for Elementary Project 1.2.0-SNAPSHOT:
[INFO] 
[INFO] Elementary Project ................................. SUCCESS [  0.422 s]
[INFO] Utilitary .......................................... SUCCESS [  2.433 s]
[INFO] Elementary ......................................... SUCCESS [  0.445 s]
[INFO] Satisfactory ....................................... FAILURE [  0.415 s]
[INFO] ------------------------------------------------------------------------
[INFO] BUILD FAILURE
[INFO] ------------------------------------------------------------------------
[INFO] Total time:  3.817 s
[INFO] Finished at: 2023-01-24T13:44:08Z
[INFO] ------------------------------------------------------------------------
[ERROR] Failed to execute goal org.apache.maven.plugins:maven-compiler-plugin:3.8.1:compile (default-compile) on project satisfactory: Compilation failure: Compilation failure: 
[ERROR] /home/gabsko/breaking-updates/satisfactory/src/main/java/com/karuslabs/satisfactory/zold/Type.java:[26,36] package com.karuslabs.utilitary.text does not exist
[ERROR] /home/gabsko/breaking-updates/satisfactory/src/main/java/com/karuslabs/satisfactory/zold/Type.java:[37,39] cannot find symbol
[ERROR]   symbol: class Assertion
[ERROR] /home/gabsko/breaking-updates/satisfactory/src/main/java/com/karuslabs/satisfactory/zold/Assertions.java:[44,25] cannot find symbol
[ERROR]   symbol:   class Assertion
[ERROR]   location: class com.karuslabs.satisfactory.zold.Assertions
[ERROR] /home/gabsko/breaking-updates/satisfactory/src/main/java/com/karuslabs/satisfactory/zold/Assertions.java:[48,25] cannot find symbol
[ERROR]   symbol:   class Assertion
[ERROR]   location: class com.karuslabs.satisfactory.zold.Assertions
[ERROR] /home/gabsko/breaking-updates/satisfactory/src/main/java/com/karuslabs/satisfactory/zold/Assertions.java:[52,25] cannot find symbol
[ERROR]   symbol:   class Assertion
[ERROR]   location: class com.karuslabs.satisfactory.zold.Assertions
[ERROR] /home/gabsko/breaking-updates/satisfactory/src/main/java/com/karuslabs/satisfactory/zold/Assertions.java:[56,25] cannot find symbol
[ERROR]   symbol:   class Assertion
[ERROR]   location: class com.karuslabs.satisfactory.zold.Assertions
[ERROR] /home/gabsko/breaking-updates/satisfactory/src/main/java/com/karuslabs/satisfactory/zold/Assertions.java:[76,41] cannot find symbol
[ERROR]   symbol:   class Part
[ERROR]   location: class com.karuslabs.satisfactory.zold.Assertions
[ERROR] /home/gabsko/breaking-updates/satisfactory/src/main/java/com/karuslabs/satisfactory/zold/Sequences.java:[26,38] package com.karuslabs.satisfactory.old does not exist
[ERROR] /home/gabsko/breaking-updates/satisfactory/src/main/java/com/karuslabs/satisfactory/zold/Method.java:[41,32] cannot find symbol
[ERROR]   symbol: class Assertion
[ERROR] /home/gabsko/breaking-updates/satisfactory/src/main/java/com/karuslabs/satisfactory/zold/Assertions.java:[96,45] cannot find symbol
[ERROR]   symbol:   class Assertion
[ERROR]   location: class com.karuslabs.satisfactory.zold.Assertions
[ERROR] /home/gabsko/breaking-updates/satisfactory/src/main/java/com/karuslabs/satisfactory/zold/Variable.java:[35,43] package com.karuslabs.utilitary.text does not exist
[ERROR] /home/gabsko/breaking-updates/satisfactory/src/main/java/com/karuslabs/satisfactory/zold/Variable.java:[35,1] static import only from classes and interfaces
[ERROR] /home/gabsko/breaking-updates/satisfactory/src/main/java/com/karuslabs/satisfactory/zold/Variable.java:[41,34] cannot find symbol
[ERROR]   symbol: class Assertion
[ERROR] /home/gabsko/breaking-updates/satisfactory/src/main/java/com/karuslabs/satisfactory/zold/Assertions.java:[106,50] cannot find symbol
[ERROR]   symbol:   class Assertion
[ERROR]   location: class com.karuslabs.satisfactory.zold.Assertions
[ERROR] /home/gabsko/breaking-updates/satisfactory/src/main/java/com/karuslabs/satisfactory/zold/Assertions.java:[106,19] cannot find symbol
[ERROR]   symbol:   class Assertion
[ERROR]   location: class com.karuslabs.satisfactory.zold.Assertions
[ERROR] /home/gabsko/breaking-updates/satisfactory/src/main/java/com/karuslabs/satisfactory/zold/Assertions.java:[118,19] cannot find symbol
[ERROR]   symbol:   class Assertion
[ERROR]   location: class com.karuslabs.satisfactory.zold.Assertions
[ERROR] /home/gabsko/breaking-updates/satisfactory/src/main/java/com/karuslabs/satisfactory/zold/Assertions.java:[130,19] cannot find symbol
[ERROR]   symbol:   class Assertion
[ERROR]   location: class com.karuslabs.satisfactory.zold.Assertions
[ERROR] /home/gabsko/breaking-updates/satisfactory/src/main/java/com/karuslabs/satisfactory/zold/Assertions.java:[141,54] cannot find symbol
[ERROR]   symbol:   class Assertion
[ERROR]   location: class com.karuslabs.satisfactory.zold.Assertions
[ERROR] /home/gabsko/breaking-updates/satisfactory/src/main/java/com/karuslabs/satisfactory/zold/Assertions.java:[141,19] cannot find symbol
[ERROR]   symbol:   class Assertion
[ERROR]   location: class com.karuslabs.satisfactory.zold.Assertions
[ERROR] /home/gabsko/breaking-updates/satisfactory/src/main/java/com/karuslabs/satisfactory/zold/Assertions.java:[153,19] cannot find symbol
[ERROR]   symbol:   class Assertion
[ERROR]   location: class com.karuslabs.satisfactory.zold.Assertions
[ERROR] /home/gabsko/breaking-updates/satisfactory/src/main/java/com/karuslabs/satisfactory/zold/Assertions.java:[165,19] cannot find symbol
[ERROR]   symbol:   class Assertion
[ERROR]   location: class com.karuslabs.satisfactory.zold.Assertions
[ERROR] /home/gabsko/breaking-updates/satisfactory/src/main/java/com/karuslabs/satisfactory/zold/Assertions.java:[177,19] cannot find symbol
[ERROR]   symbol:   class Assertion
[ERROR]   location: class com.karuslabs.satisfactory.zold.Assertions
[ERROR] /home/gabsko/breaking-updates/satisfactory/src/main/java/com/karuslabs/satisfactory/zold/Assertions.java:[189,19] cannot find symbol
[ERROR]   symbol:   class Assertion
[ERROR]   location: class com.karuslabs.satisfactory.zold.Assertions
[ERROR] /home/gabsko/breaking-updates/satisfactory/src/main/java/com/karuslabs/satisfactory/zold/Assertions.java:[201,19] cannot find symbol
[ERROR]   symbol:   class Assertion
[ERROR]   location: class com.karuslabs.satisfactory.zold.Assertions
[ERROR] /home/gabsko/breaking-updates/satisfactory/src/main/java/com/karuslabs/satisfactory/zold/Assertions.java:[213,19] cannot find symbol
[ERROR]   symbol:   class Assertion
[ERROR]   location: class com.karuslabs.satisfactory.zold.Assertions
[ERROR] /home/gabsko/breaking-updates/satisfactory/src/main/java/com/karuslabs/satisfactory/zold/Assertions.java:[225,19] cannot find symbol
[ERROR]   symbol:   class Assertion
[ERROR]   location: class com.karuslabs.satisfactory.zold.Assertions
[ERROR] /home/gabsko/breaking-updates/satisfactory/src/main/java/com/karuslabs/satisfactory/zold/Assertions.java:[237,19] cannot find symbol
[ERROR]   symbol:   class Assertion
[ERROR]   location: class com.karuslabs.satisfactory.zold.Assertions
[ERROR] /home/gabsko/breaking-updates/satisfactory/src/main/java/com/karuslabs/satisfactory/zold/Assertions.java:[249,19] cannot find symbol
[ERROR]   symbol:   class Assertion
[ERROR]   location: class com.karuslabs.satisfactory.zold.Assertions
[ERROR] /home/gabsko/breaking-updates/satisfactory/src/main/java/com/karuslabs/satisfactory/zold/Assertions.java:[261,19] cannot find symbol
[ERROR]   symbol:   class Assertion
[ERROR]   location: class com.karuslabs.satisfactory.zold.Assertions
[ERROR] /home/gabsko/breaking-updates/satisfactory/src/main/java/com/karuslabs/satisfactory/zold/Assertions.java:[273,40] cannot find symbol
[ERROR]   symbol:   class Assertion
[ERROR]   location: class com.karuslabs.satisfactory.zold.Assertions
[ERROR] /home/gabsko/breaking-updates/satisfactory/src/main/java/com/karuslabs/satisfactory/zold/Assertions.java:[273,23] cannot find symbol
[ERROR]   symbol:   class Assertion
[ERROR]   location: class com.karuslabs.satisfactory.zold.Assertions
[ERROR] /home/gabsko/breaking-updates/satisfactory/src/main/java/com/karuslabs/satisfactory/zold/Assertions.java:[284,59] cannot find symbol
[ERROR]   symbol:   class Assertion
[ERROR]   location: class com.karuslabs.satisfactory.zold.Assertions
[ERROR] /home/gabsko/breaking-updates/satisfactory/src/main/java/com/karuslabs/satisfactory/zold/Assertions.java:[284,23] cannot find symbol
[ERROR]   symbol:   class Assertion
[ERROR]   location: class com.karuslabs.satisfactory.zold.Assertions
[ERROR] /home/gabsko/breaking-updates/satisfactory/src/main/java/com/karuslabs/satisfactory/zold/Variable.java:[92,37] cannot find symbol
[ERROR]   symbol:   class Assertion
[ERROR]   location: class com.karuslabs.satisfactory.zold.Variable.Builder
[ERROR] /home/gabsko/breaking-updates/satisfactory/src/main/java/com/karuslabs/satisfactory/zold/Variable.java:[99,17] cannot find symbol
[ERROR]   symbol:   class Assertion
[ERROR]   location: class com.karuslabs.satisfactory.zold.Variable.Builder
[ERROR] /home/gabsko/breaking-updates/satisfactory/src/main/java/com/karuslabs/satisfactory/zold/Variable.java:[43,19] cannot find symbol
[ERROR]   symbol:   class Assertion
[ERROR]   location: class com.karuslabs.satisfactory.zold.Variable
[ERROR] /home/gabsko/breaking-updates/satisfactory/src/main/java/com/karuslabs/satisfactory/zold/Variable.java:[44,19] cannot find symbol
[ERROR]   symbol:   class Assertion
[ERROR]   location: class com.karuslabs.satisfactory.zold.Variable
[ERROR] /home/gabsko/breaking-updates/satisfactory/src/main/java/com/karuslabs/satisfactory/zold/Variable.java:[45,19] cannot find symbol
[ERROR]   symbol:   class Assertion
[ERROR]   location: class com.karuslabs.satisfactory.zold.Variable
[ERROR] /home/gabsko/breaking-updates/satisfactory/src/main/java/com/karuslabs/satisfactory/zold/Variable.java:[58,14] cannot find symbol
[ERROR]   symbol:   class Assertion
[ERROR]   location: class com.karuslabs.satisfactory.zold.Variable
[ERROR] /home/gabsko/breaking-updates/satisfactory/src/main/java/com/karuslabs/satisfactory/zold/Variable.java:[58,46] cannot find symbol
[ERROR]   symbol:   class Assertion
[ERROR]   location: class com.karuslabs.satisfactory.zold.Variable
[ERROR] /home/gabsko/breaking-updates/satisfactory/src/main/java/com/karuslabs/satisfactory/zold/Variable.java:[58,82] cannot find symbol
[ERROR]   symbol:   class Assertion
[ERROR]   location: class com.karuslabs.satisfactory.zold.Variable
[ERROR] /home/gabsko/breaking-updates/satisfactory/src/main/java/com/karuslabs/satisfactory/zold/Method.java:[109,37] cannot find symbol
[ERROR]   symbol:   class Assertion
[ERROR]   location: class com.karuslabs.satisfactory.zold.Method.Builder
[ERROR] /home/gabsko/breaking-updates/satisfactory/src/main/java/com/karuslabs/satisfactory/zold/Sequence.java:[27,38] package com.karuslabs.satisfactory.old does not exist
[ERROR] /home/gabsko/breaking-updates/satisfactory/src/main/java/com/karuslabs/satisfactory/zold/Sequence.java:[28,36] package com.karuslabs.utilitary.text does not exist
[ERROR] /home/gabsko/breaking-updates/satisfactory/src/main/java/com/karuslabs/satisfactory/zold/Sequence.java:[38,46] cannot find symbol
[ERROR]   symbol: class Part
[ERROR] /home/gabsko/breaking-updates/satisfactory/src/main/java/com/karuslabs/satisfactory/zold/Method.java:[120,17] cannot find symbol
[ERROR]   symbol:   class Part
[ERROR]   location: class com.karuslabs.satisfactory.zold.Method.Builder
[ERROR] /home/gabsko/breaking-updates/satisfactory/src/main/java/com/karuslabs/satisfactory/zold/Method.java:[141,30] cannot find symbol
[ERROR]   symbol:   class Assertion
[ERROR]   location: class com.karuslabs.satisfactory.zold.Method.Builder
[ERROR] /home/gabsko/breaking-updates/satisfactory/src/main/java/com/karuslabs/satisfactory/zold/Method.java:[43,19] cannot find symbol
[ERROR]   symbol:   class Assertion
[ERROR]   location: class com.karuslabs.satisfactory.zold.Method
[ERROR] /home/gabsko/breaking-updates/satisfactory/src/main/java/com/karuslabs/satisfactory/zold/Method.java:[44,19] cannot find symbol
[ERROR]   symbol:   class Assertion
[ERROR]   location: class com.karuslabs.satisfactory.zold.Method
[ERROR] /home/gabsko/breaking-updates/satisfactory/src/main/java/com/karuslabs/satisfactory/zold/Method.java:[45,19] cannot find symbol
[ERROR]   symbol:   class Assertion
[ERROR]   location: class com.karuslabs.satisfactory.zold.Method
[ERROR] /home/gabsko/breaking-updates/satisfactory/src/main/java/com/karuslabs/satisfactory/zold/Method.java:[63,9] cannot find symbol
[ERROR]   symbol:   class Assertion
[ERROR]   location: class com.karuslabs.satisfactory.zold.Method
[ERROR] /home/gabsko/breaking-updates/satisfactory/src/main/java/com/karuslabs/satisfactory/zold/Method.java:[64,9] cannot find symbol
[ERROR]   symbol:   class Assertion
[ERROR]   location: class com.karuslabs.satisfactory.zold.Method
[ERROR] /home/gabsko/breaking-updates/satisfactory/src/main/java/com/karuslabs/satisfactory/zold/Method.java:[65,9] cannot find symbol
[ERROR]   symbol:   class Assertion
[ERROR]   location: class com.karuslabs.satisfactory.zold.Method
[ERROR] /home/gabsko/breaking-updates/satisfactory/src/main/java/com/karuslabs/satisfactory/zold/Sequences.java:[88,60] cannot find symbol
[ERROR]   symbol:   class Assertion
[ERROR]   location: class com.karuslabs.satisfactory.zold.Sequences
[ERROR] /home/gabsko/breaking-updates/satisfactory/src/main/java/com/karuslabs/satisfactory/zold/Sequences.java:[108,41] cannot find symbol
[ERROR]   symbol:   class Assertion
[ERROR]   location: class com.karuslabs.satisfactory.zold.Sequences
[ERROR] /home/gabsko/breaking-updates/satisfactory/src/main/java/com/karuslabs/satisfactory/zold/Sequences.java:[121,59] cannot find symbol
[ERROR]   symbol:   class Assertion
[ERROR]   location: class com.karuslabs.satisfactory.zold.Sequences
[ERROR] /home/gabsko/breaking-updates/satisfactory/src/main/java/com/karuslabs/satisfactory/zold/Sequences.java:[134,40] cannot find symbol
[ERROR]   symbol:   class Assertion
[ERROR]   location: class com.karuslabs.satisfactory.zold.Sequences
[ERROR] /home/gabsko/breaking-updates/satisfactory/src/main/java/com/karuslabs/satisfactory/zold/Times.java:[26,38] package com.karuslabs.satisfactory.old does not exist
[ERROR] /home/gabsko/breaking-updates/satisfactory/src/main/java/com/karuslabs/satisfactory/zold/Times.java:[34,43] cannot find symbol
[ERROR]   symbol: class Part
[ERROR] /home/gabsko/breaking-updates/satisfactory/src/main/java/com/karuslabs/satisfactory/zold/Sequences.java:[175,56] cannot find symbol
[ERROR]   symbol:   class Assertion
[ERROR]   location: class com.karuslabs.satisfactory.zold.Sequences
[ERROR] /home/gabsko/breaking-updates/satisfactory/src/main/java/com/karuslabs/satisfactory/zold/Sequences.java:[188,37] cannot find symbol
[ERROR]   symbol:   class Assertion
[ERROR]   location: class com.karuslabs.satisfactory.zold.Sequences
[ERROR] /home/gabsko/breaking-updates/satisfactory/src/main/java/com/karuslabs/satisfactory/zold/Sequences.java:[202,68] cannot find symbol
[ERROR]   symbol:   class Assertion
[ERROR]   location: class com.karuslabs.satisfactory.zold.Sequences
[ERROR] /home/gabsko/breaking-updates/satisfactory/src/main/java/com/karuslabs/satisfactory/zold/Sequences.java:[216,49] cannot find symbol
[ERROR]   symbol:   class Assertion
[ERROR]   location: class com.karuslabs.satisfactory.zold.Sequences
[ERROR] /home/gabsko/breaking-updates/satisfactory/src/main/java/com/karuslabs/satisfactory/zold/Sequences.java:[231,75] cannot find symbol
[ERROR]   symbol:   class Assertion
[ERROR]   location: class com.karuslabs.satisfactory.zold.Sequences
[ERROR] /home/gabsko/breaking-updates/satisfactory/src/main/java/com/karuslabs/satisfactory/zold/Sequences.java:[246,56] cannot find symbol
[ERROR]   symbol:   class Assertion
[ERROR]   location: class com.karuslabs.satisfactory.zold.Sequences
[ERROR] /home/gabsko/breaking-updates/satisfactory/src/main/java/com/karuslabs/satisfactory/zold/Sequences.java:[260,64] cannot find symbol
[ERROR]   symbol:   class Assertion
[ERROR]   location: class com.karuslabs.satisfactory.zold.Sequences
[ERROR] /home/gabsko/breaking-updates/satisfactory/src/main/java/com/karuslabs/satisfactory/zold/Sequences.java:[274,45] cannot find symbol
[ERROR]   symbol:   class Assertion
[ERROR]   location: class com.karuslabs.satisfactory.zold.Sequences
[ERROR] /home/gabsko/breaking-updates/satisfactory/src/main/java/com/karuslabs/satisfactory/zold/Sequences.java:[288,64] cannot find symbol
[ERROR]   symbol:   class Assertion
[ERROR]   location: class com.karuslabs.satisfactory.zold.Sequences
[ERROR] /home/gabsko/breaking-updates/satisfactory/src/main/java/com/karuslabs/satisfactory/zold/Sequences.java:[302,45] cannot find symbol
[ERROR]   symbol:   class Assertion
[ERROR]   location: class com.karuslabs.satisfactory.zold.Sequences
[ERROR] /home/gabsko/breaking-updates/satisfactory/src/main/java/com/karuslabs/satisfactory/zold/Times.java:[36,19] cannot find symbol
[ERROR]   symbol:   class Assertion
[ERROR]   location: class com.karuslabs.satisfactory.zold.Times<T>
[ERROR] /home/gabsko/breaking-updates/satisfactory/src/main/java/com/karuslabs/satisfactory/zold/Times.java:[47,18] cannot find symbol
[ERROR]   symbol:   class Assertion
[ERROR]   location: class com.karuslabs.satisfactory.zold.Times<T>
[ERROR] /home/gabsko/breaking-updates/satisfactory/src/main/java/com/karuslabs/satisfactory/zold/Any.java:[26,38] package com.karuslabs.satisfactory.old does not exist
[ERROR] /home/gabsko/breaking-updates/satisfactory/src/main/java/com/karuslabs/satisfactory/zold/Any.java:[34,32] cannot find symbol
[ERROR]   symbol: class Assertion
[ERROR] /home/gabsko/breaking-updates/satisfactory/src/main/java/com/karuslabs/satisfactory/zold/Times.java:[120,37] cannot find symbol
[ERROR]   symbol:   class Assertion
[ERROR]   location: class com.karuslabs.satisfactory.zold.Exact<T>
[ERROR] /home/gabsko/breaking-updates/satisfactory/src/main/java/com/karuslabs/satisfactory/zold/Times.java:[137,29] cannot find symbol
[ERROR]   symbol:   class Assertion
[ERROR]   location: class com.karuslabs.satisfactory.zold.Exact<T>
[ERROR] /home/gabsko/breaking-updates/satisfactory/src/main/java/com/karuslabs/satisfactory/zold/Times.java:[166,29] cannot find symbol
[ERROR]   symbol:   class Assertion
[ERROR]   location: class com.karuslabs.satisfactory.zold.Range<T>
[ERROR] /home/gabsko/breaking-updates/satisfactory/src/main/java/com/karuslabs/satisfactory/zold/Times.java:[194,18] cannot find symbol
[ERROR]   symbol:   class Assertion
[ERROR]   location: class com.karuslabs.satisfactory.zold.Min<T>
[ERROR] /home/gabsko/breaking-updates/satisfactory/src/main/java/com/karuslabs/satisfactory/zold/Times.java:[221,18] cannot find symbol
[ERROR]   symbol:   class Assertion
[ERROR]   location: class com.karuslabs.satisfactory.zold.Max<T>
[ERROR] /home/gabsko/breaking-updates/satisfactory/src/main/java/com/karuslabs/satisfactory/zold/TimeSequence.java:[26,36] package com.karuslabs.utilitary.text does not exist
[ERROR] /home/gabsko/breaking-updates/satisfactory/src/main/java/com/karuslabs/satisfactory/zold/Type.java:[215,28] cannot find symbol
[ERROR]   symbol: class Assertion
[ERROR] /home/gabsko/breaking-updates/satisfactory/src/main/java/com/karuslabs/satisfactory/zold/Annotations.java:[26,36] package com.karuslabs.utilitary.text does not exist
[ERROR] /home/gabsko/breaking-updates/satisfactory/src/main/java/com/karuslabs/satisfactory/zold/Annotations.java:[36,46] cannot find symbol
[ERROR]   symbol: class Assertion
[ERROR] /home/gabsko/breaking-updates/satisfactory/src/main/java/com/karuslabs/satisfactory/zold/Sequence.java:[89,26] cannot find symbol
[ERROR]   symbol:   class Assertion
[ERROR]   location: class com.karuslabs.satisfactory.zold.EqualSequence<T>
[ERROR] /home/gabsko/breaking-updates/satisfactory/src/main/java/com/karuslabs/satisfactory/zold/Sequence.java:[93,19] cannot find symbol
[ERROR]   symbol:   class Assertion
[ERROR]   location: class com.karuslabs.satisfactory.zold.EqualSequence<T>
[ERROR] /home/gabsko/breaking-updates/satisfactory/src/main/java/com/karuslabs/satisfactory/zold/Sequence.java:[100,19] cannot find symbol
[ERROR]   symbol:   class Assertion
[ERROR]   location: class com.karuslabs.satisfactory.zold.EqualSequence<T>
[ERROR] /home/gabsko/breaking-updates/satisfactory/src/main/java/com/karuslabs/satisfactory/zold/Sequence.java:[136,19] cannot find symbol
[ERROR]   symbol:   class Assertion
[ERROR]   location: class com.karuslabs.satisfactory.zold.EachSequence<T>
[ERROR] /home/gabsko/breaking-updates/satisfactory/src/main/java/com/karuslabs/satisfactory/zold/Sequence.java:[143,18] cannot find symbol
[ERROR]   symbol:   class Assertion
[ERROR]   location: class com.karuslabs.satisfactory.zold.EachSequence<T>
[ERROR] /home/gabsko/breaking-updates/satisfactory/src/main/java/com/karuslabs/satisfactory/zold/Type.java:[62,5] method does not override or implement a method from a supertype
[ERROR] /home/gabsko/breaking-updates/satisfactory/src/main/java/com/karuslabs/satisfactory/zold/Type.java:[67,5] method does not override or implement a method from a supertype
[ERROR] /home/gabsko/breaking-updates/satisfactory/src/main/java/com/karuslabs/satisfactory/zold/Type.java:[72,5] method does not override or implement a method from a supertype
[ERROR] /home/gabsko/breaking-updates/satisfactory/src/main/java/com/karuslabs/satisfactory/zold/Assertions.java:[154,20] cannot find symbol
[ERROR]   symbol:   class ContainsModifiers
[ERROR]   location: class com.karuslabs.satisfactory.zold.Assertions
[ERROR] /home/gabsko/breaking-updates/satisfactory/src/main/java/com/karuslabs/satisfactory/zold/Assertions.java:[166,24] cannot find symbol
[ERROR]   symbol:   class ContainsModifiers
[ERROR]   location: class com.karuslabs.satisfactory.zold.Assertions
[ERROR] /home/gabsko/breaking-updates/satisfactory/src/main/java/com/karuslabs/satisfactory/zold/Assertions.java:[178,20] cannot find symbol
[ERROR]   symbol:   class EqualModifiers
[ERROR]   location: class com.karuslabs.satisfactory.zold.Assertions
[ERROR] /home/gabsko/breaking-updates/satisfactory/src/main/java/com/karuslabs/satisfactory/zold/Assertions.java:[274,20] cannot find symbol
[ERROR]   symbol:   class Not
[ERROR]   location: class com.karuslabs.satisfactory.zold.Assertions
[ERROR] /home/gabsko/breaking-updates/satisfactory/src/main/java/com/karuslabs/satisfactory/zold/Assertions.java:[285,20] cannot find symbol
[ERROR]   symbol:   class Not
[ERROR]   location: class com.karuslabs.satisfactory.zold.Assertions
[ERROR] /home/gabsko/breaking-updates/satisfactory/src/main/java/com/karuslabs/satisfactory/zold/Sequences.java:[89,28] cannot find symbol
[ERROR]   symbol:   class Assertion
[ERROR]   location: class com.karuslabs.satisfactory.zold.Sequences
[ERROR] /home/gabsko/breaking-updates/satisfactory/src/main/java/com/karuslabs/satisfactory/zold/Method.java:[80,5] method does not override or implement a method from a supertype
[ERROR] /home/gabsko/breaking-updates/satisfactory/src/main/java/com/karuslabs/satisfactory/zold/Method.java:[87,5] method does not override or implement a method from a supertype
[ERROR] /home/gabsko/breaking-updates/satisfactory/src/main/java/com/karuslabs/satisfactory/zold/Method.java:[92,5] method does not override or implement a method from a supertype
[ERROR] /home/gabsko/breaking-updates/satisfactory/src/main/java/com/karuslabs/satisfactory/zold/Method.java:[97,5] method does not override or implement a method from a supertype
[ERROR] -> [Help 1]
[ERROR] 
[ERROR] To see the full stack trace of the errors, re-run Maven with the -e switch.
[ERROR] Re-run Maven using the -X switch to enable full debug logging.
[ERROR] 
[ERROR] For more information about the errors and possible solutions, please read the following articles:
[ERROR] [Help 1] http://cwiki.apache.org/confluence/display/MAVEN/MojoFailureException
[ERROR] 
[ERROR] After correcting the problems, you can resume the build with the command
[ERROR]   mvn <args> -rf :satisfactory
