[INFO] Scanning for projects...
[INFO] Inspecting build with total of 1 modules...
[INFO] Installing Nexus Staging features:
[INFO]   ... total of 1 executions of maven-deploy-plugin replaced with nexus-staging-maven-plugin
[INFO] 
[INFO] --------------< io.github.project-openubl:xsender-server >--------------
[INFO] Building XSender :: Microservice 1.0.2-SNAPSHOT
[INFO] --------------------------------[ jar ]---------------------------------
[INFO] Downloading from central: https://repo.maven.apache.org/maven2/io/quarkus/quarkus-test-common/1.12.2.Final/quarkus-test-common-1.12.2.Final.jar
[INFO] Downloading from central: https://repo.maven.apache.org/maven2/io/quarkus/quarkus-junit5/1.12.2.Final/quarkus-junit5-1.12.2.Final.jar
[INFO] Downloading from central: https://repo.maven.apache.org/maven2/org/testcontainers/kafka/1.15.2/kafka-1.15.2.jar
[INFO] Downloaded from central: https://repo.maven.apache.org/maven2/org/testcontainers/kafka/1.15.2/kafka-1.15.2.jar (4.2 kB at 15 kB/s)
[INFO] Downloaded from central: https://repo.maven.apache.org/maven2/io/quarkus/quarkus-test-common/1.12.2.Final/quarkus-test-common-1.12.2.Final.jar (55 kB at 189 kB/s)
[INFO] Downloaded from central: https://repo.maven.apache.org/maven2/io/quarkus/quarkus-junit5/1.12.2.Final/quarkus-junit5-1.12.2.Final.jar (59 kB at 199 kB/s)
[INFO] 
[INFO] --- maven-clean-plugin:2.5:clean (default-clean) @ xsender-server ---
[INFO] Deleting /home/gabsko/breaking-updates/target
[INFO] 
[INFO] --- quarkus-maven-plugin:1.12.2.Final:generate-code (default) @ xsender-server ---
[INFO] 
[INFO] --- maven-resources-plugin:2.6:resources (default-resources) @ xsender-server ---
[INFO] Using 'UTF-8' encoding to copy filtered resources.
[INFO] Copying 10 resources
[INFO] 
[INFO] --- maven-compiler-plugin:3.8.1:compile (default-compile) @ xsender-server ---
[INFO] Changes detected - recompiling the module!
[INFO] Compiling 94 source files to /home/gabsko/breaking-updates/target/classes
[INFO] /home/gabsko/breaking-updates/src/main/java/io/github/project/openubl/xsender/keys/component/ComponentModel.java: Some input files use unchecked or unsafe operations.
[INFO] /home/gabsko/breaking-updates/src/main/java/io/github/project/openubl/xsender/keys/component/ComponentModel.java: Recompile with -Xlint:unchecked for details.
[INFO] 
[INFO] --- quarkus-maven-plugin:1.12.2.Final:generate-code-tests (default) @ xsender-server ---
[INFO] 
[INFO] --- maven-resources-plugin:2.6:testResources (default-testResources) @ xsender-server ---
[INFO] Using 'UTF-8' encoding to copy filtered resources.
[INFO] Copying 25 resources
[INFO] 
[INFO] --- maven-compiler-plugin:3.8.1:testCompile (default-testCompile) @ xsender-server ---
[INFO] Changes detected - recompiling the module!
[INFO] Compiling 10 source files to /home/gabsko/breaking-updates/target/test-classes
[INFO] 
[INFO] --- maven-surefire-plugin:2.22.1:test (default-test) @ xsender-server ---
[INFO] Downloading from central: https://repo.maven.apache.org/maven2/org/apache/maven/surefire/surefire-junit-platform/2.22.1/surefire-junit-platform-2.22.1.pom
[INFO] Downloaded from central: https://repo.maven.apache.org/maven2/org/apache/maven/surefire/surefire-junit-platform/2.22.1/surefire-junit-platform-2.22.1.pom (7.0 kB at 367 kB/s)
[INFO] Downloading from central: https://repo.maven.apache.org/maven2/org/apache/maven/surefire/surefire-junit-platform/2.22.1/surefire-junit-platform-2.22.1.jar
[INFO] Downloaded from central: https://repo.maven.apache.org/maven2/org/apache/maven/surefire/surefire-junit-platform/2.22.1/surefire-junit-platform-2.22.1.jar (66 kB at 5.1 MB/s)
[INFO] 
[INFO] -------------------------------------------------------
[INFO]  T E S T S
[INFO] -------------------------------------------------------
[INFO] Running io.github.project.openubl.xsender.resources.CurrentUserResourceTest
[ERROR] Tests run: 4, Failures: 0, Errors: 1, Skipped: 3, Time elapsed: 37.159 s <<< FAILURE! - in io.github.project.openubl.xsender.resources.CurrentUserResourceTest
[ERROR] createDuplicateNamespace  Time elapsed: 0.011 s  <<< ERROR!
java.lang.RuntimeException: java.lang.reflect.InvocationTargetException
Caused by: java.lang.reflect.InvocationTargetException
Caused by: java.lang.RuntimeException: Error waiting for test resource future to finish.
Caused by: java.util.concurrent.ExecutionException: java.lang.RuntimeException: Unable to start Quarkus test resource io.github.project.openubl.xsender.resources.config.PostgreSQLServer@609f42a8
Caused by: java.lang.RuntimeException: Unable to start Quarkus test resource io.github.project.openubl.xsender.resources.config.PostgreSQLServer@609f42a8
Caused by: java.lang.IllegalStateException: Could not find a valid Docker environment. Please see logs and check configuration

[INFO] Running io.github.project.openubl.xsender.resources.CompanyResourceTest
[ERROR] Tests run: 7, Failures: 0, Errors: 1, Skipped: 6, Time elapsed: 32.342 s <<< FAILURE! - in io.github.project.openubl.xsender.resources.CompanyResourceTest
[ERROR] getCompanyByNotOwner_shouldNotBeAllowed  Time elapsed: 0.001 s  <<< ERROR!
java.lang.RuntimeException: java.lang.reflect.InvocationTargetException
Caused by: java.lang.reflect.InvocationTargetException
Caused by: java.lang.RuntimeException: Error waiting for test resource future to finish.
Caused by: java.util.concurrent.ExecutionException: java.lang.RuntimeException: Unable to start Quarkus test resource io.github.project.openubl.xsender.resources.config.KeycloakServer@7adbddc1
Caused by: java.lang.RuntimeException: Unable to start Quarkus test resource io.github.project.openubl.xsender.resources.config.KeycloakServer@7adbddc1
Caused by: java.lang.IllegalStateException: Could not find a valid Docker environment. Please see logs and check configuration

[INFO] Running io.github.project.openubl.xsender.resources.DocumentResourceTest
[ERROR] Tests run: 4, Failures: 0, Errors: 1, Skipped: 3, Time elapsed: 32.385 s <<< FAILURE! - in io.github.project.openubl.xsender.resources.DocumentResourceTest
[ERROR] uploadInvalidXML_shouldFail  Time elapsed: 0 s  <<< ERROR!
java.lang.RuntimeException: java.lang.reflect.InvocationTargetException
Caused by: java.lang.reflect.InvocationTargetException
Caused by: java.lang.RuntimeException: Error waiting for test resource future to finish.
Caused by: java.util.concurrent.ExecutionException: java.lang.RuntimeException: Unable to start Quarkus test resource io.github.project.openubl.xsender.resources.config.StorageServer@3009444f
Caused by: java.lang.RuntimeException: Unable to start Quarkus test resource io.github.project.openubl.xsender.resources.config.StorageServer@3009444f
Caused by: java.lang.IllegalStateException: Could not find a valid Docker environment. Please see logs and check configuration

[INFO] Running io.github.project.openubl.xsender.resources.NamespaceResourceTest
[ERROR] Tests run: 6, Failures: 0, Errors: 1, Skipped: 5, Time elapsed: 32.818 s <<< FAILURE! - in io.github.project.openubl.xsender.resources.NamespaceResourceTest
[ERROR] updateNamespace  Time elapsed: 0 s  <<< ERROR!
java.lang.RuntimeException: java.lang.reflect.InvocationTargetException
Caused by: java.lang.reflect.InvocationTargetException
Caused by: java.lang.RuntimeException: Error waiting for test resource future to finish.
Caused by: java.util.concurrent.ExecutionException: java.lang.RuntimeException: Unable to start Quarkus test resource io.github.project.openubl.xsender.resources.config.PostgreSQLServer@696ba2a7
Caused by: java.lang.RuntimeException: Unable to start Quarkus test resource io.github.project.openubl.xsender.resources.config.PostgreSQLServer@696ba2a7
Caused by: java.lang.IllegalStateException: Could not find a valid Docker environment. Please see logs and check configuration

[INFO] 
[INFO] Results:
[INFO] 
[ERROR] Errors: 
[ERROR]   CompanyResourceTest.getCompanyByNotOwner_shouldNotBeAllowed » Runtime java.lan...
[ERROR]   CurrentUserResourceTest.createDuplicateNamespace » Runtime java.lang.reflect.I...
[ERROR]   DocumentResourceTest.uploadInvalidXML_shouldFail » Runtime java.lang.reflect.I...
[ERROR]   NamespaceResourceTest.updateNamespace » Runtime java.lang.reflect.InvocationTa...
[INFO] 
[ERROR] Tests run: 21, Failures: 0, Errors: 4, Skipped: 17
[INFO] 
[INFO] ------------------------------------------------------------------------
[INFO] BUILD FAILURE
[INFO] ------------------------------------------------------------------------
[INFO] Total time:  02:25 min
[INFO] Finished at: 2023-01-25T08:11:04Z
[INFO] ------------------------------------------------------------------------
[ERROR] Failed to execute goal org.apache.maven.plugins:maven-surefire-plugin:2.22.1:test (default-test) on project xsender-server: There are test failures.
[ERROR] 
[ERROR] Please refer to /home/gabsko/breaking-updates/target/surefire-reports for the individual test results.
[ERROR] Please refer to dump files (if any exist) [date].dump, [date]-jvmRun[N].dump and [date].dumpstream.
[ERROR] -> [Help 1]
[ERROR] 
[ERROR] To see the full stack trace of the errors, re-run Maven with the -e switch.
[ERROR] Re-run Maven using the -X switch to enable full debug logging.
[ERROR] 
[ERROR] For more information about the errors and possible solutions, please read the following articles:
[ERROR] [Help 1] http://cwiki.apache.org/confluence/display/MAVEN/MojoFailureException
