[INFO] Scanning for projects...
[INFO] Downloading from central: https://repo.maven.apache.org/maven2/org/moditect/moditect-org-parent/1.0.0.Final/moditect-org-parent-1.0.0.Final.pom
[INFO] Downloaded from central: https://repo.maven.apache.org/maven2/org/moditect/moditect-org-parent/1.0.0.Final/moditect-org-parent-1.0.0.Final.pom (18 kB at 79 kB/s)
[INFO] Downloading from central: https://repo.maven.apache.org/maven2/io/quarkus/quarkus-bom/2.3.0.Final/quarkus-bom-2.3.0.Final.pom
[INFO] Downloaded from central: https://repo.maven.apache.org/maven2/io/quarkus/quarkus-bom/2.3.0.Final/quarkus-bom-2.3.0.Final.pom (350 kB at 8.3 MB/s)
[INFO] ------------------------------------------------------------------------
[INFO] Reactor Build Order:
[INFO] 
[INFO] JfrUnit                                                            [pom]
[INFO] JfrUnit Event Type Generator                                       [jar]
[INFO] JfrUnit Core                                                       [jar]
[INFO] 
[INFO] --------------< org.moditect.jfrunit:jfrunit-aggregator >---------------
[INFO] Building JfrUnit 1.0.0-SNAPSHOT                                    [1/3]
[INFO] --------------------------------[ pom ]---------------------------------
[INFO] 
[INFO] --- maven-clean-plugin:3.1.0:clean (default-clean) @ jfrunit-aggregator ---
[INFO] 
[INFO] --- git-commit-id-plugin:3.0.1:revision (resolve-git-properties) @ jfrunit-aggregator ---
[INFO] 
[INFO] --- maven-enforcer-plugin:3.0.0-M3:enforce (default) @ jfrunit-aggregator ---
[WARNING] Rule 1: org.apache.maven.plugins.enforcer.RequireJavaVersion failed with message:
Detected JDK Version: 11.0.17 is not in the allowed range 16.
[INFO] ------------------------------------------------------------------------
[INFO] Reactor Summary for JfrUnit 1.0.0-SNAPSHOT:
[INFO] 
[INFO] JfrUnit ............................................ FAILURE [  0.847 s]
[INFO] JfrUnit Event Type Generator ....................... SKIPPED
[INFO] JfrUnit Core ....................................... SKIPPED
[INFO] ------------------------------------------------------------------------
[INFO] BUILD FAILURE
[INFO] ------------------------------------------------------------------------
[INFO] Total time:  1.473 s
[INFO] Finished at: 2023-01-25T05:29:53Z
[INFO] ------------------------------------------------------------------------
[ERROR] Failed to execute goal org.apache.maven.plugins:maven-enforcer-plugin:3.0.0-M3:enforce (default) on project jfrunit-aggregator: Some Enforcer rules have failed. Look above for specific messages explaining why the rule failed. -> [Help 1]
[ERROR] 
[ERROR] To see the full stack trace of the errors, re-run Maven with the -e switch.
[ERROR] Re-run Maven using the -X switch to enable full debug logging.
[ERROR] 
[ERROR] For more information about the errors and possible solutions, please read the following articles:
[ERROR] [Help 1] http://cwiki.apache.org/confluence/display/MAVEN/MojoExecutionException
