[INFO] Scanning for projects...
[INFO] Downloading from confluent: https://packages.confluent.io/maven/io/quarkus/qe/quarkus-test-parent/1.0.1.Final/quarkus-test-parent-1.0.1.Final.pom
[INFO] Downloading from central: https://repo.maven.apache.org/maven2/io/quarkus/qe/quarkus-test-parent/1.0.1.Final/quarkus-test-parent-1.0.1.Final.pom
[INFO] Downloaded from central: https://repo.maven.apache.org/maven2/io/quarkus/qe/quarkus-test-parent/1.0.1.Final/quarkus-test-parent-1.0.1.Final.pom (25 kB at 59 kB/s)
[ERROR] [ERROR] Some problems were encountered while processing the POMs:
[ERROR] Non-resolvable import POM: Could not find artifact io.quarkus:quarkus-bom:pom:999-SNAPSHOT @ line 51, column 25
 @ 
[ERROR] The build could not read 1 project -> [Help 1]
[ERROR]   
[ERROR]   The project io.quarkus.ts.qe:parent:1.0.0-SNAPSHOT (/home/gabsko/breaking-updates/pom.xml) has 1 error
[ERROR]     Non-resolvable import POM: Could not find artifact io.quarkus:quarkus-bom:pom:999-SNAPSHOT @ line 51, column 25 -> [Help 2]
[ERROR] 
[ERROR] To see the full stack trace of the errors, re-run Maven with the -e switch.
[ERROR] Re-run Maven using the -X switch to enable full debug logging.
[ERROR] 
[ERROR] For more information about the errors and possible solutions, please read the following articles:
[ERROR] [Help 1] http://cwiki.apache.org/confluence/display/MAVEN/ProjectBuildingException
[ERROR] [Help 2] http://cwiki.apache.org/confluence/display/MAVEN/UnresolvableModelException
