[INFO] Scanning for projects...
[INFO] Inspecting build with total of 6 modules...
[INFO] Installing Nexus Staging features:
[INFO]   ... total of 6 executions of maven-deploy-plugin replaced with nexus-staging-maven-plugin
[INFO] ------------------------------------------------------------------------
[INFO] Reactor Build Order:
[INFO] 
[INFO] Google Cloud Spanner R2DBC Parent Project                          [pom]
[INFO] Google Cloud Spanner R2DBC Driver                                  [jar]
[INFO] Cloud Spanner R2DBC Spring Data Dialect                            [jar]
[INFO] Google Cloud Spanner R2DBC Sample Applications                     [pom]
[INFO] Google Cloud Spanner R2DBC Sample via direct SPI                   [jar]
[INFO] cloud-spanner-spring-data-r2dbc-sample                             [jar]
[INFO] 
[INFO] ------------< com.google.cloud:cloud-spanner-r2dbc-parent >-------------
[INFO] Building Google Cloud Spanner R2DBC Parent Project 1.2.0-SNAPSHOT  [1/6]
[INFO] --------------------------------[ pom ]---------------------------------
[INFO] 
[INFO] --- maven-clean-plugin:2.5:clean (default-clean) @ cloud-spanner-r2dbc-parent ---
[INFO] Deleting /home/gabsko/breaking-updates/target
[INFO] 
[INFO] --- maven-checkstyle-plugin:3.1.2:check (validate-google-style) @ cloud-spanner-r2dbc-parent ---
[INFO] You have 0 Checkstyle violations.
[INFO] 
[INFO] --- maven-checkstyle-plugin:3.1.2:check (validate-file-header) @ cloud-spanner-r2dbc-parent ---
[INFO] You have 0 Checkstyle violations.
[INFO] 
[INFO] ----------------< com.google.cloud:cloud-spanner-r2dbc >----------------
[INFO] Building Google Cloud Spanner R2DBC Driver 1.2.0-SNAPSHOT          [2/6]
[INFO] --------------------------------[ jar ]---------------------------------
[INFO] 
[INFO] --- maven-clean-plugin:2.5:clean (default-clean) @ cloud-spanner-r2dbc ---
[INFO] Deleting /home/gabsko/breaking-updates/cloud-spanner-r2dbc/target
[INFO] 
[INFO] --- maven-checkstyle-plugin:3.1.2:check (validate-google-style) @ cloud-spanner-r2dbc ---
[INFO] You have 0 Checkstyle violations.
[INFO] 
[INFO] --- maven-checkstyle-plugin:3.1.2:check (validate-file-header) @ cloud-spanner-r2dbc ---
[INFO] You have 0 Checkstyle violations.
[INFO] 
[INFO] --- maven-resources-plugin:2.6:resources (default-resources) @ cloud-spanner-r2dbc ---
[INFO] Using 'UTF-8' encoding to copy filtered resources.
[INFO] Copying 1 resource
[INFO] 
[INFO] --- maven-compiler-plugin:3.1:compile (default-compile) @ cloud-spanner-r2dbc ---
[INFO] Changes detected - recompiling the module!
[INFO] Compiling 42 source files to /home/gabsko/breaking-updates/cloud-spanner-r2dbc/target/classes
[WARNING] /home/gabsko/breaking-updates/cloud-spanner-r2dbc/src/main/java/com/google/cloud/spanner/r2dbc/v2/SpannerClientLibraryRowMetadata.java: Some input files use or override a deprecated API.
[WARNING] /home/gabsko/breaking-updates/cloud-spanner-r2dbc/src/main/java/com/google/cloud/spanner/r2dbc/v2/SpannerClientLibraryRowMetadata.java: Recompile with -Xlint:deprecation for details.
[WARNING] /home/gabsko/breaking-updates/cloud-spanner-r2dbc/src/main/java/com/google/cloud/spanner/r2dbc/v2/SingleTypeBinder.java: Some input files use unchecked or unsafe operations.
[WARNING] /home/gabsko/breaking-updates/cloud-spanner-r2dbc/src/main/java/com/google/cloud/spanner/r2dbc/v2/SingleTypeBinder.java: Recompile with -Xlint:unchecked for details.
[INFO] 
[INFO] --- maven-resources-plugin:2.6:testResources (default-testResources) @ cloud-spanner-r2dbc ---
[INFO] Using 'UTF-8' encoding to copy filtered resources.
[INFO] Copying 1 resource
[INFO] 
[INFO] --- maven-compiler-plugin:3.1:testCompile (default-testCompile) @ cloud-spanner-r2dbc ---
[INFO] Changes detected - recompiling the module!
[INFO] Compiling 42 source files to /home/gabsko/breaking-updates/cloud-spanner-r2dbc/target/test-classes
[WARNING] /home/gabsko/breaking-updates/cloud-spanner-r2dbc/src/test/java/com/google/cloud/spanner/r2dbc/it/SpannerClientLibraryTestKit.java: Some input files use or override a deprecated API.
[WARNING] /home/gabsko/breaking-updates/cloud-spanner-r2dbc/src/test/java/com/google/cloud/spanner/r2dbc/it/SpannerClientLibraryTestKit.java: Recompile with -Xlint:deprecation for details.
[WARNING] /home/gabsko/breaking-updates/cloud-spanner-r2dbc/src/test/java/com/google/cloud/spanner/r2dbc/v2/SpannerResultTest.java: Some input files use unchecked or unsafe operations.
[WARNING] /home/gabsko/breaking-updates/cloud-spanner-r2dbc/src/test/java/com/google/cloud/spanner/r2dbc/v2/SpannerResultTest.java: Recompile with -Xlint:unchecked for details.
[INFO] 
[INFO] --- maven-surefire-plugin:3.0.0-M5:test (default-test) @ cloud-spanner-r2dbc ---
[INFO] 
[INFO] -------------------------------------------------------
[INFO]  T E S T S
[INFO] -------------------------------------------------------
[INFO] Running com.google.cloud.spanner.r2dbc.SpannerConnectionMetadataTest
[INFO] Tests run: 2, Failures: 0, Errors: 0, Skipped: 0, Time elapsed: 0.076 s - in com.google.cloud.spanner.r2dbc.SpannerConnectionMetadataTest
[INFO] Running com.google.cloud.spanner.r2dbc.SpannerConnectionFactoryMetadataTest
[INFO] Tests run: 1, Failures: 0, Errors: 0, Skipped: 0, Time elapsed: 0.005 s - in com.google.cloud.spanner.r2dbc.SpannerConnectionFactoryMetadataTest
[INFO] Running com.google.cloud.spanner.r2dbc.SpannerTypeTest
[ERROR] OpenJDK 64-Bit Server VM warning: Sharing is only supported for boot loader classes because bootstrap classpath has been appended
[INFO] Tests run: 13, Failures: 0, Errors: 0, Skipped: 0, Time elapsed: 1.561 s - in com.google.cloud.spanner.r2dbc.SpannerTypeTest
[INFO] Running com.google.cloud.spanner.r2dbc.v2.ClientLibraryDecoderTest
[INFO] Tests run: 26, Failures: 0, Errors: 0, Skipped: 0, Time elapsed: 0.155 s - in com.google.cloud.spanner.r2dbc.v2.ClientLibraryDecoderTest
[INFO] Running com.google.cloud.spanner.r2dbc.v2.SpannerClientLibraryDdlStatementTest
[INFO] Tests run: 2, Failures: 0, Errors: 0, Skipped: 0, Time elapsed: 0.238 s - in com.google.cloud.spanner.r2dbc.v2.SpannerClientLibraryDdlStatementTest
[INFO] Running com.google.cloud.spanner.r2dbc.v2.ReactiveResultSetCallbackTest
[INFO] Tests run: 11, Failures: 0, Errors: 0, Skipped: 0, Time elapsed: 0.236 s - in com.google.cloud.spanner.r2dbc.v2.ReactiveResultSetCallbackTest
[INFO] Running com.google.cloud.spanner.r2dbc.v2.DatabaseClientReactiveAdapterTest
[parallel-2] WARN com.google.cloud.spanner.r2dbc.v2.DatabaseClientReactiveAdapter - Number of updated rows exceeds maximum integer value; actual rows updated = 2147483648; returning max int value
[main] WARN com.google.cloud.spanner.r2dbc.v2.DatabaseClientReactiveAdapter - Cloud Spanner healthcheck failed
java.lang.RuntimeException: nope
	at com.google.cloud.spanner.r2dbc.v2.ReactiveResultSetCallback.cursorReady(ReactiveResultSetCallback.java:77)
	at com.google.cloud.spanner.r2dbc.v2.DatabaseClientReactiveAdapterTest.lambda$setup$1(DatabaseClientReactiveAdapterTest.java:114)
	at com.google.cloud.spanner.r2dbc.v2.DatabaseClientReactiveAdapter.runSelectStatementAsFlux(DatabaseClientReactiveAdapter.java:302)
	at com.google.cloud.spanner.r2dbc.v2.DatabaseClientReactiveAdapter.lambda$healthCheck$7(DatabaseClientReactiveAdapter.java:175)
	at reactor.core.publisher.FluxCreate.subscribe(FluxCreate.java:94)
	at reactor.core.publisher.Flux.subscribe(Flux.java:8469)
	at reactor.core.publisher.MonoIgnoreThen$ThenIgnoreMain.subscribeNext(MonoIgnoreThen.java:255)
	at reactor.core.publisher.MonoIgnoreThen.subscribe(MonoIgnoreThen.java:51)
	at reactor.core.publisher.InternalMonoOperator.subscribe(InternalMonoOperator.java:64)
	at reactor.core.publisher.MonoDefer.subscribe(MonoDefer.java:52)
	at reactor.core.publisher.Mono.subscribe(Mono.java:4400)
	at reactor.test.DefaultStepVerifierBuilder$DefaultStepVerifier.toVerifierAndSubscribe(DefaultStepVerifierBuilder.java:867)
	at reactor.test.DefaultStepVerifierBuilder$DefaultStepVerifier.verify(DefaultStepVerifierBuilder.java:823)
	at reactor.test.DefaultStepVerifierBuilder$DefaultStepVerifier.verify(DefaultStepVerifierBuilder.java:815)
	at reactor.test.DefaultStepVerifierBuilder.verifyComplete(DefaultStepVerifierBuilder.java:682)
	at com.google.cloud.spanner.r2dbc.v2.DatabaseClientReactiveAdapterTest.healthcheckRunsRemoteQueryWithError(DatabaseClientReactiveAdapterTest.java:262)
	at java.base/jdk.internal.reflect.NativeMethodAccessorImpl.invoke0(Native Method)
	at java.base/jdk.internal.reflect.NativeMethodAccessorImpl.invoke(NativeMethodAccessorImpl.java:62)
	at java.base/jdk.internal.reflect.DelegatingMethodAccessorImpl.invoke(DelegatingMethodAccessorImpl.java:43)
	at java.base/java.lang.reflect.Method.invoke(Method.java:566)
	at org.junit.platform.commons.util.ReflectionUtils.invokeMethod(ReflectionUtils.java:725)
	at org.junit.jupiter.engine.execution.MethodInvocation.proceed(MethodInvocation.java:60)
	at org.junit.jupiter.engine.execution.InvocationInterceptorChain$ValidatingInvocation.proceed(InvocationInterceptorChain.java:131)
	at org.junit.jupiter.engine.extension.TimeoutExtension.intercept(TimeoutExtension.java:149)
	at org.junit.jupiter.engine.extension.TimeoutExtension.interceptTestableMethod(TimeoutExtension.java:140)
	at org.junit.jupiter.engine.extension.TimeoutExtension.interceptTestMethod(TimeoutExtension.java:84)
	at org.junit.jupiter.engine.execution.ExecutableInvoker$ReflectiveInterceptorCall.lambda$ofVoidMethod$0(ExecutableInvoker.java:115)
	at org.junit.jupiter.engine.execution.ExecutableInvoker.lambda$invoke$0(ExecutableInvoker.java:105)
	at org.junit.jupiter.engine.execution.InvocationInterceptorChain$InterceptedInvocation.proceed(InvocationInterceptorChain.java:106)
	at org.junit.jupiter.engine.execution.InvocationInterceptorChain.proceed(InvocationInterceptorChain.java:64)
	at org.junit.jupiter.engine.execution.InvocationInterceptorChain.chainAndInvoke(InvocationInterceptorChain.java:45)
	at org.junit.jupiter.engine.execution.InvocationInterceptorChain.invoke(InvocationInterceptorChain.java:37)
	at org.junit.jupiter.engine.execution.ExecutableInvoker.invoke(ExecutableInvoker.java:104)
	at org.junit.jupiter.engine.execution.ExecutableInvoker.invoke(ExecutableInvoker.java:98)
	at org.junit.jupiter.engine.descriptor.TestMethodTestDescriptor.lambda$invokeTestMethod$7(TestMethodTestDescriptor.java:214)
	at org.junit.platform.engine.support.hierarchical.ThrowableCollector.execute(ThrowableCollector.java:73)
	at org.junit.jupiter.engine.descriptor.TestMethodTestDescriptor.invokeTestMethod(TestMethodTestDescriptor.java:210)
	at org.junit.jupiter.engine.descriptor.TestMethodTestDescriptor.execute(TestMethodTestDescriptor.java:135)
	at org.junit.jupiter.engine.descriptor.TestMethodTestDescriptor.execute(TestMethodTestDescriptor.java:66)
	at org.junit.platform.engine.support.hierarchical.NodeTestTask.lambda$executeRecursively$6(NodeTestTask.java:151)
	at org.junit.platform.engine.support.hierarchical.ThrowableCollector.execute(ThrowableCollector.java:73)
	at org.junit.platform.engine.support.hierarchical.NodeTestTask.lambda$executeRecursively$8(NodeTestTask.java:141)
	at org.junit.platform.engine.support.hierarchical.Node.around(Node.java:137)
	at org.junit.platform.engine.support.hierarchical.NodeTestTask.lambda$executeRecursively$9(NodeTestTask.java:139)
	at org.junit.platform.engine.support.hierarchical.ThrowableCollector.execute(ThrowableCollector.java:73)
	at org.junit.platform.engine.support.hierarchical.NodeTestTask.executeRecursively(NodeTestTask.java:138)
	at org.junit.platform.engine.support.hierarchical.NodeTestTask.execute(NodeTestTask.java:95)
	at java.base/java.util.ArrayList.forEach(ArrayList.java:1541)
	at org.junit.platform.engine.support.hierarchical.SameThreadHierarchicalTestExecutorService.invokeAll(SameThreadHierarchicalTestExecutorService.java:41)
	at org.junit.platform.engine.support.hierarchical.NodeTestTask.lambda$executeRecursively$6(NodeTestTask.java:155)
	at org.junit.platform.engine.support.hierarchical.ThrowableCollector.execute(ThrowableCollector.java:73)
	at org.junit.platform.engine.support.hierarchical.NodeTestTask.lambda$executeRecursively$8(NodeTestTask.java:141)
	at org.junit.platform.engine.support.hierarchical.Node.around(Node.java:137)
	at org.junit.platform.engine.support.hierarchical.NodeTestTask.lambda$executeRecursively$9(NodeTestTask.java:139)
	at org.junit.platform.engine.support.hierarchical.ThrowableCollector.execute(ThrowableCollector.java:73)
	at org.junit.platform.engine.support.hierarchical.NodeTestTask.executeRecursively(NodeTestTask.java:138)
	at org.junit.platform.engine.support.hierarchical.NodeTestTask.execute(NodeTestTask.java:95)
	at java.base/java.util.ArrayList.forEach(ArrayList.java:1541)
	at org.junit.platform.engine.support.hierarchical.SameThreadHierarchicalTestExecutorService.invokeAll(SameThreadHierarchicalTestExecutorService.java:41)
	at org.junit.platform.engine.support.hierarchical.NodeTestTask.lambda$executeRecursively$6(NodeTestTask.java:155)
	at org.junit.platform.engine.support.hierarchical.ThrowableCollector.execute(ThrowableCollector.java:73)
	at org.junit.platform.engine.support.hierarchical.NodeTestTask.lambda$executeRecursively$8(NodeTestTask.java:141)
	at org.junit.platform.engine.support.hierarchical.Node.around(Node.java:137)
	at org.junit.platform.engine.support.hierarchical.NodeTestTask.lambda$executeRecursively$9(NodeTestTask.java:139)
	at org.junit.platform.engine.support.hierarchical.ThrowableCollector.execute(ThrowableCollector.java:73)
	at org.junit.platform.engine.support.hierarchical.NodeTestTask.executeRecursively(NodeTestTask.java:138)
	at org.junit.platform.engine.support.hierarchical.NodeTestTask.execute(NodeTestTask.java:95)
	at org.junit.platform.engine.support.hierarchical.SameThreadHierarchicalTestExecutorService.submit(SameThreadHierarchicalTestExecutorService.java:35)
	at org.junit.platform.engine.support.hierarchical.HierarchicalTestExecutor.execute(HierarchicalTestExecutor.java:57)
	at org.junit.platform.engine.support.hierarchical.HierarchicalTestEngine.execute(HierarchicalTestEngine.java:54)
	at org.junit.platform.launcher.core.EngineExecutionOrchestrator.execute(EngineExecutionOrchestrator.java:107)
	at org.junit.platform.launcher.core.EngineExecutionOrchestrator.execute(EngineExecutionOrchestrator.java:88)
	at org.junit.platform.launcher.core.EngineExecutionOrchestrator.lambda$execute$0(EngineExecutionOrchestrator.java:54)
	at org.junit.platform.launcher.core.EngineExecutionOrchestrator.withInterceptedStreams(EngineExecutionOrchestrator.java:67)
	at org.junit.platform.launcher.core.EngineExecutionOrchestrator.execute(EngineExecutionOrchestrator.java:52)
	at org.junit.platform.launcher.core.DefaultLauncher.execute(DefaultLauncher.java:114)
	at org.junit.platform.launcher.core.DefaultLauncher.execute(DefaultLauncher.java:86)
	at org.junit.platform.launcher.core.DefaultLauncherSession$DelegatingLauncher.execute(DefaultLauncherSession.java:86)
	at org.junit.platform.launcher.core.SessionPerRequestLauncher.execute(SessionPerRequestLauncher.java:53)
	at org.apache.maven.surefire.junitplatform.JUnitPlatformProvider.execute(JUnitPlatformProvider.java:188)
	at org.apache.maven.surefire.junitplatform.JUnitPlatformProvider.invokeAllTests(JUnitPlatformProvider.java:154)
	at org.apache.maven.surefire.junitplatform.JUnitPlatformProvider.invoke(JUnitPlatformProvider.java:128)
	at org.apache.maven.surefire.booter.ForkedBooter.runSuitesInProcess(ForkedBooter.java:428)
	at org.apache.maven.surefire.booter.ForkedBooter.execute(ForkedBooter.java:162)
	at org.apache.maven.surefire.booter.ForkedBooter.run(ForkedBooter.java:562)
	at org.apache.maven.surefire.booter.ForkedBooter.main(ForkedBooter.java:548)
[INFO] Tests run: 17, Failures: 0, Errors: 0, Skipped: 0, Time elapsed: 0.809 s - in com.google.cloud.spanner.r2dbc.v2.DatabaseClientReactiveAdapterTest
[INFO] Running com.google.cloud.spanner.r2dbc.v2.ArrayToIterableBinderTest
[INFO] Tests run: 3, Failures: 0, Errors: 0, Skipped: 0, Time elapsed: 0.052 s - in com.google.cloud.spanner.r2dbc.v2.ArrayToIterableBinderTest
[INFO] Running com.google.cloud.spanner.r2dbc.v2.SpannerClientLibraryConnectionFactoryTest
[INFO] Tests run: 11, Failures: 0, Errors: 0, Skipped: 0, Time elapsed: 1.219 s - in com.google.cloud.spanner.r2dbc.v2.SpannerClientLibraryConnectionFactoryTest
[INFO] Running com.google.cloud.spanner.r2dbc.v2.SpannerClientLibraryColumnMetadataTest
[INFO] Tests run: 18, Failures: 0, Errors: 0, Skipped: 0, Time elapsed: 0.024 s - in com.google.cloud.spanner.r2dbc.v2.SpannerClientLibraryColumnMetadataTest
[INFO] Running com.google.cloud.spanner.r2dbc.v2.SpannerClientLibraryConvertersTest
[INFO] Tests run: 1, Failures: 0, Errors: 0, Skipped: 0, Time elapsed: 0.003 s - in com.google.cloud.spanner.r2dbc.v2.SpannerClientLibraryConvertersTest
[INFO] Running com.google.cloud.spanner.r2dbc.v2.SpannerClientLibraryStatementTest
[INFO] Tests run: 3, Failures: 0, Errors: 0, Skipped: 0, Time elapsed: 0.174 s - in com.google.cloud.spanner.r2dbc.v2.SpannerClientLibraryStatementTest
[INFO] Running com.google.cloud.spanner.r2dbc.v2.JsonWrapperTest
[INFO] Tests run: 6, Failures: 0, Errors: 0, Skipped: 0, Time elapsed: 0.03 s - in com.google.cloud.spanner.r2dbc.v2.JsonWrapperTest
[INFO] Running com.google.cloud.spanner.r2dbc.v2.SpannerClientLibraryRowMetadataTest
[INFO] Tests run: 7, Failures: 0, Errors: 0, Skipped: 0, Time elapsed: 0.011 s - in com.google.cloud.spanner.r2dbc.v2.SpannerClientLibraryRowMetadataTest
[INFO] Running com.google.cloud.spanner.r2dbc.v2.SpannerResultTest
[INFO] Tests run: 3, Failures: 0, Errors: 0, Skipped: 0, Time elapsed: 0.005 s - in com.google.cloud.spanner.r2dbc.v2.SpannerResultTest
[INFO] Running com.google.cloud.spanner.r2dbc.v2.SpannerClientLibraryConnectionTest
[INFO] Tests run: 5, Failures: 0, Errors: 0, Skipped: 0, Time elapsed: 0.064 s - in com.google.cloud.spanner.r2dbc.v2.SpannerClientLibraryConnectionTest
[INFO] Running com.google.cloud.spanner.r2dbc.v2.SpannerClientLibraryDmlStatementTest
[INFO] Tests run: 2, Failures: 0, Errors: 0, Skipped: 0, Time elapsed: 0.005 s - in com.google.cloud.spanner.r2dbc.v2.SpannerClientLibraryDmlStatementTest
[INFO] Running com.google.cloud.spanner.r2dbc.v2.ClientLibraryTypeBindersTest
[INFO] Tests run: 18, Failures: 0, Errors: 0, Skipped: 0, Time elapsed: 0.081 s - in com.google.cloud.spanner.r2dbc.v2.ClientLibraryTypeBindersTest
[INFO] Running com.google.cloud.spanner.r2dbc.v2.SpannerClientLibraryResultTest
[INFO] Tests run: 5, Failures: 0, Errors: 0, Skipped: 0, Time elapsed: 0.079 s - in com.google.cloud.spanner.r2dbc.v2.SpannerClientLibraryResultTest
[INFO] Running com.google.cloud.spanner.r2dbc.v2.DatabaseClientTransactionManagerTest
[INFO] Tests run: 11, Failures: 0, Errors: 0, Skipped: 0, Time elapsed: 0.307 s - in com.google.cloud.spanner.r2dbc.v2.DatabaseClientTransactionManagerTest
[INFO] Running com.google.cloud.spanner.r2dbc.v2.StringToJsonConverterTest
[INFO] Tests run: 2, Failures: 0, Errors: 0, Skipped: 0, Time elapsed: 0.002 s - in com.google.cloud.spanner.r2dbc.v2.StringToJsonConverterTest
[INFO] Running com.google.cloud.spanner.r2dbc.v2.AbstractSpannerClientLibraryStatementTest
[INFO] Tests run: 5, Failures: 0, Errors: 0, Skipped: 0, Time elapsed: 0.04 s - in com.google.cloud.spanner.r2dbc.v2.AbstractSpannerClientLibraryStatementTest
[INFO] Running com.google.cloud.spanner.r2dbc.v2.SpannerClientLibraryRowTest
[INFO] Tests run: 2, Failures: 0, Errors: 0, Skipped: 0, Time elapsed: 0.002 s - in com.google.cloud.spanner.r2dbc.v2.SpannerClientLibraryRowTest
[INFO] Running com.google.cloud.spanner.r2dbc.v2.SpannerBatchTest
[INFO] Tests run: 4, Failures: 0, Errors: 0, Skipped: 0, Time elapsed: 0.005 s - in com.google.cloud.spanner.r2dbc.v2.SpannerBatchTest
[INFO] Running com.google.cloud.spanner.r2dbc.SpannerConnectionFactoryProviderTest
[INFO] Tests run: 20, Failures: 0, Errors: 0, Skipped: 0, Time elapsed: 0.231 s - in com.google.cloud.spanner.r2dbc.SpannerConnectionFactoryProviderTest
[INFO] Running com.google.cloud.spanner.r2dbc.util.ObservableReactiveUtilTest
[INFO] Tests run: 6, Failures: 0, Errors: 0, Skipped: 0, Time elapsed: 0.012 s - in com.google.cloud.spanner.r2dbc.util.ObservableReactiveUtilTest
[INFO] Running com.google.cloud.spanner.r2dbc.util.SpannerExceptionUtilTest
[INFO] Tests run: 4, Failures: 0, Errors: 0, Skipped: 0, Time elapsed: 0.004 s - in com.google.cloud.spanner.r2dbc.util.SpannerExceptionUtilTest
[INFO] Running com.google.cloud.spanner.r2dbc.util.AssertTest
[INFO] Tests run: 2, Failures: 0, Errors: 0, Skipped: 0, Time elapsed: 0.001 s - in com.google.cloud.spanner.r2dbc.util.AssertTest
[INFO] Running com.google.cloud.spanner.r2dbc.util.CollectionsBuilderTest
[INFO] Tests run: 1, Failures: 0, Errors: 0, Skipped: 0, Time elapsed: 0 s - in com.google.cloud.spanner.r2dbc.util.CollectionsBuilderTest
[INFO] Running com.google.cloud.spanner.r2dbc.SpannerConnectionConfigurationTest
[INFO] Tests run: 10, Failures: 0, Errors: 0, Skipped: 0, Time elapsed: 0.01 s - in com.google.cloud.spanner.r2dbc.SpannerConnectionConfigurationTest
[INFO] Running com.google.cloud.spanner.r2dbc.statement.StatementParserTest
[INFO] Tests run: 5, Failures: 0, Errors: 0, Skipped: 0, Time elapsed: 0.005 s - in com.google.cloud.spanner.r2dbc.statement.StatementParserTest
[INFO] 
[INFO] Results:
[INFO] 
[INFO] Tests run: 226, Failures: 0, Errors: 0, Skipped: 0
[INFO] 
[INFO] 
[INFO] ----------< com.google.cloud:cloud-spanner-spring-data-r2dbc >----------
[INFO] Building Cloud Spanner R2DBC Spring Data Dialect 1.2.0-SNAPSHOT    [3/6]
[INFO] --------------------------------[ jar ]---------------------------------
[INFO] 
[INFO] --- maven-clean-plugin:2.5:clean (default-clean) @ cloud-spanner-spring-data-r2dbc ---
[INFO] Deleting /home/gabsko/breaking-updates/cloud-spanner-spring-data-r2dbc/target
[INFO] 
[INFO] --- maven-checkstyle-plugin:3.1.2:check (validate-google-style) @ cloud-spanner-spring-data-r2dbc ---
[INFO] You have 0 Checkstyle violations.
[INFO] 
[INFO] --- maven-checkstyle-plugin:3.1.2:check (validate-file-header) @ cloud-spanner-spring-data-r2dbc ---
[INFO] You have 0 Checkstyle violations.
[INFO] 
[INFO] --- maven-resources-plugin:2.6:resources (default-resources) @ cloud-spanner-spring-data-r2dbc ---
[INFO] Using 'UTF-8' encoding to copy filtered resources.
[INFO] Copying 1 resource
[INFO] 
[INFO] --- maven-compiler-plugin:3.1:compile (default-compile) @ cloud-spanner-spring-data-r2dbc ---
[INFO] Changes detected - recompiling the module!
[INFO] Compiling 6 source files to /home/gabsko/breaking-updates/cloud-spanner-spring-data-r2dbc/target/classes
[WARNING] /home/gabsko/breaking-updates/cloud-spanner-spring-data-r2dbc/src/main/java/com/google/cloud/spanner/r2dbc/springdata/JsonToMapConverter.java: /home/gabsko/breaking-updates/cloud-spanner-spring-data-r2dbc/src/main/java/com/google/cloud/spanner/r2dbc/springdata/JsonToMapConverter.java uses unchecked or unsafe operations.
[WARNING] /home/gabsko/breaking-updates/cloud-spanner-spring-data-r2dbc/src/main/java/com/google/cloud/spanner/r2dbc/springdata/JsonToMapConverter.java: Recompile with -Xlint:unchecked for details.
[INFO] 
[INFO] --- maven-resources-plugin:2.6:testResources (default-testResources) @ cloud-spanner-spring-data-r2dbc ---
[INFO] Using 'UTF-8' encoding to copy filtered resources.
[INFO] skip non existing resourceDirectory /home/gabsko/breaking-updates/cloud-spanner-spring-data-r2dbc/src/test/resources
[INFO] 
[INFO] --- maven-compiler-plugin:3.1:testCompile (default-testCompile) @ cloud-spanner-spring-data-r2dbc ---
[INFO] Changes detected - recompiling the module!
[INFO] Compiling 9 source files to /home/gabsko/breaking-updates/cloud-spanner-spring-data-r2dbc/target/test-classes
[WARNING] /home/gabsko/breaking-updates/cloud-spanner-spring-data-r2dbc/src/test/java/com/google/cloud/spanner/r2dbc/springdata/it/SpannerR2dbcDialectJsonIntegrationTest.java: Some input files use unchecked or unsafe operations.
[WARNING] /home/gabsko/breaking-updates/cloud-spanner-spring-data-r2dbc/src/test/java/com/google/cloud/spanner/r2dbc/springdata/it/SpannerR2dbcDialectJsonIntegrationTest.java: Recompile with -Xlint:unchecked for details.
[INFO] 
[INFO] --- maven-surefire-plugin:3.0.0-M5:test (default-test) @ cloud-spanner-spring-data-r2dbc ---
[INFO] 
[INFO] -------------------------------------------------------
[INFO]  T E S T S
[INFO] -------------------------------------------------------
[INFO] Running com.google.cloud.spanner.r2dbc.springdata.MapJsonConverterTest
[INFO] Tests run: 2, Failures: 0, Errors: 0, Skipped: 0, Time elapsed: 0.151 s - in com.google.cloud.spanner.r2dbc.springdata.MapJsonConverterTest
[INFO] Running com.google.cloud.spanner.r2dbc.springdata.SpannerBindMarkerFactoryProviderTest
[INFO] Tests run: 2, Failures: 0, Errors: 0, Skipped: 0, Time elapsed: 0.68 s - in com.google.cloud.spanner.r2dbc.springdata.SpannerBindMarkerFactoryProviderTest
[INFO] Running com.google.cloud.spanner.r2dbc.springdata.SpannerR2dbcDialectTest
[INFO] Tests run: 5, Failures: 0, Errors: 0, Skipped: 0, Time elapsed: 0.026 s - in com.google.cloud.spanner.r2dbc.springdata.SpannerR2dbcDialectTest
[INFO] 
[INFO] Results:
[INFO] 
[INFO] Tests run: 9, Failures: 0, Errors: 0, Skipped: 0
[INFO] 
[INFO] 
[INFO] ------------< com.google.cloud:cloud-spanner-r2dbc-samples >------------
[INFO] Building Google Cloud Spanner R2DBC Sample Applications 1.2.0-SNAPSHOT [4/6]
[INFO] --------------------------------[ pom ]---------------------------------
[INFO] 
[INFO] --- maven-clean-plugin:2.5:clean (default-clean) @ cloud-spanner-r2dbc-samples ---
[INFO] Deleting /home/gabsko/breaking-updates/cloud-spanner-r2dbc-samples/target
[INFO] 
[INFO] --- maven-checkstyle-plugin:3.1.2:check (validate-google-style) @ cloud-spanner-r2dbc-samples ---
[INFO] You have 0 Checkstyle violations.
[INFO] 
[INFO] --- maven-checkstyle-plugin:3.1.2:check (validate-file-header) @ cloud-spanner-r2dbc-samples ---
[INFO] You have 0 Checkstyle violations.
[INFO] 
[INFO] ------------< com.google.cloud:cloud-spanner-r2dbc-sample >-------------
[INFO] Building Google Cloud Spanner R2DBC Sample via direct SPI 1.2.0-SNAPSHOT [5/6]
[INFO] --------------------------------[ jar ]---------------------------------
[INFO] 
[INFO] --- maven-clean-plugin:2.5:clean (default-clean) @ cloud-spanner-r2dbc-sample ---
[INFO] Deleting /home/gabsko/breaking-updates/cloud-spanner-r2dbc-samples/cloud-spanner-r2dbc-sample/target
[INFO] 
[INFO] --- maven-checkstyle-plugin:3.1.2:check (validate-google-style) @ cloud-spanner-r2dbc-sample ---
[INFO] You have 0 Checkstyle violations.
[INFO] 
[INFO] --- maven-checkstyle-plugin:3.1.2:check (validate-file-header) @ cloud-spanner-r2dbc-sample ---
[INFO] You have 0 Checkstyle violations.
[INFO] 
[INFO] --- maven-resources-plugin:2.6:resources (default-resources) @ cloud-spanner-r2dbc-sample ---
[INFO] Using 'UTF-8' encoding to copy filtered resources.
[INFO] skip non existing resourceDirectory /home/gabsko/breaking-updates/cloud-spanner-r2dbc-samples/cloud-spanner-r2dbc-sample/src/main/resources
[INFO] 
[INFO] --- maven-compiler-plugin:3.1:compile (default-compile) @ cloud-spanner-r2dbc-sample ---
[INFO] Changes detected - recompiling the module!
[INFO] Compiling 2 source files to /home/gabsko/breaking-updates/cloud-spanner-r2dbc-samples/cloud-spanner-r2dbc-sample/target/classes
[INFO] 
[INFO] --- maven-resources-plugin:2.6:testResources (default-testResources) @ cloud-spanner-r2dbc-sample ---
[INFO] Using 'UTF-8' encoding to copy filtered resources.
[INFO] skip non existing resourceDirectory /home/gabsko/breaking-updates/cloud-spanner-r2dbc-samples/cloud-spanner-r2dbc-sample/src/test/resources
[INFO] 
[INFO] --- maven-compiler-plugin:3.1:testCompile (default-testCompile) @ cloud-spanner-r2dbc-sample ---
[INFO] Changes detected - recompiling the module!
[INFO] Compiling 1 source file to /home/gabsko/breaking-updates/cloud-spanner-r2dbc-samples/cloud-spanner-r2dbc-sample/target/test-classes
[INFO] 
[INFO] --- maven-surefire-plugin:3.0.0-M5:test (default-test) @ cloud-spanner-r2dbc-sample ---
[INFO] 
[INFO] ------< com.google.cloud:cloud-spanner-spring-data-r2dbc-sample >-------
[INFO] Building cloud-spanner-spring-data-r2dbc-sample 1.2.0-SNAPSHOT     [6/6]
[INFO] --------------------------------[ jar ]---------------------------------
[INFO] 
[INFO] --- maven-clean-plugin:3.1.0:clean (default-clean) @ cloud-spanner-spring-data-r2dbc-sample ---
[INFO] Deleting /home/gabsko/breaking-updates/cloud-spanner-r2dbc-samples/cloud-spanner-spring-data-r2dbc-sample/target
[INFO] 
[INFO] --- maven-resources-plugin:3.2.0:resources (default-resources) @ cloud-spanner-spring-data-r2dbc-sample ---
[INFO] Using 'UTF-8' encoding to copy filtered resources.
[INFO] Using 'UTF-8' encoding to copy filtered properties files.
[INFO] Copying 1 resource
[INFO] Copying 1 resource
[INFO] 
[INFO] --- maven-compiler-plugin:3.8.1:compile (default-compile) @ cloud-spanner-spring-data-r2dbc-sample ---
[INFO] Changes detected - recompiling the module!
[INFO] Compiling 6 source files to /home/gabsko/breaking-updates/cloud-spanner-r2dbc-samples/cloud-spanner-spring-data-r2dbc-sample/target/classes
[INFO] 
[INFO] --- maven-resources-plugin:3.2.0:testResources (default-testResources) @ cloud-spanner-spring-data-r2dbc-sample ---
[INFO] Using 'UTF-8' encoding to copy filtered resources.
[INFO] Using 'UTF-8' encoding to copy filtered properties files.
[INFO] skip non existing resourceDirectory /home/gabsko/breaking-updates/cloud-spanner-r2dbc-samples/cloud-spanner-spring-data-r2dbc-sample/src/test/resources
[INFO] 
[INFO] --- maven-compiler-plugin:3.8.1:testCompile (default-testCompile) @ cloud-spanner-spring-data-r2dbc-sample ---
[INFO] Changes detected - recompiling the module!
[INFO] Compiling 1 source file to /home/gabsko/breaking-updates/cloud-spanner-r2dbc-samples/cloud-spanner-spring-data-r2dbc-sample/target/test-classes
[INFO] 
[INFO] --- maven-surefire-plugin:2.22.2:test (default-test) @ cloud-spanner-spring-data-r2dbc-sample ---
[INFO] ------------------------------------------------------------------------
[INFO] Reactor Summary for Google Cloud Spanner R2DBC Parent Project 1.2.0-SNAPSHOT:
[INFO] 
[INFO] Google Cloud Spanner R2DBC Parent Project .......... SUCCESS [  1.189 s]
[INFO] Google Cloud Spanner R2DBC Driver .................. SUCCESS [ 12.968 s]
[INFO] Cloud Spanner R2DBC Spring Data Dialect ............ SUCCESS [  2.468 s]
[INFO] Google Cloud Spanner R2DBC Sample Applications ..... SUCCESS [  0.088 s]
[INFO] Google Cloud Spanner R2DBC Sample via direct SPI ... SUCCESS [  0.519 s]
[INFO] cloud-spanner-spring-data-r2dbc-sample ............. SUCCESS [  1.007 s]
[INFO] ------------------------------------------------------------------------
[INFO] BUILD SUCCESS
[INFO] ------------------------------------------------------------------------
[INFO] Total time:  18.907 s
[INFO] Finished at: 2023-01-24T13:14:53Z
[INFO] ------------------------------------------------------------------------
