[INFO] Scanning for projects...
[INFO] ------------------------------------------------------------------------
[INFO] Reactor Build Order:
[INFO] 
[INFO] Elementary Project                                                 [pom]
[INFO] Utilitary                                                          [jar]
[INFO] Elementary                                                         [jar]
[INFO] Satisfactory                                                       [jar]
[INFO] 
[INFO] ------------------< com.karuslabs:elementary-project >------------------
[INFO] Building Elementary Project 1.1.1-SNAPSHOT                         [1/4]
[INFO] --------------------------------[ pom ]---------------------------------
[WARNING] The POM for com.karuslabs:annotations:jar:4.9.0-SNAPSHOT is missing, no dependency information available
[INFO] ------------------------------------------------------------------------
[INFO] Reactor Summary for Elementary Project 1.1.1-SNAPSHOT:
[INFO] 
[INFO] Elementary Project ................................. FAILURE [  0.161 s]
[INFO] Utilitary .......................................... SKIPPED
[INFO] Elementary ......................................... SKIPPED
[INFO] Satisfactory ....................................... SKIPPED
[INFO] ------------------------------------------------------------------------
[INFO] BUILD FAILURE
[INFO] ------------------------------------------------------------------------
[INFO] Total time:  0.254 s
[INFO] Finished at: 2023-01-24T13:44:30Z
[INFO] ------------------------------------------------------------------------
[ERROR] Failed to execute goal on project elementary-project: Could not resolve dependencies for project com.karuslabs:elementary-project:pom:1.1.1-SNAPSHOT: com.karuslabs:annotations:jar:4.9.0-SNAPSHOT was not found in https://repo.karuslabs.com/repository/chimera-releases/ during a previous attempt. This failure was cached in the local repository and resolution is not reattempted until the update interval of chimera-releases has elapsed or updates are forced -> [Help 1]
[ERROR] 
[ERROR] To see the full stack trace of the errors, re-run Maven with the -e switch.
[ERROR] Re-run Maven using the -X switch to enable full debug logging.
[ERROR] 
[ERROR] For more information about the errors and possible solutions, please read the following articles:
[ERROR] [Help 1] http://cwiki.apache.org/confluence/display/MAVEN/DependencyResolutionException
