[INFO] Scanning for projects...
[INFO] ------------------------------------------------------------------------
[INFO] Reactor Build Order:
[INFO] 
[INFO] Axon Code Samples                                                  [pom]
[INFO] axon-subscription-rest-sample                                      [jar]
[INFO] set-based-validation                                               [jar]
[INFO] axon-distributed-exceptions-sample                                 [jar]
[INFO] axon-spring-template                                               [jar]
[INFO] upcaster                                                           [jar]
[INFO] saga                                                               [jar]
[INFO] subscription-query-ui-streaming                                    [jar]
[INFO] reset-handler                                                      [jar]
[INFO] sequencing-policy                                                  [jar]
[INFO] 
[INFO] -----------------------< io.axoniq:code-samples >-----------------------
[INFO] Building Axon Code Samples 0.0.1-SNAPSHOT                         [1/10]
[INFO] --------------------------------[ pom ]---------------------------------
[INFO] 
[INFO] --- maven-clean-plugin:2.5:clean (default-clean) @ code-samples ---
[INFO] 
[INFO] --------------< io.axoniq:axon-subscription-rest-sample >---------------
[INFO] Building axon-subscription-rest-sample 0.0.1-SNAPSHOT             [2/10]
[INFO] --------------------------------[ jar ]---------------------------------
[INFO] Downloading from sonatype: https://oss.sonatype.org/content/repositories/snapshots/io/grpc/grpc-core/maven-metadata.xml
[INFO] Downloaded from sonatype: https://oss.sonatype.org/content/repositories/snapshots/io/grpc/grpc-core/maven-metadata.xml (742 B at 939 B/s)
[INFO] Downloading from sonatype: https://oss.sonatype.org/content/repositories/snapshots/io/grpc/grpc-api/maven-metadata.xml
[INFO] Downloaded from sonatype: https://oss.sonatype.org/content/repositories/snapshots/io/grpc/grpc-api/maven-metadata.xml (436 B at 1.8 kB/s)
[INFO] 
[INFO] --- maven-clean-plugin:2.5:clean (default-clean) @ axon-subscription-rest-sample ---
[INFO] Deleting /home/gabsko/breaking-updates/subscription-query-rest/target
[INFO] 
[INFO] --- maven-resources-plugin:2.6:resources (default-resources) @ axon-subscription-rest-sample ---
[INFO] Using 'UTF-8' encoding to copy filtered resources.
[INFO] skip non existing resourceDirectory /home/gabsko/breaking-updates/subscription-query-rest/src/main/resources
[INFO] 
[INFO] --- maven-compiler-plugin:3.10.1:compile (default-compile) @ axon-subscription-rest-sample ---
[INFO] Changes detected - recompiling the module!
[INFO] Compiling 8 source files to /home/gabsko/breaking-updates/subscription-query-rest/target/classes
[INFO] 
[INFO] --- maven-resources-plugin:2.6:testResources (default-testResources) @ axon-subscription-rest-sample ---
[INFO] Using 'UTF-8' encoding to copy filtered resources.
[INFO] skip non existing resourceDirectory /home/gabsko/breaking-updates/subscription-query-rest/src/test/resources
[INFO] 
[INFO] --- maven-compiler-plugin:3.10.1:testCompile (default-testCompile) @ axon-subscription-rest-sample ---
[INFO] Changes detected - recompiling the module!
[INFO] Compiling 1 source file to /home/gabsko/breaking-updates/subscription-query-rest/target/test-classes
[INFO] /home/gabsko/breaking-updates/subscription-query-rest/src/test/java/io/axoniq/dev/samples/CommandControllerIntegrationTest.java: /home/gabsko/breaking-updates/subscription-query-rest/src/test/java/io/axoniq/dev/samples/CommandControllerIntegrationTest.java uses or overrides a deprecated API.
[INFO] /home/gabsko/breaking-updates/subscription-query-rest/src/test/java/io/axoniq/dev/samples/CommandControllerIntegrationTest.java: Recompile with -Xlint:deprecation for details.
[INFO] 
[INFO] --- maven-surefire-plugin:2.22.2:test (default-test) @ axon-subscription-rest-sample ---
[INFO] 
[INFO] -------------------------------------------------------
[INFO]  T E S T S
[INFO] -------------------------------------------------------
[INFO] Running io.axoniq.dev.samples.CommandControllerIntegrationTest
08:27:01.371 [main] DEBUG org.testcontainers.utility.TestcontainersConfiguration - Testcontainers configuration overrides will be loaded from file:/home/gabsko/.testcontainers.properties
08:27:01.384 [main] WARN org.testcontainers.utility.TestcontainersConfiguration - Attempted to read Testcontainers configuration file at file:/home/gabsko/.testcontainers.properties but the file was not found. Exception message: FileNotFoundException: /home/gabsko/.testcontainers.properties (No such file or directory)
08:27:01.390 [main] INFO org.testcontainers.utility.ImageNameSubstitutor - Image name substitution will be performed by: DefaultImageNameSubstitutor (composite of 'ConfigurationFileImageNameSubstitutor' and 'PrefixingImageNameSubstitutor')
08:27:01.434 [main] DEBUG org.testcontainers.dockerclient.RootlessDockerClientProviderStrategy - $XDG_RUNTIME_DIR is set but '/run/user/1021/docker.sock' does not exist.
08:27:01.435 [main] DEBUG org.testcontainers.dockerclient.RootlessDockerClientProviderStrategy - '/home/gabsko/.docker/run' does not exist.
08:27:01.479 [main] DEBUG org.testcontainers.dockerclient.RootlessDockerClientProviderStrategy - '/run/user/1021/docker.sock' does not exist.
08:27:01.479 [main] DEBUG org.testcontainers.dockerclient.DockerClientProviderStrategy - Trying out strategy: UnixSocketClientProviderStrategy
08:27:01.505 [main] WARN org.testcontainers.dockerclient.DockerClientProviderStrategy - DOCKER_HOST unix:///var/run/docker.sock is not listening
08:27:01.506 [main] DEBUG org.testcontainers.dockerclient.DockerClientProviderStrategy - strategy UnixSocketClientProviderStrategy did not pass the test
08:27:01.508 [main] INFO org.testcontainers.dockerclient.DockerMachineClientProviderStrategy - docker-machine executable was not found on PATH ([/home/gabsko/apache-maven-3.8.6/bin, /usr/local/sbin, /usr/local/bin, /usr/sbin, /usr/bin, /sbin, /bin, /usr/games, /usr/local/games, /snap/bin])
08:27:01.508 [main] ERROR org.testcontainers.dockerclient.DockerClientProviderStrategy - Could not find a valid Docker environment. Please check configuration. Attempted configurations were:
08:27:01.509 [main] ERROR org.testcontainers.dockerclient.DockerClientProviderStrategy - As no valid configuration was found, execution cannot continue
[ERROR] Tests run: 3, Failures: 0, Errors: 3, Skipped: 0, Time elapsed: 0.42 s <<< FAILURE! - in io.axoniq.dev.samples.CommandControllerIntegrationTest
[ERROR] test{String}[1]  Time elapsed: 0.39 s  <<< ERROR!
java.lang.IllegalStateException: Could not find a valid Docker environment. Please see logs and check configuration
	at io.axoniq.dev.samples.CommandControllerIntegrationTest.test(CommandControllerIntegrationTest.java:34)

[ERROR] test{String}[2]  Time elapsed: 0.003 s  <<< ERROR!
java.lang.IllegalStateException: Previous attempts to find a Docker environment failed. Will not retry. Please see logs and check configuration
	at io.axoniq.dev.samples.CommandControllerIntegrationTest.test(CommandControllerIntegrationTest.java:34)

[ERROR] test{String}[3]  Time elapsed: 0.003 s  <<< ERROR!
java.lang.IllegalStateException: Previous attempts to find a Docker environment failed. Will not retry. Please see logs and check configuration
	at io.axoniq.dev.samples.CommandControllerIntegrationTest.test(CommandControllerIntegrationTest.java:34)

[INFO] 
[INFO] Results:
[INFO] 
[ERROR] Errors: 
[ERROR]   CommandControllerIntegrationTest.test:34 » IllegalState Could not find a valid...
[ERROR]   CommandControllerIntegrationTest.test:34 » IllegalState Previous attempts to f...
[ERROR]   CommandControllerIntegrationTest.test:34 » IllegalState Previous attempts to f...
[INFO] 
[ERROR] Tests run: 3, Failures: 0, Errors: 3, Skipped: 0
[INFO] 
[INFO] ------------------------------------------------------------------------
[INFO] Reactor Summary for Axon Code Samples 0.0.1-SNAPSHOT:
[INFO] 
[INFO] Axon Code Samples .................................. SUCCESS [  0.076 s]
[INFO] axon-subscription-rest-sample ...................... FAILURE [  4.480 s]
[INFO] set-based-validation ............................... SKIPPED
[INFO] axon-distributed-exceptions-sample ................. SKIPPED
[INFO] axon-spring-template ............................... SKIPPED
[INFO] upcaster ........................................... SKIPPED
[INFO] saga ............................................... SKIPPED
[INFO] subscription-query-ui-streaming .................... SKIPPED
[INFO] reset-handler ...................................... SKIPPED
[INFO] sequencing-policy .................................. SKIPPED
[INFO] ------------------------------------------------------------------------
[INFO] BUILD FAILURE
[INFO] ------------------------------------------------------------------------
[INFO] Total time:  4.758 s
[INFO] Finished at: 2023-01-26T08:27:01Z
[INFO] ------------------------------------------------------------------------
[ERROR] Failed to execute goal org.apache.maven.plugins:maven-surefire-plugin:2.22.2:test (default-test) on project axon-subscription-rest-sample: There are test failures.
[ERROR] 
[ERROR] Please refer to /home/gabsko/breaking-updates/subscription-query-rest/target/surefire-reports for the individual test results.
[ERROR] Please refer to dump files (if any exist) [date].dump, [date]-jvmRun[N].dump and [date].dumpstream.
[ERROR] -> [Help 1]
[ERROR] 
[ERROR] To see the full stack trace of the errors, re-run Maven with the -e switch.
[ERROR] Re-run Maven using the -X switch to enable full debug logging.
[ERROR] 
[ERROR] For more information about the errors and possible solutions, please read the following articles:
[ERROR] [Help 1] http://cwiki.apache.org/confluence/display/MAVEN/MojoFailureException
[ERROR] 
[ERROR] After correcting the problems, you can resume the build with the command
[ERROR]   mvn <args> -rf :axon-subscription-rest-sample
