[INFO] Scanning for projects...
[INFO] 
[INFO] ------------------< org.apache.commons:commons-exec >-------------------
[INFO] Building Apache Commons Exec 1.4.0-SNAPSHOT
[INFO] --------------------------------[ jar ]---------------------------------
[INFO] 
[INFO] --- maven-clean-plugin:3.1.0:clean (default-clean) @ commons-exec ---
[INFO] Deleting /home/gabsko/breaking-updates/target
[INFO] 
[INFO] --- maven-enforcer-plugin:3.0.0-M3:enforce (enforce-maven-version) @ commons-exec ---
[INFO] 
[INFO] --- maven-enforcer-plugin:3.0.0-M3:enforce (enforce-maven-3) @ commons-exec ---
[INFO] 
[INFO] --- apache-rat-plugin:0.13:check (rat-check) @ commons-exec ---
[INFO] Enabled default license matchers.
[INFO] Will parse SCM ignores for exclusions...
[INFO] Parsing exclusions from /home/gabsko/breaking-updates/.gitignore
[INFO] Finished adding exclusions from SCM ignore files.
[INFO] 67 implicit excludes (use -debug for more details).
[INFO] 9 explicit excludes (use -debug for more details).
[INFO] 115 resources included (use -debug for more details)
[INFO] Rat check: Summary over all files. Unapproved: 0, unknown: 0, generated: 0, approved: 110 licenses.
[INFO] 
[INFO] --- build-helper-maven-plugin:3.2.0:parse-version (parse-version) @ commons-exec ---
[INFO] 
[INFO] --- maven-antrun-plugin:1.8:run (javadoc.resources) @ commons-exec ---
[INFO] Executing tasks

main:
     [copy] Copying 2 files to /home/gabsko/breaking-updates/target/apidocs/META-INF
[INFO] Executed tasks
[INFO] 
[INFO] --- maven-remote-resources-plugin:1.7.0:process (process-resource-bundles) @ commons-exec ---
[INFO] Skipping remote resources execution.
[INFO] 
[INFO] --- buildnumber-maven-plugin:1.4:create (default) @ commons-exec ---
[INFO] Executing: /bin/sh -c cd '/home/gabsko/breaking-updates' && 'git' 'rev-parse' '--verify' 'HEAD'
[INFO] Working directory: /home/gabsko/breaking-updates
[INFO] Storing buildNumber: 43864a9d693b91537c076ff3b1db5964c50d298f at timestamp: 1674729984865
[INFO] Storing buildScmBranch: branch-apache/commons-exec-43864a9d693b91537c076ff3b1db5964c50d298f
[INFO] 
[INFO] --- maven-resources-plugin:3.1.0:resources (default-resources) @ commons-exec ---
[INFO] Using 'UTF-8' encoding to copy filtered resources.
[INFO] skip non existing resourceDirectory /home/gabsko/breaking-updates/src/main/resources
[INFO] Copying 2 resources to META-INF
[INFO] 
[INFO] --- maven-compiler-plugin:3.8.1:compile (default-compile) @ commons-exec ---
[INFO] Changes detected - recompiling the module!
[INFO] Compiling 32 source files to /home/gabsko/breaking-updates/target/classes
[INFO] 
[INFO] --- maven-bundle-plugin:5.1.1:manifest (bundle-manifest) @ commons-exec ---
[INFO] 
[INFO] --- maven-resources-plugin:3.1.0:testResources (default-testResources) @ commons-exec ---
[INFO] Using 'UTF-8' encoding to copy filtered resources.
[INFO] skip non existing resourceDirectory /home/gabsko/breaking-updates/src/test/resources
[INFO] Copying 2 resources to META-INF
[INFO] 
[INFO] --- maven-compiler-plugin:3.8.1:testCompile (default-testCompile) @ commons-exec ---
[INFO] Changes detected - recompiling the module!
[INFO] Compiling 20 source files to /home/gabsko/breaking-updates/target/test-classes
[INFO] 
[INFO] --- animal-sniffer-maven-plugin:1.19:check (checkAPIcompatibility) @ commons-exec ---
[INFO] Checking unresolved references to org.codehaus.mojo.signature:java17:1.0
[INFO] 
[INFO] --- maven-surefire-plugin:2.22.2:test (default-test) @ commons-exec ---
[INFO] 
[INFO] -------------------------------------------------------
[INFO]  T E S T S
[INFO] -------------------------------------------------------
[INFO] Running org.apache.commons.exec.StandAloneTest
mkdir: cannot create directory ‘target/’: File exists
[INFO] Tests run: 1, Failures: 0, Errors: 0, Skipped: 0, Time elapsed: 0.042 s - in org.apache.commons.exec.StandAloneTest
[INFO] Running org.apache.commons.exec.TutorialTest
[main] Preparing print job ...
[print] Executing blocking print job  ...
[acrord32] Printing the following document : "/Documents and Settings/foo.pdf"
[acrord32] Finished printing
[main] Successfully sent the print job ...
[main] Test is exiting but waiting for the print job to finish...
[main] The print job has finished ...
[INFO] Tests run: 1, Failures: 0, Errors: 0, Skipped: 0, Time elapsed: 0.996 s - in org.apache.commons.exec.TutorialTest
[INFO] Running org.apache.commons.exec.util.StringUtilTest
[INFO] Tests run: 4, Failures: 0, Errors: 0, Skipped: 0, Time elapsed: 0.001 s - in org.apache.commons.exec.util.StringUtilTest
[INFO] Running org.apache.commons.exec.util.MapUtilTest
[INFO] Tests run: 3, Failures: 0, Errors: 0, Skipped: 0, Time elapsed: 0 s - in org.apache.commons.exec.util.MapUtilTest
[INFO] Running org.apache.commons.exec.environment.EnvironmentUtilsTest
[INFO] Tests run: 6, Failures: 0, Errors: 0, Skipped: 0, Time elapsed: 0.003 s - in org.apache.commons.exec.environment.EnvironmentUtilsTest
[INFO] Running org.apache.commons.exec.DefaultExecutorTest
Process did not stop gracefully, had exception 'Execution failed (Exit value: -559038737. Caused by java.io.IOException: Cannot run program "/home/gabsko/breaking-updates/src/test/scripts/grmpffffff.sh" (in directory "."): error=2, No such file or directory)' while executing process
gdal_translate
HDF5:"/home/kk/grass/data/4404.he5"://HDFEOS/GRIDS/OMI_Column_Amount_O3/Data_Fields/ColumnAmountO3/home/kk/4.tif
FOO..
FOO..
[WARNING] Tests run: 32, Failures: 0, Errors: 0, Skipped: 1, Time elapsed: 40.459 s - in org.apache.commons.exec.DefaultExecutorTest
[INFO] Running org.apache.commons.exec.CommandLineTest
testToStringTroubleshooting
cmd1: [sh, -c, echo 1]
cmd2: [sh, -c, echo, 1]
[INFO] Tests run: 34, Failures: 0, Errors: 0, Skipped: 0, Time elapsed: 0.007 s - in org.apache.commons.exec.CommandLineTest
[INFO] Running org.apache.commons.exec.issues.Exec33Test
FOO..
[INFO] Tests run: 1, Failures: 0, Errors: 0, Skipped: 0, Time elapsed: 0 s - in org.apache.commons.exec.issues.Exec33Test
[INFO] Running org.apache.commons.exec.issues.Exec57Test
invoker.sh -- going to start daemon process
invoker.sh -- daemon process was started
[WARNING] Tests run: 2, Failures: 0, Errors: 0, Skipped: 1, Time elapsed: 0.008 s - in org.apache.commons.exec.issues.Exec57Test
[INFO] Running org.apache.commons.exec.issues.Exec49Test
Preparing to execute process - commandLine=[/bin/ls, /opt]
Process spun off successfully - process=/bin/ls
Preparing to execute process - commandLine=[/bin/ls, /opt]
Process spun off successfully - process=/bin/ls
[INFO] Tests run: 2, Failures: 0, Errors: 0, Skipped: 0, Time elapsed: 0.107 s - in org.apache.commons.exec.issues.Exec49Test
[INFO] Running org.apache.commons.exec.issues.Exec65Test
[sudo] password for gabsko: The test 'testExec65WithSleepUsingShellScript' is not possible for OS : Linux
[INFO] Tests run: 4, Failures: 0, Errors: 0, Skipped: 0, Time elapsed: 14.272 s - in org.apache.commons.exec.issues.Exec65Test
[INFO] Running org.apache.commons.exec.issues.Exec34Test
[ping.sh] Blocking for 10 seconds ...
[ping.sh] Blocking for 10 seconds ...
PING 127.0.0.1 (127.0.0.1) 56(84) bytes of data.
64 bytes from 127.0.0.1: icmp_seq=1 ttl=64 time=0.047 ms
64 bytes from 127.0.0.1: icmp_seq=2 ttl=64 time=0.042 ms
64 bytes from 127.0.0.1: icmp_seq=3 ttl=64 time=0.038 ms
64 bytes from 127.0.0.1: icmp_seq=4 ttl=64 time=0.050 ms
64 bytes from 127.0.0.1: icmp_seq=5 ttl=64 time=0.032 ms
[INFO] Tests run: 2, Failures: 0, Errors: 0, Skipped: 0, Time elapsed: 6.111 s - in org.apache.commons.exec.issues.Exec34Test
[INFO] Running org.apache.commons.exec.issues.Exec62Test
[WARNING] Tests run: 1, Failures: 0, Errors: 0, Skipped: 1, Time elapsed: 0 s - in org.apache.commons.exec.issues.Exec62Test
[INFO] Running org.apache.commons.exec.issues.Exec36Test
[WARNING] Tests run: 5, Failures: 0, Errors: 0, Skipped: 3, Time elapsed: 0.003 s - in org.apache.commons.exec.issues.Exec36Test
[INFO] Running org.apache.commons.exec.issues.Exec60Test
[WARNING] Tests run: 1, Failures: 0, Errors: 0, Skipped: 1, Time elapsed: 0 s - in org.apache.commons.exec.issues.Exec60Test
[INFO] Running org.apache.commons.exec.issues.Exec44Test
[INFO] Tests run: 1, Failures: 0, Errors: 0, Skipped: 0, Time elapsed: 5 s - in org.apache.commons.exec.issues.Exec44Test
[INFO] Running org.apache.commons.exec.issues.Exec41Test
PING 127.0.0.1 (127.0.0.1) 56(84) bytes of data.
64 bytes from 127.0.0.1: icmp_seq=1 ttl=64 time=0.042 ms
64 bytes from 127.0.0.1: icmp_seq=2 ttl=64 time=0.033 ms
Process completed in 2002 millis; below is its output
Process timed out and was killed by watchdog.
org.apache.commons.exec.ExecuteException: Process exited with an error: 143 (Exit value: 143)
Process completed in 2001 millis; below is its output
Process timed out and was killed.
[INFO] Tests run: 2, Failures: 0, Errors: 0, Skipped: 0, Time elapsed: 4.003 s - in org.apache.commons.exec.issues.Exec41Test
[INFO] Running org.apache.commons.exec.LogOutputStreamTest
LESSOPEN=| /usr/bin/lesspipe %s
MAIL=/var/mail/gabsko
LC_TIME=C.UTF-8
SSH_CLIENT=94.191.152.204 21808 22
USER=gabsko
SHLVL=3
OLDPWD=/home/gabsko/breaking-updates
HOME=/home/gabsko
SSH_TTY=/dev/pts/1
LC_MONETARY=C.UTF-8
MAVEN_CMD_LINE_ARGS= clean test --log-file /home/gabsko/resources-for-breaking-updates/maven-logs/temporary.log
DBUS_SESSION_BUS_ADDRESS=unix:path=/run/user/1021/bus
MAVEN_PROJECTBASEDIR=/home/gabsko/breaking-updates
LOGNAME=gabsko
_=/home/gabsko/apache-maven-3.8.6/bin/mvn
TERM=xterm-256color
XDG_SESSION_ID=82447
PATH=/home/gabsko/apache-maven-3.8.6/bin:/usr/local/sbin:/usr/local/bin:/usr/sbin:/usr/bin:/sbin:/bin:/usr/games:/usr/local/games:/snap/bin
S_COLORS=auto
LC_ADDRESS=C.UTF-8
XDG_RUNTIME_DIR=/run/user/1021
LC_TELEPHONE=C.UTF-8
LANG=C.UTF-8
LS_COLORS=rs=0:di=01;34:ln=01;36:mh=00:pi=40;33:so=01;35:do=01;35:bd=40;33;01:cd=40;33;01:or=40;31;01:mi=00:su=37;41:sg=30;43:ca=30;41:tw=30;42:ow=34;42:st=37;44:ex=01;32:*.tar=01;31:*.tgz=01;31:*.arc=01;31:*.arj=01;31:*.taz=01;31:*.lha=01;31:*.lz4=01;31:*.lzh=01;31:*.lzma=01;31:*.tlz=01;31:*.txz=01;31:*.tzo=01;31:*.t7z=01;31:*.zip=01;31:*.z=01;31:*.Z=01;31:*.dz=01;31:*.gz=01;31:*.lrz=01;31:*.lz=01;31:*.lzo=01;31:*.xz=01;31:*.zst=01;31:*.tzst=01;31:*.bz2=01;31:*.bz=01;31:*.tbz=01;31:*.tbz2=01;31:*.tz=01;31:*.deb=01;31:*.rpm=01;31:*.jar=01;31:*.war=01;31:*.ear=01;31:*.sar=01;31:*.rar=01;31:*.alz=01;31:*.ace=01;31:*.zoo=01;31:*.cpio=01;31:*.7z=01;31:*.rz=01;31:*.cab=01;31:*.wim=01;31:*.swm=01;31:*.dwm=01;31:*.esd=01;31:*.jpg=01;35:*.jpeg=01;35:*.mjpg=01;35:*.mjpeg=01;35:*.gif=01;35:*.bmp=01;35:*.pbm=01;35:*.pgm=01;35:*.ppm=01;35:*.tga=01;35:*.xbm=01;35:*.xpm=01;35:*.tif=01;35:*.tiff=01;35:*.png=01;35:*.svg=01;35:*.svgz=01;35:*.mng=01;35:*.pcx=01;35:*.mov=01;35:*.mpg=01;35:*.mpeg=01;35:*.m2v=01;35:*.mkv=01;35:*.webm=01;35:*.ogm=01;35:*.mp4=01;35:*.m4v=01;35:*.mp4v=01;35:*.vob=01;35:*.qt=01;35:*.nuv=01;35:*.wmv=01;35:*.asf=01;35:*.rm=01;35:*.rmvb=01;35:*.flc=01;35:*.avi=01;35:*.fli=01;35:*.flv=01;35:*.gl=01;35:*.dl=01;35:*.xcf=01;35:*.xwd=01;35:*.yuv=01;35:*.cgm=01;35:*.emf=01;35:*.ogv=01;35:*.ogx=01;35:*.aac=00;36:*.au=00;36:*.flac=00;36:*.m4a=00;36:*.mid=00;36:*.midi=00;36:*.mka=00;36:*.mp3=00;36:*.mpc=00;36:*.ogg=00;36:*.ra=00;36:*.wav=00;36:*.oga=00;36:*.opus=00;36:*.spx=00;36:*.xspf=00;36:
LC_NAME=C.UTF-8
SHELL=/bin/bash
LESSCLOSE=/usr/bin/lesspipe %s %s
LC_MEASUREMENT=C.UTF-8
LC_IDENTIFICATION=C.UTF-8
PWD=/home/gabsko/breaking-updates
XDG_DATA_DIRS=/usr/local/share:/usr/share:/var/lib/snapd/desktop
SSH_CONNECTION=94.191.152.204 21808 130.237.222.185 22
LC_NUMERIC=C.UTF-8
LC_PAPER=C.UTF-8
[INFO] Tests run: 1, Failures: 0, Errors: 0, Skipped: 0, Time elapsed: 0.004 s - in org.apache.commons.exec.LogOutputStreamTest
[INFO] 
[INFO] Results:
[INFO] 
[WARNING] Tests run: 103, Failures: 0, Errors: 0, Skipped: 7
[INFO] 
[INFO] ------------------------------------------------------------------------
[INFO] BUILD SUCCESS
[INFO] ------------------------------------------------------------------------
[INFO] Total time:  01:15 min
[INFO] Finished at: 2023-01-26T10:47:38Z
[INFO] ------------------------------------------------------------------------
