[INFO] Scanning for projects...
[INFO] 
[INFO] ------------------------< org.mybatis:mybatis >-------------------------
[INFO] Building mybatis 3.5.7-SNAPSHOT
[INFO] --------------------------------[ jar ]---------------------------------
[INFO] 
[INFO] --- maven-clean-plugin:3.1.0:clean (default-clean) @ mybatis ---
[INFO] Deleting /home/gabsko/breaking-updates/target
[INFO] 
[INFO] --- maven-enforcer-plugin:3.0.0-M1:enforce (enforce-java) @ mybatis ---
[INFO] 
[INFO] --- jacoco-maven-plugin:0.8.6:prepare-agent (prepare-agent) @ mybatis ---
[INFO] argLine set to -javaagent:/home/gabsko/.m2/repository/org/jacoco/org.jacoco.agent/0.8.6/org.jacoco.agent-0.8.6-runtime.jar=destfile=/home/gabsko/breaking-updates/target/jacoco.exec,excludes=org.apache.ibatis.ognl.*:org.apache.ibatis.javassist.*
[INFO] 
[INFO] --- whitespace-maven-plugin:1.0.4:trim (default) @ mybatis ---
[INFO] 
[INFO] --- maven-resources-plugin:3.2.0:resources (default-resources) @ mybatis ---
[INFO] Using 'UTF-8' encoding to copy filtered resources.
[INFO] Using 'UTF-8' encoding to copy filtered properties files.
[INFO] Copying 2 resources to META-INF
[INFO] Copying 4 resources
[INFO] 
[INFO] --- maven-compiler-plugin:3.8.1:compile (default-compile) @ mybatis ---
[INFO] Compiling 385 source files to /home/gabsko/breaking-updates/target/classes
[INFO] /home/gabsko/breaking-updates/src/main/java/org/apache/ibatis/executor/keygen/Jdbc3KeyGenerator.java: Some input files use or override a deprecated API.
[INFO] /home/gabsko/breaking-updates/src/main/java/org/apache/ibatis/executor/keygen/Jdbc3KeyGenerator.java: Recompile with -Xlint:deprecation for details.
[INFO] /home/gabsko/breaking-updates/src/main/java/org/apache/ibatis/reflection/MetaObject.java: Some input files use unchecked or unsafe operations.
[INFO] /home/gabsko/breaking-updates/src/main/java/org/apache/ibatis/reflection/MetaObject.java: Recompile with -Xlint:unchecked for details.
[INFO] 
[INFO] --- license-maven-plugin:3.0:format (default) @ mybatis ---
[INFO] Updating license headers...
[INFO] Updating license header in: /home/gabsko/breaking-updates/.github/workflows/coveralls.yaml
[INFO] Updating license header in: /home/gabsko/breaking-updates/src/main/java/org/apache/ibatis/builder/xml/XMLConfigBuilder.java
[INFO] Updating license header in: /home/gabsko/breaking-updates/src/test/java/org/apache/ibatis/testcontainers/MysqlContainer.java
[INFO] Updating license header in: /home/gabsko/breaking-updates/src/site/ko/xdoc/getting-started.xml
[INFO] Updating license header in: /home/gabsko/breaking-updates/pom.xml
[INFO] 
[INFO] --- animal-sniffer-maven-plugin:1.19:check (check-java-compat) @ mybatis ---
[INFO] Checking unresolved references to org.codehaus.mojo.signature:java18:1.0
[INFO] 
[INFO] --- maven-bundle-plugin:5.1.1:manifest (bundle-manifest) @ mybatis ---
[INFO] 
[INFO] --- maven-resources-plugin:3.2.0:testResources (default-testResources) @ mybatis ---
[INFO] Using 'UTF-8' encoding to copy filtered resources.
[INFO] Using 'UTF-8' encoding to copy filtered properties files.
[INFO] Copying 530 resources
[INFO] 
[INFO] --- maven-compiler-plugin:3.8.1:testCompile (default-testCompile) @ mybatis ---
[INFO] Compiling 851 source files to /home/gabsko/breaking-updates/target/test-classes
[INFO] /home/gabsko/breaking-updates/src/test/java/org/apache/ibatis/jdbc/SelectBuilderTest.java: Some input files use or override a deprecated API.
[INFO] /home/gabsko/breaking-updates/src/test/java/org/apache/ibatis/jdbc/SelectBuilderTest.java: Recompile with -Xlint:deprecation for details.
[INFO] /home/gabsko/breaking-updates/src/test/java/org/apache/ibatis/executor/resultset/DefaultResultSetHandlerTest.java: Some input files use unchecked or unsafe operations.
[INFO] /home/gabsko/breaking-updates/src/test/java/org/apache/ibatis/executor/resultset/DefaultResultSetHandlerTest.java: Recompile with -Xlint:unchecked for details.
[INFO] 
[INFO] --- maven-surefire-plugin:3.0.0-M5:test (default-test) @ mybatis ---
[INFO] 
[INFO] -------------------------------------------------------
[INFO]  T E S T S
[INFO] -------------------------------------------------------
[INFO] Running org.apache.ibatis.transaction.managed.ManagedTransactionFactoryTest
[INFO] Tests run: 2, Failures: 0, Errors: 0, Skipped: 0, Time elapsed: 0.761 s - in org.apache.ibatis.transaction.managed.ManagedTransactionFactoryTest
[INFO] Running org.apache.ibatis.executor.BatchExecutorTest
[INFO] Tests run: 19, Failures: 0, Errors: 0, Skipped: 0, Time elapsed: 3.506 s - in org.apache.ibatis.executor.BatchExecutorTest
[INFO] Running org.apache.ibatis.executor.loader.CglibProxyTest
[INFO] Tests run: 15, Failures: 0, Errors: 0, Skipped: 0, Time elapsed: 1.077 s - in org.apache.ibatis.executor.loader.CglibProxyTest
[INFO] Running org.apache.ibatis.executor.loader.JavassistProxyTest
[INFO] Tests run: 15, Failures: 0, Errors: 0, Skipped: 0, Time elapsed: 0.933 s - in org.apache.ibatis.executor.loader.JavassistProxyTest
[INFO] Running org.apache.ibatis.executor.CachingSimpleExecutorTest
[INFO] Tests run: 19, Failures: 0, Errors: 0, Skipped: 0, Time elapsed: 0.898 s - in org.apache.ibatis.executor.CachingSimpleExecutorTest
[INFO] Running org.apache.ibatis.executor.ReuseExecutorTest
[INFO] Tests run: 19, Failures: 0, Errors: 0, Skipped: 0, Time elapsed: 0.82 s - in org.apache.ibatis.executor.ReuseExecutorTest
[INFO] Running org.apache.ibatis.executor.BaseExecutorTest
[INFO] Tests run: 18, Failures: 0, Errors: 0, Skipped: 0, Time elapsed: 0.813 s - in org.apache.ibatis.executor.BaseExecutorTest
[INFO] Running org.apache.ibatis.executor.CachingReuseExecutorTest
[INFO] Tests run: 19, Failures: 0, Errors: 0, Skipped: 0, Time elapsed: 0.82 s - in org.apache.ibatis.executor.CachingReuseExecutorTest
[INFO] Running org.apache.ibatis.executor.ErrorContextTest
[INFO] Tests run: 2, Failures: 0, Errors: 0, Skipped: 0, Time elapsed: 0.002 s - in org.apache.ibatis.executor.ErrorContextTest
[INFO] Running org.apache.ibatis.executor.resultset.DefaultResultSetHandlerTest
[INFO] Tests run: 2, Failures: 0, Errors: 0, Skipped: 0, Time elapsed: 0.398 s - in org.apache.ibatis.executor.resultset.DefaultResultSetHandlerTest
[INFO] Running org.apache.ibatis.executor.CachingBatchExecutorTest
[INFO] Tests run: 19, Failures: 0, Errors: 0, Skipped: 0, Time elapsed: 0.764 s - in org.apache.ibatis.executor.CachingBatchExecutorTest
[INFO] Running org.apache.ibatis.executor.statement.BaseStatementHandlerTest
[INFO] Tests run: 9, Failures: 0, Errors: 0, Skipped: 0, Time elapsed: 0.154 s - in org.apache.ibatis.executor.statement.BaseStatementHandlerTest
[INFO] Running org.apache.ibatis.executor.ResultExtractorTest
[INFO] Tests run: 6, Failures: 0, Errors: 0, Skipped: 0, Time elapsed: 0.116 s - in org.apache.ibatis.executor.ResultExtractorTest
[INFO] Running org.apache.ibatis.cursor.defaults.DefaultCursorTest
[INFO] Tests run: 1, Failures: 0, Errors: 0, Skipped: 0, Time elapsed: 0.061 s - in org.apache.ibatis.cursor.defaults.DefaultCursorTest
[INFO] Running org.apache.ibatis.parsing.XPathParserTest
[INFO] Tests run: 17, Failures: 0, Errors: 0, Skipped: 0, Time elapsed: 0.129 s - in org.apache.ibatis.parsing.XPathParserTest
[INFO] Running org.apache.ibatis.parsing.GenericTokenParserTest
[WARNING] Tests run: 3, Failures: 0, Errors: 0, Skipped: 1, Time elapsed: 0.004 s - in org.apache.ibatis.parsing.GenericTokenParserTest
[INFO] Running org.apache.ibatis.parsing.PropertyParserTest
[INFO] Tests run: 4, Failures: 0, Errors: 0, Skipped: 0, Time elapsed: 0.003 s - in org.apache.ibatis.parsing.PropertyParserTest
[INFO] Running org.apache.ibatis.binding.FlushTest
[INFO] Tests run: 1, Failures: 0, Errors: 0, Skipped: 0, Time elapsed: 0.733 s - in org.apache.ibatis.binding.FlushTest
[INFO] Running org.apache.ibatis.binding.MapperMethodParamTest
[INFO] Tests run: 2, Failures: 0, Errors: 0, Skipped: 0, Time elapsed: 0.064 s - in org.apache.ibatis.binding.MapperMethodParamTest
[INFO] Running org.apache.ibatis.binding.WrongMapperTest
[INFO] Tests run: 1, Failures: 0, Errors: 0, Skipped: 0, Time elapsed: 0.004 s - in org.apache.ibatis.binding.WrongMapperTest
[INFO] Running org.apache.ibatis.binding.BindingTest
[WARNING] Tests run: 53, Failures: 0, Errors: 0, Skipped: 1, Time elapsed: 1.321 s - in org.apache.ibatis.binding.BindingTest
[INFO] Running org.apache.ibatis.binding.WrongNamespacesTest
[INFO] Tests run: 2, Failures: 0, Errors: 0, Skipped: 0, Time elapsed: 0.009 s - in org.apache.ibatis.binding.WrongNamespacesTest
[INFO] Running org.apache.ibatis.exceptions.GeneralExceptionsTest
[INFO] Tests run: 2, Failures: 0, Errors: 0, Skipped: 0, Time elapsed: 0.003 s - in org.apache.ibatis.exceptions.GeneralExceptionsTest
[INFO] Running org.apache.ibatis.plugin.PluginTest
[INFO] Tests run: 2, Failures: 0, Errors: 0, Skipped: 0, Time elapsed: 0.005 s - in org.apache.ibatis.plugin.PluginTest
[INFO] Running org.apache.ibatis.cache.SoftCacheTest
[INFO] Tests run: 4, Failures: 0, Errors: 0, Skipped: 0, Time elapsed: 0.887 s - in org.apache.ibatis.cache.SoftCacheTest
[INFO] Running org.apache.ibatis.cache.CacheKeyTest
[INFO] Tests run: 10, Failures: 0, Errors: 0, Skipped: 0, Time elapsed: 2.018 s - in org.apache.ibatis.cache.CacheKeyTest
[INFO] Running org.apache.ibatis.cache.PerpetualCacheTest
[INFO] Tests run: 5, Failures: 0, Errors: 0, Skipped: 0, Time elapsed: 0.045 s - in org.apache.ibatis.cache.PerpetualCacheTest
[INFO] Running org.apache.ibatis.cache.SuperCacheTest
[INFO] Tests run: 1, Failures: 0, Errors: 0, Skipped: 0, Time elapsed: 0.531 s - in org.apache.ibatis.cache.SuperCacheTest
[INFO] Running org.apache.ibatis.cache.WeakCacheTest
[INFO] Tests run: 4, Failures: 0, Errors: 0, Skipped: 0, Time elapsed: 0.188 s - in org.apache.ibatis.cache.WeakCacheTest
[INFO] Running org.apache.ibatis.cache.ScheduledCacheTest
[INFO] Tests run: 3, Failures: 0, Errors: 0, Skipped: 0, Time elapsed: 5.001 s - in org.apache.ibatis.cache.ScheduledCacheTest
[INFO] Running org.apache.ibatis.cache.FifoCacheTest
[INFO] Tests run: 3, Failures: 0, Errors: 0, Skipped: 0, Time elapsed: 0.001 s - in org.apache.ibatis.cache.FifoCacheTest
[INFO] Running org.apache.ibatis.cache.LruCacheTest
[INFO] Tests run: 3, Failures: 0, Errors: 0, Skipped: 0, Time elapsed: 0.001 s - in org.apache.ibatis.cache.LruCacheTest
[INFO] Running org.apache.ibatis.cache.SerializedCacheTest
[INFO] Tests run: 3, Failures: 0, Errors: 0, Skipped: 0, Time elapsed: 0.005 s - in org.apache.ibatis.cache.SerializedCacheTest
[INFO] Running org.apache.ibatis.cache.BaseCacheTest
[INFO] Tests run: 1, Failures: 0, Errors: 0, Skipped: 0, Time elapsed: 0.001 s - in org.apache.ibatis.cache.BaseCacheTest
[INFO] Running org.apache.ibatis.autoconstructor.AutoConstructorTest
[INFO] Tests run: 5, Failures: 0, Errors: 0, Skipped: 0, Time elapsed: 0.688 s - in org.apache.ibatis.autoconstructor.AutoConstructorTest
[INFO] Running org.apache.ibatis.session.SqlSessionTest
[INFO] Tests run: 59, Failures: 0, Errors: 0, Skipped: 0, Time elapsed: 0.852 s - in org.apache.ibatis.session.SqlSessionTest
[INFO] Running org.apache.ibatis.session.AutoMappingUnknownColumnBehaviorTest
 WARN [main] - Unknown column is detected on 'org.apache.ibatis.session.AutoMappingUnknownColumnBehaviorTest$Mapper.selectSimpleAuthor' auto-mapping. Mapping parameters are [columnName=ID,propertyName=id,propertyType=java.util.concurrent.atomic.AtomicInteger]
[INFO] Tests run: 3, Failures: 0, Errors: 0, Skipped: 0, Time elapsed: 0.615 s - in org.apache.ibatis.session.AutoMappingUnknownColumnBehaviorTest
[INFO] Running org.apache.ibatis.session.SqlSessionManagerTest
[INFO] Tests run: 6, Failures: 0, Errors: 0, Skipped: 0, Time elapsed: 0.634 s - in org.apache.ibatis.session.SqlSessionManagerTest
[INFO] Running org.apache.ibatis.mapping.CacheBuilderTest
[INFO] Tests run: 2, Failures: 0, Errors: 0, Skipped: 0, Time elapsed: 0.003 s - in org.apache.ibatis.mapping.CacheBuilderTest
[INFO] Running org.apache.ibatis.mapping.BoundSqlTest
[INFO] Tests run: 1, Failures: 0, Errors: 0, Skipped: 0, Time elapsed: 0.001 s - in org.apache.ibatis.mapping.BoundSqlTest
[INFO] Running org.apache.ibatis.mapping.ResultMappingTest
[INFO] Tests run: 2, Failures: 0, Errors: 0, Skipped: 0, Time elapsed: 0.003 s - in org.apache.ibatis.mapping.ResultMappingTest
[INFO] Running org.apache.ibatis.builder.SqlSourceBuilderTest
[INFO] Tests run: 2, Failures: 0, Errors: 0, Skipped: 0, Time elapsed: 0.001 s - in org.apache.ibatis.builder.SqlSourceBuilderTest
[INFO] Running org.apache.ibatis.builder.XmlConfigBuilderTest
[INFO] Tests run: 8, Failures: 0, Errors: 0, Skipped: 0, Time elapsed: 0.093 s - in org.apache.ibatis.builder.XmlConfigBuilderTest
[INFO] Running org.apache.ibatis.builder.xml.dynamic.DynamicSqlSourceTest
[INFO] Tests run: 25, Failures: 0, Errors: 0, Skipped: 0, Time elapsed: 14.516 s - in org.apache.ibatis.builder.xml.dynamic.DynamicSqlSourceTest
[INFO] Running org.apache.ibatis.builder.xml.dynamic.ExpressionEvaluatorTest
[INFO] Tests run: 8, Failures: 0, Errors: 0, Skipped: 0, Time elapsed: 0.006 s - in org.apache.ibatis.builder.xml.dynamic.ExpressionEvaluatorTest
[INFO] Running org.apache.ibatis.builder.AnnotationMapperBuilderTest
[INFO] Tests run: 5, Failures: 0, Errors: 0, Skipped: 0, Time elapsed: 0.009 s - in org.apache.ibatis.builder.AnnotationMapperBuilderTest
[INFO] Running org.apache.ibatis.builder.ParameterExpressionTest
[INFO] Tests run: 14, Failures: 0, Errors: 0, Skipped: 0, Time elapsed: 0.003 s - in org.apache.ibatis.builder.ParameterExpressionTest
[INFO] Running org.apache.ibatis.builder.XmlMapperBuilderTest
[INFO] Tests run: 16, Failures: 0, Errors: 0, Skipped: 0, Time elapsed: 0.027 s - in org.apache.ibatis.builder.XmlMapperBuilderTest
[INFO] Running org.apache.ibatis.type.TypeHandlerRegistryTest
[WARNING] Tests run: 11, Failures: 0, Errors: 0, Skipped: 2, Time elapsed: 0.185 s - in org.apache.ibatis.type.TypeHandlerRegistryTest
[INFO] Running org.apache.ibatis.type.BooleanTypeHandlerTest
[INFO] Tests run: 6, Failures: 0, Errors: 0, Skipped: 0, Time elapsed: 0.128 s - in org.apache.ibatis.type.BooleanTypeHandlerTest
[INFO] Running org.apache.ibatis.type.CharacterTypeHandlerTest
[INFO] Tests run: 8, Failures: 0, Errors: 0, Skipped: 0, Time elapsed: 0.008 s - in org.apache.ibatis.type.CharacterTypeHandlerTest
[INFO] Running org.apache.ibatis.type.LocalDateTimeTypeHandlerTest
[INFO] Tests run: 7, Failures: 0, Errors: 0, Skipped: 0, Time elapsed: 0.01 s - in org.apache.ibatis.type.LocalDateTimeTypeHandlerTest
[INFO] Running org.apache.ibatis.type.ByteObjectArrayTypeHandlerTest
[INFO] Tests run: 7, Failures: 0, Errors: 0, Skipped: 0, Time elapsed: 0.012 s - in org.apache.ibatis.type.ByteObjectArrayTypeHandlerTest
[INFO] Running org.apache.ibatis.type.BlobByteObjectArrayTypeHandlerTest
[INFO] Tests run: 7, Failures: 0, Errors: 0, Skipped: 0, Time elapsed: 0.015 s - in org.apache.ibatis.type.BlobByteObjectArrayTypeHandlerTest
[INFO] Running org.apache.ibatis.type.ByteTypeHandlerTest
[INFO] Tests run: 7, Failures: 0, Errors: 0, Skipped: 0, Time elapsed: 0.007 s - in org.apache.ibatis.type.ByteTypeHandlerTest
[INFO] Running org.apache.ibatis.type.InstantTypeHandlerTest
[INFO] Tests run: 7, Failures: 0, Errors: 0, Skipped: 0, Time elapsed: 0.006 s - in org.apache.ibatis.type.InstantTypeHandlerTest
[INFO] Running org.apache.ibatis.type.BigDecimalTypeHandlerTest
[INFO] Tests run: 4, Failures: 0, Errors: 0, Skipped: 0, Time elapsed: 0.004 s - in org.apache.ibatis.type.BigDecimalTypeHandlerTest
[INFO] Running org.apache.ibatis.type.LocalDateTypeHandlerTest
[INFO] Tests run: 7, Failures: 0, Errors: 0, Skipped: 0, Time elapsed: 0.006 s - in org.apache.ibatis.type.LocalDateTypeHandlerTest
[INFO] Running org.apache.ibatis.type.JdbcTypeTest
[INFO] Tests run: 2, Failures: 0, Errors: 0, Skipped: 0, Time elapsed: 0.001 s - in org.apache.ibatis.type.JdbcTypeTest
[INFO] Running org.apache.ibatis.type.YearMonthTypeHandlerTest
[INFO] Tests run: 7, Failures: 0, Errors: 0, Skipped: 0, Time elapsed: 0.009 s - in org.apache.ibatis.type.YearMonthTypeHandlerTest
[INFO] Running org.apache.ibatis.type.IntegerTypeHandlerTest
[INFO] Tests run: 7, Failures: 0, Errors: 0, Skipped: 0, Time elapsed: 0.006 s - in org.apache.ibatis.type.IntegerTypeHandlerTest
[INFO] Running org.apache.ibatis.type.ShortTypeHandlerTest
[INFO] Tests run: 7, Failures: 0, Errors: 0, Skipped: 0, Time elapsed: 0.007 s - in org.apache.ibatis.type.ShortTypeHandlerTest
[INFO] Running org.apache.ibatis.type.FloatTypeHandlerTest
[INFO] Tests run: 7, Failures: 0, Errors: 0, Skipped: 0, Time elapsed: 0.013 s - in org.apache.ibatis.type.FloatTypeHandlerTest
[INFO] Running org.apache.ibatis.type.ByteArrayTypeHandlerTest
[INFO] Tests run: 4, Failures: 0, Errors: 0, Skipped: 0, Time elapsed: 0.004 s - in org.apache.ibatis.type.ByteArrayTypeHandlerTest
[INFO] Running org.apache.ibatis.type.DateOnlyTypeHandlerTest
[INFO] Tests run: 7, Failures: 0, Errors: 0, Skipped: 0, Time elapsed: 0.007 s - in org.apache.ibatis.type.DateOnlyTypeHandlerTest
[INFO] Running org.apache.ibatis.type.NClobTypeHandlerTest
[INFO] Tests run: 7, Failures: 0, Errors: 0, Skipped: 0, Time elapsed: 0.012 s - in org.apache.ibatis.type.NClobTypeHandlerTest
[INFO] Running org.apache.ibatis.type.OffsetTimeTypeHandlerTest
[INFO] Tests run: 7, Failures: 0, Errors: 0, Skipped: 0, Time elapsed: 0.004 s - in org.apache.ibatis.type.OffsetTimeTypeHandlerTest
[INFO] Running org.apache.ibatis.type.BlobTypeHandlerTest
[INFO] Tests run: 7, Failures: 0, Errors: 0, Skipped: 0, Time elapsed: 0.005 s - in org.apache.ibatis.type.BlobTypeHandlerTest
[INFO] Running org.apache.ibatis.type.OffsetDateTimeTypeHandlerTest
[INFO] Tests run: 7, Failures: 0, Errors: 0, Skipped: 0, Time elapsed: 0.005 s - in org.apache.ibatis.type.OffsetDateTimeTypeHandlerTest
[INFO] Running org.apache.ibatis.type.JapaneseDateTypeHandlerTest
[INFO] Tests run: 7, Failures: 0, Errors: 0, Skipped: 0, Time elapsed: 0.007 s - in org.apache.ibatis.type.JapaneseDateTypeHandlerTest
[INFO] Running org.apache.ibatis.type.YearTypeHandlerTest
[INFO] Tests run: 7, Failures: 0, Errors: 0, Skipped: 0, Time elapsed: 0.004 s - in org.apache.ibatis.type.YearTypeHandlerTest
[INFO] Running org.apache.ibatis.type.GenericTypeSupportedInHierarchiesTestCase
[INFO] Tests run: 1, Failures: 0, Errors: 0, Skipped: 0, Time elapsed: 0 s - in org.apache.ibatis.type.GenericTypeSupportedInHierarchiesTestCase
[INFO] Running org.apache.ibatis.type.ClobReaderTypeHandlerTest
[INFO] Tests run: 8, Failures: 0, Errors: 0, Skipped: 0, Time elapsed: 0.059 s - in org.apache.ibatis.type.ClobReaderTypeHandlerTest
[INFO] Running org.apache.ibatis.type.TimeOnlyTypeHandlerTest
[INFO] Tests run: 7, Failures: 0, Errors: 0, Skipped: 0, Time elapsed: 0.006 s - in org.apache.ibatis.type.TimeOnlyTypeHandlerTest
[INFO] Running org.apache.ibatis.type.NStringTypeHandlerTest
[INFO] Tests run: 4, Failures: 0, Errors: 0, Skipped: 0, Time elapsed: 0.003 s - in org.apache.ibatis.type.NStringTypeHandlerTest
[INFO] Running org.apache.ibatis.type.SqlDateTypeHandlerTest
[INFO] Tests run: 4, Failures: 0, Errors: 0, Skipped: 0, Time elapsed: 0.003 s - in org.apache.ibatis.type.SqlDateTypeHandlerTest
[INFO] Running org.apache.ibatis.type.SqlTimetampTypeHandlerTest
[INFO] Tests run: 4, Failures: 0, Errors: 0, Skipped: 0, Time elapsed: 0.003 s - in org.apache.ibatis.type.SqlTimetampTypeHandlerTest
[INFO] Running org.apache.ibatis.type.SqlTimeTypeHandlerTest
[INFO] Tests run: 4, Failures: 0, Errors: 0, Skipped: 0, Time elapsed: 0.003 s - in org.apache.ibatis.type.SqlTimeTypeHandlerTest
[INFO] Running org.apache.ibatis.type.BigIntegerTypeHandlerTest
[INFO] Tests run: 7, Failures: 0, Errors: 0, Skipped: 0, Time elapsed: 0.004 s - in org.apache.ibatis.type.BigIntegerTypeHandlerTest
[INFO] Running org.apache.ibatis.type.ArrayTypeHandlerTest
[INFO] Tests run: 10, Failures: 0, Errors: 0, Skipped: 0, Time elapsed: 0.014 s - in org.apache.ibatis.type.ArrayTypeHandlerTest
[INFO] Running org.apache.ibatis.type.LongTypeHandlerTest
[INFO] Tests run: 7, Failures: 0, Errors: 0, Skipped: 0, Time elapsed: 0.006 s - in org.apache.ibatis.type.LongTypeHandlerTest
[INFO] Running org.apache.ibatis.type.DateTypeHandlerTest
[INFO] Tests run: 7, Failures: 0, Errors: 0, Skipped: 0, Time elapsed: 0.01 s - in org.apache.ibatis.type.DateTypeHandlerTest
[INFO] Running org.apache.ibatis.type.LocalTimeTypeHandlerTest
[INFO] Tests run: 7, Failures: 0, Errors: 0, Skipped: 0, Time elapsed: 0.007 s - in org.apache.ibatis.type.LocalTimeTypeHandlerTest
[INFO] Running org.apache.ibatis.type.SimpleTypeRegistryTest
[INFO] Tests run: 3, Failures: 0, Errors: 0, Skipped: 0, Time elapsed: 0.001 s - in org.apache.ibatis.type.SimpleTypeRegistryTest
[INFO] Running org.apache.ibatis.type.EnumTypeHandlerTest
[INFO] Tests run: 8, Failures: 0, Errors: 0, Skipped: 0, Time elapsed: 0.006 s - in org.apache.ibatis.type.EnumTypeHandlerTest
[INFO] Running org.apache.ibatis.type.BlobInputStreamTypeHandlerTest
[INFO] Tests run: 8, Failures: 0, Errors: 0, Skipped: 0, Time elapsed: 0.06 s - in org.apache.ibatis.type.BlobInputStreamTypeHandlerTest
[INFO] Running org.apache.ibatis.type.ObjectTypeHandlerTest
[INFO] Tests run: 7, Failures: 0, Errors: 0, Skipped: 0, Time elapsed: 0.005 s - in org.apache.ibatis.type.ObjectTypeHandlerTest
[INFO] Running org.apache.ibatis.type.StringTypeHandlerTest
[INFO] Tests run: 4, Failures: 0, Errors: 0, Skipped: 0, Time elapsed: 0.002 s - in org.apache.ibatis.type.StringTypeHandlerTest
[INFO] Running org.apache.ibatis.type.ZonedDateTimeTypeHandlerTest
[INFO] Tests run: 7, Failures: 0, Errors: 0, Skipped: 0, Time elapsed: 0.004 s - in org.apache.ibatis.type.ZonedDateTimeTypeHandlerTest
[INFO] Running org.apache.ibatis.type.ClobTypeHandlerTest
[INFO] Tests run: 7, Failures: 0, Errors: 0, Skipped: 0, Time elapsed: 0.004 s - in org.apache.ibatis.type.ClobTypeHandlerTest
[INFO] Running org.apache.ibatis.type.MonthTypeHandlerTest
[INFO] Tests run: 7, Failures: 0, Errors: 0, Skipped: 0, Time elapsed: 0.004 s - in org.apache.ibatis.type.MonthTypeHandlerTest
[INFO] Running org.apache.ibatis.type.EnumOrdinalTypeHandlerTest
[INFO] Tests run: 8, Failures: 0, Errors: 0, Skipped: 0, Time elapsed: 0.004 s - in org.apache.ibatis.type.EnumOrdinalTypeHandlerTest
[INFO] Running org.apache.ibatis.type.TypeAliasRegistryTest
[INFO] Tests run: 6, Failures: 0, Errors: 0, Skipped: 0, Time elapsed: 0.002 s - in org.apache.ibatis.type.TypeAliasRegistryTest
[INFO] Running org.apache.ibatis.type.UnknownTypeHandlerTest
[INFO] Tests run: 11, Failures: 0, Errors: 0, Skipped: 0, Time elapsed: 0.029 s - in org.apache.ibatis.type.UnknownTypeHandlerTest
[INFO] Running org.apache.ibatis.type.Jsr310TypeHandlerRegistryTest
[INFO] Tests run: 1, Failures: 0, Errors: 0, Skipped: 0, Time elapsed: 0.001 s - in org.apache.ibatis.type.Jsr310TypeHandlerRegistryTest
[INFO] Running org.apache.ibatis.type.DoubleTypeHandlerTest
[INFO] Tests run: 7, Failures: 0, Errors: 0, Skipped: 0, Time elapsed: 0.004 s - in org.apache.ibatis.type.DoubleTypeHandlerTest
[INFO] Running org.apache.ibatis.reflection.MetaClassTest
[INFO] Tests run: 8, Failures: 0, Errors: 0, Skipped: 0, Time elapsed: 0.003 s - in org.apache.ibatis.reflection.MetaClassTest
[INFO] Running org.apache.ibatis.reflection.factory.DefaultObjectFactoryTest
[INFO] Tests run: 6, Failures: 0, Errors: 0, Skipped: 0, Time elapsed: 0.001 s - in org.apache.ibatis.reflection.factory.DefaultObjectFactoryTest
[INFO] Running org.apache.ibatis.reflection.ExceptionUtilTest
[INFO] Tests run: 1, Failures: 0, Errors: 0, Skipped: 0, Time elapsed: 0 s - in org.apache.ibatis.reflection.ExceptionUtilTest
[INFO] Running org.apache.ibatis.reflection.TypeParameterResolverTest
[INFO] Tests run: 35, Failures: 0, Errors: 0, Skipped: 0, Time elapsed: 0.009 s - in org.apache.ibatis.reflection.TypeParameterResolverTest
[INFO] Running org.apache.ibatis.reflection.ReflectorTest
[INFO] Tests run: 17, Failures: 0, Errors: 0, Skipped: 0, Time elapsed: 0.008 s - in org.apache.ibatis.reflection.ReflectorTest
[INFO] Running org.apache.ibatis.reflection.ArrayUtilTest
[INFO] Tests run: 3, Failures: 0, Errors: 0, Skipped: 0, Time elapsed: 0.001 s - in org.apache.ibatis.reflection.ArrayUtilTest
[INFO] Running org.apache.ibatis.reflection.MetaObjectTest
[INFO] Tests run: 24, Failures: 0, Errors: 0, Skipped: 0, Time elapsed: 0.008 s - in org.apache.ibatis.reflection.MetaObjectTest
[INFO] Running org.apache.ibatis.submitted.extendresultmap.ExtendResultMapTest
[INFO] Tests run: 1, Failures: 0, Errors: 0, Skipped: 0, Time elapsed: 0.045 s - in org.apache.ibatis.submitted.extendresultmap.ExtendResultMapTest
[INFO] Running org.apache.ibatis.submitted.sptests.SPTest
[INFO] Tests run: 32, Failures: 0, Errors: 0, Skipped: 0, Time elapsed: 0.108 s - in org.apache.ibatis.submitted.sptests.SPTest
[INFO] Running org.apache.ibatis.submitted.annotion_many_one_add_columnprefix.OneManyColumnPrefixTest
[INFO] Tests run: 4, Failures: 0, Errors: 0, Skipped: 0, Time elapsed: 0.034 s - in org.apache.ibatis.submitted.annotion_many_one_add_columnprefix.OneManyColumnPrefixTest
[INFO] Running org.apache.ibatis.submitted.cacheorder.CacheOrderTest
[INFO] Tests run: 1, Failures: 0, Errors: 0, Skipped: 0, Time elapsed: 0.021 s - in org.apache.ibatis.submitted.cacheorder.CacheOrderTest
[INFO] Running org.apache.ibatis.submitted.criterion.CriterionTest
[INFO] Tests run: 1, Failures: 0, Errors: 0, Skipped: 0, Time elapsed: 0.036 s - in org.apache.ibatis.submitted.criterion.CriterionTest
[INFO] Running org.apache.ibatis.submitted.member_access.MemberAccessTest
[INFO] Tests run: 5, Failures: 0, Errors: 0, Skipped: 0, Time elapsed: 0.039 s - in org.apache.ibatis.submitted.member_access.MemberAccessTest
[INFO] Running org.apache.ibatis.submitted.empty_row.ReturnInstanceForEmptyRowTest
[INFO] Tests run: 9, Failures: 0, Errors: 0, Skipped: 0, Time elapsed: 0.029 s - in org.apache.ibatis.submitted.empty_row.ReturnInstanceForEmptyRowTest
[INFO] Running org.apache.ibatis.submitted.stringlist.StringListTest
[INFO] Tests run: 3, Failures: 0, Errors: 0, Skipped: 0, Time elapsed: 0.025 s - in org.apache.ibatis.submitted.stringlist.StringListTest
[INFO] Running org.apache.ibatis.submitted.default_method.DefaultMethodTest
[INFO] Tests run: 3, Failures: 0, Errors: 0, Skipped: 0, Time elapsed: 0.026 s - in org.apache.ibatis.submitted.default_method.DefaultMethodTest
[INFO] Running org.apache.ibatis.submitted.no_param_type.NoParamTypeTest
[INFO] Tests run: 1, Failures: 0, Errors: 0, Skipped: 0, Time elapsed: 0.037 s - in org.apache.ibatis.submitted.no_param_type.NoParamTypeTest
[INFO] Running org.apache.ibatis.submitted.enumtypehandler_on_map.EnumTypeHandlerTest
[INFO] Tests run: 2, Failures: 0, Errors: 0, Skipped: 0, Time elapsed: 0.021 s - in org.apache.ibatis.submitted.enumtypehandler_on_map.EnumTypeHandlerTest
[INFO] Running org.apache.ibatis.submitted.mapper_type_parameter.MapperTypeParameterTest
[INFO] Tests run: 6, Failures: 0, Errors: 0, Skipped: 0, Time elapsed: 0.037 s - in org.apache.ibatis.submitted.mapper_type_parameter.MapperTypeParameterTest
[INFO] Running org.apache.ibatis.submitted.dynsql2.DynSqlTest
[INFO] Tests run: 2, Failures: 0, Errors: 0, Skipped: 0, Time elapsed: 0.026 s - in org.apache.ibatis.submitted.dynsql2.DynSqlTest
[INFO] Running org.apache.ibatis.submitted.emptycollection.DaoTest
[INFO] Tests run: 3, Failures: 0, Errors: 0, Skipped: 0, Time elapsed: 0.044 s - in org.apache.ibatis.submitted.emptycollection.DaoTest
[INFO] Running org.apache.ibatis.submitted.refid_resolution.RefidResolutionTest
[INFO] Tests run: 1, Failures: 0, Errors: 0, Skipped: 0, Time elapsed: 0.006 s - in org.apache.ibatis.submitted.refid_resolution.RefidResolutionTest
[INFO] Running org.apache.ibatis.submitted.refid_resolution.ExternalRefidResolutionTest
[INFO] Tests run: 1, Failures: 0, Errors: 0, Skipped: 0, Time elapsed: 0.008 s - in org.apache.ibatis.submitted.refid_resolution.ExternalRefidResolutionTest
[INFO] Running org.apache.ibatis.submitted.sql.HsqldbSQLTest
[INFO] Tests run: 1, Failures: 0, Errors: 0, Skipped: 0, Time elapsed: 0.023 s - in org.apache.ibatis.submitted.sql.HsqldbSQLTest
[INFO] Running org.apache.ibatis.submitted.complex_column.ComplexColumnTest
[INFO] Tests run: 6, Failures: 0, Errors: 0, Skipped: 0, Time elapsed: 0.034 s - in org.apache.ibatis.submitted.complex_column.ComplexColumnTest
[INFO] Running org.apache.ibatis.submitted.substitution_in_annots.SubstitutionInAnnotsTest
[INFO] Tests run: 4, Failures: 0, Errors: 0, Skipped: 0, Time elapsed: 0.033 s - in org.apache.ibatis.submitted.substitution_in_annots.SubstitutionInAnnotsTest
[INFO] Running org.apache.ibatis.submitted.sqlprovider.ProviderMethodResolutionTest
[INFO] Tests run: 9, Failures: 0, Errors: 0, Skipped: 0, Time elapsed: 0.033 s - in org.apache.ibatis.submitted.sqlprovider.ProviderMethodResolutionTest
[INFO] Running org.apache.ibatis.submitted.sqlprovider.SqlProviderTest
[INFO] Tests run: 53, Failures: 0, Errors: 0, Skipped: 0, Time elapsed: 1.244 s - in org.apache.ibatis.submitted.sqlprovider.SqlProviderTest
[INFO] Running org.apache.ibatis.submitted.blobtest.BlobTest
[INFO] Tests run: 2, Failures: 0, Errors: 0, Skipped: 0, Time elapsed: 0.02 s - in org.apache.ibatis.submitted.blobtest.BlobTest
[INFO] Running org.apache.ibatis.submitted.overwritingproperties.FooMapperTest
[INFO] Tests run: 1, Failures: 0, Errors: 0, Skipped: 0, Time elapsed: 0.035 s - in org.apache.ibatis.submitted.overwritingproperties.FooMapperTest
[INFO] Running org.apache.ibatis.submitted.deferload_common_property.CommonPropertyDeferLoadTest
[INFO] Tests run: 4, Failures: 0, Errors: 0, Skipped: 0, Time elapsed: 0.051 s - in org.apache.ibatis.submitted.deferload_common_property.CommonPropertyDeferLoadTest
[INFO] Running org.apache.ibatis.submitted.nestedresulthandler.NestedResultHandlerTest
[INFO] Tests run: 5, Failures: 0, Errors: 0, Skipped: 0, Time elapsed: 0.029 s - in org.apache.ibatis.submitted.nestedresulthandler.NestedResultHandlerTest
[INFO] Running org.apache.ibatis.submitted.column_prefix.ColumnPrefixAutoMappingTest
[INFO] Tests run: 3, Failures: 0, Errors: 0, Skipped: 0, Time elapsed: 0.08 s - in org.apache.ibatis.submitted.column_prefix.ColumnPrefixAutoMappingTest
[INFO] Running org.apache.ibatis.submitted.column_prefix.ColumnPrefixTest
[INFO] Tests run: 2, Failures: 0, Errors: 0, Skipped: 0, Time elapsed: 0.026 s - in org.apache.ibatis.submitted.column_prefix.ColumnPrefixTest
[INFO] Running org.apache.ibatis.submitted.column_prefix.ColumnPrefixNestedQueryTest
[INFO] Tests run: 2, Failures: 0, Errors: 0, Skipped: 0, Time elapsed: 0.025 s - in org.apache.ibatis.submitted.column_prefix.ColumnPrefixNestedQueryTest
[INFO] Running org.apache.ibatis.submitted.ognlstatic.OgnlStaticTest
[INFO] Tests run: 2, Failures: 0, Errors: 0, Skipped: 0, Time elapsed: 0.021 s - in org.apache.ibatis.submitted.ognlstatic.OgnlStaticTest
[INFO] Running org.apache.ibatis.submitted.multidb.ProviderTest
[INFO] Tests run: 2, Failures: 0, Errors: 0, Skipped: 0, Time elapsed: 0.02 s - in org.apache.ibatis.submitted.multidb.ProviderTest
[INFO] Running org.apache.ibatis.submitted.multidb.MultiDbTest
[INFO] Tests run: 6, Failures: 0, Errors: 0, Skipped: 0, Time elapsed: 0.016 s - in org.apache.ibatis.submitted.multidb.MultiDbTest
[INFO] Running org.apache.ibatis.submitted.enumtypehandler_on_annotation.EnumTypeHandlerUsingAnnotationTest
[INFO] Tests run: 3, Failures: 0, Errors: 0, Skipped: 0, Time elapsed: 0.023 s - in org.apache.ibatis.submitted.enumtypehandler_on_annotation.EnumTypeHandlerUsingAnnotationTest
[INFO] Running org.apache.ibatis.submitted.inheritance.InheritanceTest
[INFO] Tests run: 1, Failures: 0, Errors: 0, Skipped: 0, Time elapsed: 0.022 s - in org.apache.ibatis.submitted.inheritance.InheritanceTest
[INFO] Running org.apache.ibatis.submitted.nonexistentvariables.NonExistentVariablesTest
[INFO] Tests run: 1, Failures: 0, Errors: 0, Skipped: 0, Time elapsed: 0.016 s - in org.apache.ibatis.submitted.nonexistentvariables.NonExistentVariablesTest
[INFO] Running org.apache.ibatis.submitted.batch_keys.BatchKeysTest
[INFO] Tests run: 5, Failures: 0, Errors: 0, Skipped: 0, Time elapsed: 0.055 s - in org.apache.ibatis.submitted.batch_keys.BatchKeysTest
[INFO] Running org.apache.ibatis.submitted.call_setters_on_nulls_again.MyBatisTest
[INFO] Tests run: 1, Failures: 0, Errors: 0, Skipped: 0, Time elapsed: 0.017 s - in org.apache.ibatis.submitted.call_setters_on_nulls_again.MyBatisTest
[INFO] Running org.apache.ibatis.submitted.ognl_enum.EnumWithOgnlTest
[INFO] Tests run: 5, Failures: 0, Errors: 0, Skipped: 0, Time elapsed: 0.025 s - in org.apache.ibatis.submitted.ognl_enum.EnumWithOgnlTest
[INFO] Running org.apache.ibatis.submitted.nested.NestedForEachTest
[INFO] Tests run: 5, Failures: 0, Errors: 0, Skipped: 0, Time elapsed: 0.024 s - in org.apache.ibatis.submitted.nested.NestedForEachTest
[INFO] Running org.apache.ibatis.submitted.column_forwarding.ColumnForwardingTest
[INFO] Tests run: 2, Failures: 0, Errors: 0, Skipped: 0, Time elapsed: 0.018 s - in org.apache.ibatis.submitted.column_forwarding.ColumnForwardingTest
[INFO] Running org.apache.ibatis.submitted.valueinmap.ValueInMapTest
[INFO] Tests run: 2, Failures: 0, Errors: 0, Skipped: 0, Time elapsed: 0.016 s - in org.apache.ibatis.submitted.valueinmap.ValueInMapTest
[INFO] Running org.apache.ibatis.submitted.map_class_name_conflict.MapperNameTest
[INFO] Tests run: 1, Failures: 0, Errors: 0, Skipped: 0, Time elapsed: 0.006 s - in org.apache.ibatis.submitted.map_class_name_conflict.MapperNameTest
[INFO] Running org.apache.ibatis.submitted.nestedresulthandler_multiple_association.NestedResultHandlerMultipleAssociationTest
[INFO] Tests run: 2, Failures: 0, Errors: 0, Skipped: 0, Time elapsed: 0.02 s - in org.apache.ibatis.submitted.nestedresulthandler_multiple_association.NestedResultHandlerMultipleAssociationTest
[INFO] Running org.apache.ibatis.submitted.quotedcolumnnames.QuotedColumnNamesTest
[INFO] Tests run: 2, Failures: 0, Errors: 0, Skipped: 0, Time elapsed: 0.017 s - in org.apache.ibatis.submitted.quotedcolumnnames.QuotedColumnNamesTest
[INFO] Running org.apache.ibatis.submitted.cglib_lazy_error.CglibNPELazyTest
[INFO] Tests run: 5, Failures: 0, Errors: 0, Skipped: 0, Time elapsed: 0.025 s - in org.apache.ibatis.submitted.cglib_lazy_error.CglibNPELazyTest
[INFO] Running org.apache.ibatis.submitted.cglib_lazy_error.CglibNPETest
[INFO] Tests run: 7, Failures: 0, Errors: 0, Skipped: 0, Time elapsed: 0.022 s - in org.apache.ibatis.submitted.cglib_lazy_error.CglibNPETest
[INFO] Running org.apache.ibatis.submitted.permissions.PermissionsTest
[INFO] Tests run: 2, Failures: 0, Errors: 0, Skipped: 0, Time elapsed: 0.023 s - in org.apache.ibatis.submitted.permissions.PermissionsTest
[INFO] Running org.apache.ibatis.submitted.order_prefix_removed.OrderPrefixRemovedTest
[INFO] Tests run: 1, Failures: 0, Errors: 0, Skipped: 0, Time elapsed: 0.016 s - in org.apache.ibatis.submitted.order_prefix_removed.OrderPrefixRemovedTest
[INFO] Running org.apache.ibatis.submitted.dynsql.DynSqlTest
[INFO] Tests run: 9, Failures: 0, Errors: 0, Skipped: 0, Time elapsed: 0.037 s - in org.apache.ibatis.submitted.dynsql.DynSqlTest
[INFO] Running org.apache.ibatis.submitted.custom_collection_handling.CustomCollectionHandlingTest
[INFO] Tests run: 2, Failures: 0, Errors: 0, Skipped: 0, Time elapsed: 0.026 s - in org.apache.ibatis.submitted.custom_collection_handling.CustomCollectionHandlingTest
[INFO] Running org.apache.ibatis.submitted.manyanno.ManyAnnoTest
[INFO] Tests run: 1, Failures: 0, Errors: 0, Skipped: 0, Time elapsed: 0.587 s - in org.apache.ibatis.submitted.manyanno.ManyAnnoTest
[INFO] Running org.apache.ibatis.submitted.cursor_nested.CursorNestedTest
[INFO] Tests run: 2, Failures: 0, Errors: 0, Skipped: 0, Time elapsed: 0.019 s - in org.apache.ibatis.submitted.cursor_nested.CursorNestedTest
[INFO] Running org.apache.ibatis.submitted.use_actual_param_name.UseActualParamNameTest
[INFO] Tests run: 4, Failures: 0, Errors: 0, Skipped: 0, Time elapsed: 0.019 s - in org.apache.ibatis.submitted.use_actual_param_name.UseActualParamNameTest
[INFO] Running org.apache.ibatis.submitted.optional_on_mapper_method.OptionalOnMapperMethodTest
[INFO] Tests run: 5, Failures: 0, Errors: 0, Skipped: 0, Time elapsed: 0.049 s - in org.apache.ibatis.submitted.optional_on_mapper_method.OptionalOnMapperMethodTest
[INFO] Running org.apache.ibatis.submitted.call_setters_on_nulls.DoNotCallSettersOnNullsTest
[INFO] Tests run: 3, Failures: 0, Errors: 0, Skipped: 0, Time elapsed: 0.013 s - in org.apache.ibatis.submitted.call_setters_on_nulls.DoNotCallSettersOnNullsTest
[INFO] Running org.apache.ibatis.submitted.call_setters_on_nulls.CallSettersOnNullsTest
[INFO] Tests run: 5, Failures: 0, Errors: 0, Skipped: 0, Time elapsed: 0.008 s - in org.apache.ibatis.submitted.call_setters_on_nulls.CallSettersOnNullsTest
[INFO] Running org.apache.ibatis.submitted.generictyperesolution.GenericTypeResolutionTest
[INFO] Tests run: 2, Failures: 0, Errors: 0, Skipped: 0, Time elapsed: 0.012 s - in org.apache.ibatis.submitted.generictyperesolution.GenericTypeResolutionTest
[INFO] Running org.apache.ibatis.submitted.raw_sql_source.RawSqlSourceTest
[INFO] Tests run: 3, Failures: 0, Errors: 0, Skipped: 0, Time elapsed: 0.025 s - in org.apache.ibatis.submitted.raw_sql_source.RawSqlSourceTest
[INFO] Running org.apache.ibatis.submitted.primitive_result_type.PrimitiveResultTypeTest
[INFO] Tests run: 2, Failures: 0, Errors: 0, Skipped: 0, Time elapsed: 0.019 s - in org.apache.ibatis.submitted.primitive_result_type.PrimitiveResultTypeTest
[INFO] Running org.apache.ibatis.submitted.constructor_automapping.ConstructorAutomappingTest
[INFO] Tests run: 1, Failures: 0, Errors: 0, Skipped: 0, Time elapsed: 0.015 s - in org.apache.ibatis.submitted.constructor_automapping.ConstructorAutomappingTest
[INFO] Running org.apache.ibatis.submitted.hashmaptypehandler.HashMapTypeHandlerTest
[INFO] Tests run: 4, Failures: 0, Errors: 0, Skipped: 0, Time elapsed: 0.017 s - in org.apache.ibatis.submitted.hashmaptypehandler.HashMapTypeHandlerTest
[INFO] Running org.apache.ibatis.submitted.mapper_extend.MapperExtendTest
[INFO] Tests run: 6, Failures: 0, Errors: 0, Skipped: 0, Time elapsed: 0.023 s - in org.apache.ibatis.submitted.mapper_extend.MapperExtendTest
[INFO] Running org.apache.ibatis.submitted.unknownobject.UnknownObjectTest
[INFO] Tests run: 1, Failures: 0, Errors: 0, Skipped: 0, Time elapsed: 0.006 s - in org.apache.ibatis.submitted.unknownobject.UnknownObjectTest
[INFO] Running org.apache.ibatis.submitted.disallowdotsonnames.DisallowDotsOnNamesTest
[INFO] Tests run: 1, Failures: 0, Errors: 0, Skipped: 0, Time elapsed: 0.006 s - in org.apache.ibatis.submitted.disallowdotsonnames.DisallowDotsOnNamesTest
[INFO] Running org.apache.ibatis.submitted.association_nested.FolderMapperTest
[INFO] Tests run: 1, Failures: 0, Errors: 0, Skipped: 0, Time elapsed: 0.019 s - in org.apache.ibatis.submitted.association_nested.FolderMapperTest
[INFO] Running org.apache.ibatis.submitted.typehandlerinjection.TypeHandlerInjectionTest
[INFO] Tests run: 1, Failures: 0, Errors: 0, Skipped: 0, Time elapsed: 0.017 s - in org.apache.ibatis.submitted.typehandlerinjection.TypeHandlerInjectionTest
[INFO] Running org.apache.ibatis.submitted.heavy_initial_load.HeavyInitialLoadTest
[INFO] Tests run: 1, Failures: 0, Errors: 0, Skipped: 0, Time elapsed: 0.161 s - in org.apache.ibatis.submitted.heavy_initial_load.HeavyInitialLoadTest
[INFO] Running org.apache.ibatis.submitted.empty_namespace.EmptyNamespaceTest
[INFO] Tests run: 1, Failures: 0, Errors: 0, Skipped: 0, Time elapsed: 0.006 s - in org.apache.ibatis.submitted.empty_namespace.EmptyNamespaceTest
[INFO] Running org.apache.ibatis.submitted.lazy_properties.LazyPropertiesTest
[INFO] Tests run: 10, Failures: 0, Errors: 0, Skipped: 0, Time elapsed: 0.134 s - in org.apache.ibatis.submitted.lazy_properties.LazyPropertiesTest
[INFO] Running org.apache.ibatis.submitted.force_flush_on_select.ForceFlushOnSelectTest
[INFO] Tests run: 6, Failures: 0, Errors: 0, Skipped: 0, Time elapsed: 0.05 s - in org.apache.ibatis.submitted.force_flush_on_select.ForceFlushOnSelectTest
[INFO] Running org.apache.ibatis.submitted.cache.CacheTest
[INFO] Tests run: 10, Failures: 0, Errors: 0, Skipped: 0, Time elapsed: 0.075 s - in org.apache.ibatis.submitted.cache.CacheTest
[INFO] Running org.apache.ibatis.submitted.basetest.BaseTest
[INFO] Tests run: 2, Failures: 0, Errors: 0, Skipped: 0, Time elapsed: 0.011 s - in org.apache.ibatis.submitted.basetest.BaseTest
[INFO] Running org.apache.ibatis.submitted.language.LanguageTest
[INFO] Tests run: 11, Failures: 0, Errors: 0, Skipped: 0, Time elapsed: 0.146 s - in org.apache.ibatis.submitted.language.LanguageTest
[INFO] Running org.apache.ibatis.submitted.keygen.Jdbc3KeyGeneratorTest
[INFO] Tests run: 32, Failures: 0, Errors: 0, Skipped: 0, Time elapsed: 0.042 s - in org.apache.ibatis.submitted.keygen.Jdbc3KeyGeneratorTest
[INFO] Running org.apache.ibatis.submitted.generictypes.GenericTypesTest
[INFO] Tests run: 1, Failures: 0, Errors: 0, Skipped: 0, Time elapsed: 0.016 s - in org.apache.ibatis.submitted.generictypes.GenericTypesTest
[INFO] Running org.apache.ibatis.submitted.multipleresultsetswithassociation.MultipleResultSetTest
[INFO] Tests run: 2, Failures: 0, Errors: 0, Skipped: 0, Time elapsed: 0.016 s - in org.apache.ibatis.submitted.multipleresultsetswithassociation.MultipleResultSetTest
[INFO] Running org.apache.ibatis.submitted.nestedresulthandler_gh1551.NestedResultHandlerGh1551Test
[INFO] Tests run: 2, Failures: 0, Errors: 0, Skipped: 0, Time elapsed: 0.019 s - in org.apache.ibatis.submitted.nestedresulthandler_gh1551.NestedResultHandlerGh1551Test
[INFO] Running org.apache.ibatis.submitted.duplicate_statements.DuplicateStatementsTest
[WARNING] Tests run: 5, Failures: 0, Errors: 0, Skipped: 2, Time elapsed: 0.027 s - in org.apache.ibatis.submitted.duplicate_statements.DuplicateStatementsTest
[INFO] Running org.apache.ibatis.submitted.ancestor_ref.AncestorRefTest
[INFO] Tests run: 3, Failures: 0, Errors: 0, Skipped: 0, Time elapsed: 0.023 s - in org.apache.ibatis.submitted.ancestor_ref.AncestorRefTest
[INFO] Running org.apache.ibatis.submitted.dml_return_types.DmlMapperReturnTypesTest
[INFO] Tests run: 7, Failures: 0, Errors: 0, Skipped: 0, Time elapsed: 0.023 s - in org.apache.ibatis.submitted.dml_return_types.DmlMapperReturnTypesTest
[INFO] Running org.apache.ibatis.submitted.automapping.AutomappingTest
[INFO] Tests run: 10, Failures: 0, Errors: 0, Skipped: 0, Time elapsed: 0.015 s - in org.apache.ibatis.submitted.automapping.AutomappingTest
[INFO] Running org.apache.ibatis.submitted.annotion_many_one_add_resultmapid.OneManyResultMapTest
[INFO] Tests run: 4, Failures: 0, Errors: 0, Skipped: 0, Time elapsed: 0.021 s - in org.apache.ibatis.submitted.annotion_many_one_add_resultmapid.OneManyResultMapTest
[INFO] Running org.apache.ibatis.submitted.result_handler.ResulthandlerTest
[INFO] Tests run: 2, Failures: 0, Errors: 0, Skipped: 0, Time elapsed: 0.007 s - in org.apache.ibatis.submitted.result_handler.ResulthandlerTest
[INFO] Running org.apache.ibatis.submitted.multiple_discriminator.MultipleDiscriminatorTest
[INFO] Tests run: 3, Failures: 0, Errors: 0, Skipped: 0, Time elapsed: 0.021 s - in org.apache.ibatis.submitted.multiple_discriminator.MultipleDiscriminatorTest
[INFO] Running org.apache.ibatis.submitted.orphan_result_maps.OrphanResultMapTest
[INFO] Tests run: 2, Failures: 0, Errors: 0, Skipped: 0, Time elapsed: 0.007 s - in org.apache.ibatis.submitted.orphan_result_maps.OrphanResultMapTest
[INFO] Running org.apache.ibatis.submitted.nestedresulthandler_association.NestedResultHandlerAssociationTest
[INFO] Tests run: 2, Failures: 0, Errors: 0, Skipped: 0, Time elapsed: 0.009 s - in org.apache.ibatis.submitted.nestedresulthandler_association.NestedResultHandlerAssociationTest
[INFO] Running org.apache.ibatis.submitted.blocking_cache.BlockingCacheTest
[INFO] Tests run: 3, Failures: 0, Errors: 0, Skipped: 0, Time elapsed: 1.022 s - in org.apache.ibatis.submitted.blocking_cache.BlockingCacheTest
[INFO] Running org.apache.ibatis.submitted.resultmapwithassociationstest.ResultMapWithAssociationsTest
[INFO] Tests run: 1, Failures: 0, Errors: 0, Skipped: 0, Time elapsed: 0.012 s - in org.apache.ibatis.submitted.resultmapwithassociationstest.ResultMapWithAssociationsTest
[INFO] Running org.apache.ibatis.submitted.uuid_test.UUIDTest
[INFO] Tests run: 2, Failures: 0, Errors: 0, Skipped: 0, Time elapsed: 0.013 s - in org.apache.ibatis.submitted.uuid_test.UUIDTest
[INFO] Running org.apache.ibatis.submitted.integer_enum.IntegerEnumTest
[INFO] Tests run: 1, Failures: 0, Errors: 0, Skipped: 0, Time elapsed: 0.004 s - in org.apache.ibatis.submitted.integer_enum.IntegerEnumTest
[INFO] Running org.apache.ibatis.submitted.lazyload_common_property.CommonPropertyLazyLoadTest
[INFO] Tests run: 4, Failures: 0, Errors: 0, Skipped: 0, Time elapsed: 0.023 s - in org.apache.ibatis.submitted.lazyload_common_property.CommonPropertyLazyLoadTest
[INFO] Running org.apache.ibatis.submitted.resolution.javamethods.JavaMethodsTest
[INFO] Tests run: 1, Failures: 0, Errors: 0, Skipped: 0, Time elapsed: 0.016 s - in org.apache.ibatis.submitted.resolution.javamethods.JavaMethodsTest
[INFO] Running org.apache.ibatis.submitted.resolution.cacherefs.CacheRefsTest
[INFO] Tests run: 1, Failures: 0, Errors: 0, Skipped: 0, Time elapsed: 0.029 s - in org.apache.ibatis.submitted.resolution.cacherefs.CacheRefsTest
[INFO] Running org.apache.ibatis.submitted.resolution.deepresultmap.DeepResultMapTest
[INFO] Tests run: 1, Failures: 0, Errors: 0, Skipped: 0, Time elapsed: 0.018 s - in org.apache.ibatis.submitted.resolution.deepresultmap.DeepResultMapTest
[INFO] Running org.apache.ibatis.submitted.resolution.cachereffromxml.CacheRefFromXmlTest
[INFO] Tests run: 1, Failures: 0, Errors: 0, Skipped: 0, Time elapsed: 0.011 s - in org.apache.ibatis.submitted.resolution.cachereffromxml.CacheRefFromXmlTest
[INFO] Running org.apache.ibatis.submitted.enum_interface_type_handler.EnumInterfaceTypeHandlerTest
[INFO] Tests run: 3, Failures: 0, Errors: 0, Skipped: 0, Time elapsed: 0.015 s - in org.apache.ibatis.submitted.enum_interface_type_handler.EnumInterfaceTypeHandlerTest
[INFO] Running org.apache.ibatis.submitted.constructor_columnprefix.ConstructorColumnPrefixTest
[INFO] Tests run: 2, Failures: 0, Errors: 0, Skipped: 0, Time elapsed: 0.013 s - in org.apache.ibatis.submitted.constructor_columnprefix.ConstructorColumnPrefixTest
[INFO] Running org.apache.ibatis.submitted.xml_references.EnumWithOgnlTest
[INFO] Tests run: 2, Failures: 0, Errors: 0, Skipped: 0, Time elapsed: 0.009 s - in org.apache.ibatis.submitted.xml_references.EnumWithOgnlTest
[INFO] Running org.apache.ibatis.submitted.batch_test.BatchTest
[INFO] Tests run: 1, Failures: 0, Errors: 0, Skipped: 0, Time elapsed: 0.009 s - in org.apache.ibatis.submitted.batch_test.BatchTest
[INFO] Running org.apache.ibatis.submitted.flush_statement_npe.FlushStatementNpeTest
[INFO] Tests run: 3, Failures: 0, Errors: 0, Skipped: 0, Time elapsed: 0.013 s - in org.apache.ibatis.submitted.flush_statement_npe.FlushStatementNpeTest
[INFO] Running org.apache.ibatis.submitted.serializecircular.SerializeCircularTest
[INFO] Tests run: 4, Failures: 0, Errors: 0, Skipped: 0, Time elapsed: 0.057 s - in org.apache.ibatis.submitted.serializecircular.SerializeCircularTest
[INFO] Running org.apache.ibatis.submitted.missing_id_property.MissingIdPropertyTest
[INFO] Tests run: 1, Failures: 0, Errors: 0, Skipped: 0, Time elapsed: 0.015 s - in org.apache.ibatis.submitted.missing_id_property.MissingIdPropertyTest
[INFO] Running org.apache.ibatis.submitted.bringrags.SimpleObjectTest
[INFO] Tests run: 1, Failures: 0, Errors: 0, Skipped: 0, Time elapsed: 0.011 s - in org.apache.ibatis.submitted.bringrags.SimpleObjectTest
[INFO] Running org.apache.ibatis.submitted.encoding.EncodingTest
[INFO] Tests run: 2, Failures: 0, Errors: 0, Skipped: 0, Time elapsed: 0.011 s - in org.apache.ibatis.submitted.encoding.EncodingTest
[INFO] Running org.apache.ibatis.submitted.global_variables.BaseTest
[INFO] Tests run: 2, Failures: 0, Errors: 0, Skipped: 0, Time elapsed: 0.013 s - in org.apache.ibatis.submitted.global_variables.BaseTest
[INFO] Running org.apache.ibatis.submitted.selectkey.SelectKeyTest
[WARNING] Tests run: 21, Failures: 0, Errors: 0, Skipped: 2, Time elapsed: 0.182 s - in org.apache.ibatis.submitted.selectkey.SelectKeyTest
[INFO] Running org.apache.ibatis.submitted.results_id.IdConflictTest
[INFO] Tests run: 1, Failures: 0, Errors: 0, Skipped: 0, Time elapsed: 0.003 s - in org.apache.ibatis.submitted.results_id.IdConflictTest
[INFO] Running org.apache.ibatis.submitted.results_id.ResultsIdTest
[INFO] Tests run: 4, Failures: 0, Errors: 0, Skipped: 0, Time elapsed: 0.013 s - in org.apache.ibatis.submitted.results_id.ResultsIdTest
[INFO] Running org.apache.ibatis.submitted.timestamp_with_timezone.TimestampWithTimezoneTypeHandlerTest
[WARNING] Tests run: 3, Failures: 0, Errors: 0, Skipped: 1, Time elapsed: 0.012 s - in org.apache.ibatis.submitted.timestamp_with_timezone.TimestampWithTimezoneTypeHandlerTest
[INFO] Running org.apache.ibatis.submitted.javassist.JavassistTest
[INFO] Tests run: 1, Failures: 0, Errors: 0, Skipped: 0, Time elapsed: 0.014 s - in org.apache.ibatis.submitted.javassist.JavassistTest
[INFO] Running org.apache.ibatis.submitted.enum_with_method.EnumWithMethodTest
[INFO] Tests run: 2, Failures: 0, Errors: 0, Skipped: 0, Time elapsed: 0.012 s - in org.apache.ibatis.submitted.enum_with_method.EnumWithMethodTest
[INFO] Running org.apache.ibatis.submitted.primitive_array.PrimitiveArrayTest
[INFO] Tests run: 1, Failures: 0, Errors: 0, Skipped: 0, Time elapsed: 0.012 s - in org.apache.ibatis.submitted.primitive_array.PrimitiveArrayTest
[INFO] Running org.apache.ibatis.submitted.localtime.LocalTimeTest
[INFO] Tests run: 2, Failures: 0, Errors: 0, Skipped: 0, Time elapsed: 0.011 s - in org.apache.ibatis.submitted.localtime.LocalTimeTest
[INFO] Running org.apache.ibatis.submitted.repeatable.RepeatableInsertTest
[INFO] Tests run: 6, Failures: 0, Errors: 0, Skipped: 0, Time elapsed: 1.602 s - in org.apache.ibatis.submitted.repeatable.RepeatableInsertTest
[INFO] Running org.apache.ibatis.submitted.repeatable.RepeatableErrorTest
[INFO] Tests run: 3, Failures: 0, Errors: 0, Skipped: 0, Time elapsed: 0.014 s - in org.apache.ibatis.submitted.repeatable.RepeatableErrorTest
[INFO] Running org.apache.ibatis.submitted.repeatable.RepeatableDeleteTest
[INFO] Tests run: 6, Failures: 0, Errors: 0, Skipped: 0, Time elapsed: 0.146 s - in org.apache.ibatis.submitted.repeatable.RepeatableDeleteTest
[INFO] Running org.apache.ibatis.submitted.repeatable.RepeatableUpdateTest
[INFO] Tests run: 6, Failures: 0, Errors: 0, Skipped: 0, Time elapsed: 0.133 s - in org.apache.ibatis.submitted.repeatable.RepeatableUpdateTest
[INFO] Running org.apache.ibatis.submitted.repeatable.RepeatableSelectTest
[INFO] Tests run: 8, Failures: 0, Errors: 0, Skipped: 0, Time elapsed: 0.177 s - in org.apache.ibatis.submitted.repeatable.RepeatableSelectTest
[INFO] Running org.apache.ibatis.submitted.multipleiterates.MultipleIteratesTest
[INFO] Tests run: 1, Failures: 0, Errors: 0, Skipped: 0, Time elapsed: 0.019 s - in org.apache.ibatis.submitted.multipleiterates.MultipleIteratesTest
[INFO] Running org.apache.ibatis.submitted.associationtest.AssociationTest
[INFO] Tests run: 4, Failures: 0, Errors: 0, Skipped: 0, Time elapsed: 0.008 s - in org.apache.ibatis.submitted.associationtest.AssociationTest
[INFO] Running org.apache.ibatis.submitted.result_handler_type.DefaultResultHandlerTypeTest
[INFO] Tests run: 3, Failures: 0, Errors: 0, Skipped: 0, Time elapsed: 0.018 s - in org.apache.ibatis.submitted.result_handler_type.DefaultResultHandlerTypeTest
[INFO] Running org.apache.ibatis.submitted.lazyload_proxyfactory_comparison.DefaultLazyTest
[INFO] Tests run: 6, Failures: 0, Errors: 0, Skipped: 0, Time elapsed: 0.064 s - in org.apache.ibatis.submitted.lazyload_proxyfactory_comparison.DefaultLazyTest
[INFO] Running org.apache.ibatis.submitted.lazyload_proxyfactory_comparison.CglibLazyTest
[WARNING] Tests run: 7, Failures: 0, Errors: 0, Skipped: 1, Time elapsed: 0.126 s - in org.apache.ibatis.submitted.lazyload_proxyfactory_comparison.CglibLazyTest
[INFO] Running org.apache.ibatis.submitted.discriminator.DiscriminatorTest
[INFO] Tests run: 2, Failures: 0, Errors: 0, Skipped: 0, Time elapsed: 0.016 s - in org.apache.ibatis.submitted.discriminator.DiscriminatorTest
[INFO] Running org.apache.ibatis.submitted.complex_type.ComplexTypeTest
[INFO] Tests run: 1, Failures: 0, Errors: 0, Skipped: 0, Time elapsed: 0.014 s - in org.apache.ibatis.submitted.complex_type.ComplexTypeTest
[INFO] Running org.apache.ibatis.submitted.extends_with_constructor.NpeExtendsTest
[INFO] Tests run: 4, Failures: 0, Errors: 0, Skipped: 0, Time elapsed: 0.032 s - in org.apache.ibatis.submitted.extends_with_constructor.NpeExtendsTest
[INFO] Running org.apache.ibatis.submitted.simplelistparameter.SimpleListParameterTest
[INFO] Tests run: 3, Failures: 0, Errors: 0, Skipped: 0, Time elapsed: 0.017 s - in org.apache.ibatis.submitted.simplelistparameter.SimpleListParameterTest
[INFO] Running org.apache.ibatis.submitted.nested_query_cache.NestedQueryCacheTest
[INFO] Tests run: 2, Failures: 0, Errors: 0, Skipped: 0, Time elapsed: 0.541 s - in org.apache.ibatis.submitted.nested_query_cache.NestedQueryCacheTest
[INFO] Running org.apache.ibatis.submitted.named_constructor_args.NamedConstructorArgsUseActualNameTest
[INFO] Tests run: 2, Failures: 0, Errors: 0, Skipped: 0, Time elapsed: 0.018 s - in org.apache.ibatis.submitted.named_constructor_args.NamedConstructorArgsUseActualNameTest
[INFO] Running org.apache.ibatis.submitted.named_constructor_args.NamedConstructorArgsTest
[INFO] Tests run: 2, Failures: 0, Errors: 0, Skipped: 0, Time elapsed: 0.006 s - in org.apache.ibatis.submitted.named_constructor_args.NamedConstructorArgsTest
[INFO] Running org.apache.ibatis.submitted.named_constructor_args.InvalidNamedConstructorArgsTest
[INFO] Tests run: 3, Failures: 0, Errors: 0, Skipped: 0, Time elapsed: 0.006 s - in org.apache.ibatis.submitted.named_constructor_args.InvalidNamedConstructorArgsTest
[INFO] Running org.apache.ibatis.submitted.collectionparameters.CollectionParametersTest
[INFO] Tests run: 3, Failures: 0, Errors: 0, Skipped: 0, Time elapsed: 0.011 s - in org.apache.ibatis.submitted.collectionparameters.CollectionParametersTest
[INFO] Running org.apache.ibatis.submitted.typehandler.TypeHandlerTest
[INFO] Tests run: 9, Failures: 0, Errors: 0, Skipped: 0, Time elapsed: 0.041 s - in org.apache.ibatis.submitted.typehandler.TypeHandlerTest
[INFO] Running org.apache.ibatis.submitted.primitives.PrimitivesTest
[INFO] Tests run: 1, Failures: 0, Errors: 0, Skipped: 0, Time elapsed: 0.011 s - in org.apache.ibatis.submitted.primitives.PrimitivesTest
[INFO] Running org.apache.ibatis.submitted.rounding.RoundingHandlersTest
[INFO] Tests run: 2, Failures: 0, Errors: 0, Skipped: 0, Time elapsed: 0.013 s - in org.apache.ibatis.submitted.rounding.RoundingHandlersTest
[INFO] Running org.apache.ibatis.submitted.autodiscover.AutodiscoverTest
[INFO] Tests run: 3, Failures: 0, Errors: 0, Skipped: 0, Time elapsed: 0.005 s - in org.apache.ibatis.submitted.autodiscover.AutodiscoverTest
[INFO] Running org.apache.ibatis.submitted.inline_association_with_dot.InlineCollectionWithDotTest
[INFO] Tests run: 2, Failures: 0, Errors: 0, Skipped: 0, Time elapsed: 0.018 s - in org.apache.ibatis.submitted.inline_association_with_dot.InlineCollectionWithDotTest
[INFO] Running org.apache.ibatis.submitted.extend.ExtendTest
[INFO] Tests run: 1, Failures: 0, Errors: 0, Skipped: 0, Time elapsed: 0.01 s - in org.apache.ibatis.submitted.extend.ExtendTest
[INFO] Running org.apache.ibatis.submitted.foreach_map.ForEachMapTest
[INFO] Tests run: 4, Failures: 0, Errors: 0, Skipped: 0, Time elapsed: 0.014 s - in org.apache.ibatis.submitted.foreach_map.ForEachMapTest
[INFO] Running org.apache.ibatis.submitted.array_type_handler.ArrayTypeHandlerTest
[INFO] Tests run: 2, Failures: 0, Errors: 0, Skipped: 0, Time elapsed: 0.014 s - in org.apache.ibatis.submitted.array_type_handler.ArrayTypeHandlerTest
[INFO] Running org.apache.ibatis.submitted.complex_property.ComponentTest
[INFO] Tests run: 1, Failures: 0, Errors: 0, Skipped: 0, Time elapsed: 0.011 s - in org.apache.ibatis.submitted.complex_property.ComponentTest
[INFO] Running org.apache.ibatis.submitted.duplicate_resource_loaded.DuplicateResourceTest
[INFO] Tests run: 1, Failures: 0, Errors: 0, Skipped: 0, Time elapsed: 0.54 s - in org.apache.ibatis.submitted.duplicate_resource_loaded.DuplicateResourceTest
[INFO] Running org.apache.ibatis.submitted.associationtype.AssociationTypeTest
[INFO] Tests run: 1, Failures: 0, Errors: 0, Skipped: 0, Time elapsed: 0.011 s - in org.apache.ibatis.submitted.associationtype.AssociationTypeTest
[INFO] Running org.apache.ibatis.submitted.parent_childs.ParentChildTest
[INFO] Tests run: 2, Failures: 0, Errors: 0, Skipped: 0, Time elapsed: 0.011 s - in org.apache.ibatis.submitted.parent_childs.ParentChildTest
[INFO] Running org.apache.ibatis.submitted.not_null_column.NotNullColumnTest
[INFO] Tests run: 8, Failures: 0, Errors: 0, Skipped: 0, Time elapsed: 0.015 s - in org.apache.ibatis.submitted.not_null_column.NotNullColumnTest
[INFO] Running org.apache.ibatis.submitted.awful_table.AwfulTableTest
[INFO] Tests run: 1, Failures: 0, Errors: 0, Skipped: 0, Time elapsed: 0.013 s - in org.apache.ibatis.submitted.awful_table.AwfulTableTest
[INFO] Running org.apache.ibatis.submitted.cursor_simple.CursorSimpleTest
[INFO] Tests run: 14, Failures: 0, Errors: 0, Skipped: 0, Time elapsed: 0.017 s - in org.apache.ibatis.submitted.cursor_simple.CursorSimpleTest
[INFO] Running org.apache.ibatis.submitted.include_property.IncludePropertyTest
[INFO] Tests run: 9, Failures: 0, Errors: 0, Skipped: 0, Time elapsed: 0.014 s - in org.apache.ibatis.submitted.include_property.IncludePropertyTest
[INFO] Running org.apache.ibatis.submitted.include_property.IncludePropertyErrorTest
[INFO] Tests run: 1, Failures: 0, Errors: 0, Skipped: 0, Time elapsed: 0.002 s - in org.apache.ibatis.submitted.include_property.IncludePropertyErrorTest
[INFO] Running org.apache.ibatis.submitted.xml_external_ref.MultipleCrossIncludeTest
[INFO] Tests run: 3, Failures: 0, Errors: 0, Skipped: 0, Time elapsed: 0.024 s - in org.apache.ibatis.submitted.xml_external_ref.MultipleCrossIncludeTest
[INFO] Running org.apache.ibatis.submitted.xml_external_ref.SameIdTest
[INFO] Tests run: 2, Failures: 0, Errors: 0, Skipped: 0, Time elapsed: 0.013 s - in org.apache.ibatis.submitted.xml_external_ref.SameIdTest
[INFO] Running org.apache.ibatis.submitted.xml_external_ref.XmlExternalRefTest
[INFO] Tests run: 5, Failures: 0, Errors: 0, Skipped: 0, Time elapsed: 0.022 s - in org.apache.ibatis.submitted.xml_external_ref.XmlExternalRefTest
[INFO] Running org.apache.ibatis.submitted.xml_external_ref.MultipleReverseIncludeTest
[INFO] Tests run: 2, Failures: 0, Errors: 0, Skipped: 0, Time elapsed: 0.007 s - in org.apache.ibatis.submitted.xml_external_ref.MultipleReverseIncludeTest
[INFO] Running org.apache.ibatis.submitted.xml_external_ref.ShortNameTest
[INFO] Tests run: 2, Failures: 0, Errors: 0, Skipped: 0, Time elapsed: 0.016 s - in org.apache.ibatis.submitted.xml_external_ref.ShortNameTest
[INFO] Running org.apache.ibatis.submitted.xml_external_ref.ResultMapExtendsTest
[INFO] Tests run: 2, Failures: 0, Errors: 0, Skipped: 0, Time elapsed: 0.011 s - in org.apache.ibatis.submitted.xml_external_ref.ResultMapExtendsTest
[INFO] Running org.apache.ibatis.submitted.xml_external_ref.MultipleIncludeTest
[INFO] Tests run: 2, Failures: 0, Errors: 0, Skipped: 0, Time elapsed: 0.007 s - in org.apache.ibatis.submitted.xml_external_ref.MultipleIncludeTest
[INFO] Running org.apache.ibatis.submitted.xml_external_ref.ReverseIncludeTest
[INFO] Tests run: 2, Failures: 0, Errors: 0, Skipped: 0, Time elapsed: 0.007 s - in org.apache.ibatis.submitted.xml_external_ref.ReverseIncludeTest
[INFO] Running org.apache.ibatis.submitted.xml_external_ref.ResultMapReferenceTest
[INFO] Tests run: 2, Failures: 0, Errors: 0, Skipped: 0, Time elapsed: 0.022 s - in org.apache.ibatis.submitted.xml_external_ref.ResultMapReferenceTest
[INFO] Running org.apache.ibatis.submitted.xml_external_ref.ParameterMapReferenceTest
[INFO] Tests run: 2, Failures: 0, Errors: 0, Skipped: 0, Time elapsed: 0.013 s - in org.apache.ibatis.submitted.xml_external_ref.ParameterMapReferenceTest
[INFO] Running org.apache.ibatis.submitted.xml_external_ref.NonFullyQualifiedNamespaceTest
[INFO] Tests run: 1, Failures: 0, Errors: 0, Skipped: 0, Time elapsed: 0.007 s - in org.apache.ibatis.submitted.xml_external_ref.NonFullyQualifiedNamespaceTest
[INFO] Running org.apache.ibatis.submitted.immutable_constructor.ImmutablePOJOTest
[INFO] Tests run: 2, Failures: 0, Errors: 0, Skipped: 0, Time elapsed: 0.011 s - in org.apache.ibatis.submitted.immutable_constructor.ImmutablePOJOTest
[INFO] Running org.apache.ibatis.submitted.includes.IncludeTest
[INFO] Tests run: 2, Failures: 0, Errors: 0, Skipped: 0, Time elapsed: 0.012 s - in org.apache.ibatis.submitted.includes.IncludeTest
[INFO] Running org.apache.ibatis.submitted.parent_reference_3level.BlogTest
[INFO] Tests run: 4, Failures: 0, Errors: 0, Skipped: 0, Time elapsed: 0.024 s - in org.apache.ibatis.submitted.parent_reference_3level.BlogTest
[INFO] Running org.apache.ibatis.submitted.maptypehandler.MapTypeHandlerTest
[INFO] Tests run: 2, Failures: 0, Errors: 0, Skipped: 0, Time elapsed: 0.012 s - in org.apache.ibatis.submitted.maptypehandler.MapTypeHandlerTest
[INFO] Running org.apache.ibatis.submitted.lazy_deserialize.LazyDeserializeTest
[INFO] Tests run: 2, Failures: 0, Errors: 0, Skipped: 0, Time elapsed: 0.021 s - in org.apache.ibatis.submitted.lazy_deserialize.LazyDeserializeTest
[INFO] Running org.apache.ibatis.submitted.timezone_edge_case.TimezoneEdgeCaseTest
[INFO] Tests run: 4, Failures: 0, Errors: 0, Skipped: 0, Time elapsed: 0.016 s - in org.apache.ibatis.submitted.timezone_edge_case.TimezoneEdgeCaseTest
[INFO] Running org.apache.ibatis.submitted.array_result_type.ArrayResultTypeTest
[INFO] Tests run: 4, Failures: 0, Errors: 0, Skipped: 0, Time elapsed: 0.011 s - in org.apache.ibatis.submitted.array_result_type.ArrayResultTypeTest
[INFO] Running org.apache.ibatis.submitted.param_name_resolve.NoActualParamNameTest
[INFO] Tests run: 1, Failures: 0, Errors: 0, Skipped: 0, Time elapsed: 0.013 s - in org.apache.ibatis.submitted.param_name_resolve.NoActualParamNameTest
[INFO] Running org.apache.ibatis.submitted.param_name_resolve.ActualParamNameTest
[INFO] Tests run: 2, Failures: 0, Errors: 0, Skipped: 0, Time elapsed: 0.008 s - in org.apache.ibatis.submitted.param_name_resolve.ActualParamNameTest
[INFO] Running org.apache.ibatis.submitted.lazy_immutable.ImmutablePOJOTest
[INFO] Tests run: 1, Failures: 0, Errors: 0, Skipped: 0, Time elapsed: 0.011 s - in org.apache.ibatis.submitted.lazy_immutable.ImmutablePOJOTest
[INFO] Running org.apache.ibatis.submitted.count.CountTest
[INFO] Tests run: 1, Failures: 0, Errors: 0, Skipped: 0, Time elapsed: 0.005 s - in org.apache.ibatis.submitted.count.CountTest
[INFO] Running org.apache.ibatis.submitted.global_variables_defaults.ConfigurationTest
[INFO] Tests run: 2, Failures: 0, Errors: 0, Skipped: 0, Time elapsed: 0.021 s - in org.apache.ibatis.submitted.global_variables_defaults.ConfigurationTest
[INFO] Running org.apache.ibatis.submitted.global_variables_defaults.AnnotationMapperTest
[INFO] Tests run: 2, Failures: 0, Errors: 0, Skipped: 0, Time elapsed: 0.011 s - in org.apache.ibatis.submitted.global_variables_defaults.AnnotationMapperTest
[INFO] Running org.apache.ibatis.submitted.global_variables_defaults.XmlMapperTest
[INFO] Tests run: 2, Failures: 0, Errors: 0, Skipped: 0, Time elapsed: 0.019 s - in org.apache.ibatis.submitted.global_variables_defaults.XmlMapperTest
[INFO] Running org.apache.ibatis.submitted.global_variables_defaults.CustomizationTest
[INFO] Tests run: 2, Failures: 0, Errors: 0, Skipped: 0, Time elapsed: 0.012 s - in org.apache.ibatis.submitted.global_variables_defaults.CustomizationTest
[INFO] Running org.apache.ibatis.submitted.result_set_type.ResultSetTypeTest
[INFO] Tests run: 3, Failures: 0, Errors: 0, Skipped: 0, Time elapsed: 0.028 s - in org.apache.ibatis.submitted.result_set_type.ResultSetTypeTest
[INFO] Running org.apache.ibatis.submitted.propertiesinmapperfiles.PropertiesInMappersTest
[INFO] Tests run: 1, Failures: 0, Errors: 0, Skipped: 0, Time elapsed: 0.012 s - in org.apache.ibatis.submitted.propertiesinmapperfiles.PropertiesInMappersTest
[INFO] Running org.apache.ibatis.submitted.camelcase.CamelCaseMappingTest
[INFO] Tests run: 2, Failures: 0, Errors: 0, Skipped: 0, Time elapsed: 0.011 s - in org.apache.ibatis.submitted.camelcase.CamelCaseMappingTest
[INFO] Running org.apache.ibatis.submitted.null_associations.FooMapperTest
[INFO] Tests run: 2, Failures: 0, Errors: 0, Skipped: 0, Time elapsed: 0.021 s - in org.apache.ibatis.submitted.null_associations.FooMapperTest
[INFO] Running org.apache.ibatis.submitted.foreach.ForEachTest
[INFO] Tests run: 7, Failures: 0, Errors: 0, Skipped: 0, Time elapsed: 0.018 s - in org.apache.ibatis.submitted.foreach.ForEachTest
[INFO] Running org.apache.ibatis.submitted.parametrizedlist.ParametrizedListTest
[INFO] Tests run: 4, Failures: 0, Errors: 0, Skipped: 0, Time elapsed: 0.019 s - in org.apache.ibatis.submitted.parametrizedlist.ParametrizedListTest
[INFO] Running org.apache.ibatis.submitted.initialized_collection_property.AuthorDAOTest
[WARNING] Tests run: 2, Failures: 0, Errors: 0, Skipped: 1, Time elapsed: 0.011 s - in org.apache.ibatis.submitted.initialized_collection_property.AuthorDAOTest
[INFO] Running org.apache.ibatis.logging.LogFactoryTest
15:47:24.745 [main] ERROR java.lang.Object - Error message.
15:47:24.747 [main] ERROR java.lang.Object - Error with Exception.
java.lang.Exception: Test exception.
	at org.apache.ibatis.logging.LogFactoryTest.logSomething(LogFactoryTest.java:106) ~[test-classes/:?]
	at org.apache.ibatis.logging.LogFactoryTest.shouldUseLog4J2(LogFactoryTest.java:55) ~[test-classes/:?]
	at jdk.internal.reflect.NativeMethodAccessorImpl.invoke0(Native Method) ~[?:?]
	at jdk.internal.reflect.NativeMethodAccessorImpl.invoke(NativeMethodAccessorImpl.java:62) ~[?:?]
	at jdk.internal.reflect.DelegatingMethodAccessorImpl.invoke(DelegatingMethodAccessorImpl.java:43) ~[?:?]
	at java.lang.reflect.Method.invoke(Method.java:566) ~[?:?]
	at org.junit.platform.commons.util.ReflectionUtils.invokeMethod(ReflectionUtils.java:688) ~[junit-platform-commons-1.7.1.jar:1.7.1]
	at org.junit.jupiter.engine.execution.MethodInvocation.proceed(MethodInvocation.java:60) ~[junit-jupiter-engine-5.7.1.jar:5.7.1]
	at org.junit.jupiter.engine.execution.InvocationInterceptorChain$ValidatingInvocation.proceed(InvocationInterceptorChain.java:131) ~[junit-jupiter-engine-5.7.1.jar:5.7.1]
	at org.junit.jupiter.engine.extension.TimeoutExtension.intercept(TimeoutExtension.java:149) ~[junit-jupiter-engine-5.7.1.jar:5.7.1]
	at org.junit.jupiter.engine.extension.TimeoutExtension.interceptTestableMethod(TimeoutExtension.java:140) ~[junit-jupiter-engine-5.7.1.jar:5.7.1]
	at org.junit.jupiter.engine.extension.TimeoutExtension.interceptTestMethod(TimeoutExtension.java:84) ~[junit-jupiter-engine-5.7.1.jar:5.7.1]
	at org.junit.jupiter.engine.execution.ExecutableInvoker$ReflectiveInterceptorCall.lambda$ofVoidMethod$0(ExecutableInvoker.java:115) ~[junit-jupiter-engine-5.7.1.jar:5.7.1]
	at org.junit.jupiter.engine.execution.ExecutableInvoker.lambda$invoke$0(ExecutableInvoker.java:105) ~[junit-jupiter-engine-5.7.1.jar:5.7.1]
	at org.junit.jupiter.engine.execution.InvocationInterceptorChain$InterceptedInvocation.proceed(InvocationInterceptorChain.java:106) ~[junit-jupiter-engine-5.7.1.jar:5.7.1]
	at org.junit.jupiter.engine.execution.InvocationInterceptorChain.proceed(InvocationInterceptorChain.java:64) ~[junit-jupiter-engine-5.7.1.jar:5.7.1]
	at org.junit.jupiter.engine.execution.InvocationInterceptorChain.chainAndInvoke(InvocationInterceptorChain.java:45) ~[junit-jupiter-engine-5.7.1.jar:5.7.1]
	at org.junit.jupiter.engine.execution.InvocationInterceptorChain.invoke(InvocationInterceptorChain.java:37) ~[junit-jupiter-engine-5.7.1.jar:5.7.1]
	at org.junit.jupiter.engine.execution.ExecutableInvoker.invoke(ExecutableInvoker.java:104) ~[junit-jupiter-engine-5.7.1.jar:5.7.1]
	at org.junit.jupiter.engine.execution.ExecutableInvoker.invoke(ExecutableInvoker.java:98) ~[junit-jupiter-engine-5.7.1.jar:5.7.1]
	at org.junit.jupiter.engine.descriptor.TestMethodTestDescriptor.lambda$invokeTestMethod$6(TestMethodTestDescriptor.java:210) ~[junit-jupiter-engine-5.7.1.jar:5.7.1]
	at org.junit.platform.engine.support.hierarchical.ThrowableCollector.execute(ThrowableCollector.java:73) ~[junit-platform-engine-1.7.1.jar:1.7.1]
	at org.junit.jupiter.engine.descriptor.TestMethodTestDescriptor.invokeTestMethod(TestMethodTestDescriptor.java:206) ~[junit-jupiter-engine-5.7.1.jar:5.7.1]
	at org.junit.jupiter.engine.descriptor.TestMethodTestDescriptor.execute(TestMethodTestDescriptor.java:131) ~[junit-jupiter-engine-5.7.1.jar:5.7.1]
	at org.junit.jupiter.engine.descriptor.TestMethodTestDescriptor.execute(TestMethodTestDescriptor.java:65) ~[junit-jupiter-engine-5.7.1.jar:5.7.1]
	at org.junit.platform.engine.support.hierarchical.NodeTestTask.lambda$executeRecursively$5(NodeTestTask.java:139) ~[junit-platform-engine-1.7.1.jar:1.7.1]
	at org.junit.platform.engine.support.hierarchical.ThrowableCollector.execute(ThrowableCollector.java:73) ~[junit-platform-engine-1.7.1.jar:1.7.1]
	at org.junit.platform.engine.support.hierarchical.NodeTestTask.lambda$executeRecursively$7(NodeTestTask.java:129) ~[junit-platform-engine-1.7.1.jar:1.7.1]
	at org.junit.platform.engine.support.hierarchical.Node.around(Node.java:137) ~[junit-platform-engine-1.7.1.jar:1.7.1]
	at org.junit.platform.engine.support.hierarchical.NodeTestTask.lambda$executeRecursively$8(NodeTestTask.java:127) ~[junit-platform-engine-1.7.1.jar:1.7.1]
	at org.junit.platform.engine.support.hierarchical.ThrowableCollector.execute(ThrowableCollector.java:73) ~[junit-platform-engine-1.7.1.jar:1.7.1]
	at org.junit.platform.engine.support.hierarchical.NodeTestTask.executeRecursively(NodeTestTask.java:126) ~[junit-platform-engine-1.7.1.jar:1.7.1]
	at org.junit.platform.engine.support.hierarchical.NodeTestTask.execute(NodeTestTask.java:84) ~[junit-platform-engine-1.7.1.jar:1.7.1]
	at java.util.ArrayList.forEach(ArrayList.java:1541) ~[?:?]
	at org.junit.platform.engine.support.hierarchical.SameThreadHierarchicalTestExecutorService.invokeAll(SameThreadHierarchicalTestExecutorService.java:38) ~[junit-platform-engine-1.7.1.jar:1.7.1]
	at org.junit.platform.engine.support.hierarchical.NodeTestTask.lambda$executeRecursively$5(NodeTestTask.java:143) ~[junit-platform-engine-1.7.1.jar:1.7.1]
	at org.junit.platform.engine.support.hierarchical.ThrowableCollector.execute(ThrowableCollector.java:73) ~[junit-platform-engine-1.7.1.jar:1.7.1]
	at org.junit.platform.engine.support.hierarchical.NodeTestTask.lambda$executeRecursively$7(NodeTestTask.java:129) ~[junit-platform-engine-1.7.1.jar:1.7.1]
	at org.junit.platform.engine.support.hierarchical.Node.around(Node.java:137) ~[junit-platform-engine-1.7.1.jar:1.7.1]
	at org.junit.platform.engine.support.hierarchical.NodeTestTask.lambda$executeRecursively$8(NodeTestTask.java:127) ~[junit-platform-engine-1.7.1.jar:1.7.1]
	at org.junit.platform.engine.support.hierarchical.ThrowableCollector.execute(ThrowableCollector.java:73) ~[junit-platform-engine-1.7.1.jar:1.7.1]
	at org.junit.platform.engine.support.hierarchical.NodeTestTask.executeRecursively(NodeTestTask.java:126) ~[junit-platform-engine-1.7.1.jar:1.7.1]
	at org.junit.platform.engine.support.hierarchical.NodeTestTask.execute(NodeTestTask.java:84) ~[junit-platform-engine-1.7.1.jar:1.7.1]
	at java.util.ArrayList.forEach(ArrayList.java:1541) ~[?:?]
	at org.junit.platform.engine.support.hierarchical.SameThreadHierarchicalTestExecutorService.invokeAll(SameThreadHierarchicalTestExecutorService.java:38) ~[junit-platform-engine-1.7.1.jar:1.7.1]
	at org.junit.platform.engine.support.hierarchical.NodeTestTask.lambda$executeRecursively$5(NodeTestTask.java:143) ~[junit-platform-engine-1.7.1.jar:1.7.1]
	at org.junit.platform.engine.support.hierarchical.ThrowableCollector.execute(ThrowableCollector.java:73) ~[junit-platform-engine-1.7.1.jar:1.7.1]
	at org.junit.platform.engine.support.hierarchical.NodeTestTask.lambda$executeRecursively$7(NodeTestTask.java:129) ~[junit-platform-engine-1.7.1.jar:1.7.1]
	at org.junit.platform.engine.support.hierarchical.Node.around(Node.java:137) ~[junit-platform-engine-1.7.1.jar:1.7.1]
	at org.junit.platform.engine.support.hierarchical.NodeTestTask.lambda$executeRecursively$8(NodeTestTask.java:127) ~[junit-platform-engine-1.7.1.jar:1.7.1]
	at org.junit.platform.engine.support.hierarchical.ThrowableCollector.execute(ThrowableCollector.java:73) ~[junit-platform-engine-1.7.1.jar:1.7.1]
	at org.junit.platform.engine.support.hierarchical.NodeTestTask.executeRecursively(NodeTestTask.java:126) ~[junit-platform-engine-1.7.1.jar:1.7.1]
	at org.junit.platform.engine.support.hierarchical.NodeTestTask.execute(NodeTestTask.java:84) ~[junit-platform-engine-1.7.1.jar:1.7.1]
	at org.junit.platform.engine.support.hierarchical.SameThreadHierarchicalTestExecutorService.submit(SameThreadHierarchicalTestExecutorService.java:32) ~[junit-platform-engine-1.7.1.jar:1.7.1]
	at org.junit.platform.engine.support.hierarchical.HierarchicalTestExecutor.execute(HierarchicalTestExecutor.java:57) ~[junit-platform-engine-1.7.1.jar:1.7.1]
	at org.junit.platform.engine.support.hierarchical.HierarchicalTestEngine.execute(HierarchicalTestEngine.java:51) ~[junit-platform-engine-1.7.1.jar:1.7.1]
	at org.junit.platform.launcher.core.EngineExecutionOrchestrator.execute(EngineExecutionOrchestrator.java:108) ~[junit-platform-launcher-1.7.1.jar:1.7.1]
	at org.junit.platform.launcher.core.EngineExecutionOrchestrator.execute(EngineExecutionOrchestrator.java:88) ~[junit-platform-launcher-1.7.1.jar:1.7.1]
	at org.junit.platform.launcher.core.EngineExecutionOrchestrator.lambda$execute$0(EngineExecutionOrchestrator.java:54) ~[junit-platform-launcher-1.7.1.jar:1.7.1]
	at org.junit.platform.launcher.core.EngineExecutionOrchestrator.withInterceptedStreams(EngineExecutionOrchestrator.java:67) [junit-platform-launcher-1.7.1.jar:1.7.1]
	at org.junit.platform.launcher.core.EngineExecutionOrchestrator.execute(EngineExecutionOrchestrator.java:52) [junit-platform-launcher-1.7.1.jar:1.7.1]
	at org.junit.platform.launcher.core.DefaultLauncher.execute(DefaultLauncher.java:96) [junit-platform-launcher-1.7.1.jar:1.7.1]
	at org.junit.platform.launcher.core.DefaultLauncher.execute(DefaultLauncher.java:75) [junit-platform-launcher-1.7.1.jar:1.7.1]
	at org.apache.maven.surefire.junitplatform.JUnitPlatformProvider.execute(JUnitPlatformProvider.java:188) [surefire-junit-platform-3.0.0-M5.jar:3.0.0-M5]
	at org.apache.maven.surefire.junitplatform.JUnitPlatformProvider.invokeAllTests(JUnitPlatformProvider.java:154) [surefire-junit-platform-3.0.0-M5.jar:3.0.0-M5]
	at org.apache.maven.surefire.junitplatform.JUnitPlatformProvider.invoke(JUnitPlatformProvider.java:128) [surefire-junit-platform-3.0.0-M5.jar:3.0.0-M5]
	at org.apache.maven.surefire.booter.ForkedBooter.runSuitesInProcess(ForkedBooter.java:428) [surefire-booter-3.0.0-M5.jar:3.0.0-M5]
	at org.apache.maven.surefire.booter.ForkedBooter.execute(ForkedBooter.java:162) [surefire-booter-3.0.0-M5.jar:3.0.0-M5]
	at org.apache.maven.surefire.booter.ForkedBooter.run(ForkedBooter.java:562) [surefire-booter-3.0.0-M5.jar:3.0.0-M5]
	at org.apache.maven.surefire.booter.ForkedBooter.main(ForkedBooter.java:548) [surefire-booter-3.0.0-M5.jar:3.0.0-M5]
Logging initialized using 'class org.apache.ibatis.logging.stdout.StdOutImpl' adapter.
Warning message.
Debug message.
Error message.
Error with Exception.
java.lang.Exception: Test exception.
	at org.apache.ibatis.logging.LogFactoryTest.logSomething(LogFactoryTest.java:106)
	at org.apache.ibatis.logging.LogFactoryTest.shouldUseStdOut(LogFactoryTest.java:79)
	at java.base/jdk.internal.reflect.NativeMethodAccessorImpl.invoke0(Native Method)
	at java.base/jdk.internal.reflect.NativeMethodAccessorImpl.invoke(NativeMethodAccessorImpl.java:62)
	at java.base/jdk.internal.reflect.DelegatingMethodAccessorImpl.invoke(DelegatingMethodAccessorImpl.java:43)
	at java.base/java.lang.reflect.Method.invoke(Method.java:566)
	at org.junit.platform.commons.util.ReflectionUtils.invokeMethod(ReflectionUtils.java:688)
	at org.junit.jupiter.engine.execution.MethodInvocation.proceed(MethodInvocation.java:60)
	at org.junit.jupiter.engine.execution.InvocationInterceptorChain$ValidatingInvocation.proceed(InvocationInterceptorChain.java:131)
	at org.junit.jupiter.engine.extension.TimeoutExtension.intercept(TimeoutExtension.java:149)
	at org.junit.jupiter.engine.extension.TimeoutExtension.interceptTestableMethod(TimeoutExtension.java:140)
	at org.junit.jupiter.engine.extension.TimeoutExtension.interceptTestMethod(TimeoutExtension.java:84)
	at org.junit.jupiter.engine.execution.ExecutableInvoker$ReflectiveInterceptorCall.lambda$ofVoidMethod$0(ExecutableInvoker.java:115)
	at org.junit.jupiter.engine.execution.ExecutableInvoker.lambda$invoke$0(ExecutableInvoker.java:105)
	at org.junit.jupiter.engine.execution.InvocationInterceptorChain$InterceptedInvocation.proceed(InvocationInterceptorChain.java:106)
	at org.junit.jupiter.engine.execution.InvocationInterceptorChain.proceed(InvocationInterceptorChain.java:64)
	at org.junit.jupiter.engine.execution.InvocationInterceptorChain.chainAndInvoke(InvocationInterceptorChain.java:45)
	at org.junit.jupiter.engine.execution.InvocationInterceptorChain.invoke(InvocationInterceptorChain.java:37)
	at org.junit.jupiter.engine.execution.ExecutableInvoker.invoke(ExecutableInvoker.java:104)
	at org.junit.jupiter.engine.execution.ExecutableInvoker.invoke(ExecutableInvoker.java:98)
	at org.junit.jupiter.engine.descriptor.TestMethodTestDescriptor.lambda$invokeTestMethod$6(TestMethodTestDescriptor.java:210)
	at org.junit.platform.engine.support.hierarchical.ThrowableCollector.execute(ThrowableCollector.java:73)
	at org.junit.jupiter.engine.descriptor.TestMethodTestDescriptor.invokeTestMethod(TestMethodTestDescriptor.java:206)
	at org.junit.jupiter.engine.descriptor.TestMethodTestDescriptor.execute(TestMethodTestDescriptor.java:131)
	at org.junit.jupiter.engine.descriptor.TestMethodTestDescriptor.execute(TestMethodTestDescriptor.java:65)
	at org.junit.platform.engine.support.hierarchical.NodeTestTask.lambda$executeRecursively$5(NodeTestTask.java:139)
	at org.junit.platform.engine.support.hierarchical.ThrowableCollector.execute(ThrowableCollector.java:73)
	at org.junit.platform.engine.support.hierarchical.NodeTestTask.lambda$executeRecursively$7(NodeTestTask.java:129)
	at org.junit.platform.engine.support.hierarchical.Node.around(Node.java:137)
	at org.junit.platform.engine.support.hierarchical.NodeTestTask.lambda$executeRecursively$8(NodeTestTask.java:127)
	at org.junit.platform.engine.support.hierarchical.ThrowableCollector.execute(ThrowableCollector.java:73)
	at org.junit.platform.engine.support.hierarchical.NodeTestTask.executeRecursively(NodeTestTask.java:126)
	at org.junit.platform.engine.support.hierarchical.NodeTestTask.execute(NodeTestTask.java:84)
	at java.base/java.util.ArrayList.forEach(ArrayList.java:1541)
	at org.junit.platform.engine.support.hierarchical.SameThreadHierarchicalTestExecutorService.invokeAll(SameThreadHierarchicalTestExecutorService.java:38)
	at org.junit.platform.engine.support.hierarchical.NodeTestTask.lambda$executeRecursively$5(NodeTestTask.java:143)
	at org.junit.platform.engine.support.hierarchical.ThrowableCollector.execute(ThrowableCollector.java:73)
	at org.junit.platform.engine.support.hierarchical.NodeTestTask.lambda$executeRecursively$7(NodeTestTask.java:129)
	at org.junit.platform.engine.support.hierarchical.Node.around(Node.java:137)
	at org.junit.platform.engine.support.hierarchical.NodeTestTask.lambda$executeRecursively$8(NodeTestTask.java:127)
	at org.junit.platform.engine.support.hierarchical.ThrowableCollector.execute(ThrowableCollector.java:73)
	at org.junit.platform.engine.support.hierarchical.NodeTestTask.executeRecursively(NodeTestTask.java:126)
	at org.junit.platform.engine.support.hierarchical.NodeTestTask.execute(NodeTestTask.java:84)
	at java.base/java.util.ArrayList.forEach(ArrayList.java:1541)
	at org.junit.platform.engine.support.hierarchical.SameThreadHierarchicalTestExecutorService.invokeAll(SameThreadHierarchicalTestExecutorService.java:38)
	at org.junit.platform.engine.support.hierarchical.NodeTestTask.lambda$executeRecursively$5(NodeTestTask.java:143)
	at org.junit.platform.engine.support.hierarchical.ThrowableCollector.execute(ThrowableCollector.java:73)
	at org.junit.platform.engine.support.hierarchical.NodeTestTask.lambda$executeRecursively$7(NodeTestTask.java:129)
	at org.junit.platform.engine.support.hierarchical.Node.around(Node.java:137)
	at org.junit.platform.engine.support.hierarchical.NodeTestTask.lambda$executeRecursively$8(NodeTestTask.java:127)
	at org.junit.platform.engine.support.hierarchical.ThrowableCollector.execute(ThrowableCollector.java:73)
	at org.junit.platform.engine.support.hierarchical.NodeTestTask.executeRecursively(NodeTestTask.java:126)
	at org.junit.platform.engine.support.hierarchical.NodeTestTask.execute(NodeTestTask.java:84)
	at org.junit.platform.engine.support.hierarchical.SameThreadHierarchicalTestExecutorService.submit(SameThreadHierarchicalTestExecutorService.java:32)
	at org.junit.platform.engine.support.hierarchical.HierarchicalTestExecutor.execute(HierarchicalTestExecutor.java:57)
	at org.junit.platform.engine.support.hierarchical.HierarchicalTestEngine.execute(HierarchicalTestEngine.java:51)
	at org.junit.platform.launcher.core.EngineExecutionOrchestrator.execute(EngineExecutionOrchestrator.java:108)
	at org.junit.platform.launcher.core.EngineExecutionOrchestrator.execute(EngineExecutionOrchestrator.java:88)
	at org.junit.platform.launcher.core.EngineExecutionOrchestrator.lambda$execute$0(EngineExecutionOrchestrator.java:54)
	at org.junit.platform.launcher.core.EngineExecutionOrchestrator.withInterceptedStreams(EngineExecutionOrchestrator.java:67)
	at org.junit.platform.launcher.core.EngineExecutionOrchestrator.execute(EngineExecutionOrchestrator.java:52)
	at org.junit.platform.launcher.core.DefaultLauncher.execute(DefaultLauncher.java:96)
	at org.junit.platform.launcher.core.DefaultLauncher.execute(DefaultLauncher.java:75)
	at org.apache.maven.surefire.junitplatform.JUnitPlatformProvider.execute(JUnitPlatformProvider.java:188)
	at org.apache.maven.surefire.junitplatform.JUnitPlatformProvider.invokeAllTests(JUnitPlatformProvider.java:154)
	at org.apache.maven.surefire.junitplatform.JUnitPlatformProvider.invoke(JUnitPlatformProvider.java:128)
	at org.apache.maven.surefire.booter.ForkedBooter.runSuitesInProcess(ForkedBooter.java:428)
	at org.apache.maven.surefire.booter.ForkedBooter.execute(ForkedBooter.java:162)
	at org.apache.maven.surefire.booter.ForkedBooter.run(ForkedBooter.java:562)
	at org.apache.maven.surefire.booter.ForkedBooter.main(ForkedBooter.java:548)
ERROR [main] - Error message.
ERROR [main] - Error with Exception.
java.lang.Exception: Test exception.
	at org.apache.ibatis.logging.LogFactoryTest.logSomething(LogFactoryTest.java:106)
	at org.apache.ibatis.logging.LogFactoryTest.shouldUseLog4J(LogFactoryTest.java:47)
	at java.base/jdk.internal.reflect.NativeMethodAccessorImpl.invoke0(Native Method)
	at java.base/jdk.internal.reflect.NativeMethodAccessorImpl.invoke(NativeMethodAccessorImpl.java:62)
	at java.base/jdk.internal.reflect.DelegatingMethodAccessorImpl.invoke(DelegatingMethodAccessorImpl.java:43)
	at java.base/java.lang.reflect.Method.invoke(Method.java:566)
	at org.junit.platform.commons.util.ReflectionUtils.invokeMethod(ReflectionUtils.java:688)
	at org.junit.jupiter.engine.execution.MethodInvocation.proceed(MethodInvocation.java:60)
	at org.junit.jupiter.engine.execution.InvocationInterceptorChain$ValidatingInvocation.proceed(InvocationInterceptorChain.java:131)
	at org.junit.jupiter.engine.extension.TimeoutExtension.intercept(TimeoutExtension.java:149)
	at org.junit.jupiter.engine.extension.TimeoutExtension.interceptTestableMethod(TimeoutExtension.java:140)
	at org.junit.jupiter.engine.extension.TimeoutExtension.interceptTestMethod(TimeoutExtension.java:84)
	at org.junit.jupiter.engine.execution.ExecutableInvoker$ReflectiveInterceptorCall.lambda$ofVoidMethod$0(ExecutableInvoker.java:115)
	at org.junit.jupiter.engine.execution.ExecutableInvoker.lambda$invoke$0(ExecutableInvoker.java:105)
	at org.junit.jupiter.engine.execution.InvocationInterceptorChain$InterceptedInvocation.proceed(InvocationInterceptorChain.java:106)
	at org.junit.jupiter.engine.execution.InvocationInterceptorChain.proceed(InvocationInterceptorChain.java:64)
	at org.junit.jupiter.engine.execution.InvocationInterceptorChain.chainAndInvoke(InvocationInterceptorChain.java:45)
	at org.junit.jupiter.engine.execution.InvocationInterceptorChain.invoke(InvocationInterceptorChain.java:37)
	at org.junit.jupiter.engine.execution.ExecutableInvoker.invoke(ExecutableInvoker.java:104)
	at org.junit.jupiter.engine.execution.ExecutableInvoker.invoke(ExecutableInvoker.java:98)
	at org.junit.jupiter.engine.descriptor.TestMethodTestDescriptor.lambda$invokeTestMethod$6(TestMethodTestDescriptor.java:210)
	at org.junit.platform.engine.support.hierarchical.ThrowableCollector.execute(ThrowableCollector.java:73)
	at org.junit.jupiter.engine.descriptor.TestMethodTestDescriptor.invokeTestMethod(TestMethodTestDescriptor.java:206)
	at org.junit.jupiter.engine.descriptor.TestMethodTestDescriptor.execute(TestMethodTestDescriptor.java:131)
	at org.junit.jupiter.engine.descriptor.TestMethodTestDescriptor.execute(TestMethodTestDescriptor.java:65)
	at org.junit.platform.engine.support.hierarchical.NodeTestTask.lambda$executeRecursively$5(NodeTestTask.java:139)
	at org.junit.platform.engine.support.hierarchical.ThrowableCollector.execute(ThrowableCollector.java:73)
	at org.junit.platform.engine.support.hierarchical.NodeTestTask.lambda$executeRecursively$7(NodeTestTask.java:129)
	at org.junit.platform.engine.support.hierarchical.Node.around(Node.java:137)
	at org.junit.platform.engine.support.hierarchical.NodeTestTask.lambda$executeRecursively$8(NodeTestTask.java:127)
	at org.junit.platform.engine.support.hierarchical.ThrowableCollector.execute(ThrowableCollector.java:73)
	at org.junit.platform.engine.support.hierarchical.NodeTestTask.executeRecursively(NodeTestTask.java:126)
	at org.junit.platform.engine.support.hierarchical.NodeTestTask.execute(NodeTestTask.java:84)
	at java.base/java.util.ArrayList.forEach(ArrayList.java:1541)
	at org.junit.platform.engine.support.hierarchical.SameThreadHierarchicalTestExecutorService.invokeAll(SameThreadHierarchicalTestExecutorService.java:38)
	at org.junit.platform.engine.support.hierarchical.NodeTestTask.lambda$executeRecursively$5(NodeTestTask.java:143)
	at org.junit.platform.engine.support.hierarchical.ThrowableCollector.execute(ThrowableCollector.java:73)
	at org.junit.platform.engine.support.hierarchical.NodeTestTask.lambda$executeRecursively$7(NodeTestTask.java:129)
	at org.junit.platform.engine.support.hierarchical.Node.around(Node.java:137)
	at org.junit.platform.engine.support.hierarchical.NodeTestTask.lambda$executeRecursively$8(NodeTestTask.java:127)
	at org.junit.platform.engine.support.hierarchical.ThrowableCollector.execute(ThrowableCollector.java:73)
	at org.junit.platform.engine.support.hierarchical.NodeTestTask.executeRecursively(NodeTestTask.java:126)
	at org.junit.platform.engine.support.hierarchical.NodeTestTask.execute(NodeTestTask.java:84)
	at java.base/java.util.ArrayList.forEach(ArrayList.java:1541)
	at org.junit.platform.engine.support.hierarchical.SameThreadHierarchicalTestExecutorService.invokeAll(SameThreadHierarchicalTestExecutorService.java:38)
	at org.junit.platform.engine.support.hierarchical.NodeTestTask.lambda$executeRecursively$5(NodeTestTask.java:143)
	at org.junit.platform.engine.support.hierarchical.ThrowableCollector.execute(ThrowableCollector.java:73)
	at org.junit.platform.engine.support.hierarchical.NodeTestTask.lambda$executeRecursively$7(NodeTestTask.java:129)
	at org.junit.platform.engine.support.hierarchical.Node.around(Node.java:137)
	at org.junit.platform.engine.support.hierarchical.NodeTestTask.lambda$executeRecursively$8(NodeTestTask.java:127)
	at org.junit.platform.engine.support.hierarchical.ThrowableCollector.execute(ThrowableCollector.java:73)
	at org.junit.platform.engine.support.hierarchical.NodeTestTask.executeRecursively(NodeTestTask.java:126)
	at org.junit.platform.engine.support.hierarchical.NodeTestTask.execute(NodeTestTask.java:84)
	at org.junit.platform.engine.support.hierarchical.SameThreadHierarchicalTestExecutorService.submit(SameThreadHierarchicalTestExecutorService.java:32)
	at org.junit.platform.engine.support.hierarchical.HierarchicalTestExecutor.execute(HierarchicalTestExecutor.java:57)
	at org.junit.platform.engine.support.hierarchical.HierarchicalTestEngine.execute(HierarchicalTestEngine.java:51)
	at org.junit.platform.launcher.core.EngineExecutionOrchestrator.execute(EngineExecutionOrchestrator.java:108)
	at org.junit.platform.launcher.core.EngineExecutionOrchestrator.execute(EngineExecutionOrchestrator.java:88)
	at org.junit.platform.launcher.core.EngineExecutionOrchestrator.lambda$execute$0(EngineExecutionOrchestrator.java:54)
	at org.junit.platform.launcher.core.EngineExecutionOrchestrator.withInterceptedStreams(EngineExecutionOrchestrator.java:67)
	at org.junit.platform.launcher.core.EngineExecutionOrchestrator.execute(EngineExecutionOrchestrator.java:52)
	at org.junit.platform.launcher.core.DefaultLauncher.execute(DefaultLauncher.java:96)
	at org.junit.platform.launcher.core.DefaultLauncher.execute(DefaultLauncher.java:75)
	at org.apache.maven.surefire.junitplatform.JUnitPlatformProvider.execute(JUnitPlatformProvider.java:188)
	at org.apache.maven.surefire.junitplatform.JUnitPlatformProvider.invokeAllTests(JUnitPlatformProvider.java:154)
	at org.apache.maven.surefire.junitplatform.JUnitPlatformProvider.invoke(JUnitPlatformProvider.java:128)
	at org.apache.maven.surefire.booter.ForkedBooter.runSuitesInProcess(ForkedBooter.java:428)
	at org.apache.maven.surefire.booter.ForkedBooter.execute(ForkedBooter.java:162)
	at org.apache.maven.surefire.booter.ForkedBooter.run(ForkedBooter.java:562)
	at org.apache.maven.surefire.booter.ForkedBooter.main(ForkedBooter.java:548)
ERROR [main] - Error message.
ERROR [main] - Error with Exception.
java.lang.Exception: Test exception.
	at org.apache.ibatis.logging.LogFactoryTest.logSomething(LogFactoryTest.java:106)
	at org.apache.ibatis.logging.LogFactoryTest.shouldUseSlf4j(LogFactoryTest.java:71)
	at java.base/jdk.internal.reflect.NativeMethodAccessorImpl.invoke0(Native Method)
	at java.base/jdk.internal.reflect.NativeMethodAccessorImpl.invoke(NativeMethodAccessorImpl.java:62)
	at java.base/jdk.internal.reflect.DelegatingMethodAccessorImpl.invoke(DelegatingMethodAccessorImpl.java:43)
	at java.base/java.lang.reflect.Method.invoke(Method.java:566)
	at org.junit.platform.commons.util.ReflectionUtils.invokeMethod(ReflectionUtils.java:688)
	at org.junit.jupiter.engine.execution.MethodInvocation.proceed(MethodInvocation.java:60)
	at org.junit.jupiter.engine.execution.InvocationInterceptorChain$ValidatingInvocation.proceed(InvocationInterceptorChain.java:131)
	at org.junit.jupiter.engine.extension.TimeoutExtension.intercept(TimeoutExtension.java:149)
	at org.junit.jupiter.engine.extension.TimeoutExtension.interceptTestableMethod(TimeoutExtension.java:140)
	at org.junit.jupiter.engine.extension.TimeoutExtension.interceptTestMethod(TimeoutExtension.java:84)
	at org.junit.jupiter.engine.execution.ExecutableInvoker$ReflectiveInterceptorCall.lambda$ofVoidMethod$0(ExecutableInvoker.java:115)
	at org.junit.jupiter.engine.execution.ExecutableInvoker.lambda$invoke$0(ExecutableInvoker.java:105)
	at org.junit.jupiter.engine.execution.InvocationInterceptorChain$InterceptedInvocation.proceed(InvocationInterceptorChain.java:106)
	at org.junit.jupiter.engine.execution.InvocationInterceptorChain.proceed(InvocationInterceptorChain.java:64)
	at org.junit.jupiter.engine.execution.InvocationInterceptorChain.chainAndInvoke(InvocationInterceptorChain.java:45)
	at org.junit.jupiter.engine.execution.InvocationInterceptorChain.invoke(InvocationInterceptorChain.java:37)
	at org.junit.jupiter.engine.execution.ExecutableInvoker.invoke(ExecutableInvoker.java:104)
	at org.junit.jupiter.engine.execution.ExecutableInvoker.invoke(ExecutableInvoker.java:98)
	at org.junit.jupiter.engine.descriptor.TestMethodTestDescriptor.lambda$invokeTestMethod$6(TestMethodTestDescriptor.java:210)
	at org.junit.platform.engine.support.hierarchical.ThrowableCollector.execute(ThrowableCollector.java:73)
	at org.junit.jupiter.engine.descriptor.TestMethodTestDescriptor.invokeTestMethod(TestMethodTestDescriptor.java:206)
	at org.junit.jupiter.engine.descriptor.TestMethodTestDescriptor.execute(TestMethodTestDescriptor.java:131)
	at org.junit.jupiter.engine.descriptor.TestMethodTestDescriptor.execute(TestMethodTestDescriptor.java:65)
	at org.junit.platform.engine.support.hierarchical.NodeTestTask.lambda$executeRecursively$5(NodeTestTask.java:139)
	at org.junit.platform.engine.support.hierarchical.ThrowableCollector.execute(ThrowableCollector.java:73)
	at org.junit.platform.engine.support.hierarchical.NodeTestTask.lambda$executeRecursively$7(NodeTestTask.java:129)
	at org.junit.platform.engine.support.hierarchical.Node.around(Node.java:137)
	at org.junit.platform.engine.support.hierarchical.NodeTestTask.lambda$executeRecursively$8(NodeTestTask.java:127)
	at org.junit.platform.engine.support.hierarchical.ThrowableCollector.execute(ThrowableCollector.java:73)
	at org.junit.platform.engine.support.hierarchical.NodeTestTask.executeRecursively(NodeTestTask.java:126)
	at org.junit.platform.engine.support.hierarchical.NodeTestTask.execute(NodeTestTask.java:84)
	at java.base/java.util.ArrayList.forEach(ArrayList.java:1541)
	at org.junit.platform.engine.support.hierarchical.SameThreadHierarchicalTestExecutorService.invokeAll(SameThreadHierarchicalTestExecutorService.java:38)
	at org.junit.platform.engine.support.hierarchical.NodeTestTask.lambda$executeRecursively$5(NodeTestTask.java:143)
	at org.junit.platform.engine.support.hierarchical.ThrowableCollector.execute(ThrowableCollector.java:73)
	at org.junit.platform.engine.support.hierarchical.NodeTestTask.lambda$executeRecursively$7(NodeTestTask.java:129)
	at org.junit.platform.engine.support.hierarchical.Node.around(Node.java:137)
	at org.junit.platform.engine.support.hierarchical.NodeTestTask.lambda$executeRecursively$8(NodeTestTask.java:127)
	at org.junit.platform.engine.support.hierarchical.ThrowableCollector.execute(ThrowableCollector.java:73)
	at org.junit.platform.engine.support.hierarchical.NodeTestTask.executeRecursively(NodeTestTask.java:126)
	at org.junit.platform.engine.support.hierarchical.NodeTestTask.execute(NodeTestTask.java:84)
	at java.base/java.util.ArrayList.forEach(ArrayList.java:1541)
	at org.junit.platform.engine.support.hierarchical.SameThreadHierarchicalTestExecutorService.invokeAll(SameThreadHierarchicalTestExecutorService.java:38)
	at org.junit.platform.engine.support.hierarchical.NodeTestTask.lambda$executeRecursively$5(NodeTestTask.java:143)
	at org.junit.platform.engine.support.hierarchical.ThrowableCollector.execute(ThrowableCollector.java:73)
	at org.junit.platform.engine.support.hierarchical.NodeTestTask.lambda$executeRecursively$7(NodeTestTask.java:129)
	at org.junit.platform.engine.support.hierarchical.Node.around(Node.java:137)
	at org.junit.platform.engine.support.hierarchical.NodeTestTask.lambda$executeRecursively$8(NodeTestTask.java:127)
	at org.junit.platform.engine.support.hierarchical.ThrowableCollector.execute(ThrowableCollector.java:73)
	at org.junit.platform.engine.support.hierarchical.NodeTestTask.executeRecursively(NodeTestTask.java:126)
	at org.junit.platform.engine.support.hierarchical.NodeTestTask.execute(NodeTestTask.java:84)
	at org.junit.platform.engine.support.hierarchical.SameThreadHierarchicalTestExecutorService.submit(SameThreadHierarchicalTestExecutorService.java:32)
	at org.junit.platform.engine.support.hierarchical.HierarchicalTestExecutor.execute(HierarchicalTestExecutor.java:57)
	at org.junit.platform.engine.support.hierarchical.HierarchicalTestEngine.execute(HierarchicalTestEngine.java:51)
	at org.junit.platform.launcher.core.EngineExecutionOrchestrator.execute(EngineExecutionOrchestrator.java:108)
	at org.junit.platform.launcher.core.EngineExecutionOrchestrator.execute(EngineExecutionOrchestrator.java:88)
	at org.junit.platform.launcher.core.EngineExecutionOrchestrator.lambda$execute$0(EngineExecutionOrchestrator.java:54)
	at org.junit.platform.launcher.core.EngineExecutionOrchestrator.withInterceptedStreams(EngineExecutionOrchestrator.java:67)
	at org.junit.platform.launcher.core.EngineExecutionOrchestrator.execute(EngineExecutionOrchestrator.java:52)
	at org.junit.platform.launcher.core.DefaultLauncher.execute(DefaultLauncher.java:96)
	at org.junit.platform.launcher.core.DefaultLauncher.execute(DefaultLauncher.java:75)
	at org.apache.maven.surefire.junitplatform.JUnitPlatformProvider.execute(JUnitPlatformProvider.java:188)
	at org.apache.maven.surefire.junitplatform.JUnitPlatformProvider.invokeAllTests(JUnitPlatformProvider.java:154)
	at org.apache.maven.surefire.junitplatform.JUnitPlatformProvider.invoke(JUnitPlatformProvider.java:128)
	at org.apache.maven.surefire.booter.ForkedBooter.runSuitesInProcess(ForkedBooter.java:428)
	at org.apache.maven.surefire.booter.ForkedBooter.execute(ForkedBooter.java:162)
	at org.apache.maven.surefire.booter.ForkedBooter.run(ForkedBooter.java:562)
	at org.apache.maven.surefire.booter.ForkedBooter.main(ForkedBooter.java:548)
Jan 30, 2023 3:47:24 PM org.apache.ibatis.logging.jdk14.Jdk14LoggingImpl warn
WARNING: Warning message.
Jan 30, 2023 3:47:24 PM org.apache.ibatis.logging.jdk14.Jdk14LoggingImpl error
SEVERE: Error message.
Jan 30, 2023 3:47:24 PM org.apache.ibatis.logging.jdk14.Jdk14LoggingImpl error
SEVERE: Error with Exception.
java.lang.Exception: Test exception.
	at org.apache.ibatis.logging.LogFactoryTest.logSomething(LogFactoryTest.java:106)
	at org.apache.ibatis.logging.LogFactoryTest.shouldUseJdKLogging(LogFactoryTest.java:63)
	at java.base/jdk.internal.reflect.NativeMethodAccessorImpl.invoke0(Native Method)
	at java.base/jdk.internal.reflect.NativeMethodAccessorImpl.invoke(NativeMethodAccessorImpl.java:62)
	at java.base/jdk.internal.reflect.DelegatingMethodAccessorImpl.invoke(DelegatingMethodAccessorImpl.java:43)
	at java.base/java.lang.reflect.Method.invoke(Method.java:566)
	at org.junit.platform.commons.util.ReflectionUtils.invokeMethod(ReflectionUtils.java:688)
	at org.junit.jupiter.engine.execution.MethodInvocation.proceed(MethodInvocation.java:60)
	at org.junit.jupiter.engine.execution.InvocationInterceptorChain$ValidatingInvocation.proceed(InvocationInterceptorChain.java:131)
	at org.junit.jupiter.engine.extension.TimeoutExtension.intercept(TimeoutExtension.java:149)
	at org.junit.jupiter.engine.extension.TimeoutExtension.interceptTestableMethod(TimeoutExtension.java:140)
	at org.junit.jupiter.engine.extension.TimeoutExtension.interceptTestMethod(TimeoutExtension.java:84)
	at org.junit.jupiter.engine.execution.ExecutableInvoker$ReflectiveInterceptorCall.lambda$ofVoidMethod$0(ExecutableInvoker.java:115)
	at org.junit.jupiter.engine.execution.ExecutableInvoker.lambda$invoke$0(ExecutableInvoker.java:105)
	at org.junit.jupiter.engine.execution.InvocationInterceptorChain$InterceptedInvocation.proceed(InvocationInterceptorChain.java:106)
	at org.junit.jupiter.engine.execution.InvocationInterceptorChain.proceed(InvocationInterceptorChain.java:64)
	at org.junit.jupiter.engine.execution.InvocationInterceptorChain.chainAndInvoke(InvocationInterceptorChain.java:45)
	at org.junit.jupiter.engine.execution.InvocationInterceptorChain.invoke(InvocationInterceptorChain.java:37)
	at org.junit.jupiter.engine.execution.ExecutableInvoker.invoke(ExecutableInvoker.java:104)
	at org.junit.jupiter.engine.execution.ExecutableInvoker.invoke(ExecutableInvoker.java:98)
	at org.junit.jupiter.engine.descriptor.TestMethodTestDescriptor.lambda$invokeTestMethod$6(TestMethodTestDescriptor.java:210)
	at org.junit.platform.engine.support.hierarchical.ThrowableCollector.execute(ThrowableCollector.java:73)
	at org.junit.jupiter.engine.descriptor.TestMethodTestDescriptor.invokeTestMethod(TestMethodTestDescriptor.java:206)
	at org.junit.jupiter.engine.descriptor.TestMethodTestDescriptor.execute(TestMethodTestDescriptor.java:131)
	at org.junit.jupiter.engine.descriptor.TestMethodTestDescriptor.execute(TestMethodTestDescriptor.java:65)
	at org.junit.platform.engine.support.hierarchical.NodeTestTask.lambda$executeRecursively$5(NodeTestTask.java:139)
	at org.junit.platform.engine.support.hierarchical.ThrowableCollector.execute(ThrowableCollector.java:73)
	at org.junit.platform.engine.support.hierarchical.NodeTestTask.lambda$executeRecursively$7(NodeTestTask.java:129)
	at org.junit.platform.engine.support.hierarchical.Node.around(Node.java:137)
	at org.junit.platform.engine.support.hierarchical.NodeTestTask.lambda$executeRecursively$8(NodeTestTask.java:127)
	at org.junit.platform.engine.support.hierarchical.ThrowableCollector.execute(ThrowableCollector.java:73)
	at org.junit.platform.engine.support.hierarchical.NodeTestTask.executeRecursively(NodeTestTask.java:126)
	at org.junit.platform.engine.support.hierarchical.NodeTestTask.execute(NodeTestTask.java:84)
	at java.base/java.util.ArrayList.forEach(ArrayList.java:1541)
	at org.junit.platform.engine.support.hierarchical.SameThreadHierarchicalTestExecutorService.invokeAll(SameThreadHierarchicalTestExecutorService.java:38)
	at org.junit.platform.engine.support.hierarchical.NodeTestTask.lambda$executeRecursively$5(NodeTestTask.java:143)
	at org.junit.platform.engine.support.hierarchical.ThrowableCollector.execute(ThrowableCollector.java:73)
	at org.junit.platform.engine.support.hierarchical.NodeTestTask.lambda$executeRecursively$7(NodeTestTask.java:129)
	at org.junit.platform.engine.support.hierarchical.Node.around(Node.java:137)
	at org.junit.platform.engine.support.hierarchical.NodeTestTask.lambda$executeRecursively$8(NodeTestTask.java:127)
	at org.junit.platform.engine.support.hierarchical.ThrowableCollector.execute(ThrowableCollector.java:73)
	at org.junit.platform.engine.support.hierarchical.NodeTestTask.executeRecursively(NodeTestTask.java:126)
	at org.junit.platform.engine.support.hierarchical.NodeTestTask.execute(NodeTestTask.java:84)
	at java.base/java.util.ArrayList.forEach(ArrayList.java:1541)
	at org.junit.platform.engine.support.hierarchical.SameThreadHierarchicalTestExecutorService.invokeAll(SameThreadHierarchicalTestExecutorService.java:38)
	at org.junit.platform.engine.support.hierarchical.NodeTestTask.lambda$executeRecursively$5(NodeTestTask.java:143)
	at org.junit.platform.engine.support.hierarchical.ThrowableCollector.execute(ThrowableCollector.java:73)
	at org.junit.platform.engine.support.hierarchical.NodeTestTask.lambda$executeRecursively$7(NodeTestTask.java:129)
	at org.junit.platform.engine.support.hierarchical.Node.around(Node.java:137)
	at org.junit.platform.engine.support.hierarchical.NodeTestTask.lambda$executeRecursively$8(NodeTestTask.java:127)
	at org.junit.platform.engine.support.hierarchical.ThrowableCollector.execute(ThrowableCollector.java:73)
	at org.junit.platform.engine.support.hierarchical.NodeTestTask.executeRecursively(NodeTestTask.java:126)
	at org.junit.platform.engine.support.hierarchical.NodeTestTask.execute(NodeTestTask.java:84)
	at org.junit.platform.engine.support.hierarchical.SameThreadHierarchicalTestExecutorService.submit(SameThreadHierarchicalTestExecutorService.java:32)
	at org.junit.platform.engine.support.hierarchical.HierarchicalTestExecutor.execute(HierarchicalTestExecutor.java:57)
	at org.junit.platform.engine.support.hierarchical.HierarchicalTestEngine.execute(HierarchicalTestEngine.java:51)
	at org.junit.platform.launcher.core.EngineExecutionOrchestrator.execute(EngineExecutionOrchestrator.java:108)
	at org.junit.platform.launcher.core.EngineExecutionOrchestrator.execute(EngineExecutionOrchestrator.java:88)
	at org.junit.platform.launcher.core.EngineExecutionOrchestrator.lambda$execute$0(EngineExecutionOrchestrator.java:54)
	at org.junit.platform.launcher.core.EngineExecutionOrchestrator.withInterceptedStreams(EngineExecutionOrchestrator.java:67)
	at org.junit.platform.launcher.core.EngineExecutionOrchestrator.execute(EngineExecutionOrchestrator.java:52)
	at org.junit.platform.launcher.core.DefaultLauncher.execute(DefaultLauncher.java:96)
	at org.junit.platform.launcher.core.DefaultLauncher.execute(DefaultLauncher.java:75)
	at org.apache.maven.surefire.junitplatform.JUnitPlatformProvider.execute(JUnitPlatformProvider.java:188)
	at org.apache.maven.surefire.junitplatform.JUnitPlatformProvider.invokeAllTests(JUnitPlatformProvider.java:154)
	at org.apache.maven.surefire.junitplatform.JUnitPlatformProvider.invoke(JUnitPlatformProvider.java:128)
	at org.apache.maven.surefire.booter.ForkedBooter.runSuitesInProcess(ForkedBooter.java:428)
	at org.apache.maven.surefire.booter.ForkedBooter.execute(ForkedBooter.java:162)
	at org.apache.maven.surefire.booter.ForkedBooter.run(ForkedBooter.java:562)
	at org.apache.maven.surefire.booter.ForkedBooter.main(ForkedBooter.java:548)

ERROR [main] - Error message.
ERROR [main] - Error with Exception.
java.lang.Exception: Test exception.
	at org.apache.ibatis.logging.LogFactoryTest.logSomething(LogFactoryTest.java:106)
	at org.apache.ibatis.logging.LogFactoryTest.shouldUseCommonsLogging(LogFactoryTest.java:39)
	at java.base/jdk.internal.reflect.NativeMethodAccessorImpl.invoke0(Native Method)
	at java.base/jdk.internal.reflect.NativeMethodAccessorImpl.invoke(NativeMethodAccessorImpl.java:62)
	at java.base/jdk.internal.reflect.DelegatingMethodAccessorImpl.invoke(DelegatingMethodAccessorImpl.java:43)
	at java.base/java.lang.reflect.Method.invoke(Method.java:566)
	at org.junit.platform.commons.util.ReflectionUtils.invokeMethod(ReflectionUtils.java:688)
	at org.junit.jupiter.engine.execution.MethodInvocation.proceed(MethodInvocation.java:60)
	at org.junit.jupiter.engine.execution.InvocationInterceptorChain$ValidatingInvocation.proceed(InvocationInterceptorChain.java:131)
	at org.junit.jupiter.engine.extension.TimeoutExtension.intercept(TimeoutExtension.java:149)
	at org.junit.jupiter.engine.extension.TimeoutExtension.interceptTestableMethod(TimeoutExtension.java:140)
	at org.junit.jupiter.engine.extension.TimeoutExtension.interceptTestMethod(TimeoutExtension.java:84)
	at org.junit.jupiter.engine.execution.ExecutableInvoker$ReflectiveInterceptorCall.lambda$ofVoidMethod$0(ExecutableInvoker.java:115)
	at org.junit.jupiter.engine.execution.ExecutableInvoker.lambda$invoke$0(ExecutableInvoker.java:105)
	at org.junit.jupiter.engine.execution.InvocationInterceptorChain$InterceptedInvocation.proceed(InvocationInterceptorChain.java:106)
	at org.junit.jupiter.engine.execution.InvocationInterceptorChain.proceed(InvocationInterceptorChain.java:64)
	at org.junit.jupiter.engine.execution.InvocationInterceptorChain.chainAndInvoke(InvocationInterceptorChain.java:45)
	at org.junit.jupiter.engine.execution.InvocationInterceptorChain.invoke(InvocationInterceptorChain.java:37)
	at org.junit.jupiter.engine.execution.ExecutableInvoker.invoke(ExecutableInvoker.java:104)
	at org.junit.jupiter.engine.execution.ExecutableInvoker.invoke(ExecutableInvoker.java:98)
	at org.junit.jupiter.engine.descriptor.TestMethodTestDescriptor.lambda$invokeTestMethod$6(TestMethodTestDescriptor.java:210)
	at org.junit.platform.engine.support.hierarchical.ThrowableCollector.execute(ThrowableCollector.java:73)
	at org.junit.jupiter.engine.descriptor.TestMethodTestDescriptor.invokeTestMethod(TestMethodTestDescriptor.java:206)
	at org.junit.jupiter.engine.descriptor.TestMethodTestDescriptor.execute(TestMethodTestDescriptor.java:131)
	at org.junit.jupiter.engine.descriptor.TestMethodTestDescriptor.execute(TestMethodTestDescriptor.java:65)
	at org.junit.platform.engine.support.hierarchical.NodeTestTask.lambda$executeRecursively$5(NodeTestTask.java:139)
	at org.junit.platform.engine.support.hierarchical.ThrowableCollector.execute(ThrowableCollector.java:73)
	at org.junit.platform.engine.support.hierarchical.NodeTestTask.lambda$executeRecursively$7(NodeTestTask.java:129)
	at org.junit.platform.engine.support.hierarchical.Node.around(Node.java:137)
	at org.junit.platform.engine.support.hierarchical.NodeTestTask.lambda$executeRecursively$8(NodeTestTask.java:127)
	at org.junit.platform.engine.support.hierarchical.ThrowableCollector.execute(ThrowableCollector.java:73)
	at org.junit.platform.engine.support.hierarchical.NodeTestTask.executeRecursively(NodeTestTask.java:126)
	at org.junit.platform.engine.support.hierarchical.NodeTestTask.execute(NodeTestTask.java:84)
	at java.base/java.util.ArrayList.forEach(ArrayList.java:1541)
	at org.junit.platform.engine.support.hierarchical.SameThreadHierarchicalTestExecutorService.invokeAll(SameThreadHierarchicalTestExecutorService.java:38)
	at org.junit.platform.engine.support.hierarchical.NodeTestTask.lambda$executeRecursively$5(NodeTestTask.java:143)
	at org.junit.platform.engine.support.hierarchical.ThrowableCollector.execute(ThrowableCollector.java:73)
	at org.junit.platform.engine.support.hierarchical.NodeTestTask.lambda$executeRecursively$7(NodeTestTask.java:129)
	at org.junit.platform.engine.support.hierarchical.Node.around(Node.java:137)
	at org.junit.platform.engine.support.hierarchical.NodeTestTask.lambda$executeRecursively$8(NodeTestTask.java:127)
	at org.junit.platform.engine.support.hierarchical.ThrowableCollector.execute(ThrowableCollector.java:73)
	at org.junit.platform.engine.support.hierarchical.NodeTestTask.executeRecursively(NodeTestTask.java:126)
	at org.junit.platform.engine.support.hierarchical.NodeTestTask.execute(NodeTestTask.java:84)
	at java.base/java.util.ArrayList.forEach(ArrayList.java:1541)
	at org.junit.platform.engine.support.hierarchical.SameThreadHierarchicalTestExecutorService.invokeAll(SameThreadHierarchicalTestExecutorService.java:38)
	at org.junit.platform.engine.support.hierarchical.NodeTestTask.lambda$executeRecursively$5(NodeTestTask.java:143)
	at org.junit.platform.engine.support.hierarchical.ThrowableCollector.execute(ThrowableCollector.java:73)
	at org.junit.platform.engine.support.hierarchical.NodeTestTask.lambda$executeRecursively$7(NodeTestTask.java:129)
	at org.junit.platform.engine.support.hierarchical.Node.around(Node.java:137)
	at org.junit.platform.engine.support.hierarchical.NodeTestTask.lambda$executeRecursively$8(NodeTestTask.java:127)
	at org.junit.platform.engine.support.hierarchical.ThrowableCollector.execute(ThrowableCollector.java:73)
	at org.junit.platform.engine.support.hierarchical.NodeTestTask.executeRecursively(NodeTestTask.java:126)
	at org.junit.platform.engine.support.hierarchical.NodeTestTask.execute(NodeTestTask.java:84)
	at org.junit.platform.engine.support.hierarchical.SameThreadHierarchicalTestExecutorService.submit(SameThreadHierarchicalTestExecutorService.java:32)
	at org.junit.platform.engine.support.hierarchical.HierarchicalTestExecutor.execute(HierarchicalTestExecutor.java:57)
	at org.junit.platform.engine.support.hierarchical.HierarchicalTestEngine.execute(HierarchicalTestEngine.java:51)
	at org.junit.platform.launcher.core.EngineExecutionOrchestrator.execute(EngineExecutionOrchestrator.java:108)
	at org.junit.platform.launcher.core.EngineExecutionOrchestrator.execute(EngineExecutionOrchestrator.java:88)
	at org.junit.platform.launcher.core.EngineExecutionOrchestrator.lambda$execute$0(EngineExecutionOrchestrator.java:54)
	at org.junit.platform.launcher.core.EngineExecutionOrchestrator.withInterceptedStreams(EngineExecutionOrchestrator.java:67)
	at org.junit.platform.launcher.core.EngineExecutionOrchestrator.execute(EngineExecutionOrchestrator.java:52)
	at org.junit.platform.launcher.core.DefaultLauncher.execute(DefaultLauncher.java:96)
	at org.junit.platform.launcher.core.DefaultLauncher.execute(DefaultLauncher.java:75)
	at org.apache.maven.surefire.junitplatform.JUnitPlatformProvider.execute(JUnitPlatformProvider.java:188)
	at org.apache.maven.surefire.junitplatform.JUnitPlatformProvider.invokeAllTests(JUnitPlatformProvider.java:154)
	at org.apache.maven.surefire.junitplatform.JUnitPlatformProvider.invoke(JUnitPlatformProvider.java:128)
	at org.apache.maven.surefire.booter.ForkedBooter.runSuitesInProcess(ForkedBooter.java:428)
	at org.apache.maven.surefire.booter.ForkedBooter.execute(ForkedBooter.java:162)
	at org.apache.maven.surefire.booter.ForkedBooter.run(ForkedBooter.java:562)
	at org.apache.maven.surefire.booter.ForkedBooter.main(ForkedBooter.java:548)
[INFO] Tests run: 8, Failures: 0, Errors: 0, Skipped: 0, Time elapsed: 0.038 s - in org.apache.ibatis.logging.LogFactoryTest
[INFO] Running org.apache.ibatis.logging.jdbc.PreparedStatementLoggerTest
[INFO] Tests run: 4, Failures: 0, Errors: 0, Skipped: 0, Time elapsed: 0.037 s - in org.apache.ibatis.logging.jdbc.PreparedStatementLoggerTest
[INFO] Running org.apache.ibatis.logging.jdbc.ConnectionLoggerTest
[INFO] Tests run: 3, Failures: 0, Errors: 0, Skipped: 0, Time elapsed: 0.006 s - in org.apache.ibatis.logging.jdbc.ConnectionLoggerTest
[INFO] Running org.apache.ibatis.logging.jdbc.StatementLoggerTest
[INFO] Tests run: 3, Failures: 0, Errors: 0, Skipped: 0, Time elapsed: 0.009 s - in org.apache.ibatis.logging.jdbc.StatementLoggerTest
[INFO] Running org.apache.ibatis.logging.jdbc.ResultSetLoggerTest
[INFO] Tests run: 2, Failures: 0, Errors: 0, Skipped: 0, Time elapsed: 0.006 s - in org.apache.ibatis.logging.jdbc.ResultSetLoggerTest
[INFO] Running org.apache.ibatis.logging.jdbc.BaseJdbcLoggerTest
[INFO] Tests run: 2, Failures: 0, Errors: 0, Skipped: 0, Time elapsed: 0.002 s - in org.apache.ibatis.logging.jdbc.BaseJdbcLoggerTest
[INFO] Running org.apache.ibatis.jdbc.SQLTest
[INFO] Tests run: 36, Failures: 0, Errors: 0, Skipped: 0, Time elapsed: 0.014 s - in org.apache.ibatis.jdbc.SQLTest
[INFO] Running org.apache.ibatis.jdbc.SqlRunnerTest
[INFO] Tests run: 6, Failures: 0, Errors: 0, Skipped: 0, Time elapsed: 0.482 s - in org.apache.ibatis.jdbc.SqlRunnerTest
[INFO] Running org.apache.ibatis.jdbc.SqlBuilderTest
[INFO] Tests run: 5, Failures: 0, Errors: 0, Skipped: 0, Time elapsed: 0.001 s - in org.apache.ibatis.jdbc.SqlBuilderTest
[INFO] Running org.apache.ibatis.jdbc.PooledDataSourceTest
[WARNING] Tests run: 4, Failures: 0, Errors: 0, Skipped: 1, Time elapsed: 0.005 s - in org.apache.ibatis.jdbc.PooledDataSourceTest
[INFO] Running org.apache.ibatis.jdbc.ScriptRunnerTest
-- @DELIMITER |
line 1;
line 2;


//  @DELIMITER  ;
line 3

-- //@deLimiTer $  blah
line 4

// //@DELIMITER %
line 5

-- @DELIMITER ||
line 1;
line 2;


//  @DELIMITER  ;
line 3

[WARNING] Tests run: 12, Failures: 0, Errors: 0, Skipped: 1, Time elapsed: 0.029 s - in org.apache.ibatis.jdbc.ScriptRunnerTest
[INFO] Running org.apache.ibatis.jdbc.SelectBuilderTest
[INFO] Tests run: 5, Failures: 0, Errors: 0, Skipped: 0, Time elapsed: 0.001 s - in org.apache.ibatis.jdbc.SelectBuilderTest
[INFO] Running org.apache.ibatis.jdbc.NullTest
[INFO] Tests run: 1, Failures: 0, Errors: 0, Skipped: 0, Time elapsed: 0 s - in org.apache.ibatis.jdbc.NullTest
[INFO] Running org.apache.ibatis.io.ResolverUtilTest
[INFO] Tests run: 12, Failures: 0, Errors: 0, Skipped: 0, Time elapsed: 0.021 s - in org.apache.ibatis.io.ResolverUtilTest
[INFO] Running org.apache.ibatis.io.ResourcesTest
[INFO] Tests run: 18, Failures: 0, Errors: 0, Skipped: 0, Time elapsed: 0.004 s - in org.apache.ibatis.io.ResourcesTest
[INFO] Running org.apache.ibatis.io.ExternalResourcesTest
[INFO] Tests run: 4, Failures: 0, Errors: 0, Skipped: 0, Time elapsed: 0.003 s - in org.apache.ibatis.io.ExternalResourcesTest
[INFO] Running org.apache.ibatis.io.ClassLoaderWrapperTest
[INFO] Tests run: 9, Failures: 0, Errors: 0, Skipped: 0, Time elapsed: 0.003 s - in org.apache.ibatis.io.ClassLoaderWrapperTest
[INFO] Running org.apache.ibatis.io.VFSTest
ERROR [main] - Method not found org.apache.ibatis.io.VFS.listXxx.listXxx.  Cause: java.lang.NoSuchMethodException: org.apache.ibatis.io.VFS.listXxx(java.lang.String)
[INFO] Tests run: 5, Failures: 0, Errors: 0, Skipped: 0, Time elapsed: 0.003 s - in org.apache.ibatis.io.VFSTest
[INFO] Running org.apache.ibatis.scripting.defaults.DefaultParameterHandlerTest
[INFO] Tests run: 1, Failures: 0, Errors: 0, Skipped: 0, Time elapsed: 0.014 s - in org.apache.ibatis.scripting.defaults.DefaultParameterHandlerTest
[INFO] Running org.apache.ibatis.scripting.LanguageDriverRegistryTest
[INFO] Tests run: 8, Failures: 0, Errors: 0, Skipped: 0, Time elapsed: 0.002 s - in org.apache.ibatis.scripting.LanguageDriverRegistryTest
[INFO] Running org.apache.ibatis.scripting.xmltags.OgnlCacheTest
[INFO] Tests run: 1, Failures: 0, Errors: 0, Skipped: 0, Time elapsed: 0.042 s - in org.apache.ibatis.scripting.xmltags.OgnlCacheTest
[INFO] Running org.apache.ibatis.datasource.unpooled.UnpooledDataSourceTest
[WARNING] Tests run: 2, Failures: 0, Errors: 0, Skipped: 1, Time elapsed: 0.007 s - in org.apache.ibatis.datasource.unpooled.UnpooledDataSourceTest
[INFO] Running org.apache.ibatis.datasource.jndi.JndiDataSourceFactoryTest
[INFO] Tests run: 1, Failures: 0, Errors: 0, Skipped: 0, Time elapsed: 0.015 s - in org.apache.ibatis.datasource.jndi.JndiDataSourceFactoryTest
[INFO] 
[INFO] Results:
[INFO] 
[WARNING] Tests run: 1674, Failures: 0, Errors: 0, Skipped: 14
[INFO] 
[INFO] ------------------------------------------------------------------------
[INFO] BUILD SUCCESS
[INFO] ------------------------------------------------------------------------
[INFO] Total time:  01:30 min
[INFO] Finished at: 2023-01-30T15:47:25Z
[INFO] ------------------------------------------------------------------------
