[INFO] Scanning for projects...
[INFO] Inspecting build with total of 1 modules...
[INFO] Installing Nexus Staging features:
[INFO]   ... total of 1 executions of maven-deploy-plugin replaced with nexus-staging-maven-plugin
[INFO] 
[INFO] ---------------< com.github.searls:jasmine-maven-plugin >---------------
[INFO] Building jasmine-maven-plugin 3.0-SNAPSHOT
[INFO] ----------------------------[ maven-plugin ]----------------------------
[WARNING] The POM for com.github.docker-java.docker-java:docker-java:jar:3.2.13 is missing, no dependency information available
[WARNING] The POM for com.github.docker-java.docker-java:docker-java-api:jar:3.2.13 is missing, no dependency information available
[WARNING] The POM for com.github.docker-java.docker-java:docker-java-core:jar:3.2.13 is missing, no dependency information available
[WARNING] The POM for com.github.docker-java.docker-java:docker-java-transport:jar:3.2.13 is missing, no dependency information available
[WARNING] The POM for com.github.docker-java.docker-java:docker-java-transport-httpclient5:jar:3.2.13 is missing, no dependency information available
[WARNING] The POM for com.github.docker-java.docker-java:docker-java-transport-jersey:jar:3.2.13 is missing, no dependency information available
[WARNING] The POM for com.github.docker-java.docker-java:docker-java-transport-netty:jar:3.2.13 is missing, no dependency information available
[WARNING] The POM for com.github.docker-java.docker-java:docker-java-transport-okhttp:jar:3.2.13 is missing, no dependency information available
[WARNING] The POM for com.github.docker-java.docker-java:docker-java-transport-tck:jar:3.2.13 is missing, no dependency information available
[WARNING] The POM for com.github.docker-java.docker-java:docker-java-transport-zerodep:jar:3.2.13 is missing, no dependency information available
[INFO] ------------------------------------------------------------------------
[INFO] BUILD FAILURE
[INFO] ------------------------------------------------------------------------
[INFO] Total time:  0.920 s
[INFO] Finished at: 2023-01-30T18:24:07Z
[INFO] ------------------------------------------------------------------------
[ERROR] Failed to execute goal on project jasmine-maven-plugin: Could not resolve dependencies for project com.github.searls:jasmine-maven-plugin:maven-plugin:3.0-SNAPSHOT: The following artifacts could not be resolved: com.github.docker-java.docker-java:docker-java:jar:3.2.13, com.github.docker-java.docker-java:docker-java-api:jar:3.2.13, com.github.docker-java.docker-java:docker-java-core:jar:3.2.13, com.github.docker-java.docker-java:docker-java-transport:jar:3.2.13, com.github.docker-java.docker-java:docker-java-transport-httpclient5:jar:3.2.13, com.github.docker-java.docker-java:docker-java-transport-jersey:jar:3.2.13, com.github.docker-java.docker-java:docker-java-transport-netty:jar:3.2.13, com.github.docker-java.docker-java:docker-java-transport-okhttp:jar:3.2.13, com.github.docker-java.docker-java:docker-java-transport-tck:jar:3.2.13, com.github.docker-java.docker-java:docker-java-transport-zerodep:jar:3.2.13: com.github.docker-java.docker-java:docker-java:jar:3.2.13 was not found in https://repo.maven.apache.org/maven2 during a previous attempt. This failure was cached in the local repository and resolution is not reattempted until the update interval of central has elapsed or updates are forced -> [Help 1]
[ERROR] 
[ERROR] To see the full stack trace of the errors, re-run Maven with the -e switch.
[ERROR] Re-run Maven using the -X switch to enable full debug logging.
[ERROR] 
[ERROR] For more information about the errors and possible solutions, please read the following articles:
[ERROR] [Help 1] http://cwiki.apache.org/confluence/display/MAVEN/DependencyResolutionException
