[INFO] Scanning for projects...
[INFO] 
[INFO] -------------------------< org.dogtagpki:pki >--------------------------
[INFO] Building pki 11.0.0-SNAPSHOT
[INFO] --------------------------------[ jar ]---------------------------------
[WARNING] The POM for commons-lang3:commons-lang3:jar:3.11 is missing, no dependency information available
[INFO] Downloading from central: https://repo.maven.apache.org/maven2/commons-lang3/commons-lang3/3.11/commons-lang3-3.11.jar
[INFO] Downloading from central: https://repo.maven.apache.org/maven2/org/jboss/resteasy/resteasy-jackson2-provider/3.0.19.Final/resteasy-jackson2-provider-3.0.19.Final.jar
[INFO] Downloaded from central: https://repo.maven.apache.org/maven2/org/jboss/resteasy/resteasy-jackson2-provider/3.0.19.Final/resteasy-jackson2-provider-3.0.19.Final.jar (14 kB at 53 kB/s)
[INFO] ------------------------------------------------------------------------
[INFO] BUILD FAILURE
[INFO] ------------------------------------------------------------------------
[INFO] Total time:  0.813 s
[INFO] Finished at: 2023-01-30T00:44:04Z
[INFO] ------------------------------------------------------------------------
[ERROR] Failed to execute goal on project pki: Could not resolve dependencies for project org.dogtagpki:pki:jar:11.0.0-SNAPSHOT: Could not find artifact commons-lang3:commons-lang3:jar:3.11 in central (https://repo.maven.apache.org/maven2) -> [Help 1]
[ERROR] 
[ERROR] To see the full stack trace of the errors, re-run Maven with the -e switch.
[ERROR] Re-run Maven using the -X switch to enable full debug logging.
[ERROR] 
[ERROR] For more information about the errors and possible solutions, please read the following articles:
[ERROR] [Help 1] http://cwiki.apache.org/confluence/display/MAVEN/DependencyResolutionException
