[INFO] Scanning for projects...
[INFO] ------------------------------------------------------------------------
[INFO] Reactor Build Order:
[INFO] 
[INFO] Quarkus Micrometer Registry - Parent                               [pom]
[INFO] Quarkus Micrometer Registry - Azure Monitor - Parent               [pom]
[INFO] Quarkus Micrometer Registry - Azure Monitor - Runtime              [jar]
[INFO] Quarkus Micrometer Registry - Azure Monitor - Deployment           [jar]
[INFO] Quarkus Micrometer Registry - Datadog - Parent                     [pom]
[INFO] Quarkus Micrometer Registry - Datadog - Runtime                    [jar]
[INFO] Quarkus Micrometer Registry - Datadog - Deployment                 [jar]
[INFO] Quarkus Micrometer Registry - Graphite - Parent                    [pom]
[INFO] Quarkus Micrometer Registry - Graphite - Runtime                   [jar]
[INFO] Quarkus Micrometer Registry - Graphite - Deployment                [jar]
[INFO] Quarkus Micrometer Registry - New Relic - Parent                   [pom]
[INFO] Quarkus Micrometer Registry - New Relic - Runtime                  [jar]
[INFO] Quarkus Micrometer Registry - New Relic - Deployment               [jar]
[INFO] Quarkus Micrometer Registry - JMX - Parent                         [pom]
[INFO] Quarkus Micrometer Registry - JMX - Runtime                        [jar]
[INFO] Quarkus Micrometer Registry - JMX - Deployment                     [jar]
[INFO] Quarkus Micrometer Registry - SignalFX - Parent                    [pom]
[INFO] Quarkus Micrometer Registry - SignalFX - Runtime                   [jar]
[INFO] Quarkus Micrometer Registry - SignalFX - Deployment                [jar]
[INFO] Quarkus Micrometer Registry - Stackdriver - Parent                 [pom]
[INFO] Quarkus Micrometer Registry - Stackdriver - Runtime                [jar]
[INFO] Quarkus Micrometer Registry - Stackdriver - Deployment             [jar]
[INFO] Quarkus Micrometer Registry - StatsD - Parent                      [pom]
[INFO] Quarkus Micrometer Registry - StatsD - Runtime                     [jar]
[INFO] Quarkus Micrometer Registry - StatsD - Deployment                  [jar]
[INFO] Quarkus Micrometer Registry - InfluxDB - Parent                    [pom]
[INFO] Quarkus Micrometer Registry - InfluxDB - Runtime                   [jar]
[INFO] Quarkus Micrometer Registry - InfluxDB - Deployment                [jar]
[INFO] Quarkus Micrometer Registry - Documentation                        [jar]
[INFO] Quarkus Micrometer Registry - Integration Test - Parent            [pom]
[INFO] Quarkus Micrometer Registry - Integration Test - JMX               [jar]
[INFO] Quarkus Micrometer Registry - Integration Test - Native            [jar]
[INFO] 
[INFO] --< io.quarkiverse.micrometer.registry:quarkus-micrometer-registry-parent >--
[INFO] Building Quarkus Micrometer Registry - Parent 299-SNAPSHOT        [1/32]
[INFO] --------------------------------[ pom ]---------------------------------
[INFO] 
[INFO] --- maven-clean-plugin:3.1.0:clean (default-clean) @ quarkus-micrometer-registry-parent ---
[INFO] Deleting /home/gabsko/breaking-updates/target
[INFO] 
[INFO] --- maven-enforcer-plugin:3.0.0-M3:enforce (enforce-java-version) @ quarkus-micrometer-registry-parent ---
[INFO] 
[INFO] --- maven-enforcer-plugin:3.0.0-M3:enforce (enforce-maven-version) @ quarkus-micrometer-registry-parent ---
[INFO] 
[INFO] --- buildnumber-maven-plugin:1.4:create (get-scm-revision) @ quarkus-micrometer-registry-parent ---
[INFO] Executing: /bin/sh -c cd '/home/gabsko/breaking-updates' && 'git' 'rev-parse' '--verify' 'HEAD'
[INFO] Working directory: /home/gabsko/breaking-updates
[INFO] Storing buildNumber: 5563369d0c715c954d08fbb3ec6bb8ac238db8ec at timestamp: 1675299545264
[INFO] Storing buildScmBranch: branch-quarkiverse/quarkus-micrometer-registry-5563369d0c715c954d08fbb3ec6bb8ac238db8ec
[INFO] 
[INFO] --- formatter-maven-plugin:2.17.1:format (default) @ quarkus-micrometer-registry-parent ---
[INFO] 
[INFO] --- impsort-maven-plugin:1.6.2:sort (sort-imports) @ quarkus-micrometer-registry-parent ---
[INFO] Processed 0 files in 00:00.001 (Already Sorted: 0, Needed Sorting: 0)
[INFO] 
[INFO] --< io.quarkiverse.micrometer.registry:quarkus-micrometer-registry-azure-monitor-parent >--
[INFO] Building Quarkus Micrometer Registry - Azure Monitor - Parent 299-SNAPSHOT [2/32]
[INFO] --------------------------------[ pom ]---------------------------------
[INFO] 
[INFO] --- maven-clean-plugin:3.1.0:clean (default-clean) @ quarkus-micrometer-registry-azure-monitor-parent ---
[INFO] Deleting /home/gabsko/breaking-updates/micrometer-registry-azure-monitor/target
[INFO] 
[INFO] --- maven-enforcer-plugin:3.0.0-M3:enforce (enforce-java-version) @ quarkus-micrometer-registry-azure-monitor-parent ---
[INFO] 
[INFO] --- maven-enforcer-plugin:3.0.0-M3:enforce (enforce-maven-version) @ quarkus-micrometer-registry-azure-monitor-parent ---
[INFO] 
[INFO] --- buildnumber-maven-plugin:1.4:create (get-scm-revision) @ quarkus-micrometer-registry-azure-monitor-parent ---
[INFO] 
[INFO] --- formatter-maven-plugin:2.17.1:format (default) @ quarkus-micrometer-registry-azure-monitor-parent ---
[INFO] 
[INFO] --- impsort-maven-plugin:1.6.2:sort (sort-imports) @ quarkus-micrometer-registry-azure-monitor-parent ---
[INFO] Processed 0 files in 00:00.000 (Already Sorted: 0, Needed Sorting: 0)
[INFO] 
[INFO] --< io.quarkiverse.micrometer.registry:quarkus-micrometer-registry-azure-monitor >--
[INFO] Building Quarkus Micrometer Registry - Azure Monitor - Runtime 299-SNAPSHOT [3/32]
[INFO] --------------------------------[ jar ]---------------------------------
[INFO] 
[INFO] --- maven-clean-plugin:3.1.0:clean (default-clean) @ quarkus-micrometer-registry-azure-monitor ---
[INFO] Deleting /home/gabsko/breaking-updates/micrometer-registry-azure-monitor/runtime/target
[INFO] 
[INFO] --- maven-enforcer-plugin:3.0.0-M3:enforce (enforce-java-version) @ quarkus-micrometer-registry-azure-monitor ---
[INFO] 
[INFO] --- maven-enforcer-plugin:3.0.0-M3:enforce (enforce-maven-version) @ quarkus-micrometer-registry-azure-monitor ---
[INFO] 
[INFO] --- buildnumber-maven-plugin:1.4:create (get-scm-revision) @ quarkus-micrometer-registry-azure-monitor ---
[INFO] 
[INFO] --- formatter-maven-plugin:2.17.1:format (default) @ quarkus-micrometer-registry-azure-monitor ---
[INFO] Processed 3 files in 857ms (Formatted: 0, Unchanged: 3, Failed: 0, Readonly: 0)
[INFO] 
[INFO] --- impsort-maven-plugin:1.6.2:sort (sort-imports) @ quarkus-micrometer-registry-azure-monitor ---
[INFO] Processed 3 files in 00:00.201 (Already Sorted: 3, Needed Sorting: 0)
[INFO] 
[INFO] --- maven-resources-plugin:3.2.0:resources (default-resources) @ quarkus-micrometer-registry-azure-monitor ---
[INFO] Using 'UTF-8' encoding to copy filtered resources.
[INFO] Using 'UTF-8' encoding to copy filtered properties files.
[INFO] Copying 1 resource
[INFO] 
[INFO] --- maven-compiler-plugin:3.10.1:compile (default-compile) @ quarkus-micrometer-registry-azure-monitor ---
[INFO] Changes detected - recompiling the module!
[INFO] Compiling 3 source files to /home/gabsko/breaking-updates/micrometer-registry-azure-monitor/runtime/target/classes
[WARNING] /home/gabsko/breaking-updates/micrometer-registry-azure-monitor/runtime/src/main/java/io/quarkiverse/micrometer/registry/azuremonitor/ConditionalRegistryProducer.java:[20,6] io.quarkus.arc.AlternativePriority in io.quarkus.arc has been deprecated
[WARNING] /home/gabsko/breaking-updates/micrometer-registry-azure-monitor/runtime/src/main/java/io/quarkiverse/micrometer/registry/azuremonitor/ConditionalRegistryProducer.java:[20,6] io.quarkus.arc.AlternativePriority in io.quarkus.arc has been deprecated
[WARNING] /home/gabsko/breaking-updates/micrometer-registry-azure-monitor/runtime/src/main/java/io/quarkiverse/micrometer/registry/azuremonitor/ConditionalRegistryProducer.java:[20,6] io.quarkus.arc.AlternativePriority in io.quarkus.arc has been deprecated
[WARNING] /home/gabsko/breaking-updates/micrometer-registry-azure-monitor/runtime/src/main/java/io/quarkiverse/micrometer/registry/azuremonitor/ConditionalRegistryProducer.java:[20,6] io.quarkus.arc.AlternativePriority in io.quarkus.arc has been deprecated
[INFO] 
[INFO] --- quarkus-bootstrap-maven-plugin:2.9.2.Final:extension-descriptor (default) @ quarkus-micrometer-registry-azure-monitor ---
[INFO] 
[INFO] --- maven-resources-plugin:3.2.0:testResources (default-testResources) @ quarkus-micrometer-registry-azure-monitor ---
[INFO] Using 'UTF-8' encoding to copy filtered resources.
[INFO] Using 'UTF-8' encoding to copy filtered properties files.
[INFO] skip non existing resourceDirectory /home/gabsko/breaking-updates/micrometer-registry-azure-monitor/runtime/src/test/resources
[INFO] 
[INFO] --- maven-compiler-plugin:3.10.1:testCompile (default-testCompile) @ quarkus-micrometer-registry-azure-monitor ---
[INFO] No sources to compile
[INFO] 
[INFO] --- maven-surefire-plugin:2.22.2:test (default-test) @ quarkus-micrometer-registry-azure-monitor ---
[INFO] No tests to run.
[INFO] 
[INFO] --< io.quarkiverse.micrometer.registry:quarkus-micrometer-registry-azure-monitor-deployment >--
[INFO] Building Quarkus Micrometer Registry - Azure Monitor - Deployment 299-SNAPSHOT [4/32]
[INFO] --------------------------------[ jar ]---------------------------------
[INFO] 
[INFO] --- maven-clean-plugin:3.1.0:clean (default-clean) @ quarkus-micrometer-registry-azure-monitor-deployment ---
[INFO] Deleting /home/gabsko/breaking-updates/micrometer-registry-azure-monitor/deployment/target
[INFO] 
[INFO] --- maven-enforcer-plugin:3.0.0-M3:enforce (enforce-java-version) @ quarkus-micrometer-registry-azure-monitor-deployment ---
[INFO] 
[INFO] --- maven-enforcer-plugin:3.0.0-M3:enforce (enforce-maven-version) @ quarkus-micrometer-registry-azure-monitor-deployment ---
[INFO] 
[INFO] --- buildnumber-maven-plugin:1.4:create (get-scm-revision) @ quarkus-micrometer-registry-azure-monitor-deployment ---
[INFO] 
[INFO] --- formatter-maven-plugin:2.17.1:format (default) @ quarkus-micrometer-registry-azure-monitor-deployment ---
[INFO] Processed 5 files in 55ms (Formatted: 0, Unchanged: 5, Failed: 0, Readonly: 0)
[INFO] 
[INFO] --- impsort-maven-plugin:1.6.2:sort (sort-imports) @ quarkus-micrometer-registry-azure-monitor-deployment ---
[INFO] Processed 5 files in 00:00.036 (Already Sorted: 5, Needed Sorting: 0)
[INFO] 
[INFO] --- maven-resources-plugin:3.2.0:resources (default-resources) @ quarkus-micrometer-registry-azure-monitor-deployment ---
[INFO] Using 'UTF-8' encoding to copy filtered resources.
[INFO] Using 'UTF-8' encoding to copy filtered properties files.
[INFO] skip non existing resourceDirectory /home/gabsko/breaking-updates/micrometer-registry-azure-monitor/deployment/src/main/resources
[INFO] 
[INFO] --- maven-compiler-plugin:3.10.1:compile (default-compile) @ quarkus-micrometer-registry-azure-monitor-deployment ---
[INFO] Changes detected - recompiling the module!
[INFO] Compiling 1 source file to /home/gabsko/breaking-updates/micrometer-registry-azure-monitor/deployment/target/classes
[INFO] 
[INFO] --- maven-resources-plugin:3.2.0:testResources (default-testResources) @ quarkus-micrometer-registry-azure-monitor-deployment ---
[INFO] Using 'UTF-8' encoding to copy filtered resources.
[INFO] Using 'UTF-8' encoding to copy filtered properties files.
[INFO] Copying 1 resource
[INFO] 
[INFO] --- maven-compiler-plugin:3.10.1:testCompile (default-testCompile) @ quarkus-micrometer-registry-azure-monitor-deployment ---
[INFO] Changes detected - recompiling the module!
[INFO] Compiling 4 source files to /home/gabsko/breaking-updates/micrometer-registry-azure-monitor/deployment/target/test-classes
[INFO] 
[INFO] --- maven-surefire-plugin:2.22.2:test (default-test) @ quarkus-micrometer-registry-azure-monitor-deployment ---
[INFO] 
[INFO] -------------------------------------------------------
[INFO]  T E S T S
[INFO] -------------------------------------------------------
[INFO] Running io.quarkiverse.micrometer.registry.azuremonitor.deployment.DisableDefaultRegistryTest
2023-02-02 00:59:13,965 INFO  [io.quarkus] (main) quarkus-micrometer-registry-azure-monitor-deployment 299-SNAPSHOT on JVM (powered by Quarkus 2.9.2.Final) started in 0.627s. Listening on: http://localhost:8081
2023-02-02 00:59:13,966 INFO  [io.quarkus] (main) Profile test activated. 
2023-02-02 00:59:13,966 INFO  [io.quarkus] (main) Installed features: [cdi, micrometer, smallrye-context-propagation, vertx]
2023-02-02 00:59:14,067 INFO  [io.quarkus] (main) quarkus-micrometer-registry-azure-monitor-deployment stopped in 0.044s
[INFO] Tests run: 1, Failures: 0, Errors: 0, Skipped: 0, Time elapsed: 3.575 s - in io.quarkiverse.micrometer.registry.azuremonitor.deployment.DisableDefaultRegistryTest
[INFO] Running io.quarkiverse.micrometer.registry.azuremonitor.deployment.AzureMonitorEnabledTest
2023-02-02 00:59:14,989 INFO  [io.mic.cor.ins.pus.PushMeterRegistry] (main) publishing metrics for AzureMonitorMeterRegistry every 1m
2023-02-02 00:59:15,085 INFO  [io.quarkus] (main) quarkus-micrometer-registry-azure-monitor-deployment 299-SNAPSHOT on JVM (powered by Quarkus 2.9.2.Final) started in 0.417s. Listening on: http://localhost:8081
2023-02-02 00:59:15,085 INFO  [io.quarkus] (main) Profile test activated. 
2023-02-02 00:59:15,085 INFO  [io.quarkus] (main) Installed features: [cdi, micrometer, smallrye-context-propagation, vertx]
2023-02-02 00:59:15,147 INFO  [io.quarkus] (main) quarkus-micrometer-registry-azure-monitor-deployment stopped in 0.048s
[INFO] Tests run: 1, Failures: 0, Errors: 0, Skipped: 0, Time elapsed: 1.037 s - in io.quarkiverse.micrometer.registry.azuremonitor.deployment.AzureMonitorEnabledTest
[INFO] Running io.quarkiverse.micrometer.registry.azuremonitor.deployment.AzureMonitorEnabledInvalidTest
2023-02-02 00:59:15,767 ERROR [io.qua.mic.run.exp.ConfigAdapter] (main) quarkus.micrometer.export.azuremonitor.instrumentation-key is required
[INFO] Tests run: 1, Failures: 0, Errors: 0, Skipped: 0, Time elapsed: 0.723 s - in io.quarkiverse.micrometer.registry.azuremonitor.deployment.AzureMonitorEnabledInvalidTest
[INFO] 
[INFO] Results:
[INFO] 
[INFO] Tests run: 3, Failures: 0, Errors: 0, Skipped: 0
[INFO] 
[INFO] 
[INFO] --< io.quarkiverse.micrometer.registry:quarkus-micrometer-registry-datadog-parent >--
[INFO] Building Quarkus Micrometer Registry - Datadog - Parent 299-SNAPSHOT [5/32]
[INFO] --------------------------------[ pom ]---------------------------------
[INFO] 
[INFO] --- maven-clean-plugin:3.1.0:clean (default-clean) @ quarkus-micrometer-registry-datadog-parent ---
[INFO] Deleting /home/gabsko/breaking-updates/micrometer-registry-datadog/target
[INFO] 
[INFO] --- maven-enforcer-plugin:3.0.0-M3:enforce (enforce-java-version) @ quarkus-micrometer-registry-datadog-parent ---
[INFO] 
[INFO] --- maven-enforcer-plugin:3.0.0-M3:enforce (enforce-maven-version) @ quarkus-micrometer-registry-datadog-parent ---
[INFO] 
[INFO] --- buildnumber-maven-plugin:1.4:create (get-scm-revision) @ quarkus-micrometer-registry-datadog-parent ---
[INFO] 
[INFO] --- formatter-maven-plugin:2.17.1:format (default) @ quarkus-micrometer-registry-datadog-parent ---
[INFO] 
[INFO] --- impsort-maven-plugin:1.6.2:sort (sort-imports) @ quarkus-micrometer-registry-datadog-parent ---
[INFO] Processed 0 files in 00:00.000 (Already Sorted: 0, Needed Sorting: 0)
[INFO] 
[INFO] --< io.quarkiverse.micrometer.registry:quarkus-micrometer-registry-datadog >--
[INFO] Building Quarkus Micrometer Registry - Datadog - Runtime 299-SNAPSHOT [6/32]
[INFO] --------------------------------[ jar ]---------------------------------
[INFO] 
[INFO] --- maven-clean-plugin:3.1.0:clean (default-clean) @ quarkus-micrometer-registry-datadog ---
[INFO] Deleting /home/gabsko/breaking-updates/micrometer-registry-datadog/runtime/target
[INFO] 
[INFO] --- maven-enforcer-plugin:3.0.0-M3:enforce (enforce-java-version) @ quarkus-micrometer-registry-datadog ---
[INFO] 
[INFO] --- maven-enforcer-plugin:3.0.0-M3:enforce (enforce-maven-version) @ quarkus-micrometer-registry-datadog ---
[INFO] 
[INFO] --- buildnumber-maven-plugin:1.4:create (get-scm-revision) @ quarkus-micrometer-registry-datadog ---
[INFO] 
[INFO] --- formatter-maven-plugin:2.17.1:format (default) @ quarkus-micrometer-registry-datadog ---
[INFO] Processed 3 files in 22ms (Formatted: 0, Unchanged: 3, Failed: 0, Readonly: 0)
[INFO] 
[INFO] --- impsort-maven-plugin:1.6.2:sort (sort-imports) @ quarkus-micrometer-registry-datadog ---
[INFO] Processed 3 files in 00:00.011 (Already Sorted: 3, Needed Sorting: 0)
[INFO] 
[INFO] --- maven-resources-plugin:3.2.0:resources (default-resources) @ quarkus-micrometer-registry-datadog ---
[INFO] Using 'UTF-8' encoding to copy filtered resources.
[INFO] Using 'UTF-8' encoding to copy filtered properties files.
[INFO] Copying 1 resource
[INFO] 
[INFO] --- maven-compiler-plugin:3.10.1:compile (default-compile) @ quarkus-micrometer-registry-datadog ---
[INFO] Changes detected - recompiling the module!
[INFO] Compiling 3 source files to /home/gabsko/breaking-updates/micrometer-registry-datadog/runtime/target/classes
[WARNING] /home/gabsko/breaking-updates/micrometer-registry-datadog/runtime/src/main/java/io/quarkiverse/micrometer/registry/datadog/ConditionalRegistryProducer.java:[20,6] io.quarkus.arc.AlternativePriority in io.quarkus.arc has been deprecated
[WARNING] /home/gabsko/breaking-updates/micrometer-registry-datadog/runtime/src/main/java/io/quarkiverse/micrometer/registry/datadog/ConditionalRegistryProducer.java:[20,6] io.quarkus.arc.AlternativePriority in io.quarkus.arc has been deprecated
[WARNING] /home/gabsko/breaking-updates/micrometer-registry-datadog/runtime/src/main/java/io/quarkiverse/micrometer/registry/datadog/ConditionalRegistryProducer.java:[20,6] io.quarkus.arc.AlternativePriority in io.quarkus.arc has been deprecated
[WARNING] /home/gabsko/breaking-updates/micrometer-registry-datadog/runtime/src/main/java/io/quarkiverse/micrometer/registry/datadog/ConditionalRegistryProducer.java:[20,6] io.quarkus.arc.AlternativePriority in io.quarkus.arc has been deprecated
[INFO] 
[INFO] --- quarkus-bootstrap-maven-plugin:2.9.2.Final:extension-descriptor (default) @ quarkus-micrometer-registry-datadog ---
[INFO] 
[INFO] --- maven-resources-plugin:3.2.0:testResources (default-testResources) @ quarkus-micrometer-registry-datadog ---
[INFO] Using 'UTF-8' encoding to copy filtered resources.
[INFO] Using 'UTF-8' encoding to copy filtered properties files.
[INFO] skip non existing resourceDirectory /home/gabsko/breaking-updates/micrometer-registry-datadog/runtime/src/test/resources
[INFO] 
[INFO] --- maven-compiler-plugin:3.10.1:testCompile (default-testCompile) @ quarkus-micrometer-registry-datadog ---
[INFO] No sources to compile
[INFO] 
[INFO] --- maven-surefire-plugin:2.22.2:test (default-test) @ quarkus-micrometer-registry-datadog ---
[INFO] No tests to run.
[INFO] 
[INFO] --< io.quarkiverse.micrometer.registry:quarkus-micrometer-registry-datadog-deployment >--
[INFO] Building Quarkus Micrometer Registry - Datadog - Deployment 299-SNAPSHOT [7/32]
[INFO] --------------------------------[ jar ]---------------------------------
[INFO] 
[INFO] --- maven-clean-plugin:3.1.0:clean (default-clean) @ quarkus-micrometer-registry-datadog-deployment ---
[INFO] Deleting /home/gabsko/breaking-updates/micrometer-registry-datadog/deployment/target
[INFO] 
[INFO] --- maven-enforcer-plugin:3.0.0-M3:enforce (enforce-java-version) @ quarkus-micrometer-registry-datadog-deployment ---
[INFO] 
[INFO] --- maven-enforcer-plugin:3.0.0-M3:enforce (enforce-maven-version) @ quarkus-micrometer-registry-datadog-deployment ---
[INFO] 
[INFO] --- buildnumber-maven-plugin:1.4:create (get-scm-revision) @ quarkus-micrometer-registry-datadog-deployment ---
[INFO] 
[INFO] --- formatter-maven-plugin:2.17.1:format (default) @ quarkus-micrometer-registry-datadog-deployment ---
[INFO] Processed 4 files in 32ms (Formatted: 0, Unchanged: 4, Failed: 0, Readonly: 0)
[INFO] 
[INFO] --- impsort-maven-plugin:1.6.2:sort (sort-imports) @ quarkus-micrometer-registry-datadog-deployment ---
[INFO] Processed 4 files in 00:00.019 (Already Sorted: 4, Needed Sorting: 0)
[INFO] 
[INFO] --- maven-resources-plugin:3.2.0:resources (default-resources) @ quarkus-micrometer-registry-datadog-deployment ---
[INFO] Using 'UTF-8' encoding to copy filtered resources.
[INFO] Using 'UTF-8' encoding to copy filtered properties files.
[INFO] skip non existing resourceDirectory /home/gabsko/breaking-updates/micrometer-registry-datadog/deployment/src/main/resources
[INFO] 
[INFO] --- maven-compiler-plugin:3.10.1:compile (default-compile) @ quarkus-micrometer-registry-datadog-deployment ---
[INFO] Changes detected - recompiling the module!
[INFO] Compiling 1 source file to /home/gabsko/breaking-updates/micrometer-registry-datadog/deployment/target/classes
[INFO] 
[INFO] --- maven-resources-plugin:3.2.0:testResources (default-testResources) @ quarkus-micrometer-registry-datadog-deployment ---
[INFO] Using 'UTF-8' encoding to copy filtered resources.
[INFO] Using 'UTF-8' encoding to copy filtered properties files.
[INFO] Copying 1 resource
[INFO] 
[INFO] --- maven-compiler-plugin:3.10.1:testCompile (default-testCompile) @ quarkus-micrometer-registry-datadog-deployment ---
[INFO] Changes detected - recompiling the module!
[INFO] Compiling 3 source files to /home/gabsko/breaking-updates/micrometer-registry-datadog/deployment/target/test-classes
[INFO] 
[INFO] --- maven-surefire-plugin:2.22.2:test (default-test) @ quarkus-micrometer-registry-datadog-deployment ---
[INFO] 
[INFO] -------------------------------------------------------
[INFO]  T E S T S
[INFO] -------------------------------------------------------
[INFO] Running io.quarkiverse.micrometer.registry.datadog.deployment.DatadogEnabledTest
2023-02-02 00:59:21,204 INFO  [io.quarkus] (main) quarkus-micrometer-registry-datadog-deployment 299-SNAPSHOT on JVM (powered by Quarkus 2.9.2.Final) started in 0.478s. Listening on: http://localhost:8081
2023-02-02 00:59:21,207 INFO  [io.quarkus] (main) Profile test activated. 
2023-02-02 00:59:21,207 INFO  [io.quarkus] (main) Installed features: [cdi, micrometer, smallrye-context-propagation, vertx]
2023-02-02 00:59:21,291 INFO  [io.quarkus] (main) quarkus-micrometer-registry-datadog-deployment stopped in 0.045s
[INFO] Tests run: 1, Failures: 0, Errors: 0, Skipped: 0, Time elapsed: 3.324 s - in io.quarkiverse.micrometer.registry.datadog.deployment.DatadogEnabledTest
[INFO] Running io.quarkiverse.micrometer.registry.datadog.deployment.DisableDefaultRegistryTest
2023-02-02 00:59:22,052 INFO  [io.quarkus] (main) quarkus-micrometer-registry-datadog-deployment 299-SNAPSHOT on JVM (powered by Quarkus 2.9.2.Final) started in 0.319s. Listening on: http://localhost:8081
2023-02-02 00:59:22,053 INFO  [io.quarkus] (main) Profile test activated. 
2023-02-02 00:59:22,053 INFO  [io.quarkus] (main) Installed features: [cdi, micrometer, smallrye-context-propagation, vertx]
2023-02-02 00:59:22,179 INFO  [io.quarkus] (main) quarkus-micrometer-registry-datadog-deployment stopped in 0.116s
[INFO] Tests run: 1, Failures: 0, Errors: 0, Skipped: 0, Time elapsed: 0.881 s - in io.quarkiverse.micrometer.registry.datadog.deployment.DisableDefaultRegistryTest
[INFO] Running io.quarkiverse.micrometer.registry.datadog.deployment.DatadogEnabledInvalidTest
2023-02-02 00:59:22,884 ERROR [io.qua.mic.run.exp.ConfigAdapter] (main) quarkus.micrometer.export.datadog.api-key is required
[INFO] Tests run: 1, Failures: 0, Errors: 0, Skipped: 0, Time elapsed: 0.748 s - in io.quarkiverse.micrometer.registry.datadog.deployment.DatadogEnabledInvalidTest
[INFO] 
[INFO] Results:
[INFO] 
[INFO] Tests run: 3, Failures: 0, Errors: 0, Skipped: 0
[INFO] 
[INFO] 
[INFO] --< io.quarkiverse.micrometer.registry:quarkus-micrometer-registry-graphite-parent >--
[INFO] Building Quarkus Micrometer Registry - Graphite - Parent 299-SNAPSHOT [8/32]
[INFO] --------------------------------[ pom ]---------------------------------
[INFO] 
[INFO] --- maven-clean-plugin:3.1.0:clean (default-clean) @ quarkus-micrometer-registry-graphite-parent ---
[INFO] Deleting /home/gabsko/breaking-updates/micrometer-registry-graphite/target
[INFO] 
[INFO] --- maven-enforcer-plugin:3.0.0-M3:enforce (enforce-java-version) @ quarkus-micrometer-registry-graphite-parent ---
[INFO] 
[INFO] --- maven-enforcer-plugin:3.0.0-M3:enforce (enforce-maven-version) @ quarkus-micrometer-registry-graphite-parent ---
[INFO] 
[INFO] --- buildnumber-maven-plugin:1.4:create (get-scm-revision) @ quarkus-micrometer-registry-graphite-parent ---
[INFO] 
[INFO] --- formatter-maven-plugin:2.17.1:format (default) @ quarkus-micrometer-registry-graphite-parent ---
[INFO] 
[INFO] --- impsort-maven-plugin:1.6.2:sort (sort-imports) @ quarkus-micrometer-registry-graphite-parent ---
[INFO] Processed 0 files in 00:00.000 (Already Sorted: 0, Needed Sorting: 0)
[INFO] 
[INFO] --< io.quarkiverse.micrometer.registry:quarkus-micrometer-registry-graphite >--
[INFO] Building Quarkus Micrometer Registry - Graphite - Runtime 299-SNAPSHOT [9/32]
[INFO] --------------------------------[ jar ]---------------------------------
[INFO] 
[INFO] --- maven-clean-plugin:3.1.0:clean (default-clean) @ quarkus-micrometer-registry-graphite ---
[INFO] Deleting /home/gabsko/breaking-updates/micrometer-registry-graphite/runtime/target
[INFO] 
[INFO] --- maven-enforcer-plugin:3.0.0-M3:enforce (enforce-java-version) @ quarkus-micrometer-registry-graphite ---
[INFO] 
[INFO] --- maven-enforcer-plugin:3.0.0-M3:enforce (enforce-maven-version) @ quarkus-micrometer-registry-graphite ---
[INFO] 
[INFO] --- buildnumber-maven-plugin:1.4:create (get-scm-revision) @ quarkus-micrometer-registry-graphite ---
[INFO] 
[INFO] --- formatter-maven-plugin:2.17.1:format (default) @ quarkus-micrometer-registry-graphite ---
[INFO] Processed 4 files in 25ms (Formatted: 0, Unchanged: 4, Failed: 0, Readonly: 0)
[INFO] 
[INFO] --- impsort-maven-plugin:1.6.2:sort (sort-imports) @ quarkus-micrometer-registry-graphite ---
[INFO] Processed 4 files in 00:00.015 (Already Sorted: 4, Needed Sorting: 0)
[INFO] 
[INFO] --- maven-resources-plugin:3.2.0:resources (default-resources) @ quarkus-micrometer-registry-graphite ---
[INFO] Using 'UTF-8' encoding to copy filtered resources.
[INFO] Using 'UTF-8' encoding to copy filtered properties files.
[INFO] Copying 1 resource
[INFO] 
[INFO] --- maven-compiler-plugin:3.10.1:compile (default-compile) @ quarkus-micrometer-registry-graphite ---
[INFO] Changes detected - recompiling the module!
[INFO] Compiling 4 source files to /home/gabsko/breaking-updates/micrometer-registry-graphite/runtime/target/classes
[WARNING] /home/gabsko/breaking-updates/micrometer-registry-graphite/runtime/src/main/java/io/quarkiverse/micrometer/registry/graphite/ConditionalRegistryProducer.java:[21,6] io.quarkus.arc.AlternativePriority in io.quarkus.arc has been deprecated
[WARNING] /home/gabsko/breaking-updates/micrometer-registry-graphite/runtime/src/main/java/io/quarkiverse/micrometer/registry/graphite/ConditionalRegistryProducer.java:[21,6] io.quarkus.arc.AlternativePriority in io.quarkus.arc has been deprecated
[WARNING] /home/gabsko/breaking-updates/micrometer-registry-graphite/runtime/src/main/java/io/quarkiverse/micrometer/registry/graphite/ConditionalRegistryProducer.java:[21,6] io.quarkus.arc.AlternativePriority in io.quarkus.arc has been deprecated
[WARNING] /home/gabsko/breaking-updates/micrometer-registry-graphite/runtime/src/main/java/io/quarkiverse/micrometer/registry/graphite/ConditionalRegistryProducer.java:[21,6] io.quarkus.arc.AlternativePriority in io.quarkus.arc has been deprecated
[INFO] 
[INFO] --- quarkus-bootstrap-maven-plugin:2.9.2.Final:extension-descriptor (default) @ quarkus-micrometer-registry-graphite ---
[INFO] 
[INFO] --- maven-resources-plugin:3.2.0:testResources (default-testResources) @ quarkus-micrometer-registry-graphite ---
[INFO] Using 'UTF-8' encoding to copy filtered resources.
[INFO] Using 'UTF-8' encoding to copy filtered properties files.
[INFO] skip non existing resourceDirectory /home/gabsko/breaking-updates/micrometer-registry-graphite/runtime/src/test/resources
[INFO] 
[INFO] --- maven-compiler-plugin:3.10.1:testCompile (default-testCompile) @ quarkus-micrometer-registry-graphite ---
[INFO] No sources to compile
[INFO] 
[INFO] --- maven-surefire-plugin:2.22.2:test (default-test) @ quarkus-micrometer-registry-graphite ---
[INFO] No tests to run.
[INFO] 
[INFO] --< io.quarkiverse.micrometer.registry:quarkus-micrometer-registry-graphite-deployment >--
[INFO] Building Quarkus Micrometer Registry - Graphite - Deployment 299-SNAPSHOT [10/32]
[INFO] --------------------------------[ jar ]---------------------------------
[INFO] 
[INFO] --- maven-clean-plugin:3.1.0:clean (default-clean) @ quarkus-micrometer-registry-graphite-deployment ---
[INFO] Deleting /home/gabsko/breaking-updates/micrometer-registry-graphite/deployment/target
[INFO] 
[INFO] --- maven-enforcer-plugin:3.0.0-M3:enforce (enforce-java-version) @ quarkus-micrometer-registry-graphite-deployment ---
[INFO] 
[INFO] --- maven-enforcer-plugin:3.0.0-M3:enforce (enforce-maven-version) @ quarkus-micrometer-registry-graphite-deployment ---
[INFO] 
[INFO] --- buildnumber-maven-plugin:1.4:create (get-scm-revision) @ quarkus-micrometer-registry-graphite-deployment ---
[INFO] 
[INFO] --- formatter-maven-plugin:2.17.1:format (default) @ quarkus-micrometer-registry-graphite-deployment ---
[INFO] Processed 6 files in 26ms (Formatted: 0, Unchanged: 6, Failed: 0, Readonly: 0)
[INFO] 
[INFO] --- impsort-maven-plugin:1.6.2:sort (sort-imports) @ quarkus-micrometer-registry-graphite-deployment ---
[INFO] Processed 6 files in 00:00.021 (Already Sorted: 6, Needed Sorting: 0)
[INFO] 
[INFO] --- maven-resources-plugin:3.2.0:resources (default-resources) @ quarkus-micrometer-registry-graphite-deployment ---
[INFO] Using 'UTF-8' encoding to copy filtered resources.
[INFO] Using 'UTF-8' encoding to copy filtered properties files.
[INFO] skip non existing resourceDirectory /home/gabsko/breaking-updates/micrometer-registry-graphite/deployment/src/main/resources
[INFO] 
[INFO] --- maven-compiler-plugin:3.10.1:compile (default-compile) @ quarkus-micrometer-registry-graphite-deployment ---
[INFO] Changes detected - recompiling the module!
[INFO] Compiling 1 source file to /home/gabsko/breaking-updates/micrometer-registry-graphite/deployment/target/classes
[INFO] 
[INFO] --- maven-resources-plugin:3.2.0:testResources (default-testResources) @ quarkus-micrometer-registry-graphite-deployment ---
[INFO] Using 'UTF-8' encoding to copy filtered resources.
[INFO] Using 'UTF-8' encoding to copy filtered properties files.
[INFO] Copying 1 resource
[INFO] 
[INFO] --- maven-compiler-plugin:3.10.1:testCompile (default-testCompile) @ quarkus-micrometer-registry-graphite-deployment ---
[INFO] Changes detected - recompiling the module!
[INFO] Compiling 5 source files to /home/gabsko/breaking-updates/micrometer-registry-graphite/deployment/target/test-classes
[WARNING] /home/gabsko/breaking-updates/micrometer-registry-graphite/deployment/src/test/java/io/quarkiverse/micrometer/registry/graphite/deployment/GraphiteNameMapperTest.java:[60,10] io.quarkus.arc.AlternativePriority in io.quarkus.arc has been deprecated
[WARNING] /home/gabsko/breaking-updates/micrometer-registry-graphite/deployment/src/test/java/io/quarkiverse/micrometer/registry/graphite/deployment/GraphiteNameMapperTest.java:[60,10] io.quarkus.arc.AlternativePriority in io.quarkus.arc has been deprecated
[WARNING] /home/gabsko/breaking-updates/micrometer-registry-graphite/deployment/src/test/java/io/quarkiverse/micrometer/registry/graphite/deployment/GraphiteNameMapperTest.java:[60,10] io.quarkus.arc.AlternativePriority in io.quarkus.arc has been deprecated
[INFO] 
[INFO] --- maven-surefire-plugin:2.22.2:test (default-test) @ quarkus-micrometer-registry-graphite-deployment ---
[INFO] 
[INFO] -------------------------------------------------------
[INFO]  T E S T S
[INFO] -------------------------------------------------------
[INFO] Running io.quarkiverse.micrometer.registry.graphite.deployment.DisableDefaultRegistryTest
2023-02-02 00:59:28,439 INFO  [io.quarkus] (main) quarkus-micrometer-registry-graphite-deployment 299-SNAPSHOT on JVM (powered by Quarkus 2.9.2.Final) started in 0.455s. Listening on: http://localhost:8081
2023-02-02 00:59:28,441 INFO  [io.quarkus] (main) Profile test activated. 
2023-02-02 00:59:28,441 INFO  [io.quarkus] (main) Installed features: [cdi, micrometer, smallrye-context-propagation, vertx]
2023-02-02 00:59:28,516 INFO  [io.quarkus] (main) quarkus-micrometer-registry-graphite-deployment stopped in 0.038s
[INFO] Tests run: 1, Failures: 0, Errors: 0, Skipped: 0, Time elapsed: 3.284 s - in io.quarkiverse.micrometer.registry.graphite.deployment.DisableDefaultRegistryTest
[INFO] Running io.quarkiverse.micrometer.registry.graphite.deployment.GraphiteNameMapperTest
2023-02-02 00:59:29,398 INFO  [io.quarkus] (main) quarkus-micrometer-registry-graphite-deployment 299-SNAPSHOT on JVM (powered by Quarkus 2.9.2.Final) started in 0.356s. Listening on: http://localhost:8081
2023-02-02 00:59:29,399 INFO  [io.quarkus] (main) Profile test activated. 
2023-02-02 00:59:29,399 INFO  [io.quarkus] (main) Installed features: [cdi, micrometer, smallrye-context-propagation, vertx]
2023-02-02 00:59:29,428 WARN  [com.cod.met.gra.GraphiteReporter] (main) Unable to report to Graphite: java.net.ConnectException: Connection refused (Connection refused)
	at java.base/java.net.PlainSocketImpl.socketConnect(Native Method)
	at java.base/java.net.AbstractPlainSocketImpl.doConnect(AbstractPlainSocketImpl.java:412)
	at java.base/java.net.AbstractPlainSocketImpl.connectToAddress(AbstractPlainSocketImpl.java:255)
	at java.base/java.net.AbstractPlainSocketImpl.connect(AbstractPlainSocketImpl.java:237)
	at java.base/java.net.SocksSocketImpl.connect(SocksSocketImpl.java:392)
	at java.base/java.net.Socket.connect(Socket.java:609)
	at java.base/java.net.Socket.connect(Socket.java:558)
	at java.base/java.net.Socket.<init>(Socket.java:454)
	at java.base/java.net.Socket.<init>(Socket.java:264)
	at java.base/javax.net.DefaultSocketFactory.createSocket(SocketFactory.java:277)
	at com.codahale.metrics.graphite.PickledGraphite.connect(PickledGraphite.java:185)
	at com.codahale.metrics.graphite.GraphiteReporter.report(GraphiteReporter.java:374)
	at com.codahale.metrics.ScheduledReporter.report(ScheduledReporter.java:253)
	at com.codahale.metrics.ScheduledReporter.stop(ScheduledReporter.java:200)
	at com.codahale.metrics.graphite.GraphiteReporter.stop(GraphiteReporter.java:410)
	at com.codahale.metrics.ScheduledReporter.close(ScheduledReporter.java:245)
	at io.micrometer.graphite.GraphiteMeterRegistry.close(GraphiteMeterRegistry.java:94)
	at io.quarkus.micrometer.runtime.MicrometerRecorder$1.run(MicrometerRecorder.java:148)
	at io.quarkus.runtime.StartupContext.runAllInReverseOrder(StartupContext.java:84)
	at io.quarkus.runtime.StartupContext.close(StartupContext.java:73)
	at io.quarkus.runner.ApplicationImpl.doStop(Unknown Source)
	at io.quarkus.runtime.Application.stop(Application.java:203)
	at io.quarkus.runtime.Application.stop(Application.java:155)
	at io.quarkus.runtime.Application.close(Application.java:137)
	at io.quarkus.runner.bootstrap.StartupActionImpl$4.close(StartupActionImpl.java:248)
	at io.quarkus.runner.bootstrap.RunningQuarkusApplicationImpl.close(RunningQuarkusApplicationImpl.java:35)
	at io.quarkus.test.QuarkusUnitTest.afterAll(QuarkusUnitTest.java:715)
	at org.junit.jupiter.engine.descriptor.ClassBasedTestDescriptor.lambda$invokeAfterAllCallbacks$16(ClassBasedTestDescriptor.java:447)
	at org.junit.platform.engine.support.hierarchical.ThrowableCollector.execute(ThrowableCollector.java:73)
	at org.junit.jupiter.engine.descriptor.ClassBasedTestDescriptor.lambda$invokeAfterAllCallbacks$17(ClassBasedTestDescriptor.java:447)
	at java.base/java.util.ArrayList.forEach(ArrayList.java:1541)
	at org.junit.jupiter.engine.descriptor.ClassBasedTestDescriptor.invokeAfterAllCallbacks(ClassBasedTestDescriptor.java:447)
	at org.junit.jupiter.engine.descriptor.ClassBasedTestDescriptor.after(ClassBasedTestDescriptor.java:229)
	at org.junit.jupiter.engine.descriptor.ClassBasedTestDescriptor.after(ClassBasedTestDescriptor.java:80)
	at org.junit.platform.engine.support.hierarchical.NodeTestTask.lambda$executeRecursively$7(NodeTestTask.java:161)
	at org.junit.platform.engine.support.hierarchical.ThrowableCollector.execute(ThrowableCollector.java:73)
	at org.junit.platform.engine.support.hierarchical.NodeTestTask.lambda$executeRecursively$8(NodeTestTask.java:161)
	at org.junit.platform.engine.support.hierarchical.Node.around(Node.java:137)
	at org.junit.platform.engine.support.hierarchical.NodeTestTask.lambda$executeRecursively$9(NodeTestTask.java:139)
	at org.junit.platform.engine.support.hierarchical.ThrowableCollector.execute(ThrowableCollector.java:73)
	at org.junit.platform.engine.support.hierarchical.NodeTestTask.executeRecursively(NodeTestTask.java:138)
	at org.junit.platform.engine.support.hierarchical.NodeTestTask.execute(NodeTestTask.java:95)
	at java.base/java.util.ArrayList.forEach(ArrayList.java:1541)
	at org.junit.platform.engine.support.hierarchical.SameThreadHierarchicalTestExecutorService.invokeAll(SameThreadHierarchicalTestExecutorService.java:41)
	at org.junit.platform.engine.support.hierarchical.NodeTestTask.lambda$executeRecursively$6(NodeTestTask.java:155)
	at org.junit.platform.engine.support.hierarchical.ThrowableCollector.execute(ThrowableCollector.java:73)
	at org.junit.platform.engine.support.hierarchical.NodeTestTask.lambda$executeRecursively$8(NodeTestTask.java:141)
	at org.junit.platform.engine.support.hierarchical.Node.around(Node.java:137)
	at org.junit.platform.engine.support.hierarchical.NodeTestTask.lambda$executeRecursively$9(NodeTestTask.java:139)
	at org.junit.platform.engine.support.hierarchical.ThrowableCollector.execute(ThrowableCollector.java:73)
	at org.junit.platform.engine.support.hierarchical.NodeTestTask.executeRecursively(NodeTestTask.java:138)
	at org.junit.platform.engine.support.hierarchical.NodeTestTask.execute(NodeTestTask.java:95)
	at org.junit.platform.engine.support.hierarchical.SameThreadHierarchicalTestExecutorService.submit(SameThreadHierarchicalTestExecutorService.java:35)
	at org.junit.platform.engine.support.hierarchical.HierarchicalTestExecutor.execute(HierarchicalTestExecutor.java:57)
	at org.junit.platform.engine.support.hierarchical.HierarchicalTestEngine.execute(HierarchicalTestEngine.java:54)
	at org.junit.platform.launcher.core.EngineExecutionOrchestrator.execute(EngineExecutionOrchestrator.java:107)
	at org.junit.platform.launcher.core.EngineExecutionOrchestrator.execute(EngineExecutionOrchestrator.java:88)
	at org.junit.platform.launcher.core.EngineExecutionOrchestrator.lambda$execute$0(EngineExecutionOrchestrator.java:54)
	at org.junit.platform.launcher.core.EngineExecutionOrchestrator.withInterceptedStreams(EngineExecutionOrchestrator.java:67)
	at org.junit.platform.launcher.core.EngineExecutionOrchestrator.execute(EngineExecutionOrchestrator.java:52)
	at org.junit.platform.launcher.core.DefaultLauncher.execute(DefaultLauncher.java:114)
	at org.junit.platform.launcher.core.DefaultLauncher.execute(DefaultLauncher.java:86)
	at org.junit.platform.launcher.core.DefaultLauncherSession$DelegatingLauncher.execute(DefaultLauncherSession.java:86)
	at org.junit.platform.launcher.core.SessionPerRequestLauncher.execute(SessionPerRequestLauncher.java:53)
	at org.apache.maven.surefire.junitplatform.JUnitPlatformProvider.invokeAllTests(JUnitPlatformProvider.java:150)
	at org.apache.maven.surefire.junitplatform.JUnitPlatformProvider.invoke(JUnitPlatformProvider.java:124)
	at org.apache.maven.surefire.booter.ForkedBooter.invokeProviderInSameClassLoader(ForkedBooter.java:384)
	at org.apache.maven.surefire.booter.ForkedBooter.runSuitesInProcess(ForkedBooter.java:345)
	at org.apache.maven.surefire.booter.ForkedBooter.execute(ForkedBooter.java:126)
	at org.apache.maven.surefire.booter.ForkedBooter.main(ForkedBooter.java:418)

2023-02-02 00:59:29,465 INFO  [io.quarkus] (main) quarkus-micrometer-registry-graphite-deployment stopped in 0.047s
[INFO] Tests run: 1, Failures: 0, Errors: 0, Skipped: 0, Time elapsed: 0.939 s - in io.quarkiverse.micrometer.registry.graphite.deployment.GraphiteNameMapperTest
[INFO] Running io.quarkiverse.micrometer.registry.graphite.deployment.GraphiteEnabledTest
2023-02-02 00:59:30,134 INFO  [io.quarkus] (main) quarkus-micrometer-registry-graphite-deployment 299-SNAPSHOT on JVM (powered by Quarkus 2.9.2.Final) started in 0.287s. Listening on: http://localhost:8081
2023-02-02 00:59:30,134 INFO  [io.quarkus] (main) Profile test activated. 
2023-02-02 00:59:30,134 INFO  [io.quarkus] (main) Installed features: [cdi, micrometer, smallrye-context-propagation, vertx]
2023-02-02 00:59:30,158 WARN  [com.cod.met.gra.GraphiteReporter] (main) Unable to report to Graphite: java.net.ConnectException: Connection refused (Connection refused)
	at java.base/java.net.PlainSocketImpl.socketConnect(Native Method)
	at java.base/java.net.AbstractPlainSocketImpl.doConnect(AbstractPlainSocketImpl.java:412)
	at java.base/java.net.AbstractPlainSocketImpl.connectToAddress(AbstractPlainSocketImpl.java:255)
	at java.base/java.net.AbstractPlainSocketImpl.connect(AbstractPlainSocketImpl.java:237)
	at java.base/java.net.SocksSocketImpl.connect(SocksSocketImpl.java:392)
	at java.base/java.net.Socket.connect(Socket.java:609)
	at java.base/java.net.Socket.connect(Socket.java:558)
	at java.base/java.net.Socket.<init>(Socket.java:454)
	at java.base/java.net.Socket.<init>(Socket.java:264)
	at java.base/javax.net.DefaultSocketFactory.createSocket(SocketFactory.java:277)
	at com.codahale.metrics.graphite.PickledGraphite.connect(PickledGraphite.java:185)
	at com.codahale.metrics.graphite.GraphiteReporter.report(GraphiteReporter.java:374)
	at com.codahale.metrics.ScheduledReporter.report(ScheduledReporter.java:253)
	at com.codahale.metrics.ScheduledReporter.stop(ScheduledReporter.java:200)
	at com.codahale.metrics.graphite.GraphiteReporter.stop(GraphiteReporter.java:410)
	at com.codahale.metrics.ScheduledReporter.close(ScheduledReporter.java:245)
	at io.micrometer.graphite.GraphiteMeterRegistry.close(GraphiteMeterRegistry.java:94)
	at io.quarkus.micrometer.runtime.MicrometerRecorder$1.run(MicrometerRecorder.java:148)
	at io.quarkus.runtime.StartupContext.runAllInReverseOrder(StartupContext.java:84)
	at io.quarkus.runtime.StartupContext.close(StartupContext.java:73)
	at io.quarkus.runner.ApplicationImpl.doStop(Unknown Source)
	at io.quarkus.runtime.Application.stop(Application.java:203)
	at io.quarkus.runtime.Application.stop(Application.java:155)
	at io.quarkus.runtime.Application.close(Application.java:137)
	at io.quarkus.runner.bootstrap.StartupActionImpl$4.close(StartupActionImpl.java:248)
	at io.quarkus.runner.bootstrap.RunningQuarkusApplicationImpl.close(RunningQuarkusApplicationImpl.java:35)
	at io.quarkus.test.QuarkusUnitTest.afterAll(QuarkusUnitTest.java:715)
	at org.junit.jupiter.engine.descriptor.ClassBasedTestDescriptor.lambda$invokeAfterAllCallbacks$16(ClassBasedTestDescriptor.java:447)
	at org.junit.platform.engine.support.hierarchical.ThrowableCollector.execute(ThrowableCollector.java:73)
	at org.junit.jupiter.engine.descriptor.ClassBasedTestDescriptor.lambda$invokeAfterAllCallbacks$17(ClassBasedTestDescriptor.java:447)
	at java.base/java.util.ArrayList.forEach(ArrayList.java:1541)
	at org.junit.jupiter.engine.descriptor.ClassBasedTestDescriptor.invokeAfterAllCallbacks(ClassBasedTestDescriptor.java:447)
	at org.junit.jupiter.engine.descriptor.ClassBasedTestDescriptor.after(ClassBasedTestDescriptor.java:229)
	at org.junit.jupiter.engine.descriptor.ClassBasedTestDescriptor.after(ClassBasedTestDescriptor.java:80)
	at org.junit.platform.engine.support.hierarchical.NodeTestTask.lambda$executeRecursively$7(NodeTestTask.java:161)
	at org.junit.platform.engine.support.hierarchical.ThrowableCollector.execute(ThrowableCollector.java:73)
	at org.junit.platform.engine.support.hierarchical.NodeTestTask.lambda$executeRecursively$8(NodeTestTask.java:161)
	at org.junit.platform.engine.support.hierarchical.Node.around(Node.java:137)
	at org.junit.platform.engine.support.hierarchical.NodeTestTask.lambda$executeRecursively$9(NodeTestTask.java:139)
	at org.junit.platform.engine.support.hierarchical.ThrowableCollector.execute(ThrowableCollector.java:73)
	at org.junit.platform.engine.support.hierarchical.NodeTestTask.executeRecursively(NodeTestTask.java:138)
	at org.junit.platform.engine.support.hierarchical.NodeTestTask.execute(NodeTestTask.java:95)
	at java.base/java.util.ArrayList.forEach(ArrayList.java:1541)
	at org.junit.platform.engine.support.hierarchical.SameThreadHierarchicalTestExecutorService.invokeAll(SameThreadHierarchicalTestExecutorService.java:41)
	at org.junit.platform.engine.support.hierarchical.NodeTestTask.lambda$executeRecursively$6(NodeTestTask.java:155)
	at org.junit.platform.engine.support.hierarchical.ThrowableCollector.execute(ThrowableCollector.java:73)
	at org.junit.platform.engine.support.hierarchical.NodeTestTask.lambda$executeRecursively$8(NodeTestTask.java:141)
	at org.junit.platform.engine.support.hierarchical.Node.around(Node.java:137)
	at org.junit.platform.engine.support.hierarchical.NodeTestTask.lambda$executeRecursively$9(NodeTestTask.java:139)
	at org.junit.platform.engine.support.hierarchical.ThrowableCollector.execute(ThrowableCollector.java:73)
	at org.junit.platform.engine.support.hierarchical.NodeTestTask.executeRecursively(NodeTestTask.java:138)
	at org.junit.platform.engine.support.hierarchical.NodeTestTask.execute(NodeTestTask.java:95)
	at org.junit.platform.engine.support.hierarchical.SameThreadHierarchicalTestExecutorService.submit(SameThreadHierarchicalTestExecutorService.java:35)
	at org.junit.platform.engine.support.hierarchical.HierarchicalTestExecutor.execute(HierarchicalTestExecutor.java:57)
	at org.junit.platform.engine.support.hierarchical.HierarchicalTestEngine.execute(HierarchicalTestEngine.java:54)
	at org.junit.platform.launcher.core.EngineExecutionOrchestrator.execute(EngineExecutionOrchestrator.java:107)
	at org.junit.platform.launcher.core.EngineExecutionOrchestrator.execute(EngineExecutionOrchestrator.java:88)
	at org.junit.platform.launcher.core.EngineExecutionOrchestrator.lambda$execute$0(EngineExecutionOrchestrator.java:54)
	at org.junit.platform.launcher.core.EngineExecutionOrchestrator.withInterceptedStreams(EngineExecutionOrchestrator.java:67)
	at org.junit.platform.launcher.core.EngineExecutionOrchestrator.execute(EngineExecutionOrchestrator.java:52)
	at org.junit.platform.launcher.core.DefaultLauncher.execute(DefaultLauncher.java:114)
	at org.junit.platform.launcher.core.DefaultLauncher.execute(DefaultLauncher.java:86)
	at org.junit.platform.launcher.core.DefaultLauncherSession$DelegatingLauncher.execute(DefaultLauncherSession.java:86)
	at org.junit.platform.launcher.core.SessionPerRequestLauncher.execute(SessionPerRequestLauncher.java:53)
	at org.apache.maven.surefire.junitplatform.JUnitPlatformProvider.invokeAllTests(JUnitPlatformProvider.java:150)
	at org.apache.maven.surefire.junitplatform.JUnitPlatformProvider.invoke(JUnitPlatformProvider.java:124)
	at org.apache.maven.surefire.booter.ForkedBooter.invokeProviderInSameClassLoader(ForkedBooter.java:384)
	at org.apache.maven.surefire.booter.ForkedBooter.runSuitesInProcess(ForkedBooter.java:345)
	at org.apache.maven.surefire.booter.ForkedBooter.execute(ForkedBooter.java:126)
	at org.apache.maven.surefire.booter.ForkedBooter.main(ForkedBooter.java:418)

2023-02-02 00:59:30,195 INFO  [io.quarkus] (main) quarkus-micrometer-registry-graphite-deployment stopped in 0.046s
[INFO] Tests run: 1, Failures: 0, Errors: 0, Skipped: 0, Time elapsed: 0.722 s - in io.quarkiverse.micrometer.registry.graphite.deployment.GraphiteEnabledTest
[INFO] Running io.quarkiverse.micrometer.registry.graphite.deployment.GraphiteEnabledInvalidPortTest
2023-02-02 00:59:30,863 ERROR [io.qua.mic.run.exp.ConfigAdapter] (main) quarkus.micrometer.export.graphite.port is malformed: java.lang.NumberFormatException: For input string: "intentionally-bad-port"
	at java.base/java.lang.NumberFormatException.forInputString(NumberFormatException.java:65)
	at java.base/java.lang.Integer.parseInt(Integer.java:652)
	at java.base/java.lang.Integer.valueOf(Integer.java:983)
	at io.micrometer.core.instrument.config.validate.PropertyValidator.getInteger(PropertyValidator.java:56)
	at io.micrometer.graphite.GraphiteConfig.port(GraphiteConfig.java:88)
	at io.micrometer.core.instrument.config.MeterRegistryConfigValidator.lambda$check$3(MeterRegistryConfigValidator.java:59)
	at io.micrometer.core.instrument.config.MeterRegistryConfigValidator.lambda$checkAll$0(MeterRegistryConfigValidator.java:36)
	at java.base/java.util.stream.ReferencePipeline$3$1.accept(ReferencePipeline.java:195)
	at java.base/java.util.Spliterators$ArraySpliterator.forEachRemaining(Spliterators.java:948)
	at java.base/java.util.stream.AbstractPipeline.copyInto(AbstractPipeline.java:484)
	at java.base/java.util.stream.AbstractPipeline.wrapAndCopyInto(AbstractPipeline.java:474)
	at java.base/java.util.stream.ReduceOps$ReduceOp.evaluateSequential(ReduceOps.java:913)
	at java.base/java.util.stream.AbstractPipeline.evaluate(AbstractPipeline.java:234)
	at java.base/java.util.stream.ReferencePipeline.reduce(ReferencePipeline.java:553)
	at io.micrometer.core.instrument.config.MeterRegistryConfigValidator.checkAll(MeterRegistryConfigValidator.java:36)
	at io.micrometer.graphite.GraphiteConfig.validate(GraphiteConfig.java:107)
	at io.quarkus.micrometer.runtime.export.ConfigAdapter.validate(ConfigAdapter.java:77)
	at io.quarkiverse.micrometer.registry.graphite.GraphiteMeterRegistryProvider.configure(GraphiteMeterRegistryProvider.java:42)
	at io.quarkiverse.micrometer.registry.graphite.GraphiteMeterRegistryProvider_ProducerMethod_configure_a859653b41ed393da54beb4e5d8b316f7576f353_Bean.create(Unknown Source)
	at io.quarkiverse.micrometer.registry.graphite.GraphiteMeterRegistryProvider_ProducerMethod_configure_a859653b41ed393da54beb4e5d8b316f7576f353_Bean.create(Unknown Source)
	at io.quarkus.arc.impl.AbstractSharedContext.createInstanceHandle(AbstractSharedContext.java:111)
	at io.quarkus.arc.impl.AbstractSharedContext$1.get(AbstractSharedContext.java:35)
	at io.quarkus.arc.impl.AbstractSharedContext$1.get(AbstractSharedContext.java:32)
	at io.quarkus.arc.impl.LazyValue.get(LazyValue.java:26)
	at io.quarkus.arc.impl.ComputingCache.computeIfAbsent(ComputingCache.java:69)
	at io.quarkus.arc.impl.AbstractSharedContext.get(AbstractSharedContext.java:32)
	at io.quarkiverse.micrometer.registry.graphite.GraphiteMeterRegistryProvider_ProducerMethod_configure_a859653b41ed393da54beb4e5d8b316f7576f353_Bean.get(Unknown Source)
	at io.quarkiverse.micrometer.registry.graphite.GraphiteMeterRegistryProvider_ProducerMethod_configure_a859653b41ed393da54beb4e5d8b316f7576f353_Bean.get(Unknown Source)
	at io.quarkiverse.micrometer.registry.graphite.ConditionalRegistryProducer_ProducerMethod_registry_7fb87ffede67fc19e779f3e3674d689bba2a1e27_Bean.create(Unknown Source)
	at io.quarkiverse.micrometer.registry.graphite.ConditionalRegistryProducer_ProducerMethod_registry_7fb87ffede67fc19e779f3e3674d689bba2a1e27_Bean.create(Unknown Source)
	at io.quarkus.arc.impl.AbstractSharedContext.createInstanceHandle(AbstractSharedContext.java:111)
	at io.quarkus.arc.impl.AbstractSharedContext$1.get(AbstractSharedContext.java:35)
	at io.quarkus.arc.impl.AbstractSharedContext$1.get(AbstractSharedContext.java:32)
	at io.quarkus.arc.impl.LazyValue.get(LazyValue.java:26)
	at io.quarkus.arc.impl.ComputingCache.computeIfAbsent(ComputingCache.java:69)
	at io.quarkus.arc.impl.AbstractSharedContext.get(AbstractSharedContext.java:32)
	at io.quarkiverse.micrometer.registry.graphite.ConditionalRegistryProducer_ProducerMethod_registry_7fb87ffede67fc19e779f3e3674d689bba2a1e27_Bean.get(Unknown Source)
	at io.quarkiverse.micrometer.registry.graphite.ConditionalRegistryProducer_ProducerMethod_registry_7fb87ffede67fc19e779f3e3674d689bba2a1e27_Bean.get(Unknown Source)
	at io.quarkus.arc.impl.ArcContainerImpl.beanInstanceHandle(ArcContainerImpl.java:467)
	at io.quarkus.arc.impl.ArcContainerImpl.beanInstanceHandle(ArcContainerImpl.java:480)
	at io.quarkus.arc.impl.BeanManagerImpl.getReference(BeanManagerImpl.java:59)
	at io.quarkus.micrometer.runtime.MicrometerRecorder.configureRegistries(MicrometerRecorder.java:98)
	at io.quarkus.deployment.steps.MicrometerProcessor$configureRegistry2125003310.deploy_0(Unknown Source)
	at io.quarkus.deployment.steps.MicrometerProcessor$configureRegistry2125003310.deploy(Unknown Source)
	at io.quarkus.runner.ApplicationImpl.doStart(Unknown Source)
	at io.quarkus.runtime.Application.start(Application.java:101)
	at java.base/jdk.internal.reflect.NativeMethodAccessorImpl.invoke0(Native Method)
	at java.base/jdk.internal.reflect.NativeMethodAccessorImpl.invoke(NativeMethodAccessorImpl.java:62)
	at java.base/jdk.internal.reflect.DelegatingMethodAccessorImpl.invoke(DelegatingMethodAccessorImpl.java:43)
	at java.base/java.lang.reflect.Method.invoke(Method.java:566)
	at io.quarkus.runner.bootstrap.StartupActionImpl.run(StartupActionImpl.java:237)
	at io.quarkus.test.QuarkusUnitTest.beforeAll(QuarkusUnitTest.java:636)
	at org.junit.jupiter.engine.descriptor.ClassBasedTestDescriptor.lambda$invokeBeforeAllCallbacks$10(ClassBasedTestDescriptor.java:381)
	at org.junit.platform.engine.support.hierarchical.ThrowableCollector.execute(ThrowableCollector.java:73)
	at org.junit.jupiter.engine.descriptor.ClassBasedTestDescriptor.invokeBeforeAllCallbacks(ClassBasedTestDescriptor.java:381)
	at org.junit.jupiter.engine.descriptor.ClassBasedTestDescriptor.before(ClassBasedTestDescriptor.java:205)
	at org.junit.jupiter.engine.descriptor.ClassBasedTestDescriptor.before(ClassBasedTestDescriptor.java:80)
	at org.junit.platform.engine.support.hierarchical.NodeTestTask.lambda$executeRecursively$6(NodeTestTask.java:148)
	at org.junit.platform.engine.support.hierarchical.ThrowableCollector.execute(ThrowableCollector.java:73)
	at org.junit.platform.engine.support.hierarchical.NodeTestTask.lambda$executeRecursively$8(NodeTestTask.java:141)
	at org.junit.platform.engine.support.hierarchical.Node.around(Node.java:137)
	at org.junit.platform.engine.support.hierarchical.NodeTestTask.lambda$executeRecursively$9(NodeTestTask.java:139)
	at org.junit.platform.engine.support.hierarchical.ThrowableCollector.execute(ThrowableCollector.java:73)
	at org.junit.platform.engine.support.hierarchical.NodeTestTask.executeRecursively(NodeTestTask.java:138)
	at org.junit.platform.engine.support.hierarchical.NodeTestTask.execute(NodeTestTask.java:95)
	at java.base/java.util.ArrayList.forEach(ArrayList.java:1541)
	at org.junit.platform.engine.support.hierarchical.SameThreadHierarchicalTestExecutorService.invokeAll(SameThreadHierarchicalTestExecutorService.java:41)
	at org.junit.platform.engine.support.hierarchical.NodeTestTask.lambda$executeRecursively$6(NodeTestTask.java:155)
	at org.junit.platform.engine.support.hierarchical.ThrowableCollector.execute(ThrowableCollector.java:73)
	at org.junit.platform.engine.support.hierarchical.NodeTestTask.lambda$executeRecursively$8(NodeTestTask.java:141)
	at org.junit.platform.engine.support.hierarchical.Node.around(Node.java:137)
	at org.junit.platform.engine.support.hierarchical.NodeTestTask.lambda$executeRecursively$9(NodeTestTask.java:139)
	at org.junit.platform.engine.support.hierarchical.ThrowableCollector.execute(ThrowableCollector.java:73)
	at org.junit.platform.engine.support.hierarchical.NodeTestTask.executeRecursively(NodeTestTask.java:138)
	at org.junit.platform.engine.support.hierarchical.NodeTestTask.execute(NodeTestTask.java:95)
	at org.junit.platform.engine.support.hierarchical.SameThreadHierarchicalTestExecutorService.submit(SameThreadHierarchicalTestExecutorService.java:35)
	at org.junit.platform.engine.support.hierarchical.HierarchicalTestExecutor.execute(HierarchicalTestExecutor.java:57)
	at org.junit.platform.engine.support.hierarchical.HierarchicalTestEngine.execute(HierarchicalTestEngine.java:54)
	at org.junit.platform.launcher.core.EngineExecutionOrchestrator.execute(EngineExecutionOrchestrator.java:107)
	at org.junit.platform.launcher.core.EngineExecutionOrchestrator.execute(EngineExecutionOrchestrator.java:88)
	at org.junit.platform.launcher.core.EngineExecutionOrchestrator.lambda$execute$0(EngineExecutionOrchestrator.java:54)
	at org.junit.platform.launcher.core.EngineExecutionOrchestrator.withInterceptedStreams(EngineExecutionOrchestrator.java:67)
	at org.junit.platform.launcher.core.EngineExecutionOrchestrator.execute(EngineExecutionOrchestrator.java:52)
	at org.junit.platform.launcher.core.DefaultLauncher.execute(DefaultLauncher.java:114)
	at org.junit.platform.launcher.core.DefaultLauncher.execute(DefaultLauncher.java:86)
	at org.junit.platform.launcher.core.DefaultLauncherSession$DelegatingLauncher.execute(DefaultLauncherSession.java:86)
	at org.junit.platform.launcher.core.SessionPerRequestLauncher.execute(SessionPerRequestLauncher.java:53)
	at org.apache.maven.surefire.junitplatform.JUnitPlatformProvider.invokeAllTests(JUnitPlatformProvider.java:150)
	at org.apache.maven.surefire.junitplatform.JUnitPlatformProvider.invoke(JUnitPlatformProvider.java:124)
	at org.apache.maven.surefire.booter.ForkedBooter.invokeProviderInSameClassLoader(ForkedBooter.java:384)
	at org.apache.maven.surefire.booter.ForkedBooter.runSuitesInProcess(ForkedBooter.java:345)
	at org.apache.maven.surefire.booter.ForkedBooter.execute(ForkedBooter.java:126)
	at org.apache.maven.surefire.booter.ForkedBooter.main(ForkedBooter.java:418)

[INFO] Tests run: 1, Failures: 0, Errors: 0, Skipped: 0, Time elapsed: 0.71 s - in io.quarkiverse.micrometer.registry.graphite.deployment.GraphiteEnabledInvalidPortTest
[INFO] 
[INFO] Results:
[INFO] 
[INFO] Tests run: 4, Failures: 0, Errors: 0, Skipped: 0
[INFO] 
[INFO] 
[INFO] --< io.quarkiverse.micrometer.registry:quarkus-micrometer-registry-newrelic-parent >--
[INFO] Building Quarkus Micrometer Registry - New Relic - Parent 299-SNAPSHOT [11/32]
[INFO] --------------------------------[ pom ]---------------------------------
[INFO] 
[INFO] --- maven-clean-plugin:3.1.0:clean (default-clean) @ quarkus-micrometer-registry-newrelic-parent ---
[INFO] Deleting /home/gabsko/breaking-updates/micrometer-registry-newrelic/target
[INFO] 
[INFO] --- maven-enforcer-plugin:3.0.0-M3:enforce (enforce-java-version) @ quarkus-micrometer-registry-newrelic-parent ---
[INFO] 
[INFO] --- maven-enforcer-plugin:3.0.0-M3:enforce (enforce-maven-version) @ quarkus-micrometer-registry-newrelic-parent ---
[INFO] 
[INFO] --- buildnumber-maven-plugin:1.4:create (get-scm-revision) @ quarkus-micrometer-registry-newrelic-parent ---
[INFO] 
[INFO] --- formatter-maven-plugin:2.17.1:format (default) @ quarkus-micrometer-registry-newrelic-parent ---
[INFO] 
[INFO] --- impsort-maven-plugin:1.6.2:sort (sort-imports) @ quarkus-micrometer-registry-newrelic-parent ---
[INFO] Processed 0 files in 00:00.028 (Already Sorted: 0, Needed Sorting: 0)
[INFO] 
[INFO] --< io.quarkiverse.micrometer.registry:quarkus-micrometer-registry-newrelic >--
[INFO] Building Quarkus Micrometer Registry - New Relic - Runtime 299-SNAPSHOT [12/32]
[INFO] --------------------------------[ jar ]---------------------------------
[INFO] 
[INFO] --- maven-clean-plugin:3.1.0:clean (default-clean) @ quarkus-micrometer-registry-newrelic ---
[INFO] Deleting /home/gabsko/breaking-updates/micrometer-registry-newrelic/runtime/target
[INFO] 
[INFO] --- maven-enforcer-plugin:3.0.0-M3:enforce (enforce-java-version) @ quarkus-micrometer-registry-newrelic ---
[INFO] 
[INFO] --- maven-enforcer-plugin:3.0.0-M3:enforce (enforce-maven-version) @ quarkus-micrometer-registry-newrelic ---
[INFO] 
[INFO] --- buildnumber-maven-plugin:1.4:create (get-scm-revision) @ quarkus-micrometer-registry-newrelic ---
[INFO] 
[INFO] --- formatter-maven-plugin:2.17.1:format (default) @ quarkus-micrometer-registry-newrelic ---
[INFO] Processed 3 files in 96ms (Formatted: 0, Unchanged: 3, Failed: 0, Readonly: 0)
[INFO] 
[INFO] --- impsort-maven-plugin:1.6.2:sort (sort-imports) @ quarkus-micrometer-registry-newrelic ---
[INFO] Processed 3 files in 00:00.042 (Already Sorted: 3, Needed Sorting: 0)
[INFO] 
[INFO] --- maven-resources-plugin:3.2.0:resources (default-resources) @ quarkus-micrometer-registry-newrelic ---
[INFO] Using 'UTF-8' encoding to copy filtered resources.
[INFO] Using 'UTF-8' encoding to copy filtered properties files.
[INFO] Copying 1 resource
[INFO] 
[INFO] --- maven-compiler-plugin:3.10.1:compile (default-compile) @ quarkus-micrometer-registry-newrelic ---
[INFO] Changes detected - recompiling the module!
[INFO] Compiling 3 source files to /home/gabsko/breaking-updates/micrometer-registry-newrelic/runtime/target/classes
[WARNING] /home/gabsko/breaking-updates/micrometer-registry-newrelic/runtime/src/main/java/io/quarkiverse/micrometer/registry/newrelic/ConditionalRegistryProducer.java:[20,6] io.quarkus.arc.AlternativePriority in io.quarkus.arc has been deprecated
[WARNING] /home/gabsko/breaking-updates/micrometer-registry-newrelic/runtime/src/main/java/io/quarkiverse/micrometer/registry/newrelic/ConditionalRegistryProducer.java:[20,6] io.quarkus.arc.AlternativePriority in io.quarkus.arc has been deprecated
[WARNING] /home/gabsko/breaking-updates/micrometer-registry-newrelic/runtime/src/main/java/io/quarkiverse/micrometer/registry/newrelic/ConditionalRegistryProducer.java:[20,6] io.quarkus.arc.AlternativePriority in io.quarkus.arc has been deprecated
[WARNING] /home/gabsko/breaking-updates/micrometer-registry-newrelic/runtime/src/main/java/io/quarkiverse/micrometer/registry/newrelic/ConditionalRegistryProducer.java:[20,6] io.quarkus.arc.AlternativePriority in io.quarkus.arc has been deprecated
[INFO] 
[INFO] --- quarkus-bootstrap-maven-plugin:2.9.2.Final:extension-descriptor (default) @ quarkus-micrometer-registry-newrelic ---
[INFO] 
[INFO] --- maven-resources-plugin:3.2.0:testResources (default-testResources) @ quarkus-micrometer-registry-newrelic ---
[INFO] Using 'UTF-8' encoding to copy filtered resources.
[INFO] Using 'UTF-8' encoding to copy filtered properties files.
[INFO] skip non existing resourceDirectory /home/gabsko/breaking-updates/micrometer-registry-newrelic/runtime/src/test/resources
[INFO] 
[INFO] --- maven-compiler-plugin:3.10.1:testCompile (default-testCompile) @ quarkus-micrometer-registry-newrelic ---
[INFO] No sources to compile
[INFO] 
[INFO] --- maven-surefire-plugin:2.22.2:test (default-test) @ quarkus-micrometer-registry-newrelic ---
[INFO] No tests to run.
[INFO] 
[INFO] --< io.quarkiverse.micrometer.registry:quarkus-micrometer-registry-newrelic-deployment >--
[INFO] Building Quarkus Micrometer Registry - New Relic - Deployment 299-SNAPSHOT [13/32]
[INFO] --------------------------------[ jar ]---------------------------------
[INFO] 
[INFO] --- maven-clean-plugin:3.1.0:clean (default-clean) @ quarkus-micrometer-registry-newrelic-deployment ---
[INFO] Deleting /home/gabsko/breaking-updates/micrometer-registry-newrelic/deployment/target
[INFO] 
[INFO] --- maven-enforcer-plugin:3.0.0-M3:enforce (enforce-java-version) @ quarkus-micrometer-registry-newrelic-deployment ---
[INFO] 
[INFO] --- maven-enforcer-plugin:3.0.0-M3:enforce (enforce-maven-version) @ quarkus-micrometer-registry-newrelic-deployment ---
[INFO] 
[INFO] --- buildnumber-maven-plugin:1.4:create (get-scm-revision) @ quarkus-micrometer-registry-newrelic-deployment ---
[INFO] 
[INFO] --- formatter-maven-plugin:2.17.1:format (default) @ quarkus-micrometer-registry-newrelic-deployment ---
[INFO] Processed 4 files in 20ms (Formatted: 0, Unchanged: 4, Failed: 0, Readonly: 0)
[INFO] 
[INFO] --- impsort-maven-plugin:1.6.2:sort (sort-imports) @ quarkus-micrometer-registry-newrelic-deployment ---
[INFO] Processed 4 files in 00:00.020 (Already Sorted: 4, Needed Sorting: 0)
[INFO] 
[INFO] --- maven-resources-plugin:3.2.0:resources (default-resources) @ quarkus-micrometer-registry-newrelic-deployment ---
[INFO] Using 'UTF-8' encoding to copy filtered resources.
[INFO] Using 'UTF-8' encoding to copy filtered properties files.
[INFO] skip non existing resourceDirectory /home/gabsko/breaking-updates/micrometer-registry-newrelic/deployment/src/main/resources
[INFO] 
[INFO] --- maven-compiler-plugin:3.10.1:compile (default-compile) @ quarkus-micrometer-registry-newrelic-deployment ---
[INFO] Changes detected - recompiling the module!
[INFO] Compiling 1 source file to /home/gabsko/breaking-updates/micrometer-registry-newrelic/deployment/target/classes
[INFO] 
[INFO] --- maven-resources-plugin:3.2.0:testResources (default-testResources) @ quarkus-micrometer-registry-newrelic-deployment ---
[INFO] Using 'UTF-8' encoding to copy filtered resources.
[INFO] Using 'UTF-8' encoding to copy filtered properties files.
[INFO] Copying 1 resource
[INFO] 
[INFO] --- maven-compiler-plugin:3.10.1:testCompile (default-testCompile) @ quarkus-micrometer-registry-newrelic-deployment ---
[INFO] Changes detected - recompiling the module!
[INFO] Compiling 3 source files to /home/gabsko/breaking-updates/micrometer-registry-newrelic/deployment/target/test-classes
[INFO] 
[INFO] --- maven-surefire-plugin:2.22.2:test (default-test) @ quarkus-micrometer-registry-newrelic-deployment ---
[INFO] 
[INFO] -------------------------------------------------------
[INFO]  T E S T S
[INFO] -------------------------------------------------------
[INFO] Running io.quarkiverse.micrometer.registry.newrelic.deployment.DisableDefaultRegistryTest
2023-02-02 00:59:36,359 INFO  [io.quarkus] (main) quarkus-micrometer-registry-newrelic-deployment 299-SNAPSHOT on JVM (powered by Quarkus 2.9.2.Final) started in 0.522s. Listening on: http://localhost:8081
2023-02-02 00:59:36,363 INFO  [io.quarkus] (main) Profile test activated. 
2023-02-02 00:59:36,363 INFO  [io.quarkus] (main) Installed features: [cdi, micrometer, smallrye-context-propagation, vertx]
2023-02-02 00:59:36,492 INFO  [io.quarkus] (main) quarkus-micrometer-registry-newrelic-deployment stopped in 0.057s
[INFO] Tests run: 1, Failures: 0, Errors: 0, Skipped: 0, Time elapsed: 3.347 s - in io.quarkiverse.micrometer.registry.newrelic.deployment.DisableDefaultRegistryTest
[INFO] Running io.quarkiverse.micrometer.registry.newrelic.deployment.NewRelicEnabledTest
2023-02-02 00:59:37,399 INFO  [io.quarkus] (main) quarkus-micrometer-registry-newrelic-deployment 299-SNAPSHOT on JVM (powered by Quarkus 2.9.2.Final) started in 0.441s. Listening on: http://localhost:8081
2023-02-02 00:59:37,400 INFO  [io.quarkus] (main) Profile test activated. 
2023-02-02 00:59:37,400 INFO  [io.quarkus] (main) Installed features: [cdi, micrometer, smallrye-context-propagation, vertx]
2023-02-02 00:59:37,495 INFO  [io.quarkus] (main) quarkus-micrometer-registry-newrelic-deployment stopped in 0.083s
[INFO] Tests run: 1, Failures: 0, Errors: 0, Skipped: 0, Time elapsed: 0.998 s - in io.quarkiverse.micrometer.registry.newrelic.deployment.NewRelicEnabledTest
[INFO] Running io.quarkiverse.micrometer.registry.newrelic.deployment.NewRelicEnabledInvalidTest
2023-02-02 00:59:38,179 ERROR [io.qua.mic.run.exp.ConfigAdapter] (main) quarkus.micrometer.export.newrelic.api-key is required
2023-02-02 00:59:38,179 ERROR [io.qua.mic.run.exp.ConfigAdapter] (main) quarkus.micrometer.export.newrelic.account-id is required
[INFO] Tests run: 1, Failures: 0, Errors: 0, Skipped: 0, Time elapsed: 0.728 s - in io.quarkiverse.micrometer.registry.newrelic.deployment.NewRelicEnabledInvalidTest
[INFO] 
[INFO] Results:
[INFO] 
[INFO] Tests run: 3, Failures: 0, Errors: 0, Skipped: 0
[INFO] 
[INFO] 
[INFO] --< io.quarkiverse.micrometer.registry:quarkus-micrometer-registry-jmx-parent >--
[INFO] Building Quarkus Micrometer Registry - JMX - Parent 299-SNAPSHOT [14/32]
[INFO] --------------------------------[ pom ]---------------------------------
[INFO] 
[INFO] --- maven-clean-plugin:3.1.0:clean (default-clean) @ quarkus-micrometer-registry-jmx-parent ---
[INFO] Deleting /home/gabsko/breaking-updates/micrometer-registry-jmx/target
[INFO] 
[INFO] --- maven-enforcer-plugin:3.0.0-M3:enforce (enforce-java-version) @ quarkus-micrometer-registry-jmx-parent ---
[INFO] 
[INFO] --- maven-enforcer-plugin:3.0.0-M3:enforce (enforce-maven-version) @ quarkus-micrometer-registry-jmx-parent ---
[INFO] 
[INFO] --- buildnumber-maven-plugin:1.4:create (get-scm-revision) @ quarkus-micrometer-registry-jmx-parent ---
[INFO] 
[INFO] --- formatter-maven-plugin:2.17.1:format (default) @ quarkus-micrometer-registry-jmx-parent ---
[INFO] 
[INFO] --- impsort-maven-plugin:1.6.2:sort (sort-imports) @ quarkus-micrometer-registry-jmx-parent ---
[INFO] Processed 0 files in 00:00.000 (Already Sorted: 0, Needed Sorting: 0)
[INFO] 
[INFO] --< io.quarkiverse.micrometer.registry:quarkus-micrometer-registry-jmx >--
[INFO] Building Quarkus Micrometer Registry - JMX - Runtime 299-SNAPSHOT [15/32]
[INFO] --------------------------------[ jar ]---------------------------------
[INFO] 
[INFO] --- maven-clean-plugin:3.1.0:clean (default-clean) @ quarkus-micrometer-registry-jmx ---
[INFO] Deleting /home/gabsko/breaking-updates/micrometer-registry-jmx/runtime/target
[INFO] 
[INFO] --- maven-enforcer-plugin:3.0.0-M3:enforce (enforce-java-version) @ quarkus-micrometer-registry-jmx ---
[INFO] 
[INFO] --- maven-enforcer-plugin:3.0.0-M3:enforce (enforce-maven-version) @ quarkus-micrometer-registry-jmx ---
[INFO] 
[INFO] --- buildnumber-maven-plugin:1.4:create (get-scm-revision) @ quarkus-micrometer-registry-jmx ---
[INFO] 
[INFO] --- formatter-maven-plugin:2.17.1:format (default) @ quarkus-micrometer-registry-jmx ---
[INFO] Processed 3 files in 14ms (Formatted: 0, Unchanged: 3, Failed: 0, Readonly: 0)
[INFO] 
[INFO] --- impsort-maven-plugin:1.6.2:sort (sort-imports) @ quarkus-micrometer-registry-jmx ---
[INFO] Processed 3 files in 00:00.011 (Already Sorted: 3, Needed Sorting: 0)
[INFO] 
[INFO] --- maven-resources-plugin:3.2.0:resources (default-resources) @ quarkus-micrometer-registry-jmx ---
[INFO] Using 'UTF-8' encoding to copy filtered resources.
[INFO] Using 'UTF-8' encoding to copy filtered properties files.
[INFO] Copying 1 resource
[INFO] 
[INFO] --- maven-compiler-plugin:3.10.1:compile (default-compile) @ quarkus-micrometer-registry-jmx ---
[INFO] Changes detected - recompiling the module!
[INFO] Compiling 3 source files to /home/gabsko/breaking-updates/micrometer-registry-jmx/runtime/target/classes
[WARNING] /home/gabsko/breaking-updates/micrometer-registry-jmx/runtime/src/main/java/io/quarkiverse/micrometer/registry/jmx/ConditionalRegistryProducer.java:[21,6] io.quarkus.arc.AlternativePriority in io.quarkus.arc has been deprecated
[WARNING] /home/gabsko/breaking-updates/micrometer-registry-jmx/runtime/src/main/java/io/quarkiverse/micrometer/registry/jmx/ConditionalRegistryProducer.java:[21,6] io.quarkus.arc.AlternativePriority in io.quarkus.arc has been deprecated
[WARNING] /home/gabsko/breaking-updates/micrometer-registry-jmx/runtime/src/main/java/io/quarkiverse/micrometer/registry/jmx/ConditionalRegistryProducer.java:[21,6] io.quarkus.arc.AlternativePriority in io.quarkus.arc has been deprecated
[WARNING] /home/gabsko/breaking-updates/micrometer-registry-jmx/runtime/src/main/java/io/quarkiverse/micrometer/registry/jmx/ConditionalRegistryProducer.java:[21,6] io.quarkus.arc.AlternativePriority in io.quarkus.arc has been deprecated
[INFO] 
[INFO] --- quarkus-bootstrap-maven-plugin:2.9.2.Final:extension-descriptor (default) @ quarkus-micrometer-registry-jmx ---
[INFO] 
[INFO] --- maven-resources-plugin:3.2.0:testResources (default-testResources) @ quarkus-micrometer-registry-jmx ---
[INFO] Using 'UTF-8' encoding to copy filtered resources.
[INFO] Using 'UTF-8' encoding to copy filtered properties files.
[INFO] skip non existing resourceDirectory /home/gabsko/breaking-updates/micrometer-registry-jmx/runtime/src/test/resources
[INFO] 
[INFO] --- maven-compiler-plugin:3.10.1:testCompile (default-testCompile) @ quarkus-micrometer-registry-jmx ---
[INFO] No sources to compile
[INFO] 
[INFO] --- maven-surefire-plugin:2.22.2:test (default-test) @ quarkus-micrometer-registry-jmx ---
[INFO] No tests to run.
[INFO] 
[INFO] --< io.quarkiverse.micrometer.registry:quarkus-micrometer-registry-jmx-deployment >--
[INFO] Building Quarkus Micrometer Registry - JMX - Deployment 299-SNAPSHOT [16/32]
[INFO] --------------------------------[ jar ]---------------------------------
[INFO] 
[INFO] --- maven-clean-plugin:3.1.0:clean (default-clean) @ quarkus-micrometer-registry-jmx-deployment ---
[INFO] Deleting /home/gabsko/breaking-updates/micrometer-registry-jmx/deployment/target
[INFO] 
[INFO] --- maven-enforcer-plugin:3.0.0-M3:enforce (enforce-java-version) @ quarkus-micrometer-registry-jmx-deployment ---
[INFO] 
[INFO] --- maven-enforcer-plugin:3.0.0-M3:enforce (enforce-maven-version) @ quarkus-micrometer-registry-jmx-deployment ---
[INFO] 
[INFO] --- buildnumber-maven-plugin:1.4:create (get-scm-revision) @ quarkus-micrometer-registry-jmx-deployment ---
[INFO] 
[INFO] --- formatter-maven-plugin:2.17.1:format (default) @ quarkus-micrometer-registry-jmx-deployment ---
[INFO] Processed 3 files in 13ms (Formatted: 0, Unchanged: 3, Failed: 0, Readonly: 0)
[INFO] 
[INFO] --- impsort-maven-plugin:1.6.2:sort (sort-imports) @ quarkus-micrometer-registry-jmx-deployment ---
[INFO] Processed 3 files in 00:00.007 (Already Sorted: 3, Needed Sorting: 0)
[INFO] 
[INFO] --- maven-resources-plugin:3.2.0:resources (default-resources) @ quarkus-micrometer-registry-jmx-deployment ---
[INFO] Using 'UTF-8' encoding to copy filtered resources.
[INFO] Using 'UTF-8' encoding to copy filtered properties files.
[INFO] skip non existing resourceDirectory /home/gabsko/breaking-updates/micrometer-registry-jmx/deployment/src/main/resources
[INFO] 
[INFO] --- maven-compiler-plugin:3.10.1:compile (default-compile) @ quarkus-micrometer-registry-jmx-deployment ---
[INFO] Changes detected - recompiling the module!
[INFO] Compiling 1 source file to /home/gabsko/breaking-updates/micrometer-registry-jmx/deployment/target/classes
[INFO] 
[INFO] --- maven-resources-plugin:3.2.0:testResources (default-testResources) @ quarkus-micrometer-registry-jmx-deployment ---
[INFO] Using 'UTF-8' encoding to copy filtered resources.
[INFO] Using 'UTF-8' encoding to copy filtered properties files.
[INFO] Copying 1 resource
[INFO] 
[INFO] --- maven-compiler-plugin:3.10.1:testCompile (default-testCompile) @ quarkus-micrometer-registry-jmx-deployment ---
[INFO] Changes detected - recompiling the module!
[INFO] Compiling 2 source files to /home/gabsko/breaking-updates/micrometer-registry-jmx/deployment/target/test-classes
[INFO] 
[INFO] --- maven-surefire-plugin:2.22.2:test (default-test) @ quarkus-micrometer-registry-jmx-deployment ---
[INFO] 
[INFO] -------------------------------------------------------
[INFO]  T E S T S
[INFO] -------------------------------------------------------
[INFO] Running io.quarkiverse.micrometer.registry.jmx.deployment.JmxEnabledTest
2023-02-02 00:59:43,442 INFO  [io.quarkus] (main) quarkus-micrometer-registry-jmx-deployment 299-SNAPSHOT on JVM (powered by Quarkus 2.9.2.Final) started in 0.541s. Listening on: http://localhost:8081
2023-02-02 00:59:43,445 INFO  [io.quarkus] (main) Profile test activated. 
2023-02-02 00:59:43,445 INFO  [io.quarkus] (main) Installed features: [cdi, micrometer, smallrye-context-propagation, vertx]
2023-02-02 00:59:43,554 INFO  [io.quarkus] (main) quarkus-micrometer-registry-jmx-deployment stopped in 0.056s
[INFO] Tests run: 1, Failures: 0, Errors: 0, Skipped: 0, Time elapsed: 3.376 s - in io.quarkiverse.micrometer.registry.jmx.deployment.JmxEnabledTest
[INFO] Running io.quarkiverse.micrometer.registry.jmx.deployment.DisableDefaultRegistryTest
2023-02-02 00:59:44,332 INFO  [io.quarkus] (main) quarkus-micrometer-registry-jmx-deployment 299-SNAPSHOT on JVM (powered by Quarkus 2.9.2.Final) started in 0.325s. Listening on: http://localhost:8081
2023-02-02 00:59:44,333 INFO  [io.quarkus] (main) Profile test activated. 
2023-02-02 00:59:44,333 INFO  [io.quarkus] (main) Installed features: [cdi, micrometer, smallrye-context-propagation, vertx]
2023-02-02 00:59:44,473 INFO  [io.quarkus] (main) quarkus-micrometer-registry-jmx-deployment stopped in 0.127s
[INFO] Tests run: 1, Failures: 0, Errors: 0, Skipped: 0, Time elapsed: 0.906 s - in io.quarkiverse.micrometer.registry.jmx.deployment.DisableDefaultRegistryTest
[INFO] 
[INFO] Results:
[INFO] 
[INFO] Tests run: 2, Failures: 0, Errors: 0, Skipped: 0
[INFO] 
[INFO] 
[INFO] --< io.quarkiverse.micrometer.registry:quarkus-micrometer-registry-signalfx-parent >--
[INFO] Building Quarkus Micrometer Registry - SignalFX - Parent 299-SNAPSHOT [17/32]
[INFO] --------------------------------[ pom ]---------------------------------
[INFO] 
[INFO] --- maven-clean-plugin:3.1.0:clean (default-clean) @ quarkus-micrometer-registry-signalfx-parent ---
[INFO] Deleting /home/gabsko/breaking-updates/micrometer-registry-signalfx/target
[INFO] 
[INFO] --- maven-enforcer-plugin:3.0.0-M3:enforce (enforce-java-version) @ quarkus-micrometer-registry-signalfx-parent ---
[INFO] 
[INFO] --- maven-enforcer-plugin:3.0.0-M3:enforce (enforce-maven-version) @ quarkus-micrometer-registry-signalfx-parent ---
[INFO] 
[INFO] --- buildnumber-maven-plugin:1.4:create (get-scm-revision) @ quarkus-micrometer-registry-signalfx-parent ---
[INFO] 
[INFO] --- formatter-maven-plugin:2.17.1:format (default) @ quarkus-micrometer-registry-signalfx-parent ---
[INFO] 
[INFO] --- impsort-maven-plugin:1.6.2:sort (sort-imports) @ quarkus-micrometer-registry-signalfx-parent ---
[INFO] Processed 0 files in 00:00.000 (Already Sorted: 0, Needed Sorting: 0)
[INFO] 
[INFO] --< io.quarkiverse.micrometer.registry:quarkus-micrometer-registry-signalfx >--
[INFO] Building Quarkus Micrometer Registry - SignalFX - Runtime 299-SNAPSHOT [18/32]
[INFO] --------------------------------[ jar ]---------------------------------
[INFO] 
[INFO] --- maven-clean-plugin:3.1.0:clean (default-clean) @ quarkus-micrometer-registry-signalfx ---
[INFO] Deleting /home/gabsko/breaking-updates/micrometer-registry-signalfx/runtime/target
[INFO] 
[INFO] --- maven-enforcer-plugin:3.0.0-M3:enforce (enforce-java-version) @ quarkus-micrometer-registry-signalfx ---
[INFO] 
[INFO] --- maven-enforcer-plugin:3.0.0-M3:enforce (enforce-maven-version) @ quarkus-micrometer-registry-signalfx ---
[INFO] 
[INFO] --- buildnumber-maven-plugin:1.4:create (get-scm-revision) @ quarkus-micrometer-registry-signalfx ---
[INFO] 
[INFO] --- formatter-maven-plugin:2.17.1:format (default) @ quarkus-micrometer-registry-signalfx ---
[INFO] Processed 3 files in 12ms (Formatted: 0, Unchanged: 3, Failed: 0, Readonly: 0)
[INFO] 
[INFO] --- impsort-maven-plugin:1.6.2:sort (sort-imports) @ quarkus-micrometer-registry-signalfx ---
[INFO] Processed 3 files in 00:00.007 (Already Sorted: 3, Needed Sorting: 0)
[INFO] 
[INFO] --- maven-resources-plugin:3.2.0:resources (default-resources) @ quarkus-micrometer-registry-signalfx ---
[INFO] Using 'UTF-8' encoding to copy filtered resources.
[INFO] Using 'UTF-8' encoding to copy filtered properties files.
[INFO] Copying 1 resource
[INFO] 
[INFO] --- maven-compiler-plugin:3.10.1:compile (default-compile) @ quarkus-micrometer-registry-signalfx ---
[INFO] Changes detected - recompiling the module!
[INFO] Compiling 3 source files to /home/gabsko/breaking-updates/micrometer-registry-signalfx/runtime/target/classes
[WARNING] /home/gabsko/breaking-updates/micrometer-registry-signalfx/runtime/src/main/java/io/quarkiverse/micrometer/registry/signalfx/ConditionalRegistryProducer.java:[20,6] io.quarkus.arc.AlternativePriority in io.quarkus.arc has been deprecated
[WARNING] /home/gabsko/breaking-updates/micrometer-registry-signalfx/runtime/src/main/java/io/quarkiverse/micrometer/registry/signalfx/ConditionalRegistryProducer.java:[20,6] io.quarkus.arc.AlternativePriority in io.quarkus.arc has been deprecated
[WARNING] /home/gabsko/breaking-updates/micrometer-registry-signalfx/runtime/src/main/java/io/quarkiverse/micrometer/registry/signalfx/ConditionalRegistryProducer.java:[20,6] io.quarkus.arc.AlternativePriority in io.quarkus.arc has been deprecated
[WARNING] /home/gabsko/breaking-updates/micrometer-registry-signalfx/runtime/src/main/java/io/quarkiverse/micrometer/registry/signalfx/ConditionalRegistryProducer.java:[20,6] io.quarkus.arc.AlternativePriority in io.quarkus.arc has been deprecated
[INFO] 
[INFO] --- quarkus-bootstrap-maven-plugin:2.9.2.Final:extension-descriptor (default) @ quarkus-micrometer-registry-signalfx ---
[INFO] 
[INFO] --- maven-resources-plugin:3.2.0:testResources (default-testResources) @ quarkus-micrometer-registry-signalfx ---
[INFO] Using 'UTF-8' encoding to copy filtered resources.
[INFO] Using 'UTF-8' encoding to copy filtered properties files.
[INFO] skip non existing resourceDirectory /home/gabsko/breaking-updates/micrometer-registry-signalfx/runtime/src/test/resources
[INFO] 
[INFO] --- maven-compiler-plugin:3.10.1:testCompile (default-testCompile) @ quarkus-micrometer-registry-signalfx ---
[INFO] No sources to compile
[INFO] 
[INFO] --- maven-surefire-plugin:2.22.2:test (default-test) @ quarkus-micrometer-registry-signalfx ---
[INFO] No tests to run.
[INFO] 
[INFO] --< io.quarkiverse.micrometer.registry:quarkus-micrometer-registry-signalfx-deployment >--
[INFO] Building Quarkus Micrometer Registry - SignalFX - Deployment 299-SNAPSHOT [19/32]
[INFO] --------------------------------[ jar ]---------------------------------
[INFO] 
[INFO] --- maven-clean-plugin:3.1.0:clean (default-clean) @ quarkus-micrometer-registry-signalfx-deployment ---
[INFO] Deleting /home/gabsko/breaking-updates/micrometer-registry-signalfx/deployment/target
[INFO] 
[INFO] --- maven-enforcer-plugin:3.0.0-M3:enforce (enforce-java-version) @ quarkus-micrometer-registry-signalfx-deployment ---
[INFO] 
[INFO] --- maven-enforcer-plugin:3.0.0-M3:enforce (enforce-maven-version) @ quarkus-micrometer-registry-signalfx-deployment ---
[INFO] 
[INFO] --- buildnumber-maven-plugin:1.4:create (get-scm-revision) @ quarkus-micrometer-registry-signalfx-deployment ---
[INFO] 
[INFO] --- formatter-maven-plugin:2.17.1:format (default) @ quarkus-micrometer-registry-signalfx-deployment ---
[INFO] Processed 6 files in 24ms (Formatted: 0, Unchanged: 6, Failed: 0, Readonly: 0)
[INFO] 
[INFO] --- impsort-maven-plugin:1.6.2:sort (sort-imports) @ quarkus-micrometer-registry-signalfx-deployment ---
[INFO] Processed 6 files in 00:00.015 (Already Sorted: 6, Needed Sorting: 0)
[INFO] 
[INFO] --- maven-resources-plugin:3.2.0:resources (default-resources) @ quarkus-micrometer-registry-signalfx-deployment ---
[INFO] Using 'UTF-8' encoding to copy filtered resources.
[INFO] Using 'UTF-8' encoding to copy filtered properties files.
[INFO] skip non existing resourceDirectory /home/gabsko/breaking-updates/micrometer-registry-signalfx/deployment/src/main/resources
[INFO] 
[INFO] --- maven-compiler-plugin:3.10.1:compile (default-compile) @ quarkus-micrometer-registry-signalfx-deployment ---
[INFO] Changes detected - recompiling the module!
[INFO] Compiling 1 source file to /home/gabsko/breaking-updates/micrometer-registry-signalfx/deployment/target/classes
[INFO] 
[INFO] --- maven-resources-plugin:3.2.0:testResources (default-testResources) @ quarkus-micrometer-registry-signalfx-deployment ---
[INFO] Using 'UTF-8' encoding to copy filtered resources.
[INFO] Using 'UTF-8' encoding to copy filtered properties files.
[INFO] Copying 1 resource
[INFO] 
[INFO] --- maven-compiler-plugin:3.10.1:testCompile (default-testCompile) @ quarkus-micrometer-registry-signalfx-deployment ---
[INFO] Changes detected - recompiling the module!
[INFO] Compiling 5 source files to /home/gabsko/breaking-updates/micrometer-registry-signalfx/deployment/target/test-classes
[INFO] 
[INFO] --- maven-surefire-plugin:2.22.2:test (default-test) @ quarkus-micrometer-registry-signalfx-deployment ---
[INFO] 
[INFO] -------------------------------------------------------
[INFO]  T E S T S
[INFO] -------------------------------------------------------
[INFO] Running io.quarkiverse.micrometer.registry.signalfx.deployment.DisableDefaultRegistryTest
2023-02-02 00:59:50,054 INFO  [io.quarkus] (main) quarkus-micrometer-registry-signalfx-deployment 299-SNAPSHOT on JVM (powered by Quarkus 2.9.2.Final) started in 0.450s. Listening on: http://localhost:8081
2023-02-02 00:59:50,056 INFO  [io.quarkus] (main) Profile test activated. 
2023-02-02 00:59:50,056 INFO  [io.quarkus] (main) Installed features: [cdi, micrometer, smallrye-context-propagation, vertx]
2023-02-02 00:59:50,137 INFO  [io.quarkus] (main) quarkus-micrometer-registry-signalfx-deployment stopped in 0.045s
[INFO] Tests run: 1, Failures: 0, Errors: 0, Skipped: 0, Time elapsed: 3.494 s - in io.quarkiverse.micrometer.registry.signalfx.deployment.DisableDefaultRegistryTest
[INFO] Running io.quarkiverse.micrometer.registry.signalfx.deployment.SignalFxEnabledInvalidTest
2023-02-02 00:59:51,086 ERROR [io.qua.mic.run.exp.ConfigAdapter] (main) quarkus.micrometer.export.signalfx.access-token is required
[INFO] Tests run: 1, Failures: 0, Errors: 0, Skipped: 0, Time elapsed: 0.98 s - in io.quarkiverse.micrometer.registry.signalfx.deployment.SignalFxEnabledInvalidTest
[INFO] Running io.quarkiverse.micrometer.registry.signalfx.deployment.SignalFxEnabledTest
2023-02-02 00:59:51,905 INFO  [io.mic.cor.ins.pus.PushMeterRegistry] (main) publishing metrics for SignalFxMeterRegistry every 10s
2023-02-02 00:59:51,993 INFO  [io.quarkus] (main) quarkus-micrometer-registry-signalfx-deployment 299-SNAPSHOT on JVM (powered by Quarkus 2.9.2.Final) started in 1.333s. Listening on: http://localhost:8081
2023-02-02 00:59:51,993 INFO  [io.quarkus] (main) Profile test activated. 
2023-02-02 00:59:51,994 INFO  [io.quarkus] (main) Installed features: [cdi, micrometer, smallrye-context-propagation, vertx]
2023-02-02 00:59:52,043 INFO  [io.quarkus] (main) quarkus-micrometer-registry-signalfx-deployment stopped in 0.041s
[INFO] Tests run: 1, Failures: 0, Errors: 0, Skipped: 0, Time elapsed: 0.897 s - in io.quarkiverse.micrometer.registry.signalfx.deployment.SignalFxEnabledTest
[INFO] Running io.quarkiverse.micrometer.registry.signalfx.deployment.SignalFxEnabledInvalidUriTest
2023-02-02 00:59:52,578 ERROR [io.qua.mic.run.exp.ConfigAdapter] (main) quarkus.micrometer.export.signalfx.uri is malformed: java.lang.IllegalArgumentException: URI is not absolute
	at java.base/java.net.URL.fromURI(URL.java:692)
	at java.base/java.net.URI.toURL(URI.java:1116)
	at io.micrometer.core.instrument.config.validate.PropertyValidator.getUrlString(PropertyValidator.java:114)
	at io.micrometer.signalfx.SignalFxConfig.lambda$uri$0(SignalFxConfig.java:53)
	at io.micrometer.core.instrument.config.validate.Validated$Valid.flatMap(Validated.java:240)
	at io.micrometer.signalfx.SignalFxConfig.uri(SignalFxConfig.java:53)
	at io.micrometer.core.instrument.config.MeterRegistryConfigValidator.lambda$check$3(MeterRegistryConfigValidator.java:59)
	at java.base/java.util.function.Function.lambda$andThen$1(Function.java:88)
	at io.micrometer.core.instrument.config.MeterRegistryConfigValidator.lambda$checkAll$0(MeterRegistryConfigValidator.java:36)
	at java.base/java.util.stream.ReferencePipeline$3$1.accept(ReferencePipeline.java:195)
	at java.base/java.util.Spliterators$ArraySpliterator.forEachRemaining(Spliterators.java:948)
	at java.base/java.util.stream.AbstractPipeline.copyInto(AbstractPipeline.java:484)
	at java.base/java.util.stream.AbstractPipeline.wrapAndCopyInto(AbstractPipeline.java:474)
	at java.base/java.util.stream.ReduceOps$ReduceOp.evaluateSequential(ReduceOps.java:913)
	at java.base/java.util.stream.AbstractPipeline.evaluate(AbstractPipeline.java:234)
	at java.base/java.util.stream.ReferencePipeline.reduce(ReferencePipeline.java:553)
	at io.micrometer.core.instrument.config.MeterRegistryConfigValidator.checkAll(MeterRegistryConfigValidator.java:36)
	at io.micrometer.signalfx.SignalFxConfig.validate(SignalFxConfig.java:79)
	at io.quarkus.micrometer.runtime.export.ConfigAdapter.validate(ConfigAdapter.java:77)
	at io.quarkiverse.micrometer.registry.signalfx.SignalFxMeterRegistryProvider.configure(SignalFxMeterRegistryProvider.java:40)
	at io.quarkiverse.micrometer.registry.signalfx.SignalFxMeterRegistryProvider_ProducerMethod_configure_611c224248e846b827fdc8d6ee5b6e2ce661cb4d_Bean.create(Unknown Source)
	at io.quarkiverse.micrometer.registry.signalfx.SignalFxMeterRegistryProvider_ProducerMethod_configure_611c224248e846b827fdc8d6ee5b6e2ce661cb4d_Bean.create(Unknown Source)
	at io.quarkus.arc.impl.AbstractSharedContext.createInstanceHandle(AbstractSharedContext.java:111)
	at io.quarkus.arc.impl.AbstractSharedContext$1.get(AbstractSharedContext.java:35)
	at io.quarkus.arc.impl.AbstractSharedContext$1.get(AbstractSharedContext.java:32)
	at io.quarkus.arc.impl.LazyValue.get(LazyValue.java:26)
	at io.quarkus.arc.impl.ComputingCache.computeIfAbsent(ComputingCache.java:69)
	at io.quarkus.arc.impl.AbstractSharedContext.get(AbstractSharedContext.java:32)
	at io.quarkiverse.micrometer.registry.signalfx.SignalFxMeterRegistryProvider_ProducerMethod_configure_611c224248e846b827fdc8d6ee5b6e2ce661cb4d_Bean.get(Unknown Source)
	at io.quarkiverse.micrometer.registry.signalfx.SignalFxMeterRegistryProvider_ProducerMethod_configure_611c224248e846b827fdc8d6ee5b6e2ce661cb4d_Bean.get(Unknown Source)
	at io.quarkiverse.micrometer.registry.signalfx.ConditionalRegistryProducer_ProducerMethod_registry_0a5c6a1ffc0c7d631694f1c0b0aa4dd26bc02216_Bean.create(Unknown Source)
	at io.quarkiverse.micrometer.registry.signalfx.ConditionalRegistryProducer_ProducerMethod_registry_0a5c6a1ffc0c7d631694f1c0b0aa4dd26bc02216_Bean.create(Unknown Source)
	at io.quarkus.arc.impl.AbstractSharedContext.createInstanceHandle(AbstractSharedContext.java:111)
	at io.quarkus.arc.impl.AbstractSharedContext$1.get(AbstractSharedContext.java:35)
	at io.quarkus.arc.impl.AbstractSharedContext$1.get(AbstractSharedContext.java:32)
	at io.quarkus.arc.impl.LazyValue.get(LazyValue.java:26)
	at io.quarkus.arc.impl.ComputingCache.computeIfAbsent(ComputingCache.java:69)
	at io.quarkus.arc.impl.AbstractSharedContext.get(AbstractSharedContext.java:32)
	at io.quarkiverse.micrometer.registry.signalfx.ConditionalRegistryProducer_ProducerMethod_registry_0a5c6a1ffc0c7d631694f1c0b0aa4dd26bc02216_Bean.get(Unknown Source)
	at io.quarkiverse.micrometer.registry.signalfx.ConditionalRegistryProducer_ProducerMethod_registry_0a5c6a1ffc0c7d631694f1c0b0aa4dd26bc02216_Bean.get(Unknown Source)
	at io.quarkus.arc.impl.ArcContainerImpl.beanInstanceHandle(ArcContainerImpl.java:467)
	at io.quarkus.arc.impl.ArcContainerImpl.beanInstanceHandle(ArcContainerImpl.java:480)
	at io.quarkus.arc.impl.BeanManagerImpl.getReference(BeanManagerImpl.java:59)
	at io.quarkus.micrometer.runtime.MicrometerRecorder.configureRegistries(MicrometerRecorder.java:98)
	at io.quarkus.deployment.steps.MicrometerProcessor$configureRegistry2125003310.deploy_0(Unknown Source)
	at io.quarkus.deployment.steps.MicrometerProcessor$configureRegistry2125003310.deploy(Unknown Source)
	at io.quarkus.runner.ApplicationImpl.doStart(Unknown Source)
	at io.quarkus.runtime.Application.start(Application.java:101)
	at java.base/jdk.internal.reflect.NativeMethodAccessorImpl.invoke0(Native Method)
	at java.base/jdk.internal.reflect.NativeMethodAccessorImpl.invoke(NativeMethodAccessorImpl.java:62)
	at java.base/jdk.internal.reflect.DelegatingMethodAccessorImpl.invoke(DelegatingMethodAccessorImpl.java:43)
	at java.base/java.lang.reflect.Method.invoke(Method.java:566)
	at io.quarkus.runner.bootstrap.StartupActionImpl.run(StartupActionImpl.java:237)
	at io.quarkus.test.QuarkusUnitTest.beforeAll(QuarkusUnitTest.java:636)
	at org.junit.jupiter.engine.descriptor.ClassBasedTestDescriptor.lambda$invokeBeforeAllCallbacks$10(ClassBasedTestDescriptor.java:381)
	at org.junit.platform.engine.support.hierarchical.ThrowableCollector.execute(ThrowableCollector.java:73)
	at org.junit.jupiter.engine.descriptor.ClassBasedTestDescriptor.invokeBeforeAllCallbacks(ClassBasedTestDescriptor.java:381)
	at org.junit.jupiter.engine.descriptor.ClassBasedTestDescriptor.before(ClassBasedTestDescriptor.java:205)
	at org.junit.jupiter.engine.descriptor.ClassBasedTestDescriptor.before(ClassBasedTestDescriptor.java:80)
	at org.junit.platform.engine.support.hierarchical.NodeTestTask.lambda$executeRecursively$6(NodeTestTask.java:148)
	at org.junit.platform.engine.support.hierarchical.ThrowableCollector.execute(ThrowableCollector.java:73)
	at org.junit.platform.engine.support.hierarchical.NodeTestTask.lambda$executeRecursively$8(NodeTestTask.java:141)
	at org.junit.platform.engine.support.hierarchical.Node.around(Node.java:137)
	at org.junit.platform.engine.support.hierarchical.NodeTestTask.lambda$executeRecursively$9(NodeTestTask.java:139)
	at org.junit.platform.engine.support.hierarchical.ThrowableCollector.execute(ThrowableCollector.java:73)
	at org.junit.platform.engine.support.hierarchical.NodeTestTask.executeRecursively(NodeTestTask.java:138)
	at org.junit.platform.engine.support.hierarchical.NodeTestTask.execute(NodeTestTask.java:95)
	at java.base/java.util.ArrayList.forEach(ArrayList.java:1541)
	at org.junit.platform.engine.support.hierarchical.SameThreadHierarchicalTestExecutorService.invokeAll(SameThreadHierarchicalTestExecutorService.java:41)
	at org.junit.platform.engine.support.hierarchical.NodeTestTask.lambda$executeRecursively$6(NodeTestTask.java:155)
	at org.junit.platform.engine.support.hierarchical.ThrowableCollector.execute(ThrowableCollector.java:73)
	at org.junit.platform.engine.support.hierarchical.NodeTestTask.lambda$executeRecursively$8(NodeTestTask.java:141)
	at org.junit.platform.engine.support.hierarchical.Node.around(Node.java:137)
	at org.junit.platform.engine.support.hierarchical.NodeTestTask.lambda$executeRecursively$9(NodeTestTask.java:139)
	at org.junit.platform.engine.support.hierarchical.ThrowableCollector.execute(ThrowableCollector.java:73)
	at org.junit.platform.engine.support.hierarchical.NodeTestTask.executeRecursively(NodeTestTask.java:138)
	at org.junit.platform.engine.support.hierarchical.NodeTestTask.execute(NodeTestTask.java:95)
	at org.junit.platform.engine.support.hierarchical.SameThreadHierarchicalTestExecutorService.submit(SameThreadHierarchicalTestExecutorService.java:35)
	at org.junit.platform.engine.support.hierarchical.HierarchicalTestExecutor.execute(HierarchicalTestExecutor.java:57)
	at org.junit.platform.engine.support.hierarchical.HierarchicalTestEngine.execute(HierarchicalTestEngine.java:54)
	at org.junit.platform.launcher.core.EngineExecutionOrchestrator.execute(EngineExecutionOrchestrator.java:107)
	at org.junit.platform.launcher.core.EngineExecutionOrchestrator.execute(EngineExecutionOrchestrator.java:88)
	at org.junit.platform.launcher.core.EngineExecutionOrchestrator.lambda$execute$0(EngineExecutionOrchestrator.java:54)
	at org.junit.platform.launcher.core.EngineExecutionOrchestrator.withInterceptedStreams(EngineExecutionOrchestrator.java:67)
	at org.junit.platform.launcher.core.EngineExecutionOrchestrator.execute(EngineExecutionOrchestrator.java:52)
	at org.junit.platform.launcher.core.DefaultLauncher.execute(DefaultLauncher.java:114)
	at org.junit.platform.launcher.core.DefaultLauncher.execute(DefaultLauncher.java:86)
	at org.junit.platform.launcher.core.DefaultLauncherSession$DelegatingLauncher.execute(DefaultLauncherSession.java:86)
	at org.junit.platform.launcher.core.SessionPerRequestLauncher.execute(SessionPerRequestLauncher.java:53)
	at org.apache.maven.surefire.junitplatform.JUnitPlatformProvider.invokeAllTests(JUnitPlatformProvider.java:150)
	at org.apache.maven.surefire.junitplatform.JUnitPlatformProvider.invoke(JUnitPlatformProvider.java:124)
	at org.apache.maven.surefire.booter.ForkedBooter.invokeProviderInSameClassLoader(ForkedBooter.java:384)
	at org.apache.maven.surefire.booter.ForkedBooter.runSuitesInProcess(ForkedBooter.java:345)
	at org.apache.maven.surefire.booter.ForkedBooter.execute(ForkedBooter.java:126)
	at org.apache.maven.surefire.booter.ForkedBooter.main(ForkedBooter.java:418)

[INFO] Tests run: 1, Failures: 0, Errors: 0, Skipped: 0, Time elapsed: 0.626 s - in io.quarkiverse.micrometer.registry.signalfx.deployment.SignalFxEnabledInvalidUriTest
[INFO] 
[INFO] Results:
[INFO] 
[INFO] Tests run: 4, Failures: 0, Errors: 0, Skipped: 0
[INFO] 
[INFO] 
[INFO] --< io.quarkiverse.micrometer.registry:quarkus-micrometer-registry-stackdriver-parent >--
[INFO] Building Quarkus Micrometer Registry - Stackdriver - Parent 299-SNAPSHOT [20/32]
[INFO] --------------------------------[ pom ]---------------------------------
[INFO] 
[INFO] --- maven-clean-plugin:3.1.0:clean (default-clean) @ quarkus-micrometer-registry-stackdriver-parent ---
[INFO] Deleting /home/gabsko/breaking-updates/micrometer-registry-stackdriver/target
[INFO] 
[INFO] --- maven-enforcer-plugin:3.0.0-M3:enforce (enforce-java-version) @ quarkus-micrometer-registry-stackdriver-parent ---
[INFO] 
[INFO] --- maven-enforcer-plugin:3.0.0-M3:enforce (enforce-maven-version) @ quarkus-micrometer-registry-stackdriver-parent ---
[INFO] 
[INFO] --- buildnumber-maven-plugin:1.4:create (get-scm-revision) @ quarkus-micrometer-registry-stackdriver-parent ---
[INFO] 
[INFO] --- formatter-maven-plugin:2.17.1:format (default) @ quarkus-micrometer-registry-stackdriver-parent ---
[INFO] 
[INFO] --- impsort-maven-plugin:1.6.2:sort (sort-imports) @ quarkus-micrometer-registry-stackdriver-parent ---
[INFO] Processed 0 files in 00:00.000 (Already Sorted: 0, Needed Sorting: 0)
[INFO] 
[INFO] --< io.quarkiverse.micrometer.registry:quarkus-micrometer-registry-stackdriver >--
[INFO] Building Quarkus Micrometer Registry - Stackdriver - Runtime 299-SNAPSHOT [21/32]
[INFO] --------------------------------[ jar ]---------------------------------
[INFO] 
[INFO] --- maven-clean-plugin:3.1.0:clean (default-clean) @ quarkus-micrometer-registry-stackdriver ---
[INFO] Deleting /home/gabsko/breaking-updates/micrometer-registry-stackdriver/runtime/target
[INFO] 
[INFO] --- maven-enforcer-plugin:3.0.0-M3:enforce (enforce-java-version) @ quarkus-micrometer-registry-stackdriver ---
[INFO] 
[INFO] --- maven-enforcer-plugin:3.0.0-M3:enforce (enforce-maven-version) @ quarkus-micrometer-registry-stackdriver ---
[INFO] 
[INFO] --- buildnumber-maven-plugin:1.4:create (get-scm-revision) @ quarkus-micrometer-registry-stackdriver ---
[INFO] 
[INFO] --- formatter-maven-plugin:2.17.1:format (default) @ quarkus-micrometer-registry-stackdriver ---
[INFO] Processed 3 files in 17ms (Formatted: 0, Unchanged: 3, Failed: 0, Readonly: 0)
[INFO] 
[INFO] --- impsort-maven-plugin:1.6.2:sort (sort-imports) @ quarkus-micrometer-registry-stackdriver ---
[INFO] Processed 3 files in 00:00.010 (Already Sorted: 3, Needed Sorting: 0)
[INFO] 
[INFO] --- maven-resources-plugin:3.2.0:resources (default-resources) @ quarkus-micrometer-registry-stackdriver ---
[INFO] Using 'UTF-8' encoding to copy filtered resources.
[INFO] Using 'UTF-8' encoding to copy filtered properties files.
[INFO] Copying 1 resource
[INFO] 
[INFO] --- maven-compiler-plugin:3.10.1:compile (default-compile) @ quarkus-micrometer-registry-stackdriver ---
[INFO] Changes detected - recompiling the module!
[INFO] Compiling 3 source files to /home/gabsko/breaking-updates/micrometer-registry-stackdriver/runtime/target/classes
[WARNING] /home/gabsko/breaking-updates/micrometer-registry-stackdriver/runtime/src/main/java/io/quarkiverse/micrometer/registry/stackdriver/ConditionalRegistryProducer.java:[20,6] io.quarkus.arc.AlternativePriority in io.quarkus.arc has been deprecated
[WARNING] /home/gabsko/breaking-updates/micrometer-registry-stackdriver/runtime/src/main/java/io/quarkiverse/micrometer/registry/stackdriver/ConditionalRegistryProducer.java:[20,6] io.quarkus.arc.AlternativePriority in io.quarkus.arc has been deprecated
[WARNING] /home/gabsko/breaking-updates/micrometer-registry-stackdriver/runtime/src/main/java/io/quarkiverse/micrometer/registry/stackdriver/ConditionalRegistryProducer.java:[20,6] io.quarkus.arc.AlternativePriority in io.quarkus.arc has been deprecated
[WARNING] /home/gabsko/breaking-updates/micrometer-registry-stackdriver/runtime/src/main/java/io/quarkiverse/micrometer/registry/stackdriver/ConditionalRegistryProducer.java:[20,6] io.quarkus.arc.AlternativePriority in io.quarkus.arc has been deprecated
[INFO] 
[INFO] --- quarkus-bootstrap-maven-plugin:2.9.2.Final:extension-descriptor (default) @ quarkus-micrometer-registry-stackdriver ---
[INFO] 
[INFO] --- maven-resources-plugin:3.2.0:testResources (default-testResources) @ quarkus-micrometer-registry-stackdriver ---
[INFO] Using 'UTF-8' encoding to copy filtered resources.
[INFO] Using 'UTF-8' encoding to copy filtered properties files.
[INFO] skip non existing resourceDirectory /home/gabsko/breaking-updates/micrometer-registry-stackdriver/runtime/src/test/resources
[INFO] 
[INFO] --- maven-compiler-plugin:3.10.1:testCompile (default-testCompile) @ quarkus-micrometer-registry-stackdriver ---
[INFO] No sources to compile
[INFO] 
[INFO] --- maven-surefire-plugin:2.22.2:test (default-test) @ quarkus-micrometer-registry-stackdriver ---
[INFO] No tests to run.
[INFO] 
[INFO] --< io.quarkiverse.micrometer.registry:quarkus-micrometer-registry-stackdriver-deployment >--
[INFO] Building Quarkus Micrometer Registry - Stackdriver - Deployment 299-SNAPSHOT [22/32]
[INFO] --------------------------------[ jar ]---------------------------------
[INFO] 
[INFO] --- maven-clean-plugin:3.1.0:clean (default-clean) @ quarkus-micrometer-registry-stackdriver-deployment ---
[INFO] Deleting /home/gabsko/breaking-updates/micrometer-registry-stackdriver/deployment/target
[INFO] 
[INFO] --- maven-enforcer-plugin:3.0.0-M3:enforce (enforce-java-version) @ quarkus-micrometer-registry-stackdriver-deployment ---
[INFO] 
[INFO] --- maven-enforcer-plugin:3.0.0-M3:enforce (enforce-maven-version) @ quarkus-micrometer-registry-stackdriver-deployment ---
[INFO] 
[INFO] --- buildnumber-maven-plugin:1.4:create (get-scm-revision) @ quarkus-micrometer-registry-stackdriver-deployment ---
[INFO] 
[INFO] --- formatter-maven-plugin:2.17.1:format (default) @ quarkus-micrometer-registry-stackdriver-deployment ---
[INFO] Processed 5 files in 17ms (Formatted: 0, Unchanged: 5, Failed: 0, Readonly: 0)
[INFO] 
[INFO] --- impsort-maven-plugin:1.6.2:sort (sort-imports) @ quarkus-micrometer-registry-stackdriver-deployment ---
[INFO] Processed 5 files in 00:00.012 (Already Sorted: 5, Needed Sorting: 0)
[INFO] 
[INFO] --- maven-resources-plugin:3.2.0:resources (default-resources) @ quarkus-micrometer-registry-stackdriver-deployment ---
[INFO] Using 'UTF-8' encoding to copy filtered resources.
[INFO] Using 'UTF-8' encoding to copy filtered properties files.
[INFO] skip non existing resourceDirectory /home/gabsko/breaking-updates/micrometer-registry-stackdriver/deployment/src/main/resources
[INFO] 
[INFO] --- maven-compiler-plugin:3.10.1:compile (default-compile) @ quarkus-micrometer-registry-stackdriver-deployment ---
[INFO] Changes detected - recompiling the module!
[INFO] Compiling 1 source file to /home/gabsko/breaking-updates/micrometer-registry-stackdriver/deployment/target/classes
[INFO] 
[INFO] --- maven-resources-plugin:3.2.0:testResources (default-testResources) @ quarkus-micrometer-registry-stackdriver-deployment ---
[INFO] Using 'UTF-8' encoding to copy filtered resources.
[INFO] Using 'UTF-8' encoding to copy filtered properties files.
[INFO] Copying 1 resource
[INFO] 
[INFO] --- maven-compiler-plugin:3.10.1:testCompile (default-testCompile) @ quarkus-micrometer-registry-stackdriver-deployment ---
[INFO] Changes detected - recompiling the module!
[INFO] Compiling 4 source files to /home/gabsko/breaking-updates/micrometer-registry-stackdriver/deployment/target/test-classes
[INFO] 
[INFO] --- maven-surefire-plugin:2.22.2:test (default-test) @ quarkus-micrometer-registry-stackdriver-deployment ---
[INFO] 
[INFO] -------------------------------------------------------
[INFO]  T E S T S
[INFO] -------------------------------------------------------
[INFO] Running io.quarkiverse.micrometer.registry.stackdriver.deployment.DisableDefaultRegistryTest
2023-02-02 00:59:58,456 INFO  [io.quarkus] (main) quarkus-micrometer-registry-stackdriver-deployment 299-SNAPSHOT on JVM (powered by Quarkus 2.9.2.Final) started in 0.479s. Listening on: http://localhost:8081
2023-02-02 00:59:58,457 INFO  [io.quarkus] (main) Profile test activated. 
2023-02-02 00:59:58,457 INFO  [io.quarkus] (main) Installed features: [cdi, micrometer, smallrye-context-propagation, vertx]
2023-02-02 00:59:58,534 INFO  [io.quarkus] (main) quarkus-micrometer-registry-stackdriver-deployment stopped in 0.037s
[INFO] Tests run: 1, Failures: 0, Errors: 0, Skipped: 0, Time elapsed: 3.394 s - in io.quarkiverse.micrometer.registry.stackdriver.deployment.DisableDefaultRegistryTest
[INFO] Running io.quarkiverse.micrometer.registry.stackdriver.deployment.StackdriverEnabledTest
2023-02-02 00:59:59,503 INFO  [io.quarkus] (main) quarkus-micrometer-registry-stackdriver-deployment 299-SNAPSHOT on JVM (powered by Quarkus 2.9.2.Final) started in 0.405s. Listening on: http://localhost:8081
2023-02-02 00:59:59,503 INFO  [io.quarkus] (main) Profile test activated. 
2023-02-02 00:59:59,503 INFO  [io.quarkus] (main) Installed features: [cdi, micrometer, smallrye-context-propagation, vertx]
2023-02-02 00:59:59,563 INFO  [io.quarkus] (main) quarkus-micrometer-registry-stackdriver-deployment stopped in 0.046s
[INFO] Tests run: 1, Failures: 0, Errors: 0, Skipped: 0, Time elapsed: 1.02 s - in io.quarkiverse.micrometer.registry.stackdriver.deployment.StackdriverEnabledTest
[INFO] Running io.quarkiverse.micrometer.registry.stackdriver.deployment.StackdriverEnabledInvalidTest
2023-02-02 01:00:00,459 ERROR [io.qua.mic.run.exp.ConfigAdapter] (main) quarkus.micrometer.export.stackdriver.project-id is required
[INFO] Tests run: 1, Failures: 0, Errors: 0, Skipped: 0, Time elapsed: 1.01 s - in io.quarkiverse.micrometer.registry.stackdriver.deployment.StackdriverEnabledInvalidTest
[INFO] 
[INFO] Results:
[INFO] 
[INFO] Tests run: 3, Failures: 0, Errors: 0, Skipped: 0
[INFO] 
[INFO] 
[INFO] --< io.quarkiverse.micrometer.registry:quarkus-micrometer-registry-statsd-parent >--
[INFO] Building Quarkus Micrometer Registry - StatsD - Parent 299-SNAPSHOT [23/32]
[INFO] --------------------------------[ pom ]---------------------------------
[INFO] 
[INFO] --- maven-clean-plugin:3.1.0:clean (default-clean) @ quarkus-micrometer-registry-statsd-parent ---
[INFO] Deleting /home/gabsko/breaking-updates/micrometer-registry-statsd/target
[INFO] 
[INFO] --- maven-enforcer-plugin:3.0.0-M3:enforce (enforce-java-version) @ quarkus-micrometer-registry-statsd-parent ---
[INFO] 
[INFO] --- maven-enforcer-plugin:3.0.0-M3:enforce (enforce-maven-version) @ quarkus-micrometer-registry-statsd-parent ---
[INFO] 
[INFO] --- buildnumber-maven-plugin:1.4:create (get-scm-revision) @ quarkus-micrometer-registry-statsd-parent ---
[INFO] 
[INFO] --- formatter-maven-plugin:2.17.1:format (default) @ quarkus-micrometer-registry-statsd-parent ---
[INFO] 
[INFO] --- impsort-maven-plugin:1.6.2:sort (sort-imports) @ quarkus-micrometer-registry-statsd-parent ---
[INFO] Processed 0 files in 00:00.000 (Already Sorted: 0, Needed Sorting: 0)
[INFO] 
[INFO] --< io.quarkiverse.micrometer.registry:quarkus-micrometer-registry-statsd >--
[INFO] Building Quarkus Micrometer Registry - StatsD - Runtime 299-SNAPSHOT [24/32]
[INFO] --------------------------------[ jar ]---------------------------------
[INFO] 
[INFO] --- maven-clean-plugin:3.1.0:clean (default-clean) @ quarkus-micrometer-registry-statsd ---
[INFO] Deleting /home/gabsko/breaking-updates/micrometer-registry-statsd/runtime/target
[INFO] 
[INFO] --- maven-enforcer-plugin:3.0.0-M3:enforce (enforce-java-version) @ quarkus-micrometer-registry-statsd ---
[INFO] 
[INFO] --- maven-enforcer-plugin:3.0.0-M3:enforce (enforce-maven-version) @ quarkus-micrometer-registry-statsd ---
[INFO] 
[INFO] --- buildnumber-maven-plugin:1.4:create (get-scm-revision) @ quarkus-micrometer-registry-statsd ---
[INFO] 
[INFO] --- formatter-maven-plugin:2.17.1:format (default) @ quarkus-micrometer-registry-statsd ---
[INFO] Processed 3 files in 11ms (Formatted: 0, Unchanged: 3, Failed: 0, Readonly: 0)
[INFO] 
[INFO] --- impsort-maven-plugin:1.6.2:sort (sort-imports) @ quarkus-micrometer-registry-statsd ---
[INFO] Processed 3 files in 00:00.011 (Already Sorted: 3, Needed Sorting: 0)
[INFO] 
[INFO] --- maven-resources-plugin:3.2.0:resources (default-resources) @ quarkus-micrometer-registry-statsd ---
[INFO] Using 'UTF-8' encoding to copy filtered resources.
[INFO] Using 'UTF-8' encoding to copy filtered properties files.
[INFO] Copying 1 resource
[INFO] 
[INFO] --- maven-compiler-plugin:3.10.1:compile (default-compile) @ quarkus-micrometer-registry-statsd ---
[INFO] Changes detected - recompiling the module!
[INFO] Compiling 3 source files to /home/gabsko/breaking-updates/micrometer-registry-statsd/runtime/target/classes
[WARNING] /home/gabsko/breaking-updates/micrometer-registry-statsd/runtime/src/main/java/io/quarkiverse/micrometer/registry/statsd/ConditionalRegistryProducer.java:[20,6] io.quarkus.arc.AlternativePriority in io.quarkus.arc has been deprecated
[WARNING] /home/gabsko/breaking-updates/micrometer-registry-statsd/runtime/src/main/java/io/quarkiverse/micrometer/registry/statsd/ConditionalRegistryProducer.java:[20,6] io.quarkus.arc.AlternativePriority in io.quarkus.arc has been deprecated
[WARNING] /home/gabsko/breaking-updates/micrometer-registry-statsd/runtime/src/main/java/io/quarkiverse/micrometer/registry/statsd/ConditionalRegistryProducer.java:[20,6] io.quarkus.arc.AlternativePriority in io.quarkus.arc has been deprecated
[WARNING] /home/gabsko/breaking-updates/micrometer-registry-statsd/runtime/src/main/java/io/quarkiverse/micrometer/registry/statsd/ConditionalRegistryProducer.java:[20,6] io.quarkus.arc.AlternativePriority in io.quarkus.arc has been deprecated
[INFO] 
[INFO] --- quarkus-bootstrap-maven-plugin:2.9.2.Final:extension-descriptor (default) @ quarkus-micrometer-registry-statsd ---
[INFO] 
[INFO] --- maven-resources-plugin:3.2.0:testResources (default-testResources) @ quarkus-micrometer-registry-statsd ---
[INFO] Using 'UTF-8' encoding to copy filtered resources.
[INFO] Using 'UTF-8' encoding to copy filtered properties files.
[INFO] skip non existing resourceDirectory /home/gabsko/breaking-updates/micrometer-registry-statsd/runtime/src/test/resources
[INFO] 
[INFO] --- maven-compiler-plugin:3.10.1:testCompile (default-testCompile) @ quarkus-micrometer-registry-statsd ---
[INFO] No sources to compile
[INFO] 
[INFO] --- maven-surefire-plugin:2.22.2:test (default-test) @ quarkus-micrometer-registry-statsd ---
[INFO] No tests to run.
[INFO] 
[INFO] --< io.quarkiverse.micrometer.registry:quarkus-micrometer-registry-statsd-deployment >--
[INFO] Building Quarkus Micrometer Registry - StatsD - Deployment 299-SNAPSHOT [25/32]
[INFO] --------------------------------[ jar ]---------------------------------
[INFO] 
[INFO] --- maven-clean-plugin:3.1.0:clean (default-clean) @ quarkus-micrometer-registry-statsd-deployment ---
[INFO] Deleting /home/gabsko/breaking-updates/micrometer-registry-statsd/deployment/target
[INFO] 
[INFO] --- maven-enforcer-plugin:3.0.0-M3:enforce (enforce-java-version) @ quarkus-micrometer-registry-statsd-deployment ---
[INFO] 
[INFO] --- maven-enforcer-plugin:3.0.0-M3:enforce (enforce-maven-version) @ quarkus-micrometer-registry-statsd-deployment ---
[INFO] 
[INFO] --- buildnumber-maven-plugin:1.4:create (get-scm-revision) @ quarkus-micrometer-registry-statsd-deployment ---
[INFO] 
[INFO] --- formatter-maven-plugin:2.17.1:format (default) @ quarkus-micrometer-registry-statsd-deployment ---
[INFO] Processed 3 files in 13ms (Formatted: 0, Unchanged: 3, Failed: 0, Readonly: 0)
[INFO] 
[INFO] --- impsort-maven-plugin:1.6.2:sort (sort-imports) @ quarkus-micrometer-registry-statsd-deployment ---
[INFO] Processed 3 files in 00:00.007 (Already Sorted: 3, Needed Sorting: 0)
[INFO] 
[INFO] --- maven-resources-plugin:3.2.0:resources (default-resources) @ quarkus-micrometer-registry-statsd-deployment ---
[INFO] Using 'UTF-8' encoding to copy filtered resources.
[INFO] Using 'UTF-8' encoding to copy filtered properties files.
[INFO] skip non existing resourceDirectory /home/gabsko/breaking-updates/micrometer-registry-statsd/deployment/src/main/resources
[INFO] 
[INFO] --- maven-compiler-plugin:3.10.1:compile (default-compile) @ quarkus-micrometer-registry-statsd-deployment ---
[INFO] Changes detected - recompiling the module!
[INFO] Compiling 1 source file to /home/gabsko/breaking-updates/micrometer-registry-statsd/deployment/target/classes
[INFO] 
[INFO] --- maven-resources-plugin:3.2.0:testResources (default-testResources) @ quarkus-micrometer-registry-statsd-deployment ---
[INFO] Using 'UTF-8' encoding to copy filtered resources.
[INFO] Using 'UTF-8' encoding to copy filtered properties files.
[INFO] Copying 1 resource
[INFO] 
[INFO] --- maven-compiler-plugin:3.10.1:testCompile (default-testCompile) @ quarkus-micrometer-registry-statsd-deployment ---
[INFO] Changes detected - recompiling the module!
[INFO] Compiling 2 source files to /home/gabsko/breaking-updates/micrometer-registry-statsd/deployment/target/test-classes
[INFO] 
[INFO] --- maven-surefire-plugin:2.22.2:test (default-test) @ quarkus-micrometer-registry-statsd-deployment ---
[INFO] 
[INFO] -------------------------------------------------------
[INFO]  T E S T S
[INFO] -------------------------------------------------------
[INFO] Running io.quarkiverse.micrometer.registry.statsd.deployment.StatsdEnabledTest
2023-02-02 01:00:06,101 INFO  [io.quarkus] (main) quarkus-micrometer-registry-statsd-deployment 299-SNAPSHOT on JVM (powered by Quarkus 2.9.2.Final) started in 0.575s. Listening on: http://localhost:8081
2023-02-02 01:00:06,103 INFO  [io.quarkus] (main) Profile test activated. 
2023-02-02 01:00:06,103 INFO  [io.quarkus] (main) Installed features: [cdi, micrometer, smallrye-context-propagation, vertx]
2023-02-02 01:00:06,181 INFO  [io.quarkus] (main) quarkus-micrometer-registry-statsd-deployment stopped in 0.040s
[INFO] Tests run: 1, Failures: 0, Errors: 0, Skipped: 0, Time elapsed: 3.474 s - in io.quarkiverse.micrometer.registry.statsd.deployment.StatsdEnabledTest
[INFO] Running io.quarkiverse.micrometer.registry.statsd.deployment.DisableDefaultRegistryTest
2023-02-02 01:00:07,112 INFO  [io.quarkus] (main) quarkus-micrometer-registry-statsd-deployment 299-SNAPSHOT on JVM (powered by Quarkus 2.9.2.Final) started in 0.411s. Listening on: http://localhost:8081
2023-02-02 01:00:07,112 INFO  [io.quarkus] (main) Profile test activated. 
2023-02-02 01:00:07,112 INFO  [io.quarkus] (main) Installed features: [cdi, micrometer, smallrye-context-propagation, vertx]
2023-02-02 01:00:07,173 INFO  [io.quarkus] (main) quarkus-micrometer-registry-statsd-deployment stopped in 0.052s
[INFO] Tests run: 1, Failures: 0, Errors: 0, Skipped: 0, Time elapsed: 0.982 s - in io.quarkiverse.micrometer.registry.statsd.deployment.DisableDefaultRegistryTest
[INFO] 
[INFO] Results:
[INFO] 
[INFO] Tests run: 2, Failures: 0, Errors: 0, Skipped: 0
[INFO] 
[INFO] 
[INFO] --< io.quarkiverse.micrometer.registry:quarkus-micrometer-registry-influx-parent >--
[INFO] Building Quarkus Micrometer Registry - InfluxDB - Parent 299-SNAPSHOT [26/32]
[INFO] --------------------------------[ pom ]---------------------------------
[INFO] 
[INFO] --- maven-clean-plugin:3.1.0:clean (default-clean) @ quarkus-micrometer-registry-influx-parent ---
[INFO] Deleting /home/gabsko/breaking-updates/micrometer-registry-influx/target
[INFO] 
[INFO] --- maven-enforcer-plugin:3.0.0-M3:enforce (enforce-java-version) @ quarkus-micrometer-registry-influx-parent ---
[INFO] 
[INFO] --- maven-enforcer-plugin:3.0.0-M3:enforce (enforce-maven-version) @ quarkus-micrometer-registry-influx-parent ---
[INFO] 
[INFO] --- buildnumber-maven-plugin:1.4:create (get-scm-revision) @ quarkus-micrometer-registry-influx-parent ---
[INFO] 
[INFO] --- formatter-maven-plugin:2.17.1:format (default) @ quarkus-micrometer-registry-influx-parent ---
[INFO] 
[INFO] --- impsort-maven-plugin:1.6.2:sort (sort-imports) @ quarkus-micrometer-registry-influx-parent ---
[INFO] Processed 0 files in 00:00.000 (Already Sorted: 0, Needed Sorting: 0)
[INFO] 
[INFO] --< io.quarkiverse.micrometer.registry:quarkus-micrometer-registry-influx >--
[INFO] Building Quarkus Micrometer Registry - InfluxDB - Runtime 299-SNAPSHOT [27/32]
[INFO] --------------------------------[ jar ]---------------------------------
[INFO] 
[INFO] --- maven-clean-plugin:3.1.0:clean (default-clean) @ quarkus-micrometer-registry-influx ---
[INFO] Deleting /home/gabsko/breaking-updates/micrometer-registry-influx/runtime/target
[INFO] 
[INFO] --- maven-enforcer-plugin:3.0.0-M3:enforce (enforce-java-version) @ quarkus-micrometer-registry-influx ---
[INFO] 
[INFO] --- maven-enforcer-plugin:3.0.0-M3:enforce (enforce-maven-version) @ quarkus-micrometer-registry-influx ---
[INFO] 
[INFO] --- buildnumber-maven-plugin:1.4:create (get-scm-revision) @ quarkus-micrometer-registry-influx ---
[INFO] 
[INFO] --- formatter-maven-plugin:2.17.1:format (default) @ quarkus-micrometer-registry-influx ---
[INFO] Processed 3 files in 11ms (Formatted: 0, Unchanged: 3, Failed: 0, Readonly: 0)
[INFO] 
[INFO] --- impsort-maven-plugin:1.6.2:sort (sort-imports) @ quarkus-micrometer-registry-influx ---
[INFO] Processed 3 files in 00:00.009 (Already Sorted: 3, Needed Sorting: 0)
[INFO] 
[INFO] --- maven-resources-plugin:3.2.0:resources (default-resources) @ quarkus-micrometer-registry-influx ---
[INFO] Using 'UTF-8' encoding to copy filtered resources.
[INFO] Using 'UTF-8' encoding to copy filtered properties files.
[INFO] Copying 1 resource
[INFO] 
[INFO] --- maven-compiler-plugin:3.10.1:compile (default-compile) @ quarkus-micrometer-registry-influx ---
[INFO] Changes detected - recompiling the module!
[INFO] Compiling 3 source files to /home/gabsko/breaking-updates/micrometer-registry-influx/runtime/target/classes
[WARNING] /home/gabsko/breaking-updates/micrometer-registry-influx/runtime/src/main/java/io/quarkiverse/micrometer/registry/influx/ConditionalRegistryProducer.java:[20,6] io.quarkus.arc.AlternativePriority in io.quarkus.arc has been deprecated
[WARNING] /home/gabsko/breaking-updates/micrometer-registry-influx/runtime/src/main/java/io/quarkiverse/micrometer/registry/influx/ConditionalRegistryProducer.java:[20,6] io.quarkus.arc.AlternativePriority in io.quarkus.arc has been deprecated
[WARNING] /home/gabsko/breaking-updates/micrometer-registry-influx/runtime/src/main/java/io/quarkiverse/micrometer/registry/influx/ConditionalRegistryProducer.java:[20,6] io.quarkus.arc.AlternativePriority in io.quarkus.arc has been deprecated
[WARNING] /home/gabsko/breaking-updates/micrometer-registry-influx/runtime/src/main/java/io/quarkiverse/micrometer/registry/influx/ConditionalRegistryProducer.java:[20,6] io.quarkus.arc.AlternativePriority in io.quarkus.arc has been deprecated
[INFO] 
[INFO] --- quarkus-bootstrap-maven-plugin:2.9.2.Final:extension-descriptor (default) @ quarkus-micrometer-registry-influx ---
[INFO] 
[INFO] --- maven-resources-plugin:3.2.0:testResources (default-testResources) @ quarkus-micrometer-registry-influx ---
[INFO] Using 'UTF-8' encoding to copy filtered resources.
[INFO] Using 'UTF-8' encoding to copy filtered properties files.
[INFO] skip non existing resourceDirectory /home/gabsko/breaking-updates/micrometer-registry-influx/runtime/src/test/resources
[INFO] 
[INFO] --- maven-compiler-plugin:3.10.1:testCompile (default-testCompile) @ quarkus-micrometer-registry-influx ---
[INFO] No sources to compile
[INFO] 
[INFO] --- maven-surefire-plugin:2.22.2:test (default-test) @ quarkus-micrometer-registry-influx ---
[INFO] No tests to run.
[INFO] 
[INFO] --< io.quarkiverse.micrometer.registry:quarkus-micrometer-registry-influx-deployment >--
[INFO] Building Quarkus Micrometer Registry - InfluxDB - Deployment 299-SNAPSHOT [28/32]
[INFO] --------------------------------[ jar ]---------------------------------
[INFO] 
[INFO] --- maven-clean-plugin:3.1.0:clean (default-clean) @ quarkus-micrometer-registry-influx-deployment ---
[INFO] Deleting /home/gabsko/breaking-updates/micrometer-registry-influx/deployment/target
[INFO] 
[INFO] --- maven-enforcer-plugin:3.0.0-M3:enforce (enforce-java-version) @ quarkus-micrometer-registry-influx-deployment ---
[INFO] 
[INFO] --- maven-enforcer-plugin:3.0.0-M3:enforce (enforce-maven-version) @ quarkus-micrometer-registry-influx-deployment ---
[INFO] 
[INFO] --- buildnumber-maven-plugin:1.4:create (get-scm-revision) @ quarkus-micrometer-registry-influx-deployment ---
[INFO] 
[INFO] --- formatter-maven-plugin:2.17.1:format (default) @ quarkus-micrometer-registry-influx-deployment ---
[INFO] Processed 3 files in 11ms (Formatted: 0, Unchanged: 3, Failed: 0, Readonly: 0)
[INFO] 
[INFO] --- impsort-maven-plugin:1.6.2:sort (sort-imports) @ quarkus-micrometer-registry-influx-deployment ---
[INFO] Processed 3 files in 00:00.005 (Already Sorted: 3, Needed Sorting: 0)
[INFO] 
[INFO] --- maven-resources-plugin:3.2.0:resources (default-resources) @ quarkus-micrometer-registry-influx-deployment ---
[INFO] Using 'UTF-8' encoding to copy filtered resources.
[INFO] Using 'UTF-8' encoding to copy filtered properties files.
[INFO] skip non existing resourceDirectory /home/gabsko/breaking-updates/micrometer-registry-influx/deployment/src/main/resources
[INFO] 
[INFO] --- maven-compiler-plugin:3.10.1:compile (default-compile) @ quarkus-micrometer-registry-influx-deployment ---
[INFO] Changes detected - recompiling the module!
[INFO] Compiling 1 source file to /home/gabsko/breaking-updates/micrometer-registry-influx/deployment/target/classes
[INFO] 
[INFO] --- maven-resources-plugin:3.2.0:testResources (default-testResources) @ quarkus-micrometer-registry-influx-deployment ---
[INFO] Using 'UTF-8' encoding to copy filtered resources.
[INFO] Using 'UTF-8' encoding to copy filtered properties files.
[INFO] Copying 1 resource
[INFO] 
[INFO] --- maven-compiler-plugin:3.10.1:testCompile (default-testCompile) @ quarkus-micrometer-registry-influx-deployment ---
[INFO] Changes detected - recompiling the module!
[INFO] Compiling 2 source files to /home/gabsko/breaking-updates/micrometer-registry-influx/deployment/target/test-classes
[INFO] 
[INFO] --- maven-surefire-plugin:2.22.2:test (default-test) @ quarkus-micrometer-registry-influx-deployment ---
[INFO] 
[INFO] -------------------------------------------------------
[INFO]  T E S T S
[INFO] -------------------------------------------------------
[INFO] Running io.quarkiverse.micrometer.registry.influx.deployment.DisableDefaultRegistryTest
2023-02-02 01:00:12,530 INFO  [io.quarkus] (main) quarkus-micrometer-registry-influx-deployment 299-SNAPSHOT on JVM (powered by Quarkus 2.9.2.Final) started in 0.625s. Listening on: http://localhost:8081
2023-02-02 01:00:12,532 INFO  [io.quarkus] (main) Profile test activated. 
2023-02-02 01:00:12,532 INFO  [io.quarkus] (main) Installed features: [cdi, micrometer, smallrye-context-propagation, vertx]
2023-02-02 01:00:12,663 INFO  [io.quarkus] (main) quarkus-micrometer-registry-influx-deployment stopped in 0.083s
[INFO] Tests run: 1, Failures: 0, Errors: 0, Skipped: 0, Time elapsed: 3.496 s - in io.quarkiverse.micrometer.registry.influx.deployment.DisableDefaultRegistryTest
[INFO] Running io.quarkiverse.micrometer.registry.influx.deployment.InfluxEnabledTest
2023-02-02 01:00:13,640 INFO  [io.quarkus] (main) quarkus-micrometer-registry-influx-deployment 299-SNAPSHOT on JVM (powered by Quarkus 2.9.2.Final) started in 0.461s. Listening on: http://localhost:8081
2023-02-02 01:00:13,641 INFO  [io.quarkus] (main) Profile test activated. 
2023-02-02 01:00:13,641 INFO  [io.quarkus] (main) Installed features: [cdi, micrometer, smallrye-context-propagation, vertx]
2023-02-02 01:00:13,696 INFO  [io.quarkus] (main) quarkus-micrometer-registry-influx-deployment stopped in 0.042s
[INFO] Tests run: 1, Failures: 0, Errors: 0, Skipped: 0, Time elapsed: 1.029 s - in io.quarkiverse.micrometer.registry.influx.deployment.InfluxEnabledTest
[INFO] 
[INFO] Results:
[INFO] 
[INFO] Tests run: 2, Failures: 0, Errors: 0, Skipped: 0
[INFO] 
[INFO] 
[INFO] --< io.quarkiverse.micrometer.registry:quarkus-micrometer-registry-docs >--
[INFO] Building Quarkus Micrometer Registry - Documentation 299-SNAPSHOT [29/32]
[INFO] --------------------------------[ jar ]---------------------------------
[INFO] 
[INFO] --- maven-clean-plugin:3.1.0:clean (default-clean) @ quarkus-micrometer-registry-docs ---
[INFO] Deleting /home/gabsko/breaking-updates/docs/target
[INFO] 
[INFO] --- maven-enforcer-plugin:3.0.0-M3:enforce (enforce-java-version) @ quarkus-micrometer-registry-docs ---
[INFO] 
[INFO] --- maven-enforcer-plugin:3.0.0-M3:enforce (enforce-maven-version) @ quarkus-micrometer-registry-docs ---
[INFO] 
[INFO] --- buildnumber-maven-plugin:1.4:create (get-scm-revision) @ quarkus-micrometer-registry-docs ---
[INFO] 
[INFO] --- yaml-properties-maven-plugin:1.1.3:read-project-properties (default) @ quarkus-micrometer-registry-docs ---
[INFO] 
[INFO] --- formatter-maven-plugin:2.17.1:format (default) @ quarkus-micrometer-registry-docs ---
[INFO] 
[INFO] --- impsort-maven-plugin:1.6.2:sort (sort-imports) @ quarkus-micrometer-registry-docs ---
[INFO] Processed 0 files in 00:00.000 (Already Sorted: 0, Needed Sorting: 0)
[INFO] 
[INFO] --- maven-resources-plugin:3.2.0:resources (default-resources) @ quarkus-micrometer-registry-docs ---
[INFO] Using 'UTF-8' encoding to copy filtered resources.
[INFO] Using 'UTF-8' encoding to copy filtered properties files.
[INFO] skip non existing resourceDirectory /home/gabsko/breaking-updates/docs/src/main/resources
[INFO] 
[INFO] --- maven-compiler-plugin:3.8.1:compile (default-compile) @ quarkus-micrometer-registry-docs ---
[INFO] No sources to compile
[INFO] 
[INFO] --- maven-resources-plugin:3.2.0:testResources (default-testResources) @ quarkus-micrometer-registry-docs ---
[INFO] Using 'UTF-8' encoding to copy filtered resources.
[INFO] Using 'UTF-8' encoding to copy filtered properties files.
[INFO] skip non existing resourceDirectory /home/gabsko/breaking-updates/docs/src/test/resources
[INFO] 
[INFO] --- maven-compiler-plugin:3.8.1:testCompile (default-testCompile) @ quarkus-micrometer-registry-docs ---
[INFO] No sources to compile
[INFO] 
[INFO] --- maven-surefire-plugin:2.22.2:test (default-test) @ quarkus-micrometer-registry-docs ---
[INFO] No tests to run.
[INFO] 
[INFO] --< io.quarkiverse.micrometer.registry:quarkus-micrometer-registry-it-parent >--
[INFO] Building Quarkus Micrometer Registry - Integration Test - Parent 299-SNAPSHOT [30/32]
[INFO] --------------------------------[ pom ]---------------------------------
[INFO] 
[INFO] --- maven-clean-plugin:3.1.0:clean (default-clean) @ quarkus-micrometer-registry-it-parent ---
[INFO] Deleting /home/gabsko/breaking-updates/integration-tests/target
[INFO] 
[INFO] --- maven-enforcer-plugin:3.0.0-M3:enforce (enforce-java-version) @ quarkus-micrometer-registry-it-parent ---
[INFO] 
[INFO] --- maven-enforcer-plugin:3.0.0-M3:enforce (enforce-maven-version) @ quarkus-micrometer-registry-it-parent ---
[INFO] 
[INFO] --- buildnumber-maven-plugin:1.4:create (get-scm-revision) @ quarkus-micrometer-registry-it-parent ---
[INFO] 
[INFO] --- formatter-maven-plugin:2.17.1:format (default) @ quarkus-micrometer-registry-it-parent ---
[INFO] 
[INFO] --- impsort-maven-plugin:1.6.2:sort (sort-imports) @ quarkus-micrometer-registry-it-parent ---
[INFO] Processed 0 files in 00:00.000 (Already Sorted: 0, Needed Sorting: 0)
[INFO] 
[INFO] --< io.quarkiverse.micrometer.registry:quarkus-micrometer-registry-it-jmx >--
[INFO] Building Quarkus Micrometer Registry - Integration Test - JMX 299-SNAPSHOT [31/32]
[INFO] --------------------------------[ jar ]---------------------------------
[INFO] 
[INFO] --- maven-clean-plugin:3.1.0:clean (default-clean) @ quarkus-micrometer-registry-it-jmx ---
[INFO] Deleting /home/gabsko/breaking-updates/integration-tests/micrometer-jmx/target
[INFO] 
[INFO] --- maven-enforcer-plugin:3.0.0-M3:enforce (enforce-java-version) @ quarkus-micrometer-registry-it-jmx ---
[INFO] 
[INFO] --- maven-enforcer-plugin:3.0.0-M3:enforce (enforce-maven-version) @ quarkus-micrometer-registry-it-jmx ---
[INFO] 
[INFO] --- buildnumber-maven-plugin:1.4:create (get-scm-revision) @ quarkus-micrometer-registry-it-jmx ---
[INFO] 
[INFO] --- formatter-maven-plugin:2.17.1:format (default) @ quarkus-micrometer-registry-it-jmx ---
[INFO] Processed 3 files in 25ms (Formatted: 0, Unchanged: 3, Failed: 0, Readonly: 0)
[INFO] 
[INFO] --- impsort-maven-plugin:1.6.2:sort (sort-imports) @ quarkus-micrometer-registry-it-jmx ---
[INFO] Processed 3 files in 00:00.010 (Already Sorted: 3, Needed Sorting: 0)
[INFO] 
[INFO] --- maven-resources-plugin:3.2.0:resources (default-resources) @ quarkus-micrometer-registry-it-jmx ---
[INFO] Using 'UTF-8' encoding to copy filtered resources.
[INFO] Using 'UTF-8' encoding to copy filtered properties files.
[INFO] Copying 1 resource
[INFO] 
[INFO] --- maven-compiler-plugin:3.8.1:compile (default-compile) @ quarkus-micrometer-registry-it-jmx ---
[INFO] Changes detected - recompiling the module!
[INFO] Compiling 2 source files to /home/gabsko/breaking-updates/integration-tests/micrometer-jmx/target/classes
[INFO] 
[INFO] --- maven-resources-plugin:3.2.0:testResources (default-testResources) @ quarkus-micrometer-registry-it-jmx ---
[INFO] Using 'UTF-8' encoding to copy filtered resources.
[INFO] Using 'UTF-8' encoding to copy filtered properties files.
[INFO] skip non existing resourceDirectory /home/gabsko/breaking-updates/integration-tests/micrometer-jmx/src/test/resources
[INFO] 
[INFO] --- maven-compiler-plugin:3.8.1:testCompile (default-testCompile) @ quarkus-micrometer-registry-it-jmx ---
[INFO] Changes detected - recompiling the module!
[INFO] Compiling 1 source file to /home/gabsko/breaking-updates/integration-tests/micrometer-jmx/target/test-classes
[INFO] 
[INFO] --- maven-surefire-plugin:2.22.2:test (default-test) @ quarkus-micrometer-registry-it-jmx ---
[INFO] 
[INFO] -------------------------------------------------------
[INFO]  T E S T S
[INFO] -------------------------------------------------------
[INFO] Running io.quarkiverse.it.micrometer.jmx.JmxMetricsRegistryTest
2023-02-02 01:00:17,980 INFO  [org.jbo.threads] (main) JBoss Threads version 3.4.2.Final
2023-02-02 01:00:18,569 WARN  [org.tes.uti.TestcontainersConfiguration] (build-11) Attempted to read Testcontainers configuration file at file:/home/gabsko/.testcontainers.properties but the file was not found. Exception message: FileNotFoundException: /home/gabsko/.testcontainers.properties (No such file or directory)
2023-02-02 01:00:18,966 INFO  [com.git.doc.zer.sha.org.apa.hc.cli.htt.imp.cla.HttpRequestRetryExec] (ducttape-0) Recoverable I/O exception (java.io.IOException) caught when processing request to {}->unix://localhost:2375
2023-02-02 01:00:19,074 INFO  [com.git.doc.zer.sha.org.apa.hc.cli.htt.imp.cla.HttpRequestRetryExec] (ducttape-0) Recoverable I/O exception (java.io.IOException) caught when processing request to {}->unix://localhost:2375
2023-02-02 01:00:19,181 INFO  [com.git.doc.zer.sha.org.apa.hc.cli.htt.imp.cla.HttpRequestRetryExec] (ducttape-0) Recoverable I/O exception (java.io.IOException) caught when processing request to {}->unix://localhost:2375
2023-02-02 01:00:19,283 INFO  [com.git.doc.zer.sha.org.apa.hc.cli.htt.imp.cla.HttpRequestRetryExec] (ducttape-0) Recoverable I/O exception (java.io.IOException) caught when processing request to {}->unix://localhost:2375
2023-02-02 01:00:19,385 INFO  [com.git.doc.zer.sha.org.apa.hc.cli.htt.imp.cla.HttpRequestRetryExec] (ducttape-0) Recoverable I/O exception (java.io.IOException) caught when processing request to {}->unix://localhost:2375
2023-02-02 01:00:19,488 INFO  [com.git.doc.zer.sha.org.apa.hc.cli.htt.imp.cla.HttpRequestRetryExec] (ducttape-0) Recoverable I/O exception (java.io.IOException) caught when processing request to {}->unix://localhost:2375
2023-02-02 01:00:19,591 INFO  [com.git.doc.zer.sha.org.apa.hc.cli.htt.imp.cla.HttpRequestRetryExec] (ducttape-0) Recoverable I/O exception (java.io.IOException) caught when processing request to {}->unix://localhost:2375
2023-02-02 01:00:19,693 INFO  [com.git.doc.zer.sha.org.apa.hc.cli.htt.imp.cla.HttpRequestRetryExec] (ducttape-0) Recoverable I/O exception (java.io.IOException) caught when processing request to {}->unix://localhost:2375
2023-02-02 01:00:19,796 INFO  [com.git.doc.zer.sha.org.apa.hc.cli.htt.imp.cla.HttpRequestRetryExec] (ducttape-0) Recoverable I/O exception (java.io.IOException) caught when processing request to {}->unix://localhost:2375
2023-02-02 01:00:19,898 INFO  [com.git.doc.zer.sha.org.apa.hc.cli.htt.imp.cla.HttpRequestRetryExec] (ducttape-0) Recoverable I/O exception (java.io.IOException) caught when processing request to {}->unix://localhost:2375
2023-02-02 01:00:20,001 INFO  [com.git.doc.zer.sha.org.apa.hc.cli.htt.imp.cla.HttpRequestRetryExec] (ducttape-0) Recoverable I/O exception (java.io.IOException) caught when processing request to {}->unix://localhost:2375
2023-02-02 01:00:20,103 INFO  [com.git.doc.zer.sha.org.apa.hc.cli.htt.imp.cla.HttpRequestRetryExec] (ducttape-0) Recoverable I/O exception (java.io.IOException) caught when processing request to {}->unix://localhost:2375
2023-02-02 01:00:20,206 INFO  [com.git.doc.zer.sha.org.apa.hc.cli.htt.imp.cla.HttpRequestRetryExec] (ducttape-0) Recoverable I/O exception (java.io.IOException) caught when processing request to {}->unix://localhost:2375
2023-02-02 01:00:20,308 INFO  [com.git.doc.zer.sha.org.apa.hc.cli.htt.imp.cla.HttpRequestRetryExec] (ducttape-0) Recoverable I/O exception (java.io.IOException) caught when processing request to {}->unix://localhost:2375
2023-02-02 01:00:20,410 INFO  [com.git.doc.zer.sha.org.apa.hc.cli.htt.imp.cla.HttpRequestRetryExec] (ducttape-0) Recoverable I/O exception (java.io.IOException) caught when processing request to {}->unix://localhost:2375
2023-02-02 01:00:20,512 INFO  [com.git.doc.zer.sha.org.apa.hc.cli.htt.imp.cla.HttpRequestRetryExec] (ducttape-0) Recoverable I/O exception (java.io.IOException) caught when processing request to {}->unix://localhost:2375
2023-02-02 01:00:20,614 INFO  [com.git.doc.zer.sha.org.apa.hc.cli.htt.imp.cla.HttpRequestRetryExec] (ducttape-0) Recoverable I/O exception (java.io.IOException) caught when processing request to {}->unix://localhost:2375
2023-02-02 01:00:20,716 INFO  [com.git.doc.zer.sha.org.apa.hc.cli.htt.imp.cla.HttpRequestRetryExec] (ducttape-0) Recoverable I/O exception (java.io.IOException) caught when processing request to {}->unix://localhost:2375
2023-02-02 01:00:20,819 INFO  [com.git.doc.zer.sha.org.apa.hc.cli.htt.imp.cla.HttpRequestRetryExec] (ducttape-0) Recoverable I/O exception (java.io.IOException) caught when processing request to {}->unix://localhost:2375
2023-02-02 01:00:20,921 INFO  [com.git.doc.zer.sha.org.apa.hc.cli.htt.imp.cla.HttpRequestRetryExec] (ducttape-0) Recoverable I/O exception (java.io.IOException) caught when processing request to {}->unix://localhost:2375
2023-02-02 01:00:21,024 INFO  [com.git.doc.zer.sha.org.apa.hc.cli.htt.imp.cla.HttpRequestRetryExec] (ducttape-0) Recoverable I/O exception (java.io.IOException) caught when processing request to {}->unix://localhost:2375
2023-02-02 01:00:21,127 INFO  [com.git.doc.zer.sha.org.apa.hc.cli.htt.imp.cla.HttpRequestRetryExec] (ducttape-0) Recoverable I/O exception (java.io.IOException) caught when processing request to {}->unix://localhost:2375
2023-02-02 01:00:21,230 INFO  [com.git.doc.zer.sha.org.apa.hc.cli.htt.imp.cla.HttpRequestRetryExec] (ducttape-0) Recoverable I/O exception (java.io.IOException) caught when processing request to {}->unix://localhost:2375
2023-02-02 01:00:21,333 INFO  [com.git.doc.zer.sha.org.apa.hc.cli.htt.imp.cla.HttpRequestRetryExec] (ducttape-0) Recoverable I/O exception (java.io.IOException) caught when processing request to {}->unix://localhost:2375
2023-02-02 01:00:21,435 INFO  [com.git.doc.zer.sha.org.apa.hc.cli.htt.imp.cla.HttpRequestRetryExec] (ducttape-0) Recoverable I/O exception (java.io.IOException) caught when processing request to {}->unix://localhost:2375
2023-02-02 01:00:21,537 INFO  [com.git.doc.zer.sha.org.apa.hc.cli.htt.imp.cla.HttpRequestRetryExec] (ducttape-0) Recoverable I/O exception (java.io.IOException) caught when processing request to {}->unix://localhost:2375
2023-02-02 01:00:21,639 INFO  [com.git.doc.zer.sha.org.apa.hc.cli.htt.imp.cla.HttpRequestRetryExec] (ducttape-0) Recoverable I/O exception (java.io.IOException) caught when processing request to {}->unix://localhost:2375
2023-02-02 01:00:21,742 INFO  [com.git.doc.zer.sha.org.apa.hc.cli.htt.imp.cla.HttpRequestRetryExec] (ducttape-0) Recoverable I/O exception (java.io.IOException) caught when processing request to {}->unix://localhost:2375
2023-02-02 01:00:21,845 INFO  [com.git.doc.zer.sha.org.apa.hc.cli.htt.imp.cla.HttpRequestRetryExec] (ducttape-0) Recoverable I/O exception (java.io.IOException) caught when processing request to {}->unix://localhost:2375
2023-02-02 01:00:21,948 INFO  [com.git.doc.zer.sha.org.apa.hc.cli.htt.imp.cla.HttpRequestRetryExec] (ducttape-0) Recoverable I/O exception (java.io.IOException) caught when processing request to {}->unix://localhost:2375
2023-02-02 01:00:22,049 INFO  [com.git.doc.zer.sha.org.apa.hc.cli.htt.imp.cla.HttpRequestRetryExec] (ducttape-0) Recoverable I/O exception (java.io.IOException) caught when processing request to {}->unix://localhost:2375
2023-02-02 01:00:22,151 INFO  [com.git.doc.zer.sha.org.apa.hc.cli.htt.imp.cla.HttpRequestRetryExec] (ducttape-0) Recoverable I/O exception (java.io.IOException) caught when processing request to {}->unix://localhost:2375
2023-02-02 01:00:22,254 INFO  [com.git.doc.zer.sha.org.apa.hc.cli.htt.imp.cla.HttpRequestRetryExec] (ducttape-0) Recoverable I/O exception (java.io.IOException) caught when processing request to {}->unix://localhost:2375
2023-02-02 01:00:22,356 INFO  [com.git.doc.zer.sha.org.apa.hc.cli.htt.imp.cla.HttpRequestRetryExec] (ducttape-0) Recoverable I/O exception (java.io.IOException) caught when processing request to {}->unix://localhost:2375
2023-02-02 01:00:22,459 INFO  [com.git.doc.zer.sha.org.apa.hc.cli.htt.imp.cla.HttpRequestRetryExec] (ducttape-0) Recoverable I/O exception (java.io.IOException) caught when processing request to {}->unix://localhost:2375
2023-02-02 01:00:22,562 INFO  [com.git.doc.zer.sha.org.apa.hc.cli.htt.imp.cla.HttpRequestRetryExec] (ducttape-0) Recoverable I/O exception (java.io.IOException) caught when processing request to {}->unix://localhost:2375
2023-02-02 01:00:22,665 INFO  [com.git.doc.zer.sha.org.apa.hc.cli.htt.imp.cla.HttpRequestRetryExec] (ducttape-0) Recoverable I/O exception (java.io.IOException) caught when processing request to {}->unix://localhost:2375
2023-02-02 01:00:22,767 INFO  [com.git.doc.zer.sha.org.apa.hc.cli.htt.imp.cla.HttpRequestRetryExec] (ducttape-0) Recoverable I/O exception (java.io.IOException) caught when processing request to {}->unix://localhost:2375
2023-02-02 01:00:22,870 INFO  [com.git.doc.zer.sha.org.apa.hc.cli.htt.imp.cla.HttpRequestRetryExec] (ducttape-0) Recoverable I/O exception (java.io.IOException) caught when processing request to {}->unix://localhost:2375
2023-02-02 01:00:22,973 INFO  [com.git.doc.zer.sha.org.apa.hc.cli.htt.imp.cla.HttpRequestRetryExec] (ducttape-0) Recoverable I/O exception (java.io.IOException) caught when processing request to {}->unix://localhost:2375
2023-02-02 01:00:23,075 INFO  [com.git.doc.zer.sha.org.apa.hc.cli.htt.imp.cla.HttpRequestRetryExec] (ducttape-0) Recoverable I/O exception (java.io.IOException) caught when processing request to {}->unix://localhost:2375
2023-02-02 01:00:23,178 INFO  [com.git.doc.zer.sha.org.apa.hc.cli.htt.imp.cla.HttpRequestRetryExec] (ducttape-0) Recoverable I/O exception (java.io.IOException) caught when processing request to {}->unix://localhost:2375
2023-02-02 01:00:23,283 INFO  [com.git.doc.zer.sha.org.apa.hc.cli.htt.imp.cla.HttpRequestRetryExec] (ducttape-0) Recoverable I/O exception (java.io.IOException) caught when processing request to {}->unix://localhost:2375
2023-02-02 01:00:23,386 INFO  [com.git.doc.zer.sha.org.apa.hc.cli.htt.imp.cla.HttpRequestRetryExec] (ducttape-0) Recoverable I/O exception (java.io.IOException) caught when processing request to {}->unix://localhost:2375
2023-02-02 01:00:23,489 INFO  [com.git.doc.zer.sha.org.apa.hc.cli.htt.imp.cla.HttpRequestRetryExec] (ducttape-0) Recoverable I/O exception (java.io.IOException) caught when processing request to {}->unix://localhost:2375
2023-02-02 01:00:23,591 INFO  [com.git.doc.zer.sha.org.apa.hc.cli.htt.imp.cla.HttpRequestRetryExec] (ducttape-0) Recoverable I/O exception (java.io.IOException) caught when processing request to {}->unix://localhost:2375
2023-02-02 01:00:23,694 INFO  [com.git.doc.zer.sha.org.apa.hc.cli.htt.imp.cla.HttpRequestRetryExec] (ducttape-0) Recoverable I/O exception (java.io.IOException) caught when processing request to {}->unix://localhost:2375
2023-02-02 01:00:23,796 INFO  [com.git.doc.zer.sha.org.apa.hc.cli.htt.imp.cla.HttpRequestRetryExec] (ducttape-0) Recoverable I/O exception (java.io.IOException) caught when processing request to {}->unix://localhost:2375
2023-02-02 01:00:23,898 INFO  [com.git.doc.zer.sha.org.apa.hc.cli.htt.imp.cla.HttpRequestRetryExec] (ducttape-0) Recoverable I/O exception (java.io.IOException) caught when processing request to {}->unix://localhost:2375
2023-02-02 01:00:24,001 INFO  [com.git.doc.zer.sha.org.apa.hc.cli.htt.imp.cla.HttpRequestRetryExec] (ducttape-0) Recoverable I/O exception (java.io.IOException) caught when processing request to {}->unix://localhost:2375
2023-02-02 01:00:24,104 INFO  [com.git.doc.zer.sha.org.apa.hc.cli.htt.imp.cla.HttpRequestRetryExec] (ducttape-0) Recoverable I/O exception (java.io.IOException) caught when processing request to {}->unix://localhost:2375
2023-02-02 01:00:24,206 INFO  [com.git.doc.zer.sha.org.apa.hc.cli.htt.imp.cla.HttpRequestRetryExec] (ducttape-0) Recoverable I/O exception (java.io.IOException) caught when processing request to {}->unix://localhost:2375
2023-02-02 01:00:24,308 INFO  [com.git.doc.zer.sha.org.apa.hc.cli.htt.imp.cla.HttpRequestRetryExec] (ducttape-0) Recoverable I/O exception (java.io.IOException) caught when processing request to {}->unix://localhost:2375
2023-02-02 01:00:24,411 INFO  [com.git.doc.zer.sha.org.apa.hc.cli.htt.imp.cla.HttpRequestRetryExec] (ducttape-0) Recoverable I/O exception (java.io.IOException) caught when processing request to {}->unix://localhost:2375
2023-02-02 01:00:24,514 INFO  [com.git.doc.zer.sha.org.apa.hc.cli.htt.imp.cla.HttpRequestRetryExec] (ducttape-0) Recoverable I/O exception (java.io.IOException) caught when processing request to {}->unix://localhost:2375
2023-02-02 01:00:24,616 INFO  [com.git.doc.zer.sha.org.apa.hc.cli.htt.imp.cla.HttpRequestRetryExec] (ducttape-0) Recoverable I/O exception (java.io.IOException) caught when processing request to {}->unix://localhost:2375
2023-02-02 01:00:24,719 INFO  [com.git.doc.zer.sha.org.apa.hc.cli.htt.imp.cla.HttpRequestRetryExec] (ducttape-0) Recoverable I/O exception (java.io.IOException) caught when processing request to {}->unix://localhost:2375
2023-02-02 01:00:24,821 INFO  [com.git.doc.zer.sha.org.apa.hc.cli.htt.imp.cla.HttpRequestRetryExec] (ducttape-0) Recoverable I/O exception (java.io.IOException) caught when processing request to {}->unix://localhost:2375
2023-02-02 01:00:24,923 INFO  [com.git.doc.zer.sha.org.apa.hc.cli.htt.imp.cla.HttpRequestRetryExec] (ducttape-0) Recoverable I/O exception (java.io.IOException) caught when processing request to {}->unix://localhost:2375
2023-02-02 01:00:25,025 INFO  [com.git.doc.zer.sha.org.apa.hc.cli.htt.imp.cla.HttpRequestRetryExec] (ducttape-0) Recoverable I/O exception (java.io.IOException) caught when processing request to {}->unix://localhost:2375
2023-02-02 01:00:25,128 INFO  [com.git.doc.zer.sha.org.apa.hc.cli.htt.imp.cla.HttpRequestRetryExec] (ducttape-0) Recoverable I/O exception (java.io.IOException) caught when processing request to {}->unix://localhost:2375
2023-02-02 01:00:25,230 INFO  [com.git.doc.zer.sha.org.apa.hc.cli.htt.imp.cla.HttpRequestRetryExec] (ducttape-0) Recoverable I/O exception (java.io.IOException) caught when processing request to {}->unix://localhost:2375
2023-02-02 01:00:25,331 INFO  [com.git.doc.zer.sha.org.apa.hc.cli.htt.imp.cla.HttpRequestRetryExec] (ducttape-0) Recoverable I/O exception (java.io.IOException) caught when processing request to {}->unix://localhost:2375
2023-02-02 01:00:25,433 INFO  [com.git.doc.zer.sha.org.apa.hc.cli.htt.imp.cla.HttpRequestRetryExec] (ducttape-0) Recoverable I/O exception (java.io.IOException) caught when processing request to {}->unix://localhost:2375
2023-02-02 01:00:25,536 INFO  [com.git.doc.zer.sha.org.apa.hc.cli.htt.imp.cla.HttpRequestRetryExec] (ducttape-0) Recoverable I/O exception (java.io.IOException) caught when processing request to {}->unix://localhost:2375
2023-02-02 01:00:25,638 INFO  [com.git.doc.zer.sha.org.apa.hc.cli.htt.imp.cla.HttpRequestRetryExec] (ducttape-0) Recoverable I/O exception (java.io.IOException) caught when processing request to {}->unix://localhost:2375
2023-02-02 01:00:25,739 INFO  [com.git.doc.zer.sha.org.apa.hc.cli.htt.imp.cla.HttpRequestRetryExec] (ducttape-0) Recoverable I/O exception (java.io.IOException) caught when processing request to {}->unix://localhost:2375
2023-02-02 01:00:25,841 INFO  [com.git.doc.zer.sha.org.apa.hc.cli.htt.imp.cla.HttpRequestRetryExec] (ducttape-0) Recoverable I/O exception (java.io.IOException) caught when processing request to {}->unix://localhost:2375
2023-02-02 01:00:25,943 INFO  [com.git.doc.zer.sha.org.apa.hc.cli.htt.imp.cla.HttpRequestRetryExec] (ducttape-0) Recoverable I/O exception (java.io.IOException) caught when processing request to {}->unix://localhost:2375
2023-02-02 01:00:26,044 INFO  [com.git.doc.zer.sha.org.apa.hc.cli.htt.imp.cla.HttpRequestRetryExec] (ducttape-0) Recoverable I/O exception (java.io.IOException) caught when processing request to {}->unix://localhost:2375
2023-02-02 01:00:26,146 INFO  [com.git.doc.zer.sha.org.apa.hc.cli.htt.imp.cla.HttpRequestRetryExec] (ducttape-0) Recoverable I/O exception (java.io.IOException) caught when processing request to {}->unix://localhost:2375
2023-02-02 01:00:26,249 INFO  [com.git.doc.zer.sha.org.apa.hc.cli.htt.imp.cla.HttpRequestRetryExec] (ducttape-0) Recoverable I/O exception (java.io.IOException) caught when processing request to {}->unix://localhost:2375
2023-02-02 01:00:26,351 INFO  [com.git.doc.zer.sha.org.apa.hc.cli.htt.imp.cla.HttpRequestRetryExec] (ducttape-0) Recoverable I/O exception (java.io.IOException) caught when processing request to {}->unix://localhost:2375
2023-02-02 01:00:26,453 INFO  [com.git.doc.zer.sha.org.apa.hc.cli.htt.imp.cla.HttpRequestRetryExec] (ducttape-0) Recoverable I/O exception (java.io.IOException) caught when processing request to {}->unix://localhost:2375
2023-02-02 01:00:26,555 INFO  [com.git.doc.zer.sha.org.apa.hc.cli.htt.imp.cla.HttpRequestRetryExec] (ducttape-0) Recoverable I/O exception (java.io.IOException) caught when processing request to {}->unix://localhost:2375
2023-02-02 01:00:26,657 INFO  [com.git.doc.zer.sha.org.apa.hc.cli.htt.imp.cla.HttpRequestRetryExec] (ducttape-0) Recoverable I/O exception (java.io.IOException) caught when processing request to {}->unix://localhost:2375
2023-02-02 01:00:26,760 INFO  [com.git.doc.zer.sha.org.apa.hc.cli.htt.imp.cla.HttpRequestRetryExec] (ducttape-0) Recoverable I/O exception (java.io.IOException) caught when processing request to {}->unix://localhost:2375
2023-02-02 01:00:26,863 INFO  [com.git.doc.zer.sha.org.apa.hc.cli.htt.imp.cla.HttpRequestRetryExec] (ducttape-0) Recoverable I/O exception (java.io.IOException) caught when processing request to {}->unix://localhost:2375
2023-02-02 01:00:26,965 INFO  [com.git.doc.zer.sha.org.apa.hc.cli.htt.imp.cla.HttpRequestRetryExec] (ducttape-0) Recoverable I/O exception (java.io.IOException) caught when processing request to {}->unix://localhost:2375
2023-02-02 01:00:27,067 INFO  [com.git.doc.zer.sha.org.apa.hc.cli.htt.imp.cla.HttpRequestRetryExec] (ducttape-0) Recoverable I/O exception (java.io.IOException) caught when processing request to {}->unix://localhost:2375
2023-02-02 01:00:27,169 INFO  [com.git.doc.zer.sha.org.apa.hc.cli.htt.imp.cla.HttpRequestRetryExec] (ducttape-0) Recoverable I/O exception (java.io.IOException) caught when processing request to {}->unix://localhost:2375
2023-02-02 01:00:27,270 INFO  [com.git.doc.zer.sha.org.apa.hc.cli.htt.imp.cla.HttpRequestRetryExec] (ducttape-0) Recoverable I/O exception (java.io.IOException) caught when processing request to {}->unix://localhost:2375
2023-02-02 01:00:27,372 INFO  [com.git.doc.zer.sha.org.apa.hc.cli.htt.imp.cla.HttpRequestRetryExec] (ducttape-0) Recoverable I/O exception (java.io.IOException) caught when processing request to {}->unix://localhost:2375
2023-02-02 01:00:27,474 INFO  [com.git.doc.zer.sha.org.apa.hc.cli.htt.imp.cla.HttpRequestRetryExec] (ducttape-0) Recoverable I/O exception (java.io.IOException) caught when processing request to {}->unix://localhost:2375
2023-02-02 01:00:27,576 INFO  [com.git.doc.zer.sha.org.apa.hc.cli.htt.imp.cla.HttpRequestRetryExec] (ducttape-0) Recoverable I/O exception (java.io.IOException) caught when processing request to {}->unix://localhost:2375
2023-02-02 01:00:27,679 INFO  [com.git.doc.zer.sha.org.apa.hc.cli.htt.imp.cla.HttpRequestRetryExec] (ducttape-0) Recoverable I/O exception (java.io.IOException) caught when processing request to {}->unix://localhost:2375
2023-02-02 01:00:27,781 INFO  [com.git.doc.zer.sha.org.apa.hc.cli.htt.imp.cla.HttpRequestRetryExec] (ducttape-0) Recoverable I/O exception (java.io.IOException) caught when processing request to {}->unix://localhost:2375
2023-02-02 01:00:27,882 INFO  [com.git.doc.zer.sha.org.apa.hc.cli.htt.imp.cla.HttpRequestRetryExec] (ducttape-0) Recoverable I/O exception (java.io.IOException) caught when processing request to {}->unix://localhost:2375
2023-02-02 01:00:27,984 INFO  [com.git.doc.zer.sha.org.apa.hc.cli.htt.imp.cla.HttpRequestRetryExec] (ducttape-0) Recoverable I/O exception (java.io.IOException) caught when processing request to {}->unix://localhost:2375
2023-02-02 01:00:28,085 INFO  [com.git.doc.zer.sha.org.apa.hc.cli.htt.imp.cla.HttpRequestRetryExec] (ducttape-0) Recoverable I/O exception (java.io.IOException) caught when processing request to {}->unix://localhost:2375
2023-02-02 01:00:28,187 INFO  [com.git.doc.zer.sha.org.apa.hc.cli.htt.imp.cla.HttpRequestRetryExec] (ducttape-0) Recoverable I/O exception (java.io.IOException) caught when processing request to {}->unix://localhost:2375
2023-02-02 01:00:28,289 INFO  [com.git.doc.zer.sha.org.apa.hc.cli.htt.imp.cla.HttpRequestRetryExec] (ducttape-0) Recoverable I/O exception (java.io.IOException) caught when processing request to {}->unix://localhost:2375
2023-02-02 01:00:28,391 INFO  [com.git.doc.zer.sha.org.apa.hc.cli.htt.imp.cla.HttpRequestRetryExec] (ducttape-0) Recoverable I/O exception (java.io.IOException) caught when processing request to {}->unix://localhost:2375
2023-02-02 01:00:28,493 INFO  [com.git.doc.zer.sha.org.apa.hc.cli.htt.imp.cla.HttpRequestRetryExec] (ducttape-0) Recoverable I/O exception (java.io.IOException) caught when processing request to {}->unix://localhost:2375
2023-02-02 01:00:28,594 INFO  [com.git.doc.zer.sha.org.apa.hc.cli.htt.imp.cla.HttpRequestRetryExec] (ducttape-0) Recoverable I/O exception (java.io.IOException) caught when processing request to {}->unix://localhost:2375
2023-02-02 01:00:28,696 INFO  [com.git.doc.zer.sha.org.apa.hc.cli.htt.imp.cla.HttpRequestRetryExec] (ducttape-0) Recoverable I/O exception (java.io.IOException) caught when processing request to {}->unix://localhost:2375
2023-02-02 01:00:28,798 INFO  [com.git.doc.zer.sha.org.apa.hc.cli.htt.imp.cla.HttpRequestRetryExec] (ducttape-0) Recoverable I/O exception (java.io.IOException) caught when processing request to {}->unix://localhost:2375
2023-02-02 01:00:28,829 INFO  [org.tes.doc.DockerMachineClientProviderStrategy] (build-11) docker-machine executable was not found on PATH ([/home/gabsko/apache-maven-3.8.6/bin, /usr/local/sbin, /usr/local/bin, /usr/sbin, /usr/bin, /sbin, /bin, /usr/games, /usr/local/games, /snap/bin])
2023-02-02 01:00:28,830 ERROR [org.tes.doc.DockerClientProviderStrategy] (build-11) Could not find a valid Docker environment. Please check configuration. Attempted configurations were:
2023-02-02 01:00:28,830 ERROR [org.tes.doc.DockerClientProviderStrategy] (build-11)     UnixSocketClientProviderStrategy: failed with exception TimeoutException (Timeout waiting for result with exception). Root cause LastErrorException ([13] Permission denied)
2023-02-02 01:00:28,830 ERROR [org.tes.doc.DockerClientProviderStrategy] (build-11) As no valid configuration was found, execution cannot continue
2023-02-02 01:00:28,911 WARN  [io.qua.kaf.cli.dep.DevServicesKafkaProcessor] (build-11) Docker isn't working, please configure the Kafka bootstrap servers property (kafka.bootstrap.servers).
2023-02-02 01:00:29,627 INFO  [io.quarkus] (main) quarkus-micrometer-registry-it-jmx 299-SNAPSHOT on JVM (powered by Quarkus 2.9.2.Final) started in 12.177s. Listening on: http://localhost:8081
2023-02-02 01:00:29,628 INFO  [io.quarkus] (main) Profile test activated. 
2023-02-02 01:00:29,628 INFO  [io.quarkus] (main) Installed features: [cdi, kafka-client, micrometer, reactive-routes, smallrye-context-propagation, smallrye-reactive-messaging, smallrye-reactive-messaging-kafka, vertx]
2023-02-02 01:00:30,795 ERROR [io.qua.ver.htt.run.QuarkusErrorHandler] (vert.x-eventloop-thread-0) HTTP Request to /message/fail failed, error id: a2826a50-49bd-43a2-89e5-bc31277003db-1: java.lang.RuntimeException: Failed on purpose
	at io.quarkiverse.it.micrometer.jmx.MessageResource.fail(MessageResource.java:34)
	at io.quarkiverse.it.micrometer.jmx.MessageResource_RouteHandler_fail_bf588423db6f1c9530c090b0cd2d5eef7fe10510.invoke(Unknown Source)
	at io.quarkus.vertx.web.runtime.RouteHandler.handle(RouteHandler.java:97)
	at io.quarkus.vertx.web.runtime.RouteHandler.handle(RouteHandler.java:22)
	at io.vertx.ext.web.impl.RouteState.handleContext(RouteState.java:1212)
	at io.vertx.ext.web.impl.RoutingContextImplBase.iterateNext(RoutingContextImplBase.java:126)
	at io.vertx.ext.web.impl.RoutingContextImpl.next(RoutingContextImpl.java:141)
	at io.quarkus.vertx.http.runtime.VertxHttpRecorder$23.handle(VertxHttpRecorder.java:1395)
	at io.quarkus.vertx.http.runtime.VertxHttpRecorder$23.handle(VertxHttpRecorder.java:1364)
	at io.vertx.ext.web.impl.RouteState.handleContext(RouteState.java:1212)
	at io.vertx.ext.web.impl.RoutingContextImplBase.iterateNext(RoutingContextImplBase.java:163)
	at io.vertx.ext.web.impl.RoutingContextImpl.next(RoutingContextImpl.java:141)
	at io.quarkus.vertx.http.runtime.VertxHttpRecorder$6.handle(VertxHttpRecorder.java:412)
	at io.quarkus.vertx.http.runtime.VertxHttpRecorder$6.handle(VertxHttpRecorder.java:390)
	at io.vertx.ext.web.impl.RouteState.handleContext(RouteState.java:1212)
	at io.vertx.ext.web.impl.RoutingContextImplBase.iterateNext(RoutingContextImplBase.java:163)
	at io.vertx.ext.web.impl.RoutingContextImpl.next(RoutingContextImpl.java:141)
	at io.vertx.ext.web.impl.RouterImpl.handle(RouterImpl.java:67)
	at io.vertx.ext.web.impl.RouterImpl.handle(RouterImpl.java:37)
	at io.quarkus.vertx.http.runtime.VertxHttpRecorder$15.handle(VertxHttpRecorder.java:584)
	at io.quarkus.vertx.http.runtime.VertxHttpRecorder$15.handle(VertxHttpRecorder.java:567)
	at io.quarkus.vertx.http.runtime.VertxHttpRecorder$1.handle(VertxHttpRecorder.java:168)
	at io.quarkus.vertx.http.runtime.VertxHttpRecorder$1.handle(VertxHttpRecorder.java:143)
	at io.vertx.core.http.impl.Http1xServerRequestHandler.handle(Http1xServerRequestHandler.java:67)
	at io.vertx.core.http.impl.Http1xServerRequestHandler.handle(Http1xServerRequestHandler.java:30)
	at io.vertx.core.impl.EventLoopContext.emit(EventLoopContext.java:50)
	at io.vertx.core.impl.DuplicatedContext.emit(DuplicatedContext.java:168)
	at io.vertx.core.http.impl.Http1xServerConnection.handleMessage(Http1xServerConnection.java:145)
	at io.vertx.core.net.impl.ConnectionBase.read(ConnectionBase.java:155)
	at io.vertx.core.net.impl.VertxHandler.channelRead(VertxHandler.java:153)
	at io.netty.channel.AbstractChannelHandlerContext.invokeChannelRead(AbstractChannelHandlerContext.java:379)
	at io.netty.channel.AbstractChannelHandlerContext.invokeChannelRead(AbstractChannelHandlerContext.java:365)
	at io.netty.channel.AbstractChannelHandlerContext.fireChannelRead(AbstractChannelHandlerContext.java:357)
	at io.netty.channel.ChannelInboundHandlerAdapter.channelRead(ChannelInboundHandlerAdapter.java:93)
	at io.netty.handler.codec.http.websocketx.extensions.WebSocketServerExtensionHandler.channelRead(WebSocketServerExtensionHandler.java:99)
	at io.netty.channel.AbstractChannelHandlerContext.invokeChannelRead(AbstractChannelHandlerContext.java:379)
	at io.netty.channel.AbstractChannelHandlerContext.invokeChannelRead(AbstractChannelHandlerContext.java:365)
	at io.netty.channel.AbstractChannelHandlerContext.fireChannelRead(AbstractChannelHandlerContext.java:357)
	at io.vertx.core.http.impl.Http1xUpgradeToH2CHandler.channelRead(Http1xUpgradeToH2CHandler.java:116)
	at io.netty.channel.AbstractChannelHandlerContext.invokeChannelRead(AbstractChannelHandlerContext.java:379)
	at io.netty.channel.AbstractChannelHandlerContext.invokeChannelRead(AbstractChannelHandlerContext.java:365)
	at io.netty.channel.AbstractChannelHandlerContext.fireChannelRead(AbstractChannelHandlerContext.java:357)
	at io.netty.handler.timeout.IdleStateHandler.channelRead(IdleStateHandler.java:286)
	at io.netty.channel.AbstractChannelHandlerContext.invokeChannelRead(AbstractChannelHandlerContext.java:379)
	at io.netty.channel.AbstractChannelHandlerContext.invokeChannelRead(AbstractChannelHandlerContext.java:365)
	at io.netty.channel.AbstractChannelHandlerContext.fireChannelRead(AbstractChannelHandlerContext.java:357)
	at io.netty.handler.codec.ByteToMessageDecoder.fireChannelRead(ByteToMessageDecoder.java:327)
	at io.netty.handler.codec.ByteToMessageDecoder.channelRead(ByteToMessageDecoder.java:299)
	at io.netty.channel.AbstractChannelHandlerContext.invokeChannelRead(AbstractChannelHandlerContext.java:379)
	at io.netty.channel.AbstractChannelHandlerContext.invokeChannelRead(AbstractChannelHandlerContext.java:365)
	at io.netty.channel.AbstractChannelHandlerContext.fireChannelRead(AbstractChannelHandlerContext.java:357)
	at io.vertx.core.http.impl.Http1xOrH2CHandler.end(Http1xOrH2CHandler.java:61)
	at io.vertx.core.http.impl.Http1xOrH2CHandler.channelRead(Http1xOrH2CHandler.java:38)
	at io.netty.channel.AbstractChannelHandlerContext.invokeChannelRead(AbstractChannelHandlerContext.java:379)
	at io.netty.channel.AbstractChannelHandlerContext.invokeChannelRead(AbstractChannelHandlerContext.java:365)
	at io.netty.channel.AbstractChannelHandlerContext.fireChannelRead(AbstractChannelHandlerContext.java:357)
	at io.netty.handler.timeout.IdleStateHandler.channelRead(IdleStateHandler.java:286)
	at io.netty.channel.AbstractChannelHandlerContext.invokeChannelRead(AbstractChannelHandlerContext.java:379)
	at io.netty.channel.AbstractChannelHandlerContext.invokeChannelRead(AbstractChannelHandlerContext.java:365)
	at io.netty.channel.AbstractChannelHandlerContext.fireChannelRead(AbstractChannelHandlerContext.java:357)
	at io.netty.channel.DefaultChannelPipeline$HeadContext.channelRead(DefaultChannelPipeline.java:1410)
	at io.netty.channel.AbstractChannelHandlerContext.invokeChannelRead(AbstractChannelHandlerContext.java:379)
	at io.netty.channel.AbstractChannelHandlerContext.invokeChannelRead(AbstractChannelHandlerContext.java:365)
	at io.netty.channel.DefaultChannelPipeline.fireChannelRead(DefaultChannelPipeline.java:919)
	at io.netty.channel.nio.AbstractNioByteChannel$NioByteUnsafe.read(AbstractNioByteChannel.java:166)
	at io.netty.channel.nio.NioEventLoop.processSelectedKey(NioEventLoop.java:722)
	at io.netty.channel.nio.NioEventLoop.processSelectedKeysOptimized(NioEventLoop.java:658)
	at io.netty.channel.nio.NioEventLoop.processSelectedKeys(NioEventLoop.java:584)
	at io.netty.channel.nio.NioEventLoop.run(NioEventLoop.java:496)
	at io.netty.util.concurrent.SingleThreadEventExecutor$4.run(SingleThreadEventExecutor.java:986)
	at io.netty.util.internal.ThreadExecutorMap$2.run(ThreadExecutorMap.java:74)
	at io.netty.util.concurrent.FastThreadLocalRunnable.run(FastThreadLocalRunnable.java:30)
	at java.base/java.lang.Thread.run(Thread.java:829)

HTTP/1.1 200 OK
content-length: 730

metrics:name=httpServerConnections.env.test.registry.jmx.statistic.active
metrics:name=httpServerConnections.env.test.registry.jmx.statistic.duration
metrics:name=httpServerConnections.env.test.registry.jmx.statistic.max
metrics:name=httpServerRequests.env.test.method.GET.outcome.SUCCESS.registry.jmx.status.200.uri./message/item/{id}
metrics:name=httpServerRequests.env.test.method.GET.outcome.SUCCESS.registry.jmx.status.200.uri./message/ping
metrics:name=httpServerBytesWritten.env.test.registry.jmx
metrics:name=httpServerRequests.env.test.method.GET.outcome.SERVER_ERROR.registry.jmx.status.500.uri./message/fail
metrics:name=httpServerRequests.env.test.method.GET.outcome.CLIENT_ERROR.registry.jmx.status.404.uri.NOT_FOUND

[INFO] Tests run: 5, Failures: 0, Errors: 0, Skipped: 0, Time elapsed: 15.302 s - in io.quarkiverse.it.micrometer.jmx.JmxMetricsRegistryTest
2023-02-02 01:00:30,931 INFO  [io.quarkus] (main) quarkus-micrometer-registry-it-jmx stopped in 0.079s
[INFO] 
[INFO] Results:
[INFO] 
[INFO] Tests run: 5, Failures: 0, Errors: 0, Skipped: 0
[INFO] 
[INFO] 
[INFO] --< io.quarkiverse.micrometer.registry:quarkus-micrometer-registry-it-native >--
[INFO] Building Quarkus Micrometer Registry - Integration Test - Native 299-SNAPSHOT [32/32]
[INFO] --------------------------------[ jar ]---------------------------------
[INFO] 
[INFO] --- maven-clean-plugin:3.1.0:clean (default-clean) @ quarkus-micrometer-registry-it-native ---
[INFO] Deleting /home/gabsko/breaking-updates/integration-tests/micrometer-native/target
[INFO] 
[INFO] --- maven-enforcer-plugin:3.0.0-M3:enforce (enforce-java-version) @ quarkus-micrometer-registry-it-native ---
[INFO] 
[INFO] --- maven-enforcer-plugin:3.0.0-M3:enforce (enforce-maven-version) @ quarkus-micrometer-registry-it-native ---
[INFO] 
[INFO] --- buildnumber-maven-plugin:1.4:create (get-scm-revision) @ quarkus-micrometer-registry-it-native ---
[INFO] 
[INFO] --- formatter-maven-plugin:2.17.1:format (default) @ quarkus-micrometer-registry-it-native ---
[INFO] Processed 4 files in 20ms (Formatted: 0, Unchanged: 4, Failed: 0, Readonly: 0)
[INFO] 
[INFO] --- impsort-maven-plugin:1.6.2:sort (sort-imports) @ quarkus-micrometer-registry-it-native ---
[INFO] Processed 4 files in 00:00.017 (Already Sorted: 4, Needed Sorting: 0)
[INFO] 
[INFO] --- maven-resources-plugin:3.2.0:resources (default-resources) @ quarkus-micrometer-registry-it-native ---
[INFO] Using 'UTF-8' encoding to copy filtered resources.
[INFO] Using 'UTF-8' encoding to copy filtered properties files.
[INFO] Copying 1 resource
[INFO] 
[INFO] --- maven-compiler-plugin:3.8.1:compile (default-compile) @ quarkus-micrometer-registry-it-native ---
[INFO] Changes detected - recompiling the module!
[INFO] Compiling 2 source files to /home/gabsko/breaking-updates/integration-tests/micrometer-native/target/classes
[WARNING] /home/gabsko/breaking-updates/integration-tests/micrometer-native/src/main/java/io/quarkiverse/it/micrometer/native_mode/MessageResource.java:[27,30] unchecked conversion
  required: java.util.List<java.lang.String>
  found:    java.util.ArrayList
[INFO] 
[INFO] --- maven-resources-plugin:3.2.0:testResources (default-testResources) @ quarkus-micrometer-registry-it-native ---
[INFO] Using 'UTF-8' encoding to copy filtered resources.
[INFO] Using 'UTF-8' encoding to copy filtered properties files.
[INFO] skip non existing resourceDirectory /home/gabsko/breaking-updates/integration-tests/micrometer-native/src/test/resources
[INFO] 
[INFO] --- maven-compiler-plugin:3.8.1:testCompile (default-testCompile) @ quarkus-micrometer-registry-it-native ---
[INFO] Changes detected - recompiling the module!
[INFO] Compiling 2 source files to /home/gabsko/breaking-updates/integration-tests/micrometer-native/target/test-classes
[WARNING] /home/gabsko/breaking-updates/integration-tests/micrometer-native/src/test/java/io/quarkiverse/it/micrometer/native_mode/NativeMeterRegistriesIT.java:[15,2] io.quarkus.test.junit.NativeImageTest in io.quarkus.test.junit has been deprecated and marked for removal
[WARNING] /home/gabsko/breaking-updates/integration-tests/micrometer-native/src/test/java/io/quarkiverse/it/micrometer/native_mode/NativeMeterRegistriesIT.java:[15,2] io.quarkus.test.junit.NativeImageTest in io.quarkus.test.junit has been deprecated and marked for removal
[WARNING] /home/gabsko/breaking-updates/integration-tests/micrometer-native/src/test/java/io/quarkiverse/it/micrometer/native_mode/NativeMeterRegistriesIT.java:[15,2] io.quarkus.test.junit.NativeImageTest in io.quarkus.test.junit has been deprecated and marked for removal
[INFO] 
[INFO] --- maven-surefire-plugin:2.22.2:test (default-test) @ quarkus-micrometer-registry-it-native ---
[INFO] 
[INFO] -------------------------------------------------------
[INFO]  T E S T S
[INFO] -------------------------------------------------------
[INFO] Running io.quarkiverse.it.micrometer.native_mode.NativeMeterRegistriesTest
2023-02-02 01:00:36,092 INFO  [org.jbo.threads] (main) JBoss Threads version 3.4.2.Final
2023-02-02 01:00:36,389 WARN  [io.qua.mic.dep.bin.mpm.AnnotationHandler] (build-34) Method goodbye of bean io.quarkiverse.it.micrometer.native_mode.RestResource is both counted and timed. The @Counted annotation will be suppressed in favor of the count emitted by the timer.
2023-02-02 01:00:36,391 WARN  [io.qua.mic.dep.bin.mpm.AnnotationHandler] (build-34) Method hello of bean io.quarkiverse.it.micrometer.native_mode.RestResource is both counted and timed. The @Counted annotation will be suppressed in favor of the count emitted by the timer.
2023-02-02 01:00:36,485 WARN  [io.qua.mic.dep.bin.mpm.MicroprofileMetricsProcessor] (build-2) This application uses the MP Metrics API. The micrometer extension currently provides a compatibility layer that supports the MP Metrics API, but metric names and recorded values will be different. Note that the MP Metrics compatibility layer will move to a different extension in the future.
2023-02-02 01:00:37,986 INFO  [io.quarkus] (main) quarkus-micrometer-registry-it-native 299-SNAPSHOT on JVM (powered by Quarkus 2.9.2.Final) started in 2.458s. Listening on: http://localhost:8081
2023-02-02 01:00:37,987 INFO  [io.quarkus] (main) Profile test activated. 
2023-02-02 01:00:37,987 INFO  [io.quarkus] (main) Installed features: [cdi, micrometer, reactive-routes, resteasy-reactive, smallrye-context-propagation, vertx]
[INFO] Tests run: 2, Failures: 0, Errors: 0, Skipped: 0, Time elapsed: 6.549 s - in io.quarkiverse.it.micrometer.native_mode.NativeMeterRegistriesTest
2023-02-02 01:00:39,582 INFO  [io.quarkus] (main) quarkus-micrometer-registry-it-native stopped in 0.062s
[INFO] 
[INFO] Results:
[INFO] 
[INFO] Tests run: 2, Failures: 0, Errors: 0, Skipped: 0
[INFO] 
[INFO] ------------------------------------------------------------------------
[INFO] Reactor Summary for Quarkus Micrometer Registry - Parent 299-SNAPSHOT:
[INFO] 
[INFO] Quarkus Micrometer Registry - Parent ............... SUCCESS [  0.769 s]
[INFO] Quarkus Micrometer Registry - Azure Monitor - Parent SUCCESS [  0.011 s]
[INFO] Quarkus Micrometer Registry - Azure Monitor - Runtime SUCCESS [  3.179 s]
[INFO] Quarkus Micrometer Registry - Azure Monitor - Deployment SUCCESS [  7.504 s]
[INFO] Quarkus Micrometer Registry - Datadog - Parent ..... SUCCESS [  0.031 s]
[INFO] Quarkus Micrometer Registry - Datadog - Runtime .... SUCCESS [  0.442 s]
[INFO] Quarkus Micrometer Registry - Datadog - Deployment . SUCCESS [  6.594 s]
[INFO] Quarkus Micrometer Registry - Graphite - Parent .... SUCCESS [  0.007 s]
[INFO] Quarkus Micrometer Registry - Graphite - Runtime ... SUCCESS [  0.467 s]
[INFO] Quarkus Micrometer Registry - Graphite - Deployment  SUCCESS [  7.463 s]
[INFO] Quarkus Micrometer Registry - New Relic - Parent ... SUCCESS [  0.038 s]
[INFO] Quarkus Micrometer Registry - New Relic - Runtime .. SUCCESS [  0.703 s]
[INFO] Quarkus Micrometer Registry - New Relic - Deployment SUCCESS [  6.578 s]
[INFO] Quarkus Micrometer Registry - JMX - Parent ......... SUCCESS [  0.005 s]
[INFO] Quarkus Micrometer Registry - JMX - Runtime ........ SUCCESS [  0.435 s]
[INFO] Quarkus Micrometer Registry - JMX - Deployment ..... SUCCESS [  5.811 s]
[INFO] Quarkus Micrometer Registry - SignalFX - Parent .... SUCCESS [  0.010 s]
[INFO] Quarkus Micrometer Registry - SignalFX - Runtime ... SUCCESS [  0.411 s]
[INFO] Quarkus Micrometer Registry - SignalFX - Deployment  SUCCESS [  7.773 s]
[INFO] Quarkus Micrometer Registry - Stackdriver - Parent . SUCCESS [  0.005 s]
[INFO] Quarkus Micrometer Registry - Stackdriver - Runtime  SUCCESS [  0.545 s]
[INFO] Quarkus Micrometer Registry - Stackdriver - Deployment SUCCESS [  7.365 s]
[INFO] Quarkus Micrometer Registry - StatsD - Parent ...... SUCCESS [  0.012 s]
[INFO] Quarkus Micrometer Registry - StatsD - Runtime ..... SUCCESS [  0.441 s]
[INFO] Quarkus Micrometer Registry - StatsD - Deployment .. SUCCESS [  6.118 s]
[INFO] Quarkus Micrometer Registry - InfluxDB - Parent .... SUCCESS [  0.011 s]
[INFO] Quarkus Micrometer Registry - InfluxDB - Runtime ... SUCCESS [  0.407 s]
[INFO] Quarkus Micrometer Registry - InfluxDB - Deployment  SUCCESS [  6.118 s]
[INFO] Quarkus Micrometer Registry - Documentation ........ SUCCESS [  0.118 s]
[INFO] Quarkus Micrometer Registry - Integration Test - Parent SUCCESS [  0.013 s]
[INFO] Quarkus Micrometer Registry - Integration Test - JMX SUCCESS [ 17.111 s]
[INFO] Quarkus Micrometer Registry - Integration Test - Native SUCCESS [  8.663 s]
[INFO] ------------------------------------------------------------------------
[INFO] BUILD SUCCESS
[INFO] ------------------------------------------------------------------------
[INFO] Total time:  01:35 min
[INFO] Finished at: 2023-02-02T01:00:39Z
[INFO] ------------------------------------------------------------------------
