[INFO] Scanning for projects...
[INFO] ------------------------------------------------------------------------
[INFO] Reactor Build Order:
[INFO] 
[INFO] BBoxDB                                                             [pom]
[INFO] bboxdb-commons                                                     [jar]
[INFO] bboxdb-server                                                      [jar]
[INFO] bboxdb-network-proxy                                               [jar]
[INFO] bboxdb-tools                                                       [jar]
[INFO] bboxdb-experiments                                                 [jar]
[INFO] bboxdb-examples                                                    [jar]
[INFO] 
[INFO] ----------------------< org.bboxdb:bboxdb-parent >----------------------
[INFO] Building BBoxDB 1.0.0-rc2                                          [1/7]
[INFO] --------------------------------[ pom ]---------------------------------
[INFO] 
[INFO] --- maven-clean-plugin:2.5:clean (default-clean) @ bboxdb-parent ---
[INFO] 
[INFO] --- jacoco-maven-plugin:0.8.7:prepare-agent (default) @ bboxdb-parent ---
[INFO] argLine set to -javaagent:/home/gabsko/.m2/repository/org/jacoco/org.jacoco.agent/0.8.7/org.jacoco.agent-0.8.7-runtime.jar=destfile=/home/gabsko/breaking-updates/target/jacoco.exec
[INFO] 
[INFO] --- jacoco-maven-plugin:0.8.7:report (report) @ bboxdb-parent ---
[INFO] Skipping JaCoCo execution due to missing execution data file.
[INFO] 
[INFO] ---------------------< org.bboxdb:bboxdb-commons >----------------------
[INFO] Building bboxdb-commons 1.0.0-rc2                                  [2/7]
[INFO] --------------------------------[ jar ]---------------------------------
[INFO] Downloading from central: https://repo.maven.apache.org/maven2/net/bytebuddy/byte-buddy-agent/1.12.1/byte-buddy-agent-1.12.1.jar
[INFO] Downloading from central: https://repo.maven.apache.org/maven2/net/bytebuddy/byte-buddy/1.12.1/byte-buddy-1.12.1.jar
[INFO] Downloading from central: https://repo.maven.apache.org/maven2/org/mockito/mockito-core/4.1.0/mockito-core-4.1.0.jar
[INFO] Downloaded from central: https://repo.maven.apache.org/maven2/net/bytebuddy/byte-buddy-agent/1.12.1/byte-buddy-agent-1.12.1.jar (0 B at 0 B/s)
[INFO] Downloaded from central: https://repo.maven.apache.org/maven2/net/bytebuddy/byte-buddy/1.12.1/byte-buddy-1.12.1.jar (0 B at 0 B/s)
[INFO] Downloaded from central: https://repo.maven.apache.org/maven2/org/mockito/mockito-core/4.1.0/mockito-core-4.1.0.jar (0 B at 0 B/s)
[INFO] 
[INFO] --- maven-clean-plugin:2.5:clean (default-clean) @ bboxdb-commons ---
[INFO] Deleting /home/gabsko/breaking-updates/bboxdb-commons/target
[INFO] 
[INFO] --- jacoco-maven-plugin:0.8.7:prepare-agent (default) @ bboxdb-commons ---
[INFO] argLine set to -javaagent:/home/gabsko/.m2/repository/org/jacoco/org.jacoco.agent/0.8.7/org.jacoco.agent-0.8.7-runtime.jar=destfile=/home/gabsko/breaking-updates/bboxdb-commons/target/jacoco.exec
[INFO] 
[INFO] --- maven-resources-plugin:2.6:resources (default-resources) @ bboxdb-commons ---
[INFO] Using 'UTF-8' encoding to copy filtered resources.
[INFO] skip non existing resourceDirectory /home/gabsko/breaking-updates/bboxdb-commons/src/main/resources
[INFO] 
[INFO] --- maven-compiler-plugin:3.8.1:compile (default-compile) @ bboxdb-commons ---
[INFO] Changes detected - recompiling the module!
[INFO] Compiling 34 source files to /home/gabsko/breaking-updates/bboxdb-commons/target/classes
[INFO] 
[INFO] --- maven-resources-plugin:2.6:testResources (default-testResources) @ bboxdb-commons ---
[INFO] Using 'UTF-8' encoding to copy filtered resources.
[INFO] skip non existing resourceDirectory /home/gabsko/breaking-updates/bboxdb-commons/src/test/resources
[INFO] 
[INFO] --- maven-compiler-plugin:3.8.1:testCompile (default-testCompile) @ bboxdb-commons ---
[INFO] Changes detected - recompiling the module!
[INFO] Compiling 25 source files to /home/gabsko/breaking-updates/bboxdb-commons/target/test-classes
[INFO] 
[INFO] --- maven-surefire-plugin:2.22.2:test (default-test) @ bboxdb-commons ---
[INFO] 
[INFO] -------------------------------------------------------
[INFO]  T E S T S
[INFO] -------------------------------------------------------
[INFO] Running org.bboxdb.TestStacktraceHelper
[INFO] Tests run: 1, Failures: 0, Errors: 0, Skipped: 0, Time elapsed: 0.041 s - in org.bboxdb.TestStacktraceHelper
[INFO] Running org.bboxdb.TestThreadHelper
SLF4J: Failed to load class "org.slf4j.impl.StaticLoggerBinder".
SLF4J: Defaulting to no-operation (NOP) logger implementation
SLF4J: See http://www.slf4j.org/codes.html#StaticLoggerBinder for further details.
[INFO] Tests run: 4, Failures: 0, Errors: 0, Skipped: 0, Time elapsed: 10.022 s - in org.bboxdb.TestThreadHelper
[INFO] Running org.bboxdb.TestFilesizeHelper
[INFO] Tests run: 2, Failures: 0, Errors: 0, Skipped: 0, Time elapsed: 0.001 s - in org.bboxdb.TestFilesizeHelper
[INFO] Running org.bboxdb.TestSortedIteratorMerger
[INFO] Tests run: 11, Failures: 0, Errors: 0, Skipped: 0, Time elapsed: 0.02 s - in org.bboxdb.TestSortedIteratorMerger
[INFO] Running org.bboxdb.TestSysteminfo
Maximum memory: 30 GB, Total memory: 2 GB, Free memory within total: 1.9 GB, Used memory 80.7 MB, Memory mapped segments: 0, memory mapped data: 0 B
[INFO] Tests run: 2, Failures: 0, Errors: 0, Skipped: 0, Time elapsed: 0.097 s - in org.bboxdb.TestSysteminfo
[INFO] Running org.bboxdb.TestBlockingQueueWithSingleExecutor
[INFO] Tests run: 2, Failures: 0, Errors: 0, Skipped: 0, Time elapsed: 0.107 s - in org.bboxdb.TestBlockingQueueWithSingleExecutor
[INFO] Running org.bboxdb.TestDataEncoderHelper
[INFO] Tests run: 7, Failures: 0, Errors: 0, Skipped: 0, Time elapsed: 0.042 s - in org.bboxdb.TestDataEncoderHelper
[INFO] Running org.bboxdb.TestMathUtil
[INFO] Tests run: 5, Failures: 0, Errors: 0, Skipped: 0, Time elapsed: 0.011 s - in org.bboxdb.TestMathUtil
[INFO] Running org.bboxdb.TestCloseableHelper
[INFO] Tests run: 2, Failures: 0, Errors: 0, Skipped: 0, Time elapsed: 0.58 s - in org.bboxdb.TestCloseableHelper
[INFO] Running org.bboxdb.math.TestHyperrectangle
Invalid argument: sdsfsd
[INFO] Tests run: 52, Failures: 0, Errors: 0, Skipped: 0, Time elapsed: 0.061 s - in org.bboxdb.math.TestHyperrectangle
[INFO] Running org.bboxdb.math.TestGeoJSONPolygon
[INFO] Tests run: 12, Failures: 0, Errors: 0, Skipped: 0, Time elapsed: 0.025 s - in org.bboxdb.math.TestGeoJSONPolygon
[INFO] Running org.bboxdb.math.TestDoubleInterval
[0.4543534,0.9423444] / [0.4544,0.9423]
[1.2,4.2] / [1.2,4.2]
[INFO] Tests run: 35, Failures: 0, Errors: 0, Skipped: 0, Time elapsed: 0.008 s - in org.bboxdb.math.TestDoubleInterval
[INFO] Running org.bboxdb.TestExceptionSafeRunnable
[INFO] Tests run: 4, Failures: 0, Errors: 0, Skipped: 0, Time elapsed: 0.001 s - in org.bboxdb.TestExceptionSafeRunnable
[INFO] Running org.bboxdb.TestRetyer
[INFO] Tests run: 3, Failures: 0, Errors: 0, Skipped: 0, Time elapsed: 1.406 s - in org.bboxdb.TestRetyer
[INFO] Running org.bboxdb.TestServiceState
[INFO] Tests run: 13, Failures: 0, Errors: 0, Skipped: 0, Time elapsed: 0.215 s - in org.bboxdb.TestServiceState
[INFO] Running org.bboxdb.TestMicroSecondTimestampProvider
[INFO] Tests run: 1, Failures: 0, Errors: 0, Skipped: 0, Time elapsed: 0.116 s - in org.bboxdb.TestMicroSecondTimestampProvider
[INFO] Running org.bboxdb.TestIsotoneStringMapper
[INFO] Tests run: 2, Failures: 0, Errors: 0, Skipped: 0, Time elapsed: 0.008 s - in org.bboxdb.TestIsotoneStringMapper
[INFO] Running org.bboxdb.TestObjectSerializer
[INFO] Tests run: 2, Failures: 0, Errors: 0, Skipped: 0, Time elapsed: 0.01 s - in org.bboxdb.TestObjectSerializer
[INFO] Running org.bboxdb.TestFileUtil
[INFO] Tests run: 3, Failures: 0, Errors: 0, Skipped: 0, Time elapsed: 0.006 s - in org.bboxdb.TestFileUtil
[INFO] Running org.bboxdb.TestNetworkInterfaceHelper
[INFO] Tests run: 2, Failures: 0, Errors: 0, Skipped: 0, Time elapsed: 0.005 s - in org.bboxdb.TestNetworkInterfaceHelper
[INFO] Running org.bboxdb.TestExceptionHelper
Exception: 0
Message: Failed 1
=======================
org.bboxdb.TestExceptionHelper.getStacktraceFromList(TestExceptionHelper.java:32)
java.base/jdk.internal.reflect.NativeMethodAccessorImpl.invoke0(Native Method)
java.base/jdk.internal.reflect.NativeMethodAccessorImpl.invoke(NativeMethodAccessorImpl.java:62)
java.base/jdk.internal.reflect.DelegatingMethodAccessorImpl.invoke(DelegatingMethodAccessorImpl.java:43)
java.base/java.lang.reflect.Method.invoke(Method.java:566)
org.junit.runners.model.FrameworkMethod$1.runReflectiveCall(FrameworkMethod.java:50)
org.junit.internal.runners.model.ReflectiveCallable.run(ReflectiveCallable.java:12)
org.junit.runners.model.FrameworkMethod.invokeExplosively(FrameworkMethod.java:47)
org.junit.internal.runners.statements.InvokeMethod.evaluate(InvokeMethod.java:17)
org.junit.internal.runners.statements.FailOnTimeout$CallableStatement.call(FailOnTimeout.java:298)
org.junit.internal.runners.statements.FailOnTimeout$CallableStatement.call(FailOnTimeout.java:292)
java.base/java.util.concurrent.FutureTask.run(FutureTask.java:264)
java.base/java.lang.Thread.run(Thread.java:829)
=======================
Exception: 1
Message: Failed 2
=======================
org.bboxdb.TestExceptionHelper.getStacktraceFromList(TestExceptionHelper.java:32)
java.base/jdk.internal.reflect.NativeMethodAccessorImpl.invoke0(Native Method)
java.base/jdk.internal.reflect.NativeMethodAccessorImpl.invoke(NativeMethodAccessorImpl.java:62)
java.base/jdk.internal.reflect.DelegatingMethodAccessorImpl.invoke(DelegatingMethodAccessorImpl.java:43)
java.base/java.lang.reflect.Method.invoke(Method.java:566)
org.junit.runners.model.FrameworkMethod$1.runReflectiveCall(FrameworkMethod.java:50)
org.junit.internal.runners.model.ReflectiveCallable.run(ReflectiveCallable.java:12)
org.junit.runners.model.FrameworkMethod.invokeExplosively(FrameworkMethod.java:47)
org.junit.internal.runners.statements.InvokeMethod.evaluate(InvokeMethod.java:17)
org.junit.internal.runners.statements.FailOnTimeout$CallableStatement.call(FailOnTimeout.java:298)
org.junit.internal.runners.statements.FailOnTimeout$CallableStatement.call(FailOnTimeout.java:292)
java.base/java.util.concurrent.FutureTask.run(FutureTask.java:264)
java.base/java.lang.Thread.run(Thread.java:829)
=======================

[INFO] Tests run: 1, Failures: 0, Errors: 0, Skipped: 0, Time elapsed: 0.001 s - in org.bboxdb.TestExceptionHelper
[INFO] Running org.bboxdb.TestStringUtil
[INFO] Tests run: 1, Failures: 0, Errors: 0, Skipped: 0, Time elapsed: 0 s - in org.bboxdb.TestStringUtil
[INFO] Running org.bboxdb.TestListHelper
[INFO] Tests run: 7, Failures: 0, Errors: 0, Skipped: 0, Time elapsed: 0.007 s - in org.bboxdb.TestListHelper
[INFO] Running org.bboxdb.TestUnsafeMemoryHandler
[INFO] Tests run: 1, Failures: 0, Errors: 0, Skipped: 0, Time elapsed: 0 s - in org.bboxdb.TestUnsafeMemoryHandler
[INFO] Running org.bboxdb.TestPair
[INFO] Tests run: 1, Failures: 0, Errors: 0, Skipped: 0, Time elapsed: 0 s - in org.bboxdb.TestPair
[INFO] 
[INFO] Results:
[INFO] 
[INFO] Tests run: 176, Failures: 0, Errors: 0, Skipped: 0
[INFO] 
[INFO] 
[INFO] --- jacoco-maven-plugin:0.8.7:report (report) @ bboxdb-commons ---
[INFO] Loading execution data file /home/gabsko/breaking-updates/bboxdb-commons/target/jacoco.exec
[INFO] Analyzed bundle 'bboxdb-commons' with 38 classes
[INFO] 
[INFO] ----------------------< org.bboxdb:bboxdb-server >----------------------
[INFO] Building bboxdb-server 1.0.0-rc2                                   [3/7]
[INFO] --------------------------------[ jar ]---------------------------------
[INFO] 
[INFO] --- maven-clean-plugin:2.5:clean (default-clean) @ bboxdb-server ---
[INFO] Deleting /home/gabsko/breaking-updates/bboxdb-server/target
[INFO] 
[INFO] --- jacoco-maven-plugin:0.8.7:prepare-agent (default) @ bboxdb-server ---
[INFO] argLine set to -javaagent:/home/gabsko/.m2/repository/org/jacoco/org.jacoco.agent/0.8.7/org.jacoco.agent-0.8.7-runtime.jar=destfile=/home/gabsko/breaking-updates/bboxdb-server/target/jacoco.exec
[INFO] 
[INFO] --- maven-resources-plugin:2.6:resources (default-resources) @ bboxdb-server ---
[INFO] Using 'UTF-8' encoding to copy filtered resources.
[INFO] Copying 4 resources
[INFO] 
[INFO] --- maven-compiler-plugin:3.8.1:compile (default-compile) @ bboxdb-server ---
[INFO] Changes detected - recompiling the module!
[INFO] Compiling 346 source files to /home/gabsko/breaking-updates/bboxdb-server/target/classes
[INFO] /home/gabsko/breaking-updates/bboxdb-server/src/main/java/org/bboxdb/network/client/future/client/helper/AbstractTheadedListFutureIterator.java: Some input files use or override a deprecated API.
[INFO] /home/gabsko/breaking-updates/bboxdb-server/src/main/java/org/bboxdb/network/client/future/client/helper/AbstractTheadedListFutureIterator.java: Recompile with -Xlint:deprecation for details.
[INFO] 
[INFO] --- maven-resources-plugin:2.6:testResources (default-testResources) @ bboxdb-server ---
[INFO] Using 'UTF-8' encoding to copy filtered resources.
[INFO] skip non existing resourceDirectory /home/gabsko/breaking-updates/bboxdb-server/src/test/resources
[INFO] 
[INFO] --- maven-compiler-plugin:3.8.1:testCompile (default-testCompile) @ bboxdb-server ---
[INFO] Changes detected - recompiling the module!
[INFO] Compiling 72 source files to /home/gabsko/breaking-updates/bboxdb-server/target/test-classes
[INFO] 
[INFO] --- maven-surefire-plugin:2.22.2:test (default-test) @ bboxdb-server ---
[INFO] 
[INFO] -------------------------------------------------------
[INFO]  T E S T S
[INFO] -------------------------------------------------------
[INFO] Running org.bboxdb.test.storage.TestTablenameParser
0    [Time-limited test] WARN  org.bboxdb.storage.entity.TupleStoreName  - Got invalid tablename: 
8    [Time-limited test] WARN  org.bboxdb.storage.entity.TupleStoreName  - Got invalid tablename: abc
9    [Time-limited test] WARN  org.bboxdb.storage.entity.TupleStoreName  - Invalid tablenumber: abce
9    [Time-limited test] WARN  org.bboxdb.storage.entity.TupleStoreName  - Got invalid tablename: __
9    [Time-limited test] WARN  org.bboxdb.storage.entity.TupleStoreName  - Got invalid tablename: 3__
9    [Time-limited test] WARN  org.bboxdb.storage.entity.TupleStoreName  - Got invalid tablename: 3_abc_
10   [Time-limited test] WARN  org.bboxdb.storage.entity.TupleStoreName  - Got invalid tablename: 3_abc_def_gef
10   [Time-limited test] WARN  org.bboxdb.storage.entity.TupleStoreName  - Got invalid tablename: __def
10   [Time-limited test] WARN  org.bboxdb.storage.entity.TupleStoreName  - Got invalid tablename: abc__def
11   [Time-limited test] WARN  org.bboxdb.storage.entity.TupleStoreName  - Invalid tablenumber: def
11   [Time-limited test] WARN  org.bboxdb.storage.entity.TupleStoreName  - Invalid tablenumber: def
11   [Time-limited test] WARN  org.bboxdb.storage.entity.TupleStoreName  - Invalid tablenumber: def
11   [Time-limited test] WARN  org.bboxdb.storage.entity.TupleStoreName  - Invalid tablenumber: def
12   [Time-limited test] WARN  org.bboxdb.storage.entity.TupleStoreName  - Got invalid tablename: 0_df_def_
12   [Time-limited test] WARN  org.bboxdb.storage.entity.TupleStoreName  - Got invalid tablename: 0_df_def_a
12   [Time-limited test] WARN  org.bboxdb.storage.entity.TupleStoreName  - Got invalid tablename: 0_df_def__
13   [Time-limited test] WARN  org.bboxdb.storage.entity.TupleStoreName  - Got invalid tablename: _____
14   [Time-limited test] WARN  org.bboxdb.storage.entity.TupleStoreName  - Got invalid tablename: 1_2_
[INFO] Tests run: 3, Failures: 0, Errors: 0, Skipped: 0, Time elapsed: 0.172 s - in org.bboxdb.test.storage.TestTablenameParser
[INFO] Running org.bboxdb.test.storage.TestSSTable
18   [main] INFO  org.bboxdb.misc.BBoxDBConfigurationManager  - Loading configuration from: file:/home/gabsko/breaking-updates/conf/bboxdb.yaml
237  [Time-limited test] WARN  org.bboxdb.commons.io.UnsafeMemoryHelper  - Unable to detect memory cleaner, direct cleaning of memory mapped io does not work
237  [Time-limited test] ERROR org.bboxdb.storage.sstable.reader.AbstractFileReader  - Memory unmapper not available, please use a oracle JVM
[INFO] 
[INFO] Results:
[INFO] 
[INFO] Tests run: 3, Failures: 0, Errors: 0, Skipped: 0
[INFO] 
[INFO] ------------------------------------------------------------------------
[INFO] Reactor Summary for BBoxDB 1.0.0-rc2:
[INFO] 
[INFO] BBoxDB ............................................. SUCCESS [  0.224 s]
[INFO] bboxdb-commons ..................................... SUCCESS [ 15.862 s]
[INFO] bboxdb-server ...................................... FAILURE [  3.545 s]
[INFO] bboxdb-network-proxy ............................... SKIPPED
[INFO] bboxdb-tools ....................................... SKIPPED
[INFO] bboxdb-experiments ................................. SKIPPED
[INFO] bboxdb-examples .................................... SKIPPED
[INFO] ------------------------------------------------------------------------
[INFO] BUILD FAILURE
[INFO] ------------------------------------------------------------------------
[INFO] Total time:  19.719 s
[INFO] Finished at: 2023-02-07T10:00:40Z
[INFO] ------------------------------------------------------------------------
[ERROR] Failed to execute goal org.apache.maven.plugins:maven-surefire-plugin:2.22.2:test (default-test) on project bboxdb-server: There are test failures.
[ERROR] 
[ERROR] Please refer to /home/gabsko/breaking-updates/bboxdb-server/target/surefire-reports for the individual test results.
[ERROR] Please refer to dump files (if any exist) [date].dump, [date]-jvmRun[N].dump and [date].dumpstream.
[ERROR] The forked VM terminated without properly saying goodbye. VM crash or System.exit called?
[ERROR] Command was /bin/sh -c cd /home/gabsko/breaking-updates/bboxdb-server && /usr/lib/jvm/java-11-openjdk-amd64/bin/java -javaagent:/home/gabsko/.m2/repository/org/jacoco/org.jacoco.agent/0.8.7/org.jacoco.agent-0.8.7-runtime.jar=destfile=/home/gabsko/breaking-updates/bboxdb-server/target/jacoco.exec -jar /home/gabsko/breaking-updates/bboxdb-server/target/surefire/surefirebooter1060983337593815815.jar /home/gabsko/breaking-updates/bboxdb-server/target/surefire 2023-02-07T10-00-22_749-jvmRun1 surefire11635046261426237506tmp surefire_112009642636128171797tmp
[ERROR] Error occurred in starting fork, check output in log
[ERROR] Process Exit Code: 255
[ERROR] Crashed tests:
[ERROR] org.bboxdb.test.storage.TestSSTable
[ERROR] org.apache.maven.surefire.booter.SurefireBooterForkException: The forked VM terminated without properly saying goodbye. VM crash or System.exit called?
[ERROR] Command was /bin/sh -c cd /home/gabsko/breaking-updates/bboxdb-server && /usr/lib/jvm/java-11-openjdk-amd64/bin/java -javaagent:/home/gabsko/.m2/repository/org/jacoco/org.jacoco.agent/0.8.7/org.jacoco.agent-0.8.7-runtime.jar=destfile=/home/gabsko/breaking-updates/bboxdb-server/target/jacoco.exec -jar /home/gabsko/breaking-updates/bboxdb-server/target/surefire/surefirebooter1060983337593815815.jar /home/gabsko/breaking-updates/bboxdb-server/target/surefire 2023-02-07T10-00-22_749-jvmRun1 surefire11635046261426237506tmp surefire_112009642636128171797tmp
[ERROR] Error occurred in starting fork, check output in log
[ERROR] Process Exit Code: 255
[ERROR] Crashed tests:
[ERROR] org.bboxdb.test.storage.TestSSTable
[ERROR] 	at org.apache.maven.plugin.surefire.booterclient.ForkStarter.fork(ForkStarter.java:669)
[ERROR] 	at org.apache.maven.plugin.surefire.booterclient.ForkStarter.run(ForkStarter.java:282)
[ERROR] 	at org.apache.maven.plugin.surefire.booterclient.ForkStarter.run(ForkStarter.java:245)
[ERROR] 	at org.apache.maven.plugin.surefire.AbstractSurefireMojo.executeProvider(AbstractSurefireMojo.java:1183)
[ERROR] 	at org.apache.maven.plugin.surefire.AbstractSurefireMojo.executeAfterPreconditionsChecked(AbstractSurefireMojo.java:1011)
[ERROR] 	at org.apache.maven.plugin.surefire.AbstractSurefireMojo.execute(AbstractSurefireMojo.java:857)
[ERROR] 	at org.apache.maven.plugin.DefaultBuildPluginManager.executeMojo(DefaultBuildPluginManager.java:137)
[ERROR] 	at org.apache.maven.lifecycle.internal.MojoExecutor.doExecute2(MojoExecutor.java:370)
[ERROR] 	at org.apache.maven.lifecycle.internal.MojoExecutor.doExecute(MojoExecutor.java:351)
[ERROR] 	at org.apache.maven.lifecycle.internal.MojoExecutor.execute(MojoExecutor.java:215)
[ERROR] 	at org.apache.maven.lifecycle.internal.MojoExecutor.execute(MojoExecutor.java:171)
[ERROR] 	at org.apache.maven.lifecycle.internal.MojoExecutor.execute(MojoExecutor.java:163)
[ERROR] 	at org.apache.maven.lifecycle.internal.LifecycleModuleBuilder.buildProject(LifecycleModuleBuilder.java:117)
[ERROR] 	at org.apache.maven.lifecycle.internal.LifecycleModuleBuilder.buildProject(LifecycleModuleBuilder.java:81)
[ERROR] 	at org.apache.maven.lifecycle.internal.builder.singlethreaded.SingleThreadedBuilder.build(SingleThreadedBuilder.java:56)
[ERROR] 	at org.apache.maven.lifecycle.internal.LifecycleStarter.execute(LifecycleStarter.java:128)
[ERROR] 	at org.apache.maven.DefaultMaven.doExecute(DefaultMaven.java:294)
[ERROR] 	at org.apache.maven.DefaultMaven.doExecute(DefaultMaven.java:192)
[ERROR] 	at org.apache.maven.DefaultMaven.execute(DefaultMaven.java:105)
[ERROR] 	at org.apache.maven.cli.MavenCli.execute(MavenCli.java:960)
[ERROR] 	at org.apache.maven.cli.MavenCli.doMain(MavenCli.java:293)
[ERROR] 	at org.apache.maven.cli.MavenCli.main(MavenCli.java:196)
[ERROR] 	at java.base/jdk.internal.reflect.NativeMethodAccessorImpl.invoke0(Native Method)
[ERROR] 	at java.base/jdk.internal.reflect.NativeMethodAccessorImpl.invoke(NativeMethodAccessorImpl.java:62)
[ERROR] 	at java.base/jdk.internal.reflect.DelegatingMethodAccessorImpl.invoke(DelegatingMethodAccessorImpl.java:43)
[ERROR] 	at java.base/java.lang.reflect.Method.invoke(Method.java:566)
[ERROR] 	at org.codehaus.plexus.classworlds.launcher.Launcher.launchEnhanced(Launcher.java:282)
[ERROR] 	at org.codehaus.plexus.classworlds.launcher.Launcher.launch(Launcher.java:225)
[ERROR] 	at org.codehaus.plexus.classworlds.launcher.Launcher.mainWithExitCode(Launcher.java:406)
[ERROR] 	at org.codehaus.plexus.classworlds.launcher.Launcher.main(Launcher.java:347)
[ERROR] -> [Help 1]
[ERROR] 
[ERROR] To see the full stack trace of the errors, re-run Maven with the -e switch.
[ERROR] Re-run Maven using the -X switch to enable full debug logging.
[ERROR] 
[ERROR] For more information about the errors and possible solutions, please read the following articles:
[ERROR] [Help 1] http://cwiki.apache.org/confluence/display/MAVEN/MojoExecutionException
[ERROR] 
[ERROR] After correcting the problems, you can resume the build with the command
[ERROR]   mvn <args> -rf :bboxdb-server
