[INFO] Scanning for projects...
[INFO] 
[INFO] --------------------------< com.artipie:asto >--------------------------
[INFO] Building asto 1.0-SNAPSHOT
[INFO] --------------------------------[ jar ]---------------------------------
[INFO] 
[INFO] --- maven-clean-plugin:3.1.0:clean (default-clean) @ asto ---
[INFO] Deleting /home/gabsko/breaking-updates/target
[INFO] 
[INFO] --- maven-enforcer-plugin:3.0.0-M3:enforce (enforce-maven) @ asto ---
[INFO] 
[INFO] --- buildnumber-maven-plugin:1.4:create (jcabi-build-number) @ asto ---
[INFO] ShortRevision tag detected. The value is '7'.
[INFO] Executing: /bin/sh -c cd '/home/gabsko/breaking-updates' && 'git' 'rev-parse' '--verify' '--short=7' 'HEAD'
[INFO] Working directory: /home/gabsko/breaking-updates
[INFO] Storing buildNumber: 65bbd98 at timestamp: 2023-02-05T00:28:56
[INFO] Storing buildScmBranch: branch-artipie/asto-65bbd981fc359419223bf6cc1234268e49e05aae
[INFO] 
[INFO] --- buildnumber-maven-plugin:1.4:create-timestamp (jcabi-build-number) @ asto ---
[INFO] 
[INFO] --- maven-resources-plugin:3.0.2:resources (default-resources) @ asto ---
[INFO] Using 'UTF-8' encoding to copy filtered resources.
[INFO] skip non existing resourceDirectory /home/gabsko/breaking-updates/src/main/resources
[INFO] 
[INFO] --- maven-compiler-plugin:3.8.0:compile (default-compile) @ asto ---
[INFO] Compiling 82 source files to /home/gabsko/breaking-updates/target/classes
[INFO] 
[INFO] --- maven-resources-plugin:3.0.2:testResources (default-testResources) @ asto ---
[INFO] Using 'UTF-8' encoding to copy filtered resources.
[INFO] Copying 4 resources
[INFO] 
[INFO] --- maven-compiler-plugin:3.8.0:testCompile (default-testCompile) @ asto ---
[INFO] Compiling 54 source files to /home/gabsko/breaking-updates/target/test-classes
[INFO] 
[INFO] --- maven-surefire-plugin:2.22.2:test (default-test) @ asto ---
[INFO] 
[INFO] -------------------------------------------------------
[INFO]  T E S T S
[INFO] -------------------------------------------------------
[INFO] Running OneTimePublisherVerificationTest

===============================================
Command line suite
Total tests run: 38, Passes: 7, Failures: 0, Skips: 31
===============================================

[WARNING] Tests run: 38, Failures: 0, Errors: 0, Skipped: 31, Time elapsed: 0.542 s - in OneTimePublisherVerificationTest
[INFO] Running com.artipie.asto.cache.FromStorageCacheTest
[[0;37mINFO[m] ForkJoinPool.commonPool-worker-93 com.artipie.asto.cache.FromStorageCacheTest: Handled error: java.lang.Exception: Error!
[INFO] Tests run: 4, Failures: 0, Errors: 0, Skipped: 0, Time elapsed: 0.243 s - in com.artipie.asto.cache.FromStorageCacheTest
[INFO] Running com.artipie.asto.memory.BenchmarkStorageSizeTest
[INFO] Tests run: 3, Failures: 0, Errors: 0, Skipped: 0, Time elapsed: 0.011 s - in com.artipie.asto.memory.BenchmarkStorageSizeTest
[INFO] Running com.artipie.asto.RemainingTest
[INFO] Tests run: 1, Failures: 0, Errors: 0, Skipped: 0, Time elapsed: 0 s - in com.artipie.asto.RemainingTest
[INFO] Running com.artipie.asto.StorageListTest


  .-')              _   .-')                           .-. .-')  
 ( OO ).           ( '.( OO )_                         \  ( OO ) 
(_)---\_) .-----.   ,--.   ,--.).-'),-----.    .-----. ,--. ,--. 
/    _ | /  -.   \  |   `.'   |( OO'  .-.  '  '  .--./ |  .'   / 
\  :` `. '-' _'  |  |         |/   |  | |  |  |  |('-. |      /, 
 '..`''.)   |_  <   |  |'.'|  |\_) |  |\|  | /_) |OO  )|     ' _)
.-._)   \.-.  |  |  |  |   |  |  \ |  | |  | ||  |`-'| |  .   \  
\       /\ `-'   /  |  |   |  |   `'  '-'  '(_'  '--'\ |  |\   \ 
 `-----'  `----''   `--'   `--'     `-----'    `-----' `--' '--' 



[[0;37mINFO[m] ForkJoinPool.commonPool-worker-93 com.artipie.asto.fs.FileStorage: Found 0 objects by the prefix "a/b" in /tmp/junit4534059744927050472 by /tmp/junit4534059744927050472/a/b: []
[[0;37mINFO[m] vert.x-worker-thread-0 com.artipie.asto.fs.VertxFileStorage: Found 0 objects by the prefix "a/b" in /tmp/vtxjunit9504080907534501900 by /tmp/vtxjunit9504080907534501900/a/b: []
[[0;37mINFO[m] ForkJoinPool.commonPool-worker-105 com.artipie.asto.fs.FileStorage: Found 2 objects by the prefix "a/b" in /tmp/junit4161692392756808343 by /tmp/junit4161692392756808343/a/b: [a/b/2, a/b/c/1]
[[0;37mINFO[m] vert.x-worker-thread-11 com.artipie.asto.fs.VertxFileStorage: Found 2 objects by the prefix "a/b" in /tmp/vtxjunit8909460293851722499 by /tmp/vtxjunit8909460293851722499/a/b: [a/b/2, a/b/c/1]
[INFO] Tests run: 12, Failures: 0, Errors: 0, Skipped: 0, Time elapsed: 3.609 s - in com.artipie.asto.StorageListTest
[INFO] Running com.artipie.asto.memory.BenchmarkStorageDeleteTest
[INFO] Tests run: 2, Failures: 0, Errors: 0, Skipped: 0, Time elapsed: 0.001 s - in com.artipie.asto.memory.BenchmarkStorageDeleteTest
[INFO] Running com.artipie.asto.RxFileTest
[INFO] Tests run: 4, Failures: 0, Errors: 0, Skipped: 0, Time elapsed: 0.021 s - in com.artipie.asto.RxFileTest
[INFO] Running com.artipie.asto.KeyTest
[INFO] Tests run: 11, Failures: 0, Errors: 0, Skipped: 0, Time elapsed: 0.001 s - in com.artipie.asto.KeyTest
[INFO] Running com.artipie.asto.misc.UncheckedFuncTest
[INFO] Tests run: 2, Failures: 0, Errors: 0, Skipped: 0, Time elapsed: 0 s - in com.artipie.asto.misc.UncheckedFuncTest
[INFO] Running com.artipie.asto.cache.CacheControlTest
[INFO] Tests run: 4, Failures: 0, Errors: 0, Skipped: 0, Time elapsed: 0.011 s - in com.artipie.asto.cache.CacheControlTest
[INFO] Running com.artipie.asto.cache.DigestVerificationTest
[INFO] Tests run: 3, Failures: 0, Errors: 0, Skipped: 0, Time elapsed: 0.001 s - in com.artipie.asto.cache.DigestVerificationTest
[INFO] Running com.artipie.asto.StorageSizeTest


  .-')              _   .-')                           .-. .-')  
 ( OO ).           ( '.( OO )_                         \  ( OO ) 
(_)---\_) .-----.   ,--.   ,--.).-'),-----.    .-----. ,--. ,--. 
/    _ | /  -.   \  |   `.'   |( OO'  .-.  '  '  .--./ |  .'   / 
\  :` `. '-' _'  |  |         |/   |  | |  |  |  |('-. |      /, 
 '..`''.)   |_  <   |  |'.'|  |\_) |  |\|  | /_) |OO  )|     ' _)
.-._)   \.-.  |  |  |  |   |  |  \ |  | |  | ||  |`-'| |  .   \  
\       /\ `-'   /  |  |   |  |   `'  '-'  '(_'  '--'\ |  |\   \ 
 `-----'  `----''   `--'   `--'     `-----'    `-----' `--' '--' 



[INFO] Tests run: 12, Failures: 0, Errors: 0, Skipped: 0, Time elapsed: 0.64 s - in com.artipie.asto.StorageSizeTest
[INFO] Running com.artipie.asto.SubStorageTest
[INFO] Tests run: 12, Failures: 0, Errors: 0, Skipped: 0, Time elapsed: 0.037 s - in com.artipie.asto.SubStorageTest
[INFO] Running com.artipie.asto.s3.S3StorageTest


  .-')              _   .-')                           .-. .-')  
 ( OO ).           ( '.( OO )_                         \  ( OO ) 
(_)---\_) .-----.   ,--.   ,--.).-'),-----.    .-----. ,--. ,--. 
/    _ | /  -.   \  |   `.'   |( OO'  .-.  '  '  .--./ |  .'   / 
\  :` `. '-' _'  |  |         |/   |  | |  |  |  |('-. |      /, 
 '..`''.)   |_  <   |  |'.'|  |\_) |  |\|  | /_) |OO  )|     ' _)
.-._)   \.-.  |  |  |  |   |  |  \ |  | |  | ||  |`-'| |  .   \  
\       /\ `-'   /  |  |   |  |   `'  '-'  '(_'  '--'\ |  |\   \ 
 `-----'  `----''   `--'   `--'     `-----'    `-----' `--' '--' 



[[0;33mWARN[m] main com.amazonaws.services.s3.AmazonS3Client: No content length specified for stream data.  Stream contents will be buffered in memory and could result in out of memory errors.
[[0;33mWARN[m] main com.amazonaws.util.Base64: JAXB is unavailable. Will fallback to SDK implementation which may be less performant
[[0;33mWARN[m] main com.amazonaws.services.s3.AmazonS3Client: No content length specified for stream data.  Stream contents will be buffered in memory and could result in out of memory errors.
[[0;33mWARN[m] main com.amazonaws.services.s3.AmazonS3Client: No content length specified for stream data.  Stream contents will be buffered in memory and could result in out of memory errors.
[[0;33mWARN[m] main com.amazonaws.services.s3.AmazonS3Client: No content length specified for stream data.  Stream contents will be buffered in memory and could result in out of memory errors.
[[0;33mWARN[m] main com.amazonaws.services.s3.AmazonS3Client: No content length specified for stream data.  Stream contents will be buffered in memory and could result in out of memory errors.
[[0;33mWARN[m] main com.amazonaws.services.s3.AmazonS3Client: No content length specified for stream data.  Stream contents will be buffered in memory and could result in out of memory errors.
[[0;33mWARN[m] main com.amazonaws.services.s3.AmazonS3Client: No content length specified for stream data.  Stream contents will be buffered in memory and could result in out of memory errors.
[[0;33mWARN[m] main com.amazonaws.services.s3.AmazonS3Client: No content length specified for stream data.  Stream contents will be buffered in memory and could result in out of memory errors.
[[0;33mWARN[m] main com.amazonaws.services.s3.AmazonS3Client: No content length specified for stream data.  Stream contents will be buffered in memory and could result in out of memory errors.
[[0;33mWARN[m] main com.amazonaws.services.s3.AmazonS3Client: No content length specified for stream data.  Stream contents will be buffered in memory and could result in out of memory errors.
[[0;33mWARN[m] main com.amazonaws.services.s3.AmazonS3Client: No content length specified for stream data.  Stream contents will be buffered in memory and could result in out of memory errors.
[INFO] Tests run: 11, Failures: 0, Errors: 0, Skipped: 0, Time elapsed: 4.902 s - in com.artipie.asto.s3.S3StorageTest
[INFO] Running com.artipie.asto.test.TestResourceTest
[[0;37mINFO[m] ForkJoinPool.commonPool-worker-21 com.artipie.asto.fs.FileStorage: Found 2 objects by the prefix "" in /home/gabsko/breaking-updates/target/test-classes/folder by /home/gabsko/breaking-updates/target/test-classes/folder: [one.txt, two.txt]
[INFO] Tests run: 6, Failures: 0, Errors: 0, Skipped: 0, Time elapsed: 0.02 s - in com.artipie.asto.test.TestResourceTest
[INFO] Running com.artipie.asto.memory.InMemoryStorageTest
[INFO] Tests run: 1, Failures: 0, Errors: 0, Skipped: 0, Time elapsed: 0.099 s - in com.artipie.asto.memory.InMemoryStorageTest
[INFO] Running com.artipie.asto.misc.UncheckedSupplierTest
[INFO] Tests run: 2, Failures: 0, Errors: 0, Skipped: 0, Time elapsed: 0 s - in com.artipie.asto.misc.UncheckedSupplierTest
[INFO] Running com.artipie.asto.memory.BenchmarkStorageMoveTest
[INFO] Tests run: 5, Failures: 0, Errors: 0, Skipped: 0, Time elapsed: 0 s - in com.artipie.asto.memory.BenchmarkStorageMoveTest
[INFO] Running com.artipie.asto.s3.BucketTest


  .-')              _   .-')                           .-. .-')  
 ( OO ).           ( '.( OO )_                         \  ( OO ) 
(_)---\_) .-----.   ,--.   ,--.).-'),-----.    .-----. ,--. ,--. 
/    _ | /  -.   \  |   `.'   |( OO'  .-.  '  '  .--./ |  .'   / 
\  :` `. '-' _'  |  |         |/   |  | |  |  |  |('-. |      /, 
 '..`''.)   |_  <   |  |'.'|  |\_) |  |\|  | /_) |OO  )|     ' _)
.-._)   \.-.  |  |  |  |   |  |  \ |  | |  | ||  |`-'| |  .   \  
\       /\ `-'   /  |  |   |  |   `'  '-'  '(_'  '--'\ |  |\   \ 
 `-----'  `----''   `--'   `--'     `-----'    `-----' `--' '--' 



[INFO] Tests run: 2, Failures: 0, Errors: 0, Skipped: 0, Time elapsed: 0.477 s - in com.artipie.asto.s3.BucketTest
[INFO] Running com.artipie.asto.ext.PublisherAsTest
[INFO] Tests run: 3, Failures: 0, Errors: 0, Skipped: 0, Time elapsed: 0 s - in com.artipie.asto.ext.PublisherAsTest
[INFO] Running com.artipie.asto.ext.DigestsTest
[INFO] Tests run: 9, Failures: 0, Errors: 0, Skipped: 0, Time elapsed: 0.018 s - in com.artipie.asto.ext.DigestsTest
[INFO] Running com.artipie.asto.cache.FromRemoteCacheTest
[INFO] Tests run: 4, Failures: 0, Errors: 0, Skipped: 0, Time elapsed: 0.002 s - in com.artipie.asto.cache.FromRemoteCacheTest
[INFO] Running com.artipie.asto.streams.StorageValuePipelineTest
[INFO] Tests run: 5, Failures: 0, Errors: 0, Skipped: 0, Time elapsed: 0.011 s - in com.artipie.asto.streams.StorageValuePipelineTest
[INFO] Running com.artipie.asto.ext.KeyLastPartTest
[INFO] Tests run: 5, Failures: 0, Errors: 0, Skipped: 0, Time elapsed: 0.001 s - in com.artipie.asto.ext.KeyLastPartTest
[INFO] Running com.artipie.asto.StorageExistsTest


  .-')              _   .-')                           .-. .-')  
 ( OO ).           ( '.( OO )_                         \  ( OO ) 
(_)---\_) .-----.   ,--.   ,--.).-'),-----.    .-----. ,--. ,--. 
/    _ | /  -.   \  |   `.'   |( OO'  .-.  '  '  .--./ |  .'   / 
\  :` `. '-' _'  |  |         |/   |  | |  |  |  |('-. |      /, 
 '..`''.)   |_  <   |  |'.'|  |\_) |  |\|  | /_) |OO  )|     ' _)
.-._)   \.-.  |  |  |  |   |  |  \ |  | |  | ||  |`-'| |  .   \  
\       /\ `-'   /  |  |   |  |   `'  '-'  '(_'  '--'\ |  |\   \ 
 `-----'  `----''   `--'   `--'     `-----'    `-----' `--' '--' 



[INFO] Tests run: 18, Failures: 0, Errors: 0, Skipped: 0, Time elapsed: 0.625 s - in com.artipie.asto.StorageExistsTest
[INFO] Running com.artipie.asto.OneTimePublisherTest
[INFO] Tests run: 1, Failures: 0, Errors: 0, Skipped: 0, Time elapsed: 0 s - in com.artipie.asto.OneTimePublisherTest
[INFO] Running com.artipie.asto.streams.ContentAsStreamTest
[INFO] Tests run: 1, Failures: 0, Errors: 0, Skipped: 0, Time elapsed: 0.003 s - in com.artipie.asto.streams.ContentAsStreamTest
[INFO] Running com.artipie.asto.ContentTest
[INFO] Tests run: 2, Failures: 0, Errors: 0, Skipped: 0, Time elapsed: 0.001 s - in com.artipie.asto.ContentTest
[INFO] Running com.artipie.asto.misc.UncheckedScalarTest
[INFO] Tests run: 2, Failures: 0, Errors: 0, Skipped: 0, Time elapsed: 0 s - in com.artipie.asto.misc.UncheckedScalarTest
[INFO] Running com.artipie.asto.cache.RemoteWithErrorHandlingTest
[[0;31mERROR[m] main com.artipie.asto.cache.RemoteWithErrorHandlingTest$$Lambda$2434/0x0000000840a3d040: Connection error
[INFO] Tests run: 2, Failures: 0, Errors: 0, Skipped: 0, Time elapsed: 0 s - in com.artipie.asto.cache.RemoteWithErrorHandlingTest
[INFO] Running com.artipie.asto.StorageExclusivelyTest


  .-')              _   .-')                           .-. .-')  
 ( OO ).           ( '.( OO )_                         \  ( OO ) 
(_)---\_) .-----.   ,--.   ,--.).-'),-----.    .-----. ,--. ,--. 
/    _ | /  -.   \  |   `.'   |( OO'  .-.  '  '  .--./ |  .'   / 
\  :` `. '-' _'  |  |         |/   |  | |  |  |  |('-. |      /, 
 '..`''.)   |_  <   |  |'.'|  |\_) |  |\|  | /_) |OO  )|     ' _)
.-._)   \.-.  |  |  |  |   |  |  \ |  | |  | ||  |`-'| |  .   \  
\       /\ `-'   /  |  |   |  |   `'  '-'  '(_'  '--'\ |  |\   \ 
 `-----'  `----''   `--'   `--'     `-----'    `-----' `--' '--' 



[[0;37mINFO[m] ForkJoinPool.commonPool-worker-93 com.artipie.asto.fs.FileStorage: Found 1 objects by the prefix ".artipie-locks/shouldRunExclusivelyWhenPrevFinishedWithSyncFailure" in /tmp/junit13776091166917286980 by /tmp/junit13776091166917286980/.artipie-locks/shouldRunExclusivelyWhenPrevFinishedWithSyncFailure: [.artipie-locks/shouldRunExclusivelyWhenPrevFinishedWithSyncFailure/45ef4137-4b3c-4650-b9f4-e9309f1be9a3]
[[0;37mINFO[m] ForkJoinPool.commonPool-worker-93 com.artipie.asto.fs.FileStorage: Found 1 objects by the prefix ".artipie-locks/shouldRunExclusivelyWhenPrevFinishedWithSyncFailure" in /tmp/junit13776091166917286980 by /tmp/junit13776091166917286980/.artipie-locks/shouldRunExclusivelyWhenPrevFinishedWithSyncFailure: [.artipie-locks/shouldRunExclusivelyWhenPrevFinishedWithSyncFailure/0e5f6899-65b8-4114-a92c-33299682754c]
[[0;37mINFO[m] vert.x-worker-thread-1 com.artipie.asto.fs.VertxFileStorage: Found 1 objects by the prefix ".artipie-locks/shouldRunExclusivelyWhenPrevFinishedWithSyncFailure" in /tmp/vtxjunit17704377860001304848 by /tmp/vtxjunit17704377860001304848/.artipie-locks/shouldRunExclusivelyWhenPrevFinishedWithSyncFailure: [.artipie-locks/shouldRunExclusivelyWhenPrevFinishedWithSyncFailure/fdb43831-8047-48cb-85a4-58ff3350455d]
[[0;37mINFO[m] vert.x-worker-thread-3 com.artipie.asto.fs.VertxFileStorage: Found 1 objects by the prefix ".artipie-locks/shouldRunExclusivelyWhenPrevFinishedWithSyncFailure" in /tmp/vtxjunit17704377860001304848 by /tmp/vtxjunit17704377860001304848/.artipie-locks/shouldRunExclusivelyWhenPrevFinishedWithSyncFailure: [.artipie-locks/shouldRunExclusivelyWhenPrevFinishedWithSyncFailure/75aea224-3e71-4020-99b6-855d54c34312]
[[0;37mINFO[m] ForkJoinPool.commonPool-worker-93 com.artipie.asto.fs.FileStorage: Found 1 objects by the prefix ".artipie-locks/shouldFailConcurrentExclusivelyForSameKey" in /tmp/junit14588220666405552742 by /tmp/junit14588220666405552742/.artipie-locks/shouldFailConcurrentExclusivelyForSameKey: [.artipie-locks/shouldFailConcurrentExclusivelyForSameKey/b1e54fc6-6ff9-4274-b3d7-4f82ed1b51db]
[[0;37mINFO[m] ForkJoinPool.commonPool-worker-93 com.artipie.asto.fs.FileStorage: Found 2 objects by the prefix ".artipie-locks/shouldFailConcurrentExclusivelyForSameKey" in /tmp/junit14588220666405552742 by /tmp/junit14588220666405552742/.artipie-locks/shouldFailConcurrentExclusivelyForSameKey: [.artipie-locks/shouldFailConcurrentExclusivelyForSameKey/b1e54fc6-6ff9-4274-b3d7-4f82ed1b51db, .artipie-locks/shouldFailConcurrentExclusivelyForSameKey/ebe60c37-226b-4eda-9085-7382437a8c56]
[[0;37mINFO[m] vert.x-worker-thread-5 com.artipie.asto.fs.VertxFileStorage: Found 1 objects by the prefix ".artipie-locks/shouldFailConcurrentExclusivelyForSameKey" in /tmp/vtxjunit13399539180121050037 by /tmp/vtxjunit13399539180121050037/.artipie-locks/shouldFailConcurrentExclusivelyForSameKey: [.artipie-locks/shouldFailConcurrentExclusivelyForSameKey/0af65f7d-8931-400b-a2d8-a9bf2c2e4053]
[[0;37mINFO[m] vert.x-worker-thread-7 com.artipie.asto.fs.VertxFileStorage: Found 2 objects by the prefix ".artipie-locks/shouldFailConcurrentExclusivelyForSameKey" in /tmp/vtxjunit13399539180121050037 by /tmp/vtxjunit13399539180121050037/.artipie-locks/shouldFailConcurrentExclusivelyForSameKey: [.artipie-locks/shouldFailConcurrentExclusivelyForSameKey/0af65f7d-8931-400b-a2d8-a9bf2c2e4053, .artipie-locks/shouldFailConcurrentExclusivelyForSameKey/7cbcbd87-692e-4ad1-8d79-910ed7e8642f]
[[0;37mINFO[m] ForkJoinPool.commonPool-worker-21 com.artipie.asto.fs.FileStorage: Found 1 objects by the prefix ".artipie-locks/shouldRunExclusivelyForDiffKey-1" in /tmp/junit5719367038027830079 by /tmp/junit5719367038027830079/.artipie-locks/shouldRunExclusivelyForDiffKey-1: [.artipie-locks/shouldRunExclusivelyForDiffKey-1/63334cdb-2756-4779-aff5-f0249d0cd49c]
[[0;37mINFO[m] ForkJoinPool.commonPool-worker-21 com.artipie.asto.fs.FileStorage: Found 1 objects by the prefix ".artipie-locks/shouldRunExclusivelyForDiffKey-2" in /tmp/junit5719367038027830079 by /tmp/junit5719367038027830079/.artipie-locks/shouldRunExclusivelyForDiffKey-2: [.artipie-locks/shouldRunExclusivelyForDiffKey-2/00b173f7-a000-4539-acda-583288f64fe5]
[[0;37mINFO[m] vert.x-worker-thread-10 com.artipie.asto.fs.VertxFileStorage: Found 1 objects by the prefix ".artipie-locks/shouldRunExclusivelyForDiffKey-1" in /tmp/vtxjunit10951450129801739451 by /tmp/vtxjunit10951450129801739451/.artipie-locks/shouldRunExclusivelyForDiffKey-1: [.artipie-locks/shouldRunExclusivelyForDiffKey-1/324043bf-f728-412a-9d9a-041f92be3477]
[[0;37mINFO[m] vert.x-worker-thread-12 com.artipie.asto.fs.VertxFileStorage: Found 1 objects by the prefix ".artipie-locks/shouldRunExclusivelyForDiffKey-2" in /tmp/vtxjunit10951450129801739451 by /tmp/vtxjunit10951450129801739451/.artipie-locks/shouldRunExclusivelyForDiffKey-2: [.artipie-locks/shouldRunExclusivelyForDiffKey-2/89f0fdd3-6a34-4192-a3ea-1ea39d182d58]
[[0;37mINFO[m] ForkJoinPool.commonPool-worker-21 com.artipie.asto.fs.FileStorage: Found 1 objects by the prefix ".artipie-locks/shouldRunExclusivelyWhenPrevFinishedWithAsyncFailure" in /tmp/junit13504314319963885975 by /tmp/junit13504314319963885975/.artipie-locks/shouldRunExclusivelyWhenPrevFinishedWithAsyncFailure: [.artipie-locks/shouldRunExclusivelyWhenPrevFinishedWithAsyncFailure/7a70676a-8c92-43d8-a627-6780c401f529]
[[0;37mINFO[m] ForkJoinPool.commonPool-worker-93 com.artipie.asto.fs.FileStorage: Found 1 objects by the prefix ".artipie-locks/shouldRunExclusivelyWhenPrevFinishedWithAsyncFailure" in /tmp/junit13504314319963885975 by /tmp/junit13504314319963885975/.artipie-locks/shouldRunExclusivelyWhenPrevFinishedWithAsyncFailure: [.artipie-locks/shouldRunExclusivelyWhenPrevFinishedWithAsyncFailure/72b54aa6-3aba-470d-b1bd-a27b0636d2b6]
[[0;37mINFO[m] vert.x-worker-thread-14 com.artipie.asto.fs.VertxFileStorage: Found 1 objects by the prefix ".artipie-locks/shouldRunExclusivelyWhenPrevFinishedWithAsyncFailure" in /tmp/vtxjunit7600738576655860289 by /tmp/vtxjunit7600738576655860289/.artipie-locks/shouldRunExclusivelyWhenPrevFinishedWithAsyncFailure: [.artipie-locks/shouldRunExclusivelyWhenPrevFinishedWithAsyncFailure/5e84df34-dbd5-498b-b69c-fc9cda0eca9f]
[[0;37mINFO[m] vert.x-worker-thread-16 com.artipie.asto.fs.VertxFileStorage: Found 1 objects by the prefix ".artipie-locks/shouldRunExclusivelyWhenPrevFinishedWithAsyncFailure" in /tmp/vtxjunit7600738576655860289 by /tmp/vtxjunit7600738576655860289/.artipie-locks/shouldRunExclusivelyWhenPrevFinishedWithAsyncFailure: [.artipie-locks/shouldRunExclusivelyWhenPrevFinishedWithAsyncFailure/edbd83bd-2286-4498-94df-32c01fd5432e]
[[0;37mINFO[m] ForkJoinPool.commonPool-worker-21 com.artipie.asto.fs.FileStorage: Found 1 objects by the prefix ".artipie-locks/shouldRunExclusivelyWhenPrevFinished" in /tmp/junit12386742799581943357 by /tmp/junit12386742799581943357/.artipie-locks/shouldRunExclusivelyWhenPrevFinished: [.artipie-locks/shouldRunExclusivelyWhenPrevFinished/678628e1-3b12-4563-9eeb-88b3bb02ab3b]
[[0;37mINFO[m] ForkJoinPool.commonPool-worker-21 com.artipie.asto.fs.FileStorage: Found 1 objects by the prefix ".artipie-locks/shouldRunExclusivelyWhenPrevFinished" in /tmp/junit12386742799581943357 by /tmp/junit12386742799581943357/.artipie-locks/shouldRunExclusivelyWhenPrevFinished: [.artipie-locks/shouldRunExclusivelyWhenPrevFinished/4f25ee25-5614-441f-bc8b-a277df68a59c]
[[0;37mINFO[m] vert.x-worker-thread-18 com.artipie.asto.fs.VertxFileStorage: Found 1 objects by the prefix ".artipie-locks/shouldRunExclusivelyWhenPrevFinished" in /tmp/vtxjunit2312449572208246697 by /tmp/vtxjunit2312449572208246697/.artipie-locks/shouldRunExclusivelyWhenPrevFinished: [.artipie-locks/shouldRunExclusivelyWhenPrevFinished/999007d6-07af-4e7a-bef0-6466ec73518c]
[[0;37mINFO[m] vert.x-worker-thread-0 com.artipie.asto.fs.VertxFileStorage: Found 1 objects by the prefix ".artipie-locks/shouldRunExclusivelyWhenPrevFinished" in /tmp/vtxjunit2312449572208246697 by /tmp/vtxjunit2312449572208246697/.artipie-locks/shouldRunExclusivelyWhenPrevFinished: [.artipie-locks/shouldRunExclusivelyWhenPrevFinished/dbd25866-bd50-489d-a548-ad22f2a8e08d]
[INFO] Tests run: 30, Failures: 0, Errors: 0, Skipped: 0, Time elapsed: 0.896 s - in com.artipie.asto.StorageExclusivelyTest
[INFO] Running com.artipie.asto.CopyTest
[INFO] Tests run: 3, Failures: 0, Errors: 0, Skipped: 0, Time elapsed: 0.011 s - in com.artipie.asto.CopyTest
[INFO] Running com.artipie.asto.memory.BenchmarkStorageListTest
[INFO] Tests run: 5, Failures: 0, Errors: 0, Skipped: 0, Time elapsed: 0 s - in com.artipie.asto.memory.BenchmarkStorageListTest
[INFO] Running com.artipie.asto.key.KeyExcludeFirstTest
[INFO] Tests run: 2, Failures: 0, Errors: 0, Skipped: 0, Time elapsed: 0 s - in com.artipie.asto.key.KeyExcludeFirstTest
[INFO] Running com.artipie.asto.StorageSaveAndLoadTest


  .-')              _   .-')                           .-. .-')  
 ( OO ).           ( '.( OO )_                         \  ( OO ) 
(_)---\_) .-----.   ,--.   ,--.).-'),-----.    .-----. ,--. ,--. 
/    _ | /  -.   \  |   `.'   |( OO'  .-.  '  '  .--./ |  .'   / 
\  :` `. '-' _'  |  |         |/   |  | |  |  |  |('-. |      /, 
 '..`''.)   |_  <   |  |'.'|  |\_) |  |\|  | /_) |OO  )|     ' _)
.-._)   \.-.  |  |  |  |   |  |  \ |  | |  | ||  |`-'| |  .   \  
\       /\ `-'   /  |  |   |  |   `'  '-'  '(_'  '--'\ |  |\   \ 
 `-----'  `----''   `--'   `--'     `-----'    `-----' `--' '--' 



[[0;31mERROR[m] main software.amazon.awssdk.core.client.handler.BaseAsyncClientHandler: Error thrown from TransformingAsyncResponseHandler#onError, ignoring.
java.lang.NullPointerException
	at software.amazon.awssdk.core.internal.http.async.AsyncResponseHandler.onError(AsyncResponseHandler.java:76)
	at software.amazon.awssdk.core.client.handler.BaseAsyncClientHandler.lambda$doExecute$2(BaseAsyncClientHandler.java:152)
	at software.amazon.awssdk.utils.FunctionalUtils.runAndLogError(FunctionalUtils.java:40)
	at software.amazon.awssdk.core.client.handler.BaseAsyncClientHandler.doExecute(BaseAsyncClientHandler.java:149)
	at software.amazon.awssdk.core.client.handler.BaseAsyncClientHandler.execute(BaseAsyncClientHandler.java:73)
	at software.amazon.awssdk.awscore.client.handler.AwsAsyncClientHandler.execute(AwsAsyncClientHandler.java:51)
	at software.amazon.awssdk.services.s3.DefaultS3AsyncClient.putObject(DefaultS3AsyncClient.java:3721)
	at com.artipie.asto.s3.S3Storage.put(S3Storage.java:262)
	at com.artipie.asto.s3.S3Storage.lambda$save$3(S3Storage.java:159)
	at java.base/java.util.concurrent.CompletableFuture.uniComposeStage(CompletableFuture.java:1106)
	at java.base/java.util.concurrent.CompletableFuture.thenCompose(CompletableFuture.java:2235)
	at java.base/java.util.concurrent.CompletableFuture.thenCompose(CompletableFuture.java:143)
	at com.artipie.asto.s3.S3Storage.save(S3Storage.java:147)
	at com.artipie.asto.StorageSaveAndLoadTest.lambda$saveDoesNotSupportRootKey$3(StorageSaveAndLoadTest.java:208)
	at org.junit.jupiter.api.AssertThrows.assertThrows(AssertThrows.java:55)
	at org.junit.jupiter.api.AssertThrows.assertThrows(AssertThrows.java:41)
	at org.junit.jupiter.api.Assertions.assertThrows(Assertions.java:3023)
	at com.artipie.asto.StorageSaveAndLoadTest.saveDoesNotSupportRootKey(StorageSaveAndLoadTest.java:207)
	at java.base/jdk.internal.reflect.NativeMethodAccessorImpl.invoke0(Native Method)
	at java.base/jdk.internal.reflect.NativeMethodAccessorImpl.invoke(NativeMethodAccessorImpl.java:62)
	at java.base/jdk.internal.reflect.DelegatingMethodAccessorImpl.invoke(DelegatingMethodAccessorImpl.java:43)
	at java.base/java.lang.reflect.Method.invoke(Method.java:566)
	at org.junit.platform.commons.util.ReflectionUtils.invokeMethod(ReflectionUtils.java:688)
	at org.junit.jupiter.engine.execution.MethodInvocation.proceed(MethodInvocation.java:60)
	at org.junit.jupiter.engine.execution.InvocationInterceptorChain$ValidatingInvocation.proceed(InvocationInterceptorChain.java:131)
	at org.junit.jupiter.engine.extension.TimeoutExtension.intercept(TimeoutExtension.java:149)
	at org.junit.jupiter.engine.extension.TimeoutExtension.interceptTestableMethod(TimeoutExtension.java:140)
	at org.junit.jupiter.engine.extension.TimeoutExtension.interceptTestTemplateMethod(TimeoutExtension.java:92)
	at org.junit.jupiter.engine.execution.ExecutableInvoker$ReflectiveInterceptorCall.lambda$ofVoidMethod$0(ExecutableInvoker.java:115)
	at org.junit.jupiter.engine.execution.ExecutableInvoker.lambda$invoke$0(ExecutableInvoker.java:105)
	at org.junit.jupiter.engine.execution.InvocationInterceptorChain$InterceptedInvocation.proceed(InvocationInterceptorChain.java:106)
	at org.junit.jupiter.engine.execution.InvocationInterceptorChain.proceed(InvocationInterceptorChain.java:64)
	at org.junit.jupiter.engine.execution.InvocationInterceptorChain.chainAndInvoke(InvocationInterceptorChain.java:45)
	at org.junit.jupiter.engine.execution.InvocationInterceptorChain.invoke(InvocationInterceptorChain.java:37)
	at org.junit.jupiter.engine.execution.ExecutableInvoker.invoke(ExecutableInvoker.java:104)
	at org.junit.jupiter.engine.execution.ExecutableInvoker.invoke(ExecutableInvoker.java:98)
	at org.junit.jupiter.engine.descriptor.TestMethodTestDescriptor.lambda$invokeTestMethod$6(TestMethodTestDescriptor.java:210)
	at org.junit.platform.engine.support.hierarchical.ThrowableCollector.execute(ThrowableCollector.java:73)
	at org.junit.jupiter.engine.descriptor.TestMethodTestDescriptor.invokeTestMethod(TestMethodTestDescriptor.java:206)
	at org.junit.jupiter.engine.descriptor.TestMethodTestDescriptor.execute(TestMethodTestDescriptor.java:131)
	at org.junit.jupiter.engine.descriptor.TestMethodTestDescriptor.execute(TestMethodTestDescriptor.java:65)
	at org.junit.platform.engine.support.hierarchical.NodeTestTask.lambda$executeRecursively$5(NodeTestTask.java:139)
	at org.junit.platform.engine.support.hierarchical.ThrowableCollector.execute(ThrowableCollector.java:73)
	at org.junit.platform.engine.support.hierarchical.NodeTestTask.lambda$executeRecursively$7(NodeTestTask.java:129)
	at org.junit.platform.engine.support.hierarchical.Node.around(Node.java:137)
	at org.junit.platform.engine.support.hierarchical.NodeTestTask.lambda$executeRecursively$8(NodeTestTask.java:127)
	at org.junit.platform.engine.support.hierarchical.ThrowableCollector.execute(ThrowableCollector.java:73)
	at org.junit.platform.engine.support.hierarchical.NodeTestTask.executeRecursively(NodeTestTask.java:126)
	at org.junit.platform.engine.support.hierarchical.NodeTestTask.execute(NodeTestTask.java:84)
	at org.junit.platform.engine.support.hierarchical.SameThreadHierarchicalTestExecutorService.submit(SameThreadHierarchicalTestExecutorService.java:32)
	at org.junit.platform.engine.support.hierarchical.NodeTestTask$DefaultDynamicTestExecutor.execute(NodeTestTask.java:212)
	at org.junit.platform.engine.support.hierarchical.NodeTestTask$DefaultDynamicTestExecutor.execute(NodeTestTask.java:192)
	at org.junit.jupiter.engine.descriptor.TestTemplateTestDescriptor.execute(TestTemplateTestDescriptor.java:139)
	at org.junit.jupiter.engine.descriptor.TestTemplateTestDescriptor.lambda$execute$2(TestTemplateTestDescriptor.java:107)
	at java.base/java.util.stream.ForEachOps$ForEachOp$OfRef.accept(ForEachOps.java:183)
	at java.base/java.util.stream.ReferencePipeline$3$1.accept(ReferencePipeline.java:195)
	at java.base/java.util.stream.ReferencePipeline$2$1.accept(ReferencePipeline.java:177)
	at java.base/java.util.stream.ReferencePipeline$3$1.accept(ReferencePipeline.java:195)
	at java.base/java.util.stream.ForEachOps$ForEachOp$OfRef.accept(ForEachOps.java:183)
	at java.base/java.util.stream.ReferencePipeline$3$1.accept(ReferencePipeline.java:195)
	at java.base/java.util.Spliterators$ArraySpliterator.forEachRemaining(Spliterators.java:948)
	at java.base/java.util.stream.AbstractPipeline.copyInto(AbstractPipeline.java:484)
	at java.base/java.util.stream.AbstractPipeline.wrapAndCopyInto(AbstractPipeline.java:474)
	at java.base/java.util.stream.ForEachOps$ForEachOp.evaluateSequential(ForEachOps.java:150)
	at java.base/java.util.stream.ForEachOps$ForEachOp$OfRef.evaluateSequential(ForEachOps.java:173)
	at java.base/java.util.stream.AbstractPipeline.evaluate(AbstractPipeline.java:234)
	at java.base/java.util.stream.ReferencePipeline.forEach(ReferencePipeline.java:497)
	at java.base/java.util.stream.ReferencePipeline$7$1.accept(ReferencePipeline.java:274)
	at java.base/java.util.ArrayList$ArrayListSpliterator.forEachRemaining(ArrayList.java:1655)
	at java.base/java.util.stream.AbstractPipeline.copyInto(AbstractPipeline.java:484)
	at java.base/java.util.stream.AbstractPipeline.wrapAndCopyInto(AbstractPipeline.java:474)
	at java.base/java.util.stream.ForEachOps$ForEachOp.evaluateSequential(ForEachOps.java:150)
	at java.base/java.util.stream.ForEachOps$ForEachOp$OfRef.evaluateSequential(ForEachOps.java:173)
	at java.base/java.util.stream.AbstractPipeline.evaluate(AbstractPipeline.java:234)
	at java.base/java.util.stream.ReferencePipeline.forEach(ReferencePipeline.java:497)
	at org.junit.jupiter.engine.descriptor.TestTemplateTestDescriptor.execute(TestTemplateTestDescriptor.java:107)
	at org.junit.jupiter.engine.descriptor.TestTemplateTestDescriptor.execute(TestTemplateTestDescriptor.java:42)
	at org.junit.platform.engine.support.hierarchical.NodeTestTask.lambda$executeRecursively$5(NodeTestTask.java:139)
	at org.junit.platform.engine.support.hierarchical.ThrowableCollector.execute(ThrowableCollector.java:73)
	at org.junit.platform.engine.support.hierarchical.NodeTestTask.lambda$executeRecursively$7(NodeTestTask.java:129)
	at org.junit.platform.engine.support.hierarchical.Node.around(Node.java:137)
	at org.junit.platform.engine.support.hierarchical.NodeTestTask.lambda$executeRecursively$8(NodeTestTask.java:127)
	at org.junit.platform.engine.support.hierarchical.ThrowableCollector.execute(ThrowableCollector.java:73)
	at org.junit.platform.engine.support.hierarchical.NodeTestTask.executeRecursively(NodeTestTask.java:126)
	at org.junit.platform.engine.support.hierarchical.NodeTestTask.execute(NodeTestTask.java:84)
	at java.base/java.util.ArrayList.forEach(ArrayList.java:1541)
	at org.junit.platform.engine.support.hierarchical.SameThreadHierarchicalTestExecutorService.invokeAll(SameThreadHierarchicalTestExecutorService.java:38)
	at org.junit.platform.engine.support.hierarchical.NodeTestTask.lambda$executeRecursively$5(NodeTestTask.java:143)
	at org.junit.platform.engine.support.hierarchical.ThrowableCollector.execute(ThrowableCollector.java:73)
	at org.junit.platform.engine.support.hierarchical.NodeTestTask.lambda$executeRecursively$7(NodeTestTask.java:129)
	at org.junit.platform.engine.support.hierarchical.Node.around(Node.java:137)
	at org.junit.platform.engine.support.hierarchical.NodeTestTask.lambda$executeRecursively$8(NodeTestTask.java:127)
	at org.junit.platform.engine.support.hierarchical.ThrowableCollector.execute(ThrowableCollector.java:73)
	at org.junit.platform.engine.support.hierarchical.NodeTestTask.executeRecursively(NodeTestTask.java:126)
	at org.junit.platform.engine.support.hierarchical.NodeTestTask.execute(NodeTestTask.java:84)
	at java.base/java.util.ArrayList.forEach(ArrayList.java:1541)
	at org.junit.platform.engine.support.hierarchical.SameThreadHierarchicalTestExecutorService.invokeAll(SameThreadHierarchicalTestExecutorService.java:38)
	at org.junit.platform.engine.support.hierarchical.NodeTestTask.lambda$executeRecursively$5(NodeTestTask.java:143)
	at org.junit.platform.engine.support.hierarchical.ThrowableCollector.execute(ThrowableCollector.java:73)
	at org.junit.platform.engine.support.hierarchical.NodeTestTask.lambda$executeRecursively$7(NodeTestTask.java:129)
	at org.junit.platform.engine.support.hierarchical.Node.around(Node.java:137)
	at org.junit.platform.engine.support.hierarchical.NodeTestTask.lambda$executeRecursively$8(NodeTestTask.java:127)
	at org.junit.platform.engine.support.hierarchical.ThrowableCollector.execute(ThrowableCollector.java:73)
	at org.junit.platform.engine.support.hierarchical.NodeTestTask.executeRecursively(NodeTestTask.java:126)
	at org.junit.platform.engine.support.hierarchical.NodeTestTask.execute(NodeTestTask.java:84)
	at org.junit.platform.engine.support.hierarchical.SameThreadHierarchicalTestExecutorService.submit(SameThreadHierarchicalTestExecutorService.java:32)
	at org.junit.platform.engine.support.hierarchical.HierarchicalTestExecutor.execute(HierarchicalTestExecutor.java:57)
	at org.junit.platform.engine.support.hierarchical.HierarchicalTestEngine.execute(HierarchicalTestEngine.java:51)
	at org.junit.platform.launcher.core.DefaultLauncher.execute(DefaultLauncher.java:220)
	at org.junit.platform.launcher.core.DefaultLauncher.lambda$execute$6(DefaultLauncher.java:188)
	at org.junit.platform.launcher.core.DefaultLauncher.withInterceptedStreams(DefaultLauncher.java:202)
	at org.junit.platform.launcher.core.DefaultLauncher.execute(DefaultLauncher.java:181)
	at org.junit.platform.launcher.core.DefaultLauncher.execute(DefaultLauncher.java:128)
	at org.apache.maven.surefire.junitplatform.JUnitPlatformProvider.invokeAllTests(JUnitPlatformProvider.java:150)
	at org.apache.maven.surefire.junitplatform.JUnitPlatformProvider.invoke(JUnitPlatformProvider.java:124)
	at org.apache.maven.surefire.booter.ForkedBooter.invokeProviderInSameClassLoader(ForkedBooter.java:384)
	at org.apache.maven.surefire.booter.ForkedBooter.runSuitesInProcess(ForkedBooter.java:345)
	at org.apache.maven.surefire.booter.ForkedBooter.execute(ForkedBooter.java:126)
	at org.apache.maven.surefire.booter.ForkedBooter.main(ForkedBooter.java:418)
[INFO] Tests run: 72, Failures: 0, Errors: 0, Skipped: 0, Time elapsed: 0.915 s - in com.artipie.asto.StorageSaveAndLoadTest
[INFO] Running com.artipie.asto.s3.S3HeadMetaTest
[INFO] Tests run: 2, Failures: 0, Errors: 0, Skipped: 0, Time elapsed: 0 s - in com.artipie.asto.s3.S3HeadMetaTest
[INFO] Running com.artipie.asto.s3.InternalExceptionHandleTest
[INFO] Tests run: 3, Failures: 0, Errors: 0, Skipped: 0, Time elapsed: 0.008 s - in com.artipie.asto.s3.InternalExceptionHandleTest
[INFO] Running com.artipie.asto.ext.ContentDigestTest
[INFO] Tests run: 1, Failures: 0, Errors: 0, Skipped: 0, Time elapsed: 0 s - in com.artipie.asto.ext.ContentDigestTest
[INFO] Running com.artipie.asto.s3.EstimatedContentTest
[INFO] Tests run: 2, Failures: 0, Errors: 0, Skipped: 0, Time elapsed: 0 s - in com.artipie.asto.s3.EstimatedContentTest
[INFO] Running com.artipie.asto.StorageMoveTest


  .-')              _   .-')                           .-. .-')  
 ( OO ).           ( '.( OO )_                         \  ( OO ) 
(_)---\_) .-----.   ,--.   ,--.).-'),-----.    .-----. ,--. ,--. 
/    _ | /  -.   \  |   `.'   |( OO'  .-.  '  '  .--./ |  .'   / 
\  :` `. '-' _'  |  |         |/   |  | |  |  |  |('-. |      /, 
 '..`''.)   |_  <   |  |'.'|  |\_) |  |\|  | /_) |OO  )|     ' _)
.-._)   \.-.  |  |  |  |   |  |  \ |  | |  | ||  |`-'| |  .   \  
\       /\ `-'   /  |  |   |  |   `'  '-'  '(_'  '--'\ |  |\   \ 
 `-----'  `----''   `--'   `--'     `-----'    `-----' `--' '--' 



[INFO] Tests run: 18, Failures: 0, Errors: 0, Skipped: 0, Time elapsed: 1.2 s - in com.artipie.asto.StorageMoveTest
[INFO] Running com.artipie.asto.key.KeyExcludeAllTest
[INFO] Tests run: 2, Failures: 0, Errors: 0, Skipped: 0, Time elapsed: 0 s - in com.artipie.asto.key.KeyExcludeAllTest
[INFO] Running com.artipie.asto.FileStorageTest
[[0;37mINFO[m] ForkJoinPool.commonPool-worker-105 com.artipie.asto.fs.FileStorage: Found 0 objects by the prefix "" in /tmp/junit17054172228461131689 by /tmp/junit17054172228461131689: []
[WARNING] Tests run: 10, Failures: 0, Errors: 0, Skipped: 1, Time elapsed: 0.023 s - in com.artipie.asto.FileStorageTest
[INFO] Running com.artipie.asto.lock.storage.StorageLockTest
[INFO] Tests run: 8, Failures: 0, Errors: 0, Skipped: 0, Time elapsed: 0.008 s - in com.artipie.asto.lock.storage.StorageLockTest
[INFO] Running com.artipie.asto.StorageDeleteTest


  .-')              _   .-')                           .-. .-')  
 ( OO ).           ( '.( OO )_                         \  ( OO ) 
(_)---\_) .-----.   ,--.   ,--.).-'),-----.    .-----. ,--. ,--. 
/    _ | /  -.   \  |   `.'   |( OO'  .-.  '  '  .--./ |  .'   / 
\  :` `. '-' _'  |  |         |/   |  | |  |  |  |('-. |      /, 
 '..`''.)   |_  <   |  |'.'|  |\_) |  |\|  | /_) |OO  )|     ' _)
.-._)   \.-.  |  |  |  |   |  |  \ |  | |  | ||  |`-'| |  .   \  
\       /\ `-'   /  |  |   |  |   `'  '-'  '(_'  '--'\ |  |\   \ 
 `-----'  `----''   `--'   `--'     `-----'    `-----' `--' '--' 



[INFO] Tests run: 18, Failures: 0, Errors: 0, Skipped: 0, Time elapsed: 0.519 s - in com.artipie.asto.StorageDeleteTest
[INFO] Running com.artipie.asto.LoggingStorageTest
[[2;37mDEBUG[m] main com.artipie.asto.memory.InMemoryStorage: List 'one': 2
[[2;37mDEBUG[m] main com.artipie.asto.memory.InMemoryStorage: Exists 'binary-file': true
[[2;37mDEBUG[m] main com.artipie.asto.memory.InMemoryStorage: Move 'from' 'to'
[[2;37mDEBUG[m] main com.artipie.asto.memory.InMemoryStorage: Value 'to': Optional[4]
[[2;37mDEBUG[m] main com.artipie.asto.memory.InMemoryStorage: Save 'foo': Optional[1]
[[2;37mDEBUG[m] ForkJoinPool.commonPool-worker-93 com.artipie.asto.memory.InMemoryStorage: Value 'foo': Optional[1]
[[2;37mDEBUG[m] ForkJoinPool.commonPool-worker-93 com.artipie.asto.memory.InMemoryStorage: Exists 'repository': true
[[2;37mDEBUG[m] main com.artipie.asto.memory.InMemoryStorage: Save 'key': Optional[7]
[[2;37mDEBUG[m] main com.artipie.asto.memory.InMemoryStorage: Size 'withSize': 3
[[2;37mDEBUG[m] main com.artipie.asto.memory.InMemoryStorage: Save 'url': Optional[23]
[[2;37mDEBUG[m] ForkJoinPool.commonPool-worker-93 com.artipie.asto.memory.InMemoryStorage: Value 'url': Optional[23]
[INFO] Tests run: 8, Failures: 0, Errors: 0, Skipped: 0, Time elapsed: 0.029 s - in com.artipie.asto.LoggingStorageTest
[INFO] Running com.artipie.asto.ConcatenationTest
[INFO] Tests run: 7, Failures: 0, Errors: 0, Skipped: 0, Time elapsed: 0.213 s - in com.artipie.asto.ConcatenationTest
[INFO] Running com.artipie.asto.misc.UncheckedConsumerTest
[INFO] Tests run: 2, Failures: 0, Errors: 0, Skipped: 0, Time elapsed: 0 s - in com.artipie.asto.misc.UncheckedConsumerTest
[INFO] Running com.artipie.asto.memory.BenchmarkStorageExistsTest
[INFO] Tests run: 3, Failures: 0, Errors: 0, Skipped: 0, Time elapsed: 0 s - in com.artipie.asto.memory.BenchmarkStorageExistsTest
[INFO] Running com.artipie.asto.ext.ContentAsTest
[INFO] Tests run: 3, Failures: 0, Errors: 0, Skipped: 0, Time elapsed: 0 s - in com.artipie.asto.ext.ContentAsTest
[INFO] Running com.artipie.asto.memory.BenchmarkStorageTest
[INFO] Tests run: 5, Failures: 0, Errors: 0, Skipped: 0, Time elapsed: 0.001 s - in com.artipie.asto.memory.BenchmarkStorageTest
[INFO] Running com.artipie.asto.lock.RetryLockTest
[INFO] Tests run: 4, Failures: 0, Errors: 0, Skipped: 0, Time elapsed: 3.54 s - in com.artipie.asto.lock.RetryLockTest
[INFO] Running com.artipie.asto.fs.FileMetaTest
[INFO] Tests run: 1, Failures: 0, Errors: 0, Skipped: 0, Time elapsed: 0.316 s - in com.artipie.asto.fs.FileMetaTest
[INFO] 
[INFO] Results:
[INFO] 
[WARNING] Tests run: 396, Failures: 0, Errors: 0, Skipped: 32
[INFO] 
[INFO] ------------------------------------------------------------------------
[INFO] BUILD SUCCESS
[INFO] ------------------------------------------------------------------------
[INFO] Total time:  24.868 s
[INFO] Finished at: 2023-02-05T00:29:20Z
[INFO] ------------------------------------------------------------------------
