[INFO] Scanning for projects...
[INFO] ------------------------------------------------------------------------
[INFO] Reactor Build Order:
[INFO] 
[INFO] Elementary Project                                                 [pom]
[INFO] Utilitary                                                          [jar]
[INFO] Elementary                                                         [jar]
[INFO] Satisfactory                                                       [jar]
[INFO] 
[INFO] ------------------< com.karuslabs:elementary-project >------------------
[INFO] Building Elementary Project 1.2.0-SNAPSHOT                         [1/4]
[INFO] --------------------------------[ pom ]---------------------------------
[INFO] 
[INFO] --- maven-clean-plugin:2.5:clean (default-clean) @ elementary-project ---
[INFO] 
[INFO] --- jacoco-maven-plugin:0.8.7:prepare-agent (default) @ elementary-project ---
[INFO] argLine set to -javaagent:/home/gabsko/.m2/repository/org/jacoco/org.jacoco.agent/0.8.7/org.jacoco.agent-0.8.7-runtime.jar=destfile=/home/gabsko/breaking-updates/target/jacoco.exec
[INFO] 
[INFO] ----------------------< com.karuslabs:utilitary >-----------------------
[INFO] Building Utilitary 1.2.0-SNAPSHOT                                  [2/4]
[INFO] --------------------------------[ jar ]---------------------------------
[INFO] 
[INFO] --- maven-clean-plugin:2.5:clean (default-clean) @ utilitary ---
[INFO] 
[INFO] --- jacoco-maven-plugin:0.8.7:prepare-agent (default) @ utilitary ---
[INFO] argLine set to -javaagent:/home/gabsko/.m2/repository/org/jacoco/org.jacoco.agent/0.8.7/org.jacoco.agent-0.8.7-runtime.jar=destfile=/home/gabsko/breaking-updates/utilitary/target/jacoco.exec
[INFO] 
[INFO] --- maven-resources-plugin:3.2.0:resources (default-resources) @ utilitary ---
[INFO] Using 'UTF-8' encoding to copy filtered resources.
[INFO] Using 'UTF-8' encoding to copy filtered properties files.
[INFO] skip non existing resourceDirectory /home/gabsko/breaking-updates/utilitary/src/main/resources
[INFO] 
[INFO] --- maven-compiler-plugin:3.8.1:compile (default-compile) @ utilitary ---
[INFO] Changes detected - recompiling the module!
[INFO] Compiling 22 source files to /home/gabsko/breaking-updates/utilitary/target/classes
[INFO] /home/gabsko/breaking-updates/utilitary/src/main/java/com/karuslabs/utilitary/snippet/Part.java: /home/gabsko/breaking-updates/utilitary/src/main/java/com/karuslabs/utilitary/snippet/Part.java uses unchecked or unsafe operations.
[INFO] /home/gabsko/breaking-updates/utilitary/src/main/java/com/karuslabs/utilitary/snippet/Part.java: Recompile with -Xlint:unchecked for details.
[INFO] 
[INFO] ----------------------< com.karuslabs:elementary >----------------------
[INFO] Building Elementary 1.2.0-SNAPSHOT                                 [3/4]
[INFO] --------------------------------[ jar ]---------------------------------
[INFO] 
[INFO] --- maven-clean-plugin:2.5:clean (default-clean) @ elementary ---
[INFO] 
[INFO] --- jacoco-maven-plugin:0.8.7:prepare-agent (default) @ elementary ---
[INFO] argLine set to -javaagent:/home/gabsko/.m2/repository/org/jacoco/org.jacoco.agent/0.8.7/org.jacoco.agent-0.8.7-runtime.jar=destfile=/home/gabsko/breaking-updates/elementary/target/jacoco.exec
[INFO] 
[INFO] --- maven-resources-plugin:3.2.0:resources (default-resources) @ elementary ---
[INFO] Using 'UTF-8' encoding to copy filtered resources.
[INFO] Using 'UTF-8' encoding to copy filtered properties files.
[INFO] skip non existing resourceDirectory /home/gabsko/breaking-updates/elementary/src/main/resources
[INFO] 
[INFO] --- maven-compiler-plugin:3.8.1:compile (default-compile) @ elementary ---
[INFO] Changes detected - recompiling the module!
[INFO] Compiling 31 source files to /home/gabsko/breaking-updates/elementary/target/classes
[INFO] 
[INFO] ---------------------< com.karuslabs:satisfactory >---------------------
[INFO] Building Satisfactory 1.2.0-SNAPSHOT                               [4/4]
[INFO] --------------------------------[ jar ]---------------------------------
[INFO] 
[INFO] --- maven-clean-plugin:2.5:clean (default-clean) @ satisfactory ---
[INFO] 
[INFO] --- jacoco-maven-plugin:0.8.7:prepare-agent (default) @ satisfactory ---
[INFO] argLine set to -javaagent:/home/gabsko/.m2/repository/org/jacoco/org.jacoco.agent/0.8.7/org.jacoco.agent-0.8.7-runtime.jar=destfile=/home/gabsko/breaking-updates/satisfactory/target/jacoco.exec
[INFO] 
[INFO] --- maven-resources-plugin:3.2.0:resources (default-resources) @ satisfactory ---
[INFO] Using 'UTF-8' encoding to copy filtered resources.
[INFO] Using 'UTF-8' encoding to copy filtered properties files.
[INFO] skip non existing resourceDirectory /home/gabsko/breaking-updates/satisfactory/src/main/resources
[INFO] 
[INFO] --- maven-compiler-plugin:3.8.1:compile (default-compile) @ satisfactory ---
[INFO] Changes detected - recompiling the module!
[INFO] Compiling 21 source files to /home/gabsko/breaking-updates/satisfactory/target/classes
[INFO] /home/gabsko/breaking-updates/satisfactory/src/main/java/com/karuslabs/satisfactory/sequence/TimeSequence.java: Some input files use unchecked or unsafe operations.
[INFO] /home/gabsko/breaking-updates/satisfactory/src/main/java/com/karuslabs/satisfactory/sequence/TimeSequence.java: Recompile with -Xlint:unchecked for details.
[INFO] -------------------------------------------------------------
[ERROR] COMPILATION ERROR : 
[INFO] -------------------------------------------------------------
[ERROR] /home/gabsko/breaking-updates/satisfactory/src/main/java/com/karuslabs/satisfactory/sequence/TimeSequence.java:[26,36] package com.karuslabs.utilitary.text does not exist
[ERROR] /home/gabsko/breaking-updates/satisfactory/src/main/java/com/karuslabs/satisfactory/sequence/Sequence.java:[28,36] package com.karuslabs.utilitary.text does not exist
[ERROR] /home/gabsko/breaking-updates/satisfactory/src/main/java/com/karuslabs/satisfactory/sequence/Sequence.java:[38,46] cannot find symbol
  symbol: class Part
[ERROR] /home/gabsko/breaking-updates/satisfactory/src/main/java/com/karuslabs/satisfactory/sequence/Times.java:[34,43] cannot find symbol
  symbol: class Part
[ERROR] /home/gabsko/breaking-updates/satisfactory/src/main/java/com/karuslabs/satisfactory/sequence/Times.java:[36,28] wrong number of type arguments; required 2
[ERROR] /home/gabsko/breaking-updates/satisfactory/src/main/java/com/karuslabs/satisfactory/sequence/Times.java:[46,27] wrong number of type arguments; required 2
[ERROR] /home/gabsko/breaking-updates/satisfactory/src/main/java/com/karuslabs/satisfactory/old/Assertion.java:[76,39] wrong number of type arguments; required 2
[ERROR] /home/gabsko/breaking-updates/satisfactory/src/main/java/com/karuslabs/satisfactory/old/Assertion.java:[76,22] wrong number of type arguments; required 2
[ERROR] /home/gabsko/breaking-updates/satisfactory/src/main/java/com/karuslabs/satisfactory/old/Assertion.java:[88,48] wrong number of type arguments; required 2
[ERROR] /home/gabsko/breaking-updates/satisfactory/src/main/java/com/karuslabs/satisfactory/old/Assertion.java:[88,22] wrong number of type arguments; required 2
[ERROR] /home/gabsko/breaking-updates/satisfactory/src/main/java/com/karuslabs/satisfactory/old/Assertion.java:[100,38] wrong number of type arguments; required 2
[ERROR] /home/gabsko/breaking-updates/satisfactory/src/main/java/com/karuslabs/satisfactory/old/Assertion.java:[100,22] wrong number of type arguments; required 2
[ERROR] /home/gabsko/breaking-updates/satisfactory/src/main/java/com/karuslabs/satisfactory/old/Assertion.java:[112,47] wrong number of type arguments; required 2
[ERROR] /home/gabsko/breaking-updates/satisfactory/src/main/java/com/karuslabs/satisfactory/old/Assertion.java:[112,22] wrong number of type arguments; required 2
[ERROR] /home/gabsko/breaking-updates/satisfactory/src/main/java/com/karuslabs/satisfactory/old/Type.java:[26,36] package com.karuslabs.utilitary.text does not exist
[ERROR] /home/gabsko/breaking-updates/satisfactory/src/main/java/com/karuslabs/satisfactory/old/Method.java:[42,41] wrong number of type arguments; required 2
[ERROR] /home/gabsko/breaking-updates/satisfactory/src/main/java/com/karuslabs/satisfactory/old/Type.java:[37,48] wrong number of type arguments; required 2
[ERROR] /home/gabsko/breaking-updates/satisfactory/src/main/java/com/karuslabs/satisfactory/old/Method.java:[44,28] wrong number of type arguments; required 2
[ERROR] /home/gabsko/breaking-updates/satisfactory/src/main/java/com/karuslabs/satisfactory/old/Method.java:[45,28] wrong number of type arguments; required 2
[ERROR] /home/gabsko/breaking-updates/satisfactory/src/main/java/com/karuslabs/satisfactory/old/Method.java:[46,28] wrong number of type arguments; required 2
[ERROR] /home/gabsko/breaking-updates/satisfactory/src/main/java/com/karuslabs/satisfactory/old/Method.java:[64,18] wrong number of type arguments; required 2
[ERROR] /home/gabsko/breaking-updates/satisfactory/src/main/java/com/karuslabs/satisfactory/old/Method.java:[65,18] wrong number of type arguments; required 2
[ERROR] /home/gabsko/breaking-updates/satisfactory/src/main/java/com/karuslabs/satisfactory/old/Method.java:[66,18] wrong number of type arguments; required 2
[ERROR] /home/gabsko/breaking-updates/satisfactory/src/main/java/com/karuslabs/satisfactory/old/Assertions.java:[45,34] wrong number of type arguments; required 2
[ERROR] /home/gabsko/breaking-updates/satisfactory/src/main/java/com/karuslabs/satisfactory/old/Assertions.java:[49,34] wrong number of type arguments; required 2
[ERROR] /home/gabsko/breaking-updates/satisfactory/src/main/java/com/karuslabs/satisfactory/old/Assertions.java:[53,34] wrong number of type arguments; required 2
[ERROR] /home/gabsko/breaking-updates/satisfactory/src/main/java/com/karuslabs/satisfactory/old/Assertions.java:[57,34] wrong number of type arguments; required 2
[ERROR] /home/gabsko/breaking-updates/satisfactory/src/main/java/com/karuslabs/satisfactory/old/Assertions.java:[77,41] cannot find symbol
  symbol:   class Part
  location: class com.karuslabs.satisfactory.old.Assertions
[ERROR] /home/gabsko/breaking-updates/satisfactory/src/main/java/com/karuslabs/satisfactory/old/Assertions.java:[97,54] wrong number of type arguments; required 2
[ERROR] /home/gabsko/breaking-updates/satisfactory/src/main/java/com/karuslabs/satisfactory/old/Variable.java:[35,43] package com.karuslabs.utilitary.text does not exist
[ERROR] /home/gabsko/breaking-updates/satisfactory/src/main/java/com/karuslabs/satisfactory/old/Variable.java:[35,1] static import only from classes and interfaces
[ERROR] /home/gabsko/breaking-updates/satisfactory/src/main/java/com/karuslabs/satisfactory/old/Variable.java:[41,43] wrong number of type arguments; required 2
[ERROR] /home/gabsko/breaking-updates/satisfactory/src/main/java/com/karuslabs/satisfactory/old/Assertions.java:[107,59] wrong number of type arguments; required 2
[ERROR] /home/gabsko/breaking-updates/satisfactory/src/main/java/com/karuslabs/satisfactory/old/Assertions.java:[107,28] wrong number of type arguments; required 2
[ERROR] /home/gabsko/breaking-updates/satisfactory/src/main/java/com/karuslabs/satisfactory/old/Assertions.java:[119,28] wrong number of type arguments; required 2
[ERROR] /home/gabsko/breaking-updates/satisfactory/src/main/java/com/karuslabs/satisfactory/old/Assertions.java:[131,28] wrong number of type arguments; required 2
[ERROR] /home/gabsko/breaking-updates/satisfactory/src/main/java/com/karuslabs/satisfactory/old/Assertions.java:[142,63] wrong number of type arguments; required 2
[ERROR] /home/gabsko/breaking-updates/satisfactory/src/main/java/com/karuslabs/satisfactory/old/Assertions.java:[142,28] wrong number of type arguments; required 2
[ERROR] /home/gabsko/breaking-updates/satisfactory/src/main/java/com/karuslabs/satisfactory/old/Assertions.java:[154,28] wrong number of type arguments; required 2
[ERROR] /home/gabsko/breaking-updates/satisfactory/src/main/java/com/karuslabs/satisfactory/old/Assertions.java:[166,28] wrong number of type arguments; required 2
[ERROR] /home/gabsko/breaking-updates/satisfactory/src/main/java/com/karuslabs/satisfactory/old/Assertions.java:[178,28] wrong number of type arguments; required 2
[ERROR] /home/gabsko/breaking-updates/satisfactory/src/main/java/com/karuslabs/satisfactory/old/Assertions.java:[190,28] wrong number of type arguments; required 2
[ERROR] /home/gabsko/breaking-updates/satisfactory/src/main/java/com/karuslabs/satisfactory/old/Assertions.java:[202,28] wrong number of type arguments; required 2
[ERROR] /home/gabsko/breaking-updates/satisfactory/src/main/java/com/karuslabs/satisfactory/old/Assertions.java:[214,28] wrong number of type arguments; required 2
[ERROR] /home/gabsko/breaking-updates/satisfactory/src/main/java/com/karuslabs/satisfactory/old/Assertions.java:[226,28] wrong number of type arguments; required 2
[ERROR] /home/gabsko/breaking-updates/satisfactory/src/main/java/com/karuslabs/satisfactory/old/Assertions.java:[238,28] wrong number of type arguments; required 2
[ERROR] /home/gabsko/breaking-updates/satisfactory/src/main/java/com/karuslabs/satisfactory/old/Assertions.java:[250,28] wrong number of type arguments; required 2
[ERROR] /home/gabsko/breaking-updates/satisfactory/src/main/java/com/karuslabs/satisfactory/old/Assertions.java:[262,28] wrong number of type arguments; required 2
[ERROR] /home/gabsko/breaking-updates/satisfactory/src/main/java/com/karuslabs/satisfactory/old/Assertions.java:[274,49] wrong number of type arguments; required 2
[ERROR] /home/gabsko/breaking-updates/satisfactory/src/main/java/com/karuslabs/satisfactory/old/Assertions.java:[274,32] wrong number of type arguments; required 2
[ERROR] /home/gabsko/breaking-updates/satisfactory/src/main/java/com/karuslabs/satisfactory/old/Assertions.java:[285,68] wrong number of type arguments; required 2
[ERROR] /home/gabsko/breaking-updates/satisfactory/src/main/java/com/karuslabs/satisfactory/old/Assertions.java:[285,32] wrong number of type arguments; required 2
[ERROR] /home/gabsko/breaking-updates/satisfactory/src/main/java/com/karuslabs/satisfactory/old/Variable.java:[92,46] wrong number of type arguments; required 2
[ERROR] /home/gabsko/breaking-updates/satisfactory/src/main/java/com/karuslabs/satisfactory/old/Variable.java:[99,26] wrong number of type arguments; required 2
[ERROR] /home/gabsko/breaking-updates/satisfactory/src/main/java/com/karuslabs/satisfactory/old/Variable.java:[43,28] wrong number of type arguments; required 2
[ERROR] /home/gabsko/breaking-updates/satisfactory/src/main/java/com/karuslabs/satisfactory/old/Variable.java:[44,28] wrong number of type arguments; required 2
[ERROR] /home/gabsko/breaking-updates/satisfactory/src/main/java/com/karuslabs/satisfactory/old/Variable.java:[45,28] wrong number of type arguments; required 2
[ERROR] /home/gabsko/breaking-updates/satisfactory/src/main/java/com/karuslabs/satisfactory/old/Variable.java:[58,23] wrong number of type arguments; required 2
[ERROR] /home/gabsko/breaking-updates/satisfactory/src/main/java/com/karuslabs/satisfactory/old/Variable.java:[58,55] wrong number of type arguments; required 2
[ERROR] /home/gabsko/breaking-updates/satisfactory/src/main/java/com/karuslabs/satisfactory/old/Variable.java:[58,91] wrong number of type arguments; required 2
[ERROR] /home/gabsko/breaking-updates/satisfactory/src/main/java/com/karuslabs/satisfactory/old/Method.java:[110,46] wrong number of type arguments; required 2
[ERROR] /home/gabsko/breaking-updates/satisfactory/src/main/java/com/karuslabs/satisfactory/old/Method.java:[121,17] cannot find symbol
  symbol:   class Part
  location: class com.karuslabs.satisfactory.old.Method.Builder
[ERROR] /home/gabsko/breaking-updates/satisfactory/src/main/java/com/karuslabs/satisfactory/old/Method.java:[142,39] wrong number of type arguments; required 2
[ERROR] /home/gabsko/breaking-updates/satisfactory/src/main/java/com/karuslabs/satisfactory/sequence/Sequences.java:[88,69] wrong number of type arguments; required 2
[ERROR] /home/gabsko/breaking-updates/satisfactory/src/main/java/com/karuslabs/satisfactory/sequence/Sequences.java:[108,50] wrong number of type arguments; required 2
[ERROR] /home/gabsko/breaking-updates/satisfactory/src/main/java/com/karuslabs/satisfactory/sequence/Sequences.java:[121,68] wrong number of type arguments; required 2
[ERROR] /home/gabsko/breaking-updates/satisfactory/src/main/java/com/karuslabs/satisfactory/sequence/Sequences.java:[134,49] wrong number of type arguments; required 2
[ERROR] /home/gabsko/breaking-updates/satisfactory/src/main/java/com/karuslabs/satisfactory/sequence/Sequences.java:[175,65] wrong number of type arguments; required 2
[ERROR] /home/gabsko/breaking-updates/satisfactory/src/main/java/com/karuslabs/satisfactory/sequence/Sequences.java:[188,46] wrong number of type arguments; required 2
[ERROR] /home/gabsko/breaking-updates/satisfactory/src/main/java/com/karuslabs/satisfactory/sequence/Sequences.java:[202,77] wrong number of type arguments; required 2
[ERROR] /home/gabsko/breaking-updates/satisfactory/src/main/java/com/karuslabs/satisfactory/sequence/Sequences.java:[216,58] wrong number of type arguments; required 2
[ERROR] /home/gabsko/breaking-updates/satisfactory/src/main/java/com/karuslabs/satisfactory/sequence/Sequences.java:[231,84] wrong number of type arguments; required 2
[ERROR] /home/gabsko/breaking-updates/satisfactory/src/main/java/com/karuslabs/satisfactory/sequence/Sequences.java:[246,65] wrong number of type arguments; required 2
[ERROR] /home/gabsko/breaking-updates/satisfactory/src/main/java/com/karuslabs/satisfactory/sequence/Sequences.java:[260,73] wrong number of type arguments; required 2
[ERROR] /home/gabsko/breaking-updates/satisfactory/src/main/java/com/karuslabs/satisfactory/sequence/Sequences.java:[274,54] wrong number of type arguments; required 2
[ERROR] /home/gabsko/breaking-updates/satisfactory/src/main/java/com/karuslabs/satisfactory/sequence/Sequences.java:[288,73] wrong number of type arguments; required 2
[ERROR] /home/gabsko/breaking-updates/satisfactory/src/main/java/com/karuslabs/satisfactory/sequence/Sequences.java:[302,54] wrong number of type arguments; required 2
[ERROR] /home/gabsko/breaking-updates/satisfactory/src/main/java/com/karuslabs/satisfactory/old/Type.java:[215,37] wrong number of type arguments; required 2
[ERROR] /home/gabsko/breaking-updates/satisfactory/src/main/java/com/karuslabs/satisfactory/old/Annotations.java:[26,36] package com.karuslabs.utilitary.text does not exist
[ERROR] /home/gabsko/breaking-updates/satisfactory/src/main/java/com/karuslabs/satisfactory/old/Annotations.java:[36,55] wrong number of type arguments; required 2
[ERROR] /home/gabsko/breaking-updates/satisfactory/src/main/java/com/karuslabs/satisfactory/old/Modifiers.java:[26,36] package com.karuslabs.utilitary.text does not exist
[ERROR] /home/gabsko/breaking-updates/satisfactory/src/main/java/com/karuslabs/satisfactory/old/Modifiers.java:[32,43] package com.karuslabs.utilitary.text does not exist
[ERROR] /home/gabsko/breaking-updates/satisfactory/src/main/java/com/karuslabs/satisfactory/old/Modifiers.java:[37,53] wrong number of type arguments; required 2
[ERROR] /home/gabsko/breaking-updates/satisfactory/src/main/java/com/karuslabs/satisfactory/logical/Or.java:[34,46] wrong number of type arguments; required 2
[ERROR] /home/gabsko/breaking-updates/satisfactory/src/main/java/com/karuslabs/satisfactory/logical/Or.java:[39,27] wrong number of type arguments; required 2
[ERROR] /home/gabsko/breaking-updates/satisfactory/src/main/java/com/karuslabs/satisfactory/logical/Or.java:[43,27] wrong number of type arguments; required 2
[ERROR] /home/gabsko/breaking-updates/satisfactory/src/main/java/com/karuslabs/satisfactory/logical/Or.java:[51,24] wrong number of type arguments; required 2
[ERROR] /home/gabsko/breaking-updates/satisfactory/src/main/java/com/karuslabs/satisfactory/logical/Or.java:[51,43] wrong number of type arguments; required 2
[ERROR] /home/gabsko/breaking-updates/satisfactory/src/main/java/com/karuslabs/satisfactory/sequence/Times.java:[119,46] wrong number of type arguments; required 2
[ERROR] /home/gabsko/breaking-updates/satisfactory/src/main/java/com/karuslabs/satisfactory/sequence/Times.java:[136,38] wrong number of type arguments; required 2
[ERROR] /home/gabsko/breaking-updates/satisfactory/src/main/java/com/karuslabs/satisfactory/sequence/Times.java:[165,38] wrong number of type arguments; required 2
[ERROR] /home/gabsko/breaking-updates/satisfactory/src/main/java/com/karuslabs/satisfactory/sequence/Times.java:[193,27] wrong number of type arguments; required 2
[ERROR] /home/gabsko/breaking-updates/satisfactory/src/main/java/com/karuslabs/satisfactory/sequence/Times.java:[220,27] wrong number of type arguments; required 2
[ERROR] /home/gabsko/breaking-updates/satisfactory/src/main/java/com/karuslabs/satisfactory/sequence/Sequence.java:[89,35] wrong number of type arguments; required 2
[ERROR] /home/gabsko/breaking-updates/satisfactory/src/main/java/com/karuslabs/satisfactory/sequence/Sequence.java:[93,28] wrong number of type arguments; required 2
[ERROR] /home/gabsko/breaking-updates/satisfactory/src/main/java/com/karuslabs/satisfactory/sequence/Sequence.java:[100,28] wrong number of type arguments; required 2
[ERROR] /home/gabsko/breaking-updates/satisfactory/src/main/java/com/karuslabs/satisfactory/sequence/Sequence.java:[136,28] wrong number of type arguments; required 2
[ERROR] /home/gabsko/breaking-updates/satisfactory/src/main/java/com/karuslabs/satisfactory/sequence/Sequence.java:[143,27] wrong number of type arguments; required 2
[ERROR] /home/gabsko/breaking-updates/satisfactory/src/main/java/com/karuslabs/satisfactory/logical/Any.java:[34,41] wrong number of type arguments; required 2
[ERROR] /home/gabsko/breaking-updates/satisfactory/src/main/java/com/karuslabs/satisfactory/logical/Not.java:[34,47] wrong number of type arguments; required 2
[INFO] 100 errors 
[INFO] -------------------------------------------------------------
[INFO] ------------------------------------------------------------------------
[INFO] Reactor Summary for Elementary Project 1.2.0-SNAPSHOT:
[INFO] 
[INFO] Elementary Project ................................. SUCCESS [  0.305 s]
[INFO] Utilitary .......................................... SUCCESS [  1.122 s]
[INFO] Elementary ......................................... SUCCESS [  0.373 s]
[INFO] Satisfactory ....................................... FAILURE [  0.206 s]
[INFO] ------------------------------------------------------------------------
[INFO] BUILD FAILURE
[INFO] ------------------------------------------------------------------------
[INFO] Total time:  2.108 s
[INFO] Finished at: 2023-02-04T20:58:29Z
[INFO] ------------------------------------------------------------------------
[ERROR] Failed to execute goal org.apache.maven.plugins:maven-compiler-plugin:3.8.1:compile (default-compile) on project satisfactory: Compilation failure: Compilation failure: 
[ERROR] /home/gabsko/breaking-updates/satisfactory/src/main/java/com/karuslabs/satisfactory/sequence/TimeSequence.java:[26,36] package com.karuslabs.utilitary.text does not exist
[ERROR] /home/gabsko/breaking-updates/satisfactory/src/main/java/com/karuslabs/satisfactory/sequence/Sequence.java:[28,36] package com.karuslabs.utilitary.text does not exist
[ERROR] /home/gabsko/breaking-updates/satisfactory/src/main/java/com/karuslabs/satisfactory/sequence/Sequence.java:[38,46] cannot find symbol
[ERROR]   symbol: class Part
[ERROR] /home/gabsko/breaking-updates/satisfactory/src/main/java/com/karuslabs/satisfactory/sequence/Times.java:[34,43] cannot find symbol
[ERROR]   symbol: class Part
[ERROR] /home/gabsko/breaking-updates/satisfactory/src/main/java/com/karuslabs/satisfactory/sequence/Times.java:[36,28] wrong number of type arguments; required 2
[ERROR] /home/gabsko/breaking-updates/satisfactory/src/main/java/com/karuslabs/satisfactory/sequence/Times.java:[46,27] wrong number of type arguments; required 2
[ERROR] /home/gabsko/breaking-updates/satisfactory/src/main/java/com/karuslabs/satisfactory/old/Assertion.java:[76,39] wrong number of type arguments; required 2
[ERROR] /home/gabsko/breaking-updates/satisfactory/src/main/java/com/karuslabs/satisfactory/old/Assertion.java:[76,22] wrong number of type arguments; required 2
[ERROR] /home/gabsko/breaking-updates/satisfactory/src/main/java/com/karuslabs/satisfactory/old/Assertion.java:[88,48] wrong number of type arguments; required 2
[ERROR] /home/gabsko/breaking-updates/satisfactory/src/main/java/com/karuslabs/satisfactory/old/Assertion.java:[88,22] wrong number of type arguments; required 2
[ERROR] /home/gabsko/breaking-updates/satisfactory/src/main/java/com/karuslabs/satisfactory/old/Assertion.java:[100,38] wrong number of type arguments; required 2
[ERROR] /home/gabsko/breaking-updates/satisfactory/src/main/java/com/karuslabs/satisfactory/old/Assertion.java:[100,22] wrong number of type arguments; required 2
[ERROR] /home/gabsko/breaking-updates/satisfactory/src/main/java/com/karuslabs/satisfactory/old/Assertion.java:[112,47] wrong number of type arguments; required 2
[ERROR] /home/gabsko/breaking-updates/satisfactory/src/main/java/com/karuslabs/satisfactory/old/Assertion.java:[112,22] wrong number of type arguments; required 2
[ERROR] /home/gabsko/breaking-updates/satisfactory/src/main/java/com/karuslabs/satisfactory/old/Type.java:[26,36] package com.karuslabs.utilitary.text does not exist
[ERROR] /home/gabsko/breaking-updates/satisfactory/src/main/java/com/karuslabs/satisfactory/old/Method.java:[42,41] wrong number of type arguments; required 2
[ERROR] /home/gabsko/breaking-updates/satisfactory/src/main/java/com/karuslabs/satisfactory/old/Type.java:[37,48] wrong number of type arguments; required 2
[ERROR] /home/gabsko/breaking-updates/satisfactory/src/main/java/com/karuslabs/satisfactory/old/Method.java:[44,28] wrong number of type arguments; required 2
[ERROR] /home/gabsko/breaking-updates/satisfactory/src/main/java/com/karuslabs/satisfactory/old/Method.java:[45,28] wrong number of type arguments; required 2
[ERROR] /home/gabsko/breaking-updates/satisfactory/src/main/java/com/karuslabs/satisfactory/old/Method.java:[46,28] wrong number of type arguments; required 2
[ERROR] /home/gabsko/breaking-updates/satisfactory/src/main/java/com/karuslabs/satisfactory/old/Method.java:[64,18] wrong number of type arguments; required 2
[ERROR] /home/gabsko/breaking-updates/satisfactory/src/main/java/com/karuslabs/satisfactory/old/Method.java:[65,18] wrong number of type arguments; required 2
[ERROR] /home/gabsko/breaking-updates/satisfactory/src/main/java/com/karuslabs/satisfactory/old/Method.java:[66,18] wrong number of type arguments; required 2
[ERROR] /home/gabsko/breaking-updates/satisfactory/src/main/java/com/karuslabs/satisfactory/old/Assertions.java:[45,34] wrong number of type arguments; required 2
[ERROR] /home/gabsko/breaking-updates/satisfactory/src/main/java/com/karuslabs/satisfactory/old/Assertions.java:[49,34] wrong number of type arguments; required 2
[ERROR] /home/gabsko/breaking-updates/satisfactory/src/main/java/com/karuslabs/satisfactory/old/Assertions.java:[53,34] wrong number of type arguments; required 2
[ERROR] /home/gabsko/breaking-updates/satisfactory/src/main/java/com/karuslabs/satisfactory/old/Assertions.java:[57,34] wrong number of type arguments; required 2
[ERROR] /home/gabsko/breaking-updates/satisfactory/src/main/java/com/karuslabs/satisfactory/old/Assertions.java:[77,41] cannot find symbol
[ERROR]   symbol:   class Part
[ERROR]   location: class com.karuslabs.satisfactory.old.Assertions
[ERROR] /home/gabsko/breaking-updates/satisfactory/src/main/java/com/karuslabs/satisfactory/old/Assertions.java:[97,54] wrong number of type arguments; required 2
[ERROR] /home/gabsko/breaking-updates/satisfactory/src/main/java/com/karuslabs/satisfactory/old/Variable.java:[35,43] package com.karuslabs.utilitary.text does not exist
[ERROR] /home/gabsko/breaking-updates/satisfactory/src/main/java/com/karuslabs/satisfactory/old/Variable.java:[35,1] static import only from classes and interfaces
[ERROR] /home/gabsko/breaking-updates/satisfactory/src/main/java/com/karuslabs/satisfactory/old/Variable.java:[41,43] wrong number of type arguments; required 2
[ERROR] /home/gabsko/breaking-updates/satisfactory/src/main/java/com/karuslabs/satisfactory/old/Assertions.java:[107,59] wrong number of type arguments; required 2
[ERROR] /home/gabsko/breaking-updates/satisfactory/src/main/java/com/karuslabs/satisfactory/old/Assertions.java:[107,28] wrong number of type arguments; required 2
[ERROR] /home/gabsko/breaking-updates/satisfactory/src/main/java/com/karuslabs/satisfactory/old/Assertions.java:[119,28] wrong number of type arguments; required 2
[ERROR] /home/gabsko/breaking-updates/satisfactory/src/main/java/com/karuslabs/satisfactory/old/Assertions.java:[131,28] wrong number of type arguments; required 2
[ERROR] /home/gabsko/breaking-updates/satisfactory/src/main/java/com/karuslabs/satisfactory/old/Assertions.java:[142,63] wrong number of type arguments; required 2
[ERROR] /home/gabsko/breaking-updates/satisfactory/src/main/java/com/karuslabs/satisfactory/old/Assertions.java:[142,28] wrong number of type arguments; required 2
[ERROR] /home/gabsko/breaking-updates/satisfactory/src/main/java/com/karuslabs/satisfactory/old/Assertions.java:[154,28] wrong number of type arguments; required 2
[ERROR] /home/gabsko/breaking-updates/satisfactory/src/main/java/com/karuslabs/satisfactory/old/Assertions.java:[166,28] wrong number of type arguments; required 2
[ERROR] /home/gabsko/breaking-updates/satisfactory/src/main/java/com/karuslabs/satisfactory/old/Assertions.java:[178,28] wrong number of type arguments; required 2
[ERROR] /home/gabsko/breaking-updates/satisfactory/src/main/java/com/karuslabs/satisfactory/old/Assertions.java:[190,28] wrong number of type arguments; required 2
[ERROR] /home/gabsko/breaking-updates/satisfactory/src/main/java/com/karuslabs/satisfactory/old/Assertions.java:[202,28] wrong number of type arguments; required 2
[ERROR] /home/gabsko/breaking-updates/satisfactory/src/main/java/com/karuslabs/satisfactory/old/Assertions.java:[214,28] wrong number of type arguments; required 2
[ERROR] /home/gabsko/breaking-updates/satisfactory/src/main/java/com/karuslabs/satisfactory/old/Assertions.java:[226,28] wrong number of type arguments; required 2
[ERROR] /home/gabsko/breaking-updates/satisfactory/src/main/java/com/karuslabs/satisfactory/old/Assertions.java:[238,28] wrong number of type arguments; required 2
[ERROR] /home/gabsko/breaking-updates/satisfactory/src/main/java/com/karuslabs/satisfactory/old/Assertions.java:[250,28] wrong number of type arguments; required 2
[ERROR] /home/gabsko/breaking-updates/satisfactory/src/main/java/com/karuslabs/satisfactory/old/Assertions.java:[262,28] wrong number of type arguments; required 2
[ERROR] /home/gabsko/breaking-updates/satisfactory/src/main/java/com/karuslabs/satisfactory/old/Assertions.java:[274,49] wrong number of type arguments; required 2
[ERROR] /home/gabsko/breaking-updates/satisfactory/src/main/java/com/karuslabs/satisfactory/old/Assertions.java:[274,32] wrong number of type arguments; required 2
[ERROR] /home/gabsko/breaking-updates/satisfactory/src/main/java/com/karuslabs/satisfactory/old/Assertions.java:[285,68] wrong number of type arguments; required 2
[ERROR] /home/gabsko/breaking-updates/satisfactory/src/main/java/com/karuslabs/satisfactory/old/Assertions.java:[285,32] wrong number of type arguments; required 2
[ERROR] /home/gabsko/breaking-updates/satisfactory/src/main/java/com/karuslabs/satisfactory/old/Variable.java:[92,46] wrong number of type arguments; required 2
[ERROR] /home/gabsko/breaking-updates/satisfactory/src/main/java/com/karuslabs/satisfactory/old/Variable.java:[99,26] wrong number of type arguments; required 2
[ERROR] /home/gabsko/breaking-updates/satisfactory/src/main/java/com/karuslabs/satisfactory/old/Variable.java:[43,28] wrong number of type arguments; required 2
[ERROR] /home/gabsko/breaking-updates/satisfactory/src/main/java/com/karuslabs/satisfactory/old/Variable.java:[44,28] wrong number of type arguments; required 2
[ERROR] /home/gabsko/breaking-updates/satisfactory/src/main/java/com/karuslabs/satisfactory/old/Variable.java:[45,28] wrong number of type arguments; required 2
[ERROR] /home/gabsko/breaking-updates/satisfactory/src/main/java/com/karuslabs/satisfactory/old/Variable.java:[58,23] wrong number of type arguments; required 2
[ERROR] /home/gabsko/breaking-updates/satisfactory/src/main/java/com/karuslabs/satisfactory/old/Variable.java:[58,55] wrong number of type arguments; required 2
[ERROR] /home/gabsko/breaking-updates/satisfactory/src/main/java/com/karuslabs/satisfactory/old/Variable.java:[58,91] wrong number of type arguments; required 2
[ERROR] /home/gabsko/breaking-updates/satisfactory/src/main/java/com/karuslabs/satisfactory/old/Method.java:[110,46] wrong number of type arguments; required 2
[ERROR] /home/gabsko/breaking-updates/satisfactory/src/main/java/com/karuslabs/satisfactory/old/Method.java:[121,17] cannot find symbol
[ERROR]   symbol:   class Part
[ERROR]   location: class com.karuslabs.satisfactory.old.Method.Builder
[ERROR] /home/gabsko/breaking-updates/satisfactory/src/main/java/com/karuslabs/satisfactory/old/Method.java:[142,39] wrong number of type arguments; required 2
[ERROR] /home/gabsko/breaking-updates/satisfactory/src/main/java/com/karuslabs/satisfactory/sequence/Sequences.java:[88,69] wrong number of type arguments; required 2
[ERROR] /home/gabsko/breaking-updates/satisfactory/src/main/java/com/karuslabs/satisfactory/sequence/Sequences.java:[108,50] wrong number of type arguments; required 2
[ERROR] /home/gabsko/breaking-updates/satisfactory/src/main/java/com/karuslabs/satisfactory/sequence/Sequences.java:[121,68] wrong number of type arguments; required 2
[ERROR] /home/gabsko/breaking-updates/satisfactory/src/main/java/com/karuslabs/satisfactory/sequence/Sequences.java:[134,49] wrong number of type arguments; required 2
[ERROR] /home/gabsko/breaking-updates/satisfactory/src/main/java/com/karuslabs/satisfactory/sequence/Sequences.java:[175,65] wrong number of type arguments; required 2
[ERROR] /home/gabsko/breaking-updates/satisfactory/src/main/java/com/karuslabs/satisfactory/sequence/Sequences.java:[188,46] wrong number of type arguments; required 2
[ERROR] /home/gabsko/breaking-updates/satisfactory/src/main/java/com/karuslabs/satisfactory/sequence/Sequences.java:[202,77] wrong number of type arguments; required 2
[ERROR] /home/gabsko/breaking-updates/satisfactory/src/main/java/com/karuslabs/satisfactory/sequence/Sequences.java:[216,58] wrong number of type arguments; required 2
[ERROR] /home/gabsko/breaking-updates/satisfactory/src/main/java/com/karuslabs/satisfactory/sequence/Sequences.java:[231,84] wrong number of type arguments; required 2
[ERROR] /home/gabsko/breaking-updates/satisfactory/src/main/java/com/karuslabs/satisfactory/sequence/Sequences.java:[246,65] wrong number of type arguments; required 2
[ERROR] /home/gabsko/breaking-updates/satisfactory/src/main/java/com/karuslabs/satisfactory/sequence/Sequences.java:[260,73] wrong number of type arguments; required 2
[ERROR] /home/gabsko/breaking-updates/satisfactory/src/main/java/com/karuslabs/satisfactory/sequence/Sequences.java:[274,54] wrong number of type arguments; required 2
[ERROR] /home/gabsko/breaking-updates/satisfactory/src/main/java/com/karuslabs/satisfactory/sequence/Sequences.java:[288,73] wrong number of type arguments; required 2
[ERROR] /home/gabsko/breaking-updates/satisfactory/src/main/java/com/karuslabs/satisfactory/sequence/Sequences.java:[302,54] wrong number of type arguments; required 2
[ERROR] /home/gabsko/breaking-updates/satisfactory/src/main/java/com/karuslabs/satisfactory/old/Type.java:[215,37] wrong number of type arguments; required 2
[ERROR] /home/gabsko/breaking-updates/satisfactory/src/main/java/com/karuslabs/satisfactory/old/Annotations.java:[26,36] package com.karuslabs.utilitary.text does not exist
[ERROR] /home/gabsko/breaking-updates/satisfactory/src/main/java/com/karuslabs/satisfactory/old/Annotations.java:[36,55] wrong number of type arguments; required 2
[ERROR] /home/gabsko/breaking-updates/satisfactory/src/main/java/com/karuslabs/satisfactory/old/Modifiers.java:[26,36] package com.karuslabs.utilitary.text does not exist
[ERROR] /home/gabsko/breaking-updates/satisfactory/src/main/java/com/karuslabs/satisfactory/old/Modifiers.java:[32,43] package com.karuslabs.utilitary.text does not exist
[ERROR] /home/gabsko/breaking-updates/satisfactory/src/main/java/com/karuslabs/satisfactory/old/Modifiers.java:[37,53] wrong number of type arguments; required 2
[ERROR] /home/gabsko/breaking-updates/satisfactory/src/main/java/com/karuslabs/satisfactory/logical/Or.java:[34,46] wrong number of type arguments; required 2
[ERROR] /home/gabsko/breaking-updates/satisfactory/src/main/java/com/karuslabs/satisfactory/logical/Or.java:[39,27] wrong number of type arguments; required 2
[ERROR] /home/gabsko/breaking-updates/satisfactory/src/main/java/com/karuslabs/satisfactory/logical/Or.java:[43,27] wrong number of type arguments; required 2
[ERROR] /home/gabsko/breaking-updates/satisfactory/src/main/java/com/karuslabs/satisfactory/logical/Or.java:[51,24] wrong number of type arguments; required 2
[ERROR] /home/gabsko/breaking-updates/satisfactory/src/main/java/com/karuslabs/satisfactory/logical/Or.java:[51,43] wrong number of type arguments; required 2
[ERROR] /home/gabsko/breaking-updates/satisfactory/src/main/java/com/karuslabs/satisfactory/sequence/Times.java:[119,46] wrong number of type arguments; required 2
[ERROR] /home/gabsko/breaking-updates/satisfactory/src/main/java/com/karuslabs/satisfactory/sequence/Times.java:[136,38] wrong number of type arguments; required 2
[ERROR] /home/gabsko/breaking-updates/satisfactory/src/main/java/com/karuslabs/satisfactory/sequence/Times.java:[165,38] wrong number of type arguments; required 2
[ERROR] /home/gabsko/breaking-updates/satisfactory/src/main/java/com/karuslabs/satisfactory/sequence/Times.java:[193,27] wrong number of type arguments; required 2
[ERROR] /home/gabsko/breaking-updates/satisfactory/src/main/java/com/karuslabs/satisfactory/sequence/Times.java:[220,27] wrong number of type arguments; required 2
[ERROR] /home/gabsko/breaking-updates/satisfactory/src/main/java/com/karuslabs/satisfactory/sequence/Sequence.java:[89,35] wrong number of type arguments; required 2
[ERROR] /home/gabsko/breaking-updates/satisfactory/src/main/java/com/karuslabs/satisfactory/sequence/Sequence.java:[93,28] wrong number of type arguments; required 2
[ERROR] /home/gabsko/breaking-updates/satisfactory/src/main/java/com/karuslabs/satisfactory/sequence/Sequence.java:[100,28] wrong number of type arguments; required 2
[ERROR] /home/gabsko/breaking-updates/satisfactory/src/main/java/com/karuslabs/satisfactory/sequence/Sequence.java:[136,28] wrong number of type arguments; required 2
[ERROR] /home/gabsko/breaking-updates/satisfactory/src/main/java/com/karuslabs/satisfactory/sequence/Sequence.java:[143,27] wrong number of type arguments; required 2
[ERROR] /home/gabsko/breaking-updates/satisfactory/src/main/java/com/karuslabs/satisfactory/logical/Any.java:[34,41] wrong number of type arguments; required 2
[ERROR] /home/gabsko/breaking-updates/satisfactory/src/main/java/com/karuslabs/satisfactory/logical/Not.java:[34,47] wrong number of type arguments; required 2
[ERROR] -> [Help 1]
[ERROR] 
[ERROR] To see the full stack trace of the errors, re-run Maven with the -e switch.
[ERROR] Re-run Maven using the -X switch to enable full debug logging.
[ERROR] 
[ERROR] For more information about the errors and possible solutions, please read the following articles:
[ERROR] [Help 1] http://cwiki.apache.org/confluence/display/MAVEN/MojoFailureException
[ERROR] 
[ERROR] After correcting the problems, you can resume the build with the command
[ERROR]   mvn <args> -rf :satisfactory
