[INFO] Scanning for projects...
[WARNING] 
[WARNING] Some problems were encountered while building the effective model for org.apache.sedona:sedona-core-3.0_2.12:jar:1.2.1-incubating-SNAPSHOT
[WARNING] 'artifactId' contains an expression but should be a constant. @ org.apache.sedona:sedona-core-${spark.compat.version}_${scala.compat.version}:1.2.1-incubating-SNAPSHOT, /home/gabsko/breaking-updates/core/pom.xml, line 28, column 17
[WARNING] 
[WARNING] Some problems were encountered while building the effective model for org.apache.sedona:sedona-sql-3.0_2.12:jar:1.2.1-incubating-SNAPSHOT
[WARNING] 'artifactId' contains an expression but should be a constant. @ org.apache.sedona:sedona-sql-${spark.compat.version}_${scala.compat.version}:1.2.1-incubating-SNAPSHOT, /home/gabsko/breaking-updates/sql/pom.xml, line 28, column 14
[WARNING] 
[WARNING] Some problems were encountered while building the effective model for org.apache.sedona:sedona-viz-3.0_2.12:jar:1.2.1-incubating-SNAPSHOT
[WARNING] 'artifactId' contains an expression but should be a constant. @ org.apache.sedona:sedona-viz-${spark.compat.version}_${scala.compat.version}:1.2.1-incubating-SNAPSHOT, /home/gabsko/breaking-updates/viz/pom.xml, line 28, column 14
[WARNING] 
[WARNING] Some problems were encountered while building the effective model for org.apache.sedona:sedona-python-adapter-3.0_2.12:jar:1.2.1-incubating-SNAPSHOT
[WARNING] 'artifactId' contains an expression but should be a constant. @ org.apache.sedona:sedona-python-adapter-${spark.compat.version}_${scala.compat.version}:1.2.1-incubating-SNAPSHOT, /home/gabsko/breaking-updates/python-adapter/pom.xml, line 27, column 17
[WARNING] 
[WARNING] Some problems were encountered while building the effective model for org.apache.sedona:sedona-flink_2.12:jar:1.2.1-incubating-SNAPSHOT
[WARNING] 'artifactId' contains an expression but should be a constant. @ org.apache.sedona:sedona-flink_${scala.compat.version}:1.2.1-incubating-SNAPSHOT, /home/gabsko/breaking-updates/flink/pom.xml, line 28, column 14
[WARNING] 
[WARNING] It is highly recommended to fix these problems because they threaten the stability of your build.
[WARNING] 
[WARNING] For this reason, future Maven versions might no longer support building such malformed projects.
[WARNING] 
[INFO] ------------------------------------------------------------------------
[INFO] Reactor Build Order:
[INFO] 
[INFO] sedona-parent                                                      [pom]
[INFO] org.apache.sedona:sedona-core-3.0_2.12                             [jar]
[INFO] org.apache.sedona:sedona-sql-3.0_2.12                              [jar]
[INFO] org.apache.sedona:sedona-viz-3.0_2.12                              [jar]
[INFO] org.apache.sedona:sedona-python-adapter-3.0_2.12                   [jar]
[INFO] org.apache.sedona:sedona-flink_2.12                                [jar]
[INFO] 
[INFO] ------------------< org.apache.sedona:sedona-parent >-------------------
[INFO] Building sedona-parent 1.2.1-incubating-SNAPSHOT                   [1/6]
[INFO] --------------------------------[ pom ]---------------------------------
[INFO] Downloading from central: https://repo.maven.apache.org/maven2/io/paradoxical/resolved-pom-maven-plugin/1.0/resolved-pom-maven-plugin-1.0.pom
[INFO] Downloaded from central: https://repo.maven.apache.org/maven2/io/paradoxical/resolved-pom-maven-plugin/1.0/resolved-pom-maven-plugin-1.0.pom (10.0 kB at 50 kB/s)
[INFO] Downloading from central: https://repo.maven.apache.org/maven2/io/paradoxical/resolved-pom-maven-plugin/1.0/resolved-pom-maven-plugin-1.0.jar
[INFO] Downloaded from central: https://repo.maven.apache.org/maven2/io/paradoxical/resolved-pom-maven-plugin/1.0/resolved-pom-maven-plugin-1.0.jar (17 kB at 1.5 MB/s)
[INFO] 
[INFO] --- maven-clean-plugin:3.1.0:clean (default-clean) @ sedona-parent ---
[INFO] Deleting /home/gabsko/breaking-updates/target
[INFO] 
[INFO] --- maven-enforcer-plugin:1.4.1:enforce (enforce-maven-version) @ sedona-parent ---
[INFO] 
[INFO] --- maven-remote-resources-plugin:1.7.0:process (process-resource-bundles) @ sedona-parent ---
[INFO] Preparing remote bundle org.apache:apache-jar-resource-bundle:1.4
[INFO] Copying 3 resources from 1 bundle.
[INFO] 
[INFO] --- exec-maven-plugin:3.0.0:exec (python_build) @ sedona-parent ---
sql/src/main/scala/org/apache/sedona/sql/UDF/UdfRegistrator.scala: SPARK2 anchor disabled before and SPARK3 anchor enabled before
sql/src/main/scala/org/apache/spark/sql/sedona_sql/strategy/join/TraitJoinQueryExec.scala: SPARK2 anchor disabled before and SPARK3 anchor enabled before
sql/src/main/scala/org/apache/spark/sql/sedona_sql/strategy/join/JoinQueryDetector.scala: SPARK2 anchor disabled before and SPARK3 anchor enabled before
sql/src/main/scala/org/apache/spark/sql/sedona_sql/strategy/join/BroadcastIndexJoinExec.scala: SPARK2 anchor disabled before and SPARK3 anchor enabled before
sql/src/main/scala/org/apache/spark/sql/sedona_sql/io/GeotiffFileFormat.scala: SPARK2 anchor disabled before and SPARK3 anchor enabled before
[INFO] 
[INFO] --- scala-maven-plugin:3.2.1:add-source (scala-compile-first) @ sedona-parent ---
[INFO] Add Source directory: /home/gabsko/breaking-updates/src/main/scala
[INFO] Add Test Source directory: /home/gabsko/breaking-updates/src/test/scala
[INFO] 
[INFO] --- scala-maven-plugin:3.2.1:compile (scala-compile-first) @ sedona-parent ---
[INFO] No sources to compile
[INFO] 
[INFO] --- maven-compiler-plugin:3.8.1:compile (default) @ sedona-parent ---
[INFO] No sources to compile
[INFO] 
[INFO] --- scala-maven-plugin:3.2.1:testCompile (scala-test-compile) @ sedona-parent ---
[INFO] No sources to compile
[INFO] 
[INFO] --- scalatest-maven-plugin:1.0:test (test) @ sedona-parent ---
[36mDiscovery starting.[0m
[36mDiscovery completed in 34 milliseconds.[0m
[36mRun starting. Expected test count is: 0[0m
[32mDiscoverySuite:[0m
[36mRun completed in 79 milliseconds.[0m
[36mTotal number of tests run: 0[0m
[36mSuites: completed 1, aborted 0[0m
[36mTests: succeeded 0, failed 0, canceled 0, ignored 0, pending 0[0m
[33mNo tests were executed.[0m
[INFO] 
[INFO] --- resolved-pom-maven-plugin:1.0:resolve-pom (resolve-my-pom) @ sedona-parent ---
[INFO] Filtering pom at /home/gabsko/breaking-updates/pom.xml to /home/gabsko/breaking-updates/target/resolved-pom.xml
[INFO] Filtered pom to /home/gabsko/breaking-updates/target/resolved-pom.xml
[INFO] 
[INFO] ---------------< org.apache.sedona:sedona-core-3.0_2.12 >---------------
[INFO] Building org.apache.sedona:sedona-core-3.0_2.12 1.2.1-incubating-SNAPSHOT [2/6]
[INFO] --------------------------------[ jar ]---------------------------------
[INFO] 
[INFO] --- maven-clean-plugin:3.1.0:clean (default-clean) @ sedona-core-3.0_2.12 ---
[INFO] Deleting /home/gabsko/breaking-updates/core/target
[INFO] 
[INFO] --- maven-enforcer-plugin:1.4.1:enforce (enforce-maven-version) @ sedona-core-3.0_2.12 ---
[INFO] 
[INFO] --- maven-remote-resources-plugin:1.7.0:process (process-resource-bundles) @ sedona-core-3.0_2.12 ---
[INFO] Preparing remote bundle org.apache:apache-jar-resource-bundle:1.4
[INFO] Copying 3 resources from 1 bundle.
[INFO] 
[INFO] --- exec-maven-plugin:3.0.0:exec (python_build) @ sedona-core-3.0_2.12 ---
sql/src/main/scala/org/apache/sedona/sql/UDF/UdfRegistrator.scala: SPARK2 anchor disabled before and SPARK3 anchor enabled before
sql/src/main/scala/org/apache/spark/sql/sedona_sql/strategy/join/TraitJoinQueryExec.scala: SPARK2 anchor disabled before and SPARK3 anchor enabled before
sql/src/main/scala/org/apache/spark/sql/sedona_sql/strategy/join/JoinQueryDetector.scala: SPARK2 anchor disabled before and SPARK3 anchor enabled before
sql/src/main/scala/org/apache/spark/sql/sedona_sql/strategy/join/BroadcastIndexJoinExec.scala: SPARK2 anchor disabled before and SPARK3 anchor enabled before
sql/src/main/scala/org/apache/spark/sql/sedona_sql/io/GeotiffFileFormat.scala: SPARK2 anchor disabled before and SPARK3 anchor enabled before
[INFO] 
[INFO] --- maven-resources-plugin:3.1.0:resources (default-resources) @ sedona-core-3.0_2.12 ---
[INFO] Using 'UTF-8' encoding to copy filtered resources.
[INFO] skip non existing resourceDirectory /home/gabsko/breaking-updates/core/src/main/resources
[INFO] Copying 3 resources
[INFO] 
[INFO] --- scala-maven-plugin:3.2.1:add-source (scala-compile-first) @ sedona-core-3.0_2.12 ---
[INFO] Add Source directory: /home/gabsko/breaking-updates/core/src/main/scala
[INFO] Add Test Source directory: /home/gabsko/breaking-updates/core/src/test/scala
[INFO] 
[INFO] --- scala-maven-plugin:3.2.1:compile (scala-compile-first) @ sedona-core-3.0_2.12 ---
[INFO] /home/gabsko/breaking-updates/core/src/main/java:-1: info: compiling
[INFO] /home/gabsko/breaking-updates/core/src/main/scala:-1: info: compiling
[INFO] Compiling 107 source files to /home/gabsko/breaking-updates/core/target/classes at 1675871674275
[WARNING] warning: four deprecations; re-run with -deprecation for details
[WARNING] one warning found
[INFO] prepare-compile in 0 s
[INFO] compile in 3 s
[INFO] 
[INFO] --- maven-compiler-plugin:3.8.1:compile (default-compile) @ sedona-core-3.0_2.12 ---
[INFO] Changes detected - recompiling the module!
[INFO] Compiling 101 source files to /home/gabsko/breaking-updates/core/target/classes
[INFO] /home/gabsko/breaking-updates/core/src/main/java/org/apache/sedona/core/showcase/Example.java: Some input files use or override a deprecated API.
[INFO] /home/gabsko/breaking-updates/core/src/main/java/org/apache/sedona/core/showcase/Example.java: Recompile with -Xlint:deprecation for details.
[INFO] /home/gabsko/breaking-updates/core/src/main/java/org/locationtech/jts/index/quadtree/IndexSerde.java: Some input files use unchecked or unsafe operations.
[INFO] /home/gabsko/breaking-updates/core/src/main/java/org/locationtech/jts/index/quadtree/IndexSerde.java: Recompile with -Xlint:unchecked for details.
[INFO] 
[INFO] --- maven-compiler-plugin:3.8.1:compile (default) @ sedona-core-3.0_2.12 ---
[INFO] Changes detected - recompiling the module!
[INFO] Compiling 101 source files to /home/gabsko/breaking-updates/core/target/classes
[INFO] /home/gabsko/breaking-updates/core/src/main/java/org/apache/sedona/core/showcase/Example.java: Some input files use or override a deprecated API.
[INFO] /home/gabsko/breaking-updates/core/src/main/java/org/apache/sedona/core/showcase/Example.java: Recompile with -Xlint:deprecation for details.
[INFO] /home/gabsko/breaking-updates/core/src/main/java/org/locationtech/jts/index/quadtree/IndexSerde.java: Some input files use unchecked or unsafe operations.
[INFO] /home/gabsko/breaking-updates/core/src/main/java/org/locationtech/jts/index/quadtree/IndexSerde.java: Recompile with -Xlint:unchecked for details.
[INFO] 
[INFO] --- maven-resources-plugin:3.1.0:testResources (default-testResources) @ sedona-core-3.0_2.12 ---
[INFO] Using 'UTF-8' encoding to copy filtered resources.
[INFO] Copying 84 resources
[INFO] Copying 3 resources
[INFO] 
[INFO] --- scala-maven-plugin:3.2.1:testCompile (scala-test-compile) @ sedona-core-3.0_2.12 ---
[INFO] /home/gabsko/breaking-updates/core/src/test/java:-1: info: compiling
[INFO] /home/gabsko/breaking-updates/core/src/test/scala:-1: info: compiling
[INFO] Compiling 45 source files to /home/gabsko/breaking-updates/core/target/test-classes at 1675871680756
[WARNING] warning: two deprecations (since 3.1.0); re-run with -deprecation for details
[WARNING] one warning found
[INFO] prepare-compile in 0 s
[INFO] compile in 3 s
[INFO] 
[INFO] --- maven-compiler-plugin:3.8.1:testCompile (default-testCompile) @ sedona-core-3.0_2.12 ---
[INFO] Changes detected - recompiling the module!
[INFO] Compiling 42 source files to /home/gabsko/breaking-updates/core/target/test-classes
[INFO] /home/gabsko/breaking-updates/core/src/test/java/org/apache/sedona/core/spatialOperator/JoinTestBase.java: Some input files use or override a deprecated API.
[INFO] /home/gabsko/breaking-updates/core/src/test/java/org/apache/sedona/core/spatialOperator/JoinTestBase.java: Recompile with -Xlint:deprecation for details.
[INFO] /home/gabsko/breaking-updates/core/src/test/java/org/apache/sedona/core/spatialOperator/PointKnnTest.java: Some input files use unchecked or unsafe operations.
[INFO] /home/gabsko/breaking-updates/core/src/test/java/org/apache/sedona/core/spatialOperator/PointKnnTest.java: Recompile with -Xlint:unchecked for details.
[INFO] 
[INFO] --- maven-surefire-plugin:2.18.1:test (default-test) @ sedona-core-3.0_2.12 ---
[INFO] Surefire report directory: /home/gabsko/breaking-updates/core/target/surefire-reports

-------------------------------------------------------
 T E S T S
-------------------------------------------------------
Running org.apache.sedona.core.utils.RDDSampleUtilsTest
Tests run: 2, Failures: 0, Errors: 0, Skipped: 0, Time elapsed: 0.002 sec - in org.apache.sedona.core.utils.RDDSampleUtilsTest
Running org.apache.sedona.core.utils.CRSTransformationTest
2023-02-08 15:54:45,989 WARN  [main] util.Utils (Logging.scala:logWarning(69)) - Your hostname, repairnator resolves to a loopback address: 127.0.1.1; using 130.237.222.185 instead (on interface enp180s0f0)
2023-02-08 15:54:45,991 WARN  [main] util.Utils (Logging.scala:logWarning(69)) - Set SPARK_LOCAL_IP if you need to bind to another address
WARNING: An illegal reflective access operation has occurred
SUREFIRE-859: WARNING: Illegal reflective access by org.apache.spark.unsafe.Platform (file:/home/gabsko/.m2/repository/org/apache/spark/spark-unsafe_2.12/3.2.0/spark-unsafe_2.12-3.2.0.jar) to constructor java.nio.DirectByteBuffer(long,int)
WARNING: Please consider reporting this to the maintainers of org.apache.spark.unsafe.Platform
WARNING: Use --illegal-access=warn to enable warnings of further illegal reflective access operations
WARNING: All illegal access operations will be denied in a future release
2023-02-08 15:54:46,073 INFO  [main] spark.SparkContext (Logging.scala:logInfo(57)) - Running Spark version 3.2.0
2023-02-08 15:54:46,351 WARN  [main] util.NativeCodeLoader (NativeCodeLoader.java:<clinit>(62)) - Unable to load native-hadoop library for your platform... using builtin-java classes where applicable
2023-02-08 15:54:46,419 INFO  [main] resource.ResourceUtils (Logging.scala:logInfo(57)) - ==============================================================
2023-02-08 15:54:46,419 INFO  [main] resource.ResourceUtils (Logging.scala:logInfo(57)) - No custom resources configured for spark.driver.
2023-02-08 15:54:46,419 INFO  [main] resource.ResourceUtils (Logging.scala:logInfo(57)) - ==============================================================
2023-02-08 15:54:46,420 INFO  [main] spark.SparkContext (Logging.scala:logInfo(57)) - Submitted application: PointRange
2023-02-08 15:54:46,437 INFO  [main] resource.ResourceProfile (Logging.scala:logInfo(57)) - Default ResourceProfile created, executor resources: Map(cores -> name: cores, amount: 1, script: , vendor: , memory -> name: memory, amount: 1024, script: , vendor: , offHeap -> name: offHeap, amount: 0, script: , vendor: ), task resources: Map(cpus -> name: cpus, amount: 1.0)
2023-02-08 15:54:46,446 INFO  [main] resource.ResourceProfile (Logging.scala:logInfo(57)) - Limiting resource is cpu
2023-02-08 15:54:46,447 INFO  [main] resource.ResourceProfileManager (Logging.scala:logInfo(57)) - Added ResourceProfile id: 0
2023-02-08 15:54:46,515 INFO  [main] spark.SecurityManager (Logging.scala:logInfo(57)) - Changing view acls to: gabsko
2023-02-08 15:54:46,515 INFO  [main] spark.SecurityManager (Logging.scala:logInfo(57)) - Changing modify acls to: gabsko
2023-02-08 15:54:46,515 INFO  [main] spark.SecurityManager (Logging.scala:logInfo(57)) - Changing view acls groups to: 
2023-02-08 15:54:46,516 INFO  [main] spark.SecurityManager (Logging.scala:logInfo(57)) - Changing modify acls groups to: 
2023-02-08 15:54:46,516 INFO  [main] spark.SecurityManager (Logging.scala:logInfo(57)) - SecurityManager: authentication disabled; ui acls disabled; users  with view permissions: Set(gabsko); groups with view permissions: Set(); users  with modify permissions: Set(gabsko); groups with modify permissions: Set()
2023-02-08 15:54:46,850 INFO  [main] util.Utils (Logging.scala:logInfo(57)) - Successfully started service 'sparkDriver' on port 33717.
2023-02-08 15:54:46,909 INFO  [main] spark.SparkEnv (Logging.scala:logInfo(57)) - Registering MapOutputTracker
2023-02-08 15:54:46,932 INFO  [main] spark.SparkEnv (Logging.scala:logInfo(57)) - Registering BlockManagerMaster
2023-02-08 15:54:46,946 INFO  [main] storage.BlockManagerMasterEndpoint (Logging.scala:logInfo(57)) - Using org.apache.spark.storage.DefaultTopologyMapper for getting topology information
2023-02-08 15:54:46,946 INFO  [main] storage.BlockManagerMasterEndpoint (Logging.scala:logInfo(57)) - BlockManagerMasterEndpoint up
2023-02-08 15:54:46,949 INFO  [main] spark.SparkEnv (Logging.scala:logInfo(57)) - Registering BlockManagerMasterHeartbeat
2023-02-08 15:54:46,969 INFO  [main] storage.DiskBlockManager (Logging.scala:logInfo(57)) - Created local directory at /tmp/blockmgr-e6ab20fc-9ed1-4798-a2f5-2322af2f6c54
2023-02-08 15:54:46,989 INFO  [main] memory.MemoryStore (Logging.scala:logInfo(57)) - MemoryStore started with capacity 17.8 GiB
2023-02-08 15:54:47,000 INFO  [main] spark.SparkEnv (Logging.scala:logInfo(57)) - Registering OutputCommitCoordinator
2023-02-08 15:54:47,061 INFO  [main] util.log (Log.java:initialized(170)) - Logging initialized @2100ms to org.sparkproject.jetty.util.log.Slf4jLog
2023-02-08 15:54:47,105 INFO  [main] server.Server (Server.java:doStart(375)) - jetty-9.4.43.v20210629; built: 2021-06-30T11:07:22.254Z; git: 526006ecfa3af7f1a27ef3a288e2bef7ea9dd7e8; jvm 11.0.17+8-post-Ubuntu-1ubuntu218.04
2023-02-08 15:54:47,118 INFO  [main] server.Server (Server.java:doStart(415)) - Started @2158ms
2023-02-08 15:54:47,148 INFO  [main] server.AbstractConnector (AbstractConnector.java:doStart(331)) - Started ServerConnector@51205611{HTTP/1.1, (http/1.1)}{0.0.0.0:4040}
2023-02-08 15:54:47,149 INFO  [main] util.Utils (Logging.scala:logInfo(57)) - Successfully started service 'SparkUI' on port 4040.
2023-02-08 15:54:47,183 INFO  [main] handler.ContextHandler (ContextHandler.java:doStart(915)) - Started o.s.j.s.ServletContextHandler@332820f4{/jobs,null,AVAILABLE,@Spark}
2023-02-08 15:54:47,185 INFO  [main] handler.ContextHandler (ContextHandler.java:doStart(915)) - Started o.s.j.s.ServletContextHandler@8a2a6a{/jobs/json,null,AVAILABLE,@Spark}
2023-02-08 15:54:47,187 INFO  [main] handler.ContextHandler (ContextHandler.java:doStart(915)) - Started o.s.j.s.ServletContextHandler@6631cb64{/jobs/job,null,AVAILABLE,@Spark}
2023-02-08 15:54:47,187 INFO  [main] handler.ContextHandler (ContextHandler.java:doStart(915)) - Started o.s.j.s.ServletContextHandler@140d1230{/jobs/job/json,null,AVAILABLE,@Spark}
2023-02-08 15:54:47,188 INFO  [main] handler.ContextHandler (ContextHandler.java:doStart(915)) - Started o.s.j.s.ServletContextHandler@10bea4{/stages,null,AVAILABLE,@Spark}
2023-02-08 15:54:47,189 INFO  [main] handler.ContextHandler (ContextHandler.java:doStart(915)) - Started o.s.j.s.ServletContextHandler@7c1e32c9{/stages/json,null,AVAILABLE,@Spark}
2023-02-08 15:54:47,190 INFO  [main] handler.ContextHandler (ContextHandler.java:doStart(915)) - Started o.s.j.s.ServletContextHandler@3dd818e8{/stages/stage,null,AVAILABLE,@Spark}
2023-02-08 15:54:47,191 INFO  [main] handler.ContextHandler (ContextHandler.java:doStart(915)) - Started o.s.j.s.ServletContextHandler@65c86db8{/stages/stage/json,null,AVAILABLE,@Spark}
2023-02-08 15:54:47,192 INFO  [main] handler.ContextHandler (ContextHandler.java:doStart(915)) - Started o.s.j.s.ServletContextHandler@ac20bb4{/stages/pool,null,AVAILABLE,@Spark}
2023-02-08 15:54:47,192 INFO  [main] handler.ContextHandler (ContextHandler.java:doStart(915)) - Started o.s.j.s.ServletContextHandler@7ca8d498{/stages/pool/json,null,AVAILABLE,@Spark}
2023-02-08 15:54:47,194 INFO  [main] handler.ContextHandler (ContextHandler.java:doStart(915)) - Started o.s.j.s.ServletContextHandler@6b8280e6{/storage,null,AVAILABLE,@Spark}
2023-02-08 15:54:47,195 INFO  [main] handler.ContextHandler (ContextHandler.java:doStart(915)) - Started o.s.j.s.ServletContextHandler@55259aa7{/storage/json,null,AVAILABLE,@Spark}
2023-02-08 15:54:47,197 INFO  [main] handler.ContextHandler (ContextHandler.java:doStart(915)) - Started o.s.j.s.ServletContextHandler@66420549{/storage/rdd,null,AVAILABLE,@Spark}
2023-02-08 15:54:47,199 INFO  [main] handler.ContextHandler (ContextHandler.java:doStart(915)) - Started o.s.j.s.ServletContextHandler@6cd56321{/storage/rdd/json,null,AVAILABLE,@Spark}
2023-02-08 15:54:47,200 INFO  [main] handler.ContextHandler (ContextHandler.java:doStart(915)) - Started o.s.j.s.ServletContextHandler@42b28ff1{/environment,null,AVAILABLE,@Spark}
2023-02-08 15:54:47,202 INFO  [main] handler.ContextHandler (ContextHandler.java:doStart(915)) - Started o.s.j.s.ServletContextHandler@718dbd79{/environment/json,null,AVAILABLE,@Spark}
2023-02-08 15:54:47,203 INFO  [main] handler.ContextHandler (ContextHandler.java:doStart(915)) - Started o.s.j.s.ServletContextHandler@76889e60{/executors,null,AVAILABLE,@Spark}
2023-02-08 15:54:47,205 INFO  [main] handler.ContextHandler (ContextHandler.java:doStart(915)) - Started o.s.j.s.ServletContextHandler@6c15e8c7{/executors/json,null,AVAILABLE,@Spark}
2023-02-08 15:54:47,206 INFO  [main] handler.ContextHandler (ContextHandler.java:doStart(915)) - Started o.s.j.s.ServletContextHandler@64f1fd08{/executors/threadDump,null,AVAILABLE,@Spark}
2023-02-08 15:54:47,208 INFO  [main] handler.ContextHandler (ContextHandler.java:doStart(915)) - Started o.s.j.s.ServletContextHandler@282ffbf5{/executors/threadDump/json,null,AVAILABLE,@Spark}
2023-02-08 15:54:47,218 INFO  [main] handler.ContextHandler (ContextHandler.java:doStart(915)) - Started o.s.j.s.ServletContextHandler@55e2fe3c{/static,null,AVAILABLE,@Spark}
2023-02-08 15:54:47,219 INFO  [main] handler.ContextHandler (ContextHandler.java:doStart(915)) - Started o.s.j.s.ServletContextHandler@7569ea63{/,null,AVAILABLE,@Spark}
2023-02-08 15:54:47,220 INFO  [main] handler.ContextHandler (ContextHandler.java:doStart(915)) - Started o.s.j.s.ServletContextHandler@16c587de{/api,null,AVAILABLE,@Spark}
2023-02-08 15:54:47,221 INFO  [main] handler.ContextHandler (ContextHandler.java:doStart(915)) - Started o.s.j.s.ServletContextHandler@3a175162{/jobs/job/kill,null,AVAILABLE,@Spark}
2023-02-08 15:54:47,222 INFO  [main] handler.ContextHandler (ContextHandler.java:doStart(915)) - Started o.s.j.s.ServletContextHandler@2a2843ec{/stages/stage/kill,null,AVAILABLE,@Spark}
2023-02-08 15:54:47,224 INFO  [main] ui.SparkUI (Logging.scala:logInfo(57)) - Bound SparkUI to 0.0.0.0, and started at http://k8s-cluster.assert.se:4040
2023-02-08 15:54:47,421 INFO  [main] executor.Executor (Logging.scala:logInfo(57)) - Starting executor ID driver on host k8s-cluster.assert.se
2023-02-08 15:54:47,453 INFO  [main] util.Utils (Logging.scala:logInfo(57)) - Successfully started service 'org.apache.spark.network.netty.NettyBlockTransferService' on port 36139.
2023-02-08 15:54:47,453 INFO  [main] netty.NettyBlockTransferService (NettyBlockTransferService.scala:init(82)) - Server created on k8s-cluster.assert.se:36139
2023-02-08 15:54:47,455 INFO  [main] storage.BlockManager (Logging.scala:logInfo(57)) - Using org.apache.spark.storage.RandomBlockReplicationPolicy for block replication policy
2023-02-08 15:54:47,461 INFO  [main] storage.BlockManagerMaster (Logging.scala:logInfo(57)) - Registering BlockManager BlockManagerId(driver, k8s-cluster.assert.se, 36139, None)
2023-02-08 15:54:47,466 INFO  [dispatcher-BlockManagerMaster] storage.BlockManagerMasterEndpoint (Logging.scala:logInfo(57)) - Registering block manager k8s-cluster.assert.se:36139 with 17.8 GiB RAM, BlockManagerId(driver, k8s-cluster.assert.se, 36139, None)
2023-02-08 15:54:47,471 INFO  [main] storage.BlockManagerMaster (Logging.scala:logInfo(57)) - Registered BlockManager BlockManagerId(driver, k8s-cluster.assert.se, 36139, None)
2023-02-08 15:54:47,472 INFO  [main] storage.BlockManager (Logging.scala:logInfo(57)) - Initialized BlockManager: BlockManagerId(driver, k8s-cluster.assert.se, 36139, None)
2023-02-08 15:54:47,572 INFO  [main] handler.ContextHandler (ContextHandler.java:doStart(915)) - Started o.s.j.s.ServletContextHandler@31142d58{/metrics/json,null,AVAILABLE,@Spark}
2023-02-08 15:54:49,246 INFO  [main] HSQLDB6BD103EBD8.ENGINE (?:logInfoEvent(?)) - dataFileCache open start
Tests run: 8, Failures: 1, Errors: 0, Skipped: 0, Time elapsed: 13.211 sec <<< FAILURE! - in org.apache.sedona.core.utils.CRSTransformationTest
testPolygonDistanceJoinWithCRSTransformation(org.apache.sedona.core.utils.CRSTransformationTest)  Time elapsed: 2.707 sec  <<< FAILURE!
java.lang.AssertionError: expected:<5467> but was:<5472>
	at org.junit.Assert.fail(Assert.java:89)
	at org.junit.Assert.failNotEquals(Assert.java:835)
	at org.junit.Assert.assertEquals(Assert.java:647)
	at org.junit.Assert.assertEquals(Assert.java:633)
	at org.apache.sedona.core.utils.CRSTransformationTest.testPolygonDistanceJoinWithCRSTransformation(CRSTransformationTest.java:374)

Running org.apache.sedona.core.formatMapper.WktReaderTest
Tests run: 1, Failures: 0, Errors: 0, Skipped: 0, Time elapsed: 0.486 sec - in org.apache.sedona.core.formatMapper.WktReaderTest
Running org.apache.sedona.core.formatMapper.WkbReadTest
Tests run: 1, Failures: 0, Errors: 0, Skipped: 0, Time elapsed: 0.292 sec - in org.apache.sedona.core.formatMapper.WkbReadTest
Running org.apache.sedona.core.formatMapper.TestReadInvalidSyntaxGeometriesTest
2023-02-08 15:54:59,820 ERROR [Executor task launch worker for task 1.0 in stage 1.0 (TID 2)] formatMapper.FormatUtils (FormatUtils.java:readGeometry(298)) - [Sedona] Points of LinearRing do not form a closed linestring
2023-02-08 15:54:59,821 ERROR [Executor task launch worker for task 0.0 in stage 1.0 (TID 1)] formatMapper.FormatUtils (FormatUtils.java:readGeometry(298)) - [Sedona] Points of LinearRing do not form a closed linestring
Tests run: 1, Failures: 0, Errors: 0, Skipped: 0, Time elapsed: 0.201 sec - in org.apache.sedona.core.formatMapper.TestReadInvalidSyntaxGeometriesTest
Running org.apache.sedona.core.formatMapper.GeoJsonReaderTest
2023-02-08 15:55:00,245 WARN  [main] formatMapper.FormatUtils (FormatUtils.java:readGeoJsonPropertyNames(137)) - [Sedona] The GeoJSON file doesn't have feature properties
2023-02-08 15:55:00,373 WARN  [main] formatMapper.FormatUtils (FormatUtils.java:readGeoJsonPropertyNames(137)) - [Sedona] The GeoJSON file doesn't have feature properties
Tests run: 4, Failures: 0, Errors: 0, Skipped: 0, Time elapsed: 0.685 sec - in org.apache.sedona.core.formatMapper.GeoJsonReaderTest
Running org.apache.sedona.core.formatMapper.shapefileParser.shapes.ShapefileRDDTest
Tests run: 7, Failures: 0, Errors: 0, Skipped: 0, Time elapsed: 6.931 sec - in org.apache.sedona.core.formatMapper.shapefileParser.shapes.ShapefileRDDTest
Running org.apache.sedona.core.formatMapper.shapefileParser.shapes.GeometrySerdeTest
Tests run: 1, Failures: 0, Errors: 0, Skipped: 0, Time elapsed: 0.015 sec - in org.apache.sedona.core.formatMapper.shapefileParser.shapes.GeometrySerdeTest
Running org.apache.sedona.core.formatMapper.shapefileParser.shapes.ShapefileReaderTest
Formatting using clusterid: testClusterID
2023-02-08 15:55:08,181 WARN  [main] impl.MetricsConfig (MetricsConfig.java:loadFirst(128)) - Cannot locate configuration: tried hadoop-metrics2-namenode.properties,hadoop-metrics2.properties
2023-02-08 15:55:08,341 WARN  [main] http.HttpRequestLog (HttpRequestLog.java:getRequestLog(100)) - Jetty request log can only be enabled using Log4j
2023-02-08 15:55:08,841 WARN  [main] common.MetricsLoggerTask (MetricsLoggerTask.java:makeMetricsLoggerAsync(153)) - Metrics logging will not be async since the logger is not log4j
2023-02-08 15:55:08,909 WARN  [main] http.HttpRequestLog (HttpRequestLog.java:getRequestLog(100)) - Jetty request log can only be enabled using Log4j
2023-02-08 15:55:09,037 WARN  [main] common.MetricsLoggerTask (MetricsLoggerTask.java:makeMetricsLoggerAsync(153)) - Metrics logging will not be async since the logger is not log4j
2023-02-08 15:55:09,498 INFO  [Block report processor] BlockStateChange (BlockManager.java:processReport(2002)) - BLOCK* processReport 0x53647b3e7654b563: Processing first storage report for DS-7c3a16a8-b7e5-4915-8ba8-fb431483e20b from datanode f291109a-2dc8-4574-a72e-2b251be962f7
2023-02-08 15:55:09,501 INFO  [Block report processor] BlockStateChange (BlockManager.java:processReport(2028)) - BLOCK* processReport 0x53647b3e7654b563: from storage DS-7c3a16a8-b7e5-4915-8ba8-fb431483e20b node DatanodeRegistration(127.0.0.1:39331, datanodeUuid=f291109a-2dc8-4574-a72e-2b251be962f7, infoPort=38785, infoSecurePort=0, ipcPort=43147, storageInfo=lv=-57;cid=testClusterID;nsid=930289390;c=1675871707908), blocks: 0, hasStaleStorage: true, processing time: 3 msecs, invalidatedBlocks: 0
2023-02-08 15:55:09,502 INFO  [Block report processor] BlockStateChange (BlockManager.java:processReport(2002)) - BLOCK* processReport 0x53647b3e7654b563: Processing first storage report for DS-926d296f-e447-431c-8b34-a2aea30d3439 from datanode f291109a-2dc8-4574-a72e-2b251be962f7
2023-02-08 15:55:09,502 INFO  [Block report processor] BlockStateChange (BlockManager.java:processReport(2028)) - BLOCK* processReport 0x53647b3e7654b563: from storage DS-926d296f-e447-431c-8b34-a2aea30d3439 node DatanodeRegistration(127.0.0.1:39331, datanodeUuid=f291109a-2dc8-4574-a72e-2b251be962f7, infoPort=38785, infoSecurePort=0, ipcPort=43147, storageInfo=lv=-57;cid=testClusterID;nsid=930289390;c=1675871707908), blocks: 0, hasStaleStorage: false, processing time: 0 msecs, invalidatedBlocks: 0
2023-02-08 15:55:16,587 WARN  [main] datanode.DirectoryScanner (DirectoryScanner.java:shutdown(536)) - DirectoryScanner: shutdown has been called
2023-02-08 15:55:16,715 WARN  [BP-1277543706-127.0.1.1-1675871707908 heartbeating to localhost/127.0.0.1:35343] datanode.IncrementalBlockReportManager (IncrementalBlockReportManager.java:waitTillNextIBR(132)) - IncrementalBlockReportManager interrupted
2023-02-08 15:55:16,716 WARN  [BP-1277543706-127.0.1.1-1675871707908 heartbeating to localhost/127.0.0.1:35343] datanode.DataNode (BPServiceActor.java:run(786)) - Ending block pool service for: Block pool BP-1277543706-127.0.1.1-1675871707908 (Datanode Uuid f291109a-2dc8-4574-a72e-2b251be962f7) service to localhost/127.0.0.1:35343
2023-02-08 15:55:16,720 WARN  [refreshUsed-/home/gabsko/breaking-updates/core/target/hdfs/shapefile/data/data1/current/BP-1277543706-127.0.1.1-1675871707908] fs.CachingGetSpaceUsed (CachingGetSpaceUsed.java:run(180)) - Thread Interrupted waiting to refresh disk information: sleep interrupted
2023-02-08 15:55:16,720 WARN  [refreshUsed-/home/gabsko/breaking-updates/core/target/hdfs/shapefile/data/data2/current/BP-1277543706-127.0.1.1-1675871707908] fs.CachingGetSpaceUsed (CachingGetSpaceUsed.java:run(180)) - Thread Interrupted waiting to refresh disk information: sleep interrupted
Tests run: 10, Failures: 0, Errors: 0, Skipped: 0, Time elapsed: 9.456 sec - in org.apache.sedona.core.formatMapper.shapefileParser.shapes.ShapefileReaderTest
Running org.apache.sedona.core.spatialPartitioning.quadtree.QuadTreePartitioningTest
Tests run: 1, Failures: 0, Errors: 0, Skipped: 0, Time elapsed: 0.004 sec - in org.apache.sedona.core.spatialPartitioning.quadtree.QuadTreePartitioningTest
Running org.apache.sedona.core.spatialPartitioning.quadtree.QuadTreeTest
Tests run: 5, Failures: 0, Errors: 0, Skipped: 0, Time elapsed: 0.429 sec - in org.apache.sedona.core.spatialPartitioning.quadtree.QuadTreeTest
Running org.apache.sedona.core.spatialPartitioning.quadtree.QuadRectangleTest
Tests run: 1, Failures: 0, Errors: 0, Skipped: 0, Time elapsed: 0 sec - in org.apache.sedona.core.spatialPartitioning.quadtree.QuadRectangleTest
Running org.apache.sedona.core.spatialRDD.BoundaryAndCountAggregationTest
Tests run: 2, Failures: 0, Errors: 0, Skipped: 0, Time elapsed: 0 sec - in org.apache.sedona.core.spatialRDD.BoundaryAndCountAggregationTest
Running org.apache.sedona.core.spatialRDD.LineStringRDDTest
Tests run: 6, Failures: 0, Errors: 0, Skipped: 0, Time elapsed: 1.17 sec - in org.apache.sedona.core.spatialRDD.LineStringRDDTest
Running org.apache.sedona.core.spatialRDD.PolygonRDDTest
Tests run: 9, Failures: 0, Errors: 0, Skipped: 0, Time elapsed: 1.727 sec - in org.apache.sedona.core.spatialRDD.PolygonRDDTest
Running org.apache.sedona.core.spatialRDD.GeometryOpTest
Tests run: 1, Failures: 0, Errors: 0, Skipped: 0, Time elapsed: 0.285 sec - in org.apache.sedona.core.spatialRDD.GeometryOpTest
Running org.apache.sedona.core.spatialRDD.RectangleRDDTest
Tests run: 5, Failures: 0, Errors: 0, Skipped: 0, Time elapsed: 1.058 sec - in org.apache.sedona.core.spatialRDD.RectangleRDDTest
Running org.apache.sedona.core.spatialRDD.BoundaryAggregationTest
Tests run: 3, Failures: 0, Errors: 0, Skipped: 0, Time elapsed: 0.001 sec - in org.apache.sedona.core.spatialRDD.BoundaryAggregationTest
Running org.apache.sedona.core.spatialRDD.SpatialRDDWriterTest
Tests run: 5, Failures: 0, Errors: 0, Skipped: 0, Time elapsed: 2.557 sec - in org.apache.sedona.core.spatialRDD.SpatialRDDWriterTest
Running org.apache.sedona.core.spatialRDD.PointRDDTest
Tests run: 5, Failures: 0, Errors: 0, Skipped: 0, Time elapsed: 1.125 sec - in org.apache.sedona.core.spatialRDD.PointRDDTest
Running org.apache.sedona.core.geometryObjects.SpatialIndexSerdeTest

==== test correctness of class org.locationtech.jts.index.quadtree.Quadtree====

==== test correctness of class org.locationtech.jts.index.strtree.STRtree====

==== test size of class org.locationtech.jts.index.quadtree.Quadtree====
original size : 1727011
with serde kryo size : 498937
percent : 0.28890203941955206

==== test size of class org.locationtech.jts.index.strtree.STRtree====
original size : 1521545
with serde kryo size : 520013
percent : 0.3417664282029122

==== test Serialize time of class org.locationtech.jts.index.quadtree.Quadtree====
originalserialize time : 2.574
original deserialize time : 1.079
with serde kryo serialize time : 0.068
with serde kryo deserialize time : 0.094

==== test Serialize time of class org.locationtech.jts.index.strtree.STRtree====
originalserialize time : 3.185
original deserialize time : 1.483
with serde kryo serialize time : 0.117
with serde kryo deserialize time : 0.183
Tests run: 1, Failures: 0, Errors: 0, Skipped: 0, Time elapsed: 9.383 sec - in org.apache.sedona.core.geometryObjects.SpatialIndexSerdeTest
Running org.apache.sedona.core.geometryObjects.CircleTest
Tests run: 7, Failures: 0, Errors: 0, Skipped: 0, Time elapsed: 0.001 sec - in org.apache.sedona.core.geometryObjects.CircleTest
Running org.apache.sedona.core.spatialOperator.PointRangeTest
Tests run: 2, Failures: 0, Errors: 0, Skipped: 0, Time elapsed: 0.39 sec - in org.apache.sedona.core.spatialOperator.PointRangeTest
Running org.apache.sedona.core.spatialOperator.PointKnnTest
Tests run: 4, Failures: 0, Errors: 0, Skipped: 0, Time elapsed: 0.807 sec - in org.apache.sedona.core.spatialOperator.PointKnnTest
Running org.apache.sedona.core.spatialOperator.RectangleJoinTest
2023-02-08 15:55:40,361 WARN  [main] spatialOperator.JoinQuery (JoinQuery.java:spatialJoin(393)) - UseIndex is true, but no index exists. Will build index on the fly.
2023-02-08 15:55:42,892 WARN  [main] spatialOperator.JoinQuery (JoinQuery.java:spatialJoin(393)) - UseIndex is true, but no index exists. Will build index on the fly.
2023-02-08 15:55:46,329 WARN  [main] spatialOperator.JoinQuery (JoinQuery.java:spatialJoin(393)) - UseIndex is true, but no index exists. Will build index on the fly.
2023-02-08 15:55:48,289 WARN  [main] spatialOperator.JoinQuery (JoinQuery.java:spatialJoin(393)) - UseIndex is true, but no index exists. Will build index on the fly.
Tests run: 10, Failures: 0, Errors: 0, Skipped: 0, Time elapsed: 12.609 sec - in org.apache.sedona.core.spatialOperator.RectangleJoinTest
Running org.apache.sedona.core.spatialOperator.PointJoinTest
2023-02-08 15:55:49,737 WARN  [main] spatialOperator.JoinQuery (JoinQuery.java:spatialJoin(393)) - UseIndex is true, but no index exists. Will build index on the fly.
2023-02-08 15:55:50,188 WARN  [main] spatialOperator.JoinQuery (JoinQuery.java:spatialJoin(393)) - UseIndex is true, but no index exists. Will build index on the fly.
2023-02-08 15:55:54,003 WARN  [main] spatialOperator.JoinQuery (JoinQuery.java:spatialJoin(393)) - UseIndex is true, but no index exists. Will build index on the fly.
2023-02-08 15:55:54,351 WARN  [main] spatialOperator.JoinQuery (JoinQuery.java:spatialJoin(393)) - UseIndex is true, but no index exists. Will build index on the fly.
Tests run: 16, Failures: 0, Errors: 0, Skipped: 0, Time elapsed: 7.72 sec - in org.apache.sedona.core.spatialOperator.PointJoinTest
Running org.apache.sedona.core.spatialOperator.LineStringJoinTest
2023-02-08 15:55:57,948 WARN  [main] spatialOperator.JoinQuery (JoinQuery.java:spatialJoin(393)) - UseIndex is true, but no index exists. Will build index on the fly.
2023-02-08 15:55:59,009 WARN  [main] spatialOperator.JoinQuery (JoinQuery.java:spatialJoin(393)) - UseIndex is true, but no index exists. Will build index on the fly.
2023-02-08 15:56:00,614 WARN  [main] spatialOperator.JoinQuery (JoinQuery.java:spatialJoin(393)) - UseIndex is true, but no index exists. Will build index on the fly.
2023-02-08 15:56:01,686 WARN  [main] spatialOperator.JoinQuery (JoinQuery.java:spatialJoin(393)) - UseIndex is true, but no index exists. Will build index on the fly.
Tests run: 10, Failures: 0, Errors: 0, Skipped: 0, Time elapsed: 5.647 sec - in org.apache.sedona.core.spatialOperator.LineStringJoinTest
Running org.apache.sedona.core.spatialOperator.PolygonRangeTest
Tests run: 2, Failures: 0, Errors: 0, Skipped: 0, Time elapsed: 0.455 sec - in org.apache.sedona.core.spatialOperator.PolygonRangeTest
Running org.apache.sedona.core.spatialOperator.RectangleKnnTest
Tests run: 3, Failures: 0, Errors: 0, Skipped: 0, Time elapsed: 0.594 sec - in org.apache.sedona.core.spatialOperator.RectangleKnnTest
Running org.apache.sedona.core.spatialOperator.PolygonJoinTest
2023-02-08 15:56:03,369 WARN  [main] spatialOperator.JoinQuery (JoinQuery.java:spatialJoin(393)) - UseIndex is true, but no index exists. Will build index on the fly.
2023-02-08 15:56:10,239 WARN  [main] spatialOperator.JoinQuery (JoinQuery.java:spatialJoin(393)) - UseIndex is true, but no index exists. Will build index on the fly.
2023-02-08 15:56:10,784 WARN  [main] spatialOperator.JoinQuery (JoinQuery.java:spatialJoin(393)) - UseIndex is true, but no index exists. Will build index on the fly.
2023-02-08 15:56:15,096 WARN  [main] spatialOperator.JoinQuery (JoinQuery.java:spatialJoin(393)) - UseIndex is true, but no index exists. Will build index on the fly.
2023-02-08 15:56:17,472 WARN  [main] spatialOperator.JoinQuery (JoinQuery.java:spatialJoin(393)) - UseIndex is true, but no index exists. Will build index on the fly.
2023-02-08 15:56:23,661 WARN  [main] spatialOperator.JoinQuery (JoinQuery.java:spatialJoin(393)) - UseIndex is true, but no index exists. Will build index on the fly.
2023-02-08 15:56:24,196 WARN  [main] spatialOperator.JoinQuery (JoinQuery.java:spatialJoin(393)) - UseIndex is true, but no index exists. Will build index on the fly.
2023-02-08 15:56:28,251 WARN  [main] spatialOperator.JoinQuery (JoinQuery.java:spatialJoin(393)) - UseIndex is true, but no index exists. Will build index on the fly.
Tests run: 22, Failures: 0, Errors: 0, Skipped: 0, Time elapsed: 27.122 sec - in org.apache.sedona.core.spatialOperator.PolygonJoinTest
Running org.apache.sedona.core.spatialOperator.LineStringKnnTest
Tests run: 2, Failures: 0, Errors: 0, Skipped: 0, Time elapsed: 0.409 sec - in org.apache.sedona.core.spatialOperator.LineStringKnnTest
Running org.apache.sedona.core.spatialOperator.PolygonKnnTest
Tests run: 3, Failures: 0, Errors: 0, Skipped: 0, Time elapsed: 0.516 sec - in org.apache.sedona.core.spatialOperator.PolygonKnnTest
Running org.apache.sedona.core.spatialOperator.LineStringRangeTest
Tests run: 2, Failures: 0, Errors: 0, Skipped: 0, Time elapsed: 0.6 sec - in org.apache.sedona.core.spatialOperator.LineStringRangeTest
Running org.apache.sedona.core.spatialOperator.RectangleRangeTest
Tests run: 3, Failures: 0, Errors: 0, Skipped: 0, Time elapsed: 0.568 sec - in org.apache.sedona.core.spatialOperator.RectangleRangeTest

Results :

Failed tests: 
  CRSTransformationTest.testPolygonDistanceJoinWithCRSTransformation:374 expected:<5467> but was:<5472>

Tests run: 165, Failures: 1, Errors: 0, Skipped: 0

[INFO] ------------------------------------------------------------------------
[INFO] Reactor Summary for sedona-parent 1.2.1-incubating-SNAPSHOT:
[INFO] 
[INFO] sedona-parent ...................................... SUCCESS [  4.359 s]
[INFO] org.apache.sedona:sedona-core-3.0_2.12 ............. FAILURE [01:59 min]
[INFO] org.apache.sedona:sedona-sql-3.0_2.12 .............. SKIPPED
[INFO] org.apache.sedona:sedona-viz-3.0_2.12 .............. SKIPPED
[INFO] org.apache.sedona:sedona-python-adapter-3.0_2.12 ... SKIPPED
[INFO] org.apache.sedona:sedona-flink_2.12 ................ SKIPPED
[INFO] ------------------------------------------------------------------------
[INFO] BUILD FAILURE
[INFO] ------------------------------------------------------------------------
[INFO] Total time:  02:03 min
[INFO] Finished at: 2023-02-08T15:56:32Z
[INFO] ------------------------------------------------------------------------
[ERROR] Failed to execute goal org.apache.maven.plugins:maven-surefire-plugin:2.18.1:test (default-test) on project sedona-core-3.0_2.12: There are test failures.
[ERROR] 
[ERROR] Please refer to /home/gabsko/breaking-updates/core/target/surefire-reports for the individual test results.
[ERROR] -> [Help 1]
[ERROR] 
[ERROR] To see the full stack trace of the errors, re-run Maven with the -e switch.
[ERROR] Re-run Maven using the -X switch to enable full debug logging.
[ERROR] 
[ERROR] For more information about the errors and possible solutions, please read the following articles:
[ERROR] [Help 1] http://cwiki.apache.org/confluence/display/MAVEN/MojoFailureException
[ERROR] 
[ERROR] After correcting the problems, you can resume the build with the command
[ERROR]   mvn <args> -rf :sedona-core-3.0_2.12
