[INFO] Scanning for projects...
[INFO] ------------------------------------------------------------------------
[INFO] Reactor Build Order:
[INFO] 
[INFO] drasyl: General-Purpose Overlay Network Framework - Parent Package [pom]
[INFO] drasyl: General-Purpose Overlay Network Framework - Core Package   [jar]
[INFO] drasyl: General-Purpose Overlay Network Framework - Groups Membership Client Plugin Package [jar]
[INFO] drasyl: General-Purpose Overlay Network Framework - Groups Membership Manager Plugin Package [jar]
[INFO] drasyl: General-Purpose Overlay Network Framework - CLI Package    [jar]
[INFO] drasyl: General-Purpose Overlay Network Framework - Examples Package [jar]
[INFO] drasyl: General-Purpose Overlay Network Framework - Integration Tests Package [jar]
[INFO] drasyl: General-Purpose Overlay Network Framework - Performance Tests Package [jar]
[INFO] drasyl: General-Purpose Overlay Network Framework - All-in-One Package [jar]
[INFO] 
[INFO] ----------------------< org.drasyl:drasyl-parent >----------------------
[INFO] Building drasyl: General-Purpose Overlay Network Framework - Parent Package 0.6.0-SNAPSHOT [1/9]
[INFO] --------------------------------[ pom ]---------------------------------
[INFO] 
[INFO] --- maven-clean-plugin:2.5:clean (default-clean) @ drasyl-parent ---
[INFO] 
[INFO] --- jacoco-maven-plugin:0.8.7:prepare-agent (default) @ drasyl-parent ---
[INFO] surefireArgLine set to -javaagent:/home/gabsko/.m2/repository/org/jacoco/org.jacoco.agent/0.8.7/org.jacoco.agent-0.8.7-runtime.jar=destfile=/home/gabsko/breaking-updates/target/jacoco.exec
[INFO] 
[INFO] -----------------------< org.drasyl:drasyl-core >-----------------------
[INFO] Building drasyl: General-Purpose Overlay Network Framework - Core Package 0.6.0-SNAPSHOT [2/9]
[INFO] --------------------------------[ jar ]---------------------------------
[INFO] 
[INFO] --- maven-clean-plugin:2.5:clean (default-clean) @ drasyl-core ---
[INFO] Deleting /home/gabsko/breaking-updates/drasyl-core/target
[INFO] 
[INFO] --- git-commit-id-plugin:4.0.5:revision (get-the-git-infos) @ drasyl-core ---
[INFO] 
[INFO] --- jacoco-maven-plugin:0.8.7:prepare-agent (default) @ drasyl-core ---
[INFO] surefireArgLine set to -javaagent:/home/gabsko/.m2/repository/org/jacoco/org.jacoco.agent/0.8.7/org.jacoco.agent-0.8.7-runtime.jar=destfile=/home/gabsko/breaking-updates/drasyl-core/target/jacoco.exec,excludes=org/drasyl/remote/protocol/Protocol*
[INFO] 
[INFO] --- protoc-jar-maven-plugin:3.11.4:run (default) @ drasyl-core ---
[INFO] Protoc version: 3.14.0
protoc-jar: protoc version: 3.14.0, detected platform: linux-x86_64 (linux/amd64)
protoc-jar: using default maven settings, didn't find user settings.xml
protoc-jar: cached: /tmp/protocjar.webcache/com/google/protobuf/protoc/maven-metadata.xml
protoc-jar: cached: /tmp/protocjar.webcache/com/google/protobuf/protoc/3.14.0/protoc-3.14.0-linux-x86_64.exe
protoc-jar: executing: [/tmp/protocjar2364578730353386005/bin/protoc.exe, --version]
libprotoc 3.14.0
[INFO] Protoc command: /tmp/protocjar2364578730353386005/bin/protoc.exe
[INFO] Input directories:
[INFO]     /home/gabsko/breaking-updates/drasyl-core/src/main/protobuf
[INFO] Output targets:
[INFO]     java: /home/gabsko/breaking-updates/drasyl-core/src/main/java (add: main, clean: false, plugin: null, outputOptions: null)
[INFO]     Processing (java): protocol.proto
protoc-jar: executing: [/tmp/protocjar2364578730353386005/bin/protoc.exe, -I/home/gabsko/breaking-updates/drasyl-core/src/main/protobuf, --java_out=/home/gabsko/breaking-updates/drasyl-core/src/main/java, /home/gabsko/breaking-updates/drasyl-core/src/main/protobuf/protocol.proto]
[INFO] Adding generated sources (java): /home/gabsko/breaking-updates/drasyl-core/src/main/java
[INFO] 
[INFO] --- maven-resources-plugin:2.6:resources (default-resources) @ drasyl-core ---
[INFO] Using 'UTF-8' encoding to copy filtered resources.
[INFO] skip non existing resourceDirectory /home/gabsko/breaking-updates/drasyl-core/relay-monitoring-page
[INFO] Copying 8 resources
[INFO] 
[INFO] --- maven-compiler-plugin:3.8.1:compile (default-compile) @ drasyl-core ---
[INFO] Changes detected - recompiling the module!
[INFO] Compiling 235 source files to /home/gabsko/breaking-updates/drasyl-core/target/classes
[INFO] /home/gabsko/breaking-updates/drasyl-core/src/main/java/org/drasyl/remote/handler/InternetDiscovery.java: Some input files use unchecked or unsafe operations.
[INFO] /home/gabsko/breaking-updates/drasyl-core/src/main/java/org/drasyl/remote/handler/InternetDiscovery.java: Recompile with -Xlint:unchecked for details.
[INFO] 
[INFO] --- maven-resources-plugin:2.6:testResources (default-testResources) @ drasyl-core ---
[INFO] Using 'UTF-8' encoding to copy filtered resources.
[INFO] Copying 2 resources
[INFO] 
[INFO] --- maven-compiler-plugin:3.8.1:testCompile (default-testCompile) @ drasyl-core ---
[INFO] Changes detected - recompiling the module!
[INFO] Compiling 133 source files to /home/gabsko/breaking-updates/drasyl-core/target/test-classes
[INFO] /home/gabsko/breaking-updates/drasyl-core/src/test/java/org/drasyl/crypto/CryptoTest.java: /home/gabsko/breaking-updates/drasyl-core/src/test/java/org/drasyl/crypto/CryptoTest.java uses unchecked or unsafe operations.
[INFO] /home/gabsko/breaking-updates/drasyl-core/src/test/java/org/drasyl/crypto/CryptoTest.java: Recompile with -Xlint:unchecked for details.
[INFO] 
[INFO] --- maven-surefire-plugin:3.0.0-M5:test (default-test) @ drasyl-core ---
[INFO] 
[INFO] -------------------------------------------------------
[INFO]  T E S T S
[INFO] -------------------------------------------------------
[ERROR] Feb 08, 2023 7:12:44 PM org.junit.platform.launcher.core.LauncherConfigurationParameters loadClasspathResource
[ERROR] INFO: Loading JUnit Platform configuration parameters from classpath resource [file:/home/gabsko/breaking-updates/drasyl-core/target/test-classes/junit-platform.properties].
[INFO] Running org.drasyl.peer.EndpointTest
[INFO] Running org.drasyl.serialization.JacksonJsonSerializerTest
[INFO] Running org.drasyl.util.ConcurrentReferenceTest
[INFO] Running org.drasyl.serialization.NullSerializerTest
[INFO] Running org.drasyl.remote.handler.RateLimiterTest
[INFO] Running org.drasyl.remote.handler.crypto.AgreementIdTest
[INFO] Running org.drasyl.util.TypeParameterMatcherTest
[INFO] Running org.drasyl.remote.protocol.NonceTest
[INFO] Running org.drasyl.serialization.DisabledSerializerTest
[INFO] Running org.drasyl.identity.IdentitySecretKeyTest
[INFO] Running org.drasyl.util.InetSocketAddressUtilTest
[INFO] Running org.drasyl.identity.KeyAgreementSecretKeyTest
[INFO] Running org.drasyl.event.NodeDownEventTest
[INFO] Running org.drasyl.util.LoggingUtilTest
[INFO] Running org.drasyl.util.InternPoolTest
[INFO] Running org.drasyl.util.NettyUtilTest
[INFO] Running org.drasyl.util.MaskedStringTest
[INFO] Running org.drasyl.remote.handler.tcp.TcpServerTest
[INFO] Running org.drasyl.util.scheduler.DrasylSchedulerUtilTest
[INFO] Running org.drasyl.plugin.PluginEnvironmentTest
[INFO] Running org.drasyl.util.ThrowingRunnableTest
[INFO] Running org.drasyl.serialization.StringSerializerTest
[INFO] Running org.drasyl.util.ThrowingBiConsumerTest
[INFO] Running org.drasyl.remote.handler.UdpServerTest
[INFO] Running org.drasyl.util.ThrowingBiFunctionTest
[INFO] Running org.drasyl.behaviour.BehaviorTest
[INFO] Running org.drasyl.util.UnsignedIntegerTest
[INFO] Running org.drasyl.remote.handler.UdpMulticastServerTest
[INFO] Running org.drasyl.pipeline.handler.MessagesThroughputHandlerTest
[INFO] Running org.drasyl.pipeline.AbstractHandlerContextTest
[INFO] Running org.drasyl.util.logging.JdkLoggerTest
[INFO] Running org.drasyl.pipeline.serialization.SerializationTest
[INFO] Running org.drasyl.util.WormTest
[INFO] Running org.drasyl.identity.KeyAgreementSecretKeyTest$ToString
[INFO] Running org.drasyl.util.LoggingUtilTest$SanitizeLogArg
[INFO] Running org.drasyl.util.ThrowingBiFunctionTest$Apply
[INFO] Running org.drasyl.util.InetSocketAddressUtilTest$SocketAddressFromString
[INFO] Running org.drasyl.util.ThrowingBiConsumerTest$Accept
[INFO] Running org.drasyl.util.NettyUtilTest$GetBestSocketChannel
[INFO] Running org.drasyl.event.NodeDownEventTest$HashCode
[INFO] Running org.drasyl.util.UnsignedIntegerTest$Decrement
[INFO] Running org.drasyl.util.protocol.UpnpIgdUtilTest
[INFO] Running org.drasyl.plugin.PluginEnvironmentTest$HashCode
[INFO] Running org.drasyl.pipeline.serialization.SerializationTest$RemoveSerializer
[INFO] Running org.drasyl.peer.EndpointTest$JsonSerialization
[INFO] Running org.drasyl.remote.handler.portmapper.UpnpIgdPortMappingTest
[INFO] Running org.drasyl.peer.PeersManagerTest
[INFO] Running org.drasyl.util.ConcurrentReferenceTest$ToString
[INFO] Running org.drasyl.remote.handler.UdpServerTest$MessagePassing
[INFO] Running org.drasyl.serialization.JacksonJsonSerializerTest$FromByteArray
[INFO] Running org.drasyl.remote.protocol.NonceTest$ToByteArray
[INFO] Running org.drasyl.identity.IdentitySecretKeyTest$JsonSerialization
[INFO] Running org.drasyl.util.TypeParameterMatcherTest$Match
[INFO] Running org.drasyl.util.WormTest$Of
[INFO] Running org.drasyl.remote.handler.portmapper.UpnpIgdPortMappingTest$Fail
[INFO] Running org.drasyl.util.protocol.UpnpIgdUtilTest$TestDiscoveryResponseMessage
[INFO] Running org.drasyl.util.ThrowingRunnableTest$Run
[INFO] Running org.drasyl.remote.handler.crypto.AgreementIdTest$HashCode
[INFO] Running org.drasyl.serialization.NullSerializerTest$FromByteArray
[INFO] Running org.drasyl.peer.PeersManagerTest$AddPathAndChildren
[INFO] Running org.drasyl.remote.handler.UdpMulticastServerTest$MessagePassing
[INFO] Running org.drasyl.util.MaskedStringTest$ToUnmaskedString
[INFO] Running org.drasyl.serialization.DisabledSerializerTest$FromByteArray
[INFO] Running org.drasyl.behaviour.BehaviorTest$TestCase
[INFO] Running org.drasyl.behaviour.BehaviorTest$TestCase$HashCode
[INFO] Running org.drasyl.util.InternPoolTest$Intern
[INFO] Running org.drasyl.serialization.StringSerializerTest$FromByteArray
[INFO] Running org.drasyl.remote.handler.tcp.TcpServerTest$TcpServerHandlerTest
[INFO] Running org.drasyl.util.scheduler.DrasylSchedulerUtilTest$GetInstanceLight
[WARNING] Tests run: 16, Failures: 0, Errors: 0, Skipped: 5, Time elapsed: 0.046 s - in org.drasyl.serialization.StringSerializerTest$FromByteArray
[INFO] Tests run: 0, Failures: 0, Errors: 0, Skipped: 0, Time elapsed: 0.048 s - in org.drasyl.util.MaskedStringTest$ToUnmaskedString
[INFO] Running org.drasyl.util.MaskedStringTest$ToString
[INFO] Running org.drasyl.serialization.StringSerializerTest$ToByteArray
[INFO] Tests run: 1, Failures: 0, Errors: 0, Skipped: 0, Time elapsed: 0.048 s - in org.drasyl.serialization.DisabledSerializerTest$FromByteArray
[INFO] Running org.drasyl.serialization.DisabledSerializerTest$ToByteArray
[INFO] Tests run: 1, Failures: 0, Errors: 0, Skipped: 0, Time elapsed: 0.049 s - in org.drasyl.serialization.NullSerializerTest$FromByteArray
[INFO] Running org.drasyl.serialization.NullSerializerTest$ToByteArray
[INFO] Tests run: 0, Failures: 0, Errors: 0, Skipped: 0, Time elapsed: 0.064 s - in org.drasyl.util.TypeParameterMatcherTest$Match
[INFO] Running org.drasyl.util.TypeParameterMatcherTest$Find
[INFO] Tests run: 1, Failures: 0, Errors: 0, Skipped: 0, Time elapsed: 0.002 s - in org.drasyl.serialization.DisabledSerializerTest$ToByteArray
[INFO] Tests run: 4, Failures: 0, Errors: 0, Skipped: 0, Time elapsed: 0.08 s - in org.drasyl.serialization.DisabledSerializerTest
[INFO] Running org.drasyl.remote.handler.tcp.TcpClientTest
[INFO] Running org.drasyl.remote.handler.tcp.TcpClientTest$TcpClientHandlerTest
[INFO] Tests run: 0, Failures: 0, Errors: 0, Skipped: 0, Time elapsed: 0.003 s - in org.drasyl.util.TypeParameterMatcherTest$Find
[INFO] Tests run: 0, Failures: 0, Errors: 0, Skipped: 0, Time elapsed: 0.006 s - in org.drasyl.serialization.StringSerializerTest$ToByteArray
[INFO] Tests run: 0, Failures: 0, Errors: 0, Skipped: 0, Time elapsed: 0.008 s - in org.drasyl.util.MaskedStringTest$ToString
[INFO] Tests run: 0, Failures: 0, Errors: 0, Skipped: 0, Time elapsed: 0.003 s - in org.drasyl.serialization.NullSerializerTest$ToByteArray
[INFO] Tests run: 0, Failures: 0, Errors: 0, Skipped: 0, Time elapsed: 0.093 s - in org.drasyl.util.TypeParameterMatcherTest
[INFO] Tests run: 0, Failures: 0, Errors: 0, Skipped: 0, Time elapsed: 0.094 s - in org.drasyl.serialization.StringSerializerTest
[INFO] Running org.drasyl.pipeline.skeleton.SimpleDuplexHandlerTest
[INFO] Running org.drasyl.DrasylExceptionTest
[INFO] Tests run: 0, Failures: 0, Errors: 0, Skipped: 0, Time elapsed: 0.094 s - in org.drasyl.util.MaskedStringTest
[INFO] Tests run: 0, Failures: 0, Errors: 0, Skipped: 0, Time elapsed: 0.094 s - in org.drasyl.serialization.NullSerializerTest
[INFO] Running org.drasyl.util.ThrowingConsumerTest
[INFO] Running org.drasyl.pipeline.skeleton.SimpleDuplexHandlerTest$InboundTest
[INFO] Running org.drasyl.DrasylExceptionTest$HashCode
[INFO] Running org.drasyl.util.ThrowingConsumerTest$Accept
[INFO] Running org.drasyl.serialization.ByteSerializerTest
[INFO] Running org.drasyl.serialization.ByteSerializerTest$FromByteArray
[INFO] Tests run: 3, Failures: 0, Errors: 0, Skipped: 0, Time elapsed: 0.003 s - in org.drasyl.serialization.ByteSerializerTest$FromByteArray
[INFO] Running org.drasyl.serialization.ByteSerializerTest$ToByteArray
[INFO] Tests run: 2, Failures: 0, Errors: 0, Skipped: 0, Time elapsed: 0.002 s - in org.drasyl.serialization.ByteSerializerTest$ToByteArray
[INFO] Tests run: 0, Failures: 0, Errors: 0, Skipped: 0, Time elapsed: 0.01 s - in org.drasyl.serialization.ByteSerializerTest
[INFO] Running org.drasyl.remote.handler.portmapper.NatPmpPortMappingTest
[INFO] Running org.drasyl.remote.handler.portmapper.NatPmpPortMappingTest$Fail
[INFO] Tests run: 1, Failures: 0, Errors: 0, Skipped: 0, Time elapsed: 0.365 s - in org.drasyl.identity.KeyAgreementSecretKeyTest$ToString
[INFO] Tests run: 0, Failures: 0, Errors: 0, Skipped: 0, Time elapsed: 0.376 s - in org.drasyl.identity.KeyAgreementSecretKeyTest
[INFO] Running org.drasyl.intravm.IntraVmDiscoveryTest
[INFO] Running org.drasyl.intravm.IntraVmDiscoveryTest$MessagePassing
[INFO] Tests run: 1, Failures: 0, Errors: 0, Skipped: 0, Time elapsed: 0.389 s - in org.drasyl.serialization.JacksonJsonSerializerTest$FromByteArray
[INFO] Running org.drasyl.serialization.JacksonJsonSerializerTest$ToByteArray
[INFO] Tests run: 1, Failures: 0, Errors: 0, Skipped: 0, Time elapsed: 0.002 s - in org.drasyl.serialization.JacksonJsonSerializerTest$ToByteArray
[INFO] Tests run: 0, Failures: 0, Errors: 0, Skipped: 0, Time elapsed: 0.403 s - in org.drasyl.serialization.JacksonJsonSerializerTest
[INFO] Running org.drasyl.util.WebSocketUtilTest
[INFO] Running org.drasyl.util.WebSocketUtilTest$IsWebSocketURI
[INFO] Tests run: 22, Failures: 0, Errors: 0, Skipped: 0, Time elapsed: 0.474 s - in org.drasyl.remote.protocol.NonceTest$ToByteArray
[INFO] Running org.drasyl.remote.protocol.NonceTest$IsValidNonce
[INFO] Tests run: 2, Failures: 0, Errors: 0, Skipped: 0, Time elapsed: 0.476 s - in org.drasyl.util.LoggingUtilTest$SanitizeLogArg
[INFO] Tests run: 0, Failures: 0, Errors: 0, Skipped: 0, Time elapsed: 0.386 s - in org.drasyl.DrasylExceptionTest$HashCode
[INFO] Tests run: 0, Failures: 0, Errors: 0, Skipped: 0, Time elapsed: 0.474 s - in org.drasyl.util.protocol.UpnpIgdUtilTest$TestDiscoveryResponseMessage
[INFO] Tests run: 0, Failures: 0, Errors: 0, Skipped: 0, Time elapsed: 0.478 s - in org.drasyl.util.ConcurrentReferenceTest$ToString
[INFO] Running org.drasyl.DrasylExceptionTest$Equals
[INFO] Running org.drasyl.util.protocol.UpnpIgdUtilTest$TestExternalIpAddress
[INFO] Tests run: 1, Failures: 0, Errors: 0, Skipped: 0, Time elapsed: 0.478 s - in org.drasyl.util.WormTest$Of
[INFO] Running org.drasyl.util.ConcurrentReferenceTest$HashCode
[INFO] Tests run: 0, Failures: 0, Errors: 0, Skipped: 0, Time elapsed: 0.474 s - in org.drasyl.util.InternPoolTest$Intern
[INFO] Running org.drasyl.util.WormTest$ToString
[INFO] Tests run: 1, Failures: 0, Errors: 0, Skipped: 0, Time elapsed: 0.478 s - in org.drasyl.util.UnsignedIntegerTest$Decrement
[INFO] Running org.drasyl.util.UnsignedIntegerTest$Increment
[INFO] Tests run: 3, Failures: 0, Errors: 0, Skipped: 0, Time elapsed: 0.495 s - in org.drasyl.util.LoggingUtilTest
[INFO] Running org.drasyl.pipeline.handler.codec.MessageToMessageEncoderTest
[INFO] Tests run: 5, Failures: 0, Errors: 0, Skipped: 0, Time elapsed: 0.497 s - in org.drasyl.util.InternPoolTest
[INFO] Running org.drasyl.util.TripleTest
[INFO] Running org.drasyl.util.TripleTest$JsonSerialization
[INFO] Tests run: 1, Failures: 0, Errors: 0, Skipped: 0, Time elapsed: 0.002 s - in org.drasyl.util.protocol.UpnpIgdUtilTest$TestExternalIpAddress
[INFO] Tests run: 0, Failures: 0, Errors: 0, Skipped: 0, Time elapsed: 0.486 s - in org.drasyl.util.InetSocketAddressUtilTest$SocketAddressFromString
[INFO] Running org.drasyl.util.protocol.UpnpIgdUtilTest$TestStatusInfo
[INFO] Tests run: 0, Failures: 0, Errors: 0, Skipped: 0, Time elapsed: 0.091 s - in org.drasyl.util.WebSocketUtilTest$IsWebSocketURI
[INFO] Tests run: 0, Failures: 0, Errors: 0, Skipped: 0, Time elapsed: 0.001 s - in org.drasyl.util.WormTest$ToString
[INFO] Running org.drasyl.util.WebSocketUtilTest$IsWebSocketNonSecureURI
[INFO] Tests run: 0, Failures: 0, Errors: 0, Skipped: 0, Time elapsed: 0.003 s - in org.drasyl.DrasylExceptionTest$Equals
[INFO] Running org.drasyl.util.WormTest$HashCode
[INFO] Tests run: 3, Failures: 0, Errors: 0, Skipped: 0, Time elapsed: 0.002 s - in org.drasyl.util.ConcurrentReferenceTest$HashCode
[INFO] Running org.drasyl.util.ConcurrentReferenceTest$Equals
[INFO] Tests run: 2, Failures: 0, Errors: 0, Skipped: 0, Time elapsed: 0.005 s - in org.drasyl.remote.protocol.NonceTest$IsValidNonce
[INFO] Running org.drasyl.remote.protocol.NonceTest$RandomNonce
[INFO] Tests run: 0, Failures: 0, Errors: 0, Skipped: 0, Time elapsed: 0.002 s - in org.drasyl.util.UnsignedIntegerTest$Increment
[INFO] Running org.drasyl.util.UnsignedIntegerTest$HashCode
[INFO] Tests run: 2, Failures: 0, Errors: 0, Skipped: 0, Time elapsed: 0.406 s - in org.drasyl.DrasylExceptionTest
[INFO] Running org.drasyl.loopback.handler.LoopbackMessageHandlerTest
[INFO] Tests run: 3, Failures: 0, Errors: 0, Skipped: 0, Time elapsed: 0.001 s - in org.drasyl.util.WormTest$HashCode
[INFO] Running org.drasyl.util.WormTest$Equals
[INFO] Tests run: 2, Failures: 0, Errors: 0, Skipped: 0, Time elapsed: 0.001 s - in org.drasyl.util.WormTest$Equals
[INFO] Running org.drasyl.util.WormTest$IsEmpty
[INFO] Tests run: 1, Failures: 0, Errors: 0, Skipped: 0, Time elapsed: 0.505 s - in org.drasyl.util.InetSocketAddressUtilTest
[INFO] Tests run: 0, Failures: 0, Errors: 0, Skipped: 0, Time elapsed: 0.009 s - in org.drasyl.util.protocol.UpnpIgdUtilTest$TestStatusInfo
[INFO] Running org.drasyl.util.UriUtilTest
[INFO] Running org.drasyl.util.protocol.UpnpIgdUtilTest$TestMappingEntry
[INFO] Running org.drasyl.util.UriUtilTest$GetQueryMap
[INFO] Tests run: 1, Failures: 0, Errors: 0, Skipped: 0, Time elapsed: 0.007 s - in org.drasyl.util.WebSocketUtilTest$IsWebSocketNonSecureURI
[INFO] Running org.drasyl.util.WebSocketUtilTest$IsWebSocketSecureURI
[INFO] Tests run: 0, Failures: 0, Errors: 0, Skipped: 0, Time elapsed: 0.002 s - in org.drasyl.util.ConcurrentReferenceTest$Equals
[INFO] Tests run: 0, Failures: 0, Errors: 0, Skipped: 0, Time elapsed: 0.007 s - in org.drasyl.remote.protocol.NonceTest$RandomNonce
[INFO] Tests run: 1, Failures: 0, Errors: 0, Skipped: 0, Time elapsed: 0.5 s - in org.drasyl.remote.handler.crypto.AgreementIdTest$HashCode
[INFO] Running org.drasyl.util.ConcurrentReferenceTest$SetAndGet
[INFO] Tests run: 0, Failures: 0, Errors: 0, Skipped: 0, Time elapsed: 0.003 s - in org.drasyl.util.UnsignedIntegerTest$HashCode
[INFO] Running org.drasyl.remote.protocol.NonceTest$ToString
[INFO] Running org.drasyl.remote.handler.crypto.AgreementIdTest$Equals
[INFO] Running org.drasyl.util.UnsignedIntegerTest$Equals
[INFO] Tests run: 3, Failures: 0, Errors: 0, Skipped: 0, Time elapsed: 0.003 s - in org.drasyl.util.WormTest$IsEmpty
[INFO] Running org.drasyl.util.WormTest$IsPresent
[INFO] Tests run: 8, Failures: 0, Errors: 0, Skipped: 0, Time elapsed: 0.002 s - in org.drasyl.remote.protocol.NonceTest$ToString
[INFO] Running org.drasyl.remote.protocol.NonceTest$HashCode
[INFO] Tests run: 8, Failures: 0, Errors: 0, Skipped: 0, Time elapsed: 0.002 s - in org.drasyl.util.UnsignedIntegerTest$Equals
[INFO] Running org.drasyl.util.UnsignedIntegerTest$Creation
[INFO] Tests run: 1, Failures: 0, Errors: 0, Skipped: 0, Time elapsed: 0.001 s - in org.drasyl.util.WormTest$IsPresent
[INFO] Running org.drasyl.util.WormTest$GetOrCompute
[INFO] Tests run: 1, Failures: 0, Errors: 0, Skipped: 0, Time elapsed: 0.003 s - in org.drasyl.util.WebSocketUtilTest$IsWebSocketSecureURI
[INFO] Running org.drasyl.util.WebSocketUtilTest$WebSocketPort
[INFO] Tests run: 0, Failures: 0, Errors: 0, Skipped: 0, Time elapsed: 0.001 s - in org.drasyl.util.UnsignedIntegerTest$Creation
[INFO] Tests run: 1, Failures: 0, Errors: 0, Skipped: 0, Time elapsed: 0.005 s - in org.drasyl.util.ConcurrentReferenceTest$SetAndGet
[INFO] Tests run: 0, Failures: 0, Errors: 0, Skipped: 0, Time elapsed: 0.007 s - in org.drasyl.util.UriUtilTest$GetQueryMap
[INFO] Tests run: 0, Failures: 0, Errors: 0, Skipped: 0, Time elapsed: 0.004 s - in org.drasyl.util.protocol.UpnpIgdUtilTest$TestMappingEntry
[INFO] Tests run: 0, Failures: 0, Errors: 0, Skipped: 0, Time elapsed: 0.001 s - in org.drasyl.remote.protocol.NonceTest$HashCode
[INFO] Tests run: 0, Failures: 0, Errors: 0, Skipped: 0, Time elapsed: 0.004 s - in org.drasyl.remote.handler.crypto.AgreementIdTest$Equals
[INFO] Running org.drasyl.remote.protocol.NonceTest$Equals
[INFO] Running org.drasyl.remote.handler.crypto.AgreementIdTest$Validation
[INFO] Running org.drasyl.util.protocol.UpnpIgdUtilTest$TestService
[INFO] Running org.drasyl.util.UriUtilTest$CreateUri
[INFO] Running org.drasyl.util.ConcurrentReferenceTest$Get
[INFO] Running org.drasyl.util.UnsignedIntegerTest$Validation
[INFO] Tests run: 8, Failures: 0, Errors: 0, Skipped: 0, Time elapsed: 0.002 s - in org.drasyl.util.UriUtilTest$CreateUri
[INFO] Tests run: 1, Failures: 0, Errors: 0, Skipped: 0, Time elapsed: 0.001 s - in org.drasyl.util.protocol.UpnpIgdUtilTest$TestService
[INFO] Running org.drasyl.util.protocol.UpnpIgdUtilTest$SoapRequest
[INFO] Tests run: 6, Failures: 0, Errors: 0, Skipped: 0, Time elapsed: 0.002 s - in org.drasyl.remote.protocol.NonceTest$Equals
[INFO] Running org.drasyl.remote.protocol.NonceTest$Of
[INFO] Tests run: 0, Failures: 0, Errors: 0, Skipped: 0, Time elapsed: 0.052 s - in org.drasyl.util.UriUtilTest
[INFO] Running org.drasyl.identity.IdentityManagerTest
[INFO] Running org.drasyl.identity.IdentityManagerTest$DeleteIdentityFile
[INFO] Tests run: 2, Failures: 0, Errors: 0, Skipped: 0, Time elapsed: 0.004 s - in org.drasyl.util.ConcurrentReferenceTest$Get
[INFO] Tests run: 1, Failures: 0, Errors: 0, Skipped: 0, Time elapsed: 0.044 s - in org.drasyl.util.WormTest$GetOrCompute
[INFO] Running org.drasyl.util.WormTest$GetOrSet
[INFO] Tests run: 0, Failures: 0, Errors: 0, Skipped: 0, Time elapsed: 0.539 s - in org.drasyl.util.scheduler.DrasylSchedulerUtilTest$GetInstanceLight
[INFO] Tests run: 0, Failures: 0, Errors: 0, Skipped: 0, Time elapsed: 0.007 s - in org.drasyl.remote.handler.crypto.AgreementIdTest$Validation
[INFO] Running org.drasyl.util.scheduler.DrasylSchedulerUtilTest$GetInstanceHeavy
[INFO] Running org.drasyl.remote.handler.crypto.AgreementIdTest$Create
[INFO] Tests run: 2, Failures: 0, Errors: 0, Skipped: 0, Time elapsed: 0.029 s - in org.drasyl.util.WebSocketUtilTest$WebSocketPort
[INFO] Tests run: 0, Failures: 0, Errors: 0, Skipped: 0, Time elapsed: 0.574 s - in org.drasyl.util.ConcurrentReferenceTest
[INFO] Running org.drasyl.util.DurationUtilTest
[INFO] Running org.drasyl.util.DurationUtilTest$Min
[INFO] Tests run: 5, Failures: 0, Errors: 0, Skipped: 0, Time elapsed: 0.171 s - in org.drasyl.util.WebSocketUtilTest
[INFO] Tests run: 1, Failures: 0, Errors: 0, Skipped: 0, Time elapsed: 0.005 s - in org.drasyl.remote.protocol.NonceTest$Of
[INFO] Running org.drasyl.crypto.HexUtilTest
[INFO] Running org.drasyl.crypto.HexUtilTest$FromString
[INFO] Tests run: 4, Failures: 0, Errors: 0, Skipped: 0, Time elapsed: 0.003 s - in org.drasyl.util.WormTest$GetOrSet
[INFO] Tests run: 1, Failures: 0, Errors: 0, Skipped: 0, Time elapsed: 0.579 s - in org.drasyl.remote.protocol.NonceTest
[INFO] Running org.drasyl.util.WormTest$Set
[INFO] Running org.drasyl.remote.handler.portmapper.PortMapperTest
[INFO] Tests run: 1, Failures: 0, Errors: 0, Skipped: 0, Time elapsed: 0.002 s - in org.drasyl.util.scheduler.DrasylSchedulerUtilTest$GetInstanceHeavy
[INFO] Running org.drasyl.remote.handler.portmapper.PortMapperTest$MethodCycling
[INFO] Tests run: 2, Failures: 0, Errors: 0, Skipped: 0, Time elapsed: 0.574 s - in org.drasyl.peer.EndpointTest$JsonSerialization
[INFO] Tests run: 0, Failures: 0, Errors: 0, Skipped: 0, Time elapsed: 0.003 s - in org.drasyl.util.DurationUtilTest$Min
[INFO] Tests run: 0, Failures: 0, Errors: 0, Skipped: 0, Time elapsed: 0.004 s - in org.drasyl.remote.handler.crypto.AgreementIdTest$Create
[INFO] Running org.drasyl.peer.EndpointTest$JsonDeserialization
[INFO] Running org.drasyl.util.DurationUtilTest$Max
[INFO] Tests run: 1, Failures: 0, Errors: 0, Skipped: 0, Time elapsed: 0.007 s - in org.drasyl.crypto.HexUtilTest$FromString
[INFO] Tests run: 0, Failures: 0, Errors: 0, Skipped: 0, Time elapsed: 0.586 s - in org.drasyl.util.scheduler.DrasylSchedulerUtilTest
[INFO] Running org.drasyl.crypto.HexUtilTest$ToString
[INFO] Running org.drasyl.pipeline.serialization.MessageSerializerTest
[INFO] Running org.drasyl.pipeline.serialization.MessageSerializerTest$OnOutboundMessage
[INFO] Tests run: 2, Failures: 0, Errors: 0, Skipped: 0, Time elapsed: 0.02 s - in org.drasyl.util.UnsignedIntegerTest$Validation
[INFO] Tests run: 0, Failures: 0, Errors: 0, Skipped: 0, Time elapsed: 0.589 s - in org.drasyl.remote.handler.crypto.AgreementIdTest
[INFO] Running org.drasyl.util.UnsignedIntegerTest$ToString
[INFO] Running org.drasyl.remote.handler.InvalidProofOfWorkFilterTest
[INFO] Tests run: 1, Failures: 0, Errors: 0, Skipped: 0, Time elapsed: 0.004 s - in org.drasyl.util.WormTest$Set
[INFO] Running org.drasyl.util.WormTest$Get
[INFO] Tests run: 0, Failures: 0, Errors: 0, Skipped: 0, Time elapsed: 0.004 s - in org.drasyl.util.DurationUtilTest$Max
[INFO] Tests run: 2, Failures: 0, Errors: 0, Skipped: 0, Time elapsed: 0.003 s - in org.drasyl.crypto.HexUtilTest$ToString
[INFO] Tests run: 1, Failures: 0, Errors: 0, Skipped: 0, Time elapsed: 0.017 s - in org.drasyl.util.DurationUtilTest
[INFO] Running org.drasyl.util.ThrowingSupplierTest
[INFO] Tests run: 2, Failures: 0, Errors: 0, Skipped: 0, Time elapsed: 0.584 s - in org.drasyl.identity.IdentitySecretKeyTest$JsonSerialization
[INFO] Running org.drasyl.util.ThrowingSupplierTest$Get
[INFO] Running org.drasyl.identity.IdentitySecretKeyTest$JsonDeserialization
[INFO] Tests run: 0, Failures: 0, Errors: 0, Skipped: 0, Time elapsed: 0.018 s - in org.drasyl.crypto.HexUtilTest
[INFO] Running org.drasyl.pipeline.HandlerMaskTest
[INFO] Running org.drasyl.pipeline.HandlerMaskTest$Skippable
[INFO] Tests run: 1, Failures: 0, Errors: 0, Skipped: 0, Time elapsed: 0.004 s - in org.drasyl.util.WormTest$Get
[INFO] Tests run: 0, Failures: 0, Errors: 0, Skipped: 0, Time elapsed: 0.005 s - in org.drasyl.util.UnsignedIntegerTest$ToString
[INFO] Tests run: 0, Failures: 0, Errors: 0, Skipped: 0, Time elapsed: 0.601 s - in org.drasyl.util.UnsignedIntegerTest
[INFO] Tests run: 0, Failures: 0, Errors: 0, Skipped: 0, Time elapsed: 0.601 s - in org.drasyl.util.WormTest
[INFO] Running org.drasyl.util.ThrowingFunctionTest
[INFO] Running org.drasyl.util.ThrowingFunctionTest$Apply
[INFO] Running org.drasyl.pipeline.HeadContextTest
[INFO] Running org.drasyl.pipeline.HeadContextTest$OnRead
[INFO] Tests run: 8, Failures: 0, Errors: 0, Skipped: 0, Time elapsed: 0.011 s - in org.drasyl.pipeline.HandlerMaskTest$Skippable
[INFO] Running org.drasyl.pipeline.HandlerMaskTest$Mask
[INFO] Tests run: 2, Failures: 0, Errors: 0, Skipped: 0, Time elapsed: 0.002 s - in org.drasyl.pipeline.HandlerMaskTest$Mask
[INFO] Tests run: 1, Failures: 0, Errors: 0, Skipped: 0, Time elapsed: 0.017 s - in org.drasyl.pipeline.HandlerMaskTest
[INFO] Tests run: 0, Failures: 0, Errors: 0, Skipped: 0, Time elapsed: 0.116 s - in org.drasyl.util.TripleTest$JsonSerialization
[INFO] Running org.drasyl.util.PairTest
[INFO] Running org.drasyl.util.TripleTest$JsonDeserialization
[INFO] Running org.drasyl.util.PairTest$JsonSerialization
[INFO] Tests run: 1, Failures: 0, Errors: 0, Skipped: 0, Time elapsed: 0.004 s - in org.drasyl.util.PairTest$JsonSerialization
[INFO] Running org.drasyl.util.PairTest$JsonDeserialization
[INFO] Tests run: 2, Failures: 0, Errors: 0, Skipped: 0, Time elapsed: 0.618 s - in org.drasyl.util.NettyUtilTest$GetBestSocketChannel
[INFO] Running org.drasyl.util.NettyUtilTest$GetBestServerSocketChannel
[INFO] Tests run: 4, Failures: 0, Errors: 0, Skipped: 0, Time elapsed: 0.002 s - in org.drasyl.util.NettyUtilTest$GetBestServerSocketChannel
[INFO] Running org.drasyl.util.NettyUtilTest$GetBestDatagramChannel
[INFO] Tests run: 0, Failures: 0, Errors: 0, Skipped: 0, Time elapsed: 0.045 s - in org.drasyl.peer.EndpointTest$JsonDeserialization
[INFO] Running org.drasyl.peer.EndpointTest$Of
[INFO] Tests run: 5, Failures: 0, Errors: 0, Skipped: 0, Time elapsed: 0.003 s - in org.drasyl.util.NettyUtilTest$GetBestDatagramChannel
[INFO] Running org.drasyl.util.NettyUtilTest$GetBestEventLoopGroup
[INFO] Tests run: 4, Failures: 0, Errors: 0, Skipped: 0, Time elapsed: 0.008 s - in org.drasyl.peer.EndpointTest$Of
[INFO] Running org.drasyl.peer.EndpointTest$ToInetSocketAddress
[INFO] Tests run: 1, Failures: 0, Errors: 0, Skipped: 0, Time elapsed: 0.001 s - in org.drasyl.peer.EndpointTest$ToInetSocketAddress
[INFO] Running org.drasyl.peer.EndpointTest$GetPort
[INFO] Tests run: 1, Failures: 0, Errors: 0, Skipped: 0, Time elapsed: 0.001 s - in org.drasyl.peer.EndpointTest$GetPort
[INFO] Running org.drasyl.peer.EndpointTest$GetHost
[INFO] Tests run: 1, Failures: 0, Errors: 0, Skipped: 0, Time elapsed: 0.003 s - in org.drasyl.peer.EndpointTest$GetHost
[INFO] Running org.drasyl.peer.EndpointTest$GetURI
[INFO] Tests run: 3, Failures: 0, Errors: 0, Skipped: 0, Time elapsed: 0.046 s - in org.drasyl.util.TripleTest$JsonDeserialization
[INFO] Tests run: 0, Failures: 0, Errors: 0, Skipped: 0, Time elapsed: 0.04 s - in org.drasyl.util.PairTest$JsonDeserialization
[INFO] Running org.drasyl.util.TripleTest$ToString
[INFO] Running org.drasyl.util.PairTest$ToString
[INFO] Tests run: 0, Failures: 0, Errors: 0, Skipped: 0, Time elapsed: 0.002 s - in org.drasyl.peer.EndpointTest$GetURI
[INFO] Running org.drasyl.peer.EndpointTest$ToString
[INFO] Tests run: 2, Failures: 0, Errors: 0, Skipped: 0, Time elapsed: 0.075 s - in org.drasyl.identity.IdentitySecretKeyTest$JsonDeserialization
[INFO] Running org.drasyl.identity.IdentitySecretKeyTest$Of
[INFO] Tests run: 0, Failures: 0, Errors: 0, Skipped: 0, Time elapsed: 0.005 s - in org.drasyl.peer.EndpointTest$ToString
[INFO] Running org.drasyl.peer.EndpointTest$HashCode
[INFO] Tests run: 3, Failures: 0, Errors: 0, Skipped: 0, Time elapsed: 0.002 s - in org.drasyl.identity.IdentitySecretKeyTest$Of
[INFO] Running org.drasyl.identity.IdentitySecretKeyTest$ToUnmaskedString
[INFO] Tests run: 2, Failures: 0, Errors: 0, Skipped: 0, Time elapsed: 0 s - in org.drasyl.identity.IdentitySecretKeyTest$ToUnmaskedString
[INFO] Running org.drasyl.identity.IdentitySecretKeyTest$ToString
[INFO] Tests run: 0, Failures: 0, Errors: 0, Skipped: 0, Time elapsed: 0.004 s - in org.drasyl.peer.EndpointTest$HashCode
[INFO] Running org.drasyl.peer.EndpointTest$Equals
[INFO] Tests run: 4, Failures: 0, Errors: 0, Skipped: 0, Time elapsed: 0.02 s - in org.drasyl.util.PairTest$ToString
[INFO] Tests run: 0, Failures: 0, Errors: 0, Skipped: 0, Time elapsed: 0.001 s - in org.drasyl.identity.IdentitySecretKeyTest$ToString
[INFO] Tests run: 0, Failures: 0, Errors: 0, Skipped: 0, Time elapsed: 0.02 s - in org.drasyl.util.TripleTest$ToString
[INFO] Running org.drasyl.util.PairTest$HashCode
[INFO] Running org.drasyl.util.TripleTest$HashCode
[INFO] Tests run: 3, Failures: 0, Errors: 0, Skipped: 0, Time elapsed: 0.69 s - in org.drasyl.identity.IdentitySecretKeyTest
[INFO] Running org.drasyl.pipeline.handler.OutboundMessagesThrottlingHandlerTest
[INFO] Tests run: 0, Failures: 0, Errors: 0, Skipped: 0, Time elapsed: 0.003 s - in org.drasyl.peer.EndpointTest$Equals
[INFO] Tests run: 0, Failures: 0, Errors: 0, Skipped: 0, Time elapsed: 0.001 s - in org.drasyl.util.PairTest$HashCode
[INFO] Running org.drasyl.util.PairTest$Equals
[INFO] Tests run: 0, Failures: 0, Errors: 0, Skipped: 0, Time elapsed: 0.001 s - in org.drasyl.util.TripleTest$HashCode
[INFO] Running org.drasyl.util.TripleTest$Equals
[INFO] Tests run: 1, Failures: 0, Errors: 0, Skipped: 0, Time elapsed: 0.692 s - in org.drasyl.peer.EndpointTest
[INFO] Running org.drasyl.serialization.LongSerializerTest
[INFO] Tests run: 1, Failures: 0, Errors: 0, Skipped: 0, Time elapsed: 0.001 s - in org.drasyl.util.PairTest$Equals
[INFO] Running org.drasyl.serialization.LongSerializerTest$FromByteArray
[INFO] Running org.drasyl.util.PairTest$Second
[INFO] Tests run: 1, Failures: 0, Errors: 0, Skipped: 0, Time elapsed: 0.001 s - in org.drasyl.util.TripleTest$Equals
[INFO] Running org.drasyl.util.TripleTest$Third
[INFO] Tests run: 1, Failures: 0, Errors: 0, Skipped: 0, Time elapsed: 0.001 s - in org.drasyl.util.PairTest$Second
[INFO] Running org.drasyl.util.PairTest$First
[INFO] Tests run: 2, Failures: 0, Errors: 0, Skipped: 0, Time elapsed: 0 s - in org.drasyl.util.TripleTest$Third
[INFO] Running org.drasyl.util.TripleTest$Second
[INFO] Tests run: 0, Failures: 0, Errors: 0, Skipped: 0, Time elapsed: 0.001 s - in org.drasyl.util.PairTest$First
[INFO] Tests run: 1, Failures: 0, Errors: 0, Skipped: 0, Time elapsed: 0.081 s - in org.drasyl.util.PairTest
[INFO] Running org.drasyl.pipeline.skeleton.SimpleOutboundHandlerTest
[INFO] Tests run: 2, Failures: 0, Errors: 0, Skipped: 0, Time elapsed: 0 s - in org.drasyl.util.TripleTest$Second
[INFO] Running org.drasyl.util.TripleTest$First
[INFO] Tests run: 1, Failures: 0, Errors: 0, Skipped: 0, Time elapsed: 0.005 s - in org.drasyl.serialization.LongSerializerTest$FromByteArray
[INFO] Running org.drasyl.serialization.LongSerializerTest$ToByteArray
[INFO] Tests run: 0, Failures: 0, Errors: 0, Skipped: 0, Time elapsed: 0 s - in org.drasyl.util.TripleTest$First
[INFO] Tests run: 2, Failures: 0, Errors: 0, Skipped: 0, Time elapsed: 0.203 s - in org.drasyl.util.TripleTest
[INFO] Running org.drasyl.behaviour.BehaviorsTest
[INFO] Running org.drasyl.behaviour.BehaviorsTest$WithScheduler
[INFO] Tests run: 0, Failures: 0, Errors: 0, Skipped: 0, Time elapsed: 0.002 s - in org.drasyl.serialization.LongSerializerTest$ToByteArray
[INFO] Tests run: 0, Failures: 0, Errors: 0, Skipped: 0, Time elapsed: 0.01 s - in org.drasyl.serialization.LongSerializerTest
[INFO] Running org.drasyl.util.NumberUtilTest
[INFO] Running org.drasyl.util.NumberUtilTest$NumberToHumanDataRate
[INFO] Tests run: 2, Failures: 0, Errors: 0, Skipped: 0, Time elapsed: 0.008 s - in org.drasyl.util.NumberUtilTest$NumberToHumanDataRate
[INFO] Running org.drasyl.util.NumberUtilTest$NumberToHumanData
[INFO] Tests run: 2, Failures: 0, Errors: 0, Skipped: 0, Time elapsed: 0.003 s - in org.drasyl.util.NumberUtilTest$NumberToHumanData
[INFO] Tests run: 0, Failures: 0, Errors: 0, Skipped: 0, Time elapsed: 0.013 s - in org.drasyl.util.NumberUtilTest
[INFO] Running org.drasyl.DrasylNodeTest
[INFO] Running org.drasyl.DrasylNodeTest$GetVersion
[INFO] Tests run: 1, Failures: 0, Errors: 0, Skipped: 0, Time elapsed: 0.289 s - in org.drasyl.util.ThrowingFunctionTest$Apply
[INFO] Tests run: 0, Failures: 0, Errors: 0, Skipped: 0, Time elapsed: 0.29 s - in org.drasyl.util.ThrowingFunctionTest
[INFO] Running org.drasyl.behaviour.BehavioralDrasylNodeTest
[INFO] Running org.drasyl.behaviour.BehavioralDrasylNodeTest$OnEvent
[INFO] Tests run: 1, Failures: 0, Errors: 0, Skipped: 0, Time elapsed: 0.307 s - in org.drasyl.util.ThrowingSupplierTest$Get
[INFO] Tests run: 0, Failures: 0, Errors: 0, Skipped: 0, Time elapsed: 0.308 s - in org.drasyl.util.ThrowingSupplierTest
[INFO] Running org.drasyl.util.logging.Slf4JLoggerTest
[INFO] Tests run: 4, Failures: 0, Errors: 0, Skipped: 0, Time elapsed: 0.953 s - in org.drasyl.util.ThrowingBiConsumerTest$Accept
[INFO] Tests run: 0, Failures: 0, Errors: 0, Skipped: 0, Time elapsed: 0.954 s - in org.drasyl.util.ThrowingBiFunctionTest$Apply
[INFO] Tests run: 0, Failures: 0, Errors: 0, Skipped: 0, Time elapsed: 0.864 s - in org.drasyl.util.ThrowingConsumerTest$Accept
[INFO] Tests run: 0, Failures: 0, Errors: 0, Skipped: 0, Time elapsed: 0.953 s - in org.drasyl.util.ThrowingRunnableTest$Run
[INFO] Tests run: 0, Failures: 0, Errors: 0, Skipped: 0, Time elapsed: 0.966 s - in org.drasyl.util.ThrowingBiConsumerTest
[INFO] Running org.drasyl.pipeline.skeleton.SimpleInboundHandlerTest
[INFO] Tests run: 0, Failures: 0, Errors: 0, Skipped: 0, Time elapsed: 0.967 s - in org.drasyl.util.ThrowingBiFunctionTest
[INFO] Tests run: 0, Failures: 0, Errors: 0, Skipped: 0, Time elapsed: 0.868 s - in org.drasyl.util.ThrowingConsumerTest
[INFO] Running org.drasyl.remote.handler.LocalNetworkDiscoveryTest
[INFO] Running org.drasyl.serialization.IntegerSerializerTest
[INFO] Tests run: 0, Failures: 0, Errors: 0, Skipped: 0, Time elapsed: 0.97 s - in org.drasyl.util.ThrowingRunnableTest
[INFO] Running org.drasyl.serialization.IntegerSerializerTest$FromByteArray
[INFO] Tests run: 3, Failures: 0, Errors: 0, Skipped: 0, Time elapsed: 0.005 s - in org.drasyl.serialization.IntegerSerializerTest$FromByteArray
[INFO] Running org.drasyl.serialization.IntegerSerializerTest$ToByteArray
[INFO] Tests run: 2, Failures: 0, Errors: 0, Skipped: 0, Time elapsed: 0.002 s - in org.drasyl.serialization.IntegerSerializerTest$ToByteArray
[INFO] Running org.drasyl.remote.protocol.RemoteEnvelopeTest
[INFO] Running org.drasyl.remote.protocol.RemoteEnvelopeTest$TestMagicNumber
[INFO] Tests run: 0, Failures: 0, Errors: 0, Skipped: 0, Time elapsed: 0.01 s - in org.drasyl.serialization.IntegerSerializerTest
[INFO] Running org.drasyl.serialization.ShortSerializerTest
[INFO] Running org.drasyl.serialization.ShortSerializerTest$FromByteArray
[INFO] Tests run: 3, Failures: 0, Errors: 0, Skipped: 0, Time elapsed: 0.004 s - in org.drasyl.serialization.ShortSerializerTest$FromByteArray
[INFO] Running org.drasyl.serialization.ShortSerializerTest$ToByteArray
[INFO] Tests run: 2, Failures: 0, Errors: 0, Skipped: 0, Time elapsed: 0.001 s - in org.drasyl.serialization.ShortSerializerTest$ToByteArray
[INFO] Tests run: 0, Failures: 0, Errors: 0, Skipped: 0, Time elapsed: 0.007 s - in org.drasyl.serialization.ShortSerializerTest
[INFO] Running org.drasyl.util.EventLoopGroupUtilTest
[INFO] Running org.drasyl.util.EventLoopGroupUtilTest$GetInstanceNio
[INFO] Tests run: 1, Failures: 0, Errors: 0, Skipped: 0, Time elapsed: 0.009 s - in org.drasyl.util.EventLoopGroupUtilTest$GetInstanceNio
[INFO] Running org.drasyl.util.EventLoopGroupUtilTest$GetInstanceBest
[INFO] Tests run: 1, Failures: 0, Errors: 0, Skipped: 0, Time elapsed: 0.001 s - in org.drasyl.util.EventLoopGroupUtilTest$GetInstanceBest
[INFO] Tests run: 0, Failures: 0, Errors: 0, Skipped: 0, Time elapsed: 0.012 s - in org.drasyl.util.EventLoopGroupUtilTest
[INFO] Running org.drasyl.identity.IdentityTest
[INFO] Running org.drasyl.identity.IdentityTest$JsonSerialization
[INFO] Tests run: 1, Failures: 0, Errors: 0, Skipped: 0, Time elapsed: 0.01 s - in org.drasyl.identity.IdentityTest$JsonSerialization
[INFO] Running org.drasyl.identity.IdentityTest$JsonDeserialization
[INFO] Tests run: 1, Failures: 0, Errors: 0, Skipped: 0, Time elapsed: 0.016 s - in org.drasyl.identity.IdentityTest$JsonDeserialization
[INFO] Tests run: 0, Failures: 0, Errors: 0, Skipped: 0, Time elapsed: 0.029 s - in org.drasyl.identity.IdentityTest
[INFO] Running org.drasyl.util.UrlUtilTest
[INFO] Running org.drasyl.util.UrlUtilTest$CreateUrl
2023-02-08T19:12:47,024Z [39mDEBUG[0;39m --- [1-worker-119] [36mio.netty.util.ResourceLeakDetector      [0;39m : -Dio.netty.leakDetection.level: paranoid
2023-02-08T19:12:47,027Z [39mDEBUG[0;39m --- [1-worker-119] [36mio.netty.util.ResourceLeakDetector      [0;39m : -Dio.netty.leakDetection.targetRecords: 4
[INFO] Tests run: 3, Failures: 0, Errors: 0, Skipped: 0, Time elapsed: 0.005 s - in org.drasyl.util.UrlUtilTest$CreateUrl
[INFO] Tests run: 0, Failures: 0, Errors: 0, Skipped: 0, Time elapsed: 0.006 s - in org.drasyl.util.UrlUtilTest
[INFO] Running org.drasyl.identity.ProofOfWorkTest
[INFO] Running org.drasyl.identity.ProofOfWorkTest$Invalid
[INFO] Tests run: 1, Failures: 0, Errors: 0, Skipped: 0, Time elapsed: 1.033 s - in org.drasyl.behaviour.BehaviorTest$TestCase$HashCode
[INFO] Running org.drasyl.behaviour.BehaviorTest$TestCase$Equals
[INFO] Tests run: 2, Failures: 0, Errors: 0, Skipped: 0, Time elapsed: 0.001 s - in org.drasyl.behaviour.BehaviorTest$TestCase$Equals
[INFO] Tests run: 0, Failures: 0, Errors: 0, Skipped: 0, Time elapsed: 0.009 s - in org.drasyl.identity.ProofOfWorkTest$Invalid
[INFO] Running org.drasyl.identity.ProofOfWorkTest$JsonSerialization
[INFO] Tests run: 0, Failures: 0, Errors: 0, Skipped: 0, Time elapsed: 1.039 s - in org.drasyl.behaviour.BehaviorTest$TestCase
[INFO] Running org.drasyl.behaviour.BehaviorTest$TestBehaviorBuilder
[INFO] Running org.drasyl.behaviour.BehaviorTest$TestBehaviorBuilder$OnAnyMessage
[INFO] Tests run: 1, Failures: 0, Errors: 0, Skipped: 0, Time elapsed: 0.001 s - in org.drasyl.identity.ProofOfWorkTest$JsonSerialization
[INFO] Running org.drasyl.identity.ProofOfWorkTest$JsonDeserialization
[INFO] Tests run: 1, Failures: 0, Errors: 0, Skipped: 0, Time elapsed: 0.001 s - in org.drasyl.identity.ProofOfWorkTest$JsonDeserialization
[INFO] Running org.drasyl.identity.ProofOfWorkTest$IncNonce
[INFO] Tests run: 1, Failures: 0, Errors: 0, Skipped: 0, Time elapsed: 0 s - in org.drasyl.identity.ProofOfWorkTest$IncNonce
[INFO] Running org.drasyl.identity.ProofOfWorkTest$GenerateProofOfWork
[INFO] Tests run: 1, Failures: 0, Errors: 0, Skipped: 0, Time elapsed: 0.003 s - in org.drasyl.identity.ProofOfWorkTest$GenerateProofOfWork
[INFO] Running org.drasyl.identity.ProofOfWorkTest$Equals
[INFO] Tests run: 1, Failures: 0, Errors: 0, Skipped: 0, Time elapsed: 0.001 s - in org.drasyl.identity.ProofOfWorkTest$Equals
[INFO] Tests run: 0, Failures: 0, Errors: 0, Skipped: 0, Time elapsed: 0.021 s - in org.drasyl.identity.ProofOfWorkTest
[INFO] Running org.drasyl.util.UnsignedShortTest
[INFO] Running org.drasyl.util.UnsignedShortTest$Decrement
[INFO] Tests run: 1, Failures: 0, Errors: 0, Skipped: 0, Time elapsed: 0.001 s - in org.drasyl.util.UnsignedShortTest$Decrement
[INFO] Running org.drasyl.util.UnsignedShortTest$Increment
[INFO] Tests run: 1, Failures: 0, Errors: 0, Skipped: 0, Time elapsed: 0.001 s - in org.drasyl.util.UnsignedShortTest$Increment
[INFO] Running org.drasyl.util.UnsignedShortTest$HashCode
[INFO] Tests run: 2, Failures: 0, Errors: 0, Skipped: 0, Time elapsed: 0.001 s - in org.drasyl.util.UnsignedShortTest$HashCode
[INFO] Running org.drasyl.util.UnsignedShortTest$Equals
[INFO] Tests run: 2, Failures: 0, Errors: 0, Skipped: 0, Time elapsed: 0.001 s - in org.drasyl.util.UnsignedShortTest$Equals
[INFO] Running org.drasyl.util.UnsignedShortTest$Creation
[INFO] Tests run: 2, Failures: 0, Errors: 0, Skipped: 0, Time elapsed: 0.09 s - in org.drasyl.remote.protocol.RemoteEnvelopeTest$TestMagicNumber
[INFO] Running org.drasyl.remote.protocol.RemoteEnvelopeTest$TestUnite
[INFO] Tests run: 0, Failures: 0, Errors: 0, Skipped: 0, Time elapsed: 0.001 s - in org.drasyl.util.UnsignedShortTest$Creation
[INFO] Running org.drasyl.util.UnsignedShortTest$Validation
[INFO] Tests run: 3, Failures: 0, Errors: 0, Skipped: 0, Time elapsed: 0.003 s - in org.drasyl.util.UnsignedShortTest$Validation
[INFO] Tests run: 0, Failures: 0, Errors: 0, Skipped: 0, Time elapsed: 0.003 s - in org.drasyl.remote.protocol.RemoteEnvelopeTest$TestUnite
[INFO] Running org.drasyl.util.UnsignedShortTest$ToString
[INFO] Running org.drasyl.remote.protocol.RemoteEnvelopeTest$TestDiscovery
[INFO] Tests run: 1, Failures: 0, Errors: 0, Skipped: 0, Time elapsed: 0.004 s - in org.drasyl.util.UnsignedShortTest$ToString
[INFO] Tests run: 1, Failures: 0, Errors: 0, Skipped: 0, Time elapsed: 0.02 s - in org.drasyl.util.UnsignedShortTest
[INFO] Tests run: 0, Failures: 0, Errors: 0, Skipped: 0, Time elapsed: 0.005 s - in org.drasyl.remote.protocol.RemoteEnvelopeTest$TestDiscovery
[INFO] Running org.drasyl.localhost.LocalHostDiscoveryTest
[INFO] Running org.drasyl.remote.protocol.RemoteEnvelopeTest$TestApplication
[INFO] Running org.drasyl.localhost.LocalHostDiscoveryTest$Scan
[INFO] Tests run: 1, Failures: 0, Errors: 0, Skipped: 0, Time elapsed: 0.001 s - in org.drasyl.remote.protocol.RemoteEnvelopeTest$TestApplication
[INFO] Running org.drasyl.remote.protocol.RemoteEnvelopeTest$TestAcknowledgement
[INFO] Tests run: 1, Failures: 0, Errors: 0, Skipped: 0, Time elapsed: 0.003 s - in org.drasyl.remote.protocol.RemoteEnvelopeTest$TestAcknowledgement
[INFO] Running org.drasyl.remote.protocol.RemoteEnvelopeTest$Disarm
[INFO] Tests run: 1, Failures: 0, Errors: 0, Skipped: 0, Time elapsed: 1.092 s - in org.drasyl.event.NodeDownEventTest$HashCode
[INFO] Running org.drasyl.event.NodeDownEventTest$Equals
[INFO] Tests run: 1, Failures: 0, Errors: 0, Skipped: 0, Time elapsed: 0.001 s - in org.drasyl.event.NodeDownEventTest$Equals
[INFO] Running org.drasyl.event.NodeDownEventTest$GetMessage
[INFO] Tests run: 1, Failures: 0, Errors: 0, Skipped: 0, Time elapsed: 0.001 s - in org.drasyl.event.NodeDownEventTest$GetMessage
[INFO] Tests run: 0, Failures: 0, Errors: 0, Skipped: 0, Time elapsed: 1.106 s - in org.drasyl.event.NodeDownEventTest
[INFO] Running org.drasyl.util.FutureUtilTest
[INFO] Running org.drasyl.util.FutureUtilTest$ToFuture
[INFO] Tests run: 4, Failures: 0, Errors: 0, Skipped: 0, Time elapsed: 0.058 s - in org.drasyl.remote.protocol.RemoteEnvelopeTest$Disarm
[INFO] Running org.drasyl.remote.protocol.RemoteEnvelopeTest$Arm
[INFO] Tests run: 2, Failures: 0, Errors: 0, Skipped: 0, Time elapsed: 0.004 s - in org.drasyl.remote.protocol.RemoteEnvelopeTest$Arm
[INFO] Running org.drasyl.remote.protocol.RemoteEnvelopeTest$GetPublicHeaderAndRemainingBytes
[INFO] Tests run: 3, Failures: 0, Errors: 0, Skipped: 0, Time elapsed: 0.019 s - in org.drasyl.remote.protocol.RemoteEnvelopeTest$GetPublicHeaderAndRemainingBytes
[INFO] Running org.drasyl.remote.protocol.RemoteEnvelopeTest$IncrementHopCount
[INFO] Tests run: 3, Failures: 0, Errors: 0, Skipped: 0, Time elapsed: 0.005 s - in org.drasyl.remote.protocol.RemoteEnvelopeTest$IncrementHopCount
[INFO] Running org.drasyl.remote.protocol.RemoteEnvelopeTest$GetHopCount
[INFO] Tests run: 1, Failures: 0, Errors: 0, Skipped: 0, Time elapsed: 1.238 s - in org.drasyl.plugin.PluginEnvironmentTest$HashCode
[INFO] Running org.drasyl.plugin.PluginEnvironmentTest$Equals
[INFO] Tests run: 1, Failures: 0, Errors: 0, Skipped: 0, Time elapsed: 0.008 s - in org.drasyl.plugin.PluginEnvironmentTest$Equals
[INFO] Tests run: 0, Failures: 0, Errors: 0, Skipped: 0, Time elapsed: 1.26 s - in org.drasyl.plugin.PluginEnvironmentTest
[INFO] Running org.drasyl.remote.handler.StaticRoutesHandlerTest
[INFO] Running org.drasyl.util.logging.JdkLoggerTest$Lazy
[INFO] Running org.drasyl.util.logging.JdkLoggerTest$Lazy$DynamicLevel
[INFO] Running org.drasyl.util.logging.JdkLoggerTest$Lazy$DynamicLevel$WhenDisabled
[INFO] Tests run: 4, Failures: 0, Errors: 0, Skipped: 0, Time elapsed: 0.268 s - in org.drasyl.remote.protocol.RemoteEnvelopeTest$GetHopCount
[INFO] Running org.drasyl.remote.protocol.RemoteEnvelopeTest$GetSender
[INFO] Tests run: 1, Failures: 0, Errors: 0, Skipped: 0, Time elapsed: 0.003 s - in org.drasyl.remote.protocol.RemoteEnvelopeTest$GetSender
[INFO] Running org.drasyl.remote.protocol.RemoteEnvelopeTest$GetRecipient
[INFO] Tests run: 2, Failures: 0, Errors: 0, Skipped: 0, Time elapsed: 0.003 s - in org.drasyl.remote.protocol.RemoteEnvelopeTest$GetRecipient
[INFO] Running org.drasyl.remote.protocol.RemoteEnvelopeTest$GetProofOfWork
[INFO] Tests run: 2, Failures: 0, Errors: 0, Skipped: 0, Time elapsed: 0.004 s - in org.drasyl.remote.protocol.RemoteEnvelopeTest$GetProofOfWork
[INFO] Running org.drasyl.remote.protocol.RemoteEnvelopeTest$GetNetworkId
[INFO] Tests run: 2, Failures: 0, Errors: 0, Skipped: 0, Time elapsed: 0.003 s - in org.drasyl.remote.protocol.RemoteEnvelopeTest$GetNetworkId
[INFO] Running org.drasyl.remote.protocol.RemoteEnvelopeTest$GetId
[INFO] Tests run: 2, Failures: 0, Errors: 0, Skipped: 0, Time elapsed: 0.002 s - in org.drasyl.remote.protocol.RemoteEnvelopeTest$GetId
[INFO] Running org.drasyl.remote.protocol.RemoteEnvelopeTest$GetBody
[INFO] Tests run: 1, Failures: 0, Errors: 0, Skipped: 0, Time elapsed: 0.003 s - in org.drasyl.remote.protocol.RemoteEnvelopeTest$GetBody
[INFO] Running org.drasyl.remote.protocol.RemoteEnvelopeTest$GetPrivateHeader
[INFO] Tests run: 1, Failures: 0, Errors: 0, Skipped: 0, Time elapsed: 0.002 s - in org.drasyl.remote.protocol.RemoteEnvelopeTest$GetPrivateHeader
[INFO] Running org.drasyl.remote.protocol.RemoteEnvelopeTest$GetPublicHeader
[INFO] Tests run: 2, Failures: 0, Errors: 0, Skipped: 0, Time elapsed: 0.002 s - in org.drasyl.remote.protocol.RemoteEnvelopeTest$GetPublicHeader
[INFO] Running org.drasyl.remote.protocol.RemoteEnvelopeTest$ToString
[INFO] Tests run: 1, Failures: 0, Errors: 0, Skipped: 0, Time elapsed: 0.009 s - in org.drasyl.remote.protocol.RemoteEnvelopeTest$ToString
[INFO] Running org.drasyl.remote.protocol.RemoteEnvelopeTest$ReferenceCounted
[INFO] Tests run: 1, Failures: 0, Errors: 0, Skipped: 0, Time elapsed: 1.025 s - in org.drasyl.identity.IdentityManagerTest$DeleteIdentityFile
[INFO] Running org.drasyl.identity.IdentityManagerTest$LoadOrCreateIdentity
[INFO] Tests run: 3, Failures: 0, Errors: 0, Skipped: 0, Time elapsed: 1.038 s - in org.drasyl.util.protocol.UpnpIgdUtilTest$SoapRequest
[INFO] Running org.drasyl.util.protocol.UpnpIgdUtilTest$BuildDiscoveryMessage
[INFO] Tests run: 3, Failures: 0, Errors: 0, Skipped: 0, Time elapsed: 0.02 s - in org.drasyl.identity.IdentityManagerTest$LoadOrCreateIdentity
[INFO] Tests run: 0, Failures: 0, Errors: 0, Skipped: 0, Time elapsed: 1.047 s - in org.drasyl.identity.IdentityManagerTest
[INFO] Running org.drasyl.util.PlatformDependentTest
[INFO] Running org.drasyl.util.PlatformDependentTest$JavaSpecificationVersion
[INFO] Tests run: 1, Failures: 0, Errors: 0, Skipped: 0, Time elapsed: 0.002 s - in org.drasyl.util.PlatformDependentTest$JavaSpecificationVersion
[INFO] Running org.drasyl.util.PlatformDependentTest$UnsafeStaticFieldOffsetSupported
[INFO] Tests run: 1, Failures: 0, Errors: 0, Skipped: 0, Time elapsed: 0.001 s - in org.drasyl.util.PlatformDependentTest$UnsafeStaticFieldOffsetSupported
[INFO] Running org.drasyl.util.PlatformDependentTest$JavaVersion
[INFO] Tests run: 1, Failures: 0, Errors: 0, Skipped: 0, Time elapsed: 0 s - in org.drasyl.util.PlatformDependentTest$JavaVersion
[INFO] Tests run: 0, Failures: 0, Errors: 0, Skipped: 0, Time elapsed: 0.006 s - in org.drasyl.util.PlatformDependentTest
[INFO] Running org.drasyl.util.ArrayUtilTest
[INFO] Running org.drasyl.util.ArrayUtilTest$Concat
[INFO] Tests run: 2, Failures: 0, Errors: 0, Skipped: 0, Time elapsed: 0.002 s - in org.drasyl.util.ArrayUtilTest$Concat
[INFO] Tests run: 0, Failures: 0, Errors: 0, Skipped: 0, Time elapsed: 0.002 s - in org.drasyl.util.ArrayUtilTest
[INFO] Running org.drasyl.util.network.NetworkUtilTest
[INFO] Running org.drasyl.util.network.NetworkUtilTest$GetDefaultInterface
[INFO] Tests run: 1, Failures: 0, Errors: 0, Skipped: 0, Time elapsed: 0.032 s - in org.drasyl.util.protocol.UpnpIgdUtilTest$BuildDiscoveryMessage
[INFO] Running org.drasyl.util.protocol.UpnpIgdUtilTest$ReadMessage
[INFO] Tests run: 1, Failures: 0, Errors: 0, Skipped: 0, Time elapsed: 0.939 s - in org.drasyl.behaviour.BehaviorsTest$WithScheduler
[INFO] Running org.drasyl.behaviour.BehaviorsTest$Shutdown
[INFO] Tests run: 1, Failures: 0, Errors: 0, Skipped: 0, Time elapsed: 0.004 s - in org.drasyl.util.protocol.UpnpIgdUtilTest$ReadMessage
[INFO] Running org.drasyl.util.protocol.UpnpIgdUtilTest$GetExternalIpAddress
[INFO] Running org.drasyl.util.logging.Slf4JLoggerTest$Lazy
[INFO] Running org.drasyl.util.logging.Slf4JLoggerTest$Lazy$DynamicLevel
[INFO] Running org.drasyl.util.logging.Slf4JLoggerTest$Lazy$DynamicLevel$WhenDisabled
[INFO] Tests run: 3, Failures: 0, Errors: 0, Skipped: 0, Time elapsed: 0.252 s - in org.drasyl.util.protocol.UpnpIgdUtilTest$GetExternalIpAddress
[INFO] Running org.drasyl.util.protocol.UpnpIgdUtilTest$GetStatusInfo
[INFO] Tests run: 1, Failures: 0, Errors: 0, Skipped: 0, Time elapsed: 0.028 s - in org.drasyl.util.protocol.UpnpIgdUtilTest$GetStatusInfo
[INFO] Running org.drasyl.util.protocol.UpnpIgdUtilTest$DeletePortMapping
[INFO] Tests run: 1, Failures: 0, Errors: 0, Skipped: 0, Time elapsed: 1.239 s - in org.drasyl.DrasylNodeTest$GetVersion
[INFO] Running org.drasyl.DrasylNodeTest$TestIdentity
[INFO] Tests run: 1, Failures: 0, Errors: 0, Skipped: 0, Time elapsed: 0.036 s - in org.drasyl.util.protocol.UpnpIgdUtilTest$DeletePortMapping
[INFO] Running org.drasyl.util.protocol.UpnpIgdUtilTest$AddPortMapping
[INFO] Tests run: 1, Failures: 0, Errors: 0, Skipped: 0, Time elapsed: 0.017 s - in org.drasyl.util.protocol.UpnpIgdUtilTest$AddPortMapping
[INFO] Running org.drasyl.util.protocol.UpnpIgdUtilTest$GetSpecificPortMappingEntry
[INFO] Tests run: 3, Failures: 0, Errors: 0, Skipped: 0, Time elapsed: 0.032 s - in org.drasyl.DrasylNodeTest$TestIdentity
[INFO] Tests run: 0, Failures: 0, Errors: 0, Skipped: 0, Time elapsed: 0.01 s - in org.drasyl.util.protocol.UpnpIgdUtilTest$GetSpecificPortMappingEntry
[INFO] Running org.drasyl.DrasylNodeTest$TestPipeline
[INFO] Running org.drasyl.util.protocol.UpnpIgdUtilTest$GetUpnpService
[INFO] Tests run: 1, Failures: 0, Errors: 0, Skipped: 0, Time elapsed: 0.004 s - in org.drasyl.util.protocol.UpnpIgdUtilTest$GetUpnpService
[INFO] Tests run: 0, Failures: 0, Errors: 0, Skipped: 0, Time elapsed: 2.002 s - in org.drasyl.util.protocol.UpnpIgdUtilTest
[INFO] Running org.drasyl.pipeline.VisualPipelineTest
[INFO] Running org.drasyl.pipeline.VisualPipelineTest$PrintOnlySimpleOutboundHandler
[INFO] Tests run: 1, Failures: 0, Errors: 0, Skipped: 0, Time elapsed: 1.903 s - in org.drasyl.remote.handler.portmapper.NatPmpPortMappingTest$Fail
[INFO] Running org.drasyl.remote.handler.portmapper.NatPmpPortMappingTest$HandleMessage
[INFO] Running org.drasyl.remote.handler.portmapper.NatPmpPortMappingTest$HandleMessage$NotFromGateway
[INFO] Tests run: 4, Failures: 0, Errors: 0, Skipped: 0, Time elapsed: 2.011 s - in org.drasyl.remote.handler.portmapper.UpnpIgdPortMappingTest$Fail
[INFO] Running org.drasyl.remote.handler.portmapper.UpnpIgdPortMappingTest$HandleMessage
[INFO] Tests run: 2, Failures: 0, Errors: 0, Skipped: 0, Time elapsed: 2.029 s - in org.drasyl.remote.handler.RateLimiterTest
[INFO] Running org.drasyl.pipeline.skeleton.SimpleDuplexRemoteEnvelopeSkipLoopbackHandlerTest
[INFO] Running org.drasyl.pipeline.skeleton.SimpleDuplexRemoteEnvelopeSkipLoopbackHandlerTest$Inbound
[INFO] Tests run: 1, Failures: 0, Errors: 0, Skipped: 0, Time elapsed: 0.981 s - in org.drasyl.behaviour.BehaviorTest$TestBehaviorBuilder$OnAnyMessage
[INFO] Running org.drasyl.behaviour.BehaviorTest$TestBehaviorBuilder$OnMessageEquals
[INFO] Tests run: 1, Failures: 0, Errors: 0, Skipped: 0, Time elapsed: 0.004 s - in org.drasyl.behaviour.BehaviorTest$TestBehaviorBuilder$OnMessageEquals
[INFO] Running org.drasyl.behaviour.BehaviorTest$TestBehaviorBuilder$OnMessage
[INFO] Tests run: 1, Failures: 0, Errors: 0, Skipped: 0, Time elapsed: 0.022 s - in org.drasyl.remote.handler.portmapper.UpnpIgdPortMappingTest$HandleMessage
[INFO] Running org.drasyl.remote.handler.portmapper.UpnpIgdPortMappingTest$Stop
[INFO] Tests run: 2, Failures: 0, Errors: 0, Skipped: 0, Time elapsed: 0.004 s - in org.drasyl.behaviour.BehaviorTest$TestBehaviorBuilder$OnMessage
[INFO] Running org.drasyl.behaviour.BehaviorTest$TestBehaviorBuilder$OnAnyEvent
[INFO] Tests run: 1, Failures: 0, Errors: 0, Skipped: 0, Time elapsed: 0.002 s - in org.drasyl.behaviour.BehaviorTest$TestBehaviorBuilder$OnAnyEvent
[INFO] Running org.drasyl.behaviour.BehaviorTest$TestBehaviorBuilder$OnEventEquals
[INFO] Tests run: 1, Failures: 0, Errors: 0, Skipped: 0, Time elapsed: 0.002 s - in org.drasyl.behaviour.BehaviorTest$TestBehaviorBuilder$OnEventEquals
[INFO] Running org.drasyl.behaviour.BehaviorTest$TestBehaviorBuilder$OnEvent
[INFO] Tests run: 2, Failures: 0, Errors: 0, Skipped: 0, Time elapsed: 0.004 s - in org.drasyl.behaviour.BehaviorTest$TestBehaviorBuilder$OnEvent
[INFO] Tests run: 0, Failures: 0, Errors: 0, Skipped: 0, Time elapsed: 1.005 s - in org.drasyl.behaviour.BehaviorTest$TestBehaviorBuilder
[INFO] Running org.drasyl.behaviour.BehaviorTest$Receive
[INFO] Tests run: 2, Failures: 0, Errors: 0, Skipped: 0, Time elapsed: 0.002 s - in org.drasyl.behaviour.BehaviorTest$Receive
[INFO] Tests run: 0, Failures: 0, Errors: 0, Skipped: 0, Time elapsed: 2.063 s - in org.drasyl.behaviour.BehaviorTest
[INFO] Running org.drasyl.serialization.ByteArraySerializerTest
[INFO] Running org.drasyl.serialization.ByteArraySerializerTest$FromByteArray
[INFO] Tests run: 2, Failures: 0, Errors: 0, Skipped: 0, Time elapsed: 0.001 s - in org.drasyl.serialization.ByteArraySerializerTest$FromByteArray
[INFO] Running org.drasyl.serialization.ByteArraySerializerTest$ToByteArray
[INFO] Tests run: 2, Failures: 0, Errors: 0, Skipped: 0, Time elapsed: 0.001 s - in org.drasyl.serialization.ByteArraySerializerTest$ToByteArray
[INFO] Tests run: 0, Failures: 0, Errors: 0, Skipped: 0, Time elapsed: 0.004 s - in org.drasyl.serialization.ByteArraySerializerTest
[INFO] Running org.drasyl.util.logging.MessageFormatterTest
SLF4J: Failed toString() invocation on an object of type [org.drasyl.util.logging.MessageFormatterTest$1]
java.lang.IllegalStateException: a
	at org.drasyl.util.logging.MessageFormatterTest$1.toString(MessageFormatterTest.java:148)
	at org.drasyl.util.logging.MessageFormatter.safeObjectAppend(MessageFormatter.java:306)
	at org.drasyl.util.logging.MessageFormatter.deeplyAppendParameter(MessageFormatter.java:265)
	at org.drasyl.util.logging.MessageFormatter.arrayFormat(MessageFormatter.java:219)
	at org.drasyl.util.logging.MessageFormatter.format(MessageFormatter.java:148)
	at org.drasyl.util.logging.MessageFormatterTest.testExceptionIn_toString(MessageFormatterTest.java:151)
	at java.base/jdk.internal.reflect.NativeMethodAccessorImpl.invoke0(Native Method)
	at java.base/jdk.internal.reflect.NativeMethodAccessorImpl.invoke(NativeMethodAccessorImpl.java:62)
	at java.base/jdk.internal.reflect.DelegatingMethodAccessorImpl.invoke(DelegatingMethodAccessorImpl.java:43)
	at java.base/java.lang.reflect.Method.invoke(Method.java:566)
	at org.junit.platform.commons.util.ReflectionUtils.invokeMethod(ReflectionUtils.java:688)
	at org.junit.jupiter.engine.execution.MethodInvocation.proceed(MethodInvocation.java:60)
	at org.junit.jupiter.engine.execution.InvocationInterceptorChain$ValidatingInvocation.proceed(InvocationInterceptorChain.java:131)
	at org.junit.jupiter.engine.extension.TimeoutExtension.intercept(TimeoutExtension.java:149)
	at org.junit.jupiter.engine.extension.TimeoutExtension.interceptTestableMethod(TimeoutExtension.java:140)
	at org.junit.jupiter.engine.extension.TimeoutExtension.interceptTestMethod(TimeoutExtension.java:84)
	at org.junit.jupiter.engine.execution.ExecutableInvoker$ReflectiveInterceptorCall.lambda$ofVoidMethod$0(ExecutableInvoker.java:115)
	at org.junit.jupiter.engine.execution.ExecutableInvoker.lambda$invoke$0(ExecutableInvoker.java:105)
	at org.junit.jupiter.engine.execution.InvocationInterceptorChain$InterceptedInvocation.proceed(InvocationInterceptorChain.java:106)
	at org.junit.jupiter.engine.execution.InvocationInterceptorChain.proceed(InvocationInterceptorChain.java:64)
	at org.junit.jupiter.engine.execution.InvocationInterceptorChain.chainAndInvoke(InvocationInterceptorChain.java:45)
	at org.junit.jupiter.engine.execution.InvocationInterceptorChain.invoke(InvocationInterceptorChain.java:37)
	at org.junit.jupiter.engine.execution.ExecutableInvoker.invoke(ExecutableInvoker.java:104)
	at org.junit.jupiter.engine.execution.ExecutableInvoker.invoke(ExecutableInvoker.java:98)
	at org.junit.jupiter.engine.descriptor.TestMethodTestDescriptor.lambda$invokeTestMethod$6(TestMethodTestDescriptor.java:210)
	at org.junit.platform.engine.support.hierarchical.ThrowableCollector.execute(ThrowableCollector.java:73)
	at org.junit.jupiter.engine.descriptor.TestMethodTestDescriptor.invokeTestMethod(TestMethodTestDescriptor.java:206)
	at org.junit.jupiter.engine.descriptor.TestMethodTestDescriptor.execute(TestMethodTestDescriptor.java:131)
	at org.junit.jupiter.engine.descriptor.TestMethodTestDescriptor.execute(TestMethodTestDescriptor.java:65)
	at org.junit.platform.engine.support.hierarchical.NodeTestTask.lambda$executeRecursively$5(NodeTestTask.java:139)
	at org.junit.platform.engine.support.hierarchical.ThrowableCollector.execute(ThrowableCollector.java:73)
	at org.junit.platform.engine.support.hierarchical.NodeTestTask.lambda$executeRecursively$7(NodeTestTask.java:129)
	at org.junit.platform.engine.support.hierarchical.Node.around(Node.java:137)
	at org.junit.platform.engine.support.hierarchical.NodeTestTask.lambda$executeRecursively$8(NodeTestTask.java:127)
	at org.junit.platform.engine.support.hierarchical.ThrowableCollector.execute(ThrowableCollector.java:73)
	at org.junit.platform.engine.support.hierarchical.NodeTestTask.executeRecursively(NodeTestTask.java:126)
	at org.junit.platform.engine.support.hierarchical.NodeTestTask.execute(NodeTestTask.java:84)
	at org.junit.platform.engine.support.hierarchical.ForkJoinPoolHierarchicalTestExecutorService$ExclusiveTask.compute(ForkJoinPoolHierarchicalTestExecutorService.java:185)
	at org.junit.platform.engine.support.hierarchical.ForkJoinPoolHierarchicalTestExecutorService.executeNonConcurrentTasks(ForkJoinPoolHierarchicalTestExecutorService.java:155)
	at org.junit.platform.engine.support.hierarchical.ForkJoinPoolHierarchicalTestExecutorService.invokeAll(ForkJoinPoolHierarchicalTestExecutorService.java:135)
	at org.junit.platform.engine.support.hierarchical.NodeTestTask.lambda$executeRecursively$5(NodeTestTask.java:143)
	at org.junit.platform.engine.support.hierarchical.ThrowableCollector.execute(ThrowableCollector.java:73)
	at org.junit.platform.engine.support.hierarchical.NodeTestTask.lambda$executeRecursively$7(NodeTestTask.java:129)
	at org.junit.platform.engine.support.hierarchical.Node.around(Node.java:137)
	at org.junit.platform.engine.support.hierarchical.NodeTestTask.lambda$executeRecursively$8(NodeTestTask.java:127)
	at org.junit.platform.engine.support.hierarchical.ThrowableCollector.execute(ThrowableCollector.java:73)
	at org.junit.platform.engine.support.hierarchical.NodeTestTask.executeRecursively(NodeTestTask.java:126)
	at org.junit.platform.engine.support.hierarchical.NodeTestTask.execute(NodeTestTask.java:84)
	at org.junit.platform.engine.support.hierarchical.ForkJoinPoolHierarchicalTestExecutorService$ExclusiveTask.compute(ForkJoinPoolHierarchicalTestExecutorService.java:185)
	at java.base/java.util.concurrent.RecursiveAction.exec(RecursiveAction.java:189)
	at java.base/java.util.concurrent.ForkJoinTask.doExec(ForkJoinTask.java:290)
	at java.base/java.util.concurrent.ForkJoinPool$WorkQueue.topLevelExec(ForkJoinPool.java:1020)
	at java.base/java.util.concurrent.ForkJoinPool.scan(ForkJoinPool.java:1656)
	at java.base/java.util.concurrent.ForkJoinPool.runWorker(ForkJoinPool.java:1594)
	at java.base/java.util.concurrent.ForkJoinWorkerThread.run(ForkJoinWorkerThread.java:183)
[INFO] Tests run: 11, Failures: 0, Errors: 0, Skipped: 0, Time elapsed: 0.014 s - in org.drasyl.util.logging.MessageFormatterTest
[INFO] Running org.drasyl.pipeline.DrasylPipelineTest
[INFO] Running org.drasyl.pipeline.DrasylPipelineTest$MessagesBeforeUnwritable
[INFO] Tests run: 7, Failures: 0, Errors: 0, Skipped: 0, Time elapsed: 1.21 s - in org.drasyl.remote.protocol.RemoteEnvelopeTest$ReferenceCounted
[INFO] Running org.drasyl.remote.protocol.RemoteEnvelopeTest$Of
[INFO] Running org.drasyl.remote.protocol.RemoteEnvelopeTest$Of$WithPublicHeaderAndBytes
[INFO] Tests run: 1, Failures: 0, Errors: 0, Skipped: 0, Time elapsed: 0.002 s - in org.drasyl.remote.protocol.RemoteEnvelopeTest$Of$WithPublicHeaderAndBytes
[INFO] Running org.drasyl.remote.protocol.RemoteEnvelopeTest$Of$WithByteBuf
[INFO] Tests run: 8, Failures: 0, Errors: 0, Skipped: 0, Time elapsed: 0.007 s - in org.drasyl.remote.protocol.RemoteEnvelopeTest$Of$WithByteBuf
[INFO] Tests run: 0, Failures: 0, Errors: 0, Skipped: 0, Time elapsed: 0.016 s - in org.drasyl.remote.protocol.RemoteEnvelopeTest$Of
[INFO] Tests run: 0, Failures: 0, Errors: 0, Skipped: 0, Time elapsed: 1.733 s - in org.drasyl.remote.protocol.RemoteEnvelopeTest
[INFO] Running org.drasyl.event.NodeTest
[INFO] Running org.drasyl.event.NodeTest$Getters
[INFO] Tests run: 2, Failures: 0, Errors: 0, Skipped: 0, Time elapsed: 0.002 s - in org.drasyl.event.NodeTest$Getters
[INFO] Running org.drasyl.event.NodeTest$ToString
[INFO] Tests run: 2, Failures: 0, Errors: 0, Skipped: 0, Time elapsed: 1.4 s - in org.drasyl.util.logging.JdkLoggerTest$Lazy$DynamicLevel$WhenDisabled
[INFO] Running org.drasyl.util.logging.JdkLoggerTest$Lazy$DynamicLevel$WhenEnabled
[INFO] Tests run: 2, Failures: 0, Errors: 0, Skipped: 0, Time elapsed: 2.124 s - in org.drasyl.util.NettyUtilTest$GetBestEventLoopGroup
[INFO] Tests run: 0, Failures: 0, Errors: 0, Skipped: 0, Time elapsed: 2.764 s - in org.drasyl.util.NettyUtilTest
[INFO] Running org.drasyl.serialization.CharacterSerializerTest
[INFO] Running org.drasyl.serialization.CharacterSerializerTest$FromByteArray
[INFO] Tests run: 4, Failures: 0, Errors: 0, Skipped: 0, Time elapsed: 0.048 s - in org.drasyl.event.NodeTest$ToString
[INFO] Tests run: 0, Failures: 0, Errors: 0, Skipped: 0, Time elapsed: 0.003 s - in org.drasyl.serialization.CharacterSerializerTest$FromByteArray
[INFO] Running org.drasyl.event.NodeTest$HashCode
[INFO] Running org.drasyl.serialization.CharacterSerializerTest$ToByteArray
[INFO] Tests run: 4, Failures: 0, Errors: 0, Skipped: 0, Time elapsed: 0.001 s - in org.drasyl.serialization.CharacterSerializerTest$ToByteArray
[INFO] Tests run: 0, Failures: 0, Errors: 0, Skipped: 0, Time elapsed: 0.002 s - in org.drasyl.event.NodeTest$HashCode
[INFO] Running org.drasyl.event.NodeTest$Equals
[INFO] Tests run: 2, Failures: 0, Errors: 0, Skipped: 0, Time elapsed: 0.002 s - in org.drasyl.event.NodeTest$Equals
[INFO] Running org.drasyl.event.NodeTest$Of
[INFO] Tests run: 0, Failures: 0, Errors: 0, Skipped: 0, Time elapsed: 0.005 s - in org.drasyl.serialization.CharacterSerializerTest
[INFO] Running org.drasyl.identity.KeyPairTest
[INFO] Running org.drasyl.identity.KeyPairTest$JsonSerialization
[INFO] Tests run: 2, Failures: 0, Errors: 0, Skipped: 0, Time elapsed: 0.011 s - in org.drasyl.event.NodeTest$Of
[INFO] Tests run: 0, Failures: 0, Errors: 0, Skipped: 0, Time elapsed: 0.073 s - in org.drasyl.event.NodeTest
[INFO] Running org.drasyl.util.protocol.PcpPortUtilTest
[INFO] Running org.drasyl.util.protocol.PcpPortUtilTest$TestMappingResponseMessage
[INFO] Tests run: 2, Failures: 0, Errors: 0, Skipped: 0, Time elapsed: 0.003 s - in org.drasyl.util.protocol.PcpPortUtilTest$TestMappingResponseMessage
[INFO] Running org.drasyl.util.protocol.PcpPortUtilTest$ReadMessage
[INFO] Tests run: 1, Failures: 0, Errors: 0, Skipped: 0, Time elapsed: 0.064 s - in org.drasyl.util.logging.JdkLoggerTest$Lazy$DynamicLevel$WhenEnabled
[INFO] Tests run: 0, Failures: 0, Errors: 0, Skipped: 0, Time elapsed: 1.48 s - in org.drasyl.util.logging.JdkLoggerTest$Lazy$DynamicLevel
[INFO] Running org.drasyl.util.logging.JdkLoggerTest$Lazy$Error
[INFO] Running org.drasyl.util.logging.JdkLoggerTest$Lazy$Error$WhenDisabled
[INFO] Tests run: 2, Failures: 0, Errors: 0, Skipped: 0, Time elapsed: 0.022 s - in org.drasyl.identity.KeyPairTest$JsonSerialization
[INFO] Tests run: 0, Failures: 0, Errors: 0, Skipped: 0, Time elapsed: 0.022 s - in org.drasyl.identity.KeyPairTest
[INFO] Running org.drasyl.monitoring.MonitoringTest
[INFO] Running org.drasyl.monitoring.MonitoringTest$MessagePassing
[INFO] Tests run: 2, Failures: 0, Errors: 0, Skipped: 0, Time elapsed: 0.016 s - in org.drasyl.util.protocol.PcpPortUtilTest$ReadMessage
[INFO] Running org.drasyl.util.protocol.PcpPortUtilTest$BuildMappingRequestMessage
[INFO] Tests run: 1, Failures: 0, Errors: 0, Skipped: 0, Time elapsed: 0.019 s - in org.drasyl.util.logging.JdkLoggerTest$Lazy$Error$WhenDisabled
[INFO] Running org.drasyl.util.logging.JdkLoggerTest$Lazy$Error$WhenEnabled
[INFO] Tests run: 1, Failures: 0, Errors: 0, Skipped: 0, Time elapsed: 0.012 s - in org.drasyl.util.protocol.PcpPortUtilTest$BuildMappingRequestMessage
[INFO] Tests run: 0, Failures: 0, Errors: 0, Skipped: 0, Time elapsed: 0.033 s - in org.drasyl.util.protocol.PcpPortUtilTest
[INFO] Running org.drasyl.remote.handler.HopCountGuardTest
[INFO] Tests run: 3, Failures: 0, Errors: 0, Skipped: 0, Time elapsed: 0.018 s - in org.drasyl.util.logging.JdkLoggerTest$Lazy$Error$WhenEnabled
[INFO] Tests run: 0, Failures: 0, Errors: 0, Skipped: 0, Time elapsed: 0.04 s - in org.drasyl.util.logging.JdkLoggerTest$Lazy$Error
[INFO] Running org.drasyl.util.logging.JdkLoggerTest$Lazy$Warn
[INFO] Running org.drasyl.util.logging.JdkLoggerTest$Lazy$Warn$WhenDisabled
[INFO] Tests run: 3, Failures: 0, Errors: 0, Skipped: 0, Time elapsed: 0.09 s - in org.drasyl.util.logging.JdkLoggerTest$Lazy$Warn$WhenDisabled
[INFO] Running org.drasyl.util.logging.JdkLoggerTest$Lazy$Warn$WhenEnabled
[INFO] Tests run: 3, Failures: 0, Errors: 0, Skipped: 0, Time elapsed: 0.012 s - in org.drasyl.util.logging.JdkLoggerTest$Lazy$Warn$WhenEnabled
[INFO] Tests run: 0, Failures: 0, Errors: 0, Skipped: 0, Time elapsed: 0.104 s - in org.drasyl.util.logging.JdkLoggerTest$Lazy$Warn
[INFO] Running org.drasyl.util.logging.JdkLoggerTest$Lazy$Info
[INFO] Running org.drasyl.util.logging.JdkLoggerTest$Lazy$Info$WhenDisabled
[INFO] Tests run: 3, Failures: 0, Errors: 0, Skipped: 0, Time elapsed: 0.007 s - in org.drasyl.util.logging.JdkLoggerTest$Lazy$Info$WhenDisabled
[INFO] Running org.drasyl.util.logging.JdkLoggerTest$Lazy$Info$WhenEnabled
[INFO] Tests run: 3, Failures: 0, Errors: 0, Skipped: 0, Time elapsed: 0.01 s - in org.drasyl.util.logging.JdkLoggerTest$Lazy$Info$WhenEnabled
[INFO] Tests run: 0, Failures: 0, Errors: 0, Skipped: 0, Time elapsed: 0.018 s - in org.drasyl.util.logging.JdkLoggerTest$Lazy$Info
[INFO] Running org.drasyl.util.logging.JdkLoggerTest$Lazy$Debug
[INFO] Running org.drasyl.util.logging.JdkLoggerTest$Lazy$Debug$WhenDisabled
[INFO] Tests run: 3, Failures: 0, Errors: 0, Skipped: 0, Time elapsed: 0.007 s - in org.drasyl.util.logging.JdkLoggerTest$Lazy$Debug$WhenDisabled
[INFO] Running org.drasyl.util.logging.JdkLoggerTest$Lazy$Debug$WhenEnabled
[INFO] Tests run: 3, Failures: 0, Errors: 0, Skipped: 0, Time elapsed: 0.009 s - in org.drasyl.util.logging.JdkLoggerTest$Lazy$Debug$WhenEnabled
[INFO] Tests run: 0, Failures: 0, Errors: 0, Skipped: 0, Time elapsed: 0.018 s - in org.drasyl.util.logging.JdkLoggerTest$Lazy$Debug
[INFO] Running org.drasyl.util.logging.JdkLoggerTest$Lazy$Trace
[INFO] Running org.drasyl.util.logging.JdkLoggerTest$Lazy$Trace$WhenDisabled
[INFO] Tests run: 3, Failures: 0, Errors: 0, Skipped: 0, Time elapsed: 0.005 s - in org.drasyl.util.logging.JdkLoggerTest$Lazy$Trace$WhenDisabled
[INFO] Running org.drasyl.util.logging.JdkLoggerTest$Lazy$Trace$WhenEnabled
[INFO] Tests run: 3, Failures: 0, Errors: 0, Skipped: 0, Time elapsed: 0.007 s - in org.drasyl.util.logging.JdkLoggerTest$Lazy$Trace$WhenEnabled
[INFO] Tests run: 0, Failures: 0, Errors: 0, Skipped: 0, Time elapsed: 0.015 s - in org.drasyl.util.logging.JdkLoggerTest$Lazy$Trace
[INFO] Tests run: 0, Failures: 0, Errors: 0, Skipped: 0, Time elapsed: 1.683 s - in org.drasyl.util.logging.JdkLoggerTest$Lazy
[INFO] Running org.drasyl.util.logging.JdkLoggerTest$Eager
[INFO] Running org.drasyl.util.logging.JdkLoggerTest$Eager$DynamicLevel
[INFO] Tests run: 6, Failures: 0, Errors: 0, Skipped: 0, Time elapsed: 0.018 s - in org.drasyl.util.logging.JdkLoggerTest$Eager$DynamicLevel
[INFO] Running org.drasyl.util.logging.JdkLoggerTest$Eager$Error
[INFO] Tests run: 6, Failures: 0, Errors: 0, Skipped: 0, Time elapsed: 0.013 s - in org.drasyl.util.logging.JdkLoggerTest$Eager$Error
[INFO] Running org.drasyl.util.logging.JdkLoggerTest$Eager$Warn
[INFO] Tests run: 6, Failures: 0, Errors: 0, Skipped: 0, Time elapsed: 0.012 s - in org.drasyl.util.logging.JdkLoggerTest$Eager$Warn
[INFO] Running org.drasyl.util.logging.JdkLoggerTest$Eager$Info
[INFO] Tests run: 6, Failures: 0, Errors: 0, Skipped: 0, Time elapsed: 0.011 s - in org.drasyl.util.logging.JdkLoggerTest$Eager$Info
[INFO] Running org.drasyl.util.logging.JdkLoggerTest$Eager$Debug
[INFO] Tests run: 6, Failures: 0, Errors: 0, Skipped: 0, Time elapsed: 0.011 s - in org.drasyl.util.logging.JdkLoggerTest$Eager$Debug
[INFO] Running org.drasyl.util.logging.JdkLoggerTest$Eager$Trace
[INFO] Tests run: 6, Failures: 0, Errors: 0, Skipped: 0, Time elapsed: 0.03 s - in org.drasyl.util.logging.JdkLoggerTest$Eager$Trace
[INFO] Tests run: 0, Failures: 0, Errors: 0, Skipped: 0, Time elapsed: 0.101 s - in org.drasyl.util.logging.JdkLoggerTest$Eager
[INFO] Tests run: 0, Failures: 0, Errors: 0, Skipped: 0, Time elapsed: 3.096 s - in org.drasyl.util.logging.JdkLoggerTest
[INFO] Running org.drasyl.serialization.JavaSerializerTest
[INFO] Running org.drasyl.serialization.JavaSerializerTest$FromByteArray
[INFO] Tests run: 3, Failures: 0, Errors: 0, Skipped: 0, Time elapsed: 0.004 s - in org.drasyl.serialization.JavaSerializerTest$FromByteArray
[INFO] Running org.drasyl.serialization.JavaSerializerTest$ToByteArray
[INFO] Tests run: 4, Failures: 0, Errors: 0, Skipped: 0, Time elapsed: 0.004 s - in org.drasyl.serialization.JavaSerializerTest$ToByteArray
[INFO] Tests run: 0, Failures: 0, Errors: 0, Skipped: 0, Time elapsed: 2.002 s - in org.drasyl.util.FutureUtilTest$ToFuture
[INFO] Tests run: 0, Failures: 0, Errors: 0, Skipped: 0, Time elapsed: 0.011 s - in org.drasyl.serialization.JavaSerializerTest
[INFO] Tests run: 0, Failures: 0, Errors: 0, Skipped: 0, Time elapsed: 2.004 s - in org.drasyl.util.FutureUtilTest
[INFO] Running org.drasyl.util.logging.LoggerFactoryTest
[INFO] Running org.drasyl.util.logging.LoggerFactoryTest$GetLogger
[INFO] Running org.drasyl.plugin.PluginManagerTest
[INFO] Running org.drasyl.plugin.PluginManagerTest$AfterShutdown
[INFO] Tests run: 1, Failures: 0, Errors: 0, Skipped: 0, Time elapsed: 0.001 s - in org.drasyl.util.logging.LoggerFactoryTest$GetLogger
[INFO] Tests run: 1, Failures: 0, Errors: 0, Skipped: 0, Time elapsed: 0.003 s - in org.drasyl.util.logging.LoggerFactoryTest
[INFO] Running org.drasyl.util.PreconditionsTest
[INFO] Running org.drasyl.util.PreconditionsTest$RequirePositive
[INFO] Tests run: 3, Failures: 0, Errors: 0, Skipped: 0, Time elapsed: 0.004 s - in org.drasyl.util.PreconditionsTest$RequirePositive
[INFO] Running org.drasyl.util.PreconditionsTest$RequireNonNegative
[INFO] Tests run: 2, Failures: 0, Errors: 0, Skipped: 0, Time elapsed: 0.003 s - in org.drasyl.util.PreconditionsTest$RequireNonNegative
[INFO] Tests run: 1, Failures: 0, Errors: 0, Skipped: 0, Time elapsed: 0.01 s - in org.drasyl.util.PreconditionsTest
[INFO] Tests run: 0, Failures: 0, Errors: 0, Skipped: 0, Time elapsed: 3.119 s - in org.drasyl.peer.PeersManagerTest$AddPathAndChildren
[INFO] Running org.drasyl.DrasylConfigTest
[INFO] Running org.drasyl.peer.PeersManagerTest$RemoveChildrenAndPath
[INFO] Running org.drasyl.DrasylConfigTest$TestDrasylConfigBuilder
[INFO] Tests run: 3, Failures: 0, Errors: 0, Skipped: 0, Time elapsed: 0.008 s - in org.drasyl.peer.PeersManagerTest$RemoveChildrenAndPath
[INFO] Running org.drasyl.peer.PeersManagerTest$AddPathAndSuperPeer
[INFO] Tests run: 0, Failures: 0, Errors: 0, Skipped: 0, Time elapsed: 0.009 s - in org.drasyl.DrasylConfigTest$TestDrasylConfigBuilder
[INFO] Running org.drasyl.DrasylConfigTest$ParseString
[INFO] Tests run: 3, Failures: 0, Errors: 0, Skipped: 0, Time elapsed: 0.009 s - in org.drasyl.peer.PeersManagerTest$AddPathAndSuperPeer
[INFO] Tests run: 0, Failures: 0, Errors: 0, Skipped: 0, Time elapsed: 0.009 s - in org.drasyl.DrasylConfigTest$ParseString
[INFO] Running org.drasyl.DrasylConfigTest$ParseFile
[INFO] Running org.drasyl.peer.PeersManagerTest$RemoveSuperPeerAndPath
[INFO] Tests run: 3, Failures: 0, Errors: 0, Skipped: 0, Time elapsed: 0.006 s - in org.drasyl.DrasylConfigTest$ParseFile
[INFO] Running org.drasyl.DrasylConfigTest$GetStaticRoutes
[INFO] Tests run: 1, Failures: 0, Errors: 0, Skipped: 0, Time elapsed: 0.008 s - in org.drasyl.peer.PeersManagerTest$RemoveSuperPeerAndPath
[INFO] Running org.drasyl.peer.PeersManagerTest$RemovePath
[INFO] Tests run: 4, Failures: 0, Errors: 0, Skipped: 0, Time elapsed: 0.004 s - in org.drasyl.DrasylConfigTest$GetStaticRoutes
[INFO] Running org.drasyl.DrasylConfigTest$GetSerializationBindings
[INFO] Tests run: 3, Failures: 0, Errors: 0, Skipped: 0, Time elapsed: 0.003 s - in org.drasyl.DrasylConfigTest$GetSerializationBindings
[INFO] Running org.drasyl.DrasylConfigTest$GetSerializationSerializers
[INFO] Tests run: 2, Failures: 0, Errors: 0, Skipped: 0, Time elapsed: 0.01 s - in org.drasyl.peer.PeersManagerTest$RemovePath
[INFO] Running org.drasyl.peer.PeersManagerTest$AddPath
[INFO] Tests run: 4, Failures: 0, Errors: 0, Skipped: 0, Time elapsed: 0.004 s - in org.drasyl.DrasylConfigTest$GetSerializationSerializers
[INFO] Running org.drasyl.DrasylConfigTest$GetPlugins
[INFO] Tests run: 0, Failures: 0, Errors: 0, Skipped: 0, Time elapsed: 0.003 s - in org.drasyl.peer.PeersManagerTest$AddPath
[INFO] Running org.drasyl.peer.PeersManagerTest$GetPaths
[INFO] Tests run: 3, Failures: 0, Errors: 0, Skipped: 0, Time elapsed: 0.002 s - in org.drasyl.peer.PeersManagerTest$GetPaths
[INFO] Running org.drasyl.peer.PeersManagerTest$GetSuperPeers
[INFO] Tests run: 3, Failures: 0, Errors: 0, Skipped: 0, Time elapsed: 0.004 s - in org.drasyl.DrasylConfigTest$GetPlugins
[INFO] Running org.drasyl.DrasylConfigTest$GetInetSocketAddress
[INFO] Tests run: 0, Failures: 0, Errors: 0, Skipped: 0, Time elapsed: 1.136 s - in org.drasyl.remote.handler.portmapper.UpnpIgdPortMappingTest$Stop
[INFO] Tests run: 0, Failures: 0, Errors: 0, Skipped: 0, Time elapsed: 0.001 s - in org.drasyl.peer.PeersManagerTest$GetSuperPeers
[INFO] Running org.drasyl.remote.handler.portmapper.UpnpIgdPortMappingTest$Start
[INFO] Running org.drasyl.peer.PeersManagerTest$GetChildren
[INFO] Tests run: 3, Failures: 0, Errors: 0, Skipped: 0, Time elapsed: 0.002 s - in org.drasyl.peer.PeersManagerTest$GetChildren
[INFO] Running org.drasyl.peer.PeersManagerTest$GetPeers
[INFO] Tests run: 2, Failures: 0, Errors: 0, Skipped: 0, Time elapsed: 1.17 s - in org.drasyl.remote.handler.portmapper.NatPmpPortMappingTest$HandleMessage$NotFromGateway
[INFO] Running org.drasyl.remote.handler.portmapper.NatPmpPortMappingTest$HandleMessage$FromGateway
[INFO] Tests run: 3, Failures: 0, Errors: 0, Skipped: 0, Time elapsed: 0.005 s - in org.drasyl.DrasylConfigTest$GetInetSocketAddress
[INFO] Running org.drasyl.DrasylConfigTest$GetInetAddress
[INFO] Tests run: 0, Failures: 0, Errors: 0, Skipped: 0, Time elapsed: 0.003 s - in org.drasyl.peer.PeersManagerTest$GetPeers
[INFO] Tests run: 0, Failures: 0, Errors: 0, Skipped: 0, Time elapsed: 3.183 s - in org.drasyl.peer.PeersManagerTest
[INFO] Running org.drasyl.remote.handler.crypto.ArmHandlerTest
[INFO] Running org.drasyl.remote.handler.crypto.ArmHandlerTest$Decryption
[INFO] Tests run: 1, Failures: 0, Errors: 0, Skipped: 0, Time elapsed: 0.002 s - in org.drasyl.DrasylConfigTest$GetInetAddress
[INFO] Running org.drasyl.DrasylConfigTest$GetEndpoint
[INFO] Tests run: 1, Failures: 0, Errors: 0, Skipped: 0, Time elapsed: 0.001 s - in org.drasyl.DrasylConfigTest$GetEndpoint
[INFO] Running org.drasyl.DrasylConfigTest$GetEndpointList
[INFO] Tests run: 1, Failures: 0, Errors: 0, Skipped: 0, Time elapsed: 0.001 s - in org.drasyl.DrasylConfigTest$GetEndpointList
[INFO] Running org.drasyl.DrasylConfigTest$GetShort
[INFO] Tests run: 2, Failures: 0, Errors: 0, Skipped: 0, Time elapsed: 2.113 s - in org.drasyl.localhost.LocalHostDiscoveryTest$Scan
[INFO] Running org.drasyl.localhost.LocalHostDiscoveryTest$MessagePassing
[INFO] Tests run: 0, Failures: 0, Errors: 0, Skipped: 0, Time elapsed: 0.001 s - in org.drasyl.DrasylConfigTest$GetShort
[INFO] Running org.drasyl.DrasylConfigTest$GetPath
[INFO] Tests run: 1, Failures: 0, Errors: 0, Skipped: 0, Time elapsed: 0.001 s - in org.drasyl.DrasylConfigTest$GetPath
[INFO] Running org.drasyl.DrasylConfigTest$GetPrivateKey
[INFO] Tests run: 2, Failures: 0, Errors: 0, Skipped: 0, Time elapsed: 0.002 s - in org.drasyl.DrasylConfigTest$GetPrivateKey
[INFO] Running org.drasyl.DrasylConfigTest$GetPublicKey
[INFO] Tests run: 2, Failures: 0, Errors: 0, Skipped: 0, Time elapsed: 0.002 s - in org.drasyl.DrasylConfigTest$GetPublicKey
[INFO] Running org.drasyl.DrasylConfigTest$GetUri
[INFO] Tests run: 2, Failures: 0, Errors: 0, Skipped: 0, Time elapsed: 0.002 s - in org.drasyl.DrasylConfigTest$GetUri
[INFO] Running org.drasyl.DrasylConfigTest$Of
[INFO] Tests run: 4, Failures: 0, Errors: 0, Skipped: 0, Time elapsed: 1.226 s - in org.drasyl.DrasylNodeTest$TestPipeline
[INFO] Running org.drasyl.DrasylNodeTest$Send
[INFO] Tests run: 2, Failures: 0, Errors: 0, Skipped: 0, Time elapsed: 1.588 s - in org.drasyl.util.network.NetworkUtilTest$GetDefaultInterface
[INFO] Running org.drasyl.util.network.NetworkUtilTest$GetLocalAddressForRemoteAddress
[INFO] Tests run: 3, Failures: 0, Errors: 0, Skipped: 0, Time elapsed: 1.582 s - in org.drasyl.behaviour.BehaviorsTest$Shutdown
[INFO] Running org.drasyl.behaviour.BehaviorsTest$Same
[INFO] Tests run: 0, Failures: 0, Errors: 0, Skipped: 0, Time elapsed: 1.517 s - in org.drasyl.util.logging.Slf4JLoggerTest$Lazy$DynamicLevel$WhenDisabled
[INFO] Running org.drasyl.util.logging.Slf4JLoggerTest$Lazy$DynamicLevel$WhenEnabled
[INFO] Tests run: 2, Failures: 0, Errors: 0, Skipped: 0, Time elapsed: 0.001 s - in org.drasyl.behaviour.BehaviorsTest$Same
[INFO] Running org.drasyl.behaviour.BehaviorsTest$Ignore
[INFO] Tests run: 2, Failures: 0, Errors: 0, Skipped: 0, Time elapsed: 0.001 s - in org.drasyl.behaviour.BehaviorsTest$Ignore
[INFO] Running org.drasyl.behaviour.BehaviorsTest$Unhandled
[INFO] Tests run: 2, Failures: 0, Errors: 0, Skipped: 0, Time elapsed: 0.001 s - in org.drasyl.behaviour.BehaviorsTest$Unhandled
[INFO] Running org.drasyl.behaviour.BehaviorsTest$Receive
[INFO] Tests run: 4, Failures: 0, Errors: 0, Skipped: 0, Time elapsed: 0.002 s - in org.drasyl.behaviour.BehaviorsTest$Receive
[INFO] Tests run: 0, Failures: 0, Errors: 0, Skipped: 0, Time elapsed: 0.008 s - in org.drasyl.util.logging.Slf4JLoggerTest$Lazy$DynamicLevel$WhenEnabled
[INFO] Tests run: 1, Failures: 0, Errors: 0, Skipped: 0, Time elapsed: 2.532 s - in org.drasyl.behaviour.BehaviorsTest
[INFO] Tests run: 0, Failures: 0, Errors: 0, Skipped: 0, Time elapsed: 1.528 s - in org.drasyl.util.logging.Slf4JLoggerTest$Lazy$DynamicLevel
[INFO] Running org.drasyl.event.MessageEventTest
[INFO] Running org.drasyl.util.logging.Slf4JLoggerTest$Lazy$Error
[INFO] Tests run: 0, Failures: 0, Errors: 0, Skipped: 0, Time elapsed: 0.024 s - in org.drasyl.DrasylConfigTest$Of
[INFO] Running org.drasyl.event.MessageEventTest$Of
[INFO] Running org.drasyl.util.logging.Slf4JLoggerTest$Lazy$Error$WhenDisabled
[INFO] Tests run: 1, Failures: 0, Errors: 0, Skipped: 0, Time elapsed: 0.105 s - in org.drasyl.DrasylConfigTest
[INFO] Running org.drasyl.serialization.FloatSerializerTest
[INFO] Running org.drasyl.serialization.FloatSerializerTest$FromByteArray
[INFO] Tests run: 1, Failures: 0, Errors: 0, Skipped: 0, Time elapsed: 0.001 s - in org.drasyl.event.MessageEventTest$Of
[INFO] Running org.drasyl.event.MessageEventTest$HashCode
[INFO] Tests run: 4, Failures: 0, Errors: 0, Skipped: 0, Time elapsed: 0.001 s - in org.drasyl.event.MessageEventTest$HashCode
[INFO] Running org.drasyl.event.MessageEventTest$Equals
[INFO] Tests run: 1, Failures: 0, Errors: 0, Skipped: 0, Time elapsed: 0.002 s - in org.drasyl.serialization.FloatSerializerTest$FromByteArray
[INFO] Running org.drasyl.serialization.FloatSerializerTest$ToByteArray
[INFO] Tests run: 5, Failures: 0, Errors: 0, Skipped: 0, Time elapsed: 0.001 s - in org.drasyl.event.MessageEventTest$Equals
[INFO] Running org.drasyl.event.MessageEventTest$GetMessage
[INFO] Tests run: 0, Failures: 0, Errors: 0, Skipped: 0, Time elapsed: 0.001 s - in org.drasyl.serialization.FloatSerializerTest$ToByteArray
[INFO] Tests run: 1, Failures: 0, Errors: 0, Skipped: 0, Time elapsed: 0.007 s - in org.drasyl.util.logging.Slf4JLoggerTest$Lazy$Error$WhenDisabled
[INFO] Running org.drasyl.util.logging.Slf4JLoggerTest$Lazy$Error$WhenEnabled
[INFO] Tests run: 0, Failures: 0, Errors: 0, Skipped: 0, Time elapsed: 0.007 s - in org.drasyl.serialization.FloatSerializerTest
[INFO] Tests run: 0, Failures: 0, Errors: 0, Skipped: 0, Time elapsed: 0.001 s - in org.drasyl.event.MessageEventTest$GetMessage
[INFO] Running org.drasyl.remote.handler.ChunkingHandlerTest
[INFO] Running org.drasyl.remote.handler.ChunkingHandlerTest$OnOutgoingMessage
[INFO] Running org.drasyl.remote.handler.ChunkingHandlerTest$OnOutgoingMessage$NotFromMe
[INFO] Tests run: 0, Failures: 0, Errors: 0, Skipped: 0, Time elapsed: 0.01 s - in org.drasyl.event.MessageEventTest
[INFO] Running org.drasyl.identity.IdentityPublicKeyTest
[INFO] Running org.drasyl.identity.IdentityPublicKeyTest$JsonSerialization
[INFO] Tests run: 4, Failures: 0, Errors: 0, Skipped: 0, Time elapsed: 0.001 s - in org.drasyl.identity.IdentityPublicKeyTest$JsonSerialization
[INFO] Running org.drasyl.identity.IdentityPublicKeyTest$JsonDeserialization
[INFO] Tests run: 4, Failures: 0, Errors: 0, Skipped: 0, Time elapsed: 0.001 s - in org.drasyl.identity.IdentityPublicKeyTest$JsonDeserialization
[INFO] Running org.drasyl.identity.IdentityPublicKeyTest$Of
[INFO] Tests run: 1, Failures: 0, Errors: 0, Skipped: 0, Time elapsed: 0.007 s - in org.drasyl.util.logging.Slf4JLoggerTest$Lazy$Error$WhenEnabled
[INFO] Tests run: 1, Failures: 0, Errors: 0, Skipped: 0, Time elapsed: 0.017 s - in org.drasyl.util.logging.Slf4JLoggerTest$Lazy$Error
[INFO] Running org.drasyl.util.logging.Slf4JLoggerTest$Lazy$Warn
[INFO] Running org.drasyl.util.logging.Slf4JLoggerTest$Lazy$Warn$WhenDisabled
[INFO] Tests run: 0, Failures: 0, Errors: 0, Skipped: 0, Time elapsed: 0.002 s - in org.drasyl.identity.IdentityPublicKeyTest$Of
[INFO] Tests run: 0, Failures: 0, Errors: 0, Skipped: 0, Time elapsed: 0.007 s - in org.drasyl.identity.IdentityPublicKeyTest
[INFO] Running org.drasyl.util.ByteBufUtilTest
[INFO] Running org.drasyl.util.ByteBufUtilTest$Prepend
[INFO] Tests run: 2, Failures: 0, Errors: 0, Skipped: 0, Time elapsed: 0.001 s - in org.drasyl.util.ByteBufUtilTest$Prepend
[INFO] Tests run: 0, Failures: 0, Errors: 0, Skipped: 0, Time elapsed: 0.002 s - in org.drasyl.util.ByteBufUtilTest
[INFO] Running org.drasyl.util.ObservableUtilTest
[INFO] Running org.drasyl.util.ObservableUtilTest$PairWithPreviousObservable
[INFO] Tests run: 2, Failures: 0, Errors: 0, Skipped: 0, Time elapsed: 0.007 s - in org.drasyl.util.logging.Slf4JLoggerTest$Lazy$Warn$WhenDisabled
[INFO] Running org.drasyl.util.logging.Slf4JLoggerTest$Lazy$Warn$WhenEnabled
[INFO] Tests run: 3, Failures: 0, Errors: 0, Skipped: 0, Time elapsed: 0.009 s - in org.drasyl.util.logging.Slf4JLoggerTest$Lazy$Warn$WhenEnabled
[INFO] Tests run: 0, Failures: 0, Errors: 0, Skipped: 0, Time elapsed: 0.02 s - in org.drasyl.util.logging.Slf4JLoggerTest$Lazy$Warn
[INFO] Running org.drasyl.util.logging.Slf4JLoggerTest$Lazy$Info
[INFO] Running org.drasyl.util.logging.Slf4JLoggerTest$Lazy$Info$WhenDisabled
[INFO] Tests run: 4, Failures: 0, Errors: 0, Skipped: 0, Time elapsed: 0.01 s - in org.drasyl.util.logging.Slf4JLoggerTest$Lazy$Info$WhenDisabled
[INFO] Running org.drasyl.util.logging.Slf4JLoggerTest$Lazy$Info$WhenEnabled
[INFO] Tests run: 3, Failures: 0, Errors: 0, Skipped: 0, Time elapsed: 0.008 s - in org.drasyl.util.logging.Slf4JLoggerTest$Lazy$Info$WhenEnabled
[INFO] Tests run: 0, Failures: 0, Errors: 0, Skipped: 0, Time elapsed: 0.022 s - in org.drasyl.util.logging.Slf4JLoggerTest$Lazy$Info
[INFO] Running org.drasyl.util.logging.Slf4JLoggerTest$Lazy$Debug
[INFO] Running org.drasyl.util.logging.Slf4JLoggerTest$Lazy$Debug$WhenDisabled
[INFO] Tests run: 3, Failures: 0, Errors: 0, Skipped: 0, Time elapsed: 0.006 s - in org.drasyl.util.logging.Slf4JLoggerTest$Lazy$Debug$WhenDisabled
[INFO] Running org.drasyl.util.logging.Slf4JLoggerTest$Lazy$Debug$WhenEnabled
[INFO] Tests run: 3, Failures: 0, Errors: 0, Skipped: 0, Time elapsed: 0.01 s - in org.drasyl.util.logging.Slf4JLoggerTest$Lazy$Debug$WhenEnabled
[INFO] Tests run: 0, Failures: 0, Errors: 0, Skipped: 0, Time elapsed: 0.018 s - in org.drasyl.util.logging.Slf4JLoggerTest$Lazy$Debug
[INFO] Running org.drasyl.util.logging.Slf4JLoggerTest$Lazy$Trace
[INFO] Running org.drasyl.util.logging.Slf4JLoggerTest$Lazy$Trace$WhenDisabled
[INFO] Running org.drasyl.remote.handler.portmapper.UpnpIgdPortMappingTest$Start$OnDiscoveryTimeout
[INFO] Tests run: 5, Failures: 0, Errors: 0, Skipped: 0, Time elapsed: 0.007 s - in org.drasyl.util.logging.Slf4JLoggerTest$Lazy$Trace$WhenDisabled
[INFO] Running org.drasyl.util.logging.Slf4JLoggerTest$Lazy$Trace$WhenEnabled
[INFO] Tests run: 0, Failures: 0, Errors: 0, Skipped: 0, Time elapsed: 0.068 s - in org.drasyl.util.ObservableUtilTest$PairWithPreviousObservable
[INFO] Tests run: 0, Failures: 0, Errors: 0, Skipped: 0, Time elapsed: 0.069 s - in org.drasyl.util.ObservableUtilTest
[INFO] Running org.drasyl.event.PeerDirectEventTest
[INFO] Running org.drasyl.event.PeerDirectEventTest$HashCode
[INFO] Tests run: 3, Failures: 0, Errors: 0, Skipped: 0, Time elapsed: 0.005 s - in org.drasyl.util.logging.Slf4JLoggerTest$Lazy$Trace$WhenEnabled
[INFO] Tests run: 0, Failures: 0, Errors: 0, Skipped: 0, Time elapsed: 0.014 s - in org.drasyl.util.logging.Slf4JLoggerTest$Lazy$Trace
[INFO] Tests run: 0, Failures: 0, Errors: 0, Skipped: 0, Time elapsed: 1.629 s - in org.drasyl.util.logging.Slf4JLoggerTest$Lazy
[INFO] Running org.drasyl.util.logging.Slf4JLoggerTest$Eager
[INFO] Running org.drasyl.util.logging.Slf4JLoggerTest$Eager$DynamicLevel
[INFO] Tests run: 6, Failures: 0, Errors: 0, Skipped: 0, Time elapsed: 0.008 s - in org.drasyl.util.logging.Slf4JLoggerTest$Eager$DynamicLevel
[INFO] Running org.drasyl.util.logging.Slf4JLoggerTest$Eager$Error
[INFO] Tests run: 6, Failures: 0, Errors: 0, Skipped: 0, Time elapsed: 0.006 s - in org.drasyl.util.logging.Slf4JLoggerTest$Eager$Error
[INFO] Running org.drasyl.util.logging.Slf4JLoggerTest$Eager$Warn
[INFO] Tests run: 5, Failures: 0, Errors: 0, Skipped: 0, Time elapsed: 0.243 s - in org.drasyl.plugin.PluginManagerTest$AfterShutdown
[INFO] Running org.drasyl.plugin.PluginManagerTest$BeforeShutdown
[INFO] Tests run: 2, Failures: 0, Errors: 0, Skipped: 0, Time elapsed: 0.007 s - in org.drasyl.util.logging.Slf4JLoggerTest$Eager$Warn
[INFO] Running org.drasyl.util.logging.Slf4JLoggerTest$Eager$Info
[INFO] Tests run: 2, Failures: 0, Errors: 0, Skipped: 0, Time elapsed: 0.003 s - in org.drasyl.plugin.PluginManagerTest$BeforeShutdown
[INFO] Running org.drasyl.plugin.PluginManagerTest$AfterStart
[INFO] Tests run: 3, Failures: 0, Errors: 0, Skipped: 0, Time elapsed: 0.002 s - in org.drasyl.plugin.PluginManagerTest$AfterStart
[INFO] Running org.drasyl.plugin.PluginManagerTest$BeforeStart
[INFO] Tests run: 4, Failures: 0, Errors: 0, Skipped: 0, Time elapsed: 0.008 s - in org.drasyl.util.logging.Slf4JLoggerTest$Eager$Info
[INFO] Tests run: 0, Failures: 0, Errors: 0, Skipped: 0, Time elapsed: 0.003 s - in org.drasyl.plugin.PluginManagerTest$BeforeStart
[INFO] Running org.drasyl.util.logging.Slf4JLoggerTest$Eager$Debug
[INFO] Tests run: 0, Failures: 0, Errors: 0, Skipped: 0, Time elapsed: 0.258 s - in org.drasyl.plugin.PluginManagerTest
[INFO] Running org.drasyl.serialization.DoubleSerializerTest
[INFO] Running org.drasyl.serialization.DoubleSerializerTest$FromByteArray
[INFO] Tests run: 7, Failures: 0, Errors: 0, Skipped: 0, Time elapsed: 0.003 s - in org.drasyl.serialization.DoubleSerializerTest$FromByteArray
[INFO] Running org.drasyl.serialization.DoubleSerializerTest$ToByteArray
[INFO] Tests run: 4, Failures: 0, Errors: 0, Skipped: 0, Time elapsed: 0.006 s - in org.drasyl.util.logging.Slf4JLoggerTest$Eager$Debug
[INFO] Running org.drasyl.util.logging.Slf4JLoggerTest$Eager$Trace
[INFO] Tests run: 0, Failures: 0, Errors: 0, Skipped: 0, Time elapsed: 0.001 s - in org.drasyl.serialization.DoubleSerializerTest$ToByteArray
[INFO] Tests run: 0, Failures: 0, Errors: 0, Skipped: 0, Time elapsed: 0.006 s - in org.drasyl.serialization.DoubleSerializerTest
[INFO] Running org.drasyl.pipeline.TailContextTest
[INFO] Running org.drasyl.pipeline.TailContextTest$OnRead
[INFO] Tests run: 6, Failures: 0, Errors: 0, Skipped: 0, Time elapsed: 0.006 s - in org.drasyl.util.logging.Slf4JLoggerTest$Eager$Trace
[INFO] Tests run: 0, Failures: 0, Errors: 0, Skipped: 0, Time elapsed: 0.05 s - in org.drasyl.util.logging.Slf4JLoggerTest$Eager
[INFO] Tests run: 0, Failures: 0, Errors: 0, Skipped: 0, Time elapsed: 2.483 s - in org.drasyl.util.logging.Slf4JLoggerTest
[INFO] Running org.drasyl.remote.handler.RemoteEnvelopeToByteBufCodecTest
[INFO] Running org.drasyl.remote.handler.RemoteEnvelopeToByteBufCodecTest$Encode
[INFO] Tests run: 1, Failures: 0, Errors: 0, Skipped: 0, Time elapsed: 0.064 s - in org.drasyl.event.PeerDirectEventTest$HashCode
[INFO] Running org.drasyl.event.PeerDirectEventTest$Equals
[INFO] Tests run: 1, Failures: 0, Errors: 0, Skipped: 0, Time elapsed: 0.001 s - in org.drasyl.event.PeerDirectEventTest$Equals
[INFO] Running org.drasyl.event.PeerDirectEventTest$GetMessage
[INFO] Tests run: 1, Failures: 0, Errors: 0, Skipped: 0, Time elapsed: 0 s - in org.drasyl.event.PeerDirectEventTest$GetMessage
[INFO] Tests run: 0, Failures: 0, Errors: 0, Skipped: 0, Time elapsed: 0.069 s - in org.drasyl.event.PeerDirectEventTest
[INFO] Running org.drasyl.remote.protocol.ProtocolTest
[INFO] Running org.drasyl.remote.protocol.ProtocolTest$TestUnite
[INFO] Tests run: 2, Failures: 0, Errors: 0, Skipped: 0, Time elapsed: 0.001 s - in org.drasyl.remote.protocol.ProtocolTest$TestUnite
[INFO] Running org.drasyl.remote.protocol.ProtocolTest$TestPublicHeader
[INFO] Tests run: 4, Failures: 0, Errors: 0, Skipped: 0, Time elapsed: 0.001 s - in org.drasyl.remote.protocol.ProtocolTest$TestPublicHeader
[INFO] Tests run: 0, Failures: 0, Errors: 0, Skipped: 0, Time elapsed: 0.217 s - in org.drasyl.remote.handler.portmapper.NatPmpPortMappingTest$HandleMessage$FromGateway
[INFO] Tests run: 0, Failures: 0, Errors: 0, Skipped: 0, Time elapsed: 0.004 s - in org.drasyl.remote.protocol.ProtocolTest
[INFO] Running org.drasyl.util.scheduler.DrasylSchedulerTest
[INFO] Running org.drasyl.util.scheduler.DrasylSchedulerTest$Wrapper
[INFO] Tests run: 0, Failures: 0, Errors: 0, Skipped: 0, Time elapsed: 1.391 s - in org.drasyl.remote.handler.portmapper.NatPmpPortMappingTest$HandleMessage
[INFO] Running org.drasyl.remote.handler.portmapper.NatPmpPortMappingTest$Stop
[INFO] Tests run: 4, Failures: 0, Errors: 0, Skipped: 0, Time elapsed: 0.003 s - in org.drasyl.remote.handler.portmapper.NatPmpPortMappingTest$Stop
[INFO] Running org.drasyl.remote.handler.portmapper.NatPmpPortMappingTest$Start
[INFO] Tests run: 3, Failures: 0, Errors: 0, Skipped: 0, Time elapsed: 0.003 s - in org.drasyl.remote.handler.portmapper.NatPmpPortMappingTest$Start
[INFO] Tests run: 0, Failures: 0, Errors: 0, Skipped: 0, Time elapsed: 3.303 s - in org.drasyl.remote.handler.portmapper.NatPmpPortMappingTest
[INFO] Running org.drasyl.util.TypeReferenceTest
[INFO] Tests run: 2, Failures: 0, Errors: 0, Skipped: 0, Time elapsed: 0.001 s - in org.drasyl.util.TypeReferenceTest
[INFO] Running org.drasyl.pipeline.skeleton.HandlerAdapterTest
[INFO] Running org.drasyl.pipeline.skeleton.HandlerAdapterTest$Inbound
[INFO] Tests run: 4, Failures: 0, Errors: 0, Skipped: 0, Time elapsed: 2.542 s - in org.drasyl.behaviour.BehavioralDrasylNodeTest$OnEvent
[INFO] Tests run: 0, Failures: 0, Errors: 0, Skipped: 0, Time elapsed: 2.543 s - in org.drasyl.behaviour.BehavioralDrasylNodeTest
[INFO] Running org.drasyl.pipeline.DefaultHandlerContextTest
[INFO] Tests run: 4, Failures: 0, Errors: 0, Skipped: 0, Time elapsed: 0.26 s - in org.drasyl.DrasylNodeTest$Send
[INFO] Running org.drasyl.DrasylNodeTest$Shutdown
[INFO] Tests run: 3, Failures: 0, Errors: 0, Skipped: 0, Time elapsed: 0.082 s - in org.drasyl.util.scheduler.DrasylSchedulerTest$Wrapper
[INFO] Tests run: 0, Failures: 0, Errors: 0, Skipped: 0, Time elapsed: 0.085 s - in org.drasyl.util.scheduler.DrasylSchedulerTest
[INFO] Running org.drasyl.util.protocol.NatPmpUtilTest
[INFO] Running org.drasyl.util.protocol.NatPmpUtilTest$TestExternalAddressResponseMessage
[INFO] Tests run: 2, Failures: 0, Errors: 0, Skipped: 0, Time elapsed: 0.001 s - in org.drasyl.util.protocol.NatPmpUtilTest$TestExternalAddressResponseMessage
[INFO] Running org.drasyl.util.protocol.NatPmpUtilTest$TestMappingUdpResponseMessage
[INFO] Tests run: 1, Failures: 0, Errors: 0, Skipped: 0, Time elapsed: 0.001 s - in org.drasyl.util.protocol.NatPmpUtilTest$TestMappingUdpResponseMessage
[INFO] Running org.drasyl.util.protocol.NatPmpUtilTest$ReadMessage
[INFO] Tests run: 3, Failures: 0, Errors: 0, Skipped: 0, Time elapsed: 0.001 s - in org.drasyl.util.protocol.NatPmpUtilTest$ReadMessage
[INFO] Running org.drasyl.util.protocol.NatPmpUtilTest$BuildMappingRequestMessage
[INFO] Tests run: 2, Failures: 0, Errors: 0, Skipped: 0, Time elapsed: 0 s - in org.drasyl.util.protocol.NatPmpUtilTest$BuildMappingRequestMessage
[INFO] Running org.drasyl.util.protocol.NatPmpUtilTest$BuildExternalAddressRequestMessage
[INFO] Tests run: 1, Failures: 0, Errors: 0, Skipped: 0, Time elapsed: 0.001 s - in org.drasyl.util.protocol.NatPmpUtilTest$BuildExternalAddressRequestMessage
[INFO] Tests run: 0, Failures: 0, Errors: 0, Skipped: 0, Time elapsed: 0.013 s - in org.drasyl.util.protocol.NatPmpUtilTest
[INFO] Running org.drasyl.serialization.ProtobufSerializerTest
[INFO] Running org.drasyl.serialization.ProtobufSerializerTest$FromByteArray
[INFO] Tests run: 7, Failures: 0, Errors: 0, Skipped: 0, Time elapsed: 0.071 s - in org.drasyl.pipeline.DefaultHandlerContextTest
[INFO] Running org.drasyl.crypto.CryptoTest
[INFO] Tests run: 0, Failures: 0, Errors: 0, Skipped: 0, Time elapsed: 2.907 s - in org.drasyl.pipeline.HeadContextTest$OnRead
[INFO] Tests run: 0, Failures: 0, Errors: 0, Skipped: 0, Time elapsed: 3.5 s - in org.drasyl.pipeline.serialization.SerializationTest$RemoveSerializer
[INFO] Running org.drasyl.pipeline.HeadContextTest$OnEvent
[INFO] Running org.drasyl.crypto.CryptoTest$Random
[INFO] Running org.drasyl.pipeline.serialization.SerializationTest$AddSerializer
[INFO] Tests run: 0, Failures: 0, Errors: 0, Skipped: 0, Time elapsed: 0.003 s - in org.drasyl.serialization.ProtobufSerializerTest$FromByteArray
[INFO] Running org.drasyl.serialization.ProtobufSerializerTest$ToByteArray
[INFO] Tests run: 4, Failures: 0, Errors: 0, Skipped: 0, Time elapsed: 0.003 s - in org.drasyl.pipeline.serialization.SerializationTest$AddSerializer
[INFO] Tests run: 0, Failures: 0, Errors: 0, Skipped: 0, Time elapsed: 0.003 s - in org.drasyl.pipeline.HeadContextTest$OnEvent
[INFO] Running org.drasyl.pipeline.serialization.SerializationTest$FindSerializerFor
[INFO] Tests run: 1, Failures: 0, Errors: 0, Skipped: 0, Time elapsed: 0.132 s - in org.drasyl.pipeline.TailContextTest$OnRead
[INFO] Running org.drasyl.pipeline.HeadContextTest$OnException
[INFO] Running org.drasyl.pipeline.TailContextTest$OnEvent
[INFO] Tests run: 3, Failures: 0, Errors: 0, Skipped: 0, Time elapsed: 0.006 s - in org.drasyl.serialization.ProtobufSerializerTest$ToByteArray
[INFO] Tests run: 1, Failures: 0, Errors: 0, Skipped: 0, Time elapsed: 0.002 s - in org.drasyl.pipeline.TailContextTest$OnEvent
[INFO] Running org.drasyl.pipeline.TailContextTest$OnException
[INFO] Tests run: 1, Failures: 0, Errors: 0, Skipped: 0, Time elapsed: 0.015 s - in org.drasyl.serialization.ProtobufSerializerTest
[INFO] Running org.drasyl.util.TokenBucketTest
[INFO] Running org.drasyl.util.TokenBucketTest$TestTokenProvider
[INFO] Running org.drasyl.util.TokenBucketTest$TestTokenProvider$Refill
[INFO] Tests run: 1, Failures: 0, Errors: 0, Skipped: 0, Time elapsed: 0.006 s - in org.drasyl.pipeline.serialization.SerializationTest$FindSerializerFor
[INFO] Tests run: 0, Failures: 0, Errors: 0, Skipped: 0, Time elapsed: 3.52 s - in org.drasyl.pipeline.serialization.SerializationTest
[INFO] Running org.drasyl.util.AnsiTest
[INFO] Tests run: 2, Failures: 0, Errors: 0, Skipped: 0, Time elapsed: 0.002 s - in org.drasyl.util.TokenBucketTest$TestTokenProvider$Refill
[INFO] Tests run: 0, Failures: 0, Errors: 0, Skipped: 0, Time elapsed: 0.004 s - in org.drasyl.util.TokenBucketTest$TestTokenProvider
[INFO] Running org.drasyl.util.TokenBucketTest$AvailableTokens
[INFO] Tests run: 1, Failures: 0, Errors: 0, Skipped: 0, Time elapsed: 3.435 s - in org.drasyl.remote.handler.tcp.TcpClientTest$TcpClientHandlerTest
[INFO] Running org.drasyl.remote.handler.tcp.TcpClientTest$MessagePassing
[INFO] Tests run: 0, Failures: 0, Errors: 0, Skipped: 0, Time elapsed: 0.003 s - in org.drasyl.util.AnsiTest
[INFO] Running org.drasyl.util.SetUtilTest
[INFO] Running org.drasyl.util.SetUtilTest$FirstElement
[INFO] Tests run: 2, Failures: 0, Errors: 0, Skipped: 0, Time elapsed: 0.001 s - in org.drasyl.util.SetUtilTest$FirstElement
[INFO] Running org.drasyl.util.SetUtilTest$NthElement
[INFO] Tests run: 3, Failures: 0, Errors: 0, Skipped: 0, Time elapsed: 0.004 s - in org.drasyl.util.SetUtilTest$NthElement
[INFO] Running org.drasyl.util.SetUtilTest$Difference
[INFO] Tests run: 2, Failures: 0, Errors: 0, Skipped: 0, Time elapsed: 0.001 s - in org.drasyl.util.SetUtilTest$Difference
[INFO] Running org.drasyl.util.SetUtilTest$Merge
[INFO] Running org.drasyl.pipeline.handler.codec.MessageToMessageDecoderTest
[INFO] Tests run: 2, Failures: 0, Errors: 0, Skipped: 0, Time elapsed: 0.003 s - in org.drasyl.util.SetUtilTest$Merge
[INFO] Tests run: 0, Failures: 0, Errors: 0, Skipped: 0, Time elapsed: 0.014 s - in org.drasyl.util.SetUtilTest
[INFO] Running org.drasyl.serialization.BooleanSerializerTest
[INFO] Running org.drasyl.serialization.BooleanSerializerTest$FromByteArray
[INFO] Tests run: 3, Failures: 0, Errors: 0, Skipped: 0, Time elapsed: 0.003 s - in org.drasyl.serialization.BooleanSerializerTest$FromByteArray
[INFO] Running org.drasyl.serialization.BooleanSerializerTest$ToByteArray
[INFO] Tests run: 7, Failures: 0, Errors: 0, Skipped: 0, Time elapsed: 0.002 s - in org.drasyl.serialization.BooleanSerializerTest$ToByteArray
[INFO] Tests run: 2, Failures: 0, Errors: 0, Skipped: 0, Time elapsed: 0.008 s - in org.drasyl.serialization.BooleanSerializerTest
[INFO] Running org.drasyl.util.FutureCombinerTest
[INFO] Running org.drasyl.util.FutureCombinerTest$CompleteOnAllOf
[INFO] Tests run: 14, Failures: 0, Errors: 0, Skipped: 0, Time elapsed: 0.006 s - in org.drasyl.util.FutureCombinerTest$CompleteOnAllOf
[INFO] Running org.drasyl.util.FutureCombinerTest$CompleteOnAnyOfExceptionally
[INFO] Tests run: 11, Failures: 0, Errors: 0, Skipped: 0, Time elapsed: 0.059 s - in org.drasyl.crypto.CryptoTest$Random
[INFO] Running org.drasyl.crypto.CryptoTest$Sign
[INFO] Tests run: 2, Failures: 0, Errors: 0, Skipped: 0, Time elapsed: 0.007 s - in org.drasyl.util.FutureCombinerTest$CompleteOnAnyOfExceptionally
[INFO] Tests run: 0, Failures: 0, Errors: 0, Skipped: 0, Time elapsed: 0.017 s - in org.drasyl.util.FutureCombinerTest
[INFO] Running org.drasyl.util.RandomUtilTest
[INFO] Running org.drasyl.util.RandomUtilTest$RandomString
[INFO] Tests run: 2, Failures: 0, Errors: 0, Skipped: 0, Time elapsed: 0.002 s - in org.drasyl.util.RandomUtilTest$RandomString
[INFO] Running org.drasyl.util.RandomUtilTest$RandomBytes
[INFO] Tests run: 2, Failures: 0, Errors: 0, Skipped: 0, Time elapsed: 0.002 s - in org.drasyl.util.RandomUtilTest$RandomBytes
[INFO] Running org.drasyl.util.RandomUtilTest$RandomLong
[INFO] Tests run: 12, Failures: 0, Errors: 0, Skipped: 0, Time elapsed: 3.58 s - in org.drasyl.remote.handler.tcp.TcpServerTest$TcpServerHandlerTest
[INFO] Running org.drasyl.remote.handler.tcp.TcpServerTest$TcpServerChannelInitializerTest
[INFO] Tests run: 1, Failures: 0, Errors: 0, Skipped: 0, Time elapsed: 0.017 s - in org.drasyl.util.RandomUtilTest$RandomLong
[INFO] Running org.drasyl.util.RandomUtilTest$RandomInt
[INFO] Tests run: 1, Failures: 0, Errors: 0, Skipped: 0, Time elapsed: 1.57 s - in org.drasyl.pipeline.skeleton.SimpleDuplexRemoteEnvelopeSkipLoopbackHandlerTest$Inbound
[INFO] Running org.drasyl.pipeline.skeleton.SimpleDuplexRemoteEnvelopeSkipLoopbackHandlerTest$Outbound
[INFO] Tests run: 5, Failures: 0, Errors: 0, Skipped: 0, Time elapsed: 0.011 s - in org.drasyl.util.RandomUtilTest$RandomInt
[INFO] Tests run: 0, Failures: 0, Errors: 0, Skipped: 0, Time elapsed: 0.037 s - in org.drasyl.util.RandomUtilTest
[INFO] Running org.drasyl.remote.handler.InternetDiscoveryTest
[INFO] Tests run: 3, Failures: 0, Errors: 0, Skipped: 0, Time elapsed: 0.399 s - in org.drasyl.util.network.NetworkUtilTest$GetLocalAddressForRemoteAddress
[INFO] Running org.drasyl.util.network.NetworkUtilTest$GetIpv4MappedIPv6AddressBytes
[INFO] Tests run: 3, Failures: 0, Errors: 0, Skipped: 0, Time elapsed: 0.143 s - in org.drasyl.DrasylNodeTest$Shutdown
[INFO] Running org.drasyl.DrasylNodeTest$Start
[INFO] Tests run: 0, Failures: 0, Errors: 0, Skipped: 0, Time elapsed: 0.002 s - in org.drasyl.util.network.NetworkUtilTest$GetIpv4MappedIPv6AddressBytes
[INFO] Running org.drasyl.util.network.NetworkUtilTest$GetDefaultGateway
[INFO] Tests run: 2, Failures: 0, Errors: 0, Skipped: 0, Time elapsed: 0.006 s - in org.drasyl.util.network.NetworkUtilTest$GetDefaultGateway
[INFO] Running org.drasyl.util.network.NetworkUtilTest$SameNetwork
[INFO] Tests run: 5, Failures: 0, Errors: 0, Skipped: 0, Time elapsed: 0.003 s - in org.drasyl.util.network.NetworkUtilTest$SameNetwork
[INFO] Running org.drasyl.util.network.NetworkUtilTest$Cidr2Netmask
[INFO] Tests run: 3, Failures: 0, Errors: 0, Skipped: 0, Time elapsed: 0.002 s - in org.drasyl.util.network.NetworkUtilTest$Cidr2Netmask
[INFO] Running org.drasyl.util.network.NetworkUtilTest$GetNetworkPrefixLength
[INFO] Running org.drasyl.remote.handler.portmapper.UpnpIgdPortMappingTest$Start$OnDiscoveryTimeout$WhenMappingFailed
[INFO] Tests run: 2, Failures: 0, Errors: 0, Skipped: 0, Time elapsed: 0.002 s - in org.drasyl.util.network.NetworkUtilTest$GetNetworkPrefixLength
[INFO] Running org.drasyl.util.network.NetworkUtilTest$CreateInetAddress
[INFO] Tests run: 2, Failures: 0, Errors: 0, Skipped: 0, Time elapsed: 0.002 s - in org.drasyl.util.network.NetworkUtilTest$CreateInetAddress
[INFO] Running org.drasyl.util.network.NetworkUtilTest$GetLocalHostName
[INFO] Tests run: 1, Failures: 0, Errors: 0, Skipped: 0, Time elapsed: 0.001 s - in org.drasyl.util.network.NetworkUtilTest$GetLocalHostName
[INFO] Running org.drasyl.util.network.NetworkUtilTest$GetAddresses
[INFO] Tests run: 2, Failures: 0, Errors: 0, Skipped: 0, Time elapsed: 0.001 s - in org.drasyl.util.network.NetworkUtilTest$GetAddresses
[INFO] Running org.drasyl.util.network.NetworkUtilTest$Alive
[INFO] Tests run: 2, Failures: 0, Errors: 0, Skipped: 0, Time elapsed: 0.057 s - in org.drasyl.remote.handler.tcp.TcpServerTest$TcpServerChannelInitializerTest
[INFO] Running org.drasyl.remote.handler.tcp.TcpServerTest$MessagePassing
[INFO] Tests run: 1, Failures: 0, Errors: 0, Skipped: 0, Time elapsed: 0.005 s - in org.drasyl.util.network.NetworkUtilTest$Alive
[INFO] Running org.drasyl.util.network.NetworkUtilTest$Available
[INFO] Tests run: 3, Failures: 0, Errors: 0, Skipped: 0, Time elapsed: 0.002 s - in org.drasyl.util.network.NetworkUtilTest$Available
[INFO] Running org.drasyl.util.network.NetworkUtilTest$GetExternalIPv4Address
[INFO] Tests run: 7, Failures: 0, Errors: 0, Skipped: 0, Time elapsed: 0.034 s - in org.drasyl.remote.handler.portmapper.UpnpIgdPortMappingTest$Start$OnDiscoveryTimeout$WhenMappingFailed
[INFO] Tests run: 1, Failures: 0, Errors: 0, Skipped: 0, Time elapsed: 0.352 s - in org.drasyl.remote.handler.portmapper.UpnpIgdPortMappingTest$Start$OnDiscoveryTimeout
[INFO] Tests run: 1, Failures: 0, Errors: 0, Skipped: 0, Time elapsed: 0.498 s - in org.drasyl.remote.handler.portmapper.UpnpIgdPortMappingTest$Start
[INFO] Tests run: 0, Failures: 0, Errors: 0, Skipped: 0, Time elapsed: 3.682 s - in org.drasyl.remote.handler.portmapper.UpnpIgdPortMappingTest
[INFO] Running org.drasyl.util.WeakPoolTest
[INFO] Tests run: 11, Failures: 0, Errors: 0, Skipped: 0, Time elapsed: 3.838 s - in org.drasyl.remote.handler.UdpServerTest$MessagePassing
[INFO] Running org.drasyl.remote.handler.UdpServerTest$StopServer
[INFO] Running org.drasyl.pipeline.AbstractHandlerContextTest$DoneFutures
[INFO] Tests run: 4, Failures: 0, Errors: 0, Skipped: 0, Time elapsed: 0.007 s - in org.drasyl.pipeline.AbstractHandlerContextTest$DoneFutures
[INFO] Running org.drasyl.pipeline.AbstractHandlerContextTest$Skippable
[INFO] Tests run: 10, Failures: 0, Errors: 0, Skipped: 0, Time elapsed: 0.026 s - in org.drasyl.pipeline.AbstractHandlerContextTest$Skippable
[INFO] Tests run: 0, Failures: 0, Errors: 0, Skipped: 0, Time elapsed: 3.882 s - in org.drasyl.pipeline.AbstractHandlerContextTest
[INFO] Running org.drasyl.remote.handler.portmapper.PcpPortMappingTest
[INFO] Running org.drasyl.remote.handler.portmapper.PcpPortMappingTest$Fail
[INFO] Tests run: 1, Failures: 0, Errors: 0, Skipped: 0, Time elapsed: 0.003 s - in org.drasyl.remote.handler.portmapper.PcpPortMappingTest$Fail
[INFO] Running org.drasyl.remote.handler.portmapper.PcpPortMappingTest$HandleMessage
[INFO] Running org.drasyl.remote.handler.portmapper.PcpPortMappingTest$HandleMessage$NotFromGateway
[INFO] Tests run: 1, Failures: 0, Errors: 0, Skipped: 0, Time elapsed: 0.001 s - in org.drasyl.remote.handler.portmapper.PcpPortMappingTest$HandleMessage$NotFromGateway
[INFO] Running org.drasyl.remote.handler.portmapper.PcpPortMappingTest$HandleMessage$FromGateway
[INFO] Tests run: 1, Failures: 0, Errors: 0, Skipped: 0, Time elapsed: 0.003 s - in org.drasyl.remote.handler.portmapper.PcpPortMappingTest$HandleMessage$FromGateway
[INFO] Tests run: 0, Failures: 0, Errors: 0, Skipped: 0, Time elapsed: 0.006 s - in org.drasyl.remote.handler.portmapper.PcpPortMappingTest$HandleMessage
[INFO] Running org.drasyl.remote.handler.portmapper.PcpPortMappingTest$Stop
[INFO] Tests run: 1, Failures: 0, Errors: 0, Skipped: 0, Time elapsed: 0.003 s - in org.drasyl.remote.handler.portmapper.PcpPortMappingTest$Stop
[INFO] Running org.drasyl.remote.handler.portmapper.PcpPortMappingTest$Start
[INFO] Tests run: 1, Failures: 0, Errors: 0, Skipped: 0, Time elapsed: 0.003 s - in org.drasyl.remote.handler.portmapper.PcpPortMappingTest$Start
[INFO] Tests run: 0, Failures: 0, Errors: 0, Skipped: 0, Time elapsed: 0.019 s - in org.drasyl.remote.handler.portmapper.PcpPortMappingTest
[INFO] Running org.drasyl.pipeline.EmbeddedPipelineTest
[INFO] Tests run: 2, Failures: 0, Errors: 0, Skipped: 0, Time elapsed: 0.026 s - in org.drasyl.pipeline.EmbeddedPipelineTest
[INFO] Running org.drasyl.remote.handler.OtherNetworkFilterTest
[INFO] Tests run: 2, Failures: 0, Errors: 0, Skipped: 0, Time elapsed: 0.013 s - in org.drasyl.remote.handler.OtherNetworkFilterTest
[INFO] Tests run: 3, Failures: 0, Errors: 0, Skipped: 0, Time elapsed: 0.287 s - in org.drasyl.util.WeakPoolTest

SimpleOutbound Handler Order:
[35m--------------------------------------------------------------------------------[0m
[35m| APPLICATION                                                                  |[0m
[INFO] Tests run: 3, Failures: 0, Errors: 0, Skipped: 0, Time elapsed: 1.993 s - in org.drasyl.pipeline.DrasylPipelineTest$MessagesBeforeUnwritable
[35m--------------------------------------------------------------------------------[0m
[INFO] Running org.drasyl.pipeline.DrasylPipelineTest$IsWritable
[34m                                      ↓↓↓
[0m
[34m--------------------------------------------------------------------------------[0m
[34m| LOOPBACK_OUTBOUND_MESSAGE_SINK_HANDLER                                       |[0m
[34m--------------------------------------------------------------------------------[0m
[34m                                      ↓↓↓
[0m
[31m--------------------------------------------------------------------------------[0m
[31m| NETWORK                                                                      |[0m
[31m--------------------------------------------------------------------------------[0m
2023-02-08T19:12:50,094Z [31mWARN [0;39m --- [Pipeline-L-0] [36mo.d.remote.handler.UdpMulticastServer   [0;39m : Unable to bind server to address 0.0.0.0:22527: null
[INFO] Tests run: 18, Failures: 0, Errors: 0, Skipped: 0, Time elapsed: 2.1 s - in org.drasyl.pipeline.VisualPipelineTest$PrintOnlySimpleOutboundHandler
[INFO] Running org.drasyl.pipeline.VisualPipelineTest$PrintOnlySimpleInboundHandler

SimpleInbound Handler Order:
[31m--------------------------------------------------------------------------------[0m
[31m| NETWORK                                                                      |[0m
[31m--------------------------------------------------------------------------------[0m
[32m                                      ↓↓↓
[0m
[35m--------------------------------------------------------------------------------[0m
[35m| APPLICATION                                                                  |[0m
[35m--------------------------------------------------------------------------------[0m
[INFO] Tests run: 2, Failures: 0, Errors: 0, Skipped: 0, Time elapsed: 0.853 s - in org.drasyl.remote.handler.ChunkingHandlerTest$OnOutgoingMessage$NotFromMe
[INFO] Running org.drasyl.remote.handler.ChunkingHandlerTest$OnOutgoingMessage$FromMe
[INFO] Tests run: 10, Failures: 0, Errors: 0, Skipped: 0, Time elapsed: 0.586 s - in org.drasyl.pipeline.HeadContextTest$OnException
[INFO] Running org.drasyl.pipeline.HeadContextTest$OnWrite
[INFO] Tests run: 0, Failures: 0, Errors: 0, Skipped: 0, Time elapsed: 3.525 s - in org.drasyl.remote.handler.portmapper.PortMapperTest$MethodCycling
[INFO] Running org.drasyl.remote.handler.portmapper.PortMapperTest$MessageHandling
2023-02-08T19:12:50,118Z [31mWARN [0;39m --- [-1-worker-73] [36morg.drasyl.pipeline.HeadContext         [0;39m : Message `arg0` with recipient `arg1` has arrived at the end of the pipeline and was not consumed before by a handler. Therefore the message was dropped.
This can happen if none of the handlers in the pipeline can process this message or have no route to the recipient.
[INFO] Tests run: 5, Failures: 0, Errors: 0, Skipped: 0, Time elapsed: 0.582 s - in org.drasyl.pipeline.TailContextTest$OnException
[INFO] Tests run: 0, Failures: 0, Errors: 0, Skipped: 0, Time elapsed: 0.004 s - in org.drasyl.pipeline.VisualPipelineTest$PrintOnlySimpleInboundHandler
[INFO] Running org.drasyl.pipeline.TailContextTest$OnWrite
[INFO] Running org.drasyl.pipeline.VisualPipelineTest$PrintOutboundOrder
[INFO] Tests run: 2, Failures: 0, Errors: 0, Skipped: 0, Time elapsed: 0.577 s - in org.drasyl.util.TokenBucketTest$AvailableTokens
[INFO] Running org.drasyl.util.TokenBucketTest$Consume

Outbound Handler Order:
[35m--------------------------------------------------------------------------------[0m
[35m| APPLICATION                                                                  |[0m
[35m--------------------------------------------------------------------------------[0m
2023-02-08T19:12:50,125Z [31mWARN [0;39m --- [-1-worker-73] [36morg.drasyl.pipeline.HeadContext         [0;39m : Message `UnpooledByteBufAllocator$InstrumentedUnpooledUnsafeHeapByteBuf(ridx: 0, widx: 0, cap: 256)` with recipient `arg0` has arrived at the end of the pipeline and was not consumed before by a handler. Therefore the message was dropped.
This can happen if none of the handlers in the pipeline can process this message or have no route to the recipient.
[34m                                      ↓↓↓
[0m
[34m--------------------------------------------------------------------------------[0m
[34m| LOOPBACK_OUTBOUND_MESSAGE_SINK_HANDLER                                       |[0m
[34m--------------------------------------------------------------------------------[0m
[34m                                      ↓↓↓
[0m
[31m--------------------------------------------------------------------------------[0m
[31m| NETWORK                                                                      |[0m
[31m--------------------------------------------------------------------------------[0m
[INFO] Tests run: 8, Failures: 0, Errors: 0, Skipped: 0, Time elapsed: 0.009 s - in org.drasyl.pipeline.DrasylPipelineTest$IsWritable
[INFO] Running org.drasyl.pipeline.DrasylPipelineTest$ProcessOutboundMessage
[INFO] Tests run: 3, Failures: 0, Errors: 0, Skipped: 0, Time elapsed: 0.928 s - in org.drasyl.localhost.LocalHostDiscoveryTest$MessagePassing
[INFO] Running org.drasyl.localhost.LocalHostDiscoveryTest$StopDiscovery
[INFO] Tests run: 1, Failures: 0, Errors: 0, Skipped: 0, Time elapsed: 0.562 s - in org.drasyl.crypto.CryptoTest$Sign
[INFO] Running org.drasyl.crypto.CryptoTest$Decrypt
[INFO] Tests run: 6, Failures: 0, Errors: 0, Skipped: 0, Time elapsed: 0.007 s - in org.drasyl.util.TokenBucketTest$Consume
[INFO] Running org.drasyl.util.TokenBucketTest$Constructor
[INFO] Tests run: 0, Failures: 0, Errors: 0, Skipped: 0, Time elapsed: 3.445 s - in org.drasyl.pipeline.skeleton.SimpleOutboundHandlerTest
[INFO] Tests run: 1, Failures: 0, Errors: 0, Skipped: 0, Time elapsed: 3.627 s - in org.drasyl.loopback.handler.LoopbackMessageHandlerTest
[INFO] Tests run: 0, Failures: 0, Errors: 0, Skipped: 0, Time elapsed: 0.003 s - in org.drasyl.pipeline.TailContextTest$OnWrite
[INFO] Running org.drasyl.pipeline.TailContextTest$InGeneral
[INFO] Tests run: 1, Failures: 0, Errors: 0, Skipped: 0, Time elapsed: 0.011 s - in org.drasyl.pipeline.HeadContextTest$OnWrite
[INFO] Running org.drasyl.pipeline.HeadContextTest$InGeneral
[INFO] Tests run: 1, Failures: 0, Errors: 0, Skipped: 0, Time elapsed: 1.326 s - in org.drasyl.remote.handler.HopCountGuardTest
[INFO] Tests run: 0, Failures: 0, Errors: 0, Skipped: 0, Time elapsed: 0.727 s - in org.drasyl.pipeline.skeleton.HandlerAdapterTest$Inbound
[INFO] Tests run: 0, Failures: 0, Errors: 0, Skipped: 0, Time elapsed: 0.006 s - in org.drasyl.pipeline.VisualPipelineTest$PrintOutboundOrder
[INFO] Running org.drasyl.pipeline.skeleton.HandlerAdapterTest$Outbound
[INFO] Running org.drasyl.pipeline.VisualPipelineTest$PrintInboundOrder
[INFO] Tests run: 1, Failures: 0, Errors: 0, Skipped: 0, Time elapsed: 4.123 s - in org.drasyl.remote.handler.UdpMulticastServerTest$MessagePassing
[INFO] Running org.drasyl.remote.handler.UdpMulticastServerTest$StopServer
[INFO] Tests run: 4, Failures: 0, Errors: 0, Skipped: 0, Time elapsed: 3.181 s - in org.drasyl.pipeline.skeleton.SimpleInboundHandlerTest
[INFO] Tests run: 5, Failures: 0, Errors: 0, Skipped: 0, Time elapsed: 0.61 s - in org.drasyl.pipeline.handler.codec.MessageToMessageDecoderTest
[INFO] Tests run: 2, Failures: 0, Errors: 0, Skipped: 0, Time elapsed: 0.008 s - in org.drasyl.util.TokenBucketTest$Constructor

Inbound Handler Order:
[31m--------------------------------------------------------------------------------[0m
[31m| NETWORK                                                                      |[0m
[31m--------------------------------------------------------------------------------[0m
[32m                                      ↓↓↓
[0m
[32m--------------------------------------------------------------------------------[0m
[32m| LOOPBACK_OUTBOUND_MESSAGE_SINK_HANDLER                                       |[0m
[32m--------------------------------------------------------------------------------[0m
[32m                                      ↓↓↓
[0m
[35m--------------------------------------------------------------------------------[0m
[35m| APPLICATION                                                                  |[0m
[35m--------------------------------------------------------------------------------[0m
[INFO] Tests run: 2, Failures: 0, Errors: 0, Skipped: 0, Time elapsed: 3.574 s - in org.drasyl.remote.handler.InvalidProofOfWorkFilterTest
[INFO] Tests run: 0, Failures: 0, Errors: 0, Skipped: 0, Time elapsed: 3.668 s - in org.drasyl.pipeline.handler.codec.MessageToMessageEncoderTest
[INFO] Running org.drasyl.remote.handler.LocalNetworkDiscoveryTest$PeerTest
[INFO] Tests run: 6, Failures: 0, Errors: 0, Skipped: 0, Time elapsed: 0.037 s - in org.drasyl.remote.handler.portmapper.PortMapperTest$MessageHandling
[INFO] Running org.drasyl.remote.handler.LocalNetworkDiscoveryTest$PeerTest$IsStale
[INFO] Tests run: 0, Failures: 0, Errors: 0, Skipped: 0, Time elapsed: 0.777 s - in org.drasyl.remote.handler.RemoteEnvelopeToByteBufCodecTest$Encode
[INFO] Tests run: 0, Failures: 0, Errors: 0, Skipped: 0, Time elapsed: 0.009 s - in org.drasyl.pipeline.HeadContextTest$InGeneral
[INFO] Running org.drasyl.remote.handler.portmapper.PortMapperTest$EventHandling
[INFO] Running org.drasyl.remote.handler.RemoteEnvelopeToByteBufCodecTest$Decode
2023-02-08T19:12:50,164Z [31mWARN [0;39m --- [Pipeline-L-0] [36mo.d.p.serialization.MessageSerializer   [0;39m : No serializer was found for type `org.mockito.codegen.Object$MockitoMock$668860617`. You can find more information regarding this here: https://docs.drasyl.org/configuration/serialization/
[INFO] Tests run: 0, Failures: 0, Errors: 0, Skipped: 0, Time elapsed: 0.645 s - in org.drasyl.util.TokenBucketTest
[INFO] Tests run: 0, Failures: 0, Errors: 0, Skipped: 0, Time elapsed: 0.009 s - in org.drasyl.pipeline.skeleton.HandlerAdapterTest$Outbound
[INFO] Tests run: 0, Failures: 0, Errors: 0, Skipped: 0, Time elapsed: 0.011 s - in org.drasyl.pipeline.VisualPipelineTest$PrintInboundOrder
[INFO] Tests run: 0, Failures: 0, Errors: 0, Skipped: 0, Time elapsed: 0.016 s - in org.drasyl.pipeline.TailContextTest$InGeneral
[INFO] Tests run: 6, Failures: 0, Errors: 0, Skipped: 0, Time elapsed: 3.575 s - in org.drasyl.pipeline.HeadContextTest
[INFO] Tests run: 0, Failures: 0, Errors: 0, Skipped: 0, Time elapsed: 3.797 s - in org.drasyl.intravm.IntraVmDiscoveryTest$MessagePassing
[INFO] Tests run: 0, Failures: 0, Errors: 0, Skipped: 0, Time elapsed: 2.176 s - in org.drasyl.pipeline.VisualPipelineTest
[INFO] Running org.drasyl.intravm.IntraVmDiscoveryTest$StopDiscovery
[INFO] Tests run: 1, Failures: 0, Errors: 0, Skipped: 0, Time elapsed: 0.758 s - in org.drasyl.pipeline.skeleton.HandlerAdapterTest
[INFO] Tests run: 1, Failures: 0, Errors: 0, Skipped: 0, Time elapsed: 0.004 s - in org.drasyl.remote.handler.LocalNetworkDiscoveryTest$PeerTest$IsStale
[INFO] Tests run: 0, Failures: 0, Errors: 0, Skipped: 0, Time elapsed: 0.795 s - in org.drasyl.pipeline.TailContextTest
[INFO] Running org.drasyl.remote.handler.LocalNetworkDiscoveryTest$PeerTest$InboundPingOccurred
[INFO] Tests run: 1, Failures: 0, Errors: 0, Skipped: 0, Time elapsed: 0.33 s - in org.drasyl.remote.handler.UdpServerTest$StopServer
[INFO] Tests run: 0, Failures: 0, Errors: 0, Skipped: 0, Time elapsed: 2.931 s - in org.drasyl.remote.handler.StaticRoutesHandlerTest
[INFO] Running org.drasyl.remote.handler.UdpServerTest$StartServer
[INFO] Tests run: 1, Failures: 0, Errors: 0, Skipped: 0, Time elapsed: 0.664 s - in org.drasyl.remote.handler.tcp.TcpClientTest$MessagePassing
[INFO] Running org.drasyl.remote.handler.tcp.TcpClientTest$StopServer
[INFO] Tests run: 1, Failures: 0, Errors: 0, Skipped: 0, Time elapsed: 0.018 s - in org.drasyl.remote.handler.RemoteEnvelopeToByteBufCodecTest$Decode
[INFO] Tests run: 0, Failures: 0, Errors: 0, Skipped: 0, Time elapsed: 0.003 s - in org.drasyl.remote.handler.LocalNetworkDiscoveryTest$PeerTest$InboundPingOccurred
[INFO] Running org.drasyl.remote.handler.LocalNetworkDiscoveryTest$PeerTest$Getter
[INFO] Tests run: 0, Failures: 0, Errors: 0, Skipped: 0, Time elapsed: 0.806 s - in org.drasyl.remote.handler.RemoteEnvelopeToByteBufCodecTest
[INFO] Tests run: 1, Failures: 0, Errors: 0, Skipped: 0, Time elapsed: 0.001 s - in org.drasyl.remote.handler.LocalNetworkDiscoveryTest$PeerTest$Getter
[INFO] Tests run: 0, Failures: 0, Errors: 0, Skipped: 0, Time elapsed: 0.021 s - in org.drasyl.remote.handler.LocalNetworkDiscoveryTest$PeerTest
[INFO] Running org.drasyl.remote.handler.LocalNetworkDiscoveryTest$InboundMessageHandling
[INFO] Running org.drasyl.remote.handler.UdpServerTest$StartServer$DetermineActualEndpoints
[INFO] Tests run: 5, Failures: 0, Errors: 0, Skipped: 0, Time elapsed: 0.008 s - in org.drasyl.remote.handler.tcp.TcpClientTest$StopServer
[INFO] Tests run: 0, Failures: 0, Errors: 0, Skipped: 0, Time elapsed: 4.114 s - in org.drasyl.remote.handler.tcp.TcpClientTest
[INFO] Tests run: 5, Failures: 0, Errors: 0, Skipped: 0, Time elapsed: 0.007 s - in org.drasyl.remote.handler.LocalNetworkDiscoveryTest$InboundMessageHandling
[INFO] Tests run: 0, Failures: 0, Errors: 0, Skipped: 0, Time elapsed: 0.004 s - in org.drasyl.remote.handler.UdpServerTest$StartServer$DetermineActualEndpoints
[INFO] Running org.drasyl.remote.handler.LocalNetworkDiscoveryTest$ClearRoutes
[INFO] Tests run: 1, Failures: 0, Errors: 0, Skipped: 0, Time elapsed: 0.019 s - in org.drasyl.remote.handler.UdpServerTest$StartServer
[INFO] Tests run: 3, Failures: 0, Errors: 0, Skipped: 0, Time elapsed: 0.036 s - in org.drasyl.remote.handler.portmapper.PortMapperTest$EventHandling
[INFO] Tests run: 0, Failures: 0, Errors: 0, Skipped: 0, Time elapsed: 0.027 s - in org.drasyl.intravm.IntraVmDiscoveryTest$StopDiscovery
[INFO] Running org.drasyl.intravm.IntraVmDiscoveryTest$StartDiscovery
[INFO] Tests run: 0, Failures: 0, Errors: 0, Skipped: 0, Time elapsed: 4.206 s - in org.drasyl.remote.handler.UdpServerTest
[INFO] Tests run: 0, Failures: 0, Errors: 0, Skipped: 0, Time elapsed: 0.096 s - in org.drasyl.remote.handler.ChunkingHandlerTest$OnOutgoingMessage$FromMe
[INFO] Tests run: 0, Failures: 0, Errors: 0, Skipped: 0, Time elapsed: 0.002 s - in org.drasyl.remote.handler.LocalNetworkDiscoveryTest$ClearRoutes
[INFO] Running org.drasyl.remote.handler.LocalNetworkDiscoveryTest$StopHeartbeat
[INFO] Tests run: 0, Failures: 0, Errors: 0, Skipped: 0, Time elapsed: 3.63 s - in org.drasyl.remote.handler.portmapper.PortMapperTest
[INFO] Tests run: 0, Failures: 0, Errors: 0, Skipped: 0, Time elapsed: 0.969 s - in org.drasyl.remote.handler.ChunkingHandlerTest$OnOutgoingMessage
[INFO] Running org.drasyl.remote.handler.ChunkingHandlerTest$OnIngoingMessage
[INFO] Running org.drasyl.remote.handler.ChunkingHandlerTest$OnIngoingMessage$WhenNotAddressedToMe
[INFO] Tests run: 1, Failures: 0, Errors: 0, Skipped: 0, Time elapsed: 0.004 s - in org.drasyl.intravm.IntraVmDiscoveryTest$StartDiscovery
[INFO] Tests run: 0, Failures: 0, Errors: 0, Skipped: 0, Time elapsed: 3.844 s - in org.drasyl.intravm.IntraVmDiscoveryTest
[INFO] Tests run: 4, Failures: 0, Errors: 0, Skipped: 0, Time elapsed: 0.574 s - in org.drasyl.remote.handler.tcp.TcpServerTest$MessagePassing
[INFO] Running org.drasyl.remote.handler.InternetDiscoveryTest$TestPing
[INFO] Running org.drasyl.remote.handler.tcp.TcpServerTest$StopServer
[INFO] Running org.drasyl.remote.handler.InternetDiscoveryTest$TestPing$HashCode
[INFO] Tests run: 2, Failures: 0, Errors: 0, Skipped: 0, Time elapsed: 0.001 s - in org.drasyl.remote.handler.InternetDiscoveryTest$TestPing$HashCode
[INFO] Running org.drasyl.remote.handler.InternetDiscoveryTest$TestPing$Equals
[INFO] Tests run: 3, Failures: 0, Errors: 0, Skipped: 0, Time elapsed: 0.001 s - in org.drasyl.remote.handler.InternetDiscoveryTest$TestPing$Equals
[INFO] Running org.drasyl.remote.handler.InternetDiscoveryTest$TestPing$GetAddress
[INFO] Tests run: 2, Failures: 0, Errors: 0, Skipped: 0, Time elapsed: 0.018 s - in org.drasyl.remote.handler.ChunkingHandlerTest$OnIngoingMessage$WhenNotAddressedToMe
[INFO] Running org.drasyl.remote.handler.ChunkingHandlerTest$OnIngoingMessage$WhenAddressedToMe
[INFO] Tests run: 0, Failures: 0, Errors: 0, Skipped: 0, Time elapsed: 0.001 s - in org.drasyl.remote.handler.InternetDiscoveryTest$TestPing$GetAddress
[INFO] Tests run: 0, Failures: 0, Errors: 0, Skipped: 0, Time elapsed: 0.008 s - in org.drasyl.remote.handler.InternetDiscoveryTest$TestPing
[INFO] Running org.drasyl.remote.handler.InternetDiscoveryTest$TestPeer
[INFO] Running org.drasyl.remote.handler.InternetDiscoveryTest$TestPeer$IsReachable
[INFO] Tests run: 1, Failures: 0, Errors: 0, Skipped: 0, Time elapsed: 0.01 s - in org.drasyl.remote.handler.tcp.TcpServerTest$StopServer
[INFO] Running org.drasyl.remote.handler.tcp.TcpServerTest$StartServer
2023-02-08T19:12:50,227Z [31mWARN [0;39m --- [-1-worker-87] [36morg.drasyl.DrasylNode                   [0;39m : Could not start drasyl node:
org.drasyl.DrasylException: error
	at org.drasyl.DrasylNodeTest$Start.shouldEmitNodeUnrecoverableErrorEventOnFailedStart(DrasylNodeTest.java:105)
	at java.base/jdk.internal.reflect.NativeMethodAccessorImpl.invoke0(Native Method)
	at java.base/jdk.internal.reflect.NativeMethodAccessorImpl.invoke(NativeMethodAccessorImpl.java:62)
	at java.base/jdk.internal.reflect.DelegatingMethodAccessorImpl.invoke(DelegatingMethodAccessorImpl.java:43)
	at java.base/java.lang.reflect.Method.invoke(Method.java:566)
	at org.junit.platform.commons.util.ReflectionUtils.invokeMethod(ReflectionUtils.java:688)
	at org.junit.jupiter.engine.execution.MethodInvocation.proceed(MethodInvocation.java:60)
	at org.junit.jupiter.engine.execution.InvocationInterceptorChain$ValidatingInvocation.proceed(InvocationInterceptorChain.java:131)
	at org.junit.jupiter.engine.extension.TimeoutExtension.intercept(TimeoutExtension.java:149)
	at org.junit.jupiter.engine.extension.TimeoutExtension.interceptTestableMethod(TimeoutExtension.java:140)
	at org.junit.jupiter.engine.extension.TimeoutExtension.interceptTestMethod(TimeoutExtension.java:84)
	at org.junit.jupiter.engine.execution.ExecutableInvoker$ReflectiveInterceptorCall.lambda$ofVoidMethod$0(ExecutableInvoker.java:115)
	at org.junit.jupiter.engine.execution.ExecutableInvoker.lambda$invoke$0(ExecutableInvoker.java:105)
	at org.junit.jupiter.engine.execution.InvocationInterceptorChain$InterceptedInvocation.proceed(InvocationInterceptorChain.java:106)
	at org.junit.jupiter.engine.execution.InvocationInterceptorChain.proceed(InvocationInterceptorChain.java:64)
	at org.junit.jupiter.engine.execution.InvocationInterceptorChain.chainAndInvoke(InvocationInterceptorChain.java:45)
	at org.junit.jupiter.engine.execution.InvocationInterceptorChain.invoke(InvocationInterceptorChain.java:37)
	at org.junit.jupiter.engine.execution.ExecutableInvoker.invoke(ExecutableInvoker.java:104)
	at org.junit.jupiter.engine.execution.ExecutableInvoker.invoke(ExecutableInvoker.java:98)
	at org.junit.jupiter.engine.descriptor.TestMethodTestDescriptor.lambda$invokeTestMethod$6(TestMethodTestDescriptor.java:210)
	at org.junit.platform.engine.support.hierarchical.ThrowableCollector.execute(ThrowableCollector.java:73)
	at org.junit.jupiter.engine.descriptor.TestMethodTestDescriptor.invokeTestMethod(TestMethodTestDescriptor.java:206)
	at org.junit.jupiter.engine.descriptor.TestMethodTestDescriptor.execute(TestMethodTestDescriptor.java:131)
	at org.junit.jupiter.engine.descriptor.TestMethodTestDescriptor.execute(TestMethodTestDescriptor.java:65)
	at org.junit.platform.engine.support.hierarchical.NodeTestTask.lambda$executeRecursively$5(NodeTestTask.java:139)
	at org.junit.platform.engine.support.hierarchical.ThrowableCollector.execute(ThrowableCollector.java:73)
	at org.junit.platform.engine.support.hierarchical.NodeTestTask.lambda$executeRecursively$7(NodeTestTask.java:129)
	at org.junit.platform.engine.support.hierarchical.Node.around(Node.java:137)
	at org.junit.platform.engine.support.hierarchical.NodeTestTask.lambda$executeRecursively$8(NodeTestTask.java:127)
	at org.junit.platform.engine.support.hierarchical.ThrowableCollector.execute(ThrowableCollector.java:73)
	at org.junit.platform.engine.support.hierarchical.NodeTestTask.executeRecursively(NodeTestTask.java:126)
	at org.junit.platform.engine.support.hierarchical.NodeTestTask.execute(NodeTestTask.java:84)
	at org.junit.platform.engine.support.hierarchical.ForkJoinPoolHierarchicalTestExecutorService$ExclusiveTask.compute(ForkJoinPoolHierarchicalTestExecutorService.java:185)
	at org.junit.platform.engine.support.hierarchical.ForkJoinPoolHierarchicalTestExecutorService.executeNonConcurrentTasks(ForkJoinPoolHierarchicalTestExecutorService.java:155)
	at org.junit.platform.engine.support.hierarchical.ForkJoinPoolHierarchicalTestExecutorService.invokeAll(ForkJoinPoolHierarchicalTestExecutorService.java:135)
	at org.junit.platform.engine.support.hierarchical.NodeTestTask.lambda$executeRecursively$5(NodeTestTask.java:143)
	at org.junit.platform.engine.support.hierarchical.ThrowableCollector.execute(ThrowableCollector.java:73)
	at org.junit.platform.engine.support.hierarchical.NodeTestTask.lambda$executeRecursively$7(NodeTestTask.java:129)
	at org.junit.platform.engine.support.hierarchical.Node.around(Node.java:137)
	at org.junit.platform.engine.support.hierarchical.NodeTestTask.lambda$executeRecursively$8(NodeTestTask.java:127)
	at org.junit.platform.engine.support.hierarchical.ThrowableCollector.execute(ThrowableCollector.java:73)
	at org.junit.platform.engine.support.hierarchical.NodeTestTask.executeRecursively(NodeTestTask.java:126)
	at org.junit.platform.engine.support.hierarchical.NodeTestTask.execute(NodeTestTask.java:84)
	at org.junit.platform.engine.support.hierarchical.ForkJoinPoolHierarchicalTestExecutorService$ExclusiveTask.compute(ForkJoinPoolHierarchicalTestExecutorService.java:185)
	at org.junit.platform.engine.support.hierarchical.ForkJoinPoolHierarchicalTestExecutorService.executeNonConcurrentTasks(ForkJoinPoolHierarchicalTestExecutorService.java:155)
	at org.junit.platform.engine.support.hierarchical.ForkJoinPoolHierarchicalTestExecutorService.invokeAll(ForkJoinPoolHierarchicalTestExecutorService.java:135)
	at org.junit.platform.engine.support.hierarchical.NodeTestTask.lambda$executeRecursively$5(NodeTestTask.java:143)
	at org.junit.platform.engine.support.hierarchical.ThrowableCollector.execute(ThrowableCollector.java:73)
	at org.junit.platform.engine.support.hierarchical.NodeTestTask.lambda$executeRecursively$7(NodeTestTask.java:129)
	at org.junit.platform.engine.support.hierarchical.Node.around(Node.java:137)
	at org.junit.platform.engine.support.hierarchical.NodeTestTask.lambda$executeRecursively$8(NodeTestTask.java:127)
	at org.junit.platform.engine.support.hierarchical.ThrowableCollector.execute(ThrowableCollector.java:73)
	at org.junit.platform.engine.support.hierarchical.NodeTestTask.executeRecursively(NodeTestTask.java:126)
	at org.junit.platform.engine.support.hierarchical.NodeTestTask.execute(NodeTestTask.java:84)
	at org.junit.platform.engine.support.hierarchical.ForkJoinPoolHierarchicalTestExecutorService$ExclusiveTask.compute(ForkJoinPoolHierarchicalTestExecutorService.java:185)
	at java.base/java.util.concurrent.RecursiveAction.exec(RecursiveAction.java:189)
	at java.base/java.util.concurrent.ForkJoinTask.doExec(ForkJoinTask.java:290)
	at java.base/java.util.concurrent.ForkJoinPool$WorkQueue.topLevelExec(ForkJoinPool.java:1020)
	at java.base/java.util.concurrent.ForkJoinPool.scan(ForkJoinPool.java:1656)
	at java.base/java.util.concurrent.ForkJoinPool.runWorker(ForkJoinPool.java:1594)
	at java.base/java.util.concurrent.ForkJoinWorkerThread.run(ForkJoinWorkerThread.java:183)
[INFO] Tests run: 1, Failures: 0, Errors: 0, Skipped: 0, Time elapsed: 0.003 s - in org.drasyl.remote.handler.InternetDiscoveryTest$TestPeer$IsReachable
[INFO] Running org.drasyl.remote.handler.InternetDiscoveryTest$TestPeer$HasControlTraffic
[INFO] Tests run: 2, Failures: 0, Errors: 0, Skipped: 0, Time elapsed: 0.001 s - in org.drasyl.remote.handler.InternetDiscoveryTest$TestPeer$HasControlTraffic
[INFO] Running org.drasyl.remote.handler.InternetDiscoveryTest$TestPeer$HasApplicationTraffic
[INFO] Tests run: 1, Failures: 0, Errors: 0, Skipped: 0, Time elapsed: 0.001 s - in org.drasyl.remote.handler.InternetDiscoveryTest$TestPeer$HasApplicationTraffic
[INFO] Running org.drasyl.remote.handler.InternetDiscoveryTest$TestPeer$ApplicationTrafficOccurred
[INFO] Tests run: 4, Failures: 0, Errors: 0, Skipped: 0, Time elapsed: 0.001 s - in org.drasyl.remote.handler.InternetDiscoveryTest$TestPeer$ApplicationTrafficOccurred
[INFO] Running org.drasyl.remote.handler.InternetDiscoveryTest$TestPeer$InboundPongOccurred
[INFO] Tests run: 1, Failures: 0, Errors: 0, Skipped: 0, Time elapsed: 0.594 s - in org.drasyl.util.network.NetworkUtilTest$GetExternalIPv4Address
[INFO] Tests run: 0, Failures: 0, Errors: 0, Skipped: 0, Time elapsed: 0.014 s - in org.drasyl.remote.handler.tcp.TcpServerTest$StartServer
[INFO] Tests run: 0, Failures: 0, Errors: 0, Skipped: 0, Time elapsed: 0.002 s - in org.drasyl.remote.handler.InternetDiscoveryTest$TestPeer$InboundPongOccurred
[INFO] Running org.drasyl.remote.handler.InternetDiscoveryTest$TestPeer$InboundControlTrafficOccurred
[INFO] Tests run: 0, Failures: 0, Errors: 0, Skipped: 0, Time elapsed: 2.629 s - in org.drasyl.util.network.NetworkUtilTest
[INFO] Tests run: 1, Failures: 0, Errors: 0, Skipped: 0, Time elapsed: 4.257 s - in org.drasyl.remote.handler.tcp.TcpServerTest
[INFO] Tests run: 0, Failures: 0, Errors: 0, Skipped: 0, Time elapsed: 0.001 s - in org.drasyl.remote.handler.InternetDiscoveryTest$TestPeer$InboundControlTrafficOccurred
[INFO] Running org.drasyl.remote.handler.InternetDiscoveryTest$TestPeer$Getter
[INFO] Tests run: 2, Failures: 0, Errors: 0, Skipped: 0, Time elapsed: 0.053 s - in org.drasyl.remote.handler.LocalNetworkDiscoveryTest$StopHeartbeat
[INFO] Running org.drasyl.remote.handler.LocalNetworkDiscoveryTest$DoHeartbeat
[INFO] Tests run: 0, Failures: 0, Errors: 0, Skipped: 0, Time elapsed: 0.001 s - in org.drasyl.remote.handler.InternetDiscoveryTest$TestPeer$Getter
[INFO] Tests run: 0, Failures: 0, Errors: 0, Skipped: 0, Time elapsed: 0.034 s - in org.drasyl.remote.handler.InternetDiscoveryTest$TestPeer
[INFO] Running org.drasyl.remote.handler.InternetDiscoveryTest$ApplicationTrafficRouting
[INFO] Running org.drasyl.remote.handler.InternetDiscoveryTest$ApplicationTrafficRouting$Outbound
[INFO] Tests run: 1, Failures: 0, Errors: 0, Skipped: 0, Time elapsed: 0.108 s - in org.drasyl.remote.handler.UdpMulticastServerTest$StopServer
[INFO] Running org.drasyl.remote.handler.UdpMulticastServerTest$StartServer
[INFO] Tests run: 1, Failures: 0, Errors: 0, Skipped: 0, Time elapsed: 0.004 s - in org.drasyl.remote.handler.LocalNetworkDiscoveryTest$DoHeartbeat
[INFO] Running org.drasyl.remote.handler.LocalNetworkDiscoveryTest$StartHeartbeat
[INFO] Tests run: 1, Failures: 0, Errors: 0, Skipped: 0, Time elapsed: 0.002 s - in org.drasyl.remote.handler.LocalNetworkDiscoveryTest$StartHeartbeat
[INFO] Running org.drasyl.remote.handler.LocalNetworkDiscoveryTest$EventHandling
[INFO] Tests run: 1, Failures: 0, Errors: 0, Skipped: 0, Time elapsed: 0.012 s - in org.drasyl.remote.handler.UdpMulticastServerTest$StartServer
[INFO] Tests run: 0, Failures: 0, Errors: 0, Skipped: 0, Time elapsed: 4.28 s - in org.drasyl.remote.handler.UdpMulticastServerTest
2023-02-08T19:12:50,282Z [31mWARN [0;39m --- [Pipeline-H-0] [36mo.d.remote.handler.LocalNetworkDiscovery[0;39m : Unable to send discovery message to multicast group `/239.22.5.27:22527`
java.util.concurrent.RejectedExecutionException: Could not schedule task.
	at org.drasyl.pipeline.AbstractHandlerContext.lambda$passOutbound$9(AbstractHandlerContext.java:248)
	at org.drasyl.pipeline.AbstractHandlerContext.executeOnDependentScheduler(AbstractHandlerContext.java:279)
	at org.drasyl.pipeline.AbstractHandlerContext.passOutbound(AbstractHandlerContext.java:247)
	at org.drasyl.pipeline.DefaultHandlerContext.passOutbound(DefaultHandlerContext.java:35)
	at org.drasyl.remote.handler.LocalNetworkDiscovery.pingLocalNetworkNodes(LocalNetworkDiscovery.java:190)
	at org.drasyl.remote.handler.LocalNetworkDiscovery.doHeartbeat(LocalNetworkDiscovery.java:130)
	at org.drasyl.remote.handler.LocalNetworkDiscovery$MockitoMock$2092254157.doHeartbeat$accessor$JSeuO6oL(Unknown Source)
	at org.drasyl.remote.handler.LocalNetworkDiscovery$MockitoMock$2092254157$auxiliary$U6BtoX5h.call(Unknown Source)
	at org.mockito.internal.invocation.RealMethod$FromCallable$1.call(RealMethod.java:40)
	at org.mockito.internal.invocation.RealMethod$FromBehavior.invoke(RealMethod.java:62)
	at org.mockito.internal.invocation.InterceptedInvocation.callRealMethod(InterceptedInvocation.java:142)
	at org.mockito.internal.stubbing.answers.CallsRealMethods.answer(CallsRealMethods.java:45)
	at org.mockito.Answers.answer(Answers.java:99)
	at org.mockito.internal.handler.MockHandlerImpl.handle(MockHandlerImpl.java:110)
	at org.mockito.internal.handler.NullResultGuardian.handle(NullResultGuardian.java:29)
	at org.mockito.internal.handler.InvocationNotifierHandler.handle(InvocationNotifierHandler.java:34)
	at org.mockito.internal.creation.bytebuddy.MockMethodInterceptor.doIntercept(MockMethodInterceptor.java:82)
	at org.mockito.internal.creation.bytebuddy.MockMethodInterceptor.doIntercept(MockMethodInterceptor.java:56)
	at org.mockito.internal.creation.bytebuddy.MockMethodInterceptor$DispatcherDefaultingToRealMethod.interceptSuperCallable(MockMethodInterceptor.java:145)
	at org.drasyl.remote.handler.LocalNetworkDiscovery$MockitoMock$2092254157.doHeartbeat(Unknown Source)
	at org.drasyl.remote.handler.LocalNetworkDiscovery.lambda$startHeartbeat$0(LocalNetworkDiscovery.java:106)
	at io.reactivex.rxjava3.core.Scheduler$PeriodicDirectTask.run(Scheduler.java:596)
	at io.reactivex.rxjava3.core.Scheduler$Worker$PeriodicTask.run(Scheduler.java:543)
	at io.reactivex.rxjava3.internal.schedulers.ExecutorScheduler$ExecutorWorker$BooleanRunnable.run(ExecutorScheduler.java:322)
	at io.reactivex.rxjava3.internal.schedulers.ExecutorScheduler$ExecutorWorker.runEager(ExecutorScheduler.java:287)
	at io.reactivex.rxjava3.internal.schedulers.ExecutorScheduler$ExecutorWorker.run(ExecutorScheduler.java:248)
	at java.base/java.util.concurrent.ThreadPoolExecutor.runWorker(ThreadPoolExecutor.java:1128)
	at java.base/java.util.concurrent.ThreadPoolExecutor$Worker.run(ThreadPoolExecutor.java:628)
	at java.base/java.lang.Thread.run(Thread.java:829)
[INFO] Tests run: 4, Failures: 0, Errors: 0, Skipped: 0, Time elapsed: 0.021 s - in org.drasyl.remote.handler.LocalNetworkDiscoveryTest$EventHandling
[INFO] Tests run: 0, Failures: 0, Errors: 0, Skipped: 0, Time elapsed: 3.336 s - in org.drasyl.remote.handler.LocalNetworkDiscoveryTest
[INFO] Tests run: 2, Failures: 0, Errors: 0, Skipped: 0, Time elapsed: 0.179 s - in org.drasyl.localhost.LocalHostDiscoveryTest$StopDiscovery
[INFO] Running org.drasyl.localhost.LocalHostDiscoveryTest$StartDiscovery
[INFO] Tests run: 3, Failures: 0, Errors: 0, Skipped: 0, Time elapsed: 0.191 s - in org.drasyl.pipeline.DrasylPipelineTest$ProcessOutboundMessage
[INFO] Running org.drasyl.pipeline.DrasylPipelineTest$ProcessInboundEvent
[INFO] Tests run: 1, Failures: 0, Errors: 0, Skipped: 0, Time elapsed: 0.001 s - in org.drasyl.pipeline.DrasylPipelineTest$ProcessInboundEvent
[INFO] Running org.drasyl.pipeline.DrasylPipelineTest$ProcessInboundMessage
[INFO] Tests run: 2, Failures: 0, Errors: 0, Skipped: 0, Time elapsed: 0.002 s - in org.drasyl.pipeline.DrasylPipelineTest$ProcessInboundMessage
[INFO] Running org.drasyl.pipeline.DrasylPipelineTest$Context
[INFO] Tests run: 2, Failures: 0, Errors: 0, Skipped: 0, Time elapsed: 0.001 s - in org.drasyl.pipeline.DrasylPipelineTest$Context
[INFO] Running org.drasyl.pipeline.DrasylPipelineTest$Get
[INFO] Tests run: 1, Failures: 0, Errors: 0, Skipped: 0, Time elapsed: 0.002 s - in org.drasyl.pipeline.DrasylPipelineTest$Get
[INFO] Running org.drasyl.pipeline.DrasylPipelineTest$Replace
[INFO] Tests run: 3, Failures: 0, Errors: 0, Skipped: 0, Time elapsed: 0.004 s - in org.drasyl.pipeline.DrasylPipelineTest$Replace
[INFO] Running org.drasyl.pipeline.DrasylPipelineTest$Remove
[INFO] Tests run: 3, Failures: 0, Errors: 0, Skipped: 0, Time elapsed: 4.345 s - in org.drasyl.pipeline.handler.MessagesThroughputHandlerTest
[INFO] Tests run: 1, Failures: 0, Errors: 0, Skipped: 0, Time elapsed: 0.004 s - in org.drasyl.pipeline.DrasylPipelineTest$Remove
[INFO] Running org.drasyl.pipeline.DrasylPipelineTest$AddAfter
[INFO] Tests run: 1, Failures: 0, Errors: 0, Skipped: 0, Time elapsed: 0.003 s - in org.drasyl.pipeline.DrasylPipelineTest$AddAfter
[INFO] Running org.drasyl.pipeline.DrasylPipelineTest$AddBefore
[INFO] Tests run: 1, Failures: 0, Errors: 0, Skipped: 0, Time elapsed: 0.003 s - in org.drasyl.pipeline.DrasylPipelineTest$AddBefore
[INFO] Running org.drasyl.pipeline.DrasylPipelineTest$AddLast
[INFO] Tests run: 3, Failures: 0, Errors: 0, Skipped: 0, Time elapsed: 0.002 s - in org.drasyl.pipeline.DrasylPipelineTest$AddLast
[INFO] Running org.drasyl.pipeline.DrasylPipelineTest$AddFirst
[INFO] Tests run: 1, Failures: 0, Errors: 0, Skipped: 0, Time elapsed: 0.216 s - in org.drasyl.crypto.CryptoTest$Decrypt
[INFO] Running org.drasyl.crypto.CryptoTest$Encrypt
[INFO] Tests run: 1, Failures: 0, Errors: 0, Skipped: 0, Time elapsed: 0.002 s - in org.drasyl.pipeline.DrasylPipelineTest$AddFirst
[INFO] Running org.drasyl.pipeline.DrasylPipelineTest$Constructor
[INFO] Tests run: 2, Failures: 0, Errors: 0, Skipped: 0, Time elapsed: 0.004 s - in org.drasyl.crypto.CryptoTest$Encrypt
[INFO] Running org.drasyl.crypto.CryptoTest$SessionPairTest
[INFO] Tests run: 1, Failures: 0, Errors: 0, Skipped: 0, Time elapsed: 1.572 s - in org.drasyl.monitoring.MonitoringTest$MessagePassing
[INFO] Running org.drasyl.monitoring.MonitoringTest$StopDiscovery
[INFO] Tests run: 2, Failures: 0, Errors: 0, Skipped: 0, Time elapsed: 0.008 s - in org.drasyl.monitoring.MonitoringTest$StopDiscovery
[INFO] Running org.drasyl.monitoring.MonitoringTest$StartMonitoring
[INFO] Tests run: 3, Failures: 0, Errors: 0, Skipped: 0, Time elapsed: 0.003 s - in org.drasyl.monitoring.MonitoringTest$StartMonitoring
[INFO] Tests run: 0, Failures: 0, Errors: 0, Skipped: 0, Time elapsed: 1.585 s - in org.drasyl.monitoring.MonitoringTest
[INFO] Tests run: 3, Failures: 0, Errors: 0, Skipped: 0, Time elapsed: 0.121 s - in org.drasyl.remote.handler.InternetDiscoveryTest$ApplicationTrafficRouting$Outbound
[INFO] Running org.drasyl.remote.handler.InternetDiscoveryTest$ApplicationTrafficRouting$Inbound
[INFO] Tests run: 4, Failures: 0, Errors: 0, Skipped: 0, Time elapsed: 0.035 s - in org.drasyl.crypto.CryptoTest$SessionPairTest
[INFO] Running org.drasyl.crypto.CryptoTest$EphemeralKeyPair
[INFO] Tests run: 8, Failures: 0, Errors: 0, Skipped: 0, Time elapsed: 1.352 s - in org.drasyl.remote.handler.crypto.ArmHandlerTest$Decryption
[INFO] Running org.drasyl.remote.handler.crypto.ArmHandlerTest$Renew
[INFO] Tests run: 3, Failures: 0, Errors: 0, Skipped: 0, Time elapsed: 0.156 s - in org.drasyl.crypto.CryptoTest$EphemeralKeyPair
[INFO] Running org.drasyl.crypto.CryptoTest$LongTimeKeyPair
[INFO] Tests run: 6, Failures: 0, Errors: 0, Skipped: 0, Time elapsed: 0.006 s - in org.drasyl.crypto.CryptoTest$LongTimeKeyPair
[INFO] Tests run: 0, Failures: 0, Errors: 0, Skipped: 0, Time elapsed: 1.061 s - in org.drasyl.crypto.CryptoTest
[INFO] Tests run: 7, Failures: 0, Errors: 0, Skipped: 0, Time elapsed: 0.047 s - in org.drasyl.remote.handler.crypto.ArmHandlerTest$Renew
[INFO] Running org.drasyl.remote.handler.crypto.ArmHandlerTest$KeyExchange
[INFO] Tests run: 2, Failures: 0, Errors: 0, Skipped: 0, Time elapsed: 4.502 s - in org.drasyl.pipeline.skeleton.SimpleDuplexHandlerTest$InboundTest
[INFO] Running org.drasyl.pipeline.skeleton.SimpleDuplexHandlerTest$OutboundTest
[INFO] Tests run: 4, Failures: 0, Errors: 0, Skipped: 0, Time elapsed: 0.996 s - in org.drasyl.DrasylNodeTest$Start
[INFO] Tests run: 0, Failures: 0, Errors: 0, Skipped: 0, Time elapsed: 3.905 s - in org.drasyl.DrasylNodeTest
[INFO] Tests run: 3, Failures: 0, Errors: 0, Skipped: 0, Time elapsed: 0.029 s - in org.drasyl.pipeline.skeleton.SimpleDuplexHandlerTest$OutboundTest
[INFO] Tests run: 0, Failures: 0, Errors: 0, Skipped: 0, Time elapsed: 4.535 s - in org.drasyl.pipeline.skeleton.SimpleDuplexHandlerTest
[INFO] Tests run: 2, Failures: 0, Errors: 0, Skipped: 0, Time elapsed: 0.32 s - in org.drasyl.localhost.LocalHostDiscoveryTest$StartDiscovery
[INFO] Tests run: 0, Failures: 0, Errors: 0, Skipped: 0, Time elapsed: 3.562 s - in org.drasyl.localhost.LocalHostDiscoveryTest
[INFO] Tests run: 1, Failures: 0, Errors: 0, Skipped: 0, Time elapsed: 0.285 s - in org.drasyl.pipeline.DrasylPipelineTest$Constructor
[INFO] Tests run: 0, Failures: 0, Errors: 0, Skipped: 0, Time elapsed: 2.572 s - in org.drasyl.pipeline.DrasylPipelineTest
[INFO] Tests run: 4, Failures: 0, Errors: 0, Skipped: 0, Time elapsed: 4.243 s - in org.drasyl.pipeline.handler.OutboundMessagesThrottlingHandlerTest
2023-02-08T19:12:51,184Z [31mWARN [0;39m --- [Pipeline-L-0] [36mo.d.p.serialization.MessageSerializer   [0;39m : No serializer was found for type `org.mockito.codegen.Object$MockitoMock$668860617`. You can find more information regarding this here: https://docs.drasyl.org/configuration/serialization/
[INFO] Tests run: 7, Failures: 0, Errors: 0, Skipped: 0, Time elapsed: 1.017 s - in org.drasyl.remote.handler.InternetDiscoveryTest$ApplicationTrafficRouting$Inbound
[INFO] Tests run: 0, Failures: 0, Errors: 0, Skipped: 0, Time elapsed: 1.141 s - in org.drasyl.remote.handler.InternetDiscoveryTest$ApplicationTrafficRouting
[INFO] Running org.drasyl.remote.handler.InternetDiscoveryTest$Uniting
[INFO] Tests run: 2, Failures: 0, Errors: 0, Skipped: 0, Time elapsed: 0.035 s - in org.drasyl.remote.handler.InternetDiscoveryTest$Uniting
[INFO] Running org.drasyl.remote.handler.InternetDiscoveryTest$DoHeartbeat
[INFO] Tests run: 12, Failures: 0, Errors: 0, Skipped: 0, Time elapsed: 0.072 s - in org.drasyl.remote.handler.InternetDiscoveryTest$DoHeartbeat
[INFO] Tests run: 0, Failures: 0, Errors: 0, Skipped: 0, Time elapsed: 1.911 s - in org.drasyl.remote.handler.InternetDiscoveryTest
[INFO] Tests run: 1, Failures: 0, Errors: 0, Skipped: 0, Time elapsed: 5.608 s - in org.drasyl.pipeline.serialization.MessageSerializerTest$OnOutboundMessage
[INFO] Running org.drasyl.pipeline.serialization.MessageSerializerTest$OnInboundMessage
2023-02-08T19:12:52,201Z [31mWARN [0;39m --- [Pipeline-L-0] [36mo.d.p.serialization.MessageSerializer   [0;39m : No serializer was found for type `java.lang.String`. You can find more information regarding this here: https://docs.drasyl.org/configuration/serialization/
[INFO] Tests run: 3, Failures: 0, Errors: 0, Skipped: 0, Time elapsed: 2.082 s - in org.drasyl.remote.handler.ChunkingHandlerTest$OnIngoingMessage$WhenAddressedToMe
[INFO] Tests run: 0, Failures: 0, Errors: 0, Skipped: 0, Time elapsed: 2.102 s - in org.drasyl.remote.handler.ChunkingHandlerTest$OnIngoingMessage
[INFO] Tests run: 0, Failures: 0, Errors: 0, Skipped: 0, Time elapsed: 3.074 s - in org.drasyl.remote.handler.ChunkingHandlerTest
[INFO] Tests run: 3, Failures: 0, Errors: 0, Skipped: 0, Time elapsed: 2.025 s - in org.drasyl.pipeline.serialization.MessageSerializerTest$OnInboundMessage
[INFO] Tests run: 0, Failures: 0, Errors: 0, Skipped: 0, Time elapsed: 7.637 s - in org.drasyl.pipeline.serialization.MessageSerializerTest
[INFO] Tests run: 4, Failures: 0, Errors: 0, Skipped: 0, Time elapsed: 5.05 s - in org.drasyl.pipeline.skeleton.SimpleDuplexRemoteEnvelopeSkipLoopbackHandlerTest$Outbound
[INFO] Tests run: 0, Failures: 0, Errors: 0, Skipped: 0, Time elapsed: 6.622 s - in org.drasyl.pipeline.skeleton.SimpleDuplexRemoteEnvelopeSkipLoopbackHandlerTest
[INFO] Tests run: 4, Failures: 0, Errors: 0, Skipped: 0, Time elapsed: 5.192 s - in org.drasyl.remote.handler.crypto.ArmHandlerTest$KeyExchange
[INFO] Running org.drasyl.remote.handler.crypto.ArmHandlerTest$Encryption
[INFO] Tests run: 5, Failures: 0, Errors: 0, Skipped: 0, Time elapsed: 0.112 s - in org.drasyl.remote.handler.crypto.ArmHandlerTest$Encryption
[INFO] Tests run: 0, Failures: 0, Errors: 0, Skipped: 0, Time elapsed: 6.71 s - in org.drasyl.remote.handler.crypto.ArmHandlerTest
[INFO] 
[INFO] Results:
[INFO] 
[WARNING] Tests run: 1102, Failures: 0, Errors: 0, Skipped: 5
[INFO] 
[INFO] 
[INFO] ---------------< org.drasyl:drasyl-plugin-groups-client >---------------
[INFO] Building drasyl: General-Purpose Overlay Network Framework - Groups Membership Client Plugin Package 0.6.0-SNAPSHOT [3/9]
[INFO] --------------------------------[ jar ]---------------------------------
[INFO] 
[INFO] --- maven-clean-plugin:2.5:clean (default-clean) @ drasyl-plugin-groups-client ---
[INFO] Deleting /home/gabsko/breaking-updates/drasyl-plugin-groups-client/target
[INFO] 
[INFO] --- jacoco-maven-plugin:0.8.7:prepare-agent (default) @ drasyl-plugin-groups-client ---
[INFO] surefireArgLine set to -javaagent:/home/gabsko/.m2/repository/org/jacoco/org.jacoco.agent/0.8.7/org.jacoco.agent-0.8.7-runtime.jar=destfile=/home/gabsko/breaking-updates/drasyl-plugin-groups-client/target/jacoco.exec
[INFO] 
[INFO] --- maven-resources-plugin:2.6:resources (default-resources) @ drasyl-plugin-groups-client ---
[INFO] Using 'UTF-8' encoding to copy filtered resources.
[INFO] Copying 1 resource
[INFO] 
[INFO] --- maven-compiler-plugin:3.8.1:compile (default-compile) @ drasyl-plugin-groups-client ---
[INFO] Changes detected - recompiling the module!
[INFO] Compiling 26 source files to /home/gabsko/breaking-updates/drasyl-plugin-groups-client/target/classes
[INFO] 
[INFO] --- maven-resources-plugin:2.6:testResources (default-testResources) @ drasyl-plugin-groups-client ---
[INFO] Using 'UTF-8' encoding to copy filtered resources.
[INFO] skip non existing resourceDirectory /home/gabsko/breaking-updates/drasyl-plugin-groups-client/src/test/resources
[INFO] 
[INFO] --- maven-compiler-plugin:3.8.1:testCompile (default-testCompile) @ drasyl-plugin-groups-client ---
[INFO] Changes detected - recompiling the module!
[INFO] Compiling 16 source files to /home/gabsko/breaking-updates/drasyl-plugin-groups-client/target/test-classes
[INFO] 
[INFO] --- maven-surefire-plugin:3.0.0-M5:test (default-test) @ drasyl-plugin-groups-client ---
[INFO] 
[INFO] -------------------------------------------------------
[INFO]  T E S T S
[INFO] -------------------------------------------------------
[ERROR] Feb 08, 2023 7:12:57 PM org.junit.platform.launcher.core.LauncherConfigurationParameters loadClasspathResource
[ERROR] INFO: Loading JUnit Platform configuration parameters from classpath resource [file:/home/gabsko/breaking-updates/drasyl-core/target/test-classes/junit-platform.properties].
[INFO] Running org.drasyl.plugin.groups.client.message.GroupJoinFailedMessageTest
[INFO] Running org.drasyl.plugin.groups.client.message.MemberJoinedMessageTest
[INFO] Running org.drasyl.plugin.groups.client.event.GroupTest
[INFO] Running org.drasyl.plugin.groups.client.message.GroupJoinMessageTest
[INFO] Running org.drasyl.plugin.groups.client.GroupsClientHandlerTest
[INFO] Running org.drasyl.plugin.groups.client.GroupsClientConfigTest
[INFO] Running org.drasyl.plugin.groups.client.event.GroupMemberJoinedEventTest
[INFO] Running org.drasyl.plugin.groups.client.GroupUriTest
[INFO] Running org.drasyl.plugin.groups.client.message.GroupLeaveMessageTest
[INFO] Running org.drasyl.plugin.groups.client.event.GroupLeftEventTest
[INFO] Running org.drasyl.plugin.groups.client.event.GroupJoinedEventTest
[INFO] Running org.drasyl.plugin.groups.client.GroupsClientPluginTest
[INFO] Running org.drasyl.plugin.groups.client.message.MemberJoinedMessageTest$HashCode
[INFO] Running org.drasyl.plugin.groups.client.event.GroupMemberJoinedEventTest$HashCode
[INFO] Running org.drasyl.plugin.groups.client.message.MemberLeftMessageTest
[INFO] Running org.drasyl.plugin.groups.client.event.GroupJoinFailedEventTest
[INFO] Running org.drasyl.plugin.groups.client.event.GroupJoinedEventTest$HashCode
[INFO] Running org.drasyl.plugin.groups.client.message.GroupJoinMessageTest$HashCode
[INFO] Running org.drasyl.plugin.groups.client.event.GroupMemberLeftEventTest
[INFO] Running org.drasyl.plugin.groups.client.message.GroupWelcomeMessageTest
[INFO] Running org.drasyl.plugin.groups.client.event.GroupLeftEventTest$HashCode
[INFO] Running org.drasyl.plugin.groups.client.message.GroupJoinFailedMessageTest$HashCode
[INFO] Running org.drasyl.plugin.groups.client.message.MemberLeftMessageTest$HashCode
[INFO] Running org.drasyl.plugin.groups.client.GroupsClientConfigTest$HashCode
[INFO] Running org.drasyl.plugin.groups.client.GroupUriTest$HashCode
[INFO] Running org.drasyl.plugin.groups.client.message.GroupWelcomeMessageTest$HashCode
[INFO] Running org.drasyl.plugin.groups.client.event.GroupTest$HashCode
[INFO] Running org.drasyl.plugin.groups.client.event.GroupJoinFailedEventTest$HashCode
[INFO] Running org.drasyl.plugin.groups.client.event.GroupMemberLeftEventTest$HashCode
[INFO] Running org.drasyl.plugin.groups.client.GroupsClientHandlerTest$Read
[INFO] Running org.drasyl.plugin.groups.client.message.GroupLeaveMessageTest$HashCode
SLF4J: Failed to load class "org.slf4j.impl.StaticLoggerBinder".
SLF4J: Defaulting to no-operation (NOP) logger implementation
SLF4J: See http://www.slf4j.org/codes.html#StaticLoggerBinder for further details.
[INFO] Tests run: 8, Failures: 0, Errors: 0, Skipped: 0, Time elapsed: 0.4 s - in org.drasyl.plugin.groups.client.message.GroupLeaveMessageTest$HashCode
[INFO] Running org.drasyl.plugin.groups.client.message.GroupLeaveMessageTest$Equals
[INFO] Tests run: 2, Failures: 0, Errors: 0, Skipped: 0, Time elapsed: 0.401 s - in org.drasyl.plugin.groups.client.event.GroupTest$HashCode
[INFO] Running org.drasyl.plugin.groups.client.event.GroupTest$Equals
[INFO] Tests run: 0, Failures: 0, Errors: 0, Skipped: 0, Time elapsed: 0.401 s - in org.drasyl.plugin.groups.client.message.GroupWelcomeMessageTest$HashCode
[INFO] Tests run: 0, Failures: 0, Errors: 0, Skipped: 0, Time elapsed: 0.401 s - in org.drasyl.plugin.groups.client.message.GroupJoinFailedMessageTest$HashCode
[INFO] Running org.drasyl.plugin.groups.client.message.GroupWelcomeMessageTest$Equals
[INFO] Tests run: 0, Failures: 0, Errors: 0, Skipped: 0, Time elapsed: 0.005 s - in org.drasyl.plugin.groups.client.message.GroupLeaveMessageTest$Equals
[INFO] Running org.drasyl.plugin.groups.client.message.GroupJoinFailedMessageTest$Equals
[INFO] Running org.drasyl.plugin.groups.client.message.GroupLeaveMessageTest$Constructor
[INFO] Tests run: 5, Failures: 0, Errors: 0, Skipped: 0, Time elapsed: 0.003 s - in org.drasyl.plugin.groups.client.event.GroupTest$Equals
[INFO] Running org.drasyl.plugin.groups.client.event.GroupTest$Getters
[INFO] Tests run: 1, Failures: 0, Errors: 0, Skipped: 0, Time elapsed: 0.003 s - in org.drasyl.plugin.groups.client.message.GroupWelcomeMessageTest$Equals
[INFO] Running org.drasyl.plugin.groups.client.message.GroupWelcomeMessageTest$Constructor
[INFO] Tests run: 2, Failures: 0, Errors: 0, Skipped: 0, Time elapsed: 0.004 s - in org.drasyl.plugin.groups.client.message.GroupJoinFailedMessageTest$Equals
[INFO] Running org.drasyl.plugin.groups.client.message.GroupJoinFailedMessageTest$Constructor
[INFO] Tests run: 2, Failures: 0, Errors: 0, Skipped: 0, Time elapsed: 0.002 s - in org.drasyl.plugin.groups.client.event.GroupTest$Getters
[INFO] Tests run: 2, Failures: 0, Errors: 0, Skipped: 0, Time elapsed: 0.004 s - in org.drasyl.plugin.groups.client.message.GroupLeaveMessageTest$Constructor
[INFO] Tests run: 3, Failures: 0, Errors: 0, Skipped: 0, Time elapsed: 0.478 s - in org.drasyl.plugin.groups.client.event.GroupTest
[INFO] Tests run: 1, Failures: 0, Errors: 0, Skipped: 0, Time elapsed: 0.479 s - in org.drasyl.plugin.groups.client.message.GroupLeaveMessageTest
[INFO] Tests run: 0, Failures: 0, Errors: 0, Skipped: 0, Time elapsed: 0.004 s - in org.drasyl.plugin.groups.client.message.GroupWelcomeMessageTest$Constructor
[INFO] Tests run: 0, Failures: 0, Errors: 0, Skipped: 0, Time elapsed: 0.005 s - in org.drasyl.plugin.groups.client.message.GroupJoinFailedMessageTest$Constructor
[INFO] Tests run: 0, Failures: 0, Errors: 0, Skipped: 0, Time elapsed: 0.486 s - in org.drasyl.plugin.groups.client.message.GroupWelcomeMessageTest
[INFO] Tests run: 0, Failures: 0, Errors: 0, Skipped: 0, Time elapsed: 0.488 s - in org.drasyl.plugin.groups.client.message.GroupJoinFailedMessageTest
[INFO] Tests run: 2, Failures: 0, Errors: 0, Skipped: 0, Time elapsed: 0.586 s - in org.drasyl.plugin.groups.client.GroupUriTest$HashCode
[INFO] Running org.drasyl.plugin.groups.client.GroupUriTest$Equals
[INFO] Tests run: 2, Failures: 0, Errors: 0, Skipped: 0, Time elapsed: 0.004 s - in org.drasyl.plugin.groups.client.GroupUriTest$Equals
[INFO] Running org.drasyl.plugin.groups.client.GroupUriTest$Creator
[INFO] Tests run: 3, Failures: 0, Errors: 0, Skipped: 0, Time elapsed: 0.007 s - in org.drasyl.plugin.groups.client.GroupUriTest$Creator
[INFO] Running org.drasyl.plugin.groups.client.GroupUriTest$Getters
[INFO] Tests run: 4, Failures: 0, Errors: 0, Skipped: 0, Time elapsed: 0.006 s - in org.drasyl.plugin.groups.client.GroupUriTest$Getters
[INFO] Running org.drasyl.plugin.groups.client.GroupUriTest$ToString
[INFO] Tests run: 1, Failures: 0, Errors: 0, Skipped: 0, Time elapsed: 0.008 s - in org.drasyl.plugin.groups.client.GroupUriTest$ToString
[INFO] Tests run: 0, Failures: 0, Errors: 0, Skipped: 0, Time elapsed: 0.672 s - in org.drasyl.plugin.groups.client.GroupUriTest
[INFO] Tests run: 2, Failures: 0, Errors: 0, Skipped: 0, Time elapsed: 0.751 s - in org.drasyl.plugin.groups.client.message.GroupJoinMessageTest$HashCode
[INFO] Running org.drasyl.plugin.groups.client.message.GroupJoinMessageTest$Equals
[INFO] Tests run: 2, Failures: 0, Errors: 0, Skipped: 0, Time elapsed: 0.002 s - in org.drasyl.plugin.groups.client.message.GroupJoinMessageTest$Equals
[INFO] Running org.drasyl.plugin.groups.client.message.GroupJoinMessageTest$Constructor
[INFO] Tests run: 4, Failures: 0, Errors: 0, Skipped: 0, Time elapsed: 0.005 s - in org.drasyl.plugin.groups.client.message.GroupJoinMessageTest$Constructor
[INFO] Tests run: 0, Failures: 0, Errors: 0, Skipped: 0, Time elapsed: 0.769 s - in org.drasyl.plugin.groups.client.message.GroupJoinMessageTest
[INFO] Tests run: 5, Failures: 0, Errors: 0, Skipped: 0, Time elapsed: 0.768 s - in org.drasyl.plugin.groups.client.message.MemberJoinedMessageTest$HashCode
[INFO] Running org.drasyl.plugin.groups.client.message.MemberJoinedMessageTest$Equals
[INFO] Tests run: 0, Failures: 0, Errors: 0, Skipped: 0, Time elapsed: 0.726 s - in org.drasyl.plugin.groups.client.message.MemberLeftMessageTest$HashCode
[INFO] Running org.drasyl.plugin.groups.client.message.MemberLeftMessageTest$Equals
[INFO] Tests run: 3, Failures: 0, Errors: 0, Skipped: 0, Time elapsed: 0.003 s - in org.drasyl.plugin.groups.client.message.MemberJoinedMessageTest$Equals
[INFO] Running org.drasyl.plugin.groups.client.message.MemberJoinedMessageTest$Constructor
[INFO] Tests run: 4, Failures: 0, Errors: 0, Skipped: 0, Time elapsed: 0.003 s - in org.drasyl.plugin.groups.client.message.MemberLeftMessageTest$Equals
[INFO] Tests run: 0, Failures: 0, Errors: 0, Skipped: 0, Time elapsed: 0.73 s - in org.drasyl.plugin.groups.client.event.GroupMemberLeftEventTest$HashCode
[INFO] Running org.drasyl.plugin.groups.client.message.MemberLeftMessageTest$Constructor
[INFO] Running org.drasyl.plugin.groups.client.event.GroupMemberLeftEventTest$Equals
[INFO] Tests run: 2, Failures: 0, Errors: 0, Skipped: 0, Time elapsed: 0.733 s - in org.drasyl.plugin.groups.client.GroupsClientConfigTest$HashCode
[INFO] Running org.drasyl.plugin.groups.client.GroupsClientConfigTest$Equals
[INFO] Tests run: 4, Failures: 0, Errors: 0, Skipped: 0, Time elapsed: 0.004 s - in org.drasyl.plugin.groups.client.message.MemberJoinedMessageTest$Constructor
[INFO] Tests run: 0, Failures: 0, Errors: 0, Skipped: 0, Time elapsed: 0.784 s - in org.drasyl.plugin.groups.client.message.MemberJoinedMessageTest
[INFO] Tests run: 1, Failures: 0, Errors: 0, Skipped: 0, Time elapsed: 0.004 s - in org.drasyl.plugin.groups.client.GroupsClientConfigTest$Equals
[INFO] Running org.drasyl.plugin.groups.client.GroupsClientConfigTest$Constructor
[INFO] Tests run: 1, Failures: 0, Errors: 0, Skipped: 0, Time elapsed: 0.005 s - in org.drasyl.plugin.groups.client.event.GroupMemberLeftEventTest$Equals
[INFO] Running org.drasyl.plugin.groups.client.event.GroupMemberLeftEventTest$Getters
[INFO] Tests run: 3, Failures: 0, Errors: 0, Skipped: 0, Time elapsed: 0.749 s - in org.drasyl.plugin.groups.client.event.GroupLeftEventTest$HashCode
[INFO] Running org.drasyl.plugin.groups.client.event.GroupLeftEventTest$Equals
[INFO] Tests run: 1, Failures: 0, Errors: 0, Skipped: 0, Time elapsed: 0.003 s - in org.drasyl.plugin.groups.client.event.GroupMemberLeftEventTest$Getters
[INFO] Tests run: 0, Failures: 0, Errors: 0, Skipped: 0, Time elapsed: 0.79 s - in org.drasyl.plugin.groups.client.event.GroupMemberLeftEventTest
[INFO] Tests run: 2, Failures: 0, Errors: 0, Skipped: 0, Time elapsed: 0.002 s - in org.drasyl.plugin.groups.client.event.GroupLeftEventTest$Equals
[INFO] Running org.drasyl.plugin.groups.client.event.GroupLeftEventTest$Getters
[INFO] Tests run: 2, Failures: 0, Errors: 0, Skipped: 0, Time elapsed: 0.002 s - in org.drasyl.plugin.groups.client.event.GroupLeftEventTest$Getters
[INFO] Tests run: 0, Failures: 0, Errors: 0, Skipped: 0, Time elapsed: 0.795 s - in org.drasyl.plugin.groups.client.event.GroupLeftEventTest
[INFO] Tests run: 2, Failures: 0, Errors: 0, Skipped: 0, Time elapsed: 0.017 s - in org.drasyl.plugin.groups.client.message.MemberLeftMessageTest$Constructor
[INFO] Tests run: 0, Failures: 0, Errors: 0, Skipped: 0, Time elapsed: 0.799 s - in org.drasyl.plugin.groups.client.message.MemberLeftMessageTest
[INFO] Tests run: 2, Failures: 0, Errors: 0, Skipped: 0, Time elapsed: 0.022 s - in org.drasyl.plugin.groups.client.GroupsClientConfigTest$Constructor
[INFO] Tests run: 0, Failures: 0, Errors: 0, Skipped: 0, Time elapsed: 0.807 s - in org.drasyl.plugin.groups.client.GroupsClientConfigTest
[INFO] Tests run: 5, Failures: 0, Errors: 0, Skipped: 0, Time elapsed: 0.853 s - in org.drasyl.plugin.groups.client.event.GroupMemberJoinedEventTest$HashCode
[INFO] Running org.drasyl.plugin.groups.client.event.GroupMemberJoinedEventTest$Equals
[INFO] Tests run: 0, Failures: 0, Errors: 0, Skipped: 0, Time elapsed: 0.811 s - in org.drasyl.plugin.groups.client.event.GroupJoinFailedEventTest$HashCode
[INFO] Running org.drasyl.plugin.groups.client.event.GroupJoinFailedEventTest$Equals
[INFO] Tests run: 1, Failures: 0, Errors: 0, Skipped: 0, Time elapsed: 0.856 s - in org.drasyl.plugin.groups.client.event.GroupJoinedEventTest$HashCode
[INFO] Running org.drasyl.plugin.groups.client.event.GroupJoinedEventTest$Equals
[INFO] Tests run: 3, Failures: 0, Errors: 0, Skipped: 0, Time elapsed: 0.004 s - in org.drasyl.plugin.groups.client.event.GroupMemberJoinedEventTest$Equals
[INFO] Running org.drasyl.plugin.groups.client.event.GroupMemberJoinedEventTest$Getters
[INFO] Tests run: 3, Failures: 0, Errors: 0, Skipped: 0, Time elapsed: 0.005 s - in org.drasyl.plugin.groups.client.event.GroupJoinFailedEventTest$Equals
[INFO] Running org.drasyl.plugin.groups.client.event.GroupJoinFailedEventTest$Getters
[INFO] Tests run: 3, Failures: 0, Errors: 0, Skipped: 0, Time elapsed: 0.002 s - in org.drasyl.plugin.groups.client.event.GroupMemberJoinedEventTest$Getters
[INFO] Tests run: 0, Failures: 0, Errors: 0, Skipped: 0, Time elapsed: 0.005 s - in org.drasyl.plugin.groups.client.event.GroupJoinedEventTest$Equals
[INFO] Tests run: 0, Failures: 0, Errors: 0, Skipped: 0, Time elapsed: 0.87 s - in org.drasyl.plugin.groups.client.event.GroupMemberJoinedEventTest
[INFO] Running org.drasyl.plugin.groups.client.event.GroupJoinedEventTest$Getters
[INFO] Tests run: 3, Failures: 0, Errors: 0, Skipped: 0, Time elapsed: 0.005 s - in org.drasyl.plugin.groups.client.event.GroupJoinFailedEventTest$Getters
[INFO] Tests run: 1, Failures: 0, Errors: 0, Skipped: 0, Time elapsed: 0.872 s - in org.drasyl.plugin.groups.client.event.GroupJoinFailedEventTest
[INFO] Tests run: 1, Failures: 0, Errors: 0, Skipped: 0, Time elapsed: 0.004 s - in org.drasyl.plugin.groups.client.event.GroupJoinedEventTest$Getters
[INFO] Tests run: 0, Failures: 0, Errors: 0, Skipped: 0, Time elapsed: 0.874 s - in org.drasyl.plugin.groups.client.event.GroupJoinedEventTest
[INFO] Tests run: 3, Failures: 0, Errors: 0, Skipped: 0, Time elapsed: 0.995 s - in org.drasyl.plugin.groups.client.GroupsClientPluginTest
[INFO] Tests run: 5, Failures: 0, Errors: 0, Skipped: 0, Time elapsed: 3.23 s - in org.drasyl.plugin.groups.client.GroupsClientHandlerTest$Read
[INFO] Running org.drasyl.plugin.groups.client.GroupsClientHandlerTest$OnEvent
[INFO] Tests run: 2, Failures: 0, Errors: 0, Skipped: 0, Time elapsed: 0.051 s - in org.drasyl.plugin.groups.client.GroupsClientHandlerTest$OnEvent
[INFO] Running org.drasyl.plugin.groups.client.GroupsClientHandlerTest$HandlerRemoved
[INFO] Tests run: 2, Failures: 0, Errors: 0, Skipped: 0, Time elapsed: 0.016 s - in org.drasyl.plugin.groups.client.GroupsClientHandlerTest$HandlerRemoved
[INFO] Running org.drasyl.plugin.groups.client.GroupsClientHandlerTest$HandlerAdded
[INFO] Tests run: 1, Failures: 0, Errors: 0, Skipped: 0, Time elapsed: 0.013 s - in org.drasyl.plugin.groups.client.GroupsClientHandlerTest$HandlerAdded
[INFO] Tests run: 0, Failures: 0, Errors: 0, Skipped: 0, Time elapsed: 3.363 s - in org.drasyl.plugin.groups.client.GroupsClientHandlerTest
[INFO] 
[INFO] Results:
[INFO] 
[INFO] Tests run: 111, Failures: 0, Errors: 0, Skipped: 0
[INFO] 
[INFO] 
[INFO] --------------< org.drasyl:drasyl-plugin-groups-manager >---------------
[INFO] Building drasyl: General-Purpose Overlay Network Framework - Groups Membership Manager Plugin Package 0.6.0-SNAPSHOT [4/9]
[INFO] --------------------------------[ jar ]---------------------------------
[INFO] 
[INFO] --- maven-clean-plugin:2.5:clean (default-clean) @ drasyl-plugin-groups-manager ---
[INFO] Deleting /home/gabsko/breaking-updates/drasyl-plugin-groups-manager/target
[INFO] 
[INFO] --- jacoco-maven-plugin:0.8.7:prepare-agent (default) @ drasyl-plugin-groups-manager ---
[INFO] surefireArgLine set to -javaagent:/home/gabsko/.m2/repository/org/jacoco/org.jacoco.agent/0.8.7/org.jacoco.agent-0.8.7-runtime.jar=destfile=/home/gabsko/breaking-updates/drasyl-plugin-groups-manager/target/jacoco.exec
[INFO] 
[INFO] --- maven-resources-plugin:2.6:resources (default-resources) @ drasyl-plugin-groups-manager ---
[INFO] Using 'UTF-8' encoding to copy filtered resources.
[INFO] Copying 2 resources
[INFO] 
[INFO] --- maven-compiler-plugin:3.8.1:compile (default-compile) @ drasyl-plugin-groups-manager ---
[INFO] Changes detected - recompiling the module!
[INFO] Compiling 16 source files to /home/gabsko/breaking-updates/drasyl-plugin-groups-manager/target/classes
[INFO] /home/gabsko/breaking-updates/drasyl-plugin-groups-manager/src/main/java/org/drasyl/plugin/groups/manager/GroupsManagerHandler.java: /home/gabsko/breaking-updates/drasyl-plugin-groups-manager/src/main/java/org/drasyl/plugin/groups/manager/GroupsManagerHandler.java uses unchecked or unsafe operations.
[INFO] /home/gabsko/breaking-updates/drasyl-plugin-groups-manager/src/main/java/org/drasyl/plugin/groups/manager/GroupsManagerHandler.java: Recompile with -Xlint:unchecked for details.
[INFO] 
[INFO] --- maven-resources-plugin:2.6:testResources (default-testResources) @ drasyl-plugin-groups-manager ---
[INFO] Using 'UTF-8' encoding to copy filtered resources.
[INFO] skip non existing resourceDirectory /home/gabsko/breaking-updates/drasyl-plugin-groups-manager/src/test/resources
[INFO] 
[INFO] --- maven-compiler-plugin:3.8.1:testCompile (default-testCompile) @ drasyl-plugin-groups-manager ---
[INFO] Changes detected - recompiling the module!
[INFO] Compiling 11 source files to /home/gabsko/breaking-updates/drasyl-plugin-groups-manager/target/test-classes
[INFO] 
[INFO] --- maven-surefire-plugin:3.0.0-M5:test (default-test) @ drasyl-plugin-groups-manager ---
[INFO] 
[INFO] -------------------------------------------------------
[INFO]  T E S T S
[INFO] -------------------------------------------------------
[ERROR] Feb 08, 2023 7:13:02 PM org.junit.platform.launcher.core.LauncherConfigurationParameters loadClasspathResource
[ERROR] INFO: Loading JUnit Platform configuration parameters from classpath resource [file:/home/gabsko/breaking-updates/drasyl-core/target/test-classes/junit-platform.properties].
[INFO] Running org.drasyl.plugin.groups.manager.database.jdbc.JDBCDatabaseAdapterTest
[INFO] Running org.drasyl.plugin.groups.manager.data.MembershipTest
[INFO] Running org.drasyl.plugin.groups.manager.database.jdbc.SingleConnectionWrapperTest
[INFO] Running org.drasyl.plugin.groups.manager.data.GroupTest
[INFO] Running org.drasyl.plugin.groups.manager.database.DatabaseExceptionTest
[INFO] Running org.drasyl.plugin.groups.manager.data.MemberTest
[INFO] Running org.drasyl.plugin.groups.manager.GroupsManagerApiTest
[INFO] Running org.drasyl.plugin.groups.manager.GroupsManagerPluginTest
[INFO] Running org.drasyl.plugin.groups.manager.GroupsManagerHandlerTest
[INFO] Running org.drasyl.plugin.groups.manager.GroupsManagerConfigTest
[INFO] Running org.drasyl.plugin.groups.manager.database.DatabaseAdapterManagerTest
[INFO] Running org.drasyl.plugin.groups.manager.database.jdbc.JDBCDatabaseAdapterTest$DeleteStaleMemberships
[INFO] Running org.drasyl.plugin.groups.manager.GroupsManagerPluginTest$OnBeforeShutdown
[INFO] Running org.drasyl.plugin.groups.manager.GroupsManagerConfigTest$HashCode
[INFO] Running org.drasyl.plugin.groups.manager.database.DatabaseExceptionTest$Constructor
[INFO] Running org.drasyl.plugin.groups.manager.data.MembershipTest$HashCode
[INFO] Running org.drasyl.plugin.groups.manager.data.GroupTest$Of
[INFO] Running org.drasyl.plugin.groups.manager.data.MemberTest$HashCode
[INFO] Running org.drasyl.plugin.groups.manager.GroupsManagerApiTest$JsonTransformerTest
[INFO] Running org.drasyl.plugin.groups.manager.GroupsManagerHandlerTest$Leave
[INFO] Tests run: 2, Failures: 0, Errors: 0, Skipped: 0, Time elapsed: 0.487 s - in org.drasyl.plugin.groups.manager.database.DatabaseExceptionTest$Constructor
[INFO] Tests run: 1, Failures: 0, Errors: 0, Skipped: 0, Time elapsed: 0.504 s - in org.drasyl.plugin.groups.manager.database.DatabaseExceptionTest
[INFO] Tests run: 0, Failures: 0, Errors: 0, Skipped: 0, Time elapsed: 0.493 s - in org.drasyl.plugin.groups.manager.data.GroupTest$Of
[INFO] Running org.drasyl.plugin.groups.manager.data.GroupTest$HashCode
[INFO] Tests run: 2, Failures: 0, Errors: 0, Skipped: 0, Time elapsed: 0.004 s - in org.drasyl.plugin.groups.manager.data.GroupTest$HashCode
[INFO] Running org.drasyl.plugin.groups.manager.data.GroupTest$Equals
[INFO] Tests run: 2, Failures: 0, Errors: 0, Skipped: 0, Time elapsed: 0.002 s - in org.drasyl.plugin.groups.manager.data.GroupTest$Equals
[INFO] Running org.drasyl.plugin.groups.manager.data.GroupTest$Getters
[INFO] Tests run: 4, Failures: 0, Errors: 0, Skipped: 0, Time elapsed: 0.005 s - in org.drasyl.plugin.groups.manager.data.GroupTest$Getters
[INFO] Tests run: 0, Failures: 0, Errors: 0, Skipped: 0, Time elapsed: 0.527 s - in org.drasyl.plugin.groups.manager.data.GroupTest
[INFO] Tests run: 2, Failures: 0, Errors: 0, Skipped: 0, Time elapsed: 0.786 s - in org.drasyl.plugin.groups.manager.GroupsManagerConfigTest$HashCode
[INFO] Running org.drasyl.plugin.groups.manager.GroupsManagerConfigTest$Equals
[INFO] Tests run: 2, Failures: 0, Errors: 0, Skipped: 0, Time elapsed: 0.006 s - in org.drasyl.plugin.groups.manager.GroupsManagerConfigTest$Equals
[INFO] Running org.drasyl.plugin.groups.manager.GroupsManagerConfigTest$Constructor
[INFO] Tests run: 2, Failures: 0, Errors: 0, Skipped: 0, Time elapsed: 0.029 s - in org.drasyl.plugin.groups.manager.GroupsManagerConfigTest$Constructor
[INFO] Tests run: 0, Failures: 0, Errors: 0, Skipped: 0, Time elapsed: 0.836 s - in org.drasyl.plugin.groups.manager.GroupsManagerConfigTest
[INFO] Tests run: 2, Failures: 0, Errors: 0, Skipped: 0, Time elapsed: 0.851 s - in org.drasyl.plugin.groups.manager.data.MemberTest$HashCode
[INFO] Running org.drasyl.plugin.groups.manager.data.MemberTest$Equals
[INFO] Tests run: 2, Failures: 0, Errors: 0, Skipped: 0, Time elapsed: 0.002 s - in org.drasyl.plugin.groups.manager.data.MemberTest$Equals
[INFO] Running org.drasyl.plugin.groups.manager.data.MemberTest$Getters
[INFO] Tests run: 1, Failures: 0, Errors: 0, Skipped: 0, Time elapsed: 0.001 s - in org.drasyl.plugin.groups.manager.data.MemberTest$Getters
[INFO] Tests run: 0, Failures: 0, Errors: 0, Skipped: 0, Time elapsed: 0.869 s - in org.drasyl.plugin.groups.manager.data.MemberTest
[INFO] Tests run: 1, Failures: 0, Errors: 0, Skipped: 0, Time elapsed: 0.93 s - in org.drasyl.plugin.groups.manager.GroupsManagerPluginTest$OnBeforeShutdown
[INFO] Running org.drasyl.plugin.groups.manager.GroupsManagerPluginTest$OnBeforeStart
[INFO] Tests run: 2, Failures: 0, Errors: 0, Skipped: 0, Time elapsed: 0.933 s - in org.drasyl.plugin.groups.manager.data.MembershipTest$HashCode
[INFO] Running org.drasyl.plugin.groups.manager.data.MembershipTest$Equals
[INFO] Tests run: 2, Failures: 0, Errors: 0, Skipped: 0, Time elapsed: 0.003 s - in org.drasyl.plugin.groups.manager.data.MembershipTest$Equals
[INFO] Running org.drasyl.plugin.groups.manager.data.MembershipTest$Getters
[INFO] Tests run: 3, Failures: 0, Errors: 0, Skipped: 0, Time elapsed: 0.004 s - in org.drasyl.plugin.groups.manager.data.MembershipTest$Getters
[INFO] Tests run: 0, Failures: 0, Errors: 0, Skipped: 0, Time elapsed: 0.969 s - in org.drasyl.plugin.groups.manager.data.MembershipTest
[INFO] Tests run: 2, Failures: 0, Errors: 0, Skipped: 0, Time elapsed: 0.037 s - in org.drasyl.plugin.groups.manager.GroupsManagerPluginTest$OnBeforeStart
[INFO] Tests run: 0, Failures: 0, Errors: 0, Skipped: 0, Time elapsed: 0.98 s - in org.drasyl.plugin.groups.manager.GroupsManagerPluginTest
[INFO] Tests run: 1, Failures: 0, Errors: 0, Skipped: 0, Time elapsed: 1.099 s - in org.drasyl.plugin.groups.manager.database.jdbc.SingleConnectionWrapperTest
[INFO] Tests run: 2, Failures: 0, Errors: 0, Skipped: 0, Time elapsed: 1.246 s - in org.drasyl.plugin.groups.manager.database.DatabaseAdapterManagerTest
[INFO] Tests run: 1, Failures: 0, Errors: 0, Skipped: 0, Time elapsed: 1.426 s - in org.drasyl.plugin.groups.manager.GroupsManagerApiTest$JsonTransformerTest
[INFO] Running org.drasyl.plugin.groups.manager.GroupsManagerApiTest$GroupsMembershipsIndex
[INFO] Tests run: 1, Failures: 0, Errors: 0, Skipped: 0, Time elapsed: 1.43 s - in org.drasyl.plugin.groups.manager.database.jdbc.JDBCDatabaseAdapterTest$DeleteStaleMemberships
[INFO] Running org.drasyl.plugin.groups.manager.database.jdbc.JDBCDatabaseAdapterTest$RemoveGroupMember
[INFO] Tests run: 2, Failures: 0, Errors: 0, Skipped: 0, Time elapsed: 0.004 s - in org.drasyl.plugin.groups.manager.database.jdbc.JDBCDatabaseAdapterTest$RemoveGroupMember
[INFO] Running org.drasyl.plugin.groups.manager.database.jdbc.JDBCDatabaseAdapterTest$GetGroupMembers
[INFO] Tests run: 1, Failures: 0, Errors: 0, Skipped: 0, Time elapsed: 0.002 s - in org.drasyl.plugin.groups.manager.database.jdbc.JDBCDatabaseAdapterTest$GetGroupMembers
[INFO] Running org.drasyl.plugin.groups.manager.database.jdbc.JDBCDatabaseAdapterTest$UpdateGroup
[INFO] Tests run: 2, Failures: 0, Errors: 0, Skipped: 0, Time elapsed: 0.004 s - in org.drasyl.plugin.groups.manager.database.jdbc.JDBCDatabaseAdapterTest$UpdateGroup
[INFO] Running org.drasyl.plugin.groups.manager.database.jdbc.JDBCDatabaseAdapterTest$DeleteGroup
[INFO] Tests run: 2, Failures: 0, Errors: 0, Skipped: 0, Time elapsed: 0.004 s - in org.drasyl.plugin.groups.manager.database.jdbc.JDBCDatabaseAdapterTest$DeleteGroup
[INFO] Running org.drasyl.plugin.groups.manager.database.jdbc.JDBCDatabaseAdapterTest$GetGroups
[INFO] Tests run: 2, Failures: 0, Errors: 0, Skipped: 0, Time elapsed: 0.004 s - in org.drasyl.plugin.groups.manager.database.jdbc.JDBCDatabaseAdapterTest$GetGroups
[INFO] Running org.drasyl.plugin.groups.manager.database.jdbc.JDBCDatabaseAdapterTest$GetGroup
[INFO] Tests run: 1, Failures: 0, Errors: 0, Skipped: 0, Time elapsed: 0.002 s - in org.drasyl.plugin.groups.manager.database.jdbc.JDBCDatabaseAdapterTest$GetGroup
[INFO] Running org.drasyl.plugin.groups.manager.database.jdbc.JDBCDatabaseAdapterTest$AddGroupMember
[INFO] Tests run: 2, Failures: 0, Errors: 0, Skipped: 0, Time elapsed: 0.005 s - in org.drasyl.plugin.groups.manager.database.jdbc.JDBCDatabaseAdapterTest$AddGroupMember
[INFO] Running org.drasyl.plugin.groups.manager.database.jdbc.JDBCDatabaseAdapterTest$AddGroup
[INFO] Tests run: 2, Failures: 0, Errors: 0, Skipped: 0, Time elapsed: 0.003 s - in org.drasyl.plugin.groups.manager.database.jdbc.JDBCDatabaseAdapterTest$AddGroup
[INFO] Running org.drasyl.plugin.groups.manager.database.jdbc.JDBCDatabaseAdapterTest$Create
[INFO] Tests run: 1, Failures: 0, Errors: 0, Skipped: 0, Time elapsed: 0.002 s - in org.drasyl.plugin.groups.manager.database.jdbc.JDBCDatabaseAdapterTest$Create
[INFO] Tests run: 0, Failures: 0, Errors: 0, Skipped: 0, Time elapsed: 1.481 s - in org.drasyl.plugin.groups.manager.database.jdbc.JDBCDatabaseAdapterTest
[INFO] Tests run: 2, Failures: 0, Errors: 0, Skipped: 0, Time elapsed: 0.107 s - in org.drasyl.plugin.groups.manager.GroupsManagerApiTest$GroupsMembershipsIndex
[INFO] Running org.drasyl.plugin.groups.manager.GroupsManagerApiTest$GroupsDelete
[INFO] Tests run: 2, Failures: 0, Errors: 0, Skipped: 0, Time elapsed: 0.004 s - in org.drasyl.plugin.groups.manager.GroupsManagerApiTest$GroupsDelete
[INFO] Running org.drasyl.plugin.groups.manager.GroupsManagerApiTest$GroupsUpdate
[INFO] Tests run: 3, Failures: 0, Errors: 0, Skipped: 0, Time elapsed: 0.039 s - in org.drasyl.plugin.groups.manager.GroupsManagerApiTest$GroupsUpdate
[INFO] Running org.drasyl.plugin.groups.manager.GroupsManagerApiTest$GroupsShow
[INFO] Tests run: 2, Failures: 0, Errors: 0, Skipped: 0, Time elapsed: 0.012 s - in org.drasyl.plugin.groups.manager.GroupsManagerApiTest$GroupsShow
[INFO] Running org.drasyl.plugin.groups.manager.GroupsManagerApiTest$GroupsCreate
[INFO] Tests run: 3, Failures: 0, Errors: 0, Skipped: 0, Time elapsed: 0.034 s - in org.drasyl.plugin.groups.manager.GroupsManagerApiTest$GroupsCreate
[INFO] Running org.drasyl.plugin.groups.manager.GroupsManagerApiTest$GroupsIndex
[INFO] Tests run: 1, Failures: 0, Errors: 0, Skipped: 0, Time elapsed: 0.002 s - in org.drasyl.plugin.groups.manager.GroupsManagerApiTest$GroupsIndex
[INFO] Running org.drasyl.plugin.groups.manager.GroupsManagerApiTest$Shutdown
[INFO] Tests run: 1, Failures: 0, Errors: 0, Skipped: 0, Time elapsed: 0.552 s - in org.drasyl.plugin.groups.manager.GroupsManagerApiTest$Shutdown
[INFO] Running org.drasyl.plugin.groups.manager.GroupsManagerApiTest$Start
[INFO] Tests run: 1, Failures: 0, Errors: 0, Skipped: 0, Time elapsed: 0.102 s - in org.drasyl.plugin.groups.manager.GroupsManagerApiTest$Start
[INFO] Tests run: 0, Failures: 0, Errors: 0, Skipped: 0, Time elapsed: 2.299 s - in org.drasyl.plugin.groups.manager.GroupsManagerApiTest
[INFO] Tests run: 2, Failures: 0, Errors: 0, Skipped: 0, Time elapsed: 3.625 s - in org.drasyl.plugin.groups.manager.GroupsManagerHandlerTest$Leave
[INFO] Running org.drasyl.plugin.groups.manager.GroupsManagerHandlerTest$Join
[INFO] Tests run: 5, Failures: 0, Errors: 0, Skipped: 0, Time elapsed: 0.079 s - in org.drasyl.plugin.groups.manager.GroupsManagerHandlerTest$Join
[INFO] Running org.drasyl.plugin.groups.manager.GroupsManagerHandlerTest$OnEvent
[INFO] Tests run: 1, Failures: 0, Errors: 0, Skipped: 0, Time elapsed: 0.023 s - in org.drasyl.plugin.groups.manager.GroupsManagerHandlerTest$OnEvent
[INFO] Running org.drasyl.plugin.groups.manager.GroupsManagerHandlerTest$HandlerRemoved
[INFO] Tests run: 1, Failures: 0, Errors: 0, Skipped: 0, Time elapsed: 0.003 s - in org.drasyl.plugin.groups.manager.GroupsManagerHandlerTest$HandlerRemoved
[INFO] Running org.drasyl.plugin.groups.manager.GroupsManagerHandlerTest$StaleTask
[INFO] Tests run: 1, Failures: 0, Errors: 0, Skipped: 0, Time elapsed: 0.004 s - in org.drasyl.plugin.groups.manager.GroupsManagerHandlerTest$StaleTask
[INFO] Running org.drasyl.plugin.groups.manager.GroupsManagerHandlerTest$HandlerAdded
[INFO] Tests run: 1, Failures: 0, Errors: 0, Skipped: 0, Time elapsed: 0.024 s - in org.drasyl.plugin.groups.manager.GroupsManagerHandlerTest$HandlerAdded
[INFO] Tests run: 0, Failures: 0, Errors: 0, Skipped: 0, Time elapsed: 3.774 s - in org.drasyl.plugin.groups.manager.GroupsManagerHandlerTest
[INFO] 
[INFO] Results:
[INFO] 
[INFO] Tests run: 78, Failures: 0, Errors: 0, Skipped: 0
[INFO] 
[INFO] 
[INFO] -----------------------< org.drasyl:drasyl-cli >------------------------
[INFO] Building drasyl: General-Purpose Overlay Network Framework - CLI Package 0.6.0-SNAPSHOT [5/9]
[INFO] --------------------------------[ jar ]---------------------------------
[INFO] 
[INFO] --- maven-clean-plugin:2.5:clean (default-clean) @ drasyl-cli ---
[INFO] Deleting /home/gabsko/breaking-updates/drasyl-cli/target
[INFO] 
[INFO] --- jacoco-maven-plugin:0.8.7:prepare-agent (default) @ drasyl-cli ---
[INFO] surefireArgLine set to -javaagent:/home/gabsko/.m2/repository/org/jacoco/org.jacoco.agent/0.8.7/org.jacoco.agent-0.8.7-runtime.jar=destfile=/home/gabsko/breaking-updates/drasyl-cli/target/jacoco.exec
[INFO] 
[INFO] --- maven-resources-plugin:2.6:resources (default-resources) @ drasyl-cli ---
[INFO] Using 'UTF-8' encoding to copy filtered resources.
[INFO] Copying 7 resources
[INFO] 
[INFO] --- maven-compiler-plugin:3.8.1:compile (default-compile) @ drasyl-cli ---
[INFO] Changes detected - recompiling the module!
[INFO] Compiling 30 source files to /home/gabsko/breaking-updates/drasyl-cli/target/classes
[INFO] 
[INFO] --- maven-resources-plugin:2.6:testResources (default-testResources) @ drasyl-cli ---
[INFO] Using 'UTF-8' encoding to copy filtered resources.
[INFO] skip non existing resourceDirectory /home/gabsko/breaking-updates/drasyl-cli/src/test/resources
[INFO] 
[INFO] --- maven-compiler-plugin:3.8.1:testCompile (default-testCompile) @ drasyl-cli ---
[INFO] Changes detected - recompiling the module!
[INFO] Compiling 17 source files to /home/gabsko/breaking-updates/drasyl-cli/target/test-classes
[INFO] 
[INFO] --- maven-surefire-plugin:3.0.0-M5:test (default-test) @ drasyl-cli ---
[INFO] 
[INFO] -------------------------------------------------------
[INFO]  T E S T S
[INFO] -------------------------------------------------------
[ERROR] Feb 08, 2023 7:13:07 PM org.junit.platform.launcher.core.LauncherConfigurationParameters loadClasspathResource
[ERROR] INFO: Loading JUnit Platform configuration parameters from classpath resource [file:/home/gabsko/breaking-updates/drasyl-core/target/test-classes/junit-platform.properties].
[INFO] Running org.drasyl.cli.command.HelpCommandTest
[INFO] Running org.drasyl.cli.command.wormhole.PasswordMessageTest
[INFO] Running org.drasyl.cli.command.perf.message.TestResultsTest
[INFO] Running org.drasyl.cli.command.NodeCommandTest
[INFO] Running org.drasyl.cli.CliTest
[INFO] Running org.drasyl.cli.command.perf.PerfServerNodeTest
[INFO] Running org.drasyl.cli.command.perf.PerfTestSenderTest
[INFO] Running org.drasyl.cli.command.perf.PerfTestReceiverTest
[INFO] Running org.drasyl.cli.command.perf.PerfClientNodeTest
[INFO] Running org.drasyl.cli.command.PerfCommandTest
[INFO] Running org.drasyl.cli.command.WormholeCommandTest
[INFO] Running org.drasyl.cli.command.wormhole.ReceivingWormholeNodeTest
[INFO] Running org.drasyl.cli.command.VersionCommandTest
[INFO] Running org.drasyl.cli.command.wormhole.SendingWormholeNodeTest
[INFO] Running org.drasyl.cli.command.wormhole.TextMessageTest
[INFO] Running org.drasyl.cli.command.GenerateIdentityCommandTest
[INFO] Running org.drasyl.cli.command.perf.message.SessionRequestTest
[INFO] Running org.drasyl.cli.command.wormhole.TextMessageTest$HashCode
[INFO] Running org.drasyl.cli.command.perf.PerfServerNodeTest$DoneFuture
[INFO] Running org.drasyl.cli.CliTest$Run
[INFO] Running org.drasyl.cli.command.GenerateIdentityCommandTest$GetDescription
[INFO] Running org.drasyl.cli.command.perf.PerfTestReceiverTest$Run
[INFO] Running org.drasyl.cli.command.wormhole.SendingWormholeNodeTest$TestSetText
[INFO] Running org.drasyl.cli.command.perf.PerfClientNodeTest$TestTestOptions
[INFO] Running org.drasyl.cli.command.perf.message.SessionRequestTest$Getter
[INFO] Running org.drasyl.cli.command.perf.PerfTestSenderTest$Completing
[INFO] Running org.drasyl.cli.command.perf.message.TestResultsTest$IncrementOutOfOrderMessages
[INFO] Running org.drasyl.cli.command.wormhole.PasswordMessageTest$HashCode
[INFO] Running org.drasyl.cli.command.wormhole.ReceivingWormholeNodeTest$TestRequestText
[INFO] Running org.drasyl.cli.command.VersionCommandTest$Execute
[INFO] Running org.drasyl.cli.command.PerfCommandTest$Execute
[INFO] Running org.drasyl.cli.command.NodeCommandTest$Execute
[INFO] Running org.drasyl.cli.command.HelpCommandTest$Execute
[INFO] Running org.drasyl.cli.command.WormholeCommandTest$Execute
[INFO] Tests run: 2, Failures: 0, Errors: 0, Skipped: 0, Time elapsed: 0.051 s - in org.drasyl.cli.command.wormhole.PasswordMessageTest$HashCode
[INFO] Running org.drasyl.cli.command.wormhole.PasswordMessageTest$Equals
[INFO] Tests run: 0, Failures: 0, Errors: 0, Skipped: 0, Time elapsed: 0.052 s - in org.drasyl.cli.command.wormhole.TextMessageTest$HashCode
[INFO] Running org.drasyl.cli.command.wormhole.TextMessageTest$Equals
[INFO] Tests run: 2, Failures: 0, Errors: 0, Skipped: 0, Time elapsed: 0.005 s - in org.drasyl.cli.command.wormhole.PasswordMessageTest$Equals
[INFO] Tests run: 0, Failures: 0, Errors: 0, Skipped: 0, Time elapsed: 0.004 s - in org.drasyl.cli.command.wormhole.TextMessageTest$Equals
[INFO] Tests run: 0, Failures: 0, Errors: 0, Skipped: 0, Time elapsed: 0.08 s - in org.drasyl.cli.command.wormhole.PasswordMessageTest
[INFO] Tests run: 0, Failures: 0, Errors: 0, Skipped: 0, Time elapsed: 0.081 s - in org.drasyl.cli.command.wormhole.TextMessageTest
[INFO] Tests run: 2, Failures: 0, Errors: 0, Skipped: 0, Time elapsed: 0.381 s - in org.drasyl.cli.command.perf.message.TestResultsTest$IncrementOutOfOrderMessages
[INFO] Running org.drasyl.cli.command.perf.message.TestResultsTest$IncrementLostMessages
[INFO] Tests run: 0, Failures: 0, Errors: 0, Skipped: 0, Time elapsed: 0.381 s - in org.drasyl.cli.command.perf.message.SessionRequestTest$Getter
[INFO] Running org.drasyl.cli.command.perf.message.SessionRequestTest$Constructor
[INFO] Tests run: 1, Failures: 0, Errors: 0, Skipped: 0, Time elapsed: 0.002 s - in org.drasyl.cli.command.perf.message.TestResultsTest$IncrementLostMessages
[INFO] Tests run: 0, Failures: 0, Errors: 0, Skipped: 0, Time elapsed: 0.396 s - in org.drasyl.cli.command.perf.message.TestResultsTest
[INFO] Tests run: 3, Failures: 0, Errors: 0, Skipped: 0, Time elapsed: 0.01 s - in org.drasyl.cli.command.perf.message.SessionRequestTest$Constructor
[INFO] Tests run: 0, Failures: 0, Errors: 0, Skipped: 0, Time elapsed: 0.407 s - in org.drasyl.cli.command.perf.message.SessionRequestTest
[INFO] Tests run: 1, Failures: 0, Errors: 0, Skipped: 0, Time elapsed: 0.783 s - in org.drasyl.cli.command.HelpCommandTest$Execute
[INFO] Running org.drasyl.cli.command.HelpCommandTest$Help
[INFO] Tests run: 1, Failures: 0, Errors: 0, Skipped: 0, Time elapsed: 0.786 s - in org.drasyl.cli.command.VersionCommandTest$Execute
[INFO] Running org.drasyl.cli.command.VersionCommandTest$Help
[INFO] Tests run: 1, Failures: 0, Errors: 0, Skipped: 0, Time elapsed: 0.003 s - in org.drasyl.cli.command.HelpCommandTest$Help
[INFO] Tests run: 0, Failures: 0, Errors: 0, Skipped: 0, Time elapsed: 0.798 s - in org.drasyl.cli.command.HelpCommandTest
[INFO] Tests run: 1, Failures: 0, Errors: 0, Skipped: 0, Time elapsed: 0.002 s - in org.drasyl.cli.command.VersionCommandTest$Help
[INFO] Tests run: 0, Failures: 0, Errors: 0, Skipped: 0, Time elapsed: 0.8 s - in org.drasyl.cli.command.VersionCommandTest
[INFO] Tests run: 1, Failures: 0, Errors: 0, Skipped: 0, Time elapsed: 0.87 s - in org.drasyl.cli.command.GenerateIdentityCommandTest$GetDescription
[INFO] Running org.drasyl.cli.command.GenerateIdentityCommandTest$Execute
[INFO] Tests run: 3, Failures: 0, Errors: 0, Skipped: 0, Time elapsed: 0.034 s - in org.drasyl.cli.command.GenerateIdentityCommandTest$Execute
[INFO] Running org.drasyl.cli.command.GenerateIdentityCommandTest$Help
[INFO] Tests run: 1, Failures: 0, Errors: 0, Skipped: 0, Time elapsed: 0.002 s - in org.drasyl.cli.command.GenerateIdentityCommandTest$Help
[INFO] Tests run: 0, Failures: 0, Errors: 0, Skipped: 0, Time elapsed: 0.918 s - in org.drasyl.cli.command.GenerateIdentityCommandTest
2023-02-08T19:13:09,545Z [1;31mERROR[0;39m --- [-1-worker-59] [36morg.drasyl.cli.Cli                      [0;39m : Exception occurred:
org.drasyl.cli.CliException: Unknown command "sadassdaashdaskj" for "drasyl".
	at org.drasyl.cli.Cli.run(Cli.java:96)
	at org.drasyl.cli.CliTest$Run.shouldExitWithErrorForUnknownCommand(CliTest.java:97)
	at java.base/jdk.internal.reflect.NativeMethodAccessorImpl.invoke0(Native Method)
	at java.base/jdk.internal.reflect.NativeMethodAccessorImpl.invoke(NativeMethodAccessorImpl.java:62)
	at java.base/jdk.internal.reflect.DelegatingMethodAccessorImpl.invoke(DelegatingMethodAccessorImpl.java:43)
	at java.base/java.lang.reflect.Method.invoke(Method.java:566)
	at org.junit.platform.commons.util.ReflectionUtils.invokeMethod(ReflectionUtils.java:688)
	at org.junit.jupiter.engine.execution.MethodInvocation.proceed(MethodInvocation.java:60)
	at org.junit.jupiter.engine.execution.InvocationInterceptorChain$ValidatingInvocation.proceed(InvocationInterceptorChain.java:131)
	at org.junit.jupiter.engine.extension.TimeoutExtension.intercept(TimeoutExtension.java:149)
	at org.junit.jupiter.engine.extension.TimeoutExtension.interceptTestableMethod(TimeoutExtension.java:140)
	at org.junit.jupiter.engine.extension.TimeoutExtension.interceptTestMethod(TimeoutExtension.java:84)
	at org.junit.jupiter.engine.execution.ExecutableInvoker$ReflectiveInterceptorCall.lambda$ofVoidMethod$0(ExecutableInvoker.java:115)
	at org.junit.jupiter.engine.execution.ExecutableInvoker.lambda$invoke$0(ExecutableInvoker.java:105)
	at org.junit.jupiter.engine.execution.InvocationInterceptorChain$InterceptedInvocation.proceed(InvocationInterceptorChain.java:106)
	at org.junit.jupiter.engine.execution.InvocationInterceptorChain.proceed(InvocationInterceptorChain.java:64)
	at org.junit.jupiter.engine.execution.InvocationInterceptorChain.chainAndInvoke(InvocationInterceptorChain.java:45)
	at org.junit.jupiter.engine.execution.InvocationInterceptorChain.invoke(InvocationInterceptorChain.java:37)
	at org.junit.jupiter.engine.execution.ExecutableInvoker.invoke(ExecutableInvoker.java:104)
	at org.junit.jupiter.engine.execution.ExecutableInvoker.invoke(ExecutableInvoker.java:98)
	at org.junit.jupiter.engine.descriptor.TestMethodTestDescriptor.lambda$invokeTestMethod$6(TestMethodTestDescriptor.java:210)
	at org.junit.platform.engine.support.hierarchical.ThrowableCollector.execute(ThrowableCollector.java:73)
	at org.junit.jupiter.engine.descriptor.TestMethodTestDescriptor.invokeTestMethod(TestMethodTestDescriptor.java:206)
	at org.junit.jupiter.engine.descriptor.TestMethodTestDescriptor.execute(TestMethodTestDescriptor.java:131)
	at org.junit.jupiter.engine.descriptor.TestMethodTestDescriptor.execute(TestMethodTestDescriptor.java:65)
	at org.junit.platform.engine.support.hierarchical.NodeTestTask.lambda$executeRecursively$5(NodeTestTask.java:139)
	at org.junit.platform.engine.support.hierarchical.ThrowableCollector.execute(ThrowableCollector.java:73)
	at org.junit.platform.engine.support.hierarchical.NodeTestTask.lambda$executeRecursively$7(NodeTestTask.java:129)
	at org.junit.platform.engine.support.hierarchical.Node.around(Node.java:137)
	at org.junit.platform.engine.support.hierarchical.NodeTestTask.lambda$executeRecursively$8(NodeTestTask.java:127)
	at org.junit.platform.engine.support.hierarchical.ThrowableCollector.execute(ThrowableCollector.java:73)
	at org.junit.platform.engine.support.hierarchical.NodeTestTask.executeRecursively(NodeTestTask.java:126)
	at org.junit.platform.engine.support.hierarchical.NodeTestTask.execute(NodeTestTask.java:84)
	at org.junit.platform.engine.support.hierarchical.ForkJoinPoolHierarchicalTestExecutorService$ExclusiveTask.compute(ForkJoinPoolHierarchicalTestExecutorService.java:185)
	at org.junit.platform.engine.support.hierarchical.ForkJoinPoolHierarchicalTestExecutorService.executeNonConcurrentTasks(ForkJoinPoolHierarchicalTestExecutorService.java:155)
	at org.junit.platform.engine.support.hierarchical.ForkJoinPoolHierarchicalTestExecutorService.invokeAll(ForkJoinPoolHierarchicalTestExecutorService.java:135)
	at org.junit.platform.engine.support.hierarchical.NodeTestTask.lambda$executeRecursively$5(NodeTestTask.java:143)
	at org.junit.platform.engine.support.hierarchical.ThrowableCollector.execute(ThrowableCollector.java:73)
	at org.junit.platform.engine.support.hierarchical.NodeTestTask.lambda$executeRecursively$7(NodeTestTask.java:129)
	at org.junit.platform.engine.support.hierarchical.Node.around(Node.java:137)
	at org.junit.platform.engine.support.hierarchical.NodeTestTask.lambda$executeRecursively$8(NodeTestTask.java:127)
	at org.junit.platform.engine.support.hierarchical.ThrowableCollector.execute(ThrowableCollector.java:73)
	at org.junit.platform.engine.support.hierarchical.NodeTestTask.executeRecursively(NodeTestTask.java:126)
	at org.junit.platform.engine.support.hierarchical.NodeTestTask.execute(NodeTestTask.java:84)
	at org.junit.platform.engine.support.hierarchical.ForkJoinPoolHierarchicalTestExecutorService$ExclusiveTask.compute(ForkJoinPoolHierarchicalTestExecutorService.java:185)
	at org.junit.platform.engine.support.hierarchical.ForkJoinPoolHierarchicalTestExecutorService.invokeAll(ForkJoinPoolHierarchicalTestExecutorService.java:129)
	at org.junit.platform.engine.support.hierarchical.NodeTestTask.lambda$executeRecursively$5(NodeTestTask.java:143)
	at org.junit.platform.engine.support.hierarchical.ThrowableCollector.execute(ThrowableCollector.java:73)
	at org.junit.platform.engine.support.hierarchical.NodeTestTask.lambda$executeRecursively$7(NodeTestTask.java:129)
	at org.junit.platform.engine.support.hierarchical.Node.around(Node.java:137)
	at org.junit.platform.engine.support.hierarchical.NodeTestTask.lambda$executeRecursively$8(NodeTestTask.java:127)
	at org.junit.platform.engine.support.hierarchical.ThrowableCollector.execute(ThrowableCollector.java:73)
	at org.junit.platform.engine.support.hierarchical.NodeTestTask.executeRecursively(NodeTestTask.java:126)
	at org.junit.platform.engine.support.hierarchical.NodeTestTask.execute(NodeTestTask.java:84)
	at org.junit.platform.engine.support.hierarchical.ForkJoinPoolHierarchicalTestExecutorService$ExclusiveTask.compute(ForkJoinPoolHierarchicalTestExecutorService.java:185)
	at java.base/java.util.concurrent.RecursiveAction.exec(RecursiveAction.java:189)
	at java.base/java.util.concurrent.ForkJoinTask.doExec(ForkJoinTask.java:290)
	at java.base/java.util.concurrent.ForkJoinPool$WorkQueue.topLevelExec(ForkJoinPool.java:1020)
	at java.base/java.util.concurrent.ForkJoinPool.scan(ForkJoinPool.java:1656)
	at java.base/java.util.concurrent.ForkJoinPool.runWorker(ForkJoinPool.java:1594)
	at java.base/java.util.concurrent.ForkJoinWorkerThread.run(ForkJoinWorkerThread.java:183)
[INFO] Tests run: 6, Failures: 0, Errors: 0, Skipped: 0, Time elapsed: 1.247 s - in org.drasyl.cli.CliTest$Run
[INFO] Tests run: 0, Failures: 0, Errors: 0, Skipped: 0, Time elapsed: 1.258 s - in org.drasyl.cli.CliTest
[INFO] Tests run: 1, Failures: 0, Errors: 0, Skipped: 0, Time elapsed: 1.266 s - in org.drasyl.cli.command.NodeCommandTest$Execute
[INFO] Running org.drasyl.cli.command.NodeCommandTest$Help
[INFO] Tests run: 1, Failures: 0, Errors: 0, Skipped: 0, Time elapsed: 0.002 s - in org.drasyl.cli.command.NodeCommandTest$Help
[INFO] Tests run: 0, Failures: 0, Errors: 0, Skipped: 0, Time elapsed: 1.28 s - in org.drasyl.cli.command.NodeCommandTest
[INFO] Tests run: 3, Failures: 0, Errors: 0, Skipped: 0, Time elapsed: 1.296 s - in org.drasyl.cli.command.PerfCommandTest$Execute
[INFO] Running org.drasyl.cli.command.PerfCommandTest$Help
[INFO] Tests run: 1, Failures: 0, Errors: 0, Skipped: 0, Time elapsed: 0.003 s - in org.drasyl.cli.command.PerfCommandTest$Help
[INFO] Tests run: 0, Failures: 0, Errors: 0, Skipped: 0, Time elapsed: 1.31 s - in org.drasyl.cli.command.PerfCommandTest
[INFO] Tests run: 1, Failures: 0, Errors: 0, Skipped: 0, Time elapsed: 1.305 s - in org.drasyl.cli.command.perf.PerfServerNodeTest$DoneFuture
[INFO] Running org.drasyl.cli.command.perf.PerfServerNodeTest$OnEvent
[INFO] Running org.drasyl.cli.command.perf.PerfServerNodeTest$OnEvent$OnOnlineTimeout
[INFO] Tests run: 1, Failures: 0, Errors: 0, Skipped: 0, Time elapsed: 1.309 s - in org.drasyl.cli.command.perf.PerfClientNodeTest$TestTestOptions
[INFO] Running org.drasyl.cli.command.perf.PerfClientNodeTest$DoneFuture
[INFO] Tests run: 1, Failures: 0, Errors: 0, Skipped: 0, Time elapsed: 0.003 s - in org.drasyl.cli.command.perf.PerfClientNodeTest$DoneFuture
[INFO] Running org.drasyl.cli.command.perf.PerfClientNodeTest$handlePeerEvent
[INFO] Tests run: 2, Failures: 0, Errors: 0, Skipped: 0, Time elapsed: 1.329 s - in org.drasyl.cli.command.wormhole.ReceivingWormholeNodeTest$TestRequestText
[INFO] Running org.drasyl.cli.command.wormhole.ReceivingWormholeNodeTest$DoneFuture
[INFO] Tests run: 2, Failures: 0, Errors: 0, Skipped: 0, Time elapsed: 0.002 s - in org.drasyl.cli.command.wormhole.ReceivingWormholeNodeTest$DoneFuture
[INFO] Running org.drasyl.cli.command.wormhole.ReceivingWormholeNodeTest$OnEvent
[INFO] Running org.drasyl.cli.command.wormhole.ReceivingWormholeNodeTest$OnEvent$OnOnlineTimeout
[INFO] Tests run: 2, Failures: 0, Errors: 0, Skipped: 0, Time elapsed: 1.336 s - in org.drasyl.cli.command.wormhole.SendingWormholeNodeTest$TestSetText
[INFO] Running org.drasyl.cli.command.wormhole.SendingWormholeNodeTest$DoneFuture
[INFO] Tests run: 2, Failures: 0, Errors: 0, Skipped: 0, Time elapsed: 0.001 s - in org.drasyl.cli.command.wormhole.SendingWormholeNodeTest$DoneFuture
[INFO] Running org.drasyl.cli.command.wormhole.SendingWormholeNodeTest$OnEvent
[INFO] Running org.drasyl.cli.command.wormhole.SendingWormholeNodeTest$OnEvent$OnOnlineTimeout
[INFO] Tests run: 1, Failures: 0, Errors: 0, Skipped: 0, Time elapsed: 1.344 s - in org.drasyl.cli.command.WormholeCommandTest$Execute
[INFO] Running org.drasyl.cli.command.WormholeCommandTest$Help
[INFO] Tests run: 1, Failures: 0, Errors: 0, Skipped: 0, Time elapsed: 0.002 s - in org.drasyl.cli.command.WormholeCommandTest$Help
[INFO] Tests run: 1, Failures: 0, Errors: 0, Skipped: 0, Time elapsed: 1.356 s - in org.drasyl.cli.command.WormholeCommandTest
[INFO] Tests run: 0, Failures: 0, Errors: 0, Skipped: 0, Time elapsed: 0.016 s - in org.drasyl.cli.command.wormhole.ReceivingWormholeNodeTest$OnEvent$OnOnlineTimeout
[INFO] Running org.drasyl.cli.command.wormhole.ReceivingWormholeNodeTest$OnEvent$OnRequestText
[INFO] Tests run: 1, Failures: 0, Errors: 0, Skipped: 0, Time elapsed: 0.003 s - in org.drasyl.cli.command.wormhole.ReceivingWormholeNodeTest$OnEvent$OnRequestText
[INFO] Running org.drasyl.cli.command.wormhole.ReceivingWormholeNodeTest$OnEvent$OnNodeOnlineEvent
[INFO] Running org.drasyl.cli.command.wormhole.ReceivingWormholeNodeTest$OnEvent$OnNodeOnlineEvent$OnRequestText
[INFO] Tests run: 1, Failures: 0, Errors: 0, Skipped: 0, Time elapsed: 0.051 s - in org.drasyl.cli.command.perf.PerfServerNodeTest$OnEvent$OnOnlineTimeout
[INFO] Running org.drasyl.cli.command.perf.PerfServerNodeTest$OnEvent$OnNodeOnlineEvent
[INFO] Tests run: 2, Failures: 0, Errors: 0, Skipped: 0, Time elapsed: 0.031 s - in org.drasyl.cli.command.wormhole.SendingWormholeNodeTest$OnEvent$OnOnlineTimeout
[INFO] Running org.drasyl.cli.command.wormhole.SendingWormholeNodeTest$OnEvent$OnNodeOnlineEvent
[INFO] Tests run: 1, Failures: 0, Errors: 0, Skipped: 0, Time elapsed: 0.07 s - in org.drasyl.cli.command.perf.PerfClientNodeTest$handlePeerEvent
[INFO] Running org.drasyl.cli.command.perf.PerfClientNodeTest$OnEvent
[INFO] Running org.drasyl.cli.command.perf.PerfClientNodeTest$OnEvent$OnOnlineTimeout
[INFO] Running org.drasyl.cli.command.perf.PerfServerNodeTest$OnEvent$OnNodeOnlineEvent$OnOnlineTimeout
[INFO] Tests run: 2, Failures: 0, Errors: 0, Skipped: 0, Time elapsed: 0.003 s - in org.drasyl.cli.command.perf.PerfServerNodeTest$OnEvent$OnNodeOnlineEvent$OnOnlineTimeout
[INFO] Running org.drasyl.cli.command.perf.PerfServerNodeTest$OnEvent$OnNodeOnlineEvent$WhenWaitingForSession
[INFO] Tests run: 3, Failures: 0, Errors: 0, Skipped: 0, Time elapsed: 1.411 s - in org.drasyl.cli.command.perf.PerfTestSenderTest$Completing
[INFO] Running org.drasyl.cli.command.perf.PerfTestSenderTest$Run
Test parameters: session
Interval                 Transfer     Bitrate          Lost/Total Messages

[INFO] Tests run: 3, Failures: 0, Errors: 0, Skipped: 0, Time elapsed: 0.067 s - in org.drasyl.cli.command.wormhole.ReceivingWormholeNodeTest$OnEvent$OnNodeOnlineEvent$OnRequestText
[INFO] Running org.drasyl.cli.command.wormhole.ReceivingWormholeNodeTest$OnEvent$OnNodeOnlineEvent$OnMessageEvent
[INFO] Tests run: 2, Failures: 0, Errors: 0, Skipped: 0, Time elapsed: 0.039 s - in org.drasyl.cli.command.perf.PerfClientNodeTest$OnEvent$OnOnlineTimeout
[INFO] Running org.drasyl.cli.command.perf.PerfClientNodeTest$OnEvent$OnNodeOnlineEvent
[INFO] Running org.drasyl.cli.command.perf.PerfClientNodeTest$OnEvent$OnNodeOnlineEvent$WhenSessionRequestTimeout
[INFO] Tests run: 1, Failures: 0, Errors: 0, Skipped: 0, Time elapsed: 0.009 s - in org.drasyl.cli.command.wormhole.ReceivingWormholeNodeTest$OnEvent$OnNodeOnlineEvent$OnMessageEvent
[INFO] Tests run: 0, Failures: 0, Errors: 0, Skipped: 0, Time elapsed: 0.077 s - in org.drasyl.cli.command.wormhole.ReceivingWormholeNodeTest$OnEvent$OnNodeOnlineEvent
[INFO] Running org.drasyl.cli.command.wormhole.ReceivingWormholeNodeTest$OnEvent$OnNodeNormalTerminationEvent
Test parameters: session
Interval                 Transfer     Bitrate          Lost/Total Messages
  0.00 -   1.00 sec         32 B       256 bit/s              0/2 (0.00%)
  1.00 -   2.00 sec         16 B       128 bit/s              0/1 (0.00%)
- - - - - - - - - - - - - - - - - - - - - - - - - - - - - - - - - - - - -
Sender:
null
Receiver:
  0.00 -   2.00 sec         64 B       256 bit/s             1/4 (25.00%)


[INFO] Tests run: 2, Failures: 0, Errors: 0, Skipped: 0, Time elapsed: 1.436 s - in org.drasyl.cli.command.perf.PerfTestReceiverTest$Run
[INFO] Tests run: 0, Failures: 0, Errors: 0, Skipped: 0, Time elapsed: 1.445 s - in org.drasyl.cli.command.perf.PerfTestReceiverTest
[INFO] Running org.drasyl.cli.command.wormhole.SendingWormholeNodeTest$OnEvent$OnNodeOnlineEvent$OnSetText
[INFO] Tests run: 3, Failures: 0, Errors: 0, Skipped: 0, Time elapsed: 0.048 s - in org.drasyl.cli.command.perf.PerfServerNodeTest$OnEvent$OnNodeOnlineEvent$WhenWaitingForSession
[INFO] Tests run: 0, Failures: 0, Errors: 0, Skipped: 0, Time elapsed: 0.09 s - in org.drasyl.cli.command.perf.PerfServerNodeTest$OnEvent$OnNodeOnlineEvent
[INFO] Running org.drasyl.cli.command.perf.PerfServerNodeTest$OnEvent$OnNodeUpEvent
[INFO] Tests run: 1, Failures: 0, Errors: 0, Skipped: 0, Time elapsed: 0.021 s - in org.drasyl.cli.command.wormhole.ReceivingWormholeNodeTest$OnEvent$OnNodeNormalTerminationEvent
[INFO] Running org.drasyl.cli.command.wormhole.ReceivingWormholeNodeTest$OnEvent$OnNodeUnrecoverableErrorEvent
[INFO] Tests run: 1, Failures: 0, Errors: 0, Skipped: 0, Time elapsed: 0.045 s - in org.drasyl.cli.command.perf.PerfTestSenderTest$Run
[INFO] Tests run: 0, Failures: 0, Errors: 0, Skipped: 0, Time elapsed: 1.467 s - in org.drasyl.cli.command.perf.PerfTestSenderTest
[INFO] Tests run: 1, Failures: 0, Errors: 0, Skipped: 0, Time elapsed: 0.019 s - in org.drasyl.cli.command.perf.PerfServerNodeTest$OnEvent$OnNodeUpEvent
[INFO] Running org.drasyl.cli.command.perf.PerfServerNodeTest$OnEvent$OnNodeNormalTerminationEvent
[INFO] Tests run: 1, Failures: 0, Errors: 0, Skipped: 0, Time elapsed: 0.002 s - in org.drasyl.cli.command.perf.PerfServerNodeTest$OnEvent$OnNodeNormalTerminationEvent
[INFO] Running org.drasyl.cli.command.perf.PerfServerNodeTest$OnEvent$OnNodeUnrecoverableErrorEvent
[INFO] Tests run: 1, Failures: 0, Errors: 0, Skipped: 0, Time elapsed: 0.032 s - in org.drasyl.cli.command.wormhole.SendingWormholeNodeTest$OnEvent$OnNodeOnlineEvent$OnSetText
[INFO] Tests run: 0, Failures: 0, Errors: 0, Skipped: 0, Time elapsed: 0.1 s - in org.drasyl.cli.command.wormhole.SendingWormholeNodeTest$OnEvent$OnNodeOnlineEvent
[INFO] Running org.drasyl.cli.command.wormhole.SendingWormholeNodeTest$OnEvent$OnNodeNormalTerminationEvent
[INFO] Tests run: 1, Failures: 0, Errors: 0, Skipped: 0, Time elapsed: 0.002 s - in org.drasyl.cli.command.perf.PerfServerNodeTest$OnEvent$OnNodeUnrecoverableErrorEvent
[INFO] Tests run: 0, Failures: 0, Errors: 0, Skipped: 0, Time elapsed: 0.167 s - in org.drasyl.cli.command.perf.PerfServerNodeTest$OnEvent
[INFO] Tests run: 0, Failures: 0, Errors: 0, Skipped: 0, Time elapsed: 1.482 s - in org.drasyl.cli.command.perf.PerfServerNodeTest
[INFO] Tests run: 1, Failures: 0, Errors: 0, Skipped: 0, Time elapsed: 0.003 s - in org.drasyl.cli.command.wormhole.SendingWormholeNodeTest$OnEvent$OnNodeNormalTerminationEvent
[INFO] Running org.drasyl.cli.command.wormhole.SendingWormholeNodeTest$OnEvent$OnNodeUnrecoverableErrorEvent
[INFO] Tests run: 1, Failures: 0, Errors: 0, Skipped: 0, Time elapsed: 0.036 s - in org.drasyl.cli.command.wormhole.ReceivingWormholeNodeTest$OnEvent$OnNodeUnrecoverableErrorEvent
[INFO] Tests run: 0, Failures: 0, Errors: 0, Skipped: 0, Time elapsed: 0.159 s - in org.drasyl.cli.command.wormhole.ReceivingWormholeNodeTest$OnEvent
[INFO] Tests run: 0, Failures: 0, Errors: 0, Skipped: 0, Time elapsed: 1.499 s - in org.drasyl.cli.command.wormhole.ReceivingWormholeNodeTest
[INFO] Tests run: 1, Failures: 0, Errors: 0, Skipped: 0, Time elapsed: 0.016 s - in org.drasyl.cli.command.wormhole.SendingWormholeNodeTest$OnEvent$OnNodeUnrecoverableErrorEvent
[INFO] Tests run: 0, Failures: 0, Errors: 0, Skipped: 0, Time elapsed: 0.154 s - in org.drasyl.cli.command.wormhole.SendingWormholeNodeTest$OnEvent
[INFO] Tests run: 0, Failures: 0, Errors: 0, Skipped: 0, Time elapsed: 1.503 s - in org.drasyl.cli.command.wormhole.SendingWormholeNodeTest
[INFO] Tests run: 1, Failures: 0, Errors: 0, Skipped: 0, Time elapsed: 0.07 s - in org.drasyl.cli.command.perf.PerfClientNodeTest$OnEvent$OnNodeOnlineEvent$WhenSessionRequestTimeout
[INFO] Running org.drasyl.cli.command.perf.PerfClientNodeTest$OnEvent$OnNodeOnlineEvent$WhenSessionHasBeenRejected
[INFO] Tests run: 1, Failures: 0, Errors: 0, Skipped: 0, Time elapsed: 0.008 s - in org.drasyl.cli.command.perf.PerfClientNodeTest$OnEvent$OnNodeOnlineEvent$WhenSessionHasBeenRejected
[INFO] Running org.drasyl.cli.command.perf.PerfClientNodeTest$OnEvent$OnNodeOnlineEvent$WhenSessionHasBeenConfirmed
[INFO] Tests run: 1, Failures: 0, Errors: 0, Skipped: 0, Time elapsed: 0.015 s - in org.drasyl.cli.command.perf.PerfClientNodeTest$OnEvent$OnNodeOnlineEvent$WhenSessionHasBeenConfirmed
[INFO] Running org.drasyl.cli.command.perf.PerfClientNodeTest$OnEvent$OnNodeOnlineEvent$WhenServerIsNotKnown
[INFO] Running org.drasyl.cli.command.perf.PerfClientNodeTest$OnEvent$OnNodeOnlineEvent$WhenServerIsNotKnown$OnSetServer
[INFO] Tests run: 2, Failures: 0, Errors: 0, Skipped: 0, Time elapsed: 0.004 s - in org.drasyl.cli.command.perf.PerfClientNodeTest$OnEvent$OnNodeOnlineEvent$WhenServerIsNotKnown$OnSetServer
[INFO] Tests run: 0, Failures: 0, Errors: 0, Skipped: 0, Time elapsed: 0.007 s - in org.drasyl.cli.command.perf.PerfClientNodeTest$OnEvent$OnNodeOnlineEvent$WhenServerIsNotKnown
[INFO] Running org.drasyl.cli.command.perf.PerfClientNodeTest$OnEvent$OnNodeOnlineEvent$WhenServerIsKnown
[INFO] Running org.drasyl.cli.command.perf.PerfClientNodeTest$OnEvent$OnNodeOnlineEvent$WhenServerIsKnown$WhenDirectConnectionIsRequired
[INFO] Tests run: 2, Failures: 0, Errors: 0, Skipped: 0, Time elapsed: 0.008 s - in org.drasyl.cli.command.perf.PerfClientNodeTest$OnEvent$OnNodeOnlineEvent$WhenServerIsKnown$WhenDirectConnectionIsRequired
[INFO] Running org.drasyl.cli.command.perf.PerfClientNodeTest$OnEvent$OnNodeOnlineEvent$WhenServerIsKnown$WhenDirectConnectionIsNotRequired
[INFO] Tests run: 1, Failures: 0, Errors: 0, Skipped: 0, Time elapsed: 0.002 s - in org.drasyl.cli.command.perf.PerfClientNodeTest$OnEvent$OnNodeOnlineEvent$WhenServerIsKnown$WhenDirectConnectionIsNotRequired
[INFO] Tests run: 0, Failures: 0, Errors: 0, Skipped: 0, Time elapsed: 0.013 s - in org.drasyl.cli.command.perf.PerfClientNodeTest$OnEvent$OnNodeOnlineEvent$WhenServerIsKnown
[INFO] Tests run: 0, Failures: 0, Errors: 0, Skipped: 0, Time elapsed: 0.119 s - in org.drasyl.cli.command.perf.PerfClientNodeTest$OnEvent$OnNodeOnlineEvent
[INFO] Running org.drasyl.cli.command.perf.PerfClientNodeTest$OnEvent$OnNodeUpEvent
[INFO] Tests run: 1, Failures: 0, Errors: 0, Skipped: 0, Time elapsed: 0.002 s - in org.drasyl.cli.command.perf.PerfClientNodeTest$OnEvent$OnNodeUpEvent
[INFO] Running org.drasyl.cli.command.perf.PerfClientNodeTest$OnEvent$OnNodeNormalTerminationEvent
[INFO] Tests run: 1, Failures: 0, Errors: 0, Skipped: 0, Time elapsed: 0.001 s - in org.drasyl.cli.command.perf.PerfClientNodeTest$OnEvent$OnNodeNormalTerminationEvent
[INFO] Running org.drasyl.cli.command.perf.PerfClientNodeTest$OnEvent$OnNodeUnrecoverableErrorEvent
[INFO] Tests run: 1, Failures: 0, Errors: 0, Skipped: 0, Time elapsed: 0.003 s - in org.drasyl.cli.command.perf.PerfClientNodeTest$OnEvent$OnNodeUnrecoverableErrorEvent
[INFO] Tests run: 0, Failures: 0, Errors: 0, Skipped: 0, Time elapsed: 0.171 s - in org.drasyl.cli.command.perf.PerfClientNodeTest$OnEvent
[INFO] Tests run: 0, Failures: 0, Errors: 0, Skipped: 0, Time elapsed: 1.567 s - in org.drasyl.cli.command.perf.PerfClientNodeTest
[INFO] 
[INFO] Results:
[INFO] 
[INFO] Tests run: 86, Failures: 0, Errors: 0, Skipped: 0
[INFO] 
[INFO] 
[INFO] ---------------------< org.drasyl:drasyl-examples >---------------------
[INFO] Building drasyl: General-Purpose Overlay Network Framework - Examples Package 0.6.0-SNAPSHOT [6/9]
[INFO] --------------------------------[ jar ]---------------------------------
[INFO] 
[INFO] --- maven-clean-plugin:2.5:clean (default-clean) @ drasyl-examples ---
[INFO] Deleting /home/gabsko/breaking-updates/drasyl-examples/target
[INFO] 
[INFO] --- jacoco-maven-plugin:0.8.7:prepare-agent (default) @ drasyl-examples ---
[INFO] surefireArgLine set to -javaagent:/home/gabsko/.m2/repository/org/jacoco/org.jacoco.agent/0.8.7/org.jacoco.agent-0.8.7-runtime.jar=destfile=/home/gabsko/breaking-updates/drasyl-examples/target/jacoco.exec
[INFO] 
[INFO] --- maven-resources-plugin:2.6:resources (default-resources) @ drasyl-examples ---
[INFO] Using 'UTF-8' encoding to copy filtered resources.
[INFO] Copying 1 resource
[INFO] 
[INFO] --- maven-compiler-plugin:3.8.1:compile (default-compile) @ drasyl-examples ---
[INFO] Changes detected - recompiling the module!
[INFO] Compiling 17 source files to /home/gabsko/breaking-updates/drasyl-examples/target/classes
[INFO] 
[INFO] --- maven-resources-plugin:2.6:testResources (default-testResources) @ drasyl-examples ---
[INFO] Using 'UTF-8' encoding to copy filtered resources.
[INFO] skip non existing resourceDirectory /home/gabsko/breaking-updates/drasyl-examples/src/test/resources
[INFO] 
[INFO] --- maven-compiler-plugin:3.8.1:testCompile (default-testCompile) @ drasyl-examples ---
[INFO] No sources to compile
[INFO] 
[INFO] --- maven-surefire-plugin:3.0.0-M5:test (default-test) @ drasyl-examples ---
[INFO] No tests to run.
[INFO] 
[INFO] ----------------< org.drasyl:drasyl-integration-tests >-----------------
[INFO] Building drasyl: General-Purpose Overlay Network Framework - Integration Tests Package 0.6.0-SNAPSHOT [7/9]
[INFO] --------------------------------[ jar ]---------------------------------
[INFO] 
[INFO] --- maven-clean-plugin:2.5:clean (default-clean) @ drasyl-integration-tests ---
[INFO] Deleting /home/gabsko/breaking-updates/drasyl-integration-tests/target
[INFO] 
[INFO] --- jacoco-maven-plugin:0.8.7:prepare-agent (default) @ drasyl-integration-tests ---
[INFO] surefireArgLine set to -javaagent:/home/gabsko/.m2/repository/org/jacoco/org.jacoco.agent/0.8.7/org.jacoco.agent-0.8.7-runtime.jar=destfile=/home/gabsko/breaking-updates/drasyl-integration-tests/target/jacoco.exec
[INFO] 
[INFO] --- maven-resources-plugin:2.6:resources (default-resources) @ drasyl-integration-tests ---
[INFO] Using 'UTF-8' encoding to copy filtered resources.
[INFO] skip non existing resourceDirectory /home/gabsko/breaking-updates/drasyl-integration-tests/src/main/resources
[INFO] 
[INFO] --- maven-compiler-plugin:3.8.1:compile (default-compile) @ drasyl-integration-tests ---
[INFO] No sources to compile
[INFO] 
[INFO] --- maven-resources-plugin:2.6:testResources (default-testResources) @ drasyl-integration-tests ---
[INFO] Using 'UTF-8' encoding to copy filtered resources.
[INFO] Copying 2 resources
[INFO] 
[INFO] --- maven-compiler-plugin:3.8.1:testCompile (default-testCompile) @ drasyl-integration-tests ---
[INFO] Changes detected - recompiling the module!
[INFO] Compiling 7 source files to /home/gabsko/breaking-updates/drasyl-integration-tests/target/test-classes
[INFO] 
[INFO] --- maven-surefire-plugin:3.0.0-M5:test (default-test) @ drasyl-integration-tests ---
[INFO] 
[INFO] ----------------< org.drasyl:drasyl-performance-tests >-----------------
[INFO] Building drasyl: General-Purpose Overlay Network Framework - Performance Tests Package 0.6.0-SNAPSHOT [8/9]
[INFO] --------------------------------[ jar ]---------------------------------
[INFO] 
[INFO] --- maven-clean-plugin:2.5:clean (default-clean) @ drasyl-performance-tests ---
[INFO] Deleting /home/gabsko/breaking-updates/drasyl-performance-tests/target
[INFO] 
[INFO] --- jacoco-maven-plugin:0.8.7:prepare-agent (default) @ drasyl-performance-tests ---
[INFO] surefireArgLine set to -javaagent:/home/gabsko/.m2/repository/org/jacoco/org.jacoco.agent/0.8.7/org.jacoco.agent-0.8.7-runtime.jar=destfile=/home/gabsko/breaking-updates/drasyl-performance-tests/target/jacoco.exec
[INFO] 
[INFO] --- maven-resources-plugin:2.6:resources (default-resources) @ drasyl-performance-tests ---
[INFO] Using 'UTF-8' encoding to copy filtered resources.
[INFO] skip non existing resourceDirectory /home/gabsko/breaking-updates/drasyl-performance-tests/src/main/resources
[INFO] 
[INFO] --- maven-compiler-plugin:3.8.1:compile (default-compile) @ drasyl-performance-tests ---
[INFO] Changes detected - recompiling the module!
[INFO] Compiling 2 source files to /home/gabsko/breaking-updates/drasyl-performance-tests/target/classes
[INFO] 
[INFO] --- maven-resources-plugin:2.6:testResources (default-testResources) @ drasyl-performance-tests ---
[INFO] Using 'UTF-8' encoding to copy filtered resources.
[INFO] Copying 1 resource
[INFO] 
[INFO] --- maven-compiler-plugin:3.8.1:testCompile (default-testCompile) @ drasyl-performance-tests ---
[INFO] Changes detected - recompiling the module!
[INFO] Compiling 25 source files to /home/gabsko/breaking-updates/drasyl-performance-tests/target/test-classes
[INFO] /home/gabsko/breaking-updates/drasyl-performance-tests/src/test/java/org/drasyl/crypto/KeyGenBenchmark.java: /home/gabsko/breaking-updates/drasyl-performance-tests/src/test/java/org/drasyl/crypto/KeyGenBenchmark.java uses unchecked or unsafe operations.
[INFO] /home/gabsko/breaking-updates/drasyl-performance-tests/src/test/java/org/drasyl/crypto/KeyGenBenchmark.java: Recompile with -Xlint:unchecked for details.
[INFO] 
[INFO] --- maven-surefire-plugin:3.0.0-M4:test (default-test) @ drasyl-performance-tests ---
[INFO] Tests are skipped.
[INFO] 
[INFO] -----------------------< org.drasyl:drasyl-all >------------------------
[INFO] Building drasyl: General-Purpose Overlay Network Framework - All-in-One Package 0.6.0-SNAPSHOT [9/9]
[INFO] --------------------------------[ jar ]---------------------------------
[INFO] 
[INFO] --- maven-clean-plugin:2.5:clean (default-clean) @ drasyl-all ---
[INFO] 
[INFO] --- jacoco-maven-plugin:0.8.7:prepare-agent (default) @ drasyl-all ---
[INFO] surefireArgLine set to -javaagent:/home/gabsko/.m2/repository/org/jacoco/org.jacoco.agent/0.8.7/org.jacoco.agent-0.8.7-runtime.jar=destfile=/home/gabsko/breaking-updates/drasyl-all/target/jacoco.exec,excludes=org/drasyl/remote/protocol/Protocol*
[INFO] 
[INFO] --- maven-resources-plugin:2.6:resources (default-resources) @ drasyl-all ---
[INFO] Using 'UTF-8' encoding to copy filtered resources.
[INFO] skip non existing resourceDirectory /home/gabsko/breaking-updates/drasyl-all/src/main/resources
[INFO] 
[INFO] --- maven-compiler-plugin:3.8.1:compile (default-compile) @ drasyl-all ---
[INFO] No sources to compile
[INFO] 
[INFO] --- maven-resources-plugin:2.6:testResources (default-testResources) @ drasyl-all ---
[INFO] Using 'UTF-8' encoding to copy filtered resources.
[INFO] skip non existing resourceDirectory /home/gabsko/breaking-updates/drasyl-all/src/test/resources
[INFO] 
[INFO] --- maven-compiler-plugin:3.8.1:testCompile (default-testCompile) @ drasyl-all ---
[INFO] No sources to compile
[INFO] 
[INFO] --- maven-surefire-plugin:3.0.0-M5:test (default-test) @ drasyl-all ---
[INFO] No tests to run.
[INFO] ------------------------------------------------------------------------
[INFO] Reactor Summary for drasyl: General-Purpose Overlay Network Framework - Parent Package 0.6.0-SNAPSHOT:
[INFO] 
[INFO] drasyl: General-Purpose Overlay Network Framework - Parent Package SUCCESS [  0.281 s]
[INFO] drasyl: General-Purpose Overlay Network Framework - Core Package SUCCESS [ 20.523 s]
[INFO] drasyl: General-Purpose Overlay Network Framework - Groups Membership Client Plugin Package SUCCESS [  4.833 s]
[INFO] drasyl: General-Purpose Overlay Network Framework - Groups Membership Manager Plugin Package SUCCESS [  5.682 s]
[INFO] drasyl: General-Purpose Overlay Network Framework - CLI Package SUCCESS [  3.149 s]
[INFO] drasyl: General-Purpose Overlay Network Framework - Examples Package SUCCESS [  0.187 s]
[INFO] drasyl: General-Purpose Overlay Network Framework - Integration Tests Package SUCCESS [  0.233 s]
[INFO] drasyl: General-Purpose Overlay Network Framework - Performance Tests Package SUCCESS [  1.246 s]
[INFO] drasyl: General-Purpose Overlay Network Framework - All-in-One Package SUCCESS [  0.014 s]
[INFO] ------------------------------------------------------------------------
[INFO] BUILD SUCCESS
[INFO] ------------------------------------------------------------------------
[INFO] Total time:  36.251 s
[INFO] Finished at: 2023-02-08T19:13:11Z
[INFO] ------------------------------------------------------------------------
