[INFO] Scanning for projects...
[INFO] ------------------------------------------------------------------------
[INFO] Reactor Build Order:
[INFO] 
[INFO] Speedment                                                          [pom]
[INFO] Speedment - Common                                                 [pom]
[INFO] Speedment - Common - Invariant                                     [jar]
[INFO] Speedment - Common - Archtest                                      [jar]
[INFO] Speedment - Common - Function                                      [jar]
[INFO] Speedment - Common - JVM Version                                   [jar]
[INFO] Speedment - Common - JSON                                          [jar]
[INFO] Speedment - Common - Tuple                                         [jar]
[INFO] Speedment - Common - Logger                                        [jar]
[INFO] Speedment - Common - CodeGen                                       [jar]
[INFO] Speedment - Common - CodeGen XML                                   [jar]
[INFO] Speedment - Common - Injector                                      [jar]
[INFO] Speedment - Common - REST                                          [jar]
[INFO] Speedment - Common - MapStream                                     [jar]
[INFO] Speedment - Common - Combinatorics                                 [jar]
[INFO] Speedment - Common - SingletonStream                               [jar]
[INFO] Speedment - Common - All                                           [pom]
[INFO] Speedment - Common - Annotation                                    [jar]
[INFO] Speedment - Common - Benchmark                                     [jar]
[INFO] Speedment - Common - Collection                                    [jar]
[INFO] Speedment - Runtime                                                [pom]
[INFO] Speedment - Runtime - Welcome                                      [jar]
[INFO] Speedment - Runtime - Compute                                      [jar]
[INFO] Speedment - Runtime - Config                                       [jar]
[INFO] Speedment - Runtime - TypeMapper                                   [jar]
[INFO] Speedment - Runtime - Field                                        [jar]
[INFO] Speedment - Runtime - Core                                         [jar]
[INFO] Speedment - Runtime - Bulk                                         [jar]
[INFO] Speedment - Runtime - Join                                         [jar]
[INFO] Speedment - Test                                                   [pom]
[INFO] Speedment - Test - Connector                                       [jar]
[INFO] Speedment - Runtime - Connector                                    [pom]
[INFO] Speedment - Runtime - Connector - MySQL                            [jar]
[INFO] Speedment - Runtime - Connector - MariaDB                          [jar]
[INFO] Speedment - Runtime - Connector - Postgres                         [jar]
[INFO] Speedment - Runtime - Connector - SQLite                           [jar]
[INFO] Speedment - Runtime - Application                                  [jar]
[INFO] Speedment - Runtime - All                                          [pom]
[INFO] Speedment - Generator                                              [pom]
[INFO] Speedment - Generator - Translator                                 [jar]
[INFO] Speedment - Generator - Standard Translator                        [jar]
[INFO] Speedment - Generator - Core                                       [jar]
[INFO] Speedment - Generator - All                                        [pom]
[INFO] Speedment - Tool                                                   [pom]
[INFO] Speedment - Tool - Config                                          [jar]
[INFO] Speedment - Tool - Actions                                         [jar]
[INFO] Speedment - Tool - Property Editor                                 [jar]
[INFO] Speedment - Tool - Core                                            [jar]
[INFO] Speedment - Tool - All                                             [pom]
[INFO] Speedment - Build                                                  [pom]
[INFO] Speedment - Build - Runtime                                        [pom]
[INFO] Speedment - Build - Generator                                      [pom]
[INFO] Speedment - Build - Tool                                           [pom]
[INFO] Speedment - Plugins                                                [pom]
[INFO] Speedment - Plugins - Enum Generator                               [jar]
[INFO] Speedment - Build - Maven Plugin                          [maven-plugin]
[INFO] Speedment - Plugins - JSON Stream                                  [jar]
[INFO] 
[INFO] -------------------< com.speedment:speedment-parent >-------------------
[INFO] Building Speedment 3.2.11-SNAPSHOT                                [1/57]
[INFO] --------------------------------[ pom ]---------------------------------
[INFO] 
[INFO] --- maven-clean-plugin:3.2.0:clean (default-clean) @ speedment-parent ---
[INFO] 
[INFO] --- maven-enforcer-plugin:3.1.0:enforce (enforce-maven) @ speedment-parent ---
[INFO] 
[INFO] --- maven-enforcer-plugin:3.1.0:enforce (enforce) @ speedment-parent ---
[INFO] 
[INFO] --- jacoco-maven-plugin:0.8.8:prepare-agent (default) @ speedment-parent ---
[INFO] argLine set to -javaagent:/home/gabsko/.m2/repository/org/jacoco/org.jacoco.agent/0.8.8/org.jacoco.agent-0.8.8-runtime.jar=destfile=/home/gabsko/breaking-updates/target/jacoco.exec
[INFO] 
[INFO] --- maven-compiler-plugin:3.10.1:compile (default-compile) @ speedment-parent ---
[INFO] No sources to compile
[INFO] 
[INFO] --- maven-compiler-plugin:3.10.1:compile (module-compile) @ speedment-parent ---
[INFO] No sources to compile
[INFO] 
[INFO] --- maven-compiler-plugin:3.10.1:compile (module-testCompile) @ speedment-parent ---
[INFO] No sources to compile
[INFO] 
[INFO] -----------------< com.speedment.common:common-parent >-----------------
[INFO] Building Speedment - Common 3.2.11-SNAPSHOT                       [2/57]
[INFO] --------------------------------[ pom ]---------------------------------
[INFO] 
[INFO] --- maven-clean-plugin:3.2.0:clean (default-clean) @ common-parent ---
[INFO] 
[INFO] --- maven-enforcer-plugin:3.1.0:enforce (enforce-maven) @ common-parent ---
[INFO] 
[INFO] --- maven-enforcer-plugin:3.1.0:enforce (enforce) @ common-parent ---
[INFO] 
[INFO] --- jacoco-maven-plugin:0.8.8:prepare-agent (default) @ common-parent ---
[INFO] argLine set to -javaagent:/home/gabsko/.m2/repository/org/jacoco/org.jacoco.agent/0.8.8/org.jacoco.agent-0.8.8-runtime.jar=destfile=/home/gabsko/breaking-updates/common-parent/target/jacoco.exec
[INFO] 
[INFO] --- maven-compiler-plugin:3.10.1:compile (default-compile) @ common-parent ---
[INFO] No sources to compile
[INFO] 
[INFO] --- maven-compiler-plugin:3.10.1:compile (module-compile) @ common-parent ---
[INFO] No sources to compile
[INFO] 
[INFO] --- maven-compiler-plugin:3.10.1:compile (module-testCompile) @ common-parent ---
[INFO] No sources to compile
[INFO] 
[INFO] -------------------< com.speedment.common:invariant >-------------------
[INFO] Building Speedment - Common - Invariant 3.2.11-SNAPSHOT           [3/57]
[INFO] --------------------------------[ jar ]---------------------------------
[INFO] 
[INFO] --- maven-clean-plugin:3.2.0:clean (default-clean) @ invariant ---
[INFO] Deleting /home/gabsko/breaking-updates/common-parent/invariant/target
[INFO] 
[INFO] --- maven-enforcer-plugin:3.1.0:enforce (enforce-maven) @ invariant ---
[INFO] 
[INFO] --- maven-enforcer-plugin:3.1.0:enforce (enforce) @ invariant ---
[INFO] 
[INFO] --- jacoco-maven-plugin:0.8.8:prepare-agent (default) @ invariant ---
[INFO] argLine set to -javaagent:/home/gabsko/.m2/repository/org/jacoco/org.jacoco.agent/0.8.8/org.jacoco.agent-0.8.8-runtime.jar=destfile=/home/gabsko/breaking-updates/common-parent/invariant/target/jacoco.exec
[INFO] 
[INFO] --- maven-resources-plugin:3.2.0:resources (default-resources) @ invariant ---
[INFO] Using 'UTF-8' encoding to copy filtered resources.
[INFO] Using 'UTF-8' encoding to copy filtered properties files.
[INFO] skip non existing resourceDirectory /home/gabsko/breaking-updates/common-parent/invariant/src/main/resources
[INFO] 
[INFO] --- maven-compiler-plugin:3.10.1:compile (default-compile) @ invariant ---
[INFO] Changes detected - recompiling the module!
[INFO] Compiling 5 source files to /home/gabsko/breaking-updates/common-parent/invariant/target/classes
[WARNING] Unable to autodetect 'javac' path, using 'javac' from the environment.
[INFO] 
[INFO] --- maven-compiler-plugin:3.10.1:compile (module-compile) @ invariant ---
[INFO] Changes detected - recompiling the module!
[INFO] Compiling 1 source file to /home/gabsko/breaking-updates/common-parent/invariant/target/classes/META-INF/versions/9
[WARNING] Unable to autodetect 'javac' path, using 'javac' from the environment.
[INFO] 
[INFO] --- maven-compiler-plugin:3.10.1:compile (module-testCompile) @ invariant ---
[INFO] Changes detected - recompiling the module!
[INFO] Compiling 1 source file to /home/gabsko/breaking-updates/common-parent/invariant/target/classes
[WARNING] Unable to autodetect 'javac' path, using 'javac' from the environment.
[INFO] 
[INFO] --- maven-resources-plugin:3.2.0:testResources (default-testResources) @ invariant ---
[INFO] Using 'UTF-8' encoding to copy filtered resources.
[INFO] Using 'UTF-8' encoding to copy filtered properties files.
[INFO] Copying 1 resource
[INFO] 
[INFO] --- maven-compiler-plugin:3.10.1:testCompile (default-testCompile) @ invariant ---
[INFO] Changes detected - recompiling the module!
[INFO] Compiling 5 source files to /home/gabsko/breaking-updates/common-parent/invariant/target/test-classes
[WARNING] Unable to autodetect 'javac' path, using 'javac' from the environment.
[WARNING] [options] bootstrap class path not set in conjunction with -source 8
[INFO] 
[INFO] --- maven-surefire-plugin:2.22.2:test (default-test) @ invariant ---
[INFO] 
[INFO] -------------------------------------------------------
[INFO]  T E S T S
[INFO] -------------------------------------------------------
Feb 12, 2023 1:01:53 AM org.junit.platform.launcher.core.LauncherConfigurationParameters fromClasspathResource
WARNING: Discovered 2 'junit-platform.properties' configuration files in the classpath; only the first will be used.
Feb 12, 2023 1:01:54 AM org.junit.platform.launcher.core.LauncherConfigurationParameters fromClasspathResource
WARNING: Discovered 2 'junit-platform.properties' configuration files in the classpath; only the first will be used.
Feb 12, 2023 1:01:54 AM org.junit.platform.launcher.core.LauncherConfigurationParameters fromClasspathResource
WARNING: Discovered 2 'junit-platform.properties' configuration files in the classpath; only the first will be used.
Feb 12, 2023 1:01:54 AM org.junit.platform.launcher.core.LauncherConfigurationParameters fromClasspathResource
WARNING: Discovered 2 'junit-platform.properties' configuration files in the classpath; only the first will be used.
Feb 12, 2023 1:01:54 AM org.junit.platform.launcher.core.LauncherConfigurationParameters fromClasspathResource
WARNING: Discovered 2 'junit-platform.properties' configuration files in the classpath; only the first will be used.
Feb 12, 2023 1:01:54 AM org.junit.platform.launcher.core.LauncherConfigurationParameters fromClasspathResource
WARNING: Discovered 2 'junit-platform.properties' configuration files in the classpath; only the first will be used.
[INFO] Running com.speedment.common.invariant.AtJpmsTest
[INFO] Running com.speedment.common.invariant.LongRangeUtilTest
[INFO] Running com.speedment.common.invariant.IntRangeUtilTest
[INFO] Tests run: 21, Failures: 0, Errors: 0, Skipped: 0, Time elapsed: 0.056 s - in com.speedment.common.invariant.AtJpmsTest
[INFO] Running com.speedment.common.invariant.NullUtilTest
[INFO] Tests run: 110, Failures: 0, Errors: 0, Skipped: 0, Time elapsed: 0.003 s - in com.speedment.common.invariant.IntRangeUtilTest
[INFO] Tests run: 3, Failures: 0, Errors: 0, Skipped: 0, Time elapsed: 0.011 s - in com.speedment.common.invariant.LongRangeUtilTest
[INFO] Tests run: 4, Failures: 0, Errors: 0, Skipped: 0, Time elapsed: 0.013 s - in com.speedment.common.invariant.NullUtilTest
[INFO] Running com.speedment.common.invariant.DoubleRangeUtilTest
[INFO] Tests run: 88, Failures: 0, Errors: 0, Skipped: 0, Time elapsed: 0.048 s - in com.speedment.common.invariant.DoubleRangeUtilTest
[INFO] 
[INFO] Results:
[INFO] 
[INFO] Tests run: 226, Failures: 0, Errors: 0, Skipped: 0
[INFO] 
[INFO] 
[INFO] -------------------< com.speedment.common:archtest >--------------------
[INFO] Building Speedment - Common - Archtest 3.2.11-SNAPSHOT            [4/57]
[INFO] --------------------------------[ jar ]---------------------------------
[INFO] 
[INFO] --- maven-clean-plugin:3.2.0:clean (default-clean) @ archtest ---
[INFO] Deleting /home/gabsko/breaking-updates/common-parent/archtest/target
[INFO] 
[INFO] --- maven-enforcer-plugin:3.1.0:enforce (enforce-maven) @ archtest ---
[INFO] 
[INFO] --- maven-enforcer-plugin:3.1.0:enforce (enforce) @ archtest ---
[INFO] 
[INFO] --- jacoco-maven-plugin:0.8.8:prepare-agent (default) @ archtest ---
[INFO] argLine set to -javaagent:/home/gabsko/.m2/repository/org/jacoco/org.jacoco.agent/0.8.8/org.jacoco.agent-0.8.8-runtime.jar=destfile=/home/gabsko/breaking-updates/common-parent/archtest/target/jacoco.exec
[INFO] 
[INFO] --- maven-resources-plugin:3.2.0:resources (default-resources) @ archtest ---
[INFO] Using 'UTF-8' encoding to copy filtered resources.
[INFO] Using 'UTF-8' encoding to copy filtered properties files.
[INFO] skip non existing resourceDirectory /home/gabsko/breaking-updates/common-parent/archtest/src/main/resources
[INFO] 
[INFO] --- maven-compiler-plugin:3.10.1:compile (default-compile) @ archtest ---
[INFO] Changes detected - recompiling the module!
[INFO] Compiling 5 source files to /home/gabsko/breaking-updates/common-parent/archtest/target/classes
[WARNING] Unable to autodetect 'javac' path, using 'javac' from the environment.
[INFO] 
[INFO] --- maven-compiler-plugin:3.10.1:compile (module-compile) @ archtest ---
[INFO] Changes detected - recompiling the module!
[INFO] Compiling 1 source file to /home/gabsko/breaking-updates/common-parent/archtest/target/classes/META-INF/versions/9
[WARNING] Unable to autodetect 'javac' path, using 'javac' from the environment.
[WARNING] /home/gabsko/breaking-updates/common-parent/archtest/src/main/java9/module-info.java:[20,35] requires transitive directive for an automatic module
[INFO] 
[INFO] --- maven-compiler-plugin:3.10.1:compile (module-testCompile) @ archtest ---
[INFO] Changes detected - recompiling the module!
[INFO] Compiling 1 source file to /home/gabsko/breaking-updates/common-parent/archtest/target/classes
[WARNING] Unable to autodetect 'javac' path, using 'javac' from the environment.
[WARNING] /home/gabsko/breaking-updates/common-parent/archtest/src/test/java9/module-info.java:[20,35] requires transitive directive for an automatic module
[INFO] 
[INFO] --- maven-resources-plugin:3.2.0:testResources (default-testResources) @ archtest ---
[INFO] Using 'UTF-8' encoding to copy filtered resources.
[INFO] Using 'UTF-8' encoding to copy filtered properties files.
[INFO] skip non existing resourceDirectory /home/gabsko/breaking-updates/common-parent/archtest/src/test/resources
[INFO] 
[INFO] --- maven-compiler-plugin:3.10.1:testCompile (default-testCompile) @ archtest ---
[INFO] Changes detected - recompiling the module!
[INFO] Compiling 5 source files to /home/gabsko/breaking-updates/common-parent/archtest/target/test-classes
[WARNING] Unable to autodetect 'javac' path, using 'javac' from the environment.
[WARNING] [options] bootstrap class path not set in conjunction with -source 8
[INFO] 
[INFO] --- maven-surefire-plugin:2.22.2:test (default-test) @ archtest ---
[INFO] 
[INFO] -------------------------------------------------------
[INFO]  T E S T S
[INFO] -------------------------------------------------------
SLF4J: Failed to load class "org.slf4j.impl.StaticLoggerBinder".
SLF4J: Defaulting to no-operation (NOP) logger implementation
SLF4J: See http://www.slf4j.org/codes.html#StaticLoggerBinder for further details.
[INFO] Running ArchitectureTest
[INFO] Tests run: 2, Failures: 0, Errors: 0, Skipped: 0, Time elapsed: 0.937 s - in ArchitectureTest
[INFO] Running UtilClassRuleUtilTest
[INFO] Tests run: 3, Failures: 0, Errors: 0, Skipped: 0, Time elapsed: 0.047 s - in UtilClassRuleUtilTest
[INFO] 
[INFO] Results:
[INFO] 
[INFO] Tests run: 5, Failures: 0, Errors: 0, Skipped: 0
[INFO] 
[INFO] 
[INFO] -------------------< com.speedment.common:function >--------------------
[INFO] Building Speedment - Common - Function 3.2.11-SNAPSHOT            [5/57]
[INFO] --------------------------------[ jar ]---------------------------------
[INFO] 
[INFO] --- maven-clean-plugin:3.2.0:clean (default-clean) @ function ---
[INFO] Deleting /home/gabsko/breaking-updates/common-parent/function/target
[INFO] 
[INFO] --- maven-enforcer-plugin:3.1.0:enforce (enforce-maven) @ function ---
[INFO] 
[INFO] --- maven-enforcer-plugin:3.1.0:enforce (enforce) @ function ---
[INFO] 
[INFO] --- jacoco-maven-plugin:0.8.8:prepare-agent (default) @ function ---
[INFO] argLine set to -javaagent:/home/gabsko/.m2/repository/org/jacoco/org.jacoco.agent/0.8.8/org.jacoco.agent-0.8.8-runtime.jar=destfile=/home/gabsko/breaking-updates/common-parent/function/target/jacoco.exec
[INFO] 
[INFO] --- maven-resources-plugin:3.2.0:resources (default-resources) @ function ---
[INFO] Using 'UTF-8' encoding to copy filtered resources.
[INFO] Using 'UTF-8' encoding to copy filtered properties files.
[INFO] skip non existing resourceDirectory /home/gabsko/breaking-updates/common-parent/function/src/main/resources
[INFO] 
[INFO] --- maven-compiler-plugin:3.10.1:compile (default-compile) @ function ---
[INFO] Changes detected - recompiling the module!
[INFO] Compiling 89 source files to /home/gabsko/breaking-updates/common-parent/function/target/classes
[WARNING] Unable to autodetect 'javac' path, using 'javac' from the environment.
[INFO] 
[INFO] --- maven-compiler-plugin:3.10.1:compile (module-compile) @ function ---
[INFO] Changes detected - recompiling the module!
[INFO] Compiling 1 source file to /home/gabsko/breaking-updates/common-parent/function/target/classes/META-INF/versions/9
[WARNING] Unable to autodetect 'javac' path, using 'javac' from the environment.
[INFO] 
[INFO] --- maven-compiler-plugin:3.10.1:compile (module-testCompile) @ function ---
[INFO] Changes detected - recompiling the module!
[INFO] Compiling 1 source file to /home/gabsko/breaking-updates/common-parent/function/target/classes
[WARNING] Unable to autodetect 'javac' path, using 'javac' from the environment.
[INFO] 
[INFO] --- maven-resources-plugin:3.2.0:testResources (default-testResources) @ function ---
[INFO] Using 'UTF-8' encoding to copy filtered resources.
[INFO] Using 'UTF-8' encoding to copy filtered properties files.
[INFO] skip non existing resourceDirectory /home/gabsko/breaking-updates/common-parent/function/src/test/resources
[INFO] 
[INFO] --- maven-compiler-plugin:3.10.1:testCompile (default-testCompile) @ function ---
[INFO] Changes detected - recompiling the module!
[INFO] Compiling 14 source files to /home/gabsko/breaking-updates/common-parent/function/target/test-classes
[WARNING] Unable to autodetect 'javac' path, using 'javac' from the environment.
[WARNING] [options] bootstrap class path not set in conjunction with -source 8
[INFO] 
[INFO] --- maven-surefire-plugin:2.22.2:test (default-test) @ function ---
[INFO] 
[INFO] -------------------------------------------------------
[INFO]  T E S T S
[INFO] -------------------------------------------------------
SLF4J: Failed to load class "org.slf4j.impl.StaticLoggerBinder".
SLF4J: Defaulting to no-operation (NOP) logger implementation
SLF4J: See http://www.slf4j.org/codes.html#StaticLoggerBinder for further details.
[INFO] Running ArchitectureTest
[ERROR] Tests run: 1, Failures: 1, Errors: 0, Skipped: 0, Time elapsed: 0.767 s <<< FAILURE! - in ArchitectureTest
[ERROR] all  Time elapsed: 0.765 s  <<< FAILURE!
java.lang.AssertionError: Rule 'methods that are declared in classes that have simple name ending with 'Util' should have modifier STATIC' failed to check any classes. This means either that no classes have been passed to the rule at all, or that no classes passed to the rule matched the `that()` clause. To allow rules being evaluated without checking any classes you can either use `ArchRule.allowEmptyShould(true)` on a single rule or set the configuration property `archRule.failOnEmptyShould = false` to change the behavior globally.
	at com.tngtech.archunit.lang.ArchRule$Factory$SimpleArchRule.verifyNoEmptyShouldIfEnabled(ArchRule.java:244)
	at com.tngtech.archunit.lang.ArchRule$Factory$SimpleArchRule.evaluate(ArchRule.java:231)
	at com.tngtech.archunit.lang.ArchRule$Assertions.check(ArchRule.java:93)
	at com.tngtech.archunit.lang.ArchRule$Factory$SimpleArchRule.check(ArchRule.java:215)
	at com.tngtech.archunit.lang.syntax.ObjectsShouldInternal.check(ObjectsShouldInternal.java:81)
	at com.speedment.common.archtest.internal.UtilClassRuleUtil.methodIsStatic(UtilClassRuleUtil.java:47)
	at com.speedment.common.archtest.ArchitectureRules.lambda$check$0(ArchitectureRules.java:31)
	at java.base/java.util.stream.SpinedBuffer$1Splitr.forEachRemaining(SpinedBuffer.java:364)
	at java.base/java.util.stream.ReferencePipeline$Head.forEach(ReferencePipeline.java:658)
	at com.speedment.common.archtest.ArchitectureRules.check(ArchitectureRules.java:31)
	at com.speedment.common.archtest.ArchitectureRules.check(ArchitectureRules.java:35)
	at com.speedment.common.function@3.2.11-SNAPSHOT/com.speedment.common.function.ArchitectureTest.all(ArchitectureTest.java:35)
	at java.base/jdk.internal.reflect.NativeMethodAccessorImpl.invoke0(Native Method)
	at java.base/jdk.internal.reflect.NativeMethodAccessorImpl.invoke(NativeMethodAccessorImpl.java:62)
	at java.base/jdk.internal.reflect.DelegatingMethodAccessorImpl.invoke(DelegatingMethodAccessorImpl.java:43)
	at java.base/java.lang.reflect.Method.invoke(Method.java:566)
	at com.tngtech.archunit.junit.ReflectionUtils.invoke(ReflectionUtils.java:118)
	at com.tngtech.archunit.junit.ReflectionUtils.invokeMethod(ReflectionUtils.java:110)
	at com.tngtech.archunit.junit.ArchUnitTestDescriptor$ArchUnitMethodDescriptor.execute(ArchUnitTestDescriptor.java:192)
	at com.tngtech.archunit.junit.ArchUnitTestDescriptor$ArchUnitMethodDescriptor.execute(ArchUnitTestDescriptor.java:164)
	at org.junit.platform.engine.support.hierarchical.NodeTestTask.lambda$executeRecursively$6(NodeTestTask.java:151)
	at org.junit.platform.engine.support.hierarchical.ThrowableCollector.execute(ThrowableCollector.java:73)
	at org.junit.platform.engine.support.hierarchical.NodeTestTask.lambda$executeRecursively$8(NodeTestTask.java:141)
	at org.junit.platform.engine.support.hierarchical.Node.around(Node.java:137)
	at org.junit.platform.engine.support.hierarchical.NodeTestTask.lambda$executeRecursively$9(NodeTestTask.java:139)
	at org.junit.platform.engine.support.hierarchical.ThrowableCollector.execute(ThrowableCollector.java:73)
	at org.junit.platform.engine.support.hierarchical.NodeTestTask.executeRecursively(NodeTestTask.java:138)
	at org.junit.platform.engine.support.hierarchical.NodeTestTask.execute(NodeTestTask.java:95)
	at java.base/java.util.ArrayList.forEach(ArrayList.java:1541)
	at org.junit.platform.engine.support.hierarchical.SameThreadHierarchicalTestExecutorService.invokeAll(SameThreadHierarchicalTestExecutorService.java:41)
	at org.junit.platform.engine.support.hierarchical.NodeTestTask.lambda$executeRecursively$6(NodeTestTask.java:155)
	at org.junit.platform.engine.support.hierarchical.ThrowableCollector.execute(ThrowableCollector.java:73)
	at org.junit.platform.engine.support.hierarchical.NodeTestTask.lambda$executeRecursively$8(NodeTestTask.java:141)
	at org.junit.platform.engine.support.hierarchical.Node.around(Node.java:137)
	at org.junit.platform.engine.support.hierarchical.NodeTestTask.lambda$executeRecursively$9(NodeTestTask.java:139)
	at org.junit.platform.engine.support.hierarchical.ThrowableCollector.execute(ThrowableCollector.java:73)
	at org.junit.platform.engine.support.hierarchical.NodeTestTask.executeRecursively(NodeTestTask.java:138)
	at org.junit.platform.engine.support.hierarchical.NodeTestTask.execute(NodeTestTask.java:95)
	at java.base/java.util.ArrayList.forEach(ArrayList.java:1541)
	at org.junit.platform.engine.support.hierarchical.SameThreadHierarchicalTestExecutorService.invokeAll(SameThreadHierarchicalTestExecutorService.java:41)
	at org.junit.platform.engine.support.hierarchical.NodeTestTask.lambda$executeRecursively$6(NodeTestTask.java:155)
	at org.junit.platform.engine.support.hierarchical.ThrowableCollector.execute(ThrowableCollector.java:73)
	at org.junit.platform.engine.support.hierarchical.NodeTestTask.lambda$executeRecursively$8(NodeTestTask.java:141)
	at org.junit.platform.engine.support.hierarchical.Node.around(Node.java:137)
	at org.junit.platform.engine.support.hierarchical.NodeTestTask.lambda$executeRecursively$9(NodeTestTask.java:139)
	at org.junit.platform.engine.support.hierarchical.ThrowableCollector.execute(ThrowableCollector.java:73)
	at org.junit.platform.engine.support.hierarchical.NodeTestTask.executeRecursively(NodeTestTask.java:138)
	at org.junit.platform.engine.support.hierarchical.NodeTestTask.execute(NodeTestTask.java:95)
	at org.junit.platform.engine.support.hierarchical.SameThreadHierarchicalTestExecutorService.submit(SameThreadHierarchicalTestExecutorService.java:35)
	at org.junit.platform.engine.support.hierarchical.HierarchicalTestExecutor.execute(HierarchicalTestExecutor.java:57)
	at org.junit.platform.engine.support.hierarchical.HierarchicalTestEngine.execute(HierarchicalTestEngine.java:54)
	at org.junit.platform.launcher.core.DefaultLauncher.execute(DefaultLauncher.java:220)
	at org.junit.platform.launcher.core.DefaultLauncher.lambda$execute$6(DefaultLauncher.java:188)
	at org.junit.platform.launcher.core.DefaultLauncher.withInterceptedStreams(DefaultLauncher.java:202)
	at org.junit.platform.launcher.core.DefaultLauncher.execute(DefaultLauncher.java:181)
	at org.junit.platform.launcher.core.DefaultLauncher.execute(DefaultLauncher.java:128)
	at org.apache.maven.surefire.junitplatform.JUnitPlatformProvider.invokeAllTests(JUnitPlatformProvider.java:150)
	at org.apache.maven.surefire.junitplatform.JUnitPlatformProvider.invoke(JUnitPlatformProvider.java:124)
	at org.apache.maven.surefire.booter.ForkedBooter.invokeProviderInSameClassLoader(ForkedBooter.java:384)
	at org.apache.maven.surefire.booter.ForkedBooter.runSuitesInProcess(ForkedBooter.java:345)
	at org.apache.maven.surefire.booter.ForkedBooter.execute(ForkedBooter.java:126)
	at org.apache.maven.surefire.booter.ForkedBooter.main(ForkedBooter.java:418)

[INFO] Running com.speedment.common.function.BooleanPredicateTest
[INFO] Tests run: 4, Failures: 0, Errors: 0, Skipped: 0, Time elapsed: 0.029 s - in com.speedment.common.function.BooleanPredicateTest
[INFO] Running com.speedment.common.function.BooleanUnaryOperatorTest
[INFO] Tests run: 3, Failures: 0, Errors: 0, Skipped: 0, Time elapsed: 0 s - in com.speedment.common.function.BooleanUnaryOperatorTest
[INFO] Running com.speedment.common.function.OptionalBooleanTest
[INFO] Tests run: 9, Failures: 0, Errors: 0, Skipped: 0, Time elapsed: 0.01 s - in com.speedment.common.function.OptionalBooleanTest
[INFO] Running com.speedment.common.function.LongBiConsumerTest
[INFO] Tests run: 2, Failures: 0, Errors: 0, Skipped: 0, Time elapsed: 0.001 s - in com.speedment.common.function.LongBiConsumerTest
[INFO] Running com.speedment.common.function.ByteUnaryOperatorTest
[INFO] Tests run: 3, Failures: 0, Errors: 0, Skipped: 0, Time elapsed: 0 s - in com.speedment.common.function.ByteUnaryOperatorTest
[INFO] Running com.speedment.common.function.FunctionTest
[INFO] Tests run: 21, Failures: 0, Errors: 0, Skipped: 0, Time elapsed: 0.017 s - in com.speedment.common.function.FunctionTest
[INFO] Running com.speedment.common.function.TriFunctionTest
[INFO] Tests run: 1, Failures: 0, Errors: 0, Skipped: 0, Time elapsed: 0 s - in com.speedment.common.function.TriFunctionTest
[INFO] Running com.speedment.common.function.FloatUnaryOperatorTest
[INFO] Tests run: 3, Failures: 0, Errors: 0, Skipped: 0, Time elapsed: 0.002 s - in com.speedment.common.function.FloatUnaryOperatorTest
[INFO] Running com.speedment.common.function.AtJpmsTest
[INFO] Tests run: 1, Failures: 0, Errors: 0, Skipped: 0, Time elapsed: 0 s - in com.speedment.common.function.AtJpmsTest
[INFO] Running com.speedment.common.function.ToBooleanFunctionTest
[INFO] Tests run: 2, Failures: 0, Errors: 0, Skipped: 0, Time elapsed: 0 s - in com.speedment.common.function.ToBooleanFunctionTest
[INFO] Running com.speedment.common.function.CharUnaryOperatorTest
[INFO] Tests run: 3, Failures: 0, Errors: 0, Skipped: 0, Time elapsed: 0.001 s - in com.speedment.common.function.CharUnaryOperatorTest
[INFO] Running com.speedment.common.function.internal.collector.LongCollectorImplTest
[INFO] Tests run: 7, Failures: 0, Errors: 0, Skipped: 0, Time elapsed: 0.006 s - in com.speedment.common.function.internal.collector.LongCollectorImplTest
[INFO] Running com.speedment.common.function.ShortUnaryOperatorTest
[INFO] Tests run: 3, Failures: 0, Errors: 0, Skipped: 0, Time elapsed: 0.001 s - in com.speedment.common.function.ShortUnaryOperatorTest
[INFO] 
[INFO] Results:
[INFO] 
[ERROR] Failures: 
[ERROR]   ArchitectureTest.all:35 Rule 'methods that are declared in classes that have simple name ending with 'Util' should have modifier STATIC' failed to check any classes. This means either that no classes have been passed to the rule at all, or that no classes passed to the rule matched the `that()` clause. To allow rules being evaluated without checking any classes you can either use `ArchRule.allowEmptyShould(true)` on a single rule or set the configuration property `archRule.failOnEmptyShould = false` to change the behavior globally.
[INFO] 
[ERROR] Tests run: 63, Failures: 1, Errors: 0, Skipped: 0
[INFO] 
[INFO] ------------------------------------------------------------------------
[INFO] Reactor Summary for Speedment 3.2.11-SNAPSHOT:
[INFO] 
[INFO] Speedment .......................................... SUCCESS [  0.357 s]
[INFO] Speedment - Common ................................. SUCCESS [  0.020 s]
[INFO] Speedment - Common - Invariant ..................... SUCCESS [  4.279 s]
[INFO] Speedment - Common - Archtest ...................... SUCCESS [  4.462 s]
[INFO] Speedment - Common - Function ...................... FAILURE [  4.709 s]
[INFO] Speedment - Common - JVM Version ................... SKIPPED
[INFO] Speedment - Common - JSON .......................... SKIPPED
[INFO] Speedment - Common - Tuple ......................... SKIPPED
[INFO] Speedment - Common - Logger ........................ SKIPPED
[INFO] Speedment - Common - CodeGen ....................... SKIPPED
[INFO] Speedment - Common - CodeGen XML ................... SKIPPED
[INFO] Speedment - Common - Injector ...................... SKIPPED
[INFO] Speedment - Common - REST .......................... SKIPPED
[INFO] Speedment - Common - MapStream ..................... SKIPPED
[INFO] Speedment - Common - Combinatorics ................. SKIPPED
[INFO] Speedment - Common - SingletonStream ............... SKIPPED
[INFO] Speedment - Common - All ........................... SKIPPED
[INFO] Speedment - Common - Annotation .................... SKIPPED
[INFO] Speedment - Common - Benchmark ..................... SKIPPED
[INFO] Speedment - Common - Collection .................... SKIPPED
[INFO] Speedment - Runtime ................................ SKIPPED
[INFO] Speedment - Runtime - Welcome ...................... SKIPPED
[INFO] Speedment - Runtime - Compute ...................... SKIPPED
[INFO] Speedment - Runtime - Config ....................... SKIPPED
[INFO] Speedment - Runtime - TypeMapper ................... SKIPPED
[INFO] Speedment - Runtime - Field ........................ SKIPPED
[INFO] Speedment - Runtime - Core ......................... SKIPPED
[INFO] Speedment - Runtime - Bulk ......................... SKIPPED
[INFO] Speedment - Runtime - Join ......................... SKIPPED
[INFO] Speedment - Test ................................... SKIPPED
[INFO] Speedment - Test - Connector ....................... SKIPPED
[INFO] Speedment - Runtime - Connector .................... SKIPPED
[INFO] Speedment - Runtime - Connector - MySQL ............ SKIPPED
[INFO] Speedment - Runtime - Connector - MariaDB .......... SKIPPED
[INFO] Speedment - Runtime - Connector - Postgres ......... SKIPPED
[INFO] Speedment - Runtime - Connector - SQLite ........... SKIPPED
[INFO] Speedment - Runtime - Application .................. SKIPPED
[INFO] Speedment - Runtime - All .......................... SKIPPED
[INFO] Speedment - Generator .............................. SKIPPED
[INFO] Speedment - Generator - Translator ................. SKIPPED
[INFO] Speedment - Generator - Standard Translator ........ SKIPPED
[INFO] Speedment - Generator - Core ....................... SKIPPED
[INFO] Speedment - Generator - All ........................ SKIPPED
[INFO] Speedment - Tool ................................... SKIPPED
[INFO] Speedment - Tool - Config .......................... SKIPPED
[INFO] Speedment - Tool - Actions ......................... SKIPPED
[INFO] Speedment - Tool - Property Editor ................. SKIPPED
[INFO] Speedment - Tool - Core ............................ SKIPPED
[INFO] Speedment - Tool - All ............................. SKIPPED
[INFO] Speedment - Build .................................. SKIPPED
[INFO] Speedment - Build - Runtime ........................ SKIPPED
[INFO] Speedment - Build - Generator ...................... SKIPPED
[INFO] Speedment - Build - Tool ........................... SKIPPED
[INFO] Speedment - Plugins ................................ SKIPPED
[INFO] Speedment - Plugins - Enum Generator ............... SKIPPED
[INFO] Speedment - Build - Maven Plugin ................... SKIPPED
[INFO] Speedment - Plugins - JSON Stream .................. SKIPPED
[INFO] ------------------------------------------------------------------------
[INFO] BUILD FAILURE
[INFO] ------------------------------------------------------------------------
[INFO] Total time:  14.085 s
[INFO] Finished at: 2023-02-12T01:02:03Z
[INFO] ------------------------------------------------------------------------
[ERROR] Failed to execute goal org.apache.maven.plugins:maven-surefire-plugin:2.22.2:test (default-test) on project function: There are test failures.
[ERROR] 
[ERROR] Please refer to /home/gabsko/breaking-updates/common-parent/function/target/surefire-reports for the individual test results.
[ERROR] Please refer to dump files (if any exist) [date].dump, [date]-jvmRun[N].dump and [date].dumpstream.
[ERROR] -> [Help 1]
[ERROR] 
[ERROR] To see the full stack trace of the errors, re-run Maven with the -e switch.
[ERROR] Re-run Maven using the -X switch to enable full debug logging.
[ERROR] 
[ERROR] For more information about the errors and possible solutions, please read the following articles:
[ERROR] [Help 1] http://cwiki.apache.org/confluence/display/MAVEN/MojoFailureException
[ERROR] 
[ERROR] After correcting the problems, you can resume the build with the command
[ERROR]   mvn <args> -rf :function
