[INFO] Scanning for projects...
[WARNING] 
[WARNING] Some problems were encountered while building the effective model for com.accenture.testing.bdd:bdd-for-all:jar:2.0.2-RC3
[WARNING] 'build.plugins.plugin.version' for org.apache.maven.plugins:maven-surefire-plugin is missing. @ line 393, column 15
[WARNING] 
[WARNING] It is highly recommended to fix these problems because they threaten the stability of your build.
[WARNING] 
[WARNING] For this reason, future Maven versions might no longer support building such malformed projects.
[WARNING] 
[INFO] Inspecting build with total of 1 modules...
[INFO] Installing Nexus Staging features:
[INFO]   ... total of 1 executions of maven-deploy-plugin replaced with nexus-staging-maven-plugin
[INFO] 
[INFO] ---------------< com.accenture.testing.bdd:bdd-for-all >----------------
[INFO] Building BDD For All 2.0.2-RC3
[INFO] --------------------------------[ jar ]---------------------------------
[INFO] 
[INFO] --- maven-clean-plugin:2.5:clean (default-clean) @ bdd-for-all ---
[INFO] Deleting /home/gabsko/breaking-updates/target
[INFO] 
[INFO] --- maven-enforcer-plugin:3.0.0-M3:enforce (enforce) @ bdd-for-all ---
[INFO] 
[INFO] --- maven-checkstyle-plugin:3.1.2:check (checkstyle-validate) @ bdd-for-all ---
[WARNING] Old version of checkstyle detected. Consider updating to >= v8.30
[WARNING] For more information see: https://maven.apache.org/plugins/maven-checkstyle-plugin/examples/upgrading-checkstyle.html
[INFO] Starting audit...
[WARN] /home/gabsko/breaking-updates/src/main/java/com/accenture/testing/bdd/cucumber/BDDEventListener.java:16: First sentence of Javadoc is missing an ending period. [SummaryJavadoc]
[WARN] /home/gabsko/breaking-updates/src/main/java/com/accenture/testing/bdd/cucumber/BDDEventListener.java:32: First sentence of Javadoc is missing an ending period. [SummaryJavadoc]
[WARN] /home/gabsko/breaking-updates/src/main/java/com/accenture/testing/bdd/cucumber/BDDEventListener.java:42: First sentence of Javadoc is missing an ending period. [SummaryJavadoc]
[WARN] /home/gabsko/breaking-updates/src/main/java/com/accenture/testing/bdd/cucumber/BDDEventListener.java:54: First sentence of Javadoc is missing an ending period. [SummaryJavadoc]
[WARN] /home/gabsko/breaking-updates/src/main/java/com/accenture/testing/bdd/cucumber/BDDEventListener.java:77: 'implements' has incorrect indentation level 4, expected level should be 6. [Indentation]
[WARN] /home/gabsko/breaking-updates/src/main/java/com/accenture/testing/bdd/config/ConfigLoader.java:30: First sentence of Javadoc is missing an ending period. [SummaryJavadoc]
[WARN] /home/gabsko/breaking-updates/src/main/java/com/accenture/testing/bdd/config/ConfigLoader.java:38: First sentence of Javadoc is missing an ending period. [SummaryJavadoc]
[WARN] /home/gabsko/breaking-updates/src/main/java/com/accenture/testing/bdd/config/ConfigLoader.java:43: First sentence of Javadoc is missing an ending period. [SummaryJavadoc]
[WARN] /home/gabsko/breaking-updates/src/main/java/com/accenture/testing/bdd/config/ConfigLoader.java:53: First sentence of Javadoc is missing an ending period. [SummaryJavadoc]
[WARN] /home/gabsko/breaking-updates/src/main/java/com/accenture/testing/bdd/config/ConfigLoader.java:62: First sentence of Javadoc is missing an ending period. [SummaryJavadoc]
[WARN] /home/gabsko/breaking-updates/src/main/java/com/accenture/testing/bdd/config/ConfigLoader.java:72: First sentence of Javadoc is missing an ending period. [SummaryJavadoc]
[WARN] /home/gabsko/breaking-updates/src/main/java/com/accenture/testing/bdd/config/ConfigLoader.java:98: 'if' construct must use '{}'s. [NeedBraces]
[WARN] /home/gabsko/breaking-updates/src/main/java/com/accenture/testing/bdd/config/ConfigLoader.java:107: Block comment has incorrect indentation level 2, expected is 3, indentation should be the same level as line 112. [CommentsIndentation]
[WARN] /home/gabsko/breaking-updates/src/main/java/com/accenture/testing/bdd/config/ConfigLoader.java:107: First sentence of Javadoc is missing an ending period. [SummaryJavadoc]
[WARN] /home/gabsko/breaking-updates/src/main/java/com/accenture/testing/bdd/config/ConfigLoader.java:112: 'method def modifier' has incorrect indentation level 3, expected level should be 2. [Indentation]
[WARN] /home/gabsko/breaking-updates/src/main/java/com/accenture/testing/bdd/config/ConfigLoader.java:133:18: Local variable name 'fPath' must match pattern '^[a-z]([a-z0-9][a-zA-Z0-9]*)?$'. [LocalVariableName]
[WARN] /home/gabsko/breaking-updates/src/main/java/com/accenture/testing/bdd/config/ConfigLoader.java:140: First sentence of Javadoc is missing an ending period. [SummaryJavadoc]
[WARN] /home/gabsko/breaking-updates/src/main/java/com/accenture/testing/bdd/config/ConfigLoader.java:160: First sentence of Javadoc is missing an ending period. [SummaryJavadoc]
[WARN] /home/gabsko/breaking-updates/src/main/java/com/accenture/testing/bdd/config/ConfigLoader.java:168: First sentence of Javadoc is missing an ending period. [SummaryJavadoc]
[WARN] /home/gabsko/breaking-updates/src/main/java/com/accenture/testing/bdd/config/ConfigLoader.java:170: At-clause should have a non-empty description. [NonEmptyAtclauseDescription]
[WARN] /home/gabsko/breaking-updates/src/main/java/com/accenture/testing/bdd/config/ConfigLoader.java:182:5: '}' at column 5 should be on the same line as the next part of a multi-block statement (one that directly contains multiple blocks: if/else-if/else, do/while or try/catch/finally). [RightCurlySame]
[WARN] /home/gabsko/breaking-updates/src/main/java/com/accenture/testing/bdd/config/ConfigLoader.java:185:5: '}' at column 5 should be on the same line as the next part of a multi-block statement (one that directly contains multiple blocks: if/else-if/else, do/while or try/catch/finally). [RightCurlySame]
[WARN] /home/gabsko/breaking-updates/src/main/java/com/accenture/testing/bdd/config/ConfigLoader.java:188:5: '}' at column 5 should be on the same line as the next part of a multi-block statement (one that directly contains multiple blocks: if/else-if/else, do/while or try/catch/finally). [RightCurlySame]
[WARN] /home/gabsko/breaking-updates/src/main/java/com/accenture/testing/bdd/config/ConfigLoader.java:189:5: WhitespaceAround: 'catch' is not followed by whitespace. Empty blocks may only be represented as {} when not part of a multi-block statement (4.1.3) [WhitespaceAround]
[WARN] /home/gabsko/breaking-updates/src/main/java/com/accenture/testing/bdd/config/ConfigLoader.java:195: First sentence of Javadoc is missing an ending period. [SummaryJavadoc]
[WARN] /home/gabsko/breaking-updates/src/main/java/com/accenture/testing/bdd/config/BDDConfig.java:34:5: '}' at column 5 should be on the same line as the next part of a multi-block statement (one that directly contains multiple blocks: if/else-if/else, do/while or try/catch/finally). [RightCurlySame]
[WARN] /home/gabsko/breaking-updates/src/main/java/com/accenture/testing/bdd/http/FileInfo.java:29:3: Missing a Javadoc comment. [MissingJavadocMethod]
[WARN] /home/gabsko/breaking-updates/src/main/java/com/accenture/testing/bdd/http/FileInfo.java:35: First sentence of Javadoc is missing an ending period. [SummaryJavadoc]
[WARN] /home/gabsko/breaking-updates/src/main/java/com/accenture/testing/bdd/http/ResponseState.java:3: Using the '.*' form of import should be avoided - org.assertj.core.api.Assertions.*. [AvoidStarImport]
[WARN] /home/gabsko/breaking-updates/src/main/java/com/accenture/testing/bdd/api/steps/ParameterSteps.java:18:5: Javadoc comment is placed in the wrong location. [InvalidJavadocPosition]
[WARN] /home/gabsko/breaking-updates/src/main/java/com/accenture/testing/bdd/api/steps/ParameterSteps.java:32:5: Javadoc comment is placed in the wrong location. [InvalidJavadocPosition]
[WARN] /home/gabsko/breaking-updates/src/main/java/com/accenture/testing/bdd/api/steps/HeaderSteps.java:3: Using the '.*' form of import should be avoided - org.assertj.core.api.Assertions.*. [AvoidStarImport]
[WARN] /home/gabsko/breaking-updates/src/main/java/com/accenture/testing/bdd/api/steps/HeaderSteps.java:24:5: Javadoc comment is placed in the wrong location. [InvalidJavadocPosition]
[WARN] /home/gabsko/breaking-updates/src/main/java/com/accenture/testing/bdd/api/steps/HeaderSteps.java:38:5: Javadoc comment is placed in the wrong location. [InvalidJavadocPosition]
[WARN] /home/gabsko/breaking-updates/src/main/java/com/accenture/testing/bdd/api/steps/HeaderSteps.java:56:5: Javadoc comment is placed in the wrong location. [InvalidJavadocPosition]
[WARN] /home/gabsko/breaking-updates/src/main/java/com/accenture/testing/bdd/api/steps/HeaderSteps.java:73:5: Javadoc comment is placed in the wrong location. [InvalidJavadocPosition]
[WARN] /home/gabsko/breaking-updates/src/main/java/com/accenture/testing/bdd/api/steps/FormSteps.java:15:5: Javadoc comment is placed in the wrong location. [InvalidJavadocPosition]
[WARN] /home/gabsko/breaking-updates/src/main/java/com/accenture/testing/bdd/api/steps/FormSteps.java:22:78: ')' is preceded with whitespace. [ParenPad]
[WARN] /home/gabsko/breaking-updates/src/main/java/com/accenture/testing/bdd/api/steps/FormSteps.java:24:5: Javadoc comment is placed in the wrong location. [InvalidJavadocPosition]
[WARN] /home/gabsko/breaking-updates/src/main/java/com/accenture/testing/bdd/api/steps/BasicSteps.java:3: Using the '.*' form of import should be avoided - org.assertj.core.api.Assertions.*. [AvoidStarImport]
[WARN] /home/gabsko/breaking-updates/src/main/java/com/accenture/testing/bdd/api/steps/BasicSteps.java:43:5: Javadoc comment is placed in the wrong location. [InvalidJavadocPosition]
[WARN] /home/gabsko/breaking-updates/src/main/java/com/accenture/testing/bdd/api/steps/BasicSteps.java:49:5: Javadoc comment is placed in the wrong location. [InvalidJavadocPosition]
[WARN] /home/gabsko/breaking-updates/src/main/java/com/accenture/testing/bdd/api/steps/BasicSteps.java:56:9: Javadoc comment is placed in the wrong location. [InvalidJavadocPosition]
[WARN] /home/gabsko/breaking-updates/src/main/java/com/accenture/testing/bdd/api/steps/BasicSteps.java:66:5: Javadoc comment is placed in the wrong location. [InvalidJavadocPosition]
[WARN] /home/gabsko/breaking-updates/src/main/java/com/accenture/testing/bdd/api/steps/BasicSteps.java:73:9: Javadoc comment is placed in the wrong location. [InvalidJavadocPosition]
[WARN] /home/gabsko/breaking-updates/src/main/java/com/accenture/testing/bdd/api/steps/BasicSteps.java:84:5: Javadoc comment is placed in the wrong location. [InvalidJavadocPosition]
[WARN] /home/gabsko/breaking-updates/src/main/java/com/accenture/testing/bdd/api/steps/BasicSteps.java:90:9: Javadoc comment is placed in the wrong location. [InvalidJavadocPosition]
[WARN] /home/gabsko/breaking-updates/src/main/java/com/accenture/testing/bdd/api/steps/BasicSteps.java:101:5: Javadoc comment is placed in the wrong location. [InvalidJavadocPosition]
[WARN] /home/gabsko/breaking-updates/src/main/java/com/accenture/testing/bdd/api/steps/BasicSteps.java:115:5: Javadoc comment is placed in the wrong location. [InvalidJavadocPosition]
[WARN] /home/gabsko/breaking-updates/src/main/java/com/accenture/testing/bdd/api/steps/BasicSteps.java:129:5: Javadoc comment is placed in the wrong location. [InvalidJavadocPosition]
[WARN] /home/gabsko/breaking-updates/src/main/java/com/accenture/testing/bdd/api/steps/BasicSteps.java:146:5: Javadoc comment is placed in the wrong location. [InvalidJavadocPosition]
[WARN] /home/gabsko/breaking-updates/src/main/java/com/accenture/testing/bdd/api/steps/BasicSteps.java:159:5: Javadoc comment is placed in the wrong location. [InvalidJavadocPosition]
[WARN] /home/gabsko/breaking-updates/src/main/java/com/accenture/testing/bdd/api/steps/BasicSteps.java:171: 'lambda arguments' has incorrect indentation level 17, expected level should be one of the following: 16, 18. [Indentation]
[WARN] /home/gabsko/breaking-updates/src/main/java/com/accenture/testing/bdd/api/steps/BasicSteps.java:172: 'lambda arguments' has incorrect indentation level 17, expected level should be one of the following: 16, 18. [Indentation]
[WARN] /home/gabsko/breaking-updates/src/main/java/com/accenture/testing/bdd/api/steps/BasicSteps.java:179:5: Javadoc comment is placed in the wrong location. [InvalidJavadocPosition]
[WARN] /home/gabsko/breaking-updates/src/main/java/com/accenture/testing/bdd/api/steps/BasicSteps.java:194:5: Javadoc comment is placed in the wrong location. [InvalidJavadocPosition]
[WARN] /home/gabsko/breaking-updates/src/main/java/com/accenture/testing/bdd/api/steps/BasicSteps.java:208:5: Javadoc comment is placed in the wrong location. [InvalidJavadocPosition]
[WARN] /home/gabsko/breaking-updates/src/main/java/com/accenture/testing/bdd/api/steps/BasicSteps.java:227: First sentence of Javadoc is missing an ending period. [SummaryJavadoc]
[WARN] /home/gabsko/breaking-updates/src/main/java/com/accenture/testing/bdd/api/steps/ResponseSteps.java:3: Using the '.*' form of import should be avoided - org.assertj.core.api.Assertions.*. [AvoidStarImport]
[WARN] /home/gabsko/breaking-updates/src/main/java/com/accenture/testing/bdd/api/steps/ResponseSteps.java:23:5: Javadoc comment is placed in the wrong location. [InvalidJavadocPosition]
[WARN] /home/gabsko/breaking-updates/src/main/java/com/accenture/testing/bdd/api/steps/ResponseSteps.java:34:5: Javadoc comment is placed in the wrong location. [InvalidJavadocPosition]
[WARN] /home/gabsko/breaking-updates/src/main/java/com/accenture/testing/bdd/api/steps/ResponseSteps.java:48:5: Javadoc comment is placed in the wrong location. [InvalidJavadocPosition]
[WARN] /home/gabsko/breaking-updates/src/main/java/com/accenture/testing/bdd/api/steps/ResponseSteps.java:61:5: Javadoc comment is placed in the wrong location. [InvalidJavadocPosition]
[WARN] /home/gabsko/breaking-updates/src/main/java/com/accenture/testing/bdd/api/steps/ResponseSteps.java:91:5: Javadoc comment is placed in the wrong location. [InvalidJavadocPosition]
[WARN] /home/gabsko/breaking-updates/src/main/java/com/accenture/testing/bdd/api/steps/ResponseSteps.java:126:5: Javadoc comment is placed in the wrong location. [InvalidJavadocPosition]
[WARN] /home/gabsko/breaking-updates/src/main/java/com/accenture/testing/bdd/api/steps/ResponseSteps.java:147:5: Javadoc comment is placed in the wrong location. [InvalidJavadocPosition]
[WARN] /home/gabsko/breaking-updates/src/main/java/com/accenture/testing/bdd/api/steps/ResponseSteps.java:161:5: Javadoc comment is placed in the wrong location. [InvalidJavadocPosition]
[WARN] /home/gabsko/breaking-updates/src/main/java/com/accenture/testing/bdd/api/steps/ResponseSteps.java:189:5: Javadoc comment is placed in the wrong location. [InvalidJavadocPosition]
[WARN] /home/gabsko/breaking-updates/src/main/java/com/accenture/testing/bdd/api/steps/ResponseSteps.java:222:5: Javadoc comment is placed in the wrong location. [InvalidJavadocPosition]
[WARN] /home/gabsko/breaking-updates/src/main/java/com/accenture/testing/bdd/api/steps/ResponseSteps.java:234:5: Javadoc comment is placed in the wrong location. [InvalidJavadocPosition]
[WARN] /home/gabsko/breaking-updates/src/main/java/com/accenture/testing/bdd/api/steps/ResponseSteps.java:259:5: Javadoc comment is placed in the wrong location. [InvalidJavadocPosition]
[WARN] /home/gabsko/breaking-updates/src/main/java/com/accenture/testing/bdd/api/steps/ResponseSteps.java:274:5: Javadoc comment is placed in the wrong location. [InvalidJavadocPosition]
[WARN] /home/gabsko/breaking-updates/src/main/java/com/accenture/testing/bdd/api/http/APIRequestState.java:57: 'if' construct must use '{}'s. [NeedBraces]
[WARN] /home/gabsko/breaking-updates/src/main/java/com/accenture/testing/bdd/api/http/APIRequestState.java:58: 'else' construct must use '{}'s. [NeedBraces]
[WARN] /home/gabsko/breaking-updates/src/main/java/com/accenture/testing/bdd/api/http/APIRequestState.java:71: 'block rcurly' has incorrect indentation level 8, expected level should be one of the following: 10, 12. [Indentation]
[WARN] /home/gabsko/breaking-updates/src/main/java/com/accenture/testing/bdd/BDDForAll.java:30: First sentence of Javadoc is missing an ending period. [SummaryJavadoc]
[WARN] /home/gabsko/breaking-updates/src/main/java/com/accenture/testing/bdd/BDDForAll.java:34: 'STATIC_INIT' should be separated from previous statement. [EmptyLineSeparator]
[WARN] /home/gabsko/breaking-updates/src/main/java/com/accenture/testing/bdd/BDDForAll.java:37:53: '&&' should be on a new line. [OperatorWrap]
[WARN] /home/gabsko/breaking-updates/src/main/java/com/accenture/testing/bdd/BDDForAll.java:42:11: '}' at column 11 should be on the same line as the next part of a multi-block statement (one that directly contains multiple blocks: if/else-if/else, do/while or try/catch/finally). [RightCurlySame]
[WARN] /home/gabsko/breaking-updates/src/main/java/com/accenture/testing/bdd/BDDForAll.java:54: First sentence of Javadoc is missing an ending period. [SummaryJavadoc]
[WARN] /home/gabsko/breaking-updates/src/main/java/com/accenture/testing/bdd/BDDForAll.java:61: First sentence of Javadoc is missing an ending period. [SummaryJavadoc]
[WARN] /home/gabsko/breaking-updates/src/main/java/com/accenture/testing/bdd/BDDForAll.java:79: 'if' construct must use '{}'s. [NeedBraces]
[WARN] /home/gabsko/breaking-updates/src/main/java/com/accenture/testing/bdd/BDDForAll.java:90: First sentence of Javadoc is missing an ending period. [SummaryJavadoc]
[WARN] /home/gabsko/breaking-updates/src/main/java/com/accenture/testing/bdd/BDDForAll.java:99: First sentence of Javadoc is missing an ending period. [SummaryJavadoc]
[WARN] /home/gabsko/breaking-updates/src/main/java/com/accenture/testing/bdd/BDDForAll.java:106: First sentence of Javadoc is missing an ending period. [SummaryJavadoc]
[WARN] /home/gabsko/breaking-updates/src/main/java/com/accenture/testing/bdd/BDDForAll.java:115: First sentence of Javadoc is missing an ending period. [SummaryJavadoc]
[WARN] /home/gabsko/breaking-updates/src/main/java/com/accenture/testing/bdd/BDDForAll.java:139: First sentence of Javadoc is missing an ending period. [SummaryJavadoc]
[WARN] /home/gabsko/breaking-updates/src/main/java/com/accenture/testing/bdd/conversion/CustomTextToElementResolver.java:54: 'if' construct must use '{}'s. [NeedBraces]
[WARN] /home/gabsko/breaking-updates/src/main/java/com/accenture/testing/bdd/conversion/CustomTextToElementResolver.java:55: 'else' construct must use '{}'s. [NeedBraces]
Audit done.
[INFO] You have 0 Checkstyle violations.
[INFO] 
[INFO] --- jacoco-maven-plugin:0.8.2:prepare-agent (prepare-agent) @ bdd-for-all ---
[INFO] argLine set to -javaagent:/home/gabsko/.m2/repository/org/jacoco/org.jacoco.agent/0.8.2/org.jacoco.agent-0.8.2-runtime.jar=destfile=/home/gabsko/breaking-updates/target/jacoco.exec
[INFO] 
[INFO] --- maven-resources-plugin:2.6:resources (default-resources) @ bdd-for-all ---
[INFO] Using 'UTF-8' encoding to copy filtered resources.
[INFO] Copying 2 resources
[INFO] 
[INFO] --- maven-compiler-plugin:3.8.1:compile (default-compile) @ bdd-for-all ---
[INFO] Changes detected - recompiling the module!
[INFO] Compiling 27 source files to /home/gabsko/breaking-updates/target/classes
[INFO] 
[INFO] --- maven-resources-plugin:2.6:testResources (default-testResources) @ bdd-for-all ---
[INFO] Using 'UTF-8' encoding to copy filtered resources.
[INFO] Copying 88 resources
[INFO] 
[INFO] --- maven-compiler-plugin:3.8.1:testCompile (default-testCompile) @ bdd-for-all ---
[INFO] Changes detected - recompiling the module!
[INFO] Compiling 8 source files to /home/gabsko/breaking-updates/target/test-classes
[INFO] 
[INFO] --- maven-surefire-plugin:2.12.4:test (default-test) @ bdd-for-all ---
[INFO] Surefire report directory: /home/gabsko/breaking-updates/target/surefire-reports

-------------------------------------------------------
 T E S T S
-------------------------------------------------------
Running com.accenture.testing.bdd.config.ConfigLoaderTest
12:49:24,066 |-INFO in ch.qos.logback.classic.LoggerContext[default] - Found resource [logback-test.xml] at [file:/home/gabsko/breaking-updates/target/test-classes/logback-test.xml]
12:49:24,158 |-INFO in ch.qos.logback.classic.joran.action.ConfigurationAction - debug attribute not set
12:49:24,161 |-INFO in ch.qos.logback.core.joran.action.AppenderAction - About to instantiate appender of type [ch.qos.logback.core.ConsoleAppender]
12:49:24,171 |-INFO in ch.qos.logback.core.joran.action.AppenderAction - Naming appender as [STDOUT]
12:49:24,253 |-WARN in ch.qos.logback.core.ConsoleAppender[STDOUT] - This appender no longer admits a layout as a sub-component, set an encoder instead.
12:49:24,253 |-WARN in ch.qos.logback.core.ConsoleAppender[STDOUT] - To ensure compatibility, wrapping your layout in LayoutWrappingEncoder.
12:49:24,253 |-WARN in ch.qos.logback.core.ConsoleAppender[STDOUT] - See also http://logback.qos.ch/codes.html#layoutInsteadOfEncoder for details
12:49:24,254 |-INFO in ch.qos.logback.core.joran.action.AppenderAction - About to instantiate appender of type [ch.qos.logback.core.FileAppender]
12:49:24,259 |-INFO in ch.qos.logback.core.joran.action.AppenderAction - Naming appender as [CURL]
12:49:24,261 |-INFO in ch.qos.logback.core.joran.action.NestedComplexPropertyIA - Assuming default type [ch.qos.logback.classic.encoder.PatternLayoutEncoder] for [encoder] property
12:49:24,262 |-INFO in ch.qos.logback.core.FileAppender[CURL] - File property is set to [logs/curl.log]
12:49:24,264 |-INFO in ch.qos.logback.core.joran.action.AppenderAction - About to instantiate appender of type [ch.qos.logback.core.rolling.RollingFileAppender]
12:49:24,265 |-INFO in ch.qos.logback.core.joran.action.AppenderAction - Naming appender as [SERVER]
12:49:24,273 |-INFO in c.q.l.core.rolling.TimeBasedRollingPolicy@442205321 - No compression will be used
12:49:24,275 |-INFO in c.q.l.core.rolling.TimeBasedRollingPolicy@442205321 - Will use the pattern logs/bdd-testrun.%d{yyyy-MM-dd-HH-mm}.log for the active file
12:49:24,279 |-INFO in c.q.l.core.rolling.DefaultTimeBasedFileNamingAndTriggeringPolicy - The date pattern is 'yyyy-MM-dd-HH-mm' from file name pattern 'logs/bdd-testrun.%d{yyyy-MM-dd-HH-mm}.log'.
12:49:24,279 |-INFO in c.q.l.core.rolling.DefaultTimeBasedFileNamingAndTriggeringPolicy - Roll-over every minute.
12:49:24,284 |-INFO in c.q.l.core.rolling.DefaultTimeBasedFileNamingAndTriggeringPolicy - Setting initial period to Fri Feb 10 12:49:15 UTC 2023
12:49:24,286 |-INFO in ch.qos.logback.core.joran.action.NestedComplexPropertyIA - Assuming default type [ch.qos.logback.classic.encoder.PatternLayoutEncoder] for [encoder] property
12:49:24,288 |-INFO in ch.qos.logback.core.rolling.RollingFileAppender[SERVER] - Active log file name: logs/bdd-testrun.log
12:49:24,288 |-INFO in ch.qos.logback.core.rolling.RollingFileAppender[SERVER] - File property is set to [logs/bdd-testrun.log]
12:49:24,288 |-INFO in ch.qos.logback.classic.joran.action.RootLoggerAction - Setting level of ROOT logger to INFO
12:49:24,288 |-INFO in ch.qos.logback.core.joran.action.AppenderRefAction - Attaching appender named [SERVER] to Logger[ROOT]
12:49:24,290 |-INFO in ch.qos.logback.classic.joran.action.LoggerAction - Setting additivity of logger [curl] to false
12:49:24,290 |-INFO in ch.qos.logback.core.joran.action.AppenderRefAction - Attaching appender named [CURL] to Logger[curl]
12:49:24,291 |-ERROR in ch.qos.logback.core.joran.spi.Interpreter@36:63 - no applicable action for [filter], current ElementPath  is [[configuration][logger][filter]]
12:49:24,291 |-INFO in ch.qos.logback.classic.joran.action.ConfigurationAction - End of configuration.
12:49:24,292 |-INFO in ch.qos.logback.classic.joran.JoranConfigurator@6f8f8a80 - Registering current configuration as safe fallback point

Tests run: 6, Failures: 0, Errors: 0, Skipped: 0, Time elapsed: 0.543 sec
Running com.accenture.testing.bdd.comparison.OperatorTest
Tests run: 1, Failures: 0, Errors: 0, Skipped: 0, Time elapsed: 0 sec
Running com.accenture.testing.bdd.parameters.FakerTransformTest
Tests run: 3, Failures: 0, Errors: 0, Skipped: 0, Time elapsed: 1.966 sec
Running com.accenture.testing.bdd.parameters.ParamTransformerTest
Tests run: 1, Failures: 0, Errors: 0, Skipped: 0, Time elapsed: 0.001 sec
Running com.accenture.testing.bdd.api.http.APIRequestStateTest
Tests run: 1, Failures: 0, Errors: 0, Skipped: 0, Time elapsed: 0.78 sec
Running com.accenture.testing.bdd.api.http.APIResponseStateTest
Tests run: 1, Failures: 0, Errors: 0, Skipped: 0, Time elapsed: 0.001 sec
Running com.accenture.testing.bdd.MainTest

Scenario: Testing the sleep feature              [90m# src/test/resources/unit_tests/Sleep.feature:3[0m
  [32mGiven [0m[32mI am a [0m[32m[1mJSON[0m[32m API consumer[0m                 [90m# com.accenture.testing.bdd.api.steps.BasicSteps.<init>(BasicSteps.java:55)[0m
  [32mAnd [0m[32mI am executing test [0m[32m[1m"MAIN-TIMEOUT"[0m         [90m# com.accenture.testing.bdd.api.steps.BasicSteps.<init>(BasicSteps.java:89)[0m
  [32mAnd [0m[32mI wait [0m[32m[1m450[0m[32m [0m[32m[1m"MILLISECONDS"[0m                  [90m# com.accenture.testing.bdd.api.steps.BasicSteps.<init>(BasicSteps.java:214)[0m
  [32mWhen [0m[32mI request [0m[32m[1mGET[0m[32m "[0m[32m[1m/[0m[32m" on "[0m[32m[1mhttp://example.com[0m[32m"[0m [90m# com.accenture.testing.bdd.api.steps.BasicSteps.<init>(BasicSteps.java:136)[0m
  [32mThen [0m[32mI should get a status code of [0m[32m[1m200[0m         [90m# com.accenture.testing.bdd.api.steps.ResponseSteps.<init>(ResponseSteps.java:39)[0m

1 Scenarios ([32m1 passed[0m)
5 Steps ([32m5 passed[0m)
0m1.700s



Scenario: Main method test with simple get       [90m# src/test/resources/unit_tests/Simple.feature:3[0m
  [32mGiven [0m[32mI am a [0m[32m[1mHTML[0m[32m API consumer[0m                 [90m# com.accenture.testing.bdd.api.steps.BasicSteps.<init>(BasicSteps.java:55)[0m
  [32mAnd [0m[32mI am executing test [0m[32m[1m"MAIN1"[0m                [90m# com.accenture.testing.bdd.api.steps.BasicSteps.<init>(BasicSteps.java:89)[0m
  [32mWhen [0m[32mI request [0m[32m[1mGET[0m[32m "[0m[32m[1m/[0m[32m" on "[0m[32m[1mhttp://example.com[0m[32m"[0m [90m# com.accenture.testing.bdd.api.steps.BasicSteps.<init>(BasicSteps.java:136)[0m
  [32mThen [0m[32mI should get a status code of [0m[32m[1m200[0m         [90m# com.accenture.testing.bdd.api.steps.ResponseSteps.<init>(ResponseSteps.java:39)[0m

1 Scenarios ([32m1 passed[0m)
4 Steps ([32m4 passed[0m)
0m0.139s


Tests run: 2, Failures: 0, Errors: 0, Skipped: 0, Time elapsed: 2.068 sec
Running RunCucumberTest
Tests run: 1, Failures: 0, Errors: 1, Skipped: 0, Time elapsed: 0.263 sec <<< FAILURE!
runBDDForAll(RunCucumberTest)  Time elapsed: 0.238 sec  <<< ERROR!
java.lang.NoClassDefFoundError: com/fasterxml/jackson/core/util/JacksonFeature
	at com.fasterxml.jackson.databind.ObjectMapper.<init>(ObjectMapper.java:655)
	at com.fasterxml.jackson.databind.ObjectMapper.<init>(ObjectMapper.java:558)
	at com.github.tomakehurst.wiremock.common.Json$1.initialValue(Json.java:36)
	at com.github.tomakehurst.wiremock.common.Json$1.initialValue(Json.java:33)
	at java.base/java.lang.ThreadLocal.setInitialValue(ThreadLocal.java:195)
	at java.base/java.lang.ThreadLocal.get(ThreadLocal.java:172)
	at com.github.tomakehurst.wiremock.common.Json.getObjectMapper(Json.java:81)
	at com.github.tomakehurst.wiremock.common.Json.read(Json.java:49)
	at com.github.tomakehurst.wiremock.stubbing.StubMapping.buildFrom(StubMapping.java:70)
	at com.github.tomakehurst.wiremock.standalone.JsonFileMappingsSource.loadMappingsInto(JsonFileMappingsSource.java:84)
	at com.github.tomakehurst.wiremock.core.WireMockApp.loadMappingsUsing(WireMockApp.java:159)
	at com.github.tomakehurst.wiremock.core.WireMockApp.loadDefaultMappings(WireMockApp.java:155)
	at com.github.tomakehurst.wiremock.core.WireMockApp.<init>(WireMockApp.java:89)
	at com.github.tomakehurst.wiremock.WireMockServer.<init>(WireMockServer.java:71)
	at com.github.tomakehurst.wiremock.junit.WireMockRule.<init>(WireMockRule.java:43)
	at RunCucumberTest.<init>(RunCucumberTest.java:21)
	at java.base/jdk.internal.reflect.NativeConstructorAccessorImpl.newInstance0(Native Method)
	at java.base/jdk.internal.reflect.NativeConstructorAccessorImpl.newInstance(NativeConstructorAccessorImpl.java:62)
	at java.base/jdk.internal.reflect.DelegatingConstructorAccessorImpl.newInstance(DelegatingConstructorAccessorImpl.java:45)
	at java.base/java.lang.reflect.Constructor.newInstance(Constructor.java:490)
	at org.junit.runners.BlockJUnit4ClassRunner.createTest(BlockJUnit4ClassRunner.java:250)
	at org.junit.runners.BlockJUnit4ClassRunner.createTest(BlockJUnit4ClassRunner.java:260)
	at org.junit.runners.BlockJUnit4ClassRunner$2.runReflectiveCall(BlockJUnit4ClassRunner.java:309)
	at org.junit.internal.runners.model.ReflectiveCallable.run(ReflectiveCallable.java:12)
	at org.junit.runners.BlockJUnit4ClassRunner.methodBlock(BlockJUnit4ClassRunner.java:306)
	at org.junit.runners.BlockJUnit4ClassRunner$1.evaluate(BlockJUnit4ClassRunner.java:100)
	at org.junit.runners.ParentRunner.runLeaf(ParentRunner.java:366)
	at org.junit.runners.BlockJUnit4ClassRunner.runChild(BlockJUnit4ClassRunner.java:103)
	at org.junit.runners.BlockJUnit4ClassRunner.runChild(BlockJUnit4ClassRunner.java:63)
	at org.junit.runners.ParentRunner$4.run(ParentRunner.java:331)
	at org.junit.runners.ParentRunner$1.schedule(ParentRunner.java:79)
	at org.junit.runners.ParentRunner.runChildren(ParentRunner.java:329)
	at org.junit.runners.ParentRunner.access$100(ParentRunner.java:66)
	at org.junit.runners.ParentRunner$2.evaluate(ParentRunner.java:293)
	at org.junit.runners.ParentRunner$3.evaluate(ParentRunner.java:306)
	at org.junit.runners.ParentRunner.run(ParentRunner.java:413)
	at org.apache.maven.surefire.junit4.JUnit4Provider.execute(JUnit4Provider.java:252)
	at org.apache.maven.surefire.junit4.JUnit4Provider.executeTestSet(JUnit4Provider.java:141)
	at org.apache.maven.surefire.junit4.JUnit4Provider.invoke(JUnit4Provider.java:112)
	at java.base/jdk.internal.reflect.NativeMethodAccessorImpl.invoke0(Native Method)
	at java.base/jdk.internal.reflect.NativeMethodAccessorImpl.invoke(NativeMethodAccessorImpl.java:62)
	at java.base/jdk.internal.reflect.DelegatingMethodAccessorImpl.invoke(DelegatingMethodAccessorImpl.java:43)
	at java.base/java.lang.reflect.Method.invoke(Method.java:566)
	at org.apache.maven.surefire.util.ReflectionUtils.invokeMethodWithArray(ReflectionUtils.java:189)
	at org.apache.maven.surefire.booter.ProviderFactory$ProviderProxy.invoke(ProviderFactory.java:165)
	at org.apache.maven.surefire.booter.ProviderFactory.invokeProvider(ProviderFactory.java:85)
	at org.apache.maven.surefire.booter.ForkedBooter.runSuitesInProcess(ForkedBooter.java:115)
	at org.apache.maven.surefire.booter.ForkedBooter.main(ForkedBooter.java:75)
Caused by: java.lang.ClassNotFoundException: com.fasterxml.jackson.core.util.JacksonFeature
	at java.base/jdk.internal.loader.BuiltinClassLoader.loadClass(BuiltinClassLoader.java:581)
	at java.base/jdk.internal.loader.ClassLoaders$AppClassLoader.loadClass(ClassLoaders.java:178)
	at java.base/java.lang.ClassLoader.loadClass(ClassLoader.java:522)
	... 48 more


Results :

Tests in error: 
  runBDDForAll(RunCucumberTest): com/fasterxml/jackson/core/util/JacksonFeature

Tests run: 16, Failures: 0, Errors: 1, Skipped: 0

[ERROR] There are test failures.

Please refer to /home/gabsko/breaking-updates/target/surefire-reports for the individual test results.
[INFO] 
[INFO] --- maven-cucumber-reporting:5.4.0:generate (execution) @ bdd-for-all ---
[INFO] About to generate Cucumber report.
Feb 10, 2023 12:49:30 PM net.masterthought.cucumber.ReportParser parseJsonFiles
INFO: File '/home/gabsko/breaking-updates/target/cucumber/main-sleep-cucumber.json' contains 1 features
Feb 10, 2023 12:49:30 PM net.masterthought.cucumber.ReportParser parseJsonFiles
INFO: File '/home/gabsko/breaking-updates/target/cucumber/primary-cucumber.json' contains 1 features
Feb 10, 2023 12:49:30 PM net.masterthought.cucumber.ReportParser parseJsonFiles
INFO: File '/home/gabsko/breaking-updates/target/cucumber/main-simple-cucumber.json' contains 1 features
[INFO] 
[INFO] --- jacoco-maven-plugin:0.8.2:report (post-unit-test) @ bdd-for-all ---
[INFO] Loading execution data file /home/gabsko/breaking-updates/target/jacoco.exec
[INFO] Analyzed bundle 'BDD For All' with 39 classes
[INFO] ------------------------------------------------------------------------
[INFO] BUILD SUCCESS
[INFO] ------------------------------------------------------------------------
[INFO] Total time:  11.349 s
[INFO] Finished at: 2023-02-10T12:49:30Z
[INFO] ------------------------------------------------------------------------
