[INFO] Scanning for projects...
[WARNING] The POM for org.jenkins-ci.tools:maven-hpi-plugin:jar:3.17 is missing, no dependency information available
[WARNING] Failed to build parent project for org.jvnet.hudson.plugins:analysis-pom:pom:4.7.0
[WARNING] Failed to build parent project for io.jenkins.plugins:github-checks:hpi:1.0.9-SNAPSHOT
[INFO] 
[INFO] ------------------< io.jenkins.plugins:github-checks >------------------
[INFO] Building GitHub Checks plugin 1.0.9-SNAPSHOT
[INFO] --------------------------------[ hpi ]---------------------------------
[INFO] Downloading from repo.jenkins-ci.org: https://repo.jenkins-ci.org/public/org/jenkins-ci/plugins/github-branch-source/2.9.3/github-branch-source-2.9.3.pom
[INFO] Downloaded from repo.jenkins-ci.org: https://repo.jenkins-ci.org/public/org/jenkins-ci/plugins/github-branch-source/2.9.3/github-branch-source-2.9.3.pom (5.0 kB at 6.0 kB/s)
[INFO] Downloading from repo.jenkins-ci.org: https://repo.jenkins-ci.org/public/org/jenkins-ci/plugins/github-api/1.117/github-api-1.117.pom
[INFO] Downloaded from repo.jenkins-ci.org: https://repo.jenkins-ci.org/public/org/jenkins-ci/plugins/github-api/1.117/github-api-1.117.pom (5.2 kB at 14 kB/s)
[INFO] Downloading from repo.jenkins-ci.org: https://repo.jenkins-ci.org/public/org/jenkins-ci/plugins/github-branch-source/2.9.3/github-branch-source-2.9.3.jar
[INFO] Downloading from repo.jenkins-ci.org: https://repo.jenkins-ci.org/public/org/jenkins-ci/plugins/github-api/1.117/github-api-1.117.jar
[INFO] Downloaded from repo.jenkins-ci.org: https://repo.jenkins-ci.org/public/org/jenkins-ci/plugins/github-api/1.117/github-api-1.117.jar (2.9 kB at 4.1 kB/s)
[INFO] Downloaded from repo.jenkins-ci.org: https://repo.jenkins-ci.org/public/org/jenkins-ci/plugins/github-branch-source/2.9.3/github-branch-source-2.9.3.jar (327 kB at 215 kB/s)
[INFO] 
[INFO] --- maven-clean-plugin:3.1.0:clean (default-clean) @ github-checks ---
[INFO] 
[INFO] --- maven-hpi-plugin:3.17:validate (default-validate) @ github-checks ---
[INFO] 
[INFO] --- maven-hpi-plugin:3.17:validate-hpi (default-validate-hpi) @ github-checks ---
[INFO] 
[INFO] --- maven-enforcer-plugin:3.0.0-M3:display-info (display-info) @ github-checks ---
[INFO] Maven Version: 3.8.6
[INFO] JDK Version: 11.0.17 normalized as: 11.0.17
[INFO] OS Info: Arch: amd64 Family: unix Name: linux Version: 5.4.0-113-generic
[INFO] 
[INFO] --- maven-enforcer-plugin:3.0.0-M3:enforce (display-info) @ github-checks ---
[INFO] Ignoring requireUpperBoundDeps in com.google.guava:guava
[INFO] Adding ignore: module-info
[INFO] Adding ignore: module-info
[INFO] Adding ignore: **/ModuleUtils*
[INFO] 
[INFO] --- maven-enforcer-plugin:3.0.0-M3:enforce (no-snapshots-in-release) @ github-checks ---
[INFO] 
[INFO] --- gmavenplus-plugin:1.11.0:addTestSources (test-in-groovy) @ github-checks ---
[INFO] 
[INFO] --- maven-localizer-plugin:1.26:generate (default) @ github-checks ---
[INFO] 
[INFO] >>> maven-javadoc-plugin:3.2.0:javadoc (default) > generate-sources @ github-checks >>>
[INFO] 
[INFO] --- maven-hpi-plugin:3.17:validate (default-validate) @ github-checks ---
[INFO] 
[INFO] --- maven-hpi-plugin:3.17:validate-hpi (default-validate-hpi) @ github-checks ---
[INFO] 
[INFO] --- maven-enforcer-plugin:3.0.0-M3:display-info (display-info) @ github-checks ---
[INFO] Maven Version: 3.8.6
[INFO] JDK Version: 11.0.17 normalized as: 11.0.17
[INFO] OS Info: Arch: amd64 Family: unix Name: linux Version: 5.4.0-113-generic
[INFO] 
[INFO] --- maven-enforcer-plugin:3.0.0-M3:enforce (display-info) @ github-checks ---
[INFO] Ignoring requireUpperBoundDeps in com.google.guava:guava
[INFO] Adding ignore: module-info
[INFO] Adding ignore: module-info
[INFO] Adding ignore: **/ModuleUtils*
[INFO] 
[INFO] --- maven-enforcer-plugin:3.0.0-M3:enforce (no-snapshots-in-release) @ github-checks ---
[INFO] 
[INFO] --- gmavenplus-plugin:1.11.0:addTestSources (test-in-groovy) @ github-checks ---
[INFO] 
[INFO] --- maven-localizer-plugin:1.26:generate (default) @ github-checks ---
[INFO] 
[INFO] <<< maven-javadoc-plugin:3.2.0:javadoc (default) < generate-sources @ github-checks <<<
[INFO] 
[INFO] 
[INFO] --- maven-javadoc-plugin:3.2.0:javadoc (default) @ github-checks ---
[INFO] ------------------------------------------------------------------------
[INFO] BUILD FAILURE
[INFO] ------------------------------------------------------------------------
[INFO] Total time:  8.184 s
[INFO] Finished at: 2023-02-11T21:00:48Z
[INFO] ------------------------------------------------------------------------
[ERROR] Failed to execute goal org.apache.maven.plugins:maven-javadoc-plugin:3.2.0:javadoc (default) on project github-checks: An error has occurred in Javadoc report generation: Unable to find javadoc command: The environment variable JAVA_HOME is not correctly set. -> [Help 1]
[ERROR] 
[ERROR] To see the full stack trace of the errors, re-run Maven with the -e switch.
[ERROR] Re-run Maven using the -X switch to enable full debug logging.
[ERROR] 
[ERROR] For more information about the errors and possible solutions, please read the following articles:
[ERROR] [Help 1] http://cwiki.apache.org/confluence/display/MAVEN/MojoExecutionException
