[INFO] Scanning for projects...
[WARNING] The POM for org.jenkins-ci.tools:maven-hpi-plugin:jar:3.20 is missing, no dependency information available
[WARNING] Failed to build parent project for org.jenkins-ci.plugins:pipeline-maven-parent:pom:3.11.0-SNAPSHOT
[INFO] ------------------------------------------------------------------------
[INFO] Reactor Build Order:
[INFO] 
[INFO] Pipeline Maven Integration Plugin Parent                           [pom]
[INFO] Maven Spy for the Pipeline Maven Integration Plugin                [jar]
[INFO] Pipeline Maven Integration Plugin                                  [hpi]
[INFO] 
[INFO] ------------< org.jenkins-ci.plugins:pipeline-maven-parent >------------
[INFO] Building Pipeline Maven Integration Plugin Parent 3.11.0-SNAPSHOT  [1/3]
[INFO] --------------------------------[ pom ]---------------------------------
[INFO] 
[INFO] --- maven-clean-plugin:3.1.0:clean (default-clean) @ pipeline-maven-parent ---
[INFO] 
[INFO] --- maven-enforcer-plugin:3.0.0-M3:display-info (display-info) @ pipeline-maven-parent ---
[INFO] Maven Version: 3.8.6
[INFO] JDK Version: 11.0.17 normalized as: 11.0.17
[INFO] OS Info: Arch: amd64 Family: unix Name: linux Version: 5.4.0-113-generic
[INFO] 
[INFO] --- maven-enforcer-plugin:3.0.0-M3:enforce (display-info) @ pipeline-maven-parent ---
[INFO] Adding ignore: module-info
[INFO] 
[INFO] --- maven-enforcer-plugin:3.0.0-M3:enforce (no-snapshots-in-release) @ pipeline-maven-parent ---
[INFO] 
[INFO] --- tidy-maven-plugin:1.1.0:check (validate) @ pipeline-maven-parent ---
[INFO] 
[INFO] --- gmavenplus-plugin:1.13.0:addTestSources (test-in-groovy) @ pipeline-maven-parent ---
[INFO] 
[INFO] --- localizer-maven-plugin:1.31:generate (default) @ pipeline-maven-parent ---
[INFO] 
[INFO] --- flatten-maven-plugin:1.2.7:flatten (flatten) @ pipeline-maven-parent ---
[INFO] Generating flattened POM of project org.jenkins-ci.plugins:pipeline-maven-parent:pom:3.11.0-SNAPSHOT...
[INFO] 
[INFO] -------------< org.jenkins-ci.plugins:pipeline-maven-spy >--------------
[INFO] Building Maven Spy for the Pipeline Maven Integration Plugin 3.11.0-SNAPSHOT [2/3]
[INFO] --------------------------------[ jar ]---------------------------------
[INFO] 
[INFO] --- maven-clean-plugin:3.1.0:clean (default-clean) @ pipeline-maven-spy ---
[INFO] 
[INFO] --- maven-enforcer-plugin:3.0.0-M3:display-info (display-info) @ pipeline-maven-spy ---
[INFO] Maven Version: 3.8.6
[INFO] JDK Version: 11.0.17 normalized as: 11.0.17
[INFO] OS Info: Arch: amd64 Family: unix Name: linux Version: 5.4.0-113-generic
[INFO] 
[INFO] --- maven-enforcer-plugin:3.0.0-M3:enforce (display-info) @ pipeline-maven-spy ---
[INFO] Ignoring requireUpperBoundDeps in com.google.guava:guava
[INFO] Adding ignore: module-info
[INFO] 
[INFO] --- maven-enforcer-plugin:3.0.0-M3:enforce (no-snapshots-in-release) @ pipeline-maven-spy ---
[INFO] 
[INFO] --- tidy-maven-plugin:1.1.0:check (validate) @ pipeline-maven-spy ---
[INFO] 
[INFO] --- gmavenplus-plugin:1.13.0:addTestSources (test-in-groovy) @ pipeline-maven-spy ---
[INFO] 
[INFO] --- localizer-maven-plugin:1.31:generate (default) @ pipeline-maven-spy ---
[INFO] 
[INFO] --- maven-resources-plugin:3.2.0:resources (default-resources) @ pipeline-maven-spy ---
[INFO] Using 'UTF-8' encoding to copy filtered resources.
[INFO] Using 'UTF-8' encoding to copy filtered properties files.
[INFO] skip non existing resourceDirectory /home/gabsko/breaking-updates/maven-spy/src/main/resources
[INFO] 
[INFO] --- flatten-maven-plugin:1.2.7:flatten (flatten) @ pipeline-maven-spy ---
[INFO] Generating flattened POM of project org.jenkins-ci.plugins:pipeline-maven-spy:jar:3.11.0-SNAPSHOT...
[INFO] 
[INFO] --- maven-compiler-plugin:3.8.1:compile (default-compile) @ pipeline-maven-spy ---
[INFO] Changes detected - recompiling the module!
[INFO] Compiling 27 source files to /home/gabsko/breaking-updates/maven-spy/target/classes
[INFO] /home/gabsko/breaking-updates/maven-spy/src/main/java/org/jenkinsci/plugins/pipeline/maven/eventspy/handler/AbstractMavenEventHandler.java: Some input files use unchecked or unsafe operations.
[INFO] /home/gabsko/breaking-updates/maven-spy/src/main/java/org/jenkinsci/plugins/pipeline/maven/eventspy/handler/AbstractMavenEventHandler.java: Recompile with -Xlint:unchecked for details.
[INFO] 
[INFO] ---------------< org.jenkins-ci.plugins:pipeline-maven >----------------
[INFO] Building Pipeline Maven Integration Plugin 3.11.0-SNAPSHOT         [3/3]
[INFO] --------------------------------[ hpi ]---------------------------------
[INFO] Downloading from repo.jenkins-ci.org: https://repo.jenkins-ci.org/public/io/jenkins/plugins/postgresql-api/42.2.5/postgresql-api-42.2.5.pom
[INFO] Downloaded from repo.jenkins-ci.org: https://repo.jenkins-ci.org/public/io/jenkins/plugins/postgresql-api/42.2.5/postgresql-api-42.2.5.pom (1.8 kB at 1.7 kB/s)
[INFO] Downloading from repo.jenkins-ci.org: https://repo.jenkins-ci.org/public/com/zaxxer/HikariCP/4.0.2/HikariCP-4.0.2.pom
[INFO] Downloaded from repo.jenkins-ci.org: https://repo.jenkins-ci.org/public/com/zaxxer/HikariCP/4.0.2/HikariCP-4.0.2.pom (26 kB at 59 kB/s)
[INFO] Downloading from repo.jenkins-ci.org: https://repo.jenkins-ci.org/public/org/jenkins-ci/plugins/junit-attachments/1.7/junit-attachments-1.7.pom
[INFO] Downloaded from repo.jenkins-ci.org: https://repo.jenkins-ci.org/public/org/jenkins-ci/plugins/junit-attachments/1.7/junit-attachments-1.7.pom (3.9 kB at 12 kB/s)
[INFO] Downloading from repo.jenkins-ci.org: https://repo.jenkins-ci.org/public/org/jenkins-ci/plugins/flaky-test-handler/1.2.0/flaky-test-handler-1.2.0.pom
[INFO] Downloaded from repo.jenkins-ci.org: https://repo.jenkins-ci.org/public/org/jenkins-ci/plugins/flaky-test-handler/1.2.0/flaky-test-handler-1.2.0.pom (4.2 kB at 12 kB/s)
[INFO] Downloading from repo.jenkins-ci.org: https://repo.jenkins-ci.org/public/org/jenkins-ci/plugins/htmlpublisher/1.27/htmlpublisher-1.27.pom
[INFO] Downloaded from repo.jenkins-ci.org: https://repo.jenkins-ci.org/public/org/jenkins-ci/plugins/htmlpublisher/1.27/htmlpublisher-1.27.pom (4.8 kB at 15 kB/s)
[INFO] Downloading from repo.jenkins-ci.org: https://repo.jenkins-ci.org/public/org/jenkins-ci/plugins/jacoco/3.3.0/jacoco-3.3.0.pom
[INFO] Downloaded from repo.jenkins-ci.org: https://repo.jenkins-ci.org/public/org/jenkins-ci/plugins/jacoco/3.3.0/jacoco-3.3.0.pom (15 kB at 45 kB/s)
[INFO] Downloading from repo.jenkins-ci.org: https://repo.jenkins-ci.org/public/io/jenkins/plugins/postgresql-api/42.2.5/postgresql-api-42.2.5.jar
[INFO] Downloading from repo.jenkins-ci.org: https://repo.jenkins-ci.org/public/org/jenkins-ci/plugins/flaky-test-handler/1.2.0/flaky-test-handler-1.2.0.jar
[INFO] Downloading from repo.jenkins-ci.org: https://repo.jenkins-ci.org/public/org/jenkins-ci/plugins/junit-attachments/1.7/junit-attachments-1.7.jar
[INFO] Downloading from repo.jenkins-ci.org: https://repo.jenkins-ci.org/public/com/zaxxer/HikariCP/4.0.2/HikariCP-4.0.2.jar
[INFO] Downloading from repo.jenkins-ci.org: https://repo.jenkins-ci.org/public/org/jenkins-ci/plugins/htmlpublisher/1.27/htmlpublisher-1.27.jar
[INFO] Downloaded from repo.jenkins-ci.org: https://repo.jenkins-ci.org/public/io/jenkins/plugins/postgresql-api/42.2.5/postgresql-api-42.2.5.jar (3.1 kB at 12 kB/s)
[INFO] Downloading from repo.jenkins-ci.org: https://repo.jenkins-ci.org/public/org/jenkins-ci/plugins/jacoco/3.3.0/jacoco-3.3.0.jar
[INFO] Downloaded from repo.jenkins-ci.org: https://repo.jenkins-ci.org/public/org/jenkins-ci/plugins/jacoco/3.3.0/jacoco-3.3.0.jar (167 kB at 226 kB/s)
[INFO] Downloading from repo.jenkins-ci.org: https://repo.jenkins-ci.org/public/org/jenkins-ci/plugins/git/4.10.0/git-4.10.0-tests.jar
[INFO] Downloaded from repo.jenkins-ci.org: https://repo.jenkins-ci.org/public/org/jenkins-ci/plugins/htmlpublisher/1.27/htmlpublisher-1.27.jar (41 kB at 53 kB/s)
[INFO] Downloaded from repo.jenkins-ci.org: https://repo.jenkins-ci.org/public/org/jenkins-ci/plugins/junit-attachments/1.7/junit-attachments-1.7.jar (16 kB at 20 kB/s)
[INFO] Downloaded from repo.jenkins-ci.org: https://repo.jenkins-ci.org/public/org/jenkins-ci/plugins/flaky-test-handler/1.2.0/flaky-test-handler-1.2.0.jar (85 kB at 96 kB/s)
[INFO] Downloaded from repo.jenkins-ci.org: https://repo.jenkins-ci.org/public/com/zaxxer/HikariCP/4.0.2/HikariCP-4.0.2.jar (159 kB at 141 kB/s)
[INFO] Downloaded from repo.jenkins-ci.org: https://repo.jenkins-ci.org/public/org/jenkins-ci/plugins/git/4.10.0/git-4.10.0-tests.jar (579 kB at 229 kB/s)
[INFO] 
[INFO] --- maven-clean-plugin:3.1.0:clean (default-clean) @ pipeline-maven ---
[INFO] 
[INFO] --- maven-hpi-plugin:3.20:validate (default-validate) @ pipeline-maven ---
[INFO] 
[INFO] --- maven-hpi-plugin:3.20:validate-hpi (default-validate-hpi) @ pipeline-maven ---
[INFO] 
[INFO] --- maven-enforcer-plugin:3.0.0-M3:display-info (display-info) @ pipeline-maven ---
[INFO] Maven Version: 3.8.6
[INFO] JDK Version: 11.0.17 normalized as: 11.0.17
[INFO] OS Info: Arch: amd64 Family: unix Name: linux Version: 5.4.0-113-generic
[INFO] 
[INFO] --- maven-enforcer-plugin:3.0.0-M3:enforce (display-info) @ pipeline-maven ---
[INFO] Adding ignore: module-info
[WARNING] Invalid bytecodeVersion for com.fasterxml.jackson.dataformat:jackson-dataformat-yaml:jar:2.13.0:compile : META-INF/versions/11/module-info.class: expected 55, but was 53
[WARNING] Invalid bytecodeVersion for com.fasterxml.jackson.datatype:jackson-datatype-json-org:jar:2.13.0:compile : META-INF/versions/11/module-info.class: expected 55, but was 53
[WARNING] Invalid bytecodeVersion for com.fasterxml.jackson.module:jackson-module-jaxb-annotations:jar:2.13.0:compile : META-INF/versions/11/module-info.class: expected 55, but was 53
[WARNING] Invalid bytecodeVersion for com.fasterxml.jackson.core:jackson-core:jar:2.13.0:compile : META-INF/versions/11/module-info.class: expected 55, but was 53
[WARNING] Invalid bytecodeVersion for com.fasterxml.jackson.datatype:jackson-datatype-jdk8:jar:2.13.0:compile : META-INF/versions/11/module-info.class: expected 55, but was 53
[WARNING] Invalid bytecodeVersion for com.fasterxml.jackson.core:jackson-databind:jar:2.13.0:compile : META-INF/versions/11/module-info.class: expected 55, but was 53
[WARNING] Invalid bytecodeVersion for com.fasterxml.jackson.module:jackson-module-parameter-names:jar:2.13.0:compile : META-INF/versions/11/module-info.class: expected 55, but was 53
[WARNING] Invalid bytecodeVersion for com.fasterxml.jackson.dataformat:jackson-dataformat-xml:jar:2.13.0:compile : META-INF/versions/11/module-info.class: expected 55, but was 53
[WARNING] Invalid bytecodeVersion for com.fasterxml.jackson.datatype:jackson-datatype-jsr310:jar:2.13.0:compile : META-INF/versions/11/module-info.class: expected 55, but was 53
[WARNING] Invalid bytecodeVersion for com.fasterxml.jackson.dataformat:jackson-dataformat-cbor:jar:2.13.0:compile : META-INF/versions/11/module-info.class: expected 55, but was 53
[INFO] Ignoring requireUpperBoundDeps in com.google.guava:guava
[INFO] 
[INFO] --- maven-enforcer-plugin:3.0.0-M3:enforce (no-snapshots-in-release) @ pipeline-maven ---
[INFO] 
[INFO] --- tidy-maven-plugin:1.1.0:check (validate) @ pipeline-maven ---
[INFO] 
[INFO] --- gmavenplus-plugin:1.13.0:addTestSources (test-in-groovy) @ pipeline-maven ---
[INFO] 
[INFO] --- localizer-maven-plugin:1.31:generate (default) @ pipeline-maven ---
[INFO] 
[INFO] --- maven-resources-plugin:3.2.0:resources (default-resources) @ pipeline-maven ---
[INFO] Using 'UTF-8' encoding to copy filtered resources.
[INFO] Using 'UTF-8' encoding to copy filtered properties files.
[INFO] Copying 105 resources
[INFO] 
[INFO] --- flatten-maven-plugin:1.2.7:flatten (flatten) @ pipeline-maven ---
[INFO] Generating flattened POM of project org.jenkins-ci.plugins:pipeline-maven:hpi:3.11.0-SNAPSHOT...
[INFO] 
[INFO] --- maven-dependency-plugin:3.2.0:copy (copy-maven-spy-jar) @ pipeline-maven ---
[INFO] Configured Artifact: org.jenkins-ci.plugins:pipeline-maven-spy:3.11.0-SNAPSHOT:jar
[INFO] Copying classes to /home/gabsko/breaking-updates/jenkins-plugin/target/classes/META-INF/lib/pipeline-maven-spy.jar
[INFO] ------------------------------------------------------------------------
[INFO] Reactor Summary for Pipeline Maven Integration Plugin Parent 3.11.0-SNAPSHOT:
[INFO] 
[INFO] Pipeline Maven Integration Plugin Parent ........... SUCCESS [  1.382 s]
[INFO] Maven Spy for the Pipeline Maven Integration Plugin  SUCCESS [  1.554 s]
[INFO] Pipeline Maven Integration Plugin .................. FAILURE [  8.991 s]
[INFO] ------------------------------------------------------------------------
[INFO] BUILD FAILURE
[INFO] ------------------------------------------------------------------------
[INFO] Total time:  12.677 s
[INFO] Finished at: 2023-02-11T21:55:31Z
[INFO] ------------------------------------------------------------------------
[ERROR] Failed to execute goal org.apache.maven.plugins:maven-dependency-plugin:3.2.0:copy (copy-maven-spy-jar) on project pipeline-maven: Artifact has not been packaged yet. When used on reactor artifact, copy should be executed after packaging: see MDEP-187. -> [Help 1]
[ERROR] 
[ERROR] To see the full stack trace of the errors, re-run Maven with the -e switch.
[ERROR] Re-run Maven using the -X switch to enable full debug logging.
[ERROR] 
[ERROR] For more information about the errors and possible solutions, please read the following articles:
[ERROR] [Help 1] http://cwiki.apache.org/confluence/display/MAVEN/MojoExecutionException
[ERROR] 
[ERROR] After correcting the problems, you can resume the build with the command
[ERROR]   mvn <args> -rf :pipeline-maven
