[INFO] Scanning for projects...
[WARNING] The project commons-dbutils:commons-dbutils:jar:2.0-SNAPSHOT uses prerequisites which is only intended for maven-plugin projects but not for non maven-plugin projects. For such purposes you should use the maven-enforcer-plugin. See https://maven.apache.org/enforcer/enforcer-rules/requireMavenVersion.html
[INFO] 
[INFO] ------------------< commons-dbutils:commons-dbutils >-------------------
[INFO] Building Apache Commons DbUtils 2.0-SNAPSHOT
[INFO] --------------------------------[ jar ]---------------------------------
[INFO] 
[INFO] --- maven-clean-plugin:3.1.0:clean (default-clean) @ commons-dbutils ---
[INFO] Deleting /home/gabsko/breaking-updates/target
[INFO] 
[INFO] --- maven-enforcer-plugin:3.0.0-M3:enforce (enforce-maven-version) @ commons-dbutils ---
[INFO] 
[INFO] --- maven-enforcer-plugin:3.0.0-M3:enforce (enforce-maven-3) @ commons-dbutils ---
[INFO] 
[INFO] --- apache-rat-plugin:0.13:check (rat-check) @ commons-dbutils ---
[INFO] Enabled default license matchers.
[INFO] Will parse SCM ignores for exclusions...
[INFO] Parsing exclusions from /home/gabsko/breaking-updates/.gitignore
[INFO] Finished adding exclusions from SCM ignore files.
[INFO] 68 implicit excludes (use -debug for more details).
[INFO] 9 explicit excludes (use -debug for more details).
[INFO] 130 resources included (use -debug for more details)
[INFO] Rat check: Summary over all files. Unapproved: 0, unknown: 0, generated: 0, approved: 126 licenses.
[INFO] 
[INFO] --- build-helper-maven-plugin:3.2.0:parse-version (parse-version) @ commons-dbutils ---
[INFO] 
[INFO] --- maven-antrun-plugin:1.8:run (javadoc.resources) @ commons-dbutils ---
[INFO] Executing tasks

main:
     [copy] Copying 2 files to /home/gabsko/breaking-updates/target/apidocs/META-INF
[INFO] Executed tasks
[INFO] 
[INFO] --- maven-remote-resources-plugin:1.7.0:process (process-resource-bundles) @ commons-dbutils ---
[INFO] Skipping remote resources execution.
[INFO] 
[INFO] --- buildnumber-maven-plugin:1.4:create (default) @ commons-dbutils ---
[INFO] Executing: /bin/sh -c cd '/home/gabsko/breaking-updates' && 'git' 'rev-parse' '--verify' 'HEAD'
[INFO] Working directory: /home/gabsko/breaking-updates
[INFO] Storing buildNumber: 01d7d32d14e91f238c39dde4d42f8fbb1cc1394a at timestamp: 1673032158666
[INFO] Storing buildScmBranch: branch-apache/commons-dbutils-01d7d32d14e91f238c39dde4d42f8fbb1cc1394a
[INFO] 
[INFO] --- maven-resources-plugin:3.1.0:resources (default-resources) @ commons-dbutils ---
[INFO] Using 'iso-8859-1' encoding to copy filtered resources.
[INFO] Copying 2 resources
[INFO] Copying 2 resources to META-INF
[INFO] 
[INFO] --- maven-compiler-plugin:3.8.1:compile (default-compile) @ commons-dbutils ---
[INFO] Changes detected - recompiling the module!
[INFO] Compiling 50 source files to /home/gabsko/breaking-updates/target/classes
[INFO] 
[INFO] --- maven-bundle-plugin:5.1.1:manifest (bundle-manifest) @ commons-dbutils ---
[INFO] 
[INFO] --- maven-resources-plugin:3.1.0:testResources (default-testResources) @ commons-dbutils ---
[INFO] Using 'iso-8859-1' encoding to copy filtered resources.
[INFO] Copying 3 resources
[INFO] Copying 2 resources to META-INF
[INFO] 
[INFO] --- maven-compiler-plugin:3.8.1:testCompile (default-testCompile) @ commons-dbutils ---
[INFO] Changes detected - recompiling the module!
[INFO] Compiling 46 source files to /home/gabsko/breaking-updates/target/test-classes
[INFO] /home/gabsko/breaking-updates/src/test/java/org/apache/commons/dbutils/MockResultSet.java: Some input files use or override a deprecated API.
[INFO] /home/gabsko/breaking-updates/src/test/java/org/apache/commons/dbutils/MockResultSet.java: Recompile with -Xlint:deprecation for details.
[INFO] /home/gabsko/breaking-updates/src/test/java/org/apache/commons/dbutils/QueryRunnerTest.java: /home/gabsko/breaking-updates/src/test/java/org/apache/commons/dbutils/QueryRunnerTest.java uses unchecked or unsafe operations.
[INFO] /home/gabsko/breaking-updates/src/test/java/org/apache/commons/dbutils/QueryRunnerTest.java: Recompile with -Xlint:unchecked for details.
[INFO] -------------------------------------------------------------
[ERROR] COMPILATION ERROR : 
[INFO] -------------------------------------------------------------
[ERROR] /home/gabsko/breaking-updates/src/test/java/org/apache/commons/dbutils/AsyncQueryRunnerTest.java:[20,26] cannot find symbol
  symbol:   class Matchers
  location: package org.mockito
[ERROR] /home/gabsko/breaking-updates/src/test/java/org/apache/commons/dbutils/AsyncQueryRunnerTest.java:[20,1] static import only from classes and interfaces
[ERROR] /home/gabsko/breaking-updates/src/test/java/org/apache/commons/dbutils/AsyncQueryRunnerTest.java:[64,36] cannot find symbol
  symbol:   method any(java.lang.Class<java.lang.String>)
  location: class org.apache.commons.dbutils.AsyncQueryRunnerTest
[ERROR] /home/gabsko/breaking-updates/src/test/java/org/apache/commons/dbutils/AsyncQueryRunnerTest.java:[71,32] cannot find symbol
  symbol:   method any(java.lang.Class<java.lang.String>)
  location: class org.apache.commons.dbutils.AsyncQueryRunnerTest
[INFO] 4 errors 
[INFO] -------------------------------------------------------------
[INFO] ------------------------------------------------------------------------
[INFO] BUILD FAILURE
[INFO] ------------------------------------------------------------------------
[INFO] Total time:  3.285 s
[INFO] Finished at: 2023-01-06T19:09:20Z
[INFO] ------------------------------------------------------------------------
[ERROR] Failed to execute goal org.apache.maven.plugins:maven-compiler-plugin:3.8.1:testCompile (default-testCompile) on project commons-dbutils: Compilation failure: Compilation failure: 
[ERROR] /home/gabsko/breaking-updates/src/test/java/org/apache/commons/dbutils/AsyncQueryRunnerTest.java:[20,26] cannot find symbol
[ERROR]   symbol:   class Matchers
[ERROR]   location: package org.mockito
[ERROR] /home/gabsko/breaking-updates/src/test/java/org/apache/commons/dbutils/AsyncQueryRunnerTest.java:[20,1] static import only from classes and interfaces
[ERROR] /home/gabsko/breaking-updates/src/test/java/org/apache/commons/dbutils/AsyncQueryRunnerTest.java:[64,36] cannot find symbol
[ERROR]   symbol:   method any(java.lang.Class<java.lang.String>)
[ERROR]   location: class org.apache.commons.dbutils.AsyncQueryRunnerTest
[ERROR] /home/gabsko/breaking-updates/src/test/java/org/apache/commons/dbutils/AsyncQueryRunnerTest.java:[71,32] cannot find symbol
[ERROR]   symbol:   method any(java.lang.Class<java.lang.String>)
[ERROR]   location: class org.apache.commons.dbutils.AsyncQueryRunnerTest
[ERROR] -> [Help 1]
[ERROR] 
[ERROR] To see the full stack trace of the errors, re-run Maven with the -e switch.
[ERROR] Re-run Maven using the -X switch to enable full debug logging.
[ERROR] 
[ERROR] For more information about the errors and possible solutions, please read the following articles:
[ERROR] [Help 1] http://cwiki.apache.org/confluence/display/MAVEN/MojoFailureException
