[INFO] Scanning for projects...
[INFO] Inspecting build with total of 1 modules...
[INFO] Not installing Nexus Staging features:
[INFO]  * Preexisting staging related goal bindings found in 1 modules.
[INFO] 
[INFO] -------------------< com.gliwka.hyperscan:hyperscan >-------------------
[INFO] Building hyperscan-java 5.4.0-2.0.0
[INFO] --------------------------------[ jar ]---------------------------------
[INFO] 
[INFO] --- maven-clean-plugin:2.5:clean (default-clean) @ hyperscan ---
[INFO] Deleting /home/gabsko/breaking-updates/target
[INFO] 
[INFO] --- jacoco-maven-plugin:0.8.6:prepare-agent (default) @ hyperscan ---
[INFO] argLine set to -javaagent:/home/gabsko/.m2/repository/org/jacoco/org.jacoco.agent/0.8.6/org.jacoco.agent-0.8.6-runtime.jar=destfile=/home/gabsko/breaking-updates/target/jacoco.exec
[INFO] 
[INFO] --- maven-resources-plugin:2.6:resources (default-resources) @ hyperscan ---
[INFO] Using 'UTF-8' encoding to copy filtered resources.
[INFO] skip non existing resourceDirectory /home/gabsko/breaking-updates/src/main/resources
[INFO] 
[INFO] --- maven-compiler-plugin:3.8.1:compile (default-compile) @ hyperscan ---
[INFO] Changes detected - recompiling the module!
[INFO] Compiling 10 source files to /home/gabsko/breaking-updates/target/classes
[INFO] 
[INFO] --- maven-resources-plugin:2.6:testResources (default-testResources) @ hyperscan ---
[INFO] Using 'UTF-8' encoding to copy filtered resources.
[INFO] skip non existing resourceDirectory /home/gabsko/breaking-updates/src/test/resources
[INFO] 
[INFO] --- maven-compiler-plugin:3.8.1:testCompile (default-testCompile) @ hyperscan ---
[INFO] Changes detected - recompiling the module!
[INFO] Compiling 5 source files to /home/gabsko/breaking-updates/target/test-classes
[INFO] -------------------------------------------------------------
[ERROR] COMPILATION ERROR : 
[INFO] -------------------------------------------------------------
[ERROR] Annotation generator had thrown the exception. java.lang.AbstractMethodError: Receiver class org.openjdk.jmh.generators.annotations.APGeneratorDestinaton does not define or inherit an implementation of the resolved method 'abstract java.io.Writer newClass(java.lang.String)' of interface org.openjdk.jmh.generators.core.GeneratorDestination.
  	at org.openjdk.jmh.generators.core.BenchmarkGenerator.generateClass(BenchmarkGenerator.java:446)
  	at org.openjdk.jmh.generators.core.BenchmarkGenerator.generate(BenchmarkGenerator.java:84)
  	at org.openjdk.jmh.generators.BenchmarkProcessor.process(BenchmarkProcessor.java:57)
  	at jdk.compiler/com.sun.tools.javac.processing.JavacProcessingEnvironment.callProcessor(JavacProcessingEnvironment.java:985)
  	at jdk.compiler/com.sun.tools.javac.processing.JavacProcessingEnvironment.discoverAndRunProcs(JavacProcessingEnvironment.java:901)
  	at jdk.compiler/com.sun.tools.javac.processing.JavacProcessingEnvironment$Round.run(JavacProcessingEnvironment.java:1227)
  	at jdk.compiler/com.sun.tools.javac.processing.JavacProcessingEnvironment.doProcessing(JavacProcessingEnvironment.java:1340)
  	at jdk.compiler/com.sun.tools.javac.main.JavaCompiler.processAnnotations(JavaCompiler.java:1254)
  	at jdk.compiler/com.sun.tools.javac.main.JavaCompiler.compile(JavaCompiler.java:936)
  	at jdk.compiler/com.sun.tools.javac.api.JavacTaskImpl.lambda$doCall$0(JavacTaskImpl.java:104)
  	at jdk.compiler/com.sun.tools.javac.api.JavacTaskImpl.handleExceptions(JavacTaskImpl.java:147)
  	at jdk.compiler/com.sun.tools.javac.api.JavacTaskImpl.doCall(JavacTaskImpl.java:100)
  	at jdk.compiler/com.sun.tools.javac.api.JavacTaskImpl.call(JavacTaskImpl.java:94)
  	at org.codehaus.plexus.compiler.javac.JavaxToolsCompiler.compileInProcess(JavaxToolsCompiler.java:126)
  	at org.codehaus.plexus.compiler.javac.JavacCompiler.performCompile(JavacCompiler.java:174)
  	at org.apache.maven.plugin.compiler.AbstractCompilerMojo.execute(AbstractCompilerMojo.java:1134)
  	at org.apache.maven.plugin.compiler.TestCompilerMojo.execute(TestCompilerMojo.java:180)
  	at org.apache.maven.plugin.DefaultBuildPluginManager.executeMojo(DefaultBuildPluginManager.java:137)
  	at org.apache.maven.lifecycle.internal.MojoExecutor.doExecute2(MojoExecutor.java:370)
  	at org.apache.maven.lifecycle.internal.MojoExecutor.doExecute(MojoExecutor.java:351)
  	at org.apache.maven.lifecycle.internal.MojoExecutor.execute(MojoExecutor.java:215)
  	at org.apache.maven.lifecycle.internal.MojoExecutor.execute(MojoExecutor.java:171)
  	at org.apache.maven.lifecycle.internal.MojoExecutor.execute(MojoExecutor.java:163)
  	at org.apache.maven.lifecycle.internal.LifecycleModuleBuilder.buildProject(LifecycleModuleBuilder.java:117)
  	at org.apache.maven.lifecycle.internal.LifecycleModuleBuilder.buildProject(LifecycleModuleBuilder.java:81)
  	at org.apache.maven.lifecycle.internal.builder.singlethreaded.SingleThreadedBuilder.build(SingleThreadedBuilder.java:56)
  	at org.apache.maven.lifecycle.internal.LifecycleStarter.execute(LifecycleStarter.java:128)
  	at org.apache.maven.DefaultMaven.doExecute(DefaultMaven.java:294)
  	at org.apache.maven.DefaultMaven.doExecute(DefaultMaven.java:192)
  	at org.apache.maven.DefaultMaven.execute(DefaultMaven.java:105)
  	at org.apache.maven.cli.MavenCli.execute(MavenCli.java:960)
  	at org.apache.maven.cli.MavenCli.doMain(MavenCli.java:293)
  	at org.apache.maven.cli.MavenCli.main(MavenCli.java:196)
  	at java.base/jdk.internal.reflect.NativeMethodAccessorImpl.invoke0(Native Method)
  	at java.base/jdk.internal.reflect.NativeMethodAccessorImpl.invoke(NativeMethodAccessorImpl.java:62)
  	at java.base/jdk.internal.reflect.DelegatingMethodAccessorImpl.invoke(DelegatingMethodAccessorImpl.java:43)
  	at java.base/java.lang.reflect.Method.invoke(Method.java:566)
  	at org.codehaus.plexus.classworlds.launcher.Launcher.launchEnhanced(Launcher.java:282)
  	at org.codehaus.plexus.classworlds.launcher.Launcher.launch(Launcher.java:225)
  	at org.codehaus.plexus.classworlds.launcher.Launcher.mainWithExitCode(Launcher.java:406)
  	at org.codehaus.plexus.classworlds.launcher.Launcher.main(Launcher.java:347)
[INFO] 1 error
[INFO] -------------------------------------------------------------
[INFO] ------------------------------------------------------------------------
[INFO] BUILD FAILURE
[INFO] ------------------------------------------------------------------------
[INFO] Total time:  2.180 s
[INFO] Finished at: 2023-01-07T00:23:11Z
[INFO] ------------------------------------------------------------------------
[ERROR] Failed to execute goal org.apache.maven.plugins:maven-compiler-plugin:3.8.1:testCompile (default-testCompile) on project hyperscan: Compilation failure
[ERROR] Annotation generator had thrown the exception. java.lang.AbstractMethodError: Receiver class org.openjdk.jmh.generators.annotations.APGeneratorDestinaton does not define or inherit an implementation of the resolved method 'abstract java.io.Writer newClass(java.lang.String)' of interface org.openjdk.jmh.generators.core.GeneratorDestination.
[ERROR]   	at org.openjdk.jmh.generators.core.BenchmarkGenerator.generateClass(BenchmarkGenerator.java:446)
[ERROR]   	at org.openjdk.jmh.generators.core.BenchmarkGenerator.generate(BenchmarkGenerator.java:84)
[ERROR]   	at org.openjdk.jmh.generators.BenchmarkProcessor.process(BenchmarkProcessor.java:57)
[ERROR]   	at jdk.compiler/com.sun.tools.javac.processing.JavacProcessingEnvironment.callProcessor(JavacProcessingEnvironment.java:985)
[ERROR]   	at jdk.compiler/com.sun.tools.javac.processing.JavacProcessingEnvironment.discoverAndRunProcs(JavacProcessingEnvironment.java:901)
[ERROR]   	at jdk.compiler/com.sun.tools.javac.processing.JavacProcessingEnvironment$Round.run(JavacProcessingEnvironment.java:1227)
[ERROR]   	at jdk.compiler/com.sun.tools.javac.processing.JavacProcessingEnvironment.doProcessing(JavacProcessingEnvironment.java:1340)
[ERROR]   	at jdk.compiler/com.sun.tools.javac.main.JavaCompiler.processAnnotations(JavaCompiler.java:1254)
[ERROR]   	at jdk.compiler/com.sun.tools.javac.main.JavaCompiler.compile(JavaCompiler.java:936)
[ERROR]   	at jdk.compiler/com.sun.tools.javac.api.JavacTaskImpl.lambda$doCall$0(JavacTaskImpl.java:104)
[ERROR]   	at jdk.compiler/com.sun.tools.javac.api.JavacTaskImpl.handleExceptions(JavacTaskImpl.java:147)
[ERROR]   	at jdk.compiler/com.sun.tools.javac.api.JavacTaskImpl.doCall(JavacTaskImpl.java:100)
[ERROR]   	at jdk.compiler/com.sun.tools.javac.api.JavacTaskImpl.call(JavacTaskImpl.java:94)
[ERROR]   	at org.codehaus.plexus.compiler.javac.JavaxToolsCompiler.compileInProcess(JavaxToolsCompiler.java:126)
[ERROR]   	at org.codehaus.plexus.compiler.javac.JavacCompiler.performCompile(JavacCompiler.java:174)
[ERROR]   	at org.apache.maven.plugin.compiler.AbstractCompilerMojo.execute(AbstractCompilerMojo.java:1134)
[ERROR]   	at org.apache.maven.plugin.compiler.TestCompilerMojo.execute(TestCompilerMojo.java:180)
[ERROR]   	at org.apache.maven.plugin.DefaultBuildPluginManager.executeMojo(DefaultBuildPluginManager.java:137)
[ERROR]   	at org.apache.maven.lifecycle.internal.MojoExecutor.doExecute2(MojoExecutor.java:370)
[ERROR]   	at org.apache.maven.lifecycle.internal.MojoExecutor.doExecute(MojoExecutor.java:351)
[ERROR]   	at org.apache.maven.lifecycle.internal.MojoExecutor.execute(MojoExecutor.java:215)
[ERROR]   	at org.apache.maven.lifecycle.internal.MojoExecutor.execute(MojoExecutor.java:171)
[ERROR]   	at org.apache.maven.lifecycle.internal.MojoExecutor.execute(MojoExecutor.java:163)
[ERROR]   	at org.apache.maven.lifecycle.internal.LifecycleModuleBuilder.buildProject(LifecycleModuleBuilder.java:117)
[ERROR]   	at org.apache.maven.lifecycle.internal.LifecycleModuleBuilder.buildProject(LifecycleModuleBuilder.java:81)
[ERROR]   	at org.apache.maven.lifecycle.internal.builder.singlethreaded.SingleThreadedBuilder.build(SingleThreadedBuilder.java:56)
[ERROR]   	at org.apache.maven.lifecycle.internal.LifecycleStarter.execute(LifecycleStarter.java:128)
[ERROR]   	at org.apache.maven.DefaultMaven.doExecute(DefaultMaven.java:294)
[ERROR]   	at org.apache.maven.DefaultMaven.doExecute(DefaultMaven.java:192)
[ERROR]   	at org.apache.maven.DefaultMaven.execute(DefaultMaven.java:105)
[ERROR]   	at org.apache.maven.cli.MavenCli.execute(MavenCli.java:960)
[ERROR]   	at org.apache.maven.cli.MavenCli.doMain(MavenCli.java:293)
[ERROR]   	at org.apache.maven.cli.MavenCli.main(MavenCli.java:196)
[ERROR]   	at java.base/jdk.internal.reflect.NativeMethodAccessorImpl.invoke0(Native Method)
[ERROR]   	at java.base/jdk.internal.reflect.NativeMethodAccessorImpl.invoke(NativeMethodAccessorImpl.java:62)
[ERROR]   	at java.base/jdk.internal.reflect.DelegatingMethodAccessorImpl.invoke(DelegatingMethodAccessorImpl.java:43)
[ERROR]   	at java.base/java.lang.reflect.Method.invoke(Method.java:566)
[ERROR]   	at org.codehaus.plexus.classworlds.launcher.Launcher.launchEnhanced(Launcher.java:282)
[ERROR]   	at org.codehaus.plexus.classworlds.launcher.Launcher.launch(Launcher.java:225)
[ERROR]   	at org.codehaus.plexus.classworlds.launcher.Launcher.mainWithExitCode(Launcher.java:406)
[ERROR]   	at org.codehaus.plexus.classworlds.launcher.Launcher.main(Launcher.java:347)
[ERROR] -> [Help 1]
[ERROR] 
[ERROR] To see the full stack trace of the errors, re-run Maven with the -e switch.
[ERROR] Re-run Maven using the -X switch to enable full debug logging.
[ERROR] 
[ERROR] For more information about the errors and possible solutions, please read the following articles:
[ERROR] [Help 1] http://cwiki.apache.org/confluence/display/MAVEN/MojoFailureException
