[INFO] Scanning for projects...
[INFO] ------------------------------------------------------------------------
[INFO] Reactor Build Order:
[INFO] 
[INFO] Fastexcel Project                                                  [pom]
[INFO] Fastexcel Writer                                                   [jar]
[INFO] Fastexcel Reader                                                   [jar]
[INFO] Fastexcel End-to-End tests                                         [jar]
[INFO] 
[INFO] --------------------< org.dhatim:fastexcel-parent >---------------------
[INFO] Building Fastexcel Project 0-SNAPSHOT                              [1/4]
[INFO] --------------------------------[ pom ]---------------------------------
[INFO] 
[INFO] --- maven-clean-plugin:3.1.0:clean (default-clean) @ fastexcel-parent ---
[INFO] 
[INFO] --- maven-enforcer-plugin:3.0.0:enforce (enforce-sane-dependency-versions) @ fastexcel-parent ---
[INFO] 
[INFO] ------------------------< org.dhatim:fastexcel >------------------------
[INFO] Building Fastexcel Writer 0-SNAPSHOT                               [2/4]
[INFO] --------------------------------[ jar ]---------------------------------
[INFO] 
[INFO] --- maven-clean-plugin:3.1.0:clean (default-clean) @ fastexcel ---
[INFO] Deleting /home/gabsko/breaking-updates/fastexcel-writer/target
[INFO] 
[INFO] --- maven-enforcer-plugin:3.0.0:enforce (enforce-sane-dependency-versions) @ fastexcel ---
[WARNING] The POM for org.apache.logging.log4j:log4j-api-java9:zip:2.14.1 is missing, no dependency information available
[WARNING] The POM for org.apache.logging.log4j:log4j-core-java9:zip:2.14.1 is missing, no dependency information available
[WARNING] 
Dependency convergence error for org.codehaus.plexus:plexus-utils:jar:2.0.4:test paths to dependency are:
+-org.dhatim:fastexcel:jar:0-SNAPSHOT
  +-org.apache.poi:poi-ooxml:jar:5.1.0:test
    +-org.apache.xmlbeans:xmlbeans:jar:5.0.2:test
      +-org.apache.maven:maven-plugin-api:jar:3.0:test
        +-org.apache.maven:maven-artifact:jar:3.0:test
          +-org.codehaus.plexus:plexus-utils:jar:2.0.4:test
and
+-org.dhatim:fastexcel:jar:0-SNAPSHOT
  +-org.apache.poi:poi-ooxml:jar:5.1.0:test
    +-org.apache.xmlbeans:xmlbeans:jar:5.0.2:test
      +-org.apache.maven:maven-plugin-api:jar:3.0:test
        +-org.sonatype.sisu:sisu-inject-plexus:jar:1.4.2:test
          +-org.codehaus.plexus:plexus-utils:jar:2.0.5:test
and
+-org.dhatim:fastexcel:jar:0-SNAPSHOT
  +-org.apache.poi:poi-ooxml:jar:5.1.0:test
    +-org.apache.xmlbeans:xmlbeans:jar:5.0.2:test
      +-org.apache.maven:maven-model:jar:3.0:test
        +-org.codehaus.plexus:plexus-utils:jar:2.0.4:test

[WARNING] 
Dependency convergence error for org.osgi:org.osgi.core:jar:4.3.1:test paths to dependency are:
+-org.dhatim:fastexcel:jar:0-SNAPSHOT
  +-org.apache.poi:poi-ooxml:jar:5.1.0:test
    +-org.apache.xmlbeans:xmlbeans:jar:5.0.2:test
      +-org.apache.logging.log4j:log4j-core:jar:2.14.1:test
        +-org.osgi:org.osgi.core:jar:4.3.1:test
and
+-org.dhatim:fastexcel:jar:0-SNAPSHOT
  +-org.apache.poi:poi-ooxml:jar:5.1.0:test
    +-org.apache.commons:commons-compress:jar:1.21:test
      +-org.osgi:org.osgi.core:jar:6.0.0:test
and
+-org.dhatim:fastexcel:jar:0-SNAPSHOT
  +-org.apache.poi:poi-ooxml:jar:5.1.0:test
    +-org.apache.logging.log4j:log4j-api:jar:2.14.1:test
      +-org.osgi:org.osgi.core:jar:4.3.1:test

[WARNING] Rule 3: org.apache.maven.plugins.enforcer.DependencyConvergence failed with message:
Failed while enforcing releasability. See above detailed error message.
[INFO] 
[INFO] --- maven-resources-plugin:3.2.0:resources (default-resources) @ fastexcel ---
[INFO] Using 'UTF-8' encoding to copy filtered resources.
[INFO] Using 'UTF-8' encoding to copy filtered properties files.
[INFO] skip non existing resourceDirectory /home/gabsko/breaking-updates/fastexcel-writer/src/main/resources
[INFO] 
[INFO] --- maven-compiler-plugin:3.8.1:compile (default-compile) @ fastexcel ---
[INFO] Changes detected - recompiling the module!
[INFO] Compiling 34 source files to /home/gabsko/breaking-updates/fastexcel-writer/target/classes
[INFO] /home/gabsko/breaking-updates/fastexcel-writer/src/main/java/org/dhatim/fastexcel/Worksheet.java: /home/gabsko/breaking-updates/fastexcel-writer/src/main/java/org/dhatim/fastexcel/Worksheet.java uses unchecked or unsafe operations.
[INFO] /home/gabsko/breaking-updates/fastexcel-writer/src/main/java/org/dhatim/fastexcel/Worksheet.java: Recompile with -Xlint:unchecked for details.
[INFO] 
[INFO] --- maven-resources-plugin:3.2.0:testResources (default-testResources) @ fastexcel ---
[INFO] Using 'UTF-8' encoding to copy filtered resources.
[INFO] Using 'UTF-8' encoding to copy filtered properties files.
[INFO] skip non existing resourceDirectory /home/gabsko/breaking-updates/fastexcel-writer/src/test/resources
[INFO] 
[INFO] --- maven-compiler-plugin:3.8.1:testCompile (default-testCompile) @ fastexcel ---
[INFO] Changes detected - recompiling the module!
[INFO] Compiling 3 source files to /home/gabsko/breaking-updates/fastexcel-writer/target/test-classes
[INFO] /home/gabsko/breaking-updates/fastexcel-writer/src/test/java/org/dhatim/fastexcel/CorrectnessTest.java: /home/gabsko/breaking-updates/fastexcel-writer/src/test/java/org/dhatim/fastexcel/CorrectnessTest.java uses or overrides a deprecated API.
[INFO] /home/gabsko/breaking-updates/fastexcel-writer/src/test/java/org/dhatim/fastexcel/CorrectnessTest.java: Recompile with -Xlint:deprecation for details.
[INFO] 
[INFO] --- maven-surefire-plugin:3.0.0-M5:test (default-test) @ fastexcel ---
[INFO] 
[INFO] -------------------------------------------------------
[INFO]  T E S T S
[INFO] -------------------------------------------------------
[INFO] Running org.dhatim.fastexcel.PoiCompatibilityTest
ERROR StatusLogger Log4j2 could not find a logging implementation. Please add log4j-core to the classpath. Using SimpleLogger to log to the console...
[INFO] Tests run: 17, Failures: 0, Errors: 0, Skipped: 0, Time elapsed: 2.922 s - in org.dhatim.fastexcel.PoiCompatibilityTest
[INFO] Running org.dhatim.fastexcel.CorrectnessTest
[INFO] Tests run: 18, Failures: 0, Errors: 0, Skipped: 0, Time elapsed: 0.186 s - in org.dhatim.fastexcel.CorrectnessTest
[INFO] Running org.dhatim.fastexcel.WriterTest
[INFO] Tests run: 2, Failures: 0, Errors: 0, Skipped: 0, Time elapsed: 0.002 s - in org.dhatim.fastexcel.WriterTest
[INFO] 
[INFO] Results:
[INFO] 
[INFO] Tests run: 37, Failures: 0, Errors: 0, Skipped: 0
[INFO] 
[INFO] 
[INFO] --------------------< org.dhatim:fastexcel-reader >---------------------
[INFO] Building Fastexcel Reader 0-SNAPSHOT                               [3/4]
[INFO] --------------------------------[ jar ]---------------------------------
[INFO] 
[INFO] --- maven-clean-plugin:3.1.0:clean (default-clean) @ fastexcel-reader ---
[INFO] Deleting /home/gabsko/breaking-updates/fastexcel-reader/target
[INFO] 
[INFO] --- maven-enforcer-plugin:3.0.0:enforce (enforce-sane-dependency-versions) @ fastexcel-reader ---
[WARNING] 
Dependency convergence error for org.codehaus.plexus:plexus-utils:jar:2.0.4:test paths to dependency are:
+-org.dhatim:fastexcel-reader:jar:0-SNAPSHOT
  +-org.apache.poi:poi-ooxml:jar:5.1.0:test
    +-org.apache.xmlbeans:xmlbeans:jar:5.0.2:test
      +-org.apache.maven:maven-plugin-api:jar:3.0:test
        +-org.apache.maven:maven-artifact:jar:3.0:test
          +-org.codehaus.plexus:plexus-utils:jar:2.0.4:test
and
+-org.dhatim:fastexcel-reader:jar:0-SNAPSHOT
  +-org.apache.poi:poi-ooxml:jar:5.1.0:test
    +-org.apache.xmlbeans:xmlbeans:jar:5.0.2:test
      +-org.apache.maven:maven-plugin-api:jar:3.0:test
        +-org.sonatype.sisu:sisu-inject-plexus:jar:1.4.2:test
          +-org.codehaus.plexus:plexus-utils:jar:2.0.5:test
and
+-org.dhatim:fastexcel-reader:jar:0-SNAPSHOT
  +-org.apache.poi:poi-ooxml:jar:5.1.0:test
    +-org.apache.xmlbeans:xmlbeans:jar:5.0.2:test
      +-org.apache.maven:maven-model:jar:3.0:test
        +-org.codehaus.plexus:plexus-utils:jar:2.0.4:test

[WARNING] 
Dependency convergence error for org.osgi:org.osgi.core:jar:6.0.0:provided paths to dependency are:
+-org.dhatim:fastexcel-reader:jar:0-SNAPSHOT
  +-org.apache.commons:commons-compress:jar:1.21:compile
    +-org.osgi:org.osgi.core:jar:6.0.0:provided
and
+-org.dhatim:fastexcel-reader:jar:0-SNAPSHOT
  +-org.apache.poi:poi-ooxml:jar:5.1.0:test
    +-org.apache.xmlbeans:xmlbeans:jar:5.0.2:test
      +-org.apache.logging.log4j:log4j-core:jar:2.14.1:test
        +-org.osgi:org.osgi.core:jar:4.3.1:test
and
+-org.dhatim:fastexcel-reader:jar:0-SNAPSHOT
  +-org.apache.poi:poi-ooxml:jar:5.1.0:test
    +-org.apache.logging.log4j:log4j-api:jar:2.14.1:test
      +-org.osgi:org.osgi.core:jar:4.3.1:test

[WARNING] Rule 3: org.apache.maven.plugins.enforcer.DependencyConvergence failed with message:
Failed while enforcing releasability. See above detailed error message.
[INFO] 
[INFO] --- maven-resources-plugin:3.2.0:resources (default-resources) @ fastexcel-reader ---
[INFO] Using 'UTF-8' encoding to copy filtered resources.
[INFO] Using 'UTF-8' encoding to copy filtered properties files.
[INFO] skip non existing resourceDirectory /home/gabsko/breaking-updates/fastexcel-reader/src/main/resources
[INFO] 
[INFO] --- maven-compiler-plugin:3.8.1:compile (default-compile) @ fastexcel-reader ---
[INFO] Changes detected - recompiling the module!
[INFO] Compiling 16 source files to /home/gabsko/breaking-updates/fastexcel-reader/target/classes
[INFO] 
[INFO] --- maven-resources-plugin:3.2.0:testResources (default-testResources) @ fastexcel-reader ---
[INFO] Using 'UTF-8' encoding to copy filtered resources.
[INFO] Using 'UTF-8' encoding to copy filtered properties files.
[INFO] Copying 49 resources
[INFO] 
[INFO] --- maven-compiler-plugin:3.8.1:testCompile (default-testCompile) @ fastexcel-reader ---
[INFO] Changes detected - recompiling the module!
[INFO] Compiling 9 source files to /home/gabsko/breaking-updates/fastexcel-reader/target/test-classes
[INFO] 
[INFO] --- maven-surefire-plugin:3.0.0-M5:test (default-test) @ fastexcel-reader ---
[INFO] 
[INFO] -------------------------------------------------------
[INFO]  T E S T S
[INFO] -------------------------------------------------------
[INFO] Running org.dhatim.fastexcel.reader.InvalidOPCPackageTest
[INFO] Tests run: 1, Failures: 0, Errors: 0, Skipped: 0, Time elapsed: 0.115 s - in org.dhatim.fastexcel.reader.InvalidOPCPackageTest
[INFO] Running org.dhatim.fastexcel.reader.SimpleReaderTest
[INFO] Tests run: 5, Failures: 0, Errors: 0, Skipped: 0, Time elapsed: 0.046 s - in org.dhatim.fastexcel.reader.SimpleReaderTest
[INFO] Running org.dhatim.fastexcel.reader.ParallelStreamTest
Cleaning up unclosed ZipFile for archive unknown archive
Cleaning up unclosed ZipFile for archive unknown archive
Cleaning up unclosed ZipFile for archive unknown archive
Cleaning up unclosed ZipFile for archive unknown archive
[INFO] Tests run: 1, Failures: 0, Errors: 0, Skipped: 0, Time elapsed: 4.384 s - in org.dhatim.fastexcel.reader.ParallelStreamTest
[INFO] Running org.dhatim.fastexcel.reader.HeaderTest
[INFO] Tests run: 3, Failures: 0, Errors: 0, Skipped: 0, Time elapsed: 0.007 s - in org.dhatim.fastexcel.reader.HeaderTest
[INFO] Running org.dhatim.fastexcel.reader.SheetInfoTest
[INFO] Tests run: 2, Failures: 0, Errors: 0, Skipped: 0, Time elapsed: 0.006 s - in org.dhatim.fastexcel.reader.SheetInfoTest
[INFO] Running org.dhatim.fastexcel.reader.WithFormatTest
[INFO] Tests run: 1, Failures: 0, Errors: 0, Skipped: 0, Time elapsed: 0.004 s - in org.dhatim.fastexcel.reader.WithFormatTest
[INFO] Running org.dhatim.fastexcel.reader.CellAddressTest
[INFO] Tests run: 1, Failures: 0, Errors: 0, Skipped: 0, Time elapsed: 0.001 s - in org.dhatim.fastexcel.reader.CellAddressTest
[INFO] Running org.dhatim.fastexcel.reader.FastExcelReaderTest
ERROR StatusLogger Log4j2 could not find a logging implementation. Please add log4j-core to the classpath. Using SimpleLogger to log to the console...
Jan 13, 2023 4:18:22 PM org.dhatim.fastexcel.reader.FastExcelReaderTest testFile
INFO: Test /xlsx/AutoFilter.xlsx
Jan 13, 2023 4:18:22 PM org.dhatim.fastexcel.reader.FastExcelReaderTest testFile
INFO: Test /xlsx/calendar_stress_test.xlsx
Jan 13, 2023 4:18:26 PM org.dhatim.fastexcel.reader.FastExcelReaderTest testFile
INFO: Test /xlsx/cell_style_simple.xlsx
ERROR POIXMLDocumentPart Skipped invalid entry /xl/sharedStrings.xml
ERROR POIXMLDocumentPart Skipped invalid entry /xl/sharedStrings.xml
ERROR POIXMLDocumentPart Skipped invalid entry /xl/sharedStrings.xml
ERROR POIXMLDocumentPart Skipped invalid entry /xl/sharedStrings.xml
ERROR POIXMLDocumentPart Skipped invalid entry /xl/sharedStrings.xml
ERROR POIXMLDocumentPart Skipped invalid entry /xl/sharedStrings.xml
ERROR POIXMLDocumentPart Skipped invalid entry /xl/sharedStrings.xml
ERROR POIXMLDocumentPart Skipped invalid entry /xl/sharedStrings.xml
ERROR POIXMLDocumentPart Skipped invalid entry /xl/sharedStrings.xml
ERROR POIXMLDocumentPart Skipped invalid entry /xl/sharedStrings.xml
ERROR POIXMLDocumentPart Skipped invalid entry /xl/sharedStrings.xml
ERROR POIXMLDocumentPart Skipped invalid entry /xl/sharedStrings.xml
ERROR POIXMLDocumentPart Skipped invalid entry /xl/sharedStrings.xml
ERROR POIXMLDocumentPart Skipped invalid entry /xl/sharedStrings.xml
Jan 13, 2023 4:18:26 PM org.dhatim.fastexcel.reader.FastExcelReaderTest testFile
INFO: Test /xlsx/comments_stress_test.xlsx
Jan 13, 2023 4:18:26 PM org.dhatim.fastexcel.reader.FastExcelReaderTest testFile
INFO: Test /xlsx/custom_properties.xlsx
ERROR POIXMLDocumentPart Skipped invalid entry /xl/sharedStrings.xml
ERROR POIXMLDocumentPart Skipped invalid entry /xl/sharedStrings.xml
ERROR POIXMLDocumentPart Skipped invalid entry /xl/sharedStrings.xml
ERROR POIXMLDocumentPart Skipped invalid entry /xl/sharedStrings.xml
ERROR POIXMLDocumentPart Skipped invalid entry /xl/sharedStrings.xml
ERROR POIXMLDocumentPart Skipped invalid entry /xl/sharedStrings.xml
ERROR POIXMLDocumentPart Skipped invalid entry /xl/sharedStrings.xml
ERROR POIXMLDocumentPart Skipped invalid entry /xl/sharedStrings.xml
ERROR POIXMLDocumentPart Skipped invalid entry /xl/sharedStrings.xml
ERROR POIXMLDocumentPart Skipped invalid entry /xl/sharedStrings.xml
ERROR POIXMLDocumentPart Skipped invalid entry /xl/sharedStrings.xml
Jan 13, 2023 4:18:26 PM org.dhatim.fastexcel.reader.FastExcelReaderTest testFile
INFO: Test /xlsx/dates.xlsx
Jan 13, 2023 4:18:27 PM org.dhatim.fastexcel.reader.FastExcelReaderTest testFile
INFO: Test /xlsx/defined_names_simple.xlsx
ERROR POIXMLDocumentPart Skipped invalid entry /xl/sharedStrings.xml
ERROR POIXMLDocumentPart Skipped invalid entry /xl/sharedStrings.xml
ERROR POIXMLDocumentPart Skipped invalid entry /xl/sharedStrings.xml
ERROR POIXMLDocumentPart Skipped invalid entry /xl/sharedStrings.xml
ERROR POIXMLDocumentPart Skipped invalid entry /xl/sharedStrings.xml
ERROR POIXMLDocumentPart Skipped invalid entry /xl/sharedStrings.xml
ERROR POIXMLDocumentPart Skipped invalid entry /xl/sharedStrings.xml
ERROR POIXMLDocumentPart Skipped invalid entry /xl/sharedStrings.xml
ERROR POIXMLDocumentPart Skipped invalid entry /xl/sharedStrings.xml
ERROR POIXMLDocumentPart Skipped invalid entry /xl/sharedStrings.xml
ERROR POIXMLDocumentPart Skipped invalid entry /xl/sharedStrings.xml
Jan 13, 2023 4:18:27 PM org.dhatim.fastexcel.reader.FastExcelReaderTest testFile
INFO: Test /xlsx/ErrorTypes.xlsx
Jan 13, 2023 4:18:27 PM org.dhatim.fastexcel.reader.FastExcelReaderTest testFile
INFO: Test /xlsx/formula_stress_test.xlsx
Jan 13, 2023 4:18:27 PM org.dhatim.fastexcel.reader.FastExcelReaderTest testFile
INFO: Test /xlsx/formulae_test_simple.xlsx
ERROR POIXMLDocumentPart Skipped invalid entry /xl/sharedStrings.xml
ERROR POIXMLDocumentPart Skipped invalid entry /xl/sharedStrings.xml
ERROR POIXMLDocumentPart Skipped invalid entry /xl/sharedStrings.xml
ERROR POIXMLDocumentPart Skipped invalid entry /xl/sharedStrings.xml
ERROR POIXMLDocumentPart Skipped invalid entry /xl/sharedStrings.xml
ERROR POIXMLDocumentPart Skipped invalid entry /xl/sharedStrings.xml
ERROR POIXMLDocumentPart Skipped invalid entry /xl/sharedStrings.xml
Jan 13, 2023 4:18:27 PM org.dhatim.fastexcel.reader.FastExcelReaderTest testFile
INFO: Test /xlsx/hyperlink_no_rels.xlsx
Jan 13, 2023 4:18:27 PM org.dhatim.fastexcel.reader.FastExcelReaderTest testFile
INFO: Test /xlsx/hyperlink_stress_test_2011.xlsx
Jan 13, 2023 4:18:27 PM org.dhatim.fastexcel.reader.FastExcelReaderTest testFile
INFO: Test /xlsx/interview.xlsx
Jan 13, 2023 4:18:27 PM org.dhatim.fastexcel.reader.FastExcelReaderTest testFile
INFO: Test /xlsx/issue.xlsx
Jan 13, 2023 4:18:27 PM org.dhatim.fastexcel.reader.FastExcelReaderTest testFile
INFO: Test /xlsx/LONumbers-2010.xlsx
Jan 13, 2023 4:18:27 PM org.dhatim.fastexcel.reader.FastExcelReaderTest testFile
INFO: Test /xlsx/LONumbers-2011.xlsx
Jan 13, 2023 4:18:27 PM org.dhatim.fastexcel.reader.FastExcelReaderTest testFile
INFO: Test /xlsx/LONumbers.xlsx
Jan 13, 2023 4:18:27 PM org.dhatim.fastexcel.reader.FastExcelReaderTest testFile
INFO: Test /xlsx/merge_cells.xlsx
Jan 13, 2023 4:18:27 PM org.dhatim.fastexcel.reader.FastExcelReaderTest testFile
INFO: Test /xlsx/mixed_sheets.xlsx
Jan 13, 2023 4:18:27 PM org.dhatim.fastexcel.reader.FastExcelReaderTest testFile
INFO: Test /xlsx/named_ranges_2011.xlsx
Jan 13, 2023 4:18:27 PM org.dhatim.fastexcel.reader.FastExcelReaderTest testFile
INFO: Test /xlsx/number_format_entities.xlsx
ERROR POIXMLDocumentPart Skipped invalid entry /xl/sharedStrings.xml
ERROR POIXMLDocumentPart Skipped invalid entry /xl/sharedStrings.xml
ERROR POIXMLDocumentPart Skipped invalid entry /xl/sharedStrings.xml
ERROR POIXMLDocumentPart Skipped invalid entry /xl/sharedStrings.xml
Jan 13, 2023 4:18:27 PM org.dhatim.fastexcel.reader.FastExcelReaderTest testFile
INFO: Test /xlsx/phonetic_text.xlsx
Jan 13, 2023 4:18:27 PM org.dhatim.fastexcel.reader.FastExcelReaderTest testFile
INFO: Test /xlsx/pivot_table_named_range.xlsx
Jan 13, 2023 4:18:27 PM org.dhatim.fastexcel.reader.FastExcelReaderTest testFile
INFO: Test /xlsx/rich_text_stress.xlsx
Jan 13, 2023 4:18:27 PM org.dhatim.fastexcel.reader.FastExcelReaderTest testFile
INFO: Test /xlsx/rels.xlsx
Jan 13, 2023 4:18:27 PM org.dhatim.fastexcel.reader.FastExcelReaderTest testFile
INFO: Test /xlsx/RkNumber.xlsx
Jan 13, 2023 4:18:27 PM org.dhatim.fastexcel.reader.FastExcelReaderTest testFile
INFO: Test /xlsx/smart_tags_2007.xlsx
Jan 13, 2023 4:18:27 PM org.dhatim.fastexcel.reader.FastExcelReaderTest testFile
INFO: Test /xlsx/sushi.xlsx
Jan 13, 2023 4:18:27 PM org.dhatim.fastexcel.reader.FastExcelReaderTest testFile
INFO: Test /xlsx/text_and_numbers.xlsx
Jan 13, 2023 4:18:27 PM org.dhatim.fastexcel.reader.FastExcelReaderTest testFile
INFO: Test /xlsx/world.xlsx
Jan 13, 2023 4:18:27 PM org.dhatim.fastexcel.reader.FastExcelReaderTest testFile
INFO: Test /xlsx/write.xlsx
Jan 13, 2023 4:18:27 PM org.dhatim.fastexcel.reader.FastExcelReaderTest testFile
INFO: Test /xlsx/issue143.xlsx
[INFO] Tests run: 33, Failures: 0, Errors: 0, Skipped: 0, Time elapsed: 5.508 s - in org.dhatim.fastexcel.reader.FastExcelReaderTest
[INFO] 
[INFO] Results:
[INFO] 
[INFO] Tests run: 47, Failures: 0, Errors: 0, Skipped: 0
[INFO] 
[INFO] 
[INFO] ----------------------< org.dhatim:fastexcel-e2e >----------------------
[INFO] Building Fastexcel End-to-End tests 0-SNAPSHOT                     [4/4]
[INFO] --------------------------------[ jar ]---------------------------------
[INFO] 
[INFO] --- maven-clean-plugin:3.1.0:clean (default-clean) @ fastexcel-e2e ---
[INFO] Deleting /home/gabsko/breaking-updates/e2e/target
[INFO] 
[INFO] --- maven-enforcer-plugin:3.0.0:enforce (enforce-sane-dependency-versions) @ fastexcel-e2e ---
[WARNING] 
Dependency convergence error for org.apache.commons:commons-math3:jar:3.6.1:compile paths to dependency are:
+-org.dhatim:fastexcel-e2e:jar:0-SNAPSHOT
  +-org.apache.poi:poi-ooxml:jar:5.1.0:compile
    +-org.apache.poi:poi:jar:5.1.0:compile
      +-org.apache.commons:commons-math3:jar:3.6.1:compile
and
+-org.dhatim:fastexcel-e2e:jar:0-SNAPSHOT
  +-org.openjdk.jmh:jmh-core:jar:1.33:test
    +-org.apache.commons:commons-math3:jar:3.2:compile

[WARNING] 
Dependency convergence error for org.codehaus.plexus:plexus-utils:jar:2.0.4:provided paths to dependency are:
+-org.dhatim:fastexcel-e2e:jar:0-SNAPSHOT
  +-org.apache.poi:poi-ooxml:jar:5.1.0:compile
    +-org.apache.xmlbeans:xmlbeans:jar:5.0.2:compile
      +-org.apache.maven:maven-plugin-api:jar:3.0:provided
        +-org.apache.maven:maven-artifact:jar:3.0:provided
          +-org.codehaus.plexus:plexus-utils:jar:2.0.4:provided
and
+-org.dhatim:fastexcel-e2e:jar:0-SNAPSHOT
  +-org.apache.poi:poi-ooxml:jar:5.1.0:compile
    +-org.apache.xmlbeans:xmlbeans:jar:5.0.2:compile
      +-org.apache.maven:maven-plugin-api:jar:3.0:provided
        +-org.sonatype.sisu:sisu-inject-plexus:jar:1.4.2:provided
          +-org.codehaus.plexus:plexus-utils:jar:2.0.5:provided
and
+-org.dhatim:fastexcel-e2e:jar:0-SNAPSHOT
  +-org.apache.poi:poi-ooxml:jar:5.1.0:compile
    +-org.apache.xmlbeans:xmlbeans:jar:5.0.2:compile
      +-org.apache.maven:maven-model:jar:3.0:provided
        +-org.codehaus.plexus:plexus-utils:jar:2.0.4:provided

[WARNING] 
Dependency convergence error for org.osgi:org.osgi.core:jar:6.0.0:provided paths to dependency are:
+-org.dhatim:fastexcel-e2e:jar:0-SNAPSHOT
  +-org.dhatim:fastexcel-reader:jar:0-SNAPSHOT:compile
    +-org.apache.commons:commons-compress:jar:1.21:compile
      +-org.osgi:org.osgi.core:jar:6.0.0:provided
and
+-org.dhatim:fastexcel-e2e:jar:0-SNAPSHOT
  +-org.apache.poi:poi-ooxml:jar:5.1.0:compile
    +-org.apache.xmlbeans:xmlbeans:jar:5.0.2:compile
      +-org.apache.logging.log4j:log4j-core:jar:2.14.1:provided
        +-org.osgi:org.osgi.core:jar:4.3.1:provided
and
+-org.dhatim:fastexcel-e2e:jar:0-SNAPSHOT
  +-org.apache.poi:poi-ooxml:jar:5.1.0:compile
    +-org.apache.logging.log4j:log4j-api:jar:2.14.1:compile
      +-org.osgi:org.osgi.core:jar:4.3.1:provided

[WARNING] 
Dependency convergence error for org.openjdk.jmh:jmh-core:jar:1.33:test paths to dependency are:
+-org.dhatim:fastexcel-e2e:jar:0-SNAPSHOT
  +-org.openjdk.jmh:jmh-core:jar:1.33:test
and
+-org.dhatim:fastexcel-e2e:jar:0-SNAPSHOT
  +-org.openjdk.jmh:jmh-generator-annprocess:jar:1.34:test
    +-org.openjdk.jmh:jmh-core:jar:1.34:test

[WARNING] Rule 3: org.apache.maven.plugins.enforcer.DependencyConvergence failed with message:
Failed while enforcing releasability. See above detailed error message.
[INFO] 
[INFO] --- maven-resources-plugin:3.2.0:resources (default-resources) @ fastexcel-e2e ---
[INFO] Using 'UTF-8' encoding to copy filtered resources.
[INFO] Using 'UTF-8' encoding to copy filtered properties files.
[INFO] skip non existing resourceDirectory /home/gabsko/breaking-updates/e2e/src/main/resources
[INFO] 
[INFO] --- maven-compiler-plugin:3.8.1:compile (default-compile) @ fastexcel-e2e ---
[INFO] No sources to compile
[INFO] 
[INFO] --- maven-resources-plugin:3.2.0:testResources (default-testResources) @ fastexcel-e2e ---
[INFO] Using 'UTF-8' encoding to copy filtered resources.
[INFO] Using 'UTF-8' encoding to copy filtered properties files.
[INFO] Copying 1 resource
[INFO] 
[INFO] --- maven-compiler-plugin:3.8.1:testCompile (default-testCompile) @ fastexcel-e2e ---
[INFO] Changes detected - recompiling the module!
[INFO] Compiling 4 source files to /home/gabsko/breaking-updates/e2e/target/test-classes
[INFO] -------------------------------------------------------------
[ERROR] COMPILATION ERROR : 
[INFO] -------------------------------------------------------------
[ERROR] Annotation generator had thrown the exception. java.lang.AbstractMethodError: Receiver class org.openjdk.jmh.generators.annotations.APGeneratorDestinaton does not define or inherit an implementation of the resolved method 'abstract java.io.Writer newClass(java.lang.String)' of interface org.openjdk.jmh.generators.core.GeneratorDestination.
  	at org.openjdk.jmh.generators.core.BenchmarkGenerator.generateClass(BenchmarkGenerator.java:448)
  	at org.openjdk.jmh.generators.core.BenchmarkGenerator.generate(BenchmarkGenerator.java:86)
  	at org.openjdk.jmh.generators.BenchmarkProcessor.process(BenchmarkProcessor.java:57)
  	at jdk.compiler/com.sun.tools.javac.processing.JavacProcessingEnvironment.callProcessor(JavacProcessingEnvironment.java:985)
  	at jdk.compiler/com.sun.tools.javac.processing.JavacProcessingEnvironment.discoverAndRunProcs(JavacProcessingEnvironment.java:901)
  	at jdk.compiler/com.sun.tools.javac.processing.JavacProcessingEnvironment$Round.run(JavacProcessingEnvironment.java:1227)
  	at jdk.compiler/com.sun.tools.javac.processing.JavacProcessingEnvironment.doProcessing(JavacProcessingEnvironment.java:1340)
  	at jdk.compiler/com.sun.tools.javac.main.JavaCompiler.processAnnotations(JavaCompiler.java:1254)
  	at jdk.compiler/com.sun.tools.javac.main.JavaCompiler.compile(JavaCompiler.java:936)
  	at jdk.compiler/com.sun.tools.javac.api.JavacTaskImpl.lambda$doCall$0(JavacTaskImpl.java:104)
  	at jdk.compiler/com.sun.tools.javac.api.JavacTaskImpl.handleExceptions(JavacTaskImpl.java:147)
  	at jdk.compiler/com.sun.tools.javac.api.JavacTaskImpl.doCall(JavacTaskImpl.java:100)
  	at jdk.compiler/com.sun.tools.javac.api.JavacTaskImpl.call(JavacTaskImpl.java:94)
  	at org.codehaus.plexus.compiler.javac.JavaxToolsCompiler.compileInProcess(JavaxToolsCompiler.java:126)
  	at org.codehaus.plexus.compiler.javac.JavacCompiler.performCompile(JavacCompiler.java:174)
  	at org.apache.maven.plugin.compiler.AbstractCompilerMojo.execute(AbstractCompilerMojo.java:1134)
  	at org.apache.maven.plugin.compiler.TestCompilerMojo.execute(TestCompilerMojo.java:180)
  	at org.apache.maven.plugin.DefaultBuildPluginManager.executeMojo(DefaultBuildPluginManager.java:137)
  	at org.apache.maven.lifecycle.internal.MojoExecutor.doExecute2(MojoExecutor.java:370)
  	at org.apache.maven.lifecycle.internal.MojoExecutor.doExecute(MojoExecutor.java:351)
  	at org.apache.maven.lifecycle.internal.MojoExecutor.execute(MojoExecutor.java:215)
  	at org.apache.maven.lifecycle.internal.MojoExecutor.execute(MojoExecutor.java:171)
  	at org.apache.maven.lifecycle.internal.MojoExecutor.execute(MojoExecutor.java:163)
  	at org.apache.maven.lifecycle.internal.LifecycleModuleBuilder.buildProject(LifecycleModuleBuilder.java:117)
  	at org.apache.maven.lifecycle.internal.LifecycleModuleBuilder.buildProject(LifecycleModuleBuilder.java:81)
  	at org.apache.maven.lifecycle.internal.builder.singlethreaded.SingleThreadedBuilder.build(SingleThreadedBuilder.java:56)
  	at org.apache.maven.lifecycle.internal.LifecycleStarter.execute(LifecycleStarter.java:128)
  	at org.apache.maven.DefaultMaven.doExecute(DefaultMaven.java:294)
  	at org.apache.maven.DefaultMaven.doExecute(DefaultMaven.java:192)
  	at org.apache.maven.DefaultMaven.execute(DefaultMaven.java:105)
  	at org.apache.maven.cli.MavenCli.execute(MavenCli.java:960)
  	at org.apache.maven.cli.MavenCli.doMain(MavenCli.java:293)
  	at org.apache.maven.cli.MavenCli.main(MavenCli.java:196)
  	at java.base/jdk.internal.reflect.NativeMethodAccessorImpl.invoke0(Native Method)
  	at java.base/jdk.internal.reflect.NativeMethodAccessorImpl.invoke(NativeMethodAccessorImpl.java:62)
  	at java.base/jdk.internal.reflect.DelegatingMethodAccessorImpl.invoke(DelegatingMethodAccessorImpl.java:43)
  	at java.base/java.lang.reflect.Method.invoke(Method.java:566)
  	at org.codehaus.plexus.classworlds.launcher.Launcher.launchEnhanced(Launcher.java:282)
  	at org.codehaus.plexus.classworlds.launcher.Launcher.launch(Launcher.java:225)
  	at org.codehaus.plexus.classworlds.launcher.Launcher.mainWithExitCode(Launcher.java:406)
  	at org.codehaus.plexus.classworlds.launcher.Launcher.main(Launcher.java:347)
[INFO] 1 error
[INFO] -------------------------------------------------------------
[INFO] ------------------------------------------------------------------------
[INFO] Reactor Summary for Fastexcel Project 0-SNAPSHOT:
[INFO] 
[INFO] Fastexcel Project .................................. SUCCESS [  0.384 s]
[INFO] Fastexcel Writer ................................... SUCCESS [  5.387 s]
[INFO] Fastexcel Reader ................................... SUCCESS [ 10.990 s]
[INFO] Fastexcel End-to-End tests ......................... FAILURE [  0.163 s]
[INFO] ------------------------------------------------------------------------
[INFO] BUILD FAILURE
[INFO] ------------------------------------------------------------------------
[INFO] Total time:  17.023 s
[INFO] Finished at: 2023-01-13T16:18:27Z
[INFO] ------------------------------------------------------------------------
[ERROR] Failed to execute goal org.apache.maven.plugins:maven-compiler-plugin:3.8.1:testCompile (default-testCompile) on project fastexcel-e2e: Compilation failure
[ERROR] Annotation generator had thrown the exception. java.lang.AbstractMethodError: Receiver class org.openjdk.jmh.generators.annotations.APGeneratorDestinaton does not define or inherit an implementation of the resolved method 'abstract java.io.Writer newClass(java.lang.String)' of interface org.openjdk.jmh.generators.core.GeneratorDestination.
[ERROR]   	at org.openjdk.jmh.generators.core.BenchmarkGenerator.generateClass(BenchmarkGenerator.java:448)
[ERROR]   	at org.openjdk.jmh.generators.core.BenchmarkGenerator.generate(BenchmarkGenerator.java:86)
[ERROR]   	at org.openjdk.jmh.generators.BenchmarkProcessor.process(BenchmarkProcessor.java:57)
[ERROR]   	at jdk.compiler/com.sun.tools.javac.processing.JavacProcessingEnvironment.callProcessor(JavacProcessingEnvironment.java:985)
[ERROR]   	at jdk.compiler/com.sun.tools.javac.processing.JavacProcessingEnvironment.discoverAndRunProcs(JavacProcessingEnvironment.java:901)
[ERROR]   	at jdk.compiler/com.sun.tools.javac.processing.JavacProcessingEnvironment$Round.run(JavacProcessingEnvironment.java:1227)
[ERROR]   	at jdk.compiler/com.sun.tools.javac.processing.JavacProcessingEnvironment.doProcessing(JavacProcessingEnvironment.java:1340)
[ERROR]   	at jdk.compiler/com.sun.tools.javac.main.JavaCompiler.processAnnotations(JavaCompiler.java:1254)
[ERROR]   	at jdk.compiler/com.sun.tools.javac.main.JavaCompiler.compile(JavaCompiler.java:936)
[ERROR]   	at jdk.compiler/com.sun.tools.javac.api.JavacTaskImpl.lambda$doCall$0(JavacTaskImpl.java:104)
[ERROR]   	at jdk.compiler/com.sun.tools.javac.api.JavacTaskImpl.handleExceptions(JavacTaskImpl.java:147)
[ERROR]   	at jdk.compiler/com.sun.tools.javac.api.JavacTaskImpl.doCall(JavacTaskImpl.java:100)
[ERROR]   	at jdk.compiler/com.sun.tools.javac.api.JavacTaskImpl.call(JavacTaskImpl.java:94)
[ERROR]   	at org.codehaus.plexus.compiler.javac.JavaxToolsCompiler.compileInProcess(JavaxToolsCompiler.java:126)
[ERROR]   	at org.codehaus.plexus.compiler.javac.JavacCompiler.performCompile(JavacCompiler.java:174)
[ERROR]   	at org.apache.maven.plugin.compiler.AbstractCompilerMojo.execute(AbstractCompilerMojo.java:1134)
[ERROR]   	at org.apache.maven.plugin.compiler.TestCompilerMojo.execute(TestCompilerMojo.java:180)
[ERROR]   	at org.apache.maven.plugin.DefaultBuildPluginManager.executeMojo(DefaultBuildPluginManager.java:137)
[ERROR]   	at org.apache.maven.lifecycle.internal.MojoExecutor.doExecute2(MojoExecutor.java:370)
[ERROR]   	at org.apache.maven.lifecycle.internal.MojoExecutor.doExecute(MojoExecutor.java:351)
[ERROR]   	at org.apache.maven.lifecycle.internal.MojoExecutor.execute(MojoExecutor.java:215)
[ERROR]   	at org.apache.maven.lifecycle.internal.MojoExecutor.execute(MojoExecutor.java:171)
[ERROR]   	at org.apache.maven.lifecycle.internal.MojoExecutor.execute(MojoExecutor.java:163)
[ERROR]   	at org.apache.maven.lifecycle.internal.LifecycleModuleBuilder.buildProject(LifecycleModuleBuilder.java:117)
[ERROR]   	at org.apache.maven.lifecycle.internal.LifecycleModuleBuilder.buildProject(LifecycleModuleBuilder.java:81)
[ERROR]   	at org.apache.maven.lifecycle.internal.builder.singlethreaded.SingleThreadedBuilder.build(SingleThreadedBuilder.java:56)
[ERROR]   	at org.apache.maven.lifecycle.internal.LifecycleStarter.execute(LifecycleStarter.java:128)
[ERROR]   	at org.apache.maven.DefaultMaven.doExecute(DefaultMaven.java:294)
[ERROR]   	at org.apache.maven.DefaultMaven.doExecute(DefaultMaven.java:192)
[ERROR]   	at org.apache.maven.DefaultMaven.execute(DefaultMaven.java:105)
[ERROR]   	at org.apache.maven.cli.MavenCli.execute(MavenCli.java:960)
[ERROR]   	at org.apache.maven.cli.MavenCli.doMain(MavenCli.java:293)
[ERROR]   	at org.apache.maven.cli.MavenCli.main(MavenCli.java:196)
[ERROR]   	at java.base/jdk.internal.reflect.NativeMethodAccessorImpl.invoke0(Native Method)
[ERROR]   	at java.base/jdk.internal.reflect.NativeMethodAccessorImpl.invoke(NativeMethodAccessorImpl.java:62)
[ERROR]   	at java.base/jdk.internal.reflect.DelegatingMethodAccessorImpl.invoke(DelegatingMethodAccessorImpl.java:43)
[ERROR]   	at java.base/java.lang.reflect.Method.invoke(Method.java:566)
[ERROR]   	at org.codehaus.plexus.classworlds.launcher.Launcher.launchEnhanced(Launcher.java:282)
[ERROR]   	at org.codehaus.plexus.classworlds.launcher.Launcher.launch(Launcher.java:225)
[ERROR]   	at org.codehaus.plexus.classworlds.launcher.Launcher.mainWithExitCode(Launcher.java:406)
[ERROR]   	at org.codehaus.plexus.classworlds.launcher.Launcher.main(Launcher.java:347)
[ERROR] -> [Help 1]
[ERROR] 
[ERROR] To see the full stack trace of the errors, re-run Maven with the -e switch.
[ERROR] Re-run Maven using the -X switch to enable full debug logging.
[ERROR] 
[ERROR] For more information about the errors and possible solutions, please read the following articles:
[ERROR] [Help 1] http://cwiki.apache.org/confluence/display/MAVEN/MojoFailureException
[ERROR] 
[ERROR] After correcting the problems, you can resume the build with the command
[ERROR]   mvn <args> -rf :fastexcel-e2e
