[INFO] Scanning for projects...
[INFO] ------------------------------------------------------------------------
[INFO] Reactor Build Order:
[INFO] 
[INFO] billy                                                              [pom]
[INFO] billy core                                                         [jar]
[INFO] billy core JPA                                                     [jar]
[INFO] billy GIN                                                          [jar]
[INFO] billy portugal (PT Pack)                                           [jar]
[INFO] billy spain (ES Pack)                                              [jar]
[INFO] billy france (FR Pack)                                             [jar]
[INFO] 
[INFO] -----------------------< com.premiumminds:billy >-----------------------
[INFO] Building billy 6.0.0-SNAPSHOT                                      [1/7]
[INFO] --------------------------------[ pom ]---------------------------------
[INFO] 
[INFO] --- maven-clean-plugin:2.5:clean (default-clean) @ billy ---
[INFO] 
[INFO] --- license-maven-plugin:4.1:format (format-headers) @ billy ---
[INFO] Updating license headers...
[INFO] 
[INFO] --------------------< com.premiumminds:billy-core >---------------------
[INFO] Building billy core 6.0.0-SNAPSHOT                                 [2/7]
[INFO] --------------------------------[ jar ]---------------------------------
[INFO] 
[INFO] --- maven-clean-plugin:2.5:clean (default-clean) @ billy-core ---
[INFO] Deleting /home/gabsko/breaking-updates/billy-core/target
[INFO] 
[INFO] --- maven-resources-plugin:2.6:resources (default-resources) @ billy-core ---
[INFO] Using 'UTF-8' encoding to copy filtered resources.
[INFO] Copying 5 resources
[INFO] 
[INFO] --- maven-compiler-plugin:3.8.1:compile (default-compile) @ billy-core ---
[INFO] Changes detected - recompiling the module!
[INFO] Compiling 126 source files to /home/gabsko/breaking-updates/billy-core/target/classes
[INFO] /home/gabsko/breaking-updates/billy-core/src/main/java/com/premiumminds/billy/core/services/builders/impl/AbstractBuilder.java: Some input files use unchecked or unsafe operations.
[INFO] /home/gabsko/breaking-updates/billy-core/src/main/java/com/premiumminds/billy/core/services/builders/impl/AbstractBuilder.java: Recompile with -Xlint:unchecked for details.
[INFO] -------------------------------------------------------------
[ERROR] COMPILATION ERROR : 
[INFO] -------------------------------------------------------------
[ERROR] /home/gabsko/breaking-updates/billy-core/src/main/java/com/premiumminds/billy/core/services/builders/impl/AbstractBuilder.java:[21,24] package javax.validation does not exist
[ERROR] /home/gabsko/breaking-updates/billy-core/src/main/java/com/premiumminds/billy/core/services/builders/impl/BankAccountBuilderImpl.java:[72,62] package javax.validation does not exist
[ERROR] /home/gabsko/breaking-updates/billy-core/src/main/java/com/premiumminds/billy/core/services/builders/impl/AbstractBuilder.java:[43,81] cannot find symbol
  symbol:   class ValidationException
  location: class com.premiumminds.billy.core.services.builders.impl.AbstractBuilder<TBuilder,TType>
[ERROR] /home/gabsko/breaking-updates/billy-core/src/main/java/com/premiumminds/billy/core/services/builders/impl/AbstractBuilder.java:[63,59] cannot find symbol
  symbol:   class ValidationException
  location: class com.premiumminds.billy.core.services.builders.impl.AbstractBuilder<TBuilder,TType>
[ERROR] /home/gabsko/breaking-updates/billy-core/src/main/java/com/premiumminds/billy/core/services/builders/impl/ProductBuilderImpl.java:[110,62] package javax.validation does not exist
[ERROR] /home/gabsko/breaking-updates/billy-core/src/main/java/com/premiumminds/billy/core/services/builders/impl/CustomerBuilderImpl.java:[136,62] package javax.validation does not exist
[ERROR] /home/gabsko/breaking-updates/billy-core/src/main/java/com/premiumminds/billy/core/services/builders/impl/ApplicationBuilderImpl.java:[101,62] package javax.validation does not exist
[ERROR] /home/gabsko/breaking-updates/billy-core/src/main/java/com/premiumminds/billy/core/services/builders/impl/TaxBuilderImpl.java:[136,62] package javax.validation does not exist
[ERROR] /home/gabsko/breaking-updates/billy-core/src/main/java/com/premiumminds/billy/core/services/builders/impl/BusinessBuilderImpl.java:[157,62] package javax.validation does not exist
[ERROR] /home/gabsko/breaking-updates/billy-core/src/main/java/com/premiumminds/billy/core/services/builders/impl/PaymentBuilderImpl.java:[24,24] package javax.validation does not exist
[ERROR] /home/gabsko/breaking-updates/billy-core/src/main/java/com/premiumminds/billy/core/services/builders/impl/PaymentBuilderImpl.java:[62,72] cannot find symbol
  symbol:   class ValidationException
  location: class com.premiumminds.billy.core.services.builders.impl.PaymentBuilderImpl<TBuilder,TPayment>
[ERROR] /home/gabsko/breaking-updates/billy-core/src/main/java/com/premiumminds/billy/core/util/BillyValidator.java:[24,24] package javax.validation does not exist
[ERROR] /home/gabsko/breaking-updates/billy-core/src/main/java/com/premiumminds/billy/core/util/BillyValidator.java:[25,24] package javax.validation does not exist
[ERROR] /home/gabsko/breaking-updates/billy-core/src/main/java/com/premiumminds/billy/core/util/BillyValidator.java:[26,24] package javax.validation does not exist
[ERROR] /home/gabsko/breaking-updates/billy-core/src/main/java/com/premiumminds/billy/core/util/BillyValidator.java:[27,24] package javax.validation does not exist
[ERROR] /home/gabsko/breaking-updates/billy-core/src/main/java/com/premiumminds/billy/core/util/BillyValidator.java:[28,24] package javax.validation does not exist
[ERROR] /home/gabsko/breaking-updates/billy-core/src/main/java/com/premiumminds/billy/core/util/BillyValidator.java:[37,13] cannot find symbol
  symbol:   class ValidatorFactory
  location: class com.premiumminds.billy.core.util.BillyValidator
[ERROR] /home/gabsko/breaking-updates/billy-core/src/main/java/com/premiumminds/billy/core/util/BillyValidator.java:[38,13] cannot find symbol
  symbol:   class Validator
  location: class com.premiumminds.billy.core.util.BillyValidator
[ERROR] /home/gabsko/breaking-updates/billy-core/src/main/java/com/premiumminds/billy/core/util/BillyValidator.java:[46,64] cannot find symbol
  symbol:   class ValidationException
  location: class com.premiumminds.billy.core.util.BillyValidator
[ERROR] /home/gabsko/breaking-updates/billy-core/src/main/java/com/premiumminds/billy/core/services/builders/impl/GenericInvoiceBuilderImpl.java:[26,24] package javax.validation does not exist
[ERROR] /home/gabsko/breaking-updates/billy-core/src/main/java/com/premiumminds/billy/core/services/builders/impl/GenericInvoiceBuilderImpl.java:[272,46] cannot find symbol
  symbol:   class ValidationException
  location: class com.premiumminds.billy.core.services.builders.impl.GenericInvoiceBuilderImpl<TBuilder,TEntry,TDocument>
[ERROR] /home/gabsko/breaking-updates/billy-core/src/main/java/com/premiumminds/billy/core/services/builders/impl/GenericInvoiceBuilderImpl.java:[292,44] cannot find symbol
  symbol:   class ValidationException
  location: class com.premiumminds.billy.core.services.builders.impl.GenericInvoiceBuilderImpl<TBuilder,TEntry,TDocument>
[ERROR] /home/gabsko/breaking-updates/billy-core/src/main/java/com/premiumminds/billy/core/services/builders/impl/TicketBuilderImpl.java:[54,62] package javax.validation does not exist
[ERROR] /home/gabsko/breaking-updates/billy-core/src/main/java/com/premiumminds/billy/core/services/builders/impl/ContextBuilderImpl.java:[75,62] package javax.validation does not exist
[ERROR] /home/gabsko/breaking-updates/billy-core/src/main/java/com/premiumminds/billy/core/services/builders/impl/ContactBuilderImpl.java:[86,62] package javax.validation does not exist
[ERROR] /home/gabsko/breaking-updates/billy-core/src/main/java/com/premiumminds/billy/core/services/builders/impl/GenericInvoiceEntryBuilderImpl.java:[27,24] package javax.validation does not exist
[ERROR] /home/gabsko/breaking-updates/billy-core/src/main/java/com/premiumminds/billy/core/services/builders/impl/GenericInvoiceEntryBuilderImpl.java:[236,46] cannot find symbol
  symbol:   class ValidationException
  location: class com.premiumminds.billy.core.services.builders.impl.GenericInvoiceEntryBuilderImpl<TBuilder,TEntry,TDAOEntry,TDAOInvoice>
[ERROR] /home/gabsko/breaking-updates/billy-core/src/main/java/com/premiumminds/billy/core/services/builders/impl/GenericInvoiceEntryBuilderImpl.java:[255,44] cannot find symbol
  symbol:   class ValidationException
  location: class com.premiumminds.billy.core.services.builders.impl.GenericInvoiceEntryBuilderImpl<TBuilder,TEntry,TDAOEntry,TDAOInvoice>
[ERROR] /home/gabsko/breaking-updates/billy-core/src/main/java/com/premiumminds/billy/core/services/builders/impl/GenericInvoiceEntryBuilderImpl.java:[269,23] cannot find symbol
  symbol:   class ValidationException
  location: class com.premiumminds.billy.core.services.builders.impl.GenericInvoiceEntryBuilderImpl<TBuilder,TEntry,TDAOEntry,TDAOInvoice>
[ERROR] /home/gabsko/breaking-updates/billy-core/src/main/java/com/premiumminds/billy/core/util/BillyValidator.java:[42,24] cannot find symbol
  symbol:   variable Validation
  location: class com.premiumminds.billy.core.util.BillyValidator
[ERROR] /home/gabsko/breaking-updates/billy-core/src/main/java/com/premiumminds/billy/core/util/BillyValidator.java:[51,17] cannot find symbol
  symbol:   class ConstraintViolation
  location: class com.premiumminds.billy.core.util.BillyValidator
[ERROR] /home/gabsko/breaking-updates/billy-core/src/main/java/com/premiumminds/billy/core/util/BillyValidator.java:[58,22] cannot find symbol
  symbol:   class ConstraintViolation
  location: class com.premiumminds.billy.core.util.BillyValidator
[ERROR] /home/gabsko/breaking-updates/billy-core/src/main/java/com/premiumminds/billy/core/util/BillyValidator.java:[66,23] cannot find symbol
  symbol:   class ValidationException
  location: class com.premiumminds.billy.core.util.BillyValidator
[INFO] 33 errors 
[INFO] -------------------------------------------------------------
[INFO] ------------------------------------------------------------------------
[INFO] Reactor Summary for billy 6.0.0-SNAPSHOT:
[INFO] 
[INFO] billy .............................................. SUCCESS [  0.350 s]
[INFO] billy core ......................................... FAILURE [  1.108 s]
[INFO] billy core JPA ..................................... SKIPPED
[INFO] billy GIN .......................................... SKIPPED
[INFO] billy portugal (PT Pack) ........................... SKIPPED
[INFO] billy spain (ES Pack) .............................. SKIPPED
[INFO] billy france (FR Pack) ............................. SKIPPED
[INFO] ------------------------------------------------------------------------
[INFO] BUILD FAILURE
[INFO] ------------------------------------------------------------------------
[INFO] Total time:  1.566 s
[INFO] Finished at: 2023-01-13T21:21:42Z
[INFO] ------------------------------------------------------------------------
[ERROR] Failed to execute goal org.apache.maven.plugins:maven-compiler-plugin:3.8.1:compile (default-compile) on project billy-core: Compilation failure: Compilation failure: 
[ERROR] /home/gabsko/breaking-updates/billy-core/src/main/java/com/premiumminds/billy/core/services/builders/impl/AbstractBuilder.java:[21,24] package javax.validation does not exist
[ERROR] /home/gabsko/breaking-updates/billy-core/src/main/java/com/premiumminds/billy/core/services/builders/impl/BankAccountBuilderImpl.java:[72,62] package javax.validation does not exist
[ERROR] /home/gabsko/breaking-updates/billy-core/src/main/java/com/premiumminds/billy/core/services/builders/impl/AbstractBuilder.java:[43,81] cannot find symbol
[ERROR]   symbol:   class ValidationException
[ERROR]   location: class com.premiumminds.billy.core.services.builders.impl.AbstractBuilder<TBuilder,TType>
[ERROR] /home/gabsko/breaking-updates/billy-core/src/main/java/com/premiumminds/billy/core/services/builders/impl/AbstractBuilder.java:[63,59] cannot find symbol
[ERROR]   symbol:   class ValidationException
[ERROR]   location: class com.premiumminds.billy.core.services.builders.impl.AbstractBuilder<TBuilder,TType>
[ERROR] /home/gabsko/breaking-updates/billy-core/src/main/java/com/premiumminds/billy/core/services/builders/impl/ProductBuilderImpl.java:[110,62] package javax.validation does not exist
[ERROR] /home/gabsko/breaking-updates/billy-core/src/main/java/com/premiumminds/billy/core/services/builders/impl/CustomerBuilderImpl.java:[136,62] package javax.validation does not exist
[ERROR] /home/gabsko/breaking-updates/billy-core/src/main/java/com/premiumminds/billy/core/services/builders/impl/ApplicationBuilderImpl.java:[101,62] package javax.validation does not exist
[ERROR] /home/gabsko/breaking-updates/billy-core/src/main/java/com/premiumminds/billy/core/services/builders/impl/TaxBuilderImpl.java:[136,62] package javax.validation does not exist
[ERROR] /home/gabsko/breaking-updates/billy-core/src/main/java/com/premiumminds/billy/core/services/builders/impl/BusinessBuilderImpl.java:[157,62] package javax.validation does not exist
[ERROR] /home/gabsko/breaking-updates/billy-core/src/main/java/com/premiumminds/billy/core/services/builders/impl/PaymentBuilderImpl.java:[24,24] package javax.validation does not exist
[ERROR] /home/gabsko/breaking-updates/billy-core/src/main/java/com/premiumminds/billy/core/services/builders/impl/PaymentBuilderImpl.java:[62,72] cannot find symbol
[ERROR]   symbol:   class ValidationException
[ERROR]   location: class com.premiumminds.billy.core.services.builders.impl.PaymentBuilderImpl<TBuilder,TPayment>
[ERROR] /home/gabsko/breaking-updates/billy-core/src/main/java/com/premiumminds/billy/core/util/BillyValidator.java:[24,24] package javax.validation does not exist
[ERROR] /home/gabsko/breaking-updates/billy-core/src/main/java/com/premiumminds/billy/core/util/BillyValidator.java:[25,24] package javax.validation does not exist
[ERROR] /home/gabsko/breaking-updates/billy-core/src/main/java/com/premiumminds/billy/core/util/BillyValidator.java:[26,24] package javax.validation does not exist
[ERROR] /home/gabsko/breaking-updates/billy-core/src/main/java/com/premiumminds/billy/core/util/BillyValidator.java:[27,24] package javax.validation does not exist
[ERROR] /home/gabsko/breaking-updates/billy-core/src/main/java/com/premiumminds/billy/core/util/BillyValidator.java:[28,24] package javax.validation does not exist
[ERROR] /home/gabsko/breaking-updates/billy-core/src/main/java/com/premiumminds/billy/core/util/BillyValidator.java:[37,13] cannot find symbol
[ERROR]   symbol:   class ValidatorFactory
[ERROR]   location: class com.premiumminds.billy.core.util.BillyValidator
[ERROR] /home/gabsko/breaking-updates/billy-core/src/main/java/com/premiumminds/billy/core/util/BillyValidator.java:[38,13] cannot find symbol
[ERROR]   symbol:   class Validator
[ERROR]   location: class com.premiumminds.billy.core.util.BillyValidator
[ERROR] /home/gabsko/breaking-updates/billy-core/src/main/java/com/premiumminds/billy/core/util/BillyValidator.java:[46,64] cannot find symbol
[ERROR]   symbol:   class ValidationException
[ERROR]   location: class com.premiumminds.billy.core.util.BillyValidator
[ERROR] /home/gabsko/breaking-updates/billy-core/src/main/java/com/premiumminds/billy/core/services/builders/impl/GenericInvoiceBuilderImpl.java:[26,24] package javax.validation does not exist
[ERROR] /home/gabsko/breaking-updates/billy-core/src/main/java/com/premiumminds/billy/core/services/builders/impl/GenericInvoiceBuilderImpl.java:[272,46] cannot find symbol
[ERROR]   symbol:   class ValidationException
[ERROR]   location: class com.premiumminds.billy.core.services.builders.impl.GenericInvoiceBuilderImpl<TBuilder,TEntry,TDocument>
[ERROR] /home/gabsko/breaking-updates/billy-core/src/main/java/com/premiumminds/billy/core/services/builders/impl/GenericInvoiceBuilderImpl.java:[292,44] cannot find symbol
[ERROR]   symbol:   class ValidationException
[ERROR]   location: class com.premiumminds.billy.core.services.builders.impl.GenericInvoiceBuilderImpl<TBuilder,TEntry,TDocument>
[ERROR] /home/gabsko/breaking-updates/billy-core/src/main/java/com/premiumminds/billy/core/services/builders/impl/TicketBuilderImpl.java:[54,62] package javax.validation does not exist
[ERROR] /home/gabsko/breaking-updates/billy-core/src/main/java/com/premiumminds/billy/core/services/builders/impl/ContextBuilderImpl.java:[75,62] package javax.validation does not exist
[ERROR] /home/gabsko/breaking-updates/billy-core/src/main/java/com/premiumminds/billy/core/services/builders/impl/ContactBuilderImpl.java:[86,62] package javax.validation does not exist
[ERROR] /home/gabsko/breaking-updates/billy-core/src/main/java/com/premiumminds/billy/core/services/builders/impl/GenericInvoiceEntryBuilderImpl.java:[27,24] package javax.validation does not exist
[ERROR] /home/gabsko/breaking-updates/billy-core/src/main/java/com/premiumminds/billy/core/services/builders/impl/GenericInvoiceEntryBuilderImpl.java:[236,46] cannot find symbol
[ERROR]   symbol:   class ValidationException
[ERROR]   location: class com.premiumminds.billy.core.services.builders.impl.GenericInvoiceEntryBuilderImpl<TBuilder,TEntry,TDAOEntry,TDAOInvoice>
[ERROR] /home/gabsko/breaking-updates/billy-core/src/main/java/com/premiumminds/billy/core/services/builders/impl/GenericInvoiceEntryBuilderImpl.java:[255,44] cannot find symbol
[ERROR]   symbol:   class ValidationException
[ERROR]   location: class com.premiumminds.billy.core.services.builders.impl.GenericInvoiceEntryBuilderImpl<TBuilder,TEntry,TDAOEntry,TDAOInvoice>
[ERROR] /home/gabsko/breaking-updates/billy-core/src/main/java/com/premiumminds/billy/core/services/builders/impl/GenericInvoiceEntryBuilderImpl.java:[269,23] cannot find symbol
[ERROR]   symbol:   class ValidationException
[ERROR]   location: class com.premiumminds.billy.core.services.builders.impl.GenericInvoiceEntryBuilderImpl<TBuilder,TEntry,TDAOEntry,TDAOInvoice>
[ERROR] /home/gabsko/breaking-updates/billy-core/src/main/java/com/premiumminds/billy/core/util/BillyValidator.java:[42,24] cannot find symbol
[ERROR]   symbol:   variable Validation
[ERROR]   location: class com.premiumminds.billy.core.util.BillyValidator
[ERROR] /home/gabsko/breaking-updates/billy-core/src/main/java/com/premiumminds/billy/core/util/BillyValidator.java:[51,17] cannot find symbol
[ERROR]   symbol:   class ConstraintViolation
[ERROR]   location: class com.premiumminds.billy.core.util.BillyValidator
[ERROR] /home/gabsko/breaking-updates/billy-core/src/main/java/com/premiumminds/billy/core/util/BillyValidator.java:[58,22] cannot find symbol
[ERROR]   symbol:   class ConstraintViolation
[ERROR]   location: class com.premiumminds.billy.core.util.BillyValidator
[ERROR] /home/gabsko/breaking-updates/billy-core/src/main/java/com/premiumminds/billy/core/util/BillyValidator.java:[66,23] cannot find symbol
[ERROR]   symbol:   class ValidationException
[ERROR]   location: class com.premiumminds.billy.core.util.BillyValidator
[ERROR] -> [Help 1]
[ERROR] 
[ERROR] To see the full stack trace of the errors, re-run Maven with the -e switch.
[ERROR] Re-run Maven using the -X switch to enable full debug logging.
[ERROR] 
[ERROR] For more information about the errors and possible solutions, please read the following articles:
[ERROR] [Help 1] http://cwiki.apache.org/confluence/display/MAVEN/MojoFailureException
[ERROR] 
[ERROR] After correcting the problems, you can resume the build with the command
[ERROR]   mvn <args> -rf :billy-core
