[INFO] Scanning for projects...
[WARNING] The POM for org.jenkins-ci.tools:maven-hpi-plugin:jar:3.22 is missing, no dependency information available
[WARNING] Failed to build parent project for io.jenkins.configuration-as-code:parent:pom:999999-SNAPSHOT
[INFO] ------------------------------------------------------------------------
[INFO] Reactor Build Order:
[INFO] 
[INFO] Configuration as Code Parent                                       [pom]
[INFO] Configuration as Code Plugin                                       [hpi]
[INFO] Configuration as Code Test harness                                 [jar]
[INFO] Configuration as Code Integration tests                            [jar]
[INFO] 
[INFO] --------------< io.jenkins.configuration-as-code:parent >---------------
[INFO] Building Configuration as Code Parent 999999-SNAPSHOT              [1/4]
[INFO] --------------------------------[ pom ]---------------------------------
[INFO] 
[INFO] --- maven-clean-plugin:3.1.0:clean (default-clean) @ parent ---
[INFO] Deleting /home/gabsko/breaking-updates/target
[INFO] 
[INFO] --- maven-enforcer-plugin:3.0.0:display-info (display-info) @ parent ---
[INFO] Maven Version: 3.8.6
[INFO] JDK Version: 11.0.17 normalized as: 11.0.17
[INFO] Java Vendor: Ubuntu
[INFO] OS Info: Arch: amd64 Family: unix Name: linux Version: 5.4.0-113-generic
[INFO] 
[INFO] --- maven-enforcer-plugin:3.0.0:enforce (display-info) @ parent ---
[INFO] Adding ignore: module-info
[INFO] Ignoring requireUpperBoundDeps in org.ow2.asm:asm
[INFO] Ignoring requireUpperBoundDeps in javax.servlet:javax.servlet-api
[INFO] 
[INFO] --- maven-enforcer-plugin:3.0.0:enforce (no-snapshots-in-release) @ parent ---
[INFO] 
[INFO] --- gmavenplus-plugin:1.13.1:addTestSources (test-in-groovy) @ parent ---
[INFO] 
[INFO] --- localizer-maven-plugin:1.31:generate (default) @ parent ---
[INFO] 
[INFO] --- flatten-maven-plugin:1.2.7:flatten (flatten) @ parent ---
[INFO] Generating flattened POM of project io.jenkins.configuration-as-code:parent:pom:999999-SNAPSHOT...
[INFO] 
[INFO] ------------------< io.jenkins:configuration-as-code >------------------
[INFO] Building Configuration as Code Plugin 999999-SNAPSHOT              [2/4]
[INFO] --------------------------------[ hpi ]---------------------------------
[INFO] 
[INFO] --- maven-clean-plugin:3.1.0:clean (default-clean) @ configuration-as-code ---
[INFO] Deleting /home/gabsko/breaking-updates/plugin/target
[INFO] 
[INFO] --- maven-hpi-plugin:3.22:validate (default-validate) @ configuration-as-code ---
[INFO] 
[INFO] --- maven-hpi-plugin:3.22:validate-hpi (default-validate-hpi) @ configuration-as-code ---
[INFO] 
[INFO] --- maven-enforcer-plugin:3.0.0:display-info (display-info) @ configuration-as-code ---
[INFO] Maven Version: 3.8.6
[INFO] JDK Version: 11.0.17 normalized as: 11.0.17
[INFO] Java Vendor: Ubuntu
[INFO] OS Info: Arch: amd64 Family: unix Name: linux Version: 5.4.0-113-generic
[INFO] 
[INFO] --- maven-enforcer-plugin:3.0.0:enforce (display-info) @ configuration-as-code ---
[INFO] Adding ignore: module-info
[INFO] Ignoring requireUpperBoundDeps in javax.servlet:javax.servlet-api
[INFO] Ignoring requireUpperBoundDeps in org.kohsuke:access-modifier-annotation
[INFO] Ignoring requireUpperBoundDeps in org.ow2.asm:asm
[INFO] 
[INFO] --- maven-enforcer-plugin:3.0.0:enforce (no-snapshots-in-release) @ configuration-as-code ---
[INFO] 
[INFO] --- gmavenplus-plugin:1.13.1:addTestSources (test-in-groovy) @ configuration-as-code ---
[INFO] 
[INFO] --- localizer-maven-plugin:1.31:generate (default) @ configuration-as-code ---
[INFO] 
[INFO] --- maven-resources-plugin:3.2.0:resources (default-resources) @ configuration-as-code ---
[INFO] Using 'UTF-8' encoding to copy filtered resources.
[INFO] Using 'UTF-8' encoding to copy filtered properties files.
[INFO] Copying 14 resources
[INFO] 
[INFO] --- flatten-maven-plugin:1.2.7:flatten (flatten) @ configuration-as-code ---
[INFO] Generating flattened POM of project io.jenkins:configuration-as-code:hpi:999999-SNAPSHOT...
[INFO] 
[INFO] --- maven-compiler-plugin:3.8.1:compile (default-compile) @ configuration-as-code ---
[INFO] Changes detected - recompiling the module!
[INFO] Compiling 66 source files to /home/gabsko/breaking-updates/plugin/target/classes
[INFO] /home/gabsko/breaking-updates/plugin/src/main/java/io/jenkins/plugins/casc/ConfigurationAsCode.java: Some input files use or override a deprecated API.
[INFO] /home/gabsko/breaking-updates/plugin/src/main/java/io/jenkins/plugins/casc/ConfigurationAsCode.java: Recompile with -Xlint:deprecation for details.
[INFO] /home/gabsko/breaking-updates/plugin/src/main/java/io/jenkins/plugins/casc/VersionConverter.java: Some input files use unchecked or unsafe operations.
[INFO] /home/gabsko/breaking-updates/plugin/src/main/java/io/jenkins/plugins/casc/VersionConverter.java: Recompile with -Xlint:unchecked for details.
[INFO] 
[INFO] -----------< io.jenkins.configuration-as-code:test-harness >------------
[INFO] Building Configuration as Code Test harness 999999-SNAPSHOT        [3/4]
[INFO] --------------------------------[ jar ]---------------------------------
[INFO] 
[INFO] --- maven-clean-plugin:3.1.0:clean (default-clean) @ test-harness ---
[INFO] Deleting /home/gabsko/breaking-updates/test-harness/target
[INFO] 
[INFO] --- maven-enforcer-plugin:3.0.0:display-info (display-info) @ test-harness ---
[INFO] Maven Version: 3.8.6
[INFO] JDK Version: 11.0.17 normalized as: 11.0.17
[INFO] Java Vendor: Ubuntu
[INFO] OS Info: Arch: amd64 Family: unix Name: linux Version: 5.4.0-113-generic
[INFO] 
[INFO] --- maven-enforcer-plugin:3.0.0:enforce (display-info) @ test-harness ---
[INFO] Adding ignore: module-info
[INFO] Ignoring requireUpperBoundDeps in javax.servlet:javax.servlet-api
[INFO] Ignoring requireUpperBoundDeps in org.kohsuke:access-modifier-annotation
[INFO] Ignoring requireUpperBoundDeps in org.ow2.asm:asm
[INFO] 
[INFO] --- maven-enforcer-plugin:3.0.0:enforce (no-snapshots-in-release) @ test-harness ---
[INFO] 
[INFO] --- gmavenplus-plugin:1.13.1:addTestSources (test-in-groovy) @ test-harness ---
[INFO] 
[INFO] --- localizer-maven-plugin:1.31:generate (default) @ test-harness ---
[INFO] 
[INFO] --- maven-resources-plugin:3.2.0:resources (default-resources) @ test-harness ---
[INFO] Using 'UTF-8' encoding to copy filtered resources.
[INFO] Using 'UTF-8' encoding to copy filtered properties files.
[INFO] skip non existing resourceDirectory /home/gabsko/breaking-updates/test-harness/src/main/resources
[INFO] 
[INFO] --- flatten-maven-plugin:1.2.7:flatten (flatten) @ test-harness ---
[INFO] Generating flattened POM of project io.jenkins.configuration-as-code:test-harness:jar:999999-SNAPSHOT...
[INFO] 
[INFO] --- maven-compiler-plugin:3.8.1:compile (default-compile) @ test-harness ---
[INFO] Changes detected - recompiling the module!
[INFO] Compiling 12 source files to /home/gabsko/breaking-updates/test-harness/target/classes
[INFO] /home/gabsko/breaking-updates/test-harness/src/main/java/io/jenkins/plugins/casc/misc/JenkinsConfiguredWithReadmeRule.java: /home/gabsko/breaking-updates/test-harness/src/main/java/io/jenkins/plugins/casc/misc/JenkinsConfiguredWithReadmeRule.java uses or overrides a deprecated API.
[INFO] /home/gabsko/breaking-updates/test-harness/src/main/java/io/jenkins/plugins/casc/misc/JenkinsConfiguredWithReadmeRule.java: Recompile with -Xlint:deprecation for details.
[INFO] 
[INFO] -----------< io.jenkins.configuration-as-code:integrations >------------
[INFO] Building Configuration as Code Integration tests 999999-SNAPSHOT   [4/4]
[INFO] --------------------------------[ jar ]---------------------------------
[INFO] Downloading from repo.jenkins-ci.org: https://repo.jenkins-ci.org/public/io/atlassian/fugue/fugue/5.0.0/fugue-5.0.0.pom
[INFO] Downloaded from repo.jenkins-ci.org: https://repo.jenkins-ci.org/public/io/atlassian/fugue/fugue/5.0.0/fugue-5.0.0.pom (2.7 kB at 3.5 kB/s)
[INFO] Downloading from repo.jenkins-ci.org: https://repo.jenkins-ci.org/public/io/atlassian/fugue/fugue-parent/5.0.0/fugue-parent-5.0.0.pom
[INFO] Downloading from incrementals: https://repo.jenkins-ci.org/incrementals/io/atlassian/fugue/fugue-parent/5.0.0/fugue-parent-5.0.0.pom
[INFO] Downloading from central: https://repo.maven.apache.org/maven2/io/atlassian/fugue/fugue-parent/5.0.0/fugue-parent-5.0.0.pom
[INFO] ------------------------------------------------------------------------
[INFO] Reactor Summary for Configuration as Code Parent 999999-SNAPSHOT:
[INFO] 
[INFO] Configuration as Code Parent ....................... SUCCESS [  0.875 s]
[INFO] Configuration as Code Plugin ....................... SUCCESS [  2.635 s]
[INFO] Configuration as Code Test harness ................. SUCCESS [  0.976 s]
[INFO] Configuration as Code Integration tests ............ FAILURE [  2.093 s]
[INFO] ------------------------------------------------------------------------
[INFO] BUILD FAILURE
[INFO] ------------------------------------------------------------------------
[INFO] Total time:  7.341 s
[INFO] Finished at: 2023-01-13T19:08:50Z
[INFO] ------------------------------------------------------------------------
[ERROR] Failed to execute goal on project integrations: Could not resolve dependencies for project io.jenkins.configuration-as-code:integrations:jar:999999-SNAPSHOT: Failed to collect dependencies at org.jenkins-ci.plugins:jira:jar:3.6 -> io.atlassian.fugue:fugue:jar:5.0.0: Failed to read artifact descriptor for io.atlassian.fugue:fugue:jar:5.0.0: Could not find artifact io.atlassian.fugue:fugue-parent:pom:5.0.0 in repo.jenkins-ci.org (https://repo.jenkins-ci.org/public/) -> [Help 1]
[ERROR] 
[ERROR] To see the full stack trace of the errors, re-run Maven with the -e switch.
[ERROR] Re-run Maven using the -X switch to enable full debug logging.
[ERROR] 
[ERROR] For more information about the errors and possible solutions, please read the following articles:
[ERROR] [Help 1] http://cwiki.apache.org/confluence/display/MAVEN/DependencyResolutionException
[ERROR] 
[ERROR] After correcting the problems, you can resume the build with the command
[ERROR]   mvn <args> -rf :integrations
