[INFO] Scanning for projects...
[INFO] Downloading from repo.jenkins-ci.org: https://repo.jenkins-ci.org/public/io/jenkins/tools/bom/bom-2.289.x/937.v51fde92016ed/bom-2.289.x-937.v51fde92016ed.pom
[INFO] Downloaded from repo.jenkins-ci.org: https://repo.jenkins-ci.org/public/io/jenkins/tools/bom/bom-2.289.x/937.v51fde92016ed/bom-2.289.x-937.v51fde92016ed.pom (9.3 kB at 11 kB/s)
[INFO] Downloading from repo.jenkins-ci.org: https://repo.jenkins-ci.org/public/io/jenkins/tools/bom/bom-2.303.x/937.v51fde92016ed/bom-2.303.x-937.v51fde92016ed.pom
[INFO] Downloaded from repo.jenkins-ci.org: https://repo.jenkins-ci.org/public/io/jenkins/tools/bom/bom-2.303.x/937.v51fde92016ed/bom-2.303.x-937.v51fde92016ed.pom (26 kB at 69 kB/s)
[WARNING] The POM for org.jenkins-ci.tools:maven-hpi-plugin:jar:3.17 is missing, no dependency information available
[WARNING] Failed to build parent project for org.jenkins-ci.main:maven-plugin:hpi:3.13-SNAPSHOT
[INFO] 
[INFO] ------------------< org.jenkins-ci.main:maven-plugin >------------------
[INFO] Building Maven Integration plugin 3.13-SNAPSHOT
[INFO] --------------------------------[ hpi ]---------------------------------
[INFO] Downloading from repo.jenkins-ci.org: https://repo.jenkins-ci.org/public/org/jenkins-ci/plugins/junit/1.52/junit-1.52.pom
[INFO] Downloaded from repo.jenkins-ci.org: https://repo.jenkins-ci.org/public/org/jenkins-ci/plugins/junit/1.52/junit-1.52.pom (5.3 kB at 21 kB/s)
[INFO] Downloading from repo.jenkins-ci.org: https://repo.jenkins-ci.org/public/io/jenkins/configuration-as-code/test-harness/1.52/test-harness-1.52.pom
[INFO] Downloaded from repo.jenkins-ci.org: https://repo.jenkins-ci.org/public/io/jenkins/configuration-as-code/test-harness/1.52/test-harness-1.52.pom (5.2 kB at 20 kB/s)
[INFO] Downloading from repo.jenkins-ci.org: https://repo.jenkins-ci.org/public/org/jenkins-ci/plugins/junit/1.52/junit-1.52.jar
[INFO] Downloading from repo.jenkins-ci.org: https://repo.jenkins-ci.org/public/io/jenkins/configuration-as-code/1.52/configuration-as-code-1.52.jar
[INFO] Downloading from repo.jenkins-ci.org: https://repo.jenkins-ci.org/public/io/jenkins/configuration-as-code/test-harness/1.52/test-harness-1.52.jar
[INFO] Downloaded from repo.jenkins-ci.org: https://repo.jenkins-ci.org/public/io/jenkins/configuration-as-code/1.52/configuration-as-code-1.52.jar (184 kB at 370 kB/s)
[INFO] Downloaded from repo.jenkins-ci.org: https://repo.jenkins-ci.org/public/io/jenkins/configuration-as-code/test-harness/1.52/test-harness-1.52.jar (26 kB at 34 kB/s)
[INFO] Downloaded from repo.jenkins-ci.org: https://repo.jenkins-ci.org/public/org/jenkins-ci/plugins/junit/1.52/junit-1.52.jar (475 kB at 270 kB/s)
[INFO] 
[INFO] --- maven-clean-plugin:3.1.0:clean (default-clean) @ maven-plugin ---
[INFO] Deleting /home/gabsko/breaking-updates/target
[INFO] 
[INFO] --- maven-hpi-plugin:3.17:validate (default-validate) @ maven-plugin ---
[INFO] 
[INFO] --- maven-hpi-plugin:3.17:validate-hpi (default-validate-hpi) @ maven-plugin ---
[INFO] 
[INFO] --- maven-enforcer-plugin:3.0.0-M3:display-info (display-info) @ maven-plugin ---
[INFO] Maven Version: 3.8.6
[INFO] JDK Version: 11.0.17 normalized as: 11.0.17
[INFO] OS Info: Arch: amd64 Family: unix Name: linux Version: 5.4.0-113-generic
[INFO] 
[INFO] --- maven-enforcer-plugin:3.0.0-M3:enforce (display-info) @ maven-plugin ---
[INFO] Adding ignore: module-info
[WARNING] Invalid bytecodeVersion for com.fasterxml.jackson.module:jackson-module-jaxb-annotations:jar:2.12.4:compile : META-INF/versions/11/module-info.class: expected 55, but was 53
[INFO] Ignoring requireUpperBoundDeps in com.google.code.findbugs:jsr305
[WARNING] Rule 5: org.apache.maven.plugins.enforcer.RequireUpperBoundDeps failed with message:
Failed while enforcing RequireUpperBoundDeps. The error(s) are [
Require upper bound dependencies error for org.jenkins-ci.main:jenkins-test-harness:1543.v7adf29589ffb paths to dependency are:
+-org.jenkins-ci.main:maven-plugin:3.13-SNAPSHOT
  +-org.jenkins-ci.main:jenkins-test-harness:1543.v7adf29589ffb
and
+-org.jenkins-ci.main:maven-plugin:3.13-SNAPSHOT
  +-org.jenkins-ci.main:jenkins-test-harness-tools:2.2
    +-org.jenkins-ci.main:jenkins-test-harness:1543.v7adf29589ffb (managed) <-- org.jenkins-ci.main:jenkins-test-harness:2.0
and
+-org.jenkins-ci.main:maven-plugin:3.13-SNAPSHOT
  +-io.jenkins.configuration-as-code:test-harness:1.52
    +-org.jenkins-ci.main:jenkins-test-harness:1543.v7adf29589ffb (managed) <-- org.jenkins-ci.main:jenkins-test-harness:1589.vc23fca066d5c
]
[INFO] ------------------------------------------------------------------------
[INFO] BUILD FAILURE
[INFO] ------------------------------------------------------------------------
[INFO] Total time:  7.365 s
[INFO] Finished at: 2023-01-17T19:32:10Z
[INFO] ------------------------------------------------------------------------
[ERROR] Failed to execute goal org.apache.maven.plugins:maven-enforcer-plugin:3.0.0-M3:enforce (display-info) on project maven-plugin: Some Enforcer rules have failed. Look above for specific messages explaining why the rule failed. -> [Help 1]
[ERROR] 
[ERROR] To see the full stack trace of the errors, re-run Maven with the -e switch.
[ERROR] Re-run Maven using the -X switch to enable full debug logging.
[ERROR] 
[ERROR] For more information about the errors and possible solutions, please read the following articles:
[ERROR] [Help 1] http://cwiki.apache.org/confluence/display/MAVEN/MojoExecutionException
