[INFO] Scanning for projects...
[WARNING] The POM for org.jenkins-ci.tools:maven-hpi-plugin:jar:3.15 is missing, no dependency information available
[WARNING] Failed to build parent project for org.jenkins-ci.plugins:config-file-provider:hpi:3.7.1-SNAPSHOT
[INFO] 
[INFO] ------------< org.jenkins-ci.plugins:config-file-provider >-------------
[INFO] Building Config File Provider Plugin 3.7.1-SNAPSHOT
[INFO] --------------------------------[ hpi ]---------------------------------
[INFO] Downloading from repo.jenkins-ci.org: https://repo.jenkins-ci.org/public/org/jenkins-ci/plugins/junit/1.39/junit-1.39.pom
[INFO] Downloaded from repo.jenkins-ci.org: https://repo.jenkins-ci.org/public/org/jenkins-ci/plugins/junit/1.39/junit-1.39.pom (5.6 kB at 7.0 kB/s)
[INFO] Downloading from repo.jenkins-ci.org: https://repo.jenkins-ci.org/public/io/jenkins/plugins/echarts-api/4.8.0-2/echarts-api-4.8.0-2.pom
[INFO] Downloaded from repo.jenkins-ci.org: https://repo.jenkins-ci.org/public/io/jenkins/plugins/echarts-api/4.8.0-2/echarts-api-4.8.0-2.pom (5.1 kB at 14 kB/s)
[INFO] Downloading from repo.jenkins-ci.org: https://repo.jenkins-ci.org/public/io/jenkins/plugins/plugin-util-api/1.2.2/plugin-util-api-1.2.2.pom
[INFO] Downloaded from repo.jenkins-ci.org: https://repo.jenkins-ci.org/public/io/jenkins/plugins/plugin-util-api/1.2.2/plugin-util-api-1.2.2.pom (4.4 kB at 17 kB/s)
[INFO] Downloading from repo.jenkins-ci.org: https://repo.jenkins-ci.org/public/io/jenkins/plugins/jquery3-api/3.5.1-1/jquery3-api-3.5.1-1.pom
[INFO] Downloaded from repo.jenkins-ci.org: https://repo.jenkins-ci.org/public/io/jenkins/plugins/jquery3-api/3.5.1-1/jquery3-api-3.5.1-1.pom (4.1 kB at 16 kB/s)
[INFO] Downloading from repo.jenkins-ci.org: https://repo.jenkins-ci.org/public/io/jenkins/plugins/checks-api/1.0.2/checks-api-1.0.2.pom
[INFO] Downloaded from repo.jenkins-ci.org: https://repo.jenkins-ci.org/public/io/jenkins/plugins/checks-api/1.0.2/checks-api-1.0.2.pom (4.7 kB at 12 kB/s)
[INFO] Downloading from repo.jenkins-ci.org: https://repo.jenkins-ci.org/public/io/jenkins/plugins/plugin-util-api/1.2.5/plugin-util-api-1.2.5.pom
[INFO] Downloaded from repo.jenkins-ci.org: https://repo.jenkins-ci.org/public/io/jenkins/plugins/plugin-util-api/1.2.5/plugin-util-api-1.2.5.pom (4.4 kB at 13 kB/s)
[INFO] Downloading from repo.jenkins-ci.org: https://repo.jenkins-ci.org/public/edu/hm/hafner/codingstyle/1.4.0/codingstyle-1.4.0.pom
[INFO] Downloaded from repo.jenkins-ci.org: https://repo.jenkins-ci.org/public/edu/hm/hafner/codingstyle/1.4.0/codingstyle-1.4.0.pom (24 kB at 64 kB/s)
[INFO] Downloading from repo.jenkins-ci.org: https://repo.jenkins-ci.org/public/org/jenkins-ci/plugins/workflow/workflow-step-api/2.20/workflow-step-api-2.20.pom
[INFO] Downloaded from repo.jenkins-ci.org: https://repo.jenkins-ci.org/public/org/jenkins-ci/plugins/workflow/workflow-step-api/2.20/workflow-step-api-2.20.pom (5.0 kB at 20 kB/s)
[INFO] Downloading from repo.jenkins-ci.org: https://repo.jenkins-ci.org/public/org/jenkins-ci/plugins/structs/1.18/structs-1.18.pom
[INFO] Downloaded from repo.jenkins-ci.org: https://repo.jenkins-ci.org/public/org/jenkins-ci/plugins/structs/1.18/structs-1.18.pom (3.6 kB at 14 kB/s)
[INFO] Downloading from repo.jenkins-ci.org: https://repo.jenkins-ci.org/public/org/jenkins-ci/symbol-annotation/1.18/symbol-annotation-1.18.pom
[INFO] Downloaded from repo.jenkins-ci.org: https://repo.jenkins-ci.org/public/org/jenkins-ci/symbol-annotation/1.18/symbol-annotation-1.18.pom (3.5 kB at 14 kB/s)
[INFO] Downloading from repo.jenkins-ci.org: https://repo.jenkins-ci.org/public/org/jenkins-ci/plugins/workflow/workflow-api/2.36/workflow-api-2.36.pom
[INFO] Downloaded from repo.jenkins-ci.org: https://repo.jenkins-ci.org/public/org/jenkins-ci/plugins/workflow/workflow-api/2.36/workflow-api-2.36.pom (5.6 kB at 22 kB/s)
[INFO] Downloading from repo.jenkins-ci.org: https://repo.jenkins-ci.org/public/org/jenkins-ci/plugins/workflow/workflow-step-api/2.16/workflow-step-api-2.16.pom
[INFO] Downloaded from repo.jenkins-ci.org: https://repo.jenkins-ci.org/public/org/jenkins-ci/plugins/workflow/workflow-step-api/2.16/workflow-step-api-2.16.pom (4.8 kB at 19 kB/s)
[INFO] Downloading from repo.jenkins-ci.org: https://repo.jenkins-ci.org/public/org/jenkins-ci/plugins/workflow/workflow-support/3.3/workflow-support-3.3.pom
[INFO] Downloaded from repo.jenkins-ci.org: https://repo.jenkins-ci.org/public/org/jenkins-ci/plugins/workflow/workflow-support/3.3/workflow-support-3.3.pom (6.0 kB at 23 kB/s)
[INFO] Downloading from repo.jenkins-ci.org: https://repo.jenkins-ci.org/public/org/jenkins-ci/plugins/workflow/workflow-step-api/2.19/workflow-step-api-2.19.pom
[INFO] Downloaded from repo.jenkins-ci.org: https://repo.jenkins-ci.org/public/org/jenkins-ci/plugins/workflow/workflow-step-api/2.19/workflow-step-api-2.19.pom (5.0 kB at 20 kB/s)
[INFO] Downloading from repo.jenkins-ci.org: https://repo.jenkins-ci.org/public/org/jenkins-ci/plugins/workflow/workflow-support/3.4/workflow-support-3.4.pom
[INFO] Downloaded from repo.jenkins-ci.org: https://repo.jenkins-ci.org/public/org/jenkins-ci/plugins/workflow/workflow-support/3.4/workflow-support-3.4.pom (4.5 kB at 18 kB/s)
[INFO] Downloading from repo.jenkins-ci.org: https://repo.jenkins-ci.org/public/org/jenkins-ci/plugins/workflow/workflow-scm-step/2.9/workflow-scm-step-2.9.pom
[INFO] Downloaded from repo.jenkins-ci.org: https://repo.jenkins-ci.org/public/org/jenkins-ci/plugins/workflow/workflow-scm-step/2.9/workflow-scm-step-2.9.pom (3.7 kB at 14 kB/s)
[INFO] Downloading from repo.jenkins-ci.org: https://repo.jenkins-ci.org/public/org/jenkins-ci/plugins/script-security/1.71/script-security-1.71.pom
[INFO] Downloaded from repo.jenkins-ci.org: https://repo.jenkins-ci.org/public/org/jenkins-ci/plugins/script-security/1.71/script-security-1.71.pom (3.0 kB at 12 kB/s)
[INFO] Downloading from repo.jenkins-ci.org: https://repo.jenkins-ci.org/public/io/jenkins/plugins/plugin-util-api/1.3.0/plugin-util-api-1.3.0.pom
[INFO] Downloaded from repo.jenkins-ci.org: https://repo.jenkins-ci.org/public/io/jenkins/plugins/plugin-util-api/1.3.0/plugin-util-api-1.3.0.pom (4.4 kB at 12 kB/s)
[INFO] Downloading from repo.jenkins-ci.org: https://repo.jenkins-ci.org/public/io/jenkins/plugins/bootstrap4-api/4.5.2-1/bootstrap4-api-4.5.2-1.pom
[INFO] Downloaded from repo.jenkins-ci.org: https://repo.jenkins-ci.org/public/io/jenkins/plugins/bootstrap4-api/4.5.2-1/bootstrap4-api-4.5.2-1.pom (4.8 kB at 15 kB/s)
[INFO] Downloading from repo.jenkins-ci.org: https://repo.jenkins-ci.org/public/org/jvnet/hudson/plugins/analysis-pom/4.2.0/analysis-pom-4.2.0.pom
[INFO] Downloaded from repo.jenkins-ci.org: https://repo.jenkins-ci.org/public/org/jvnet/hudson/plugins/analysis-pom/4.2.0/analysis-pom-4.2.0.pom (24 kB at 74 kB/s)
[INFO] Downloading from repo.jenkins-ci.org: https://repo.jenkins-ci.org/public/io/jenkins/plugins/popper-api/1.16.0-6/popper-api-1.16.0-6.pom
[INFO] Downloaded from repo.jenkins-ci.org: https://repo.jenkins-ci.org/public/io/jenkins/plugins/popper-api/1.16.0-6/popper-api-1.16.0-6.pom (3.1 kB at 12 kB/s)
[INFO] Downloading from repo.jenkins-ci.org: https://repo.jenkins-ci.org/public/io/jenkins/plugins/font-awesome-api/5.14.0-1/font-awesome-api-5.14.0-1.pom
[INFO] Downloaded from repo.jenkins-ci.org: https://repo.jenkins-ci.org/public/io/jenkins/plugins/font-awesome-api/5.14.0-1/font-awesome-api-5.14.0-1.pom (4.5 kB at 18 kB/s)
[INFO] 
[INFO] --- maven-clean-plugin:3.1.0:clean (default-clean) @ config-file-provider ---
[INFO] Deleting /home/gabsko/breaking-updates/target
[INFO] 
[INFO] --- maven-hpi-plugin:2.2:validate (default-validate) @ config-file-provider ---
[INFO] 
[INFO] --- maven-enforcer-plugin:3.0.0-M3:display-info (display-info) @ config-file-provider ---
[INFO] Maven Version: 3.8.6
[INFO] JDK Version: 11.0.17 normalized as: 11.0.17
[INFO] OS Info: Arch: amd64 Family: unix Name: linux Version: 5.4.0-113-generic
[INFO] 
[INFO] --- maven-enforcer-plugin:3.0.0-M3:enforce (display-info) @ config-file-provider ---
[INFO] Downloading from repo.jenkins-ci.org: https://repo.jenkins-ci.org/public/io/jenkins/plugins/echarts-api/4.8.0-2/echarts-api-4.8.0-2.jar
[INFO] Downloaded from repo.jenkins-ci.org: https://repo.jenkins-ci.org/public/io/jenkins/plugins/echarts-api/4.8.0-2/echarts-api-4.8.0-2.jar (34 kB at 125 kB/s)
[INFO] Downloading from repo.jenkins-ci.org: https://repo.jenkins-ci.org/public/io/jenkins/plugins/jquery3-api/3.5.1-1/jquery3-api-3.5.1-1.jar
[INFO] Downloaded from repo.jenkins-ci.org: https://repo.jenkins-ci.org/public/io/jenkins/plugins/jquery3-api/3.5.1-1/jquery3-api-3.5.1-1.jar (4.0 kB at 16 kB/s)
[INFO] Downloading from repo.jenkins-ci.org: https://repo.jenkins-ci.org/public/io/jenkins/plugins/checks-api/1.0.2/checks-api-1.0.2.jar
[INFO] Downloaded from repo.jenkins-ci.org: https://repo.jenkins-ci.org/public/io/jenkins/plugins/checks-api/1.0.2/checks-api-1.0.2.jar (35 kB at 134 kB/s)
[INFO] Downloading from repo.jenkins-ci.org: https://repo.jenkins-ci.org/public/io/jenkins/plugins/plugin-util-api/1.3.0/plugin-util-api-1.3.0.jar
[INFO] Downloaded from repo.jenkins-ci.org: https://repo.jenkins-ci.org/public/io/jenkins/plugins/plugin-util-api/1.3.0/plugin-util-api-1.3.0.jar (48 kB at 129 kB/s)
[INFO] Downloading from repo.jenkins-ci.org: https://repo.jenkins-ci.org/public/io/jenkins/plugins/bootstrap4-api/4.5.2-1/bootstrap4-api-4.5.2-1.jar
[INFO] Downloaded from repo.jenkins-ci.org: https://repo.jenkins-ci.org/public/io/jenkins/plugins/bootstrap4-api/4.5.2-1/bootstrap4-api-4.5.2-1.jar (17 kB at 65 kB/s)
[INFO] Downloading from repo.jenkins-ci.org: https://repo.jenkins-ci.org/public/io/jenkins/plugins/popper-api/1.16.0-6/popper-api-1.16.0-6.jar
[INFO] Downloaded from repo.jenkins-ci.org: https://repo.jenkins-ci.org/public/io/jenkins/plugins/popper-api/1.16.0-6/popper-api-1.16.0-6.jar (3.7 kB at 15 kB/s)
[INFO] Downloading from repo.jenkins-ci.org: https://repo.jenkins-ci.org/public/io/jenkins/plugins/font-awesome-api/5.14.0-1/font-awesome-api-5.14.0-1.jar
[INFO] Downloaded from repo.jenkins-ci.org: https://repo.jenkins-ci.org/public/io/jenkins/plugins/font-awesome-api/5.14.0-1/font-awesome-api-5.14.0-1.jar (5.5 kB at 22 kB/s)
[INFO] Adding ignore: module-info
[INFO] Downloading from repo.jenkins-ci.org: https://repo.jenkins-ci.org/public/org/jenkins-ci/plugins/junit/1.39/junit-1.39.jar
[INFO] Downloaded from repo.jenkins-ci.org: https://repo.jenkins-ci.org/public/org/jenkins-ci/plugins/junit/1.39/junit-1.39.jar (465 kB at 334 kB/s)
[INFO] Ignoring requireUpperBoundDeps in com.google.guava:guava
[WARNING] Rule 4: org.apache.maven.plugins.enforcer.RequireUpperBoundDeps failed with message:
Failed while enforcing RequireUpperBoundDeps. The error(s) are [
Require upper bound dependencies error for org.jenkins-ci.plugins:structs:1.14 paths to dependency are:
+-org.jenkins-ci.plugins:config-file-provider:3.7.1-SNAPSHOT
  +-org.jenkins-ci.plugins:structs:1.14
and
+-org.jenkins-ci.plugins:config-file-provider:3.7.1-SNAPSHOT
  +-org.jenkins-ci.plugins.workflow:workflow-api:2.30
    +-org.jenkins-ci.plugins:structs:1.14
and
+-org.jenkins-ci.plugins:config-file-provider:3.7.1-SNAPSHOT
  +-org.jenkins-ci.plugins:scm-api:2.2.6
    +-org.jenkins-ci.plugins:structs:1.9
and
+-org.jenkins-ci.plugins:config-file-provider:3.7.1-SNAPSHOT
  +-org.jenkins-ci.plugins.workflow:workflow-basic-steps:2.5
    +-org.jenkins-ci.plugins:structs:1.6
and
+-org.jenkins-ci.plugins:config-file-provider:3.7.1-SNAPSHOT
  +-org.jenkins-ci.plugins.workflow:workflow-cps:2.42
    +-org.jenkins-ci.plugins:structs:1.7
and
+-org.jenkins-ci.plugins:config-file-provider:3.7.1-SNAPSHOT
  +-org.jenkins-ci.plugins.workflow:workflow-step-api:2.13
    +-org.jenkins-ci.plugins:structs:1.5
and
+-org.jenkins-ci.plugins:config-file-provider:3.7.1-SNAPSHOT
  +-org.jenkins-ci.plugins.workflow:workflow-step-api:2.13
    +-org.jenkins-ci.plugins:structs:1.5
and
+-org.jenkins-ci.plugins:config-file-provider:3.7.1-SNAPSHOT
  +-org.jenkins-ci.plugins:junit:1.39
    +-org.jenkins-ci.plugins:structs:1.20
, 
Require upper bound dependencies error for org.jenkins-ci.plugins:script-security:1.56 paths to dependency are:
+-org.jenkins-ci.plugins:config-file-provider:3.7.1-SNAPSHOT
  +-org.jenkins-ci.plugins:script-security:1.56
and
+-org.jenkins-ci.plugins:config-file-provider:3.7.1-SNAPSHOT
  +-org.jenkins-ci.plugins.workflow:workflow-cps:2.42
    +-org.jenkins-ci.plugins:script-security:1.36
and
+-org.jenkins-ci.plugins:config-file-provider:3.7.1-SNAPSHOT
  +-org.jenkins-ci.plugins.workflow:workflow-durable-task-step:2.13
    +-org.jenkins-ci.plugins:script-security:1.25
and
+-org.jenkins-ci.plugins:config-file-provider:3.7.1-SNAPSHOT
  +-org.jenkins-ci.plugins.workflow:workflow-support:3.0
    +-org.jenkins-ci.plugins:script-security:1.39
and
+-org.jenkins-ci.plugins:config-file-provider:3.7.1-SNAPSHOT
  +-org.jenkins-ci.plugins.workflow:workflow-support:3.0
    +-org.jenkins-ci.plugins:script-security:1.39
and
+-org.jenkins-ci.plugins:config-file-provider:3.7.1-SNAPSHOT
  +-org.jenkins-ci.plugins:junit:1.39
    +-org.jenkins-ci.plugins:script-security:1.74
and
+-org.jenkins-ci.plugins:config-file-provider:3.7.1-SNAPSHOT
  +-org.jenkins-ci.plugins:git:2.4.1
    +-org.jenkins-ci.plugins:matrix-project:1.6
      +-org.jenkins-ci.plugins:script-security:1.13
, 
Require upper bound dependencies error for org.jenkins-ci.plugins.workflow:workflow-job:2.11.2 paths to dependency are:
+-org.jenkins-ci.plugins:config-file-provider:3.7.1-SNAPSHOT
  +-org.jenkins-ci.plugins.workflow:workflow-job:2.11.2
and
+-org.jenkins-ci.plugins:config-file-provider:3.7.1-SNAPSHOT
  +-org.jenkins-ci.plugins:junit:1.39
    +-io.jenkins.plugins:checks-api:1.0.2
      +-org.jenkins-ci.plugins.workflow:workflow-job:2.39
, 
Require upper bound dependencies error for org.jenkins-ci.plugins.workflow:workflow-api:2.30 paths to dependency are:
+-org.jenkins-ci.plugins:config-file-provider:3.7.1-SNAPSHOT
  +-org.jenkins-ci.plugins.workflow:workflow-api:2.30
and
+-org.jenkins-ci.plugins:config-file-provider:3.7.1-SNAPSHOT
  +-org.jenkins-ci.plugins.workflow:workflow-job:2.11.2
    +-org.jenkins-ci.plugins.workflow:workflow-api:2.15
and
+-org.jenkins-ci.plugins:config-file-provider:3.7.1-SNAPSHOT
  +-org.jenkins-ci.plugins.workflow:workflow-basic-steps:2.5
    +-org.jenkins-ci.plugins.workflow:workflow-api:2.16
and
+-org.jenkins-ci.plugins:config-file-provider:3.7.1-SNAPSHOT
  +-org.jenkins-ci.plugins.workflow:workflow-cps:2.42
    +-org.jenkins-ci.plugins.workflow:workflow-api:2.18
and
+-org.jenkins-ci.plugins:config-file-provider:3.7.1-SNAPSHOT
  +-org.jenkins-ci.plugins.workflow:workflow-durable-task-step:2.13
    +-org.jenkins-ci.plugins.workflow:workflow-api:2.19
and
+-org.jenkins-ci.plugins:config-file-provider:3.7.1-SNAPSHOT
  +-org.jenkins-ci.plugins.workflow:workflow-support:3.0
    +-org.jenkins-ci.plugins.workflow:workflow-api:2.30
and
+-org.jenkins-ci.plugins:config-file-provider:3.7.1-SNAPSHOT
  +-org.jenkins-ci.plugins.workflow:workflow-support:3.0
    +-org.jenkins-ci.plugins.workflow:workflow-api:2.30
and
+-org.jenkins-ci.plugins:config-file-provider:3.7.1-SNAPSHOT
  +-org.jenkins-ci.plugins:junit:1.39
    +-org.jenkins-ci.plugins.workflow:workflow-api:2.40
, 
Require upper bound dependencies error for org.jenkins-ci.plugins.workflow:workflow-cps:2.42 paths to dependency are:
+-org.jenkins-ci.plugins:config-file-provider:3.7.1-SNAPSHOT
  +-org.jenkins-ci.plugins.workflow:workflow-cps:2.42
and
+-org.jenkins-ci.plugins:config-file-provider:3.7.1-SNAPSHOT
  +-org.jenkins-ci.plugins:junit:1.39
    +-io.jenkins.plugins:checks-api:1.0.2
      +-org.jenkins-ci.plugins.workflow:workflow-cps:2.83
, 
Require upper bound dependencies error for org.jenkins-ci.plugins.workflow:workflow-step-api:2.13 paths to dependency are:
+-org.jenkins-ci.plugins:config-file-provider:3.7.1-SNAPSHOT
  +-org.jenkins-ci.plugins.workflow:workflow-step-api:2.13
and
+-org.jenkins-ci.plugins:config-file-provider:3.7.1-SNAPSHOT
  +-org.jenkins-ci.plugins.workflow:workflow-step-api:2.13
and
+-org.jenkins-ci.plugins:config-file-provider:3.7.1-SNAPSHOT
  +-org.jenkins-ci.plugins.workflow:workflow-durable-task-step:2.13
    +-org.jenkins-ci.plugins.workflow:workflow-step-api:2.10
and
+-org.jenkins-ci.plugins:config-file-provider:3.7.1-SNAPSHOT
  +-org.jenkins-ci.plugins.workflow:workflow-support:3.0
    +-org.jenkins-ci.plugins.workflow:workflow-step-api:2.13
and
+-org.jenkins-ci.plugins:config-file-provider:3.7.1-SNAPSHOT
  +-org.jenkins-ci.plugins.workflow:workflow-support:3.0
    +-org.jenkins-ci.plugins.workflow:workflow-step-api:2.13
and
+-org.jenkins-ci.plugins:config-file-provider:3.7.1-SNAPSHOT
  +-org.jenkins-ci.plugins:junit:1.39
    +-org.jenkins-ci.plugins.workflow:workflow-step-api:2.22
and
+-org.jenkins-ci.plugins:config-file-provider:3.7.1-SNAPSHOT
  +-org.jenkins-ci.plugins:junit:1.39
    +-io.jenkins.plugins:checks-api:1.0.2
      +-org.jenkins-ci.plugins.workflow:workflow-step-api:2.22
, 
Require upper bound dependencies error for org.apache.commons:commons-lang3:3.9 paths to dependency are:
+-org.jenkins-ci.plugins:config-file-provider:3.7.1-SNAPSHOT
  +-org.apache.commons:commons-lang3:3.9
and
+-org.jenkins-ci.plugins:config-file-provider:3.7.1-SNAPSHOT
  +-org.jenkins-ci.plugins:junit:1.39
    +-io.jenkins.plugins:plugin-util-api:1.3.0
      +-org.apache.commons:commons-lang3:3.11
and
+-org.jenkins-ci.plugins:config-file-provider:3.7.1-SNAPSHOT
  +-org.jenkins-ci.main:jenkins-test-harness:2.65
    +-org.jenkins-ci.main:jenkins-test-harness-htmlunit:2.36.0-1
      +-org.apache.commons:commons-lang3:3.9
and
+-org.jenkins-ci.plugins:config-file-provider:3.7.1-SNAPSHOT
  +-org.jenkins-ci.plugins:junit:1.39
    +-io.jenkins.plugins:echarts-api:4.8.0-2
      +-edu.hm.hafner:echarts-build-trends:2.0.0
        +-org.apache.commons:commons-lang3:3.10
and
+-org.jenkins-ci.plugins:config-file-provider:3.7.1-SNAPSHOT
  +-org.jenkins-ci.plugins:junit:1.39
    +-io.jenkins.plugins:plugin-util-api:1.3.0
      +-edu.hm.hafner:codingstyle:1.6.0
        +-org.apache.commons:commons-lang3:3.11
and
+-org.jenkins-ci.plugins:config-file-provider:3.7.1-SNAPSHOT
  +-org.jenkins-ci.main:jenkins-test-harness:2.65
    +-org.jenkins-ci.main:jenkins-test-harness-htmlunit:2.36.0-1
      +-org.apache.commons:commons-text:1.7
        +-org.apache.commons:commons-lang3:3.9
, 
Require upper bound dependencies error for com.github.spotbugs:spotbugs-annotations:3.1.11 paths to dependency are:
+-org.jenkins-ci.plugins:config-file-provider:3.7.1-SNAPSHOT
  +-com.github.spotbugs:spotbugs-annotations:3.1.11
and
+-org.jenkins-ci.plugins:config-file-provider:3.7.1-SNAPSHOT
  +-org.jenkins-ci.plugins:junit:1.39
    +-io.jenkins.plugins:echarts-api:4.8.0-2
      +-com.github.spotbugs:spotbugs-annotations:3.1.11 (managed) <-- com.github.spotbugs:spotbugs-annotations:4.1.2
and
+-org.jenkins-ci.plugins:config-file-provider:3.7.1-SNAPSHOT
  +-org.jenkins-ci.plugins:junit:1.39
    +-io.jenkins.plugins:checks-api:1.0.2
      +-com.github.spotbugs:spotbugs-annotations:3.1.11 (managed) <-- com.github.spotbugs:spotbugs-annotations:4.1.2
and
+-org.jenkins-ci.plugins:config-file-provider:3.7.1-SNAPSHOT
  +-org.jenkins-ci.plugins:junit:1.39
    +-io.jenkins.plugins:plugin-util-api:1.3.0
      +-com.github.spotbugs:spotbugs-annotations:3.1.11 (managed) <-- com.github.spotbugs:spotbugs-annotations:4.1.2
and
+-org.jenkins-ci.plugins:config-file-provider:3.7.1-SNAPSHOT
  +-org.jenkins-ci.plugins:junit:1.39
    +-io.jenkins.plugins:bootstrap4-api:4.5.2-1
      +-com.github.spotbugs:spotbugs-annotations:3.1.11 (managed) <-- com.github.spotbugs:spotbugs-annotations:4.1.2
and
+-org.jenkins-ci.plugins:config-file-provider:3.7.1-SNAPSHOT
  +-org.jenkins-ci.plugins:junit:1.39
    +-io.jenkins.plugins:echarts-api:4.8.0-2
      +-edu.hm.hafner:echarts-build-trends:2.0.0
        +-com.github.spotbugs:spotbugs-annotations:3.1.11 (managed) <-- com.github.spotbugs:spotbugs-annotations:4.0.2
and
+-org.jenkins-ci.plugins:config-file-provider:3.7.1-SNAPSHOT
  +-org.jenkins-ci.plugins:junit:1.39
    +-io.jenkins.plugins:echarts-api:4.8.0-2
      +-io.jenkins.plugins:jquery3-api:3.5.1-1
        +-com.github.spotbugs:spotbugs-annotations:3.1.11 (managed) <-- com.github.spotbugs:spotbugs-annotations:4.0.2
and
+-org.jenkins-ci.plugins:config-file-provider:3.7.1-SNAPSHOT
  +-org.jenkins-ci.plugins:junit:1.39
    +-io.jenkins.plugins:plugin-util-api:1.3.0
      +-edu.hm.hafner:codingstyle:1.6.0
        +-com.github.spotbugs:spotbugs-annotations:3.1.11 (managed) <-- com.github.spotbugs:spotbugs-annotations:4.1.2
and
+-org.jenkins-ci.plugins:config-file-provider:3.7.1-SNAPSHOT
  +-org.jenkins-ci.plugins:junit:1.39
    +-io.jenkins.plugins:bootstrap4-api:4.5.2-1
      +-io.jenkins.plugins:popper-api:1.16.0-6
        +-com.github.spotbugs:spotbugs-annotations:3.1.11 (managed) <-- com.github.spotbugs:spotbugs-annotations:4.0.0
and
+-org.jenkins-ci.plugins:config-file-provider:3.7.1-SNAPSHOT
  +-org.jenkins-ci.plugins:junit:1.39
    +-io.jenkins.plugins:bootstrap4-api:4.5.2-1
      +-io.jenkins.plugins:font-awesome-api:5.14.0-1
        +-com.github.spotbugs:spotbugs-annotations:3.1.11 (managed) <-- com.github.spotbugs:spotbugs-annotations:4.0.2
, 
Require upper bound dependencies error for com.google.errorprone:error_prone_annotations:2.3.4 paths to dependency are:
+-org.jenkins-ci.plugins:config-file-provider:3.7.1-SNAPSHOT
  +-org.jenkins-ci.plugins:junit:1.39
    +-io.jenkins.plugins:echarts-api:4.8.0-2
      +-com.google.errorprone:error_prone_annotations:2.3.4
and
+-org.jenkins-ci.plugins:config-file-provider:3.7.1-SNAPSHOT
  +-org.jenkins-ci.plugins:junit:1.39
    +-io.jenkins.plugins:checks-api:1.0.2
      +-com.google.errorprone:error_prone_annotations:2.4.0
and
+-org.jenkins-ci.plugins:config-file-provider:3.7.1-SNAPSHOT
  +-org.jenkins-ci.plugins:junit:1.39
    +-io.jenkins.plugins:plugin-util-api:1.3.0
      +-com.google.errorprone:error_prone_annotations:2.4.0
and
+-org.jenkins-ci.plugins:config-file-provider:3.7.1-SNAPSHOT
  +-org.jenkins-ci.plugins:junit:1.39
    +-io.jenkins.plugins:bootstrap4-api:4.5.2-1
      +-com.google.errorprone:error_prone_annotations:2.4.0
and
+-org.jenkins-ci.plugins:config-file-provider:3.7.1-SNAPSHOT
  +-org.jenkins-ci.plugins:junit:1.39
    +-io.jenkins.plugins:echarts-api:4.8.0-2
      +-edu.hm.hafner:echarts-build-trends:2.0.0
        +-com.google.errorprone:error_prone_annotations:2.3.4
and
+-org.jenkins-ci.plugins:config-file-provider:3.7.1-SNAPSHOT
  +-org.jenkins-ci.plugins:junit:1.39
    +-io.jenkins.plugins:echarts-api:4.8.0-2
      +-io.jenkins.plugins:jquery3-api:3.5.1-1
        +-com.google.errorprone:error_prone_annotations:2.3.4
and
+-org.jenkins-ci.plugins:config-file-provider:3.7.1-SNAPSHOT
  +-org.jenkins-ci.plugins:junit:1.39
    +-io.jenkins.plugins:plugin-util-api:1.3.0
      +-edu.hm.hafner:codingstyle:1.6.0
        +-com.google.errorprone:error_prone_annotations:2.4.0
and
+-org.jenkins-ci.plugins:config-file-provider:3.7.1-SNAPSHOT
  +-org.jenkins-ci.plugins:junit:1.39
    +-io.jenkins.plugins:bootstrap4-api:4.5.2-1
      +-io.jenkins.plugins:popper-api:1.16.0-6
        +-com.google.errorprone:error_prone_annotations:2.3.4
and
+-org.jenkins-ci.plugins:config-file-provider:3.7.1-SNAPSHOT
  +-org.jenkins-ci.plugins:junit:1.39
    +-io.jenkins.plugins:bootstrap4-api:4.5.2-1
      +-io.jenkins.plugins:font-awesome-api:5.14.0-1
        +-com.google.errorprone:error_prone_annotations:2.3.4
, 
Require upper bound dependencies error for com.fasterxml.jackson.core:jackson-databind:2.10.1 paths to dependency are:
+-org.jenkins-ci.plugins:config-file-provider:3.7.1-SNAPSHOT
  +-io.jenkins.configuration-as-code:test-harness:1.35
    +-com.fasterxml.jackson.core:jackson-databind:2.10.1
and
+-org.jenkins-ci.plugins:config-file-provider:3.7.1-SNAPSHOT
  +-org.jenkins-ci.plugins:junit:1.39
    +-org.jenkins-ci.plugins:jackson2-api:2.11.3
      +-com.fasterxml.jackson.core:jackson-databind:2.11.3
and
+-org.jenkins-ci.plugins:config-file-provider:3.7.1-SNAPSHOT
  +-org.jenkins-ci.plugins:junit:1.39
    +-org.jenkins-ci.plugins:jackson2-api:2.11.3
      +-com.fasterxml.jackson.datatype:jackson-datatype-jsr310:2.11.3
        +-com.fasterxml.jackson.core:jackson-databind:2.11.3
and
+-org.jenkins-ci.plugins:config-file-provider:3.7.1-SNAPSHOT
  +-org.jenkins-ci.plugins:junit:1.39
    +-org.jenkins-ci.plugins:jackson2-api:2.11.3
      +-com.fasterxml.jackson.datatype:jackson-datatype-jdk8:2.11.3
        +-com.fasterxml.jackson.core:jackson-databind:2.11.3
and
+-org.jenkins-ci.plugins:config-file-provider:3.7.1-SNAPSHOT
  +-org.jenkins-ci.plugins:junit:1.39
    +-org.jenkins-ci.plugins:jackson2-api:2.11.3
      +-com.fasterxml.jackson.datatype:jackson-datatype-json-org:2.11.3
        +-com.fasterxml.jackson.core:jackson-databind:2.11.3
and
+-org.jenkins-ci.plugins:config-file-provider:3.7.1-SNAPSHOT
  +-org.jenkins-ci.plugins:junit:1.39
    +-org.jenkins-ci.plugins:jackson2-api:2.11.3
      +-com.fasterxml.jackson.module:jackson-module-parameter-names:2.11.3
        +-com.fasterxml.jackson.core:jackson-databind:2.11.3
and
+-org.jenkins-ci.plugins:config-file-provider:3.7.1-SNAPSHOT
  +-org.jenkins-ci.plugins:junit:1.39
    +-org.jenkins-ci.plugins:jackson2-api:2.11.3
      +-com.fasterxml.jackson.module:jackson-module-jaxb-annotations:2.11.3
        +-com.fasterxml.jackson.core:jackson-databind:2.11.3
, 
Require upper bound dependencies error for com.fasterxml.jackson.dataformat:jackson-dataformat-yaml:2.10.1 paths to dependency are:
+-org.jenkins-ci.plugins:config-file-provider:3.7.1-SNAPSHOT
  +-io.jenkins.configuration-as-code:test-harness:1.35
    +-com.fasterxml.jackson.dataformat:jackson-dataformat-yaml:2.10.1
and
+-org.jenkins-ci.plugins:config-file-provider:3.7.1-SNAPSHOT
  +-org.jenkins-ci.plugins:junit:1.39
    +-org.jenkins-ci.plugins:jackson2-api:2.11.3
      +-com.fasterxml.jackson.dataformat:jackson-dataformat-yaml:2.11.3
, 
Require upper bound dependencies error for org.yaml:snakeyaml:1.24 paths to dependency are:
+-org.jenkins-ci.plugins:config-file-provider:3.7.1-SNAPSHOT
  +-io.jenkins.configuration-as-code:test-harness:1.35
    +-com.fasterxml.jackson.dataformat:jackson-dataformat-yaml:2.10.1
      +-org.yaml:snakeyaml:1.24
and
+-org.jenkins-ci.plugins:config-file-provider:3.7.1-SNAPSHOT
  +-org.jenkins-ci.plugins:junit:1.39
    +-org.jenkins-ci.plugins:jackson2-api:2.11.3
      +-io.jenkins.plugins:snakeyaml-api:1.26.4
        +-org.yaml:snakeyaml:1.26
]
[INFO] ------------------------------------------------------------------------
[INFO] BUILD FAILURE
[INFO] ------------------------------------------------------------------------
[INFO] Total time:  13.805 s
[INFO] Finished at: 2023-01-17T18:57:41Z
[INFO] ------------------------------------------------------------------------
[ERROR] Failed to execute goal org.apache.maven.plugins:maven-enforcer-plugin:3.0.0-M3:enforce (display-info) on project config-file-provider: Some Enforcer rules have failed. Look above for specific messages explaining why the rule failed. -> [Help 1]
[ERROR] 
[ERROR] To see the full stack trace of the errors, re-run Maven with the -e switch.
[ERROR] Re-run Maven using the -X switch to enable full debug logging.
[ERROR] 
[ERROR] For more information about the errors and possible solutions, please read the following articles:
[ERROR] [Help 1] http://cwiki.apache.org/confluence/display/MAVEN/MojoExecutionException
