[INFO] Scanning for projects...
[WARNING] 
[WARNING] Some problems were encountered while building the effective model for net.javacrumbs.future-converter:future-converter-common-test:jar:1.2.1-SNAPSHOT
[WARNING] 'build.plugins.plugin.version' for org.apache.maven.plugins:maven-deploy-plugin is missing. @ line 62, column 21
[WARNING] 
[WARNING] It is highly recommended to fix these problems because they threaten the stability of your build.
[WARNING] 
[WARNING] For this reason, future Maven versions might no longer support building such malformed projects.
[WARNING] 
[INFO] ------------------------------------------------------------------------
[INFO] Reactor Build Order:
[INFO] 
[INFO] future-converter                                                   [pom]
[INFO] future-converter-common                                            [jar]
[INFO] future-converter-common-test                                       [jar]
[INFO] future-converter-java8-common                                      [jar]
[INFO] future-converter-guava-common                                      [jar]
[INFO] future-converter-java8-guava                                       [jar]
[INFO] future-converter-apifuture-common                                  [jar]
[INFO] future-converter-java8-apifuture                                   [jar]
[INFO] future-converter-rxjava-common                                     [jar]
[INFO] future-converter-rxjava-java8                                      [jar]
[INFO] future-converter-rxjava2-common                                    [jar]
[INFO] future-converter-rxjava2-java8                                     [jar]
[INFO] future-converter-guava-rxjava                                      [jar]
[INFO] future-converter-guava-rxjava2                                     [jar]
[INFO] future-converter-spring-common                                     [jar]
[INFO] future-converter-spring-rxjava                                     [jar]
[INFO] future-converter-spring-rxjava2                                    [jar]
[INFO] future-converter-spring-guava                                      [jar]
[INFO] future-converter-spring-java8                                      [jar]
[INFO] 
[INFO] ----------< net.javacrumbs.future-converter:future-converter >----------
[INFO] Building future-converter 1.2.1-SNAPSHOT                          [1/19]
[INFO] --------------------------------[ pom ]---------------------------------
[INFO] 
[INFO] --- maven-clean-plugin:2.5:clean (default-clean) @ future-converter ---
[INFO] 
[INFO] --- maven-enforcer-plugin:1.2:enforce (enforce-maven) @ future-converter ---
[INFO] 
[INFO] --- license-maven-plugin:3.0:format (update-license) @ future-converter ---
[INFO] Updating license headers...
[INFO] Updating license header in: /home/gabsko/breaking-updates/.github/workflows/ci.yml
[INFO] Updating license header in: /home/gabsko/breaking-updates/.github/dependabot.yml
[INFO] 
[INFO] ------< net.javacrumbs.future-converter:future-converter-common >-------
[INFO] Building future-converter-common 1.2.1-SNAPSHOT                   [2/19]
[INFO] --------------------------------[ jar ]---------------------------------
[INFO] 
[INFO] --- maven-clean-plugin:2.5:clean (default-clean) @ future-converter-common ---
[INFO] Deleting /home/gabsko/breaking-updates/common/target
[INFO] 
[INFO] --- maven-enforcer-plugin:1.2:enforce (enforce-maven) @ future-converter-common ---
[INFO] 
[INFO] --- license-maven-plugin:3.0:format (update-license) @ future-converter-common ---
[INFO] Updating license headers...
[INFO] 
[INFO] --- maven-resources-plugin:2.6:resources (default-resources) @ future-converter-common ---
[INFO] Using 'UTF-8' encoding to copy filtered resources.
[INFO] skip non existing resourceDirectory /home/gabsko/breaking-updates/common/src/main/resources
[INFO] 
[INFO] --- maven-compiler-plugin:3.2:compile (default-compile) @ future-converter-common ---
[INFO] Changes detected - recompiling the module!
[INFO] Compiling 3 source files to /home/gabsko/breaking-updates/common/target/classes
[INFO] 
[INFO] ----< net.javacrumbs.future-converter:future-converter-common-test >----
[INFO] Building future-converter-common-test 1.2.1-SNAPSHOT              [3/19]
[INFO] --------------------------------[ jar ]---------------------------------
[INFO] 
[INFO] --- maven-clean-plugin:2.5:clean (default-clean) @ future-converter-common-test ---
[INFO] Deleting /home/gabsko/breaking-updates/common-test/target
[INFO] 
[INFO] --- maven-enforcer-plugin:1.2:enforce (enforce-maven) @ future-converter-common-test ---
[INFO] 
[INFO] --- license-maven-plugin:3.0:format (update-license) @ future-converter-common-test ---
[INFO] Updating license headers...
[INFO] 
[INFO] --- maven-resources-plugin:2.6:resources (default-resources) @ future-converter-common-test ---
[INFO] Using 'UTF-8' encoding to copy filtered resources.
[INFO] skip non existing resourceDirectory /home/gabsko/breaking-updates/common-test/src/main/resources
[INFO] 
[INFO] --- maven-compiler-plugin:3.2:compile (default-compile) @ future-converter-common-test ---
[INFO] Changes detected - recompiling the module!
[INFO] Compiling 18 source files to /home/gabsko/breaking-updates/common-test/target/classes
[INFO] /home/gabsko/breaking-updates/common-test/src/main/java/net/javacrumbs/futureconverter/common/test/apicommon/ApiCommonConvertedFutureTestHelper.java: /home/gabsko/breaking-updates/common-test/src/main/java/net/javacrumbs/futureconverter/common/test/apicommon/ApiCommonConvertedFutureTestHelper.java uses or overrides a deprecated API.
[INFO] /home/gabsko/breaking-updates/common-test/src/main/java/net/javacrumbs/futureconverter/common/test/apicommon/ApiCommonConvertedFutureTestHelper.java: Recompile with -Xlint:deprecation for details.
[INFO] /home/gabsko/breaking-updates/common-test/src/main/java/net/javacrumbs/futureconverter/common/test/spring/SpringConvertedFutureTestHelper.java: Some input files use unchecked or unsafe operations.
[INFO] /home/gabsko/breaking-updates/common-test/src/main/java/net/javacrumbs/futureconverter/common/test/spring/SpringConvertedFutureTestHelper.java: Recompile with -Xlint:unchecked for details.
[INFO] -------------------------------------------------------------
[ERROR] COMPILATION ERROR : 
[INFO] -------------------------------------------------------------
[ERROR] /home/gabsko/breaking-updates/common-test/src/main/java/net/javacrumbs/futureconverter/common/test/rxjava/AbstractFutureToSingleConverterTest.java:[37,1] cannot find symbol
  symbol:   static verifyZeroInteractions
  location: class org.mockito.Mockito
[ERROR] /home/gabsko/breaking-updates/common-test/src/main/java/net/javacrumbs/futureconverter/common/test/rxjava2/AbstractFutureToSingleConverterTest.java:[38,1] cannot find symbol
  symbol:   static verifyZeroInteractions
  location: class org.mockito.Mockito
[ERROR] /home/gabsko/breaking-updates/common-test/src/main/java/net/javacrumbs/futureconverter/common/test/rxjava/AbstractFutureToSingleConverterTest.java:[78,9] cannot find symbol
  symbol:   method verifyZeroInteractions(rx.functions.Action1<java.lang.Throwable>)
  location: class net.javacrumbs.futureconverter.common.test.rxjava.AbstractFutureToSingleConverterTest<T>
[ERROR] /home/gabsko/breaking-updates/common-test/src/main/java/net/javacrumbs/futureconverter/common/test/rxjava/AbstractFutureToSingleConverterTest.java:[96,9] cannot find symbol
  symbol:   method verifyZeroInteractions(rx.functions.Action1<java.lang.String>)
  location: class net.javacrumbs.futureconverter.common.test.rxjava.AbstractFutureToSingleConverterTest<T>
[ERROR] /home/gabsko/breaking-updates/common-test/src/main/java/net/javacrumbs/futureconverter/common/test/rxjava/AbstractFutureToSingleConverterTest.java:[97,9] cannot find symbol
  symbol:   method verifyZeroInteractions(rx.functions.Action1<java.lang.Throwable>)
  location: class net.javacrumbs.futureconverter.common.test.rxjava.AbstractFutureToSingleConverterTest<T>
[ERROR] /home/gabsko/breaking-updates/common-test/src/main/java/net/javacrumbs/futureconverter/common/test/rxjava/AbstractFutureToSingleConverterTest.java:[104,9] cannot find symbol
  symbol:   method verifyZeroInteractions(rx.functions.Action1<java.lang.Throwable>)
  location: class net.javacrumbs.futureconverter.common.test.rxjava.AbstractFutureToSingleConverterTest<T>
[ERROR] /home/gabsko/breaking-updates/common-test/src/main/java/net/javacrumbs/futureconverter/common/test/rxjava/AbstractFutureToSingleConverterTest.java:[123,9] cannot find symbol
  symbol:   method verifyZeroInteractions(rx.functions.Action1<java.lang.String>)
  location: class net.javacrumbs.futureconverter.common.test.rxjava.AbstractFutureToSingleConverterTest<T>
[ERROR] /home/gabsko/breaking-updates/common-test/src/main/java/net/javacrumbs/futureconverter/common/test/rxjava/AbstractFutureToSingleConverterTest.java:[124,9] cannot find symbol
  symbol:   method verifyZeroInteractions(rx.functions.Action1<java.lang.Throwable>)
  location: class net.javacrumbs.futureconverter.common.test.rxjava.AbstractFutureToSingleConverterTest<T>
[ERROR] /home/gabsko/breaking-updates/common-test/src/main/java/net/javacrumbs/futureconverter/common/test/rxjava/AbstractFutureToSingleConverterTest.java:[136,9] cannot find symbol
  symbol:   method verifyZeroInteractions(rx.functions.Action1<java.lang.String>)
  location: class net.javacrumbs.futureconverter.common.test.rxjava.AbstractFutureToSingleConverterTest<T>
[ERROR] /home/gabsko/breaking-updates/common-test/src/main/java/net/javacrumbs/futureconverter/common/test/rxjava/AbstractFutureToSingleConverterTest.java:[137,9] cannot find symbol
  symbol:   method verifyZeroInteractions(rx.functions.Action1<java.lang.Throwable>)
  location: class net.javacrumbs.futureconverter.common.test.rxjava.AbstractFutureToSingleConverterTest<T>
[ERROR] /home/gabsko/breaking-updates/common-test/src/main/java/net/javacrumbs/futureconverter/common/test/rxjava/AbstractFutureToSingleConverterTest.java:[146,9] cannot find symbol
  symbol:   method verifyZeroInteractions(rx.functions.Action1<java.lang.Throwable>)
  location: class net.javacrumbs.futureconverter.common.test.rxjava.AbstractFutureToSingleConverterTest<T>
[ERROR] /home/gabsko/breaking-updates/common-test/src/main/java/net/javacrumbs/futureconverter/common/test/rxjava/AbstractFutureToSingleConverterTest.java:[149,9] cannot find symbol
  symbol:   method verifyZeroInteractions(rx.functions.Action1<java.lang.Throwable>)
  location: class net.javacrumbs.futureconverter.common.test.rxjava.AbstractFutureToSingleConverterTest<T>
[ERROR] /home/gabsko/breaking-updates/common-test/src/main/java/net/javacrumbs/futureconverter/common/test/rxjava/AbstractFutureToSingleConverterTest.java:[160,9] cannot find symbol
  symbol:   method verifyZeroInteractions(rx.functions.Action1<java.lang.String>)
  location: class net.javacrumbs.futureconverter.common.test.rxjava.AbstractFutureToSingleConverterTest<T>
[ERROR] /home/gabsko/breaking-updates/common-test/src/main/java/net/javacrumbs/futureconverter/common/test/rxjava/AbstractFutureToSingleConverterTest.java:[161,9] cannot find symbol
  symbol:   method verifyZeroInteractions(rx.functions.Action1<java.lang.Throwable>)
  location: class net.javacrumbs.futureconverter.common.test.rxjava.AbstractFutureToSingleConverterTest<T>
[ERROR] /home/gabsko/breaking-updates/common-test/src/main/java/net/javacrumbs/futureconverter/common/test/rxjava/AbstractFutureToSingleConverterTest.java:[169,9] cannot find symbol
  symbol:   method verifyZeroInteractions(rx.functions.Action1<java.lang.String>)
  location: class net.javacrumbs.futureconverter.common.test.rxjava.AbstractFutureToSingleConverterTest<T>
[ERROR] /home/gabsko/breaking-updates/common-test/src/main/java/net/javacrumbs/futureconverter/common/test/rxjava/AbstractFutureToSingleConverterTest.java:[170,9] cannot find symbol
  symbol:   method verifyZeroInteractions(rx.functions.Action1<java.lang.Throwable>)
  location: class net.javacrumbs.futureconverter.common.test.rxjava.AbstractFutureToSingleConverterTest<T>
[ERROR] /home/gabsko/breaking-updates/common-test/src/main/java/net/javacrumbs/futureconverter/common/test/rxjava/AbstractFutureToSingleConverterTest.java:[185,9] cannot find symbol
  symbol:   method verifyZeroInteractions(rx.functions.Action1<java.lang.String>)
  location: class net.javacrumbs.futureconverter.common.test.rxjava.AbstractFutureToSingleConverterTest<T>
[ERROR] /home/gabsko/breaking-updates/common-test/src/main/java/net/javacrumbs/futureconverter/common/test/rxjava/AbstractFutureToSingleConverterTest.java:[186,9] cannot find symbol
  symbol:   method verifyZeroInteractions(rx.functions.Action1<java.lang.Throwable>)
  location: class net.javacrumbs.futureconverter.common.test.rxjava.AbstractFutureToSingleConverterTest<T>
[ERROR] /home/gabsko/breaking-updates/common-test/src/main/java/net/javacrumbs/futureconverter/common/test/rxjava/AbstractFutureToSingleConverterTest.java:[196,9] cannot find symbol
  symbol:   method verifyZeroInteractions(rx.functions.Action1<java.lang.Throwable>)
  location: class net.javacrumbs.futureconverter.common.test.rxjava.AbstractFutureToSingleConverterTest<T>
[ERROR] /home/gabsko/breaking-updates/common-test/src/main/java/net/javacrumbs/futureconverter/common/test/rxjava/AbstractFutureToSingleConverterTest.java:[219,9] cannot find symbol
  symbol:   method verifyZeroInteractions(rx.functions.Action1<java.lang.String>)
  location: class net.javacrumbs.futureconverter.common.test.rxjava.AbstractFutureToSingleConverterTest<T>
[ERROR] /home/gabsko/breaking-updates/common-test/src/main/java/net/javacrumbs/futureconverter/common/test/rxjava/AbstractFutureToSingleConverterTest.java:[246,9] cannot find symbol
  symbol:   method verifyZeroInteractions(rx.functions.Action1<java.lang.String>)
  location: class net.javacrumbs.futureconverter.common.test.rxjava.AbstractFutureToSingleConverterTest<T>
[ERROR] /home/gabsko/breaking-updates/common-test/src/main/java/net/javacrumbs/futureconverter/common/test/rxjava/AbstractFutureToSingleConverterTest.java:[247,9] cannot find symbol
  symbol:   method verifyZeroInteractions(rx.functions.Action1<java.lang.Throwable>)
  location: class net.javacrumbs.futureconverter.common.test.rxjava.AbstractFutureToSingleConverterTest<T>
[ERROR] /home/gabsko/breaking-updates/common-test/src/main/java/net/javacrumbs/futureconverter/common/test/rxjava/AbstractFutureToSingleConverterTest.java:[288,9] cannot find symbol
  symbol:   method verifyZeroInteractions(rx.functions.Action1<java.lang.String>)
  location: class net.javacrumbs.futureconverter.common.test.rxjava.AbstractFutureToSingleConverterTest<T>
[ERROR] /home/gabsko/breaking-updates/common-test/src/main/java/net/javacrumbs/futureconverter/common/test/rxjava2/AbstractFutureToSingleConverterTest.java:[79,9] cannot find symbol
  symbol:   method verifyZeroInteractions(io.reactivex.functions.Consumer<java.lang.Throwable>)
  location: class net.javacrumbs.futureconverter.common.test.rxjava2.AbstractFutureToSingleConverterTest<T>
[ERROR] /home/gabsko/breaking-updates/common-test/src/main/java/net/javacrumbs/futureconverter/common/test/rxjava2/AbstractFutureToSingleConverterTest.java:[97,9] cannot find symbol
  symbol:   method verifyZeroInteractions(io.reactivex.functions.Consumer<java.lang.String>)
  location: class net.javacrumbs.futureconverter.common.test.rxjava2.AbstractFutureToSingleConverterTest<T>
[ERROR] /home/gabsko/breaking-updates/common-test/src/main/java/net/javacrumbs/futureconverter/common/test/rxjava2/AbstractFutureToSingleConverterTest.java:[98,9] cannot find symbol
  symbol:   method verifyZeroInteractions(io.reactivex.functions.Consumer<java.lang.Throwable>)
  location: class net.javacrumbs.futureconverter.common.test.rxjava2.AbstractFutureToSingleConverterTest<T>
[ERROR] /home/gabsko/breaking-updates/common-test/src/main/java/net/javacrumbs/futureconverter/common/test/rxjava2/AbstractFutureToSingleConverterTest.java:[105,9] cannot find symbol
  symbol:   method verifyZeroInteractions(io.reactivex.functions.Consumer<java.lang.Throwable>)
  location: class net.javacrumbs.futureconverter.common.test.rxjava2.AbstractFutureToSingleConverterTest<T>
[ERROR] /home/gabsko/breaking-updates/common-test/src/main/java/net/javacrumbs/futureconverter/common/test/rxjava2/AbstractFutureToSingleConverterTest.java:[124,9] cannot find symbol
  symbol:   method verifyZeroInteractions(io.reactivex.functions.Consumer<java.lang.String>)
  location: class net.javacrumbs.futureconverter.common.test.rxjava2.AbstractFutureToSingleConverterTest<T>
[ERROR] /home/gabsko/breaking-updates/common-test/src/main/java/net/javacrumbs/futureconverter/common/test/rxjava2/AbstractFutureToSingleConverterTest.java:[125,9] cannot find symbol
  symbol:   method verifyZeroInteractions(io.reactivex.functions.Consumer<java.lang.Throwable>)
  location: class net.javacrumbs.futureconverter.common.test.rxjava2.AbstractFutureToSingleConverterTest<T>
[ERROR] /home/gabsko/breaking-updates/common-test/src/main/java/net/javacrumbs/futureconverter/common/test/rxjava2/AbstractFutureToSingleConverterTest.java:[137,9] cannot find symbol
  symbol:   method verifyZeroInteractions(io.reactivex.functions.Consumer<java.lang.String>)
  location: class net.javacrumbs.futureconverter.common.test.rxjava2.AbstractFutureToSingleConverterTest<T>
[ERROR] /home/gabsko/breaking-updates/common-test/src/main/java/net/javacrumbs/futureconverter/common/test/rxjava2/AbstractFutureToSingleConverterTest.java:[138,9] cannot find symbol
  symbol:   method verifyZeroInteractions(io.reactivex.functions.Consumer<java.lang.Throwable>)
  location: class net.javacrumbs.futureconverter.common.test.rxjava2.AbstractFutureToSingleConverterTest<T>
[ERROR] /home/gabsko/breaking-updates/common-test/src/main/java/net/javacrumbs/futureconverter/common/test/rxjava2/AbstractFutureToSingleConverterTest.java:[147,9] cannot find symbol
  symbol:   method verifyZeroInteractions(io.reactivex.functions.Consumer<java.lang.Throwable>)
  location: class net.javacrumbs.futureconverter.common.test.rxjava2.AbstractFutureToSingleConverterTest<T>
[ERROR] /home/gabsko/breaking-updates/common-test/src/main/java/net/javacrumbs/futureconverter/common/test/rxjava2/AbstractFutureToSingleConverterTest.java:[150,9] cannot find symbol
  symbol:   method verifyZeroInteractions(io.reactivex.functions.Consumer<java.lang.Throwable>)
  location: class net.javacrumbs.futureconverter.common.test.rxjava2.AbstractFutureToSingleConverterTest<T>
[ERROR] /home/gabsko/breaking-updates/common-test/src/main/java/net/javacrumbs/futureconverter/common/test/rxjava2/AbstractFutureToSingleConverterTest.java:[161,9] cannot find symbol
  symbol:   method verifyZeroInteractions(io.reactivex.functions.Consumer<java.lang.String>)
  location: class net.javacrumbs.futureconverter.common.test.rxjava2.AbstractFutureToSingleConverterTest<T>
[ERROR] /home/gabsko/breaking-updates/common-test/src/main/java/net/javacrumbs/futureconverter/common/test/rxjava2/AbstractFutureToSingleConverterTest.java:[162,9] cannot find symbol
  symbol:   method verifyZeroInteractions(io.reactivex.functions.Consumer<java.lang.Throwable>)
  location: class net.javacrumbs.futureconverter.common.test.rxjava2.AbstractFutureToSingleConverterTest<T>
[ERROR] /home/gabsko/breaking-updates/common-test/src/main/java/net/javacrumbs/futureconverter/common/test/rxjava2/AbstractFutureToSingleConverterTest.java:[169,9] cannot find symbol
  symbol:   method verifyZeroInteractions(io.reactivex.functions.Consumer<java.lang.String>)
  location: class net.javacrumbs.futureconverter.common.test.rxjava2.AbstractFutureToSingleConverterTest<T>
[ERROR] /home/gabsko/breaking-updates/common-test/src/main/java/net/javacrumbs/futureconverter/common/test/rxjava2/AbstractFutureToSingleConverterTest.java:[170,9] cannot find symbol
  symbol:   method verifyZeroInteractions(io.reactivex.functions.Consumer<java.lang.Throwable>)
  location: class net.javacrumbs.futureconverter.common.test.rxjava2.AbstractFutureToSingleConverterTest<T>
[ERROR] /home/gabsko/breaking-updates/common-test/src/main/java/net/javacrumbs/futureconverter/common/test/rxjava2/AbstractFutureToSingleConverterTest.java:[185,9] cannot find symbol
  symbol:   method verifyZeroInteractions(io.reactivex.functions.Consumer<java.lang.String>)
  location: class net.javacrumbs.futureconverter.common.test.rxjava2.AbstractFutureToSingleConverterTest<T>
[ERROR] /home/gabsko/breaking-updates/common-test/src/main/java/net/javacrumbs/futureconverter/common/test/rxjava2/AbstractFutureToSingleConverterTest.java:[186,9] cannot find symbol
  symbol:   method verifyZeroInteractions(io.reactivex.functions.Consumer<java.lang.Throwable>)
  location: class net.javacrumbs.futureconverter.common.test.rxjava2.AbstractFutureToSingleConverterTest<T>
[ERROR] /home/gabsko/breaking-updates/common-test/src/main/java/net/javacrumbs/futureconverter/common/test/rxjava2/AbstractFutureToSingleConverterTest.java:[195,9] cannot find symbol
  symbol:   method verifyZeroInteractions(io.reactivex.functions.Consumer<java.lang.Throwable>)
  location: class net.javacrumbs.futureconverter.common.test.rxjava2.AbstractFutureToSingleConverterTest<T>
[ERROR] /home/gabsko/breaking-updates/common-test/src/main/java/net/javacrumbs/futureconverter/common/test/rxjava2/AbstractFutureToSingleConverterTest.java:[218,9] cannot find symbol
  symbol:   method verifyZeroInteractions(io.reactivex.functions.Consumer<java.lang.String>)
  location: class net.javacrumbs.futureconverter.common.test.rxjava2.AbstractFutureToSingleConverterTest<T>
[ERROR] /home/gabsko/breaking-updates/common-test/src/main/java/net/javacrumbs/futureconverter/common/test/rxjava2/AbstractFutureToSingleConverterTest.java:[246,9] cannot find symbol
  symbol:   method verifyZeroInteractions(io.reactivex.functions.Consumer<java.lang.String>)
  location: class net.javacrumbs.futureconverter.common.test.rxjava2.AbstractFutureToSingleConverterTest<T>
[ERROR] /home/gabsko/breaking-updates/common-test/src/main/java/net/javacrumbs/futureconverter/common/test/rxjava2/AbstractFutureToSingleConverterTest.java:[247,9] cannot find symbol
  symbol:   method verifyZeroInteractions(io.reactivex.functions.Consumer<java.lang.Throwable>)
  location: class net.javacrumbs.futureconverter.common.test.rxjava2.AbstractFutureToSingleConverterTest<T>
[ERROR] /home/gabsko/breaking-updates/common-test/src/main/java/net/javacrumbs/futureconverter/common/test/rxjava2/AbstractFutureToSingleConverterTest.java:[289,9] cannot find symbol
  symbol:   method verifyZeroInteractions(io.reactivex.functions.Consumer<java.lang.String>)
  location: class net.javacrumbs.futureconverter.common.test.rxjava2.AbstractFutureToSingleConverterTest<T>
[INFO] 44 errors 
[INFO] -------------------------------------------------------------
[INFO] ------------------------------------------------------------------------
[INFO] Reactor Summary for future-converter 1.2.1-SNAPSHOT:
[INFO] 
[INFO] future-converter ................................... SUCCESS [  0.674 s]
[INFO] future-converter-common ............................ SUCCESS [  0.575 s]
[INFO] future-converter-common-test ....................... FAILURE [  0.404 s]
[INFO] future-converter-java8-common ...................... SKIPPED
[INFO] future-converter-guava-common ...................... SKIPPED
[INFO] future-converter-java8-guava ....................... SKIPPED
[INFO] future-converter-apifuture-common .................. SKIPPED
[INFO] future-converter-java8-apifuture ................... SKIPPED
[INFO] future-converter-rxjava-common ..................... SKIPPED
[INFO] future-converter-rxjava-java8 ...................... SKIPPED
[INFO] future-converter-rxjava2-common .................... SKIPPED
[INFO] future-converter-rxjava2-java8 ..................... SKIPPED
[INFO] future-converter-guava-rxjava ...................... SKIPPED
[INFO] future-converter-guava-rxjava2 ..................... SKIPPED
[INFO] future-converter-spring-common ..................... SKIPPED
[INFO] future-converter-spring-rxjava ..................... SKIPPED
[INFO] future-converter-spring-rxjava2 .................... SKIPPED
[INFO] future-converter-spring-guava ...................... SKIPPED
[INFO] future-converter-spring-java8 ...................... SKIPPED
[INFO] ------------------------------------------------------------------------
[INFO] BUILD FAILURE
[INFO] ------------------------------------------------------------------------
[INFO] Total time:  1.775 s
[INFO] Finished at: 2023-01-17T20:25:14Z
[INFO] ------------------------------------------------------------------------
[ERROR] Failed to execute goal org.apache.maven.plugins:maven-compiler-plugin:3.2:compile (default-compile) on project future-converter-common-test: Compilation failure: Compilation failure: 
[ERROR] /home/gabsko/breaking-updates/common-test/src/main/java/net/javacrumbs/futureconverter/common/test/rxjava/AbstractFutureToSingleConverterTest.java:[37,1] cannot find symbol
[ERROR]   symbol:   static verifyZeroInteractions
[ERROR]   location: class org.mockito.Mockito
[ERROR] /home/gabsko/breaking-updates/common-test/src/main/java/net/javacrumbs/futureconverter/common/test/rxjava2/AbstractFutureToSingleConverterTest.java:[38,1] cannot find symbol
[ERROR]   symbol:   static verifyZeroInteractions
[ERROR]   location: class org.mockito.Mockito
[ERROR] /home/gabsko/breaking-updates/common-test/src/main/java/net/javacrumbs/futureconverter/common/test/rxjava/AbstractFutureToSingleConverterTest.java:[78,9] cannot find symbol
[ERROR]   symbol:   method verifyZeroInteractions(rx.functions.Action1<java.lang.Throwable>)
[ERROR]   location: class net.javacrumbs.futureconverter.common.test.rxjava.AbstractFutureToSingleConverterTest<T>
[ERROR] /home/gabsko/breaking-updates/common-test/src/main/java/net/javacrumbs/futureconverter/common/test/rxjava/AbstractFutureToSingleConverterTest.java:[96,9] cannot find symbol
[ERROR]   symbol:   method verifyZeroInteractions(rx.functions.Action1<java.lang.String>)
[ERROR]   location: class net.javacrumbs.futureconverter.common.test.rxjava.AbstractFutureToSingleConverterTest<T>
[ERROR] /home/gabsko/breaking-updates/common-test/src/main/java/net/javacrumbs/futureconverter/common/test/rxjava/AbstractFutureToSingleConverterTest.java:[97,9] cannot find symbol
[ERROR]   symbol:   method verifyZeroInteractions(rx.functions.Action1<java.lang.Throwable>)
[ERROR]   location: class net.javacrumbs.futureconverter.common.test.rxjava.AbstractFutureToSingleConverterTest<T>
[ERROR] /home/gabsko/breaking-updates/common-test/src/main/java/net/javacrumbs/futureconverter/common/test/rxjava/AbstractFutureToSingleConverterTest.java:[104,9] cannot find symbol
[ERROR]   symbol:   method verifyZeroInteractions(rx.functions.Action1<java.lang.Throwable>)
[ERROR]   location: class net.javacrumbs.futureconverter.common.test.rxjava.AbstractFutureToSingleConverterTest<T>
[ERROR] /home/gabsko/breaking-updates/common-test/src/main/java/net/javacrumbs/futureconverter/common/test/rxjava/AbstractFutureToSingleConverterTest.java:[123,9] cannot find symbol
[ERROR]   symbol:   method verifyZeroInteractions(rx.functions.Action1<java.lang.String>)
[ERROR]   location: class net.javacrumbs.futureconverter.common.test.rxjava.AbstractFutureToSingleConverterTest<T>
[ERROR] /home/gabsko/breaking-updates/common-test/src/main/java/net/javacrumbs/futureconverter/common/test/rxjava/AbstractFutureToSingleConverterTest.java:[124,9] cannot find symbol
[ERROR]   symbol:   method verifyZeroInteractions(rx.functions.Action1<java.lang.Throwable>)
[ERROR]   location: class net.javacrumbs.futureconverter.common.test.rxjava.AbstractFutureToSingleConverterTest<T>
[ERROR] /home/gabsko/breaking-updates/common-test/src/main/java/net/javacrumbs/futureconverter/common/test/rxjava/AbstractFutureToSingleConverterTest.java:[136,9] cannot find symbol
[ERROR]   symbol:   method verifyZeroInteractions(rx.functions.Action1<java.lang.String>)
[ERROR]   location: class net.javacrumbs.futureconverter.common.test.rxjava.AbstractFutureToSingleConverterTest<T>
[ERROR] /home/gabsko/breaking-updates/common-test/src/main/java/net/javacrumbs/futureconverter/common/test/rxjava/AbstractFutureToSingleConverterTest.java:[137,9] cannot find symbol
[ERROR]   symbol:   method verifyZeroInteractions(rx.functions.Action1<java.lang.Throwable>)
[ERROR]   location: class net.javacrumbs.futureconverter.common.test.rxjava.AbstractFutureToSingleConverterTest<T>
[ERROR] /home/gabsko/breaking-updates/common-test/src/main/java/net/javacrumbs/futureconverter/common/test/rxjava/AbstractFutureToSingleConverterTest.java:[146,9] cannot find symbol
[ERROR]   symbol:   method verifyZeroInteractions(rx.functions.Action1<java.lang.Throwable>)
[ERROR]   location: class net.javacrumbs.futureconverter.common.test.rxjava.AbstractFutureToSingleConverterTest<T>
[ERROR] /home/gabsko/breaking-updates/common-test/src/main/java/net/javacrumbs/futureconverter/common/test/rxjava/AbstractFutureToSingleConverterTest.java:[149,9] cannot find symbol
[ERROR]   symbol:   method verifyZeroInteractions(rx.functions.Action1<java.lang.Throwable>)
[ERROR]   location: class net.javacrumbs.futureconverter.common.test.rxjava.AbstractFutureToSingleConverterTest<T>
[ERROR] /home/gabsko/breaking-updates/common-test/src/main/java/net/javacrumbs/futureconverter/common/test/rxjava/AbstractFutureToSingleConverterTest.java:[160,9] cannot find symbol
[ERROR]   symbol:   method verifyZeroInteractions(rx.functions.Action1<java.lang.String>)
[ERROR]   location: class net.javacrumbs.futureconverter.common.test.rxjava.AbstractFutureToSingleConverterTest<T>
[ERROR] /home/gabsko/breaking-updates/common-test/src/main/java/net/javacrumbs/futureconverter/common/test/rxjava/AbstractFutureToSingleConverterTest.java:[161,9] cannot find symbol
[ERROR]   symbol:   method verifyZeroInteractions(rx.functions.Action1<java.lang.Throwable>)
[ERROR]   location: class net.javacrumbs.futureconverter.common.test.rxjava.AbstractFutureToSingleConverterTest<T>
[ERROR] /home/gabsko/breaking-updates/common-test/src/main/java/net/javacrumbs/futureconverter/common/test/rxjava/AbstractFutureToSingleConverterTest.java:[169,9] cannot find symbol
[ERROR]   symbol:   method verifyZeroInteractions(rx.functions.Action1<java.lang.String>)
[ERROR]   location: class net.javacrumbs.futureconverter.common.test.rxjava.AbstractFutureToSingleConverterTest<T>
[ERROR] /home/gabsko/breaking-updates/common-test/src/main/java/net/javacrumbs/futureconverter/common/test/rxjava/AbstractFutureToSingleConverterTest.java:[170,9] cannot find symbol
[ERROR]   symbol:   method verifyZeroInteractions(rx.functions.Action1<java.lang.Throwable>)
[ERROR]   location: class net.javacrumbs.futureconverter.common.test.rxjava.AbstractFutureToSingleConverterTest<T>
[ERROR] /home/gabsko/breaking-updates/common-test/src/main/java/net/javacrumbs/futureconverter/common/test/rxjava/AbstractFutureToSingleConverterTest.java:[185,9] cannot find symbol
[ERROR]   symbol:   method verifyZeroInteractions(rx.functions.Action1<java.lang.String>)
[ERROR]   location: class net.javacrumbs.futureconverter.common.test.rxjava.AbstractFutureToSingleConverterTest<T>
[ERROR] /home/gabsko/breaking-updates/common-test/src/main/java/net/javacrumbs/futureconverter/common/test/rxjava/AbstractFutureToSingleConverterTest.java:[186,9] cannot find symbol
[ERROR]   symbol:   method verifyZeroInteractions(rx.functions.Action1<java.lang.Throwable>)
[ERROR]   location: class net.javacrumbs.futureconverter.common.test.rxjava.AbstractFutureToSingleConverterTest<T>
[ERROR] /home/gabsko/breaking-updates/common-test/src/main/java/net/javacrumbs/futureconverter/common/test/rxjava/AbstractFutureToSingleConverterTest.java:[196,9] cannot find symbol
[ERROR]   symbol:   method verifyZeroInteractions(rx.functions.Action1<java.lang.Throwable>)
[ERROR]   location: class net.javacrumbs.futureconverter.common.test.rxjava.AbstractFutureToSingleConverterTest<T>
[ERROR] /home/gabsko/breaking-updates/common-test/src/main/java/net/javacrumbs/futureconverter/common/test/rxjava/AbstractFutureToSingleConverterTest.java:[219,9] cannot find symbol
[ERROR]   symbol:   method verifyZeroInteractions(rx.functions.Action1<java.lang.String>)
[ERROR]   location: class net.javacrumbs.futureconverter.common.test.rxjava.AbstractFutureToSingleConverterTest<T>
[ERROR] /home/gabsko/breaking-updates/common-test/src/main/java/net/javacrumbs/futureconverter/common/test/rxjava/AbstractFutureToSingleConverterTest.java:[246,9] cannot find symbol
[ERROR]   symbol:   method verifyZeroInteractions(rx.functions.Action1<java.lang.String>)
[ERROR]   location: class net.javacrumbs.futureconverter.common.test.rxjava.AbstractFutureToSingleConverterTest<T>
[ERROR] /home/gabsko/breaking-updates/common-test/src/main/java/net/javacrumbs/futureconverter/common/test/rxjava/AbstractFutureToSingleConverterTest.java:[247,9] cannot find symbol
[ERROR]   symbol:   method verifyZeroInteractions(rx.functions.Action1<java.lang.Throwable>)
[ERROR]   location: class net.javacrumbs.futureconverter.common.test.rxjava.AbstractFutureToSingleConverterTest<T>
[ERROR] /home/gabsko/breaking-updates/common-test/src/main/java/net/javacrumbs/futureconverter/common/test/rxjava/AbstractFutureToSingleConverterTest.java:[288,9] cannot find symbol
[ERROR]   symbol:   method verifyZeroInteractions(rx.functions.Action1<java.lang.String>)
[ERROR]   location: class net.javacrumbs.futureconverter.common.test.rxjava.AbstractFutureToSingleConverterTest<T>
[ERROR] /home/gabsko/breaking-updates/common-test/src/main/java/net/javacrumbs/futureconverter/common/test/rxjava2/AbstractFutureToSingleConverterTest.java:[79,9] cannot find symbol
[ERROR]   symbol:   method verifyZeroInteractions(io.reactivex.functions.Consumer<java.lang.Throwable>)
[ERROR]   location: class net.javacrumbs.futureconverter.common.test.rxjava2.AbstractFutureToSingleConverterTest<T>
[ERROR] /home/gabsko/breaking-updates/common-test/src/main/java/net/javacrumbs/futureconverter/common/test/rxjava2/AbstractFutureToSingleConverterTest.java:[97,9] cannot find symbol
[ERROR]   symbol:   method verifyZeroInteractions(io.reactivex.functions.Consumer<java.lang.String>)
[ERROR]   location: class net.javacrumbs.futureconverter.common.test.rxjava2.AbstractFutureToSingleConverterTest<T>
[ERROR] /home/gabsko/breaking-updates/common-test/src/main/java/net/javacrumbs/futureconverter/common/test/rxjava2/AbstractFutureToSingleConverterTest.java:[98,9] cannot find symbol
[ERROR]   symbol:   method verifyZeroInteractions(io.reactivex.functions.Consumer<java.lang.Throwable>)
[ERROR]   location: class net.javacrumbs.futureconverter.common.test.rxjava2.AbstractFutureToSingleConverterTest<T>
[ERROR] /home/gabsko/breaking-updates/common-test/src/main/java/net/javacrumbs/futureconverter/common/test/rxjava2/AbstractFutureToSingleConverterTest.java:[105,9] cannot find symbol
[ERROR]   symbol:   method verifyZeroInteractions(io.reactivex.functions.Consumer<java.lang.Throwable>)
[ERROR]   location: class net.javacrumbs.futureconverter.common.test.rxjava2.AbstractFutureToSingleConverterTest<T>
[ERROR] /home/gabsko/breaking-updates/common-test/src/main/java/net/javacrumbs/futureconverter/common/test/rxjava2/AbstractFutureToSingleConverterTest.java:[124,9] cannot find symbol
[ERROR]   symbol:   method verifyZeroInteractions(io.reactivex.functions.Consumer<java.lang.String>)
[ERROR]   location: class net.javacrumbs.futureconverter.common.test.rxjava2.AbstractFutureToSingleConverterTest<T>
[ERROR] /home/gabsko/breaking-updates/common-test/src/main/java/net/javacrumbs/futureconverter/common/test/rxjava2/AbstractFutureToSingleConverterTest.java:[125,9] cannot find symbol
[ERROR]   symbol:   method verifyZeroInteractions(io.reactivex.functions.Consumer<java.lang.Throwable>)
[ERROR]   location: class net.javacrumbs.futureconverter.common.test.rxjava2.AbstractFutureToSingleConverterTest<T>
[ERROR] /home/gabsko/breaking-updates/common-test/src/main/java/net/javacrumbs/futureconverter/common/test/rxjava2/AbstractFutureToSingleConverterTest.java:[137,9] cannot find symbol
[ERROR]   symbol:   method verifyZeroInteractions(io.reactivex.functions.Consumer<java.lang.String>)
[ERROR]   location: class net.javacrumbs.futureconverter.common.test.rxjava2.AbstractFutureToSingleConverterTest<T>
[ERROR] /home/gabsko/breaking-updates/common-test/src/main/java/net/javacrumbs/futureconverter/common/test/rxjava2/AbstractFutureToSingleConverterTest.java:[138,9] cannot find symbol
[ERROR]   symbol:   method verifyZeroInteractions(io.reactivex.functions.Consumer<java.lang.Throwable>)
[ERROR]   location: class net.javacrumbs.futureconverter.common.test.rxjava2.AbstractFutureToSingleConverterTest<T>
[ERROR] /home/gabsko/breaking-updates/common-test/src/main/java/net/javacrumbs/futureconverter/common/test/rxjava2/AbstractFutureToSingleConverterTest.java:[147,9] cannot find symbol
[ERROR]   symbol:   method verifyZeroInteractions(io.reactivex.functions.Consumer<java.lang.Throwable>)
[ERROR]   location: class net.javacrumbs.futureconverter.common.test.rxjava2.AbstractFutureToSingleConverterTest<T>
[ERROR] /home/gabsko/breaking-updates/common-test/src/main/java/net/javacrumbs/futureconverter/common/test/rxjava2/AbstractFutureToSingleConverterTest.java:[150,9] cannot find symbol
[ERROR]   symbol:   method verifyZeroInteractions(io.reactivex.functions.Consumer<java.lang.Throwable>)
[ERROR]   location: class net.javacrumbs.futureconverter.common.test.rxjava2.AbstractFutureToSingleConverterTest<T>
[ERROR] /home/gabsko/breaking-updates/common-test/src/main/java/net/javacrumbs/futureconverter/common/test/rxjava2/AbstractFutureToSingleConverterTest.java:[161,9] cannot find symbol
[ERROR]   symbol:   method verifyZeroInteractions(io.reactivex.functions.Consumer<java.lang.String>)
[ERROR]   location: class net.javacrumbs.futureconverter.common.test.rxjava2.AbstractFutureToSingleConverterTest<T>
[ERROR] /home/gabsko/breaking-updates/common-test/src/main/java/net/javacrumbs/futureconverter/common/test/rxjava2/AbstractFutureToSingleConverterTest.java:[162,9] cannot find symbol
[ERROR]   symbol:   method verifyZeroInteractions(io.reactivex.functions.Consumer<java.lang.Throwable>)
[ERROR]   location: class net.javacrumbs.futureconverter.common.test.rxjava2.AbstractFutureToSingleConverterTest<T>
[ERROR] /home/gabsko/breaking-updates/common-test/src/main/java/net/javacrumbs/futureconverter/common/test/rxjava2/AbstractFutureToSingleConverterTest.java:[169,9] cannot find symbol
[ERROR]   symbol:   method verifyZeroInteractions(io.reactivex.functions.Consumer<java.lang.String>)
[ERROR]   location: class net.javacrumbs.futureconverter.common.test.rxjava2.AbstractFutureToSingleConverterTest<T>
[ERROR] /home/gabsko/breaking-updates/common-test/src/main/java/net/javacrumbs/futureconverter/common/test/rxjava2/AbstractFutureToSingleConverterTest.java:[170,9] cannot find symbol
[ERROR]   symbol:   method verifyZeroInteractions(io.reactivex.functions.Consumer<java.lang.Throwable>)
[ERROR]   location: class net.javacrumbs.futureconverter.common.test.rxjava2.AbstractFutureToSingleConverterTest<T>
[ERROR] /home/gabsko/breaking-updates/common-test/src/main/java/net/javacrumbs/futureconverter/common/test/rxjava2/AbstractFutureToSingleConverterTest.java:[185,9] cannot find symbol
[ERROR]   symbol:   method verifyZeroInteractions(io.reactivex.functions.Consumer<java.lang.String>)
[ERROR]   location: class net.javacrumbs.futureconverter.common.test.rxjava2.AbstractFutureToSingleConverterTest<T>
[ERROR] /home/gabsko/breaking-updates/common-test/src/main/java/net/javacrumbs/futureconverter/common/test/rxjava2/AbstractFutureToSingleConverterTest.java:[186,9] cannot find symbol
[ERROR]   symbol:   method verifyZeroInteractions(io.reactivex.functions.Consumer<java.lang.Throwable>)
[ERROR]   location: class net.javacrumbs.futureconverter.common.test.rxjava2.AbstractFutureToSingleConverterTest<T>
[ERROR] /home/gabsko/breaking-updates/common-test/src/main/java/net/javacrumbs/futureconverter/common/test/rxjava2/AbstractFutureToSingleConverterTest.java:[195,9] cannot find symbol
[ERROR]   symbol:   method verifyZeroInteractions(io.reactivex.functions.Consumer<java.lang.Throwable>)
[ERROR]   location: class net.javacrumbs.futureconverter.common.test.rxjava2.AbstractFutureToSingleConverterTest<T>
[ERROR] /home/gabsko/breaking-updates/common-test/src/main/java/net/javacrumbs/futureconverter/common/test/rxjava2/AbstractFutureToSingleConverterTest.java:[218,9] cannot find symbol
[ERROR]   symbol:   method verifyZeroInteractions(io.reactivex.functions.Consumer<java.lang.String>)
[ERROR]   location: class net.javacrumbs.futureconverter.common.test.rxjava2.AbstractFutureToSingleConverterTest<T>
[ERROR] /home/gabsko/breaking-updates/common-test/src/main/java/net/javacrumbs/futureconverter/common/test/rxjava2/AbstractFutureToSingleConverterTest.java:[246,9] cannot find symbol
[ERROR]   symbol:   method verifyZeroInteractions(io.reactivex.functions.Consumer<java.lang.String>)
[ERROR]   location: class net.javacrumbs.futureconverter.common.test.rxjava2.AbstractFutureToSingleConverterTest<T>
[ERROR] /home/gabsko/breaking-updates/common-test/src/main/java/net/javacrumbs/futureconverter/common/test/rxjava2/AbstractFutureToSingleConverterTest.java:[247,9] cannot find symbol
[ERROR]   symbol:   method verifyZeroInteractions(io.reactivex.functions.Consumer<java.lang.Throwable>)
[ERROR]   location: class net.javacrumbs.futureconverter.common.test.rxjava2.AbstractFutureToSingleConverterTest<T>
[ERROR] /home/gabsko/breaking-updates/common-test/src/main/java/net/javacrumbs/futureconverter/common/test/rxjava2/AbstractFutureToSingleConverterTest.java:[289,9] cannot find symbol
[ERROR]   symbol:   method verifyZeroInteractions(io.reactivex.functions.Consumer<java.lang.String>)
[ERROR]   location: class net.javacrumbs.futureconverter.common.test.rxjava2.AbstractFutureToSingleConverterTest<T>
[ERROR] -> [Help 1]
[ERROR] 
[ERROR] To see the full stack trace of the errors, re-run Maven with the -e switch.
[ERROR] Re-run Maven using the -X switch to enable full debug logging.
[ERROR] 
[ERROR] For more information about the errors and possible solutions, please read the following articles:
[ERROR] [Help 1] http://cwiki.apache.org/confluence/display/MAVEN/MojoFailureException
[ERROR] 
[ERROR] After correcting the problems, you can resume the build with the command
[ERROR]   mvn <args> -rf :future-converter-common-test
