[INFO] Scanning for projects...
[INFO] 
[INFO] ---------------------< io.vertx:vertx-mail-client >---------------------
[INFO] Building vertx-mail-client 4.3.4-SNAPSHOT
[INFO] --------------------------------[ jar ]---------------------------------
[INFO] 
[INFO] --- maven-clean-plugin:3.0.0:clean (default-clean) @ vertx-mail-client ---
[INFO] Deleting /home/gabsko/breaking-updates/target
[INFO] Deleting /home/gabsko/breaking-updates/src/main/generated (includes = [], excludes = [])
[INFO] 
[INFO] --- maven-enforcer-plugin:1.0:enforce (enforce-maven) @ vertx-mail-client ---
[INFO] 
[INFO] --- maven-processor-plugin:3.2.0:process (generate-sources) @ vertx-mail-client ---
[INFO] diagnostic: Note: Loaded data_object_converters code generator
[WARNING] diagnostic: warning: Supported source version 'RELEASE_8' from annotation processor 'io.vertx.codegen.CodeGenProcessor' less than -source '11'
[WARNING] diagnostic: warning: Supported source version 'RELEASE_8' from annotation processor 'io.vertx.docgen.JavaDocGenProcessor' less than -source '11'
[INFO] diagnostic: Note: Generated model io.vertx.ext.mail.DKIMSignOptions: generated/io/vertx/ext/mail/DKIMSignOptionsConverter.java
[WARNING] diagnostic: warning: The following options were not recognized by any processor: '[maven.artifactId, maven.version, codegen.output.data_object_converters, maven.groupId]'
[INFO] 
[INFO] --- build-helper-maven-plugin:3.0.0:add-source (add-source) @ vertx-mail-client ---
[INFO] Source directory: /home/gabsko/breaking-updates/src/main/generated added.
[INFO] 
[INFO] --- maven-resources-plugin:2.7:resources (default-resources) @ vertx-mail-client ---
[INFO] Using 'UTF-8' encoding to copy filtered resources.
[INFO] Copying 1 resource
[INFO] 
[INFO] --- maven-compiler-plugin:3.7.0:compile (default-compile) @ vertx-mail-client ---
[INFO] Changes detected - recompiling the module!
[INFO] Compiling 49 source files to /home/gabsko/breaking-updates/target/classes
[INFO] /home/gabsko/breaking-updates/src/main/generated/io/vertx/ext/mail/DKIMSignOptionsConverter.java: /home/gabsko/breaking-updates/src/main/generated/io/vertx/ext/mail/DKIMSignOptionsConverter.java uses unchecked or unsafe operations.
[INFO] /home/gabsko/breaking-updates/src/main/generated/io/vertx/ext/mail/DKIMSignOptionsConverter.java: Recompile with -Xlint:unchecked for details.
[INFO] 
[INFO] --- maven-resources-plugin:2.7:testResources (default-testResources) @ vertx-mail-client ---
[INFO] Using 'UTF-8' encoding to copy filtered resources.
[INFO] Copying 9 resources
[INFO] 
[INFO] --- maven-compiler-plugin:3.7.0:testCompile (default-testCompile) @ vertx-mail-client ---
[INFO] Changes detected - recompiling the module!
[INFO] Compiling 62 source files to /home/gabsko/breaking-updates/target/test-classes
[INFO] -------------------------------------------------------------
[ERROR] COMPILATION ERROR : 
[INFO] -------------------------------------------------------------
[ERROR] /home/gabsko/breaking-updates/src/test/java/io/vertx/ext/mail/impl/sasl/AuthOperationFactoryTest.java:[26,38] package org.hamcrest.collection does not exist
[ERROR] /home/gabsko/breaking-updates/src/test/java/io/vertx/ext/mail/impl/sasl/AuthOperationFactoryTest.java:[26,1] static import only from classes and interfaces
[ERROR] /home/gabsko/breaking-updates/src/test/java/io/vertx/ext/mail/mailencoder/MailEncoderTest.java:[20,27] cannot find symbol
  symbol:   class Matchers
  location: package org.hamcrest
[ERROR] /home/gabsko/breaking-updates/src/test/java/io/vertx/ext/mail/mailencoder/MailEncoderTest.java:[20,1] static import only from classes and interfaces
[INFO] 4 errors 
[INFO] -------------------------------------------------------------
[INFO] ------------------------------------------------------------------------
[INFO] BUILD FAILURE
[INFO] ------------------------------------------------------------------------
[INFO] Total time:  3.864 s
[INFO] Finished at: 2023-01-25T10:19:35Z
[INFO] ------------------------------------------------------------------------
[ERROR] Failed to execute goal org.apache.maven.plugins:maven-compiler-plugin:3.7.0:testCompile (default-testCompile) on project vertx-mail-client: Compilation failure: Compilation failure: 
[ERROR] /home/gabsko/breaking-updates/src/test/java/io/vertx/ext/mail/impl/sasl/AuthOperationFactoryTest.java:[26,38] package org.hamcrest.collection does not exist
[ERROR] /home/gabsko/breaking-updates/src/test/java/io/vertx/ext/mail/impl/sasl/AuthOperationFactoryTest.java:[26,1] static import only from classes and interfaces
[ERROR] /home/gabsko/breaking-updates/src/test/java/io/vertx/ext/mail/mailencoder/MailEncoderTest.java:[20,27] cannot find symbol
[ERROR]   symbol:   class Matchers
[ERROR]   location: package org.hamcrest
[ERROR] /home/gabsko/breaking-updates/src/test/java/io/vertx/ext/mail/mailencoder/MailEncoderTest.java:[20,1] static import only from classes and interfaces
[ERROR] -> [Help 1]
[ERROR] 
[ERROR] To see the full stack trace of the errors, re-run Maven with the -e switch.
[ERROR] Re-run Maven using the -X switch to enable full debug logging.
[ERROR] 
[ERROR] For more information about the errors and possible solutions, please read the following articles:
[ERROR] [Help 1] http://cwiki.apache.org/confluence/display/MAVEN/MojoFailureException
