[INFO] Scanning for projects...
[WARNING] The POM for org.jenkins-ci.tools:maven-hpi-plugin:jar:3.27 is missing, no dependency information available
[WARNING] Failed to build parent project for io.jenkins.plugins:conventional-commits:hpi:0.10.1-SNAPSHOT
[INFO] 
[INFO] --------------< io.jenkins.plugins:conventional-commits >---------------
[INFO] Building Conventional Commits Plugin 0.10.1-SNAPSHOT
[INFO] --------------------------------[ hpi ]---------------------------------
[INFO] Downloading from repo.jenkins-ci.org: https://repo.jenkins-ci.org/public/org/jenkins-ci/plugins/workflow/workflow-aggregator/578.vf9a_f99755f4a_/workflow-aggregator-578.vf9a_f99755f4a_.pom
[INFO] Downloaded from repo.jenkins-ci.org: https://repo.jenkins-ci.org/public/org/jenkins-ci/plugins/workflow/workflow-aggregator/578.vf9a_f99755f4a_/workflow-aggregator-578.vf9a_f99755f4a_.pom (6.7 kB at 8.6 kB/s)
[INFO] Downloading from repo.jenkins-ci.org: https://repo.jenkins-ci.org/public/org/jenkins-ci/plugins/pipeline-milestone-step/101.vd572fef9d926/pipeline-milestone-step-101.vd572fef9d926.pom
[INFO] Downloaded from repo.jenkins-ci.org: https://repo.jenkins-ci.org/public/org/jenkins-ci/plugins/pipeline-milestone-step/101.vd572fef9d926/pipeline-milestone-step-101.vd572fef9d926.pom (3.7 kB at 14 kB/s)
[INFO] Downloading from repo.jenkins-ci.org: https://repo.jenkins-ci.org/public/org/jenkins-ci/plugins/workflow/workflow-aggregator/578.vf9a_f99755f4a_/workflow-aggregator-578.vf9a_f99755f4a_.jar
[INFO] Downloading from repo.jenkins-ci.org: https://repo.jenkins-ci.org/public/org/jenkins-ci/plugins/pipeline-milestone-step/101.vd572fef9d926/pipeline-milestone-step-101.vd572fef9d926.jar
[INFO] Downloaded from repo.jenkins-ci.org: https://repo.jenkins-ci.org/public/org/jenkins-ci/plugins/workflow/workflow-aggregator/578.vf9a_f99755f4a_/workflow-aggregator-578.vf9a_f99755f4a_.jar (4.6 kB at 18 kB/s)
[INFO] Downloaded from repo.jenkins-ci.org: https://repo.jenkins-ci.org/public/org/jenkins-ci/plugins/pipeline-milestone-step/101.vd572fef9d926/pipeline-milestone-step-101.vd572fef9d926.jar (22 kB at 30 kB/s)
[INFO] 
[INFO] --- maven-clean-plugin:3.2.0:clean (default-clean) @ conventional-commits ---
[INFO] Deleting /home/gabsko/breaking-updates/target
[INFO] 
[INFO] --- maven-hpi-plugin:3.27:validate (default-validate) @ conventional-commits ---
[INFO] 
[INFO] --- maven-hpi-plugin:3.27:validate-hpi (default-validate-hpi) @ conventional-commits ---
[INFO] 
[INFO] --- maven-enforcer-plugin:3.0.0:display-info (display-info) @ conventional-commits ---
[INFO] Maven Version: 3.8.6
[INFO] JDK Version: 11.0.17 normalized as: 11.0.17
[INFO] Java Vendor: Ubuntu
[INFO] OS Info: Arch: amd64 Family: unix Name: linux Version: 5.4.0-113-generic
[INFO] 
[INFO] --- maven-enforcer-plugin:3.0.0:enforce (display-info) @ conventional-commits ---
[INFO] Adding ignore: module-info
[INFO] Ignoring requireUpperBoundDeps in javax.servlet:servlet-api
[INFO] Ignoring requireUpperBoundDeps in com.google.code.findbugs:jsr305
[WARNING] Rule 5: org.apache.maven.plugins.enforcer.RequireUpperBoundDeps failed with message:
Failed while enforcing RequireUpperBoundDeps. The error(s) are [
Require upper bound dependencies error for org.jenkins-ci.plugins.workflow:workflow-step-api:2.24 paths to dependency are:
+-io.jenkins.plugins:conventional-commits:0.10.1-SNAPSHOT
  +-org.jenkins-ci.plugins.workflow:workflow-step-api:2.24
and
+-io.jenkins.plugins:conventional-commits:0.10.1-SNAPSHOT
  +-org.jenkins-ci.plugins:pipeline-utility-steps:2.11.0 [test]
    +-org.jenkins-ci.plugins.workflow:workflow-step-api:2.24 [test] (managed) <-- org.jenkins-ci.plugins.workflow:workflow-step-api:2.23 [test]
and
+-io.jenkins.plugins:conventional-commits:0.10.1-SNAPSHOT
  +-org.jenkins-ci.plugins.workflow:workflow-aggregator:578.vf9a_f99755f4a_ [test]
    +-org.jenkins-ci.plugins.workflow:workflow-durable-task-step:2.40 [test] (managed) <-- org.jenkins-ci.plugins.workflow:workflow-durable-task-step:2.40 [test]
      +-org.jenkins-ci.plugins.workflow:workflow-step-api:2.24 [test] (managed) <-- org.jenkins-ci.plugins.workflow:workflow-step-api:2.23 [test]
and
+-io.jenkins.plugins:conventional-commits:0.10.1-SNAPSHOT
  +-org.jenkins-ci.plugins.workflow:workflow-aggregator:578.vf9a_f99755f4a_ [test]
    +-org.jenkins-ci.plugins.workflow:workflow-cps:2.94 [test] (managed) <-- org.jenkins-ci.plugins.workflow:workflow-cps:2660.vb_c0412dc4e6d [test]
      +-org.jenkins-ci.plugins.workflow:workflow-step-api:2.24 [test] (managed) <-- org.jenkins-ci.plugins.workflow:workflow-step-api:2.23 [test]
and
+-io.jenkins.plugins:conventional-commits:0.10.1-SNAPSHOT
  +-org.jenkins-ci.plugins.workflow:workflow-aggregator:578.vf9a_f99755f4a_ [test]
    +-org.jenkins-ci.plugins.workflow:workflow-cps-global-lib:2.19 [test] (managed) <-- org.jenkins-ci.plugins.workflow:workflow-cps-global-lib:2.21.3 [test]
      +-org.jenkins-ci.plugins.workflow:workflow-step-api:2.24 [test] (managed) <-- org.jenkins-ci.plugins.workflow:workflow-step-api:2.23 [test]
and
+-io.jenkins.plugins:conventional-commits:0.10.1-SNAPSHOT
  +-org.jenkins-ci.plugins.workflow:workflow-aggregator:578.vf9a_f99755f4a_ [test]
    +-org.jenkins-ci.plugins.workflow:workflow-job:2.41 [test] (managed) <-- org.jenkins-ci.plugins.workflow:workflow-job:1145.v7f2433caa07f [test]
      +-org.jenkins-ci.plugins.workflow:workflow-step-api:2.24 [test] (managed) <-- org.jenkins-ci.plugins.workflow:workflow-step-api:2.23 [test]
and
+-io.jenkins.plugins:conventional-commits:0.10.1-SNAPSHOT
  +-org.jenkins-ci.plugins.workflow:workflow-aggregator:578.vf9a_f99755f4a_ [test]
    +-org.jenkins-ci.plugins.workflow:workflow-basic-steps:2.22 [test] (managed) <-- org.jenkins-ci.plugins.workflow:workflow-basic-steps:2.24 [test]
      +-org.jenkins-ci.plugins.workflow:workflow-step-api:2.24 [test] (managed) <-- org.jenkins-ci.plugins.workflow:workflow-step-api:2.22 [test]
and
+-io.jenkins.plugins:conventional-commits:0.10.1-SNAPSHOT
  +-org.jenkins-ci.plugins.workflow:workflow-aggregator:578.vf9a_f99755f4a_ [test]
    +-org.jenkins-ci.plugins.workflow:workflow-multibranch:2.24 [test] (managed) <-- org.jenkins-ci.plugins.workflow:workflow-multibranch:712.vc169a_1387405 [test]
      +-org.jenkins-ci.plugins.workflow:workflow-step-api:2.24 [test] (managed) <-- org.jenkins-ci.plugins.workflow:workflow-step-api:2.23 [test]
and
+-io.jenkins.plugins:conventional-commits:0.10.1-SNAPSHOT
  +-org.jenkins-ci.plugins.workflow:workflow-aggregator:578.vf9a_f99755f4a_ [test]
    +-org.jenkins-ci.plugins:pipeline-build-step:2.15 [test] (managed) <-- org.jenkins-ci.plugins:pipeline-build-step:2.18 [test]
      +-org.jenkins-ci.plugins.workflow:workflow-step-api:2.24 [test] (managed) <-- org.jenkins-ci.plugins.workflow:workflow-step-api:2.23 [test]
and
+-io.jenkins.plugins:conventional-commits:0.10.1-SNAPSHOT
  +-org.jenkins-ci.plugins.workflow:workflow-aggregator:578.vf9a_f99755f4a_ [test]
    +-org.jenkins-ci.plugins:pipeline-input-step:2.12 [test] (managed) <-- org.jenkins-ci.plugins:pipeline-input-step:448.v37cea_9a_10a_70 [test]
      +-org.jenkins-ci.plugins.workflow:workflow-step-api:2.24 [test] (managed) <-- org.jenkins-ci.plugins.workflow:workflow-step-api:2.22 [test]
and
+-io.jenkins.plugins:conventional-commits:0.10.1-SNAPSHOT
  +-org.jenkins-ci.plugins.workflow:workflow-aggregator:578.vf9a_f99755f4a_ [test]
    +-org.jenkins-ci.plugins:pipeline-stage-step:2.5 [test] (managed) <-- org.jenkins-ci.plugins:pipeline-stage-step:293.v200037eefcd5 [test]
      +-org.jenkins-ci.plugins.workflow:workflow-step-api:2.24 [test] (managed) <-- org.jenkins-ci.plugins.workflow:workflow-step-api:2.22 [test]
and
+-io.jenkins.plugins:conventional-commits:0.10.1-SNAPSHOT
  +-org.jenkins-ci.plugins.workflow:workflow-aggregator:578.vf9a_f99755f4a_ [test]
    +-org.jenkins-ci.plugins:pipeline-milestone-step:101.vd572fef9d926 [test]
      +-org.jenkins-ci.plugins.workflow:workflow-step-api:2.24 [test] (managed) <-- org.jenkins-ci.plugins.workflow:workflow-step-api:622.vb_8e7c15b_c95a_ [test]
and
+-io.jenkins.plugins:conventional-commits:0.10.1-SNAPSHOT
  +-org.jenkins-ci.plugins.workflow:workflow-aggregator:578.vf9a_f99755f4a_ [test]
    +-org.jenkins-ci.plugins.workflow:workflow-durable-task-step:2.40 [test] (managed) <-- org.jenkins-ci.plugins.workflow:workflow-durable-task-step:2.40 [test]
      +-org.jenkins-ci.plugins.workflow:workflow-api:2.46 [test] (managed) <-- org.jenkins-ci.plugins.workflow:workflow-api:2.42 [test]
        +-org.jenkins-ci.plugins.workflow:workflow-step-api:2.24 [test] (managed) <-- org.jenkins-ci.plugins.workflow:workflow-step-api:2.23 [test]
and
+-io.jenkins.plugins:conventional-commits:0.10.1-SNAPSHOT
  +-org.jenkins-ci.plugins.workflow:workflow-aggregator:578.vf9a_f99755f4a_ [test]
    +-org.jenkins-ci.plugins.workflow:workflow-durable-task-step:2.40 [test] (managed) <-- org.jenkins-ci.plugins.workflow:workflow-durable-task-step:2.40 [test]
      +-org.jenkins-ci.plugins.workflow:workflow-support:3.8 [test] (managed) <-- org.jenkins-ci.plugins.workflow:workflow-support:3.8 [test]
        +-org.jenkins-ci.plugins.workflow:workflow-step-api:2.24 [test] (managed) <-- org.jenkins-ci.plugins.workflow:workflow-step-api:2.23 [test]
and
+-io.jenkins.plugins:conventional-commits:0.10.1-SNAPSHOT
  +-org.jenkins-ci.plugins.workflow:workflow-aggregator:578.vf9a_f99755f4a_ [test]
    +-org.jenkins-ci.plugins.workflow:workflow-cps:2.94 [test] (managed) <-- org.jenkins-ci.plugins.workflow:workflow-cps:2660.vb_c0412dc4e6d [test]
      +-org.jenkins-ci.plugins.workflow:workflow-scm-step:2.13 [test] (managed) <-- org.jenkins-ci.plugins.workflow:workflow-scm-step:2.13 [test]
        +-org.jenkins-ci.plugins.workflow:workflow-step-api:2.24 [test] (managed) <-- org.jenkins-ci.plugins.workflow:workflow-step-api:2.23 [test]
and
+-io.jenkins.plugins:conventional-commits:0.10.1-SNAPSHOT
  +-org.jenkins-ci.plugins.workflow:workflow-aggregator:578.vf9a_f99755f4a_ [test]
    +-org.jenkinsci.plugins:pipeline-model-definition:1.9.2 [test] (managed) <-- org.jenkinsci.plugins:pipeline-model-definition:1.9.3 [test]
      +-org.jenkinsci.plugins:pipeline-model-api:1.9.2 [test] (managed) <-- org.jenkinsci.plugins:pipeline-model-api:1.9.2 [test]
        +-org.jenkins-ci.plugins.workflow:workflow-step-api:2.24 [test] (managed) <-- org.jenkins-ci.plugins.workflow:workflow-step-api:2.23 [test]
and
+-io.jenkins.plugins:conventional-commits:0.10.1-SNAPSHOT
  +-org.jenkins-ci.plugins.workflow:workflow-aggregator:578.vf9a_f99755f4a_ [test]
    +-org.jenkinsci.plugins:pipeline-model-definition:1.9.2 [test] (managed) <-- org.jenkinsci.plugins:pipeline-model-definition:1.9.3 [test]
      +-org.jenkins-ci.plugins:credentials-binding:1.27 [test] (managed) <-- org.jenkins-ci.plugins:credentials-binding:1.25 [test]
        +-org.jenkins-ci.plugins.workflow:workflow-step-api:2.24 [test] (managed) <-- org.jenkins-ci.plugins.workflow:workflow-step-api:2.23 [test]
, 
Require upper bound dependencies error for org.jenkins-ci.plugins.workflow:workflow-api:2.46 [test] paths to dependency are:
+-io.jenkins.plugins:conventional-commits:0.10.1-SNAPSHOT
  +-org.jenkins-ci.plugins.workflow:workflow-aggregator:578.vf9a_f99755f4a_ [test]
    +-org.jenkins-ci.plugins.workflow:workflow-durable-task-step:2.40 [test] (managed) <-- org.jenkins-ci.plugins.workflow:workflow-durable-task-step:2.40 [test]
      +-org.jenkins-ci.plugins.workflow:workflow-api:2.46 [test] (managed) <-- org.jenkins-ci.plugins.workflow:workflow-api:2.42 [test]
and
+-io.jenkins.plugins:conventional-commits:0.10.1-SNAPSHOT
  +-org.jenkins-ci.plugins.workflow:workflow-aggregator:578.vf9a_f99755f4a_ [test]
    +-org.jenkins-ci.plugins.workflow:workflow-cps:2.94 [test] (managed) <-- org.jenkins-ci.plugins.workflow:workflow-cps:2660.vb_c0412dc4e6d [test]
      +-org.jenkins-ci.plugins.workflow:workflow-api:2.46 [test] (managed) <-- org.jenkins-ci.plugins.workflow:workflow-api:2.46 [test]
and
+-io.jenkins.plugins:conventional-commits:0.10.1-SNAPSHOT
  +-org.jenkins-ci.plugins.workflow:workflow-aggregator:578.vf9a_f99755f4a_ [test]
    +-org.jenkins-ci.plugins.workflow:workflow-cps-global-lib:2.19 [test] (managed) <-- org.jenkins-ci.plugins.workflow:workflow-cps-global-lib:2.21.3 [test]
      +-org.jenkins-ci.plugins.workflow:workflow-api:2.46 [test] (managed) <-- org.jenkins-ci.plugins.workflow:workflow-api:2.41 [test]
and
+-io.jenkins.plugins:conventional-commits:0.10.1-SNAPSHOT
  +-org.jenkins-ci.plugins.workflow:workflow-aggregator:578.vf9a_f99755f4a_ [test]
    +-org.jenkins-ci.plugins.workflow:workflow-job:2.41 [test] (managed) <-- org.jenkins-ci.plugins.workflow:workflow-job:1145.v7f2433caa07f [test]
      +-org.jenkins-ci.plugins.workflow:workflow-api:2.46 [test] (managed) <-- org.jenkins-ci.plugins.workflow:workflow-api:2.42 [test]
and
+-io.jenkins.plugins:conventional-commits:0.10.1-SNAPSHOT
  +-org.jenkins-ci.plugins.workflow:workflow-aggregator:578.vf9a_f99755f4a_ [test]
    +-org.jenkins-ci.plugins.workflow:workflow-basic-steps:2.22 [test] (managed) <-- org.jenkins-ci.plugins.workflow:workflow-basic-steps:2.24 [test]
      +-org.jenkins-ci.plugins.workflow:workflow-api:2.46 [test] (managed) <-- org.jenkins-ci.plugins.workflow:workflow-api:2.40 [test]
and
+-io.jenkins.plugins:conventional-commits:0.10.1-SNAPSHOT
  +-org.jenkins-ci.plugins.workflow:workflow-aggregator:578.vf9a_f99755f4a_ [test]
    +-org.jenkins-ci.plugins.workflow:workflow-multibranch:2.24 [test] (managed) <-- org.jenkins-ci.plugins.workflow:workflow-multibranch:712.vc169a_1387405 [test]
      +-org.jenkins-ci.plugins.workflow:workflow-api:2.46 [test] (managed) <-- org.jenkins-ci.plugins.workflow:workflow-api:2.41 [test]
and
+-io.jenkins.plugins:conventional-commits:0.10.1-SNAPSHOT
  +-org.jenkins-ci.plugins.workflow:workflow-aggregator:578.vf9a_f99755f4a_ [test]
    +-org.jenkins-ci.plugins:pipeline-build-step:2.15 [test] (managed) <-- org.jenkins-ci.plugins:pipeline-build-step:2.18 [test]
      +-org.jenkins-ci.plugins.workflow:workflow-api:2.46 [test] (managed) <-- org.jenkins-ci.plugins.workflow:workflow-api:2.46 [test]
and
+-io.jenkins.plugins:conventional-commits:0.10.1-SNAPSHOT
  +-org.jenkins-ci.plugins.workflow:workflow-aggregator:578.vf9a_f99755f4a_ [test]
    +-org.jenkins-ci.plugins:pipeline-input-step:2.12 [test] (managed) <-- org.jenkins-ci.plugins:pipeline-input-step:448.v37cea_9a_10a_70 [test]
      +-org.jenkins-ci.plugins.workflow:workflow-api:2.46 [test] (managed) <-- org.jenkins-ci.plugins.workflow:workflow-api:2.40 [test]
and
+-io.jenkins.plugins:conventional-commits:0.10.1-SNAPSHOT
  +-org.jenkins-ci.plugins.workflow:workflow-aggregator:578.vf9a_f99755f4a_ [test]
    +-org.jenkins-ci.plugins:pipeline-stage-step:2.5 [test] (managed) <-- org.jenkins-ci.plugins:pipeline-stage-step:293.v200037eefcd5 [test]
      +-org.jenkins-ci.plugins.workflow:workflow-api:2.46 [test] (managed) <-- org.jenkins-ci.plugins.workflow:workflow-api:2.40 [test]
and
+-io.jenkins.plugins:conventional-commits:0.10.1-SNAPSHOT
  +-org.jenkins-ci.plugins.workflow:workflow-aggregator:578.vf9a_f99755f4a_ [test]
    +-org.jenkins-ci.plugins:pipeline-milestone-step:101.vd572fef9d926 [test]
      +-org.jenkins-ci.plugins.workflow:workflow-api:2.46 [test] (managed) <-- org.jenkins-ci.plugins.workflow:workflow-api:1143.v2d42f1e9dea_5 [test]
and
+-io.jenkins.plugins:conventional-commits:0.10.1-SNAPSHOT
  +-org.jenkins-ci.plugins.workflow:workflow-aggregator:578.vf9a_f99755f4a_ [test]
    +-org.jenkinsci.plugins:pipeline-model-definition:1.9.2 [test] (managed) <-- org.jenkinsci.plugins:pipeline-model-definition:1.9.3 [test]
      +-org.jenkins-ci.plugins.workflow:workflow-api:2.46 [test] (managed) <-- org.jenkins-ci.plugins.workflow:workflow-api:2.46 [test]
and
+-io.jenkins.plugins:conventional-commits:0.10.1-SNAPSHOT
  +-org.jenkins-ci.plugins.workflow:workflow-aggregator:578.vf9a_f99755f4a_ [test]
    +-org.jenkins-ci.plugins.workflow:workflow-durable-task-step:2.40 [test] (managed) <-- org.jenkins-ci.plugins.workflow:workflow-durable-task-step:2.40 [test]
      +-org.jenkins-ci.plugins.workflow:workflow-support:3.8 [test] (managed) <-- org.jenkins-ci.plugins.workflow:workflow-support:3.8 [test]
        +-org.jenkins-ci.plugins.workflow:workflow-api:2.46 [test] (managed) <-- org.jenkins-ci.plugins.workflow:workflow-api:2.40 [test]
and
+-io.jenkins.plugins:conventional-commits:0.10.1-SNAPSHOT
  +-org.jenkins-ci.plugins.workflow:workflow-aggregator:578.vf9a_f99755f4a_ [test]
    +-org.jenkinsci.plugins:pipeline-model-definition:1.9.2 [test] (managed) <-- org.jenkinsci.plugins:pipeline-model-definition:1.9.3 [test]
      +-org.jenkinsci.plugins:pipeline-stage-tags-metadata:1.9.2 [test] (managed) <-- org.jenkinsci.plugins:pipeline-stage-tags-metadata:1.9.2 [test]
        +-org.jenkins-ci.plugins.workflow:workflow-api:2.46 [test] (managed) <-- org.jenkins-ci.plugins.workflow:workflow-api:2.46 [test]
, 
Require upper bound dependencies error for org.jenkins-ci.plugins.workflow:workflow-cps:2.94 [test] paths to dependency are:
+-io.jenkins.plugins:conventional-commits:0.10.1-SNAPSHOT
  +-org.jenkins-ci.plugins.workflow:workflow-aggregator:578.vf9a_f99755f4a_ [test]
    +-org.jenkins-ci.plugins.workflow:workflow-cps:2.94 [test] (managed) <-- org.jenkins-ci.plugins.workflow:workflow-cps:2660.vb_c0412dc4e6d [test]
and
+-io.jenkins.plugins:conventional-commits:0.10.1-SNAPSHOT
  +-org.jenkins-ci.plugins.workflow:workflow-aggregator:578.vf9a_f99755f4a_ [test]
    +-org.jenkins-ci.plugins.workflow:workflow-cps-global-lib:2.19 [test] (managed) <-- org.jenkins-ci.plugins.workflow:workflow-cps-global-lib:2.21.3 [test]
      +-org.jenkins-ci.plugins.workflow:workflow-cps:2.94 [test] (managed) <-- org.jenkins-ci.plugins.workflow:workflow-cps:2.90 [test]
and
+-io.jenkins.plugins:conventional-commits:0.10.1-SNAPSHOT
  +-org.jenkins-ci.plugins.workflow:workflow-aggregator:578.vf9a_f99755f4a_ [test]
    +-org.jenkins-ci.plugins.workflow:workflow-multibranch:2.24 [test] (managed) <-- org.jenkins-ci.plugins.workflow:workflow-multibranch:712.vc169a_1387405 [test]
      +-org.jenkins-ci.plugins.workflow:workflow-cps:2.94 [test] (managed) <-- org.jenkins-ci.plugins.workflow:workflow-cps:2.90 [test]
and
+-io.jenkins.plugins:conventional-commits:0.10.1-SNAPSHOT
  +-org.jenkins-ci.plugins.workflow:workflow-aggregator:578.vf9a_f99755f4a_ [test]
    +-org.jenkinsci.plugins:pipeline-model-definition:1.9.2 [test] (managed) <-- org.jenkinsci.plugins:pipeline-model-definition:1.9.3 [test]
      +-org.jenkins-ci.plugins.workflow:workflow-cps:2.94 [test] (managed) <-- org.jenkins-ci.plugins.workflow:workflow-cps:2.92 [test]
and
+-io.jenkins.plugins:conventional-commits:0.10.1-SNAPSHOT
  +-org.jenkins-ci.plugins.workflow:workflow-aggregator:578.vf9a_f99755f4a_ [test]
    +-org.jenkinsci.plugins:pipeline-model-definition:1.9.2 [test] (managed) <-- org.jenkinsci.plugins:pipeline-model-definition:1.9.3 [test]
      +-org.jenkinsci.plugins:pipeline-model-extensions:1.9.2 [test] (managed) <-- org.jenkinsci.plugins:pipeline-model-extensions:1.9.2 [test]
        +-org.jenkins-ci.plugins.workflow:workflow-cps:2.94 [test] (managed) <-- org.jenkins-ci.plugins.workflow:workflow-cps:2.92 [test]
, 
Require upper bound dependencies error for org.jenkins-ci.plugins.workflow:workflow-cps-global-lib:2.19 [test] paths to dependency are:
+-io.jenkins.plugins:conventional-commits:0.10.1-SNAPSHOT
  +-org.jenkins-ci.plugins.workflow:workflow-aggregator:578.vf9a_f99755f4a_ [test]
    +-org.jenkins-ci.plugins.workflow:workflow-cps-global-lib:2.19 [test] (managed) <-- org.jenkins-ci.plugins.workflow:workflow-cps-global-lib:2.21.3 [test]
and
+-io.jenkins.plugins:conventional-commits:0.10.1-SNAPSHOT
  +-org.jenkins-ci.plugins.workflow:workflow-aggregator:578.vf9a_f99755f4a_ [test]
    +-org.jenkinsci.plugins:pipeline-model-definition:1.9.2 [test] (managed) <-- org.jenkinsci.plugins:pipeline-model-definition:1.9.3 [test]
      +-org.jenkins-ci.plugins.workflow:workflow-cps-global-lib:2.19 [test] (managed) <-- org.jenkins-ci.plugins.workflow:workflow-cps-global-lib:2.19 [test]
, 
Require upper bound dependencies error for org.jenkins-ci.plugins.workflow:workflow-job:2.41 [test] paths to dependency are:
+-io.jenkins.plugins:conventional-commits:0.10.1-SNAPSHOT
  +-org.jenkins-ci.plugins.workflow:workflow-aggregator:578.vf9a_f99755f4a_ [test]
    +-org.jenkins-ci.plugins.workflow:workflow-job:2.41 [test] (managed) <-- org.jenkins-ci.plugins.workflow:workflow-job:1145.v7f2433caa07f [test]
and
+-io.jenkins.plugins:conventional-commits:0.10.1-SNAPSHOT
  +-org.jenkins-ci.plugins.workflow:workflow-aggregator:578.vf9a_f99755f4a_ [test]
    +-org.jenkins-ci.plugins.workflow:workflow-multibranch:2.24 [test] (managed) <-- org.jenkins-ci.plugins.workflow:workflow-multibranch:712.vc169a_1387405 [test]
      +-org.jenkins-ci.plugins.workflow:workflow-job:2.41 [test] (managed) <-- org.jenkins-ci.plugins.workflow:workflow-job:2.40 [test]
and
+-io.jenkins.plugins:conventional-commits:0.10.1-SNAPSHOT
  +-org.jenkins-ci.plugins.workflow:workflow-aggregator:578.vf9a_f99755f4a_ [test]
    +-org.jenkinsci.plugins:pipeline-model-definition:1.9.2 [test] (managed) <-- org.jenkinsci.plugins:pipeline-model-definition:1.9.3 [test]
      +-org.jenkinsci.plugins:pipeline-model-extensions:1.9.2 [test] (managed) <-- org.jenkinsci.plugins:pipeline-model-extensions:1.9.2 [test]
        +-org.jenkins-ci.plugins.workflow:workflow-job:2.41 [test] (managed) <-- org.jenkins-ci.plugins.workflow:workflow-job:2.41 [test]
, 
Require upper bound dependencies error for org.jenkins-ci.plugins.workflow:workflow-basic-steps:2.22 [test] paths to dependency are:
+-io.jenkins.plugins:conventional-commits:0.10.1-SNAPSHOT
  +-org.jenkins-ci.plugins.workflow:workflow-aggregator:578.vf9a_f99755f4a_ [test]
    +-org.jenkins-ci.plugins.workflow:workflow-basic-steps:2.22 [test] (managed) <-- org.jenkins-ci.plugins.workflow:workflow-basic-steps:2.24 [test]
and
+-io.jenkins.plugins:conventional-commits:0.10.1-SNAPSHOT
  +-org.jenkins-ci.plugins.workflow:workflow-aggregator:578.vf9a_f99755f4a_ [test]
    +-org.jenkinsci.plugins:pipeline-model-definition:1.9.2 [test] (managed) <-- org.jenkinsci.plugins:pipeline-model-definition:1.9.3 [test]
      +-org.jenkins-ci.plugins.workflow:workflow-basic-steps:2.22 [test] (managed) <-- org.jenkins-ci.plugins.workflow:workflow-basic-steps:2.20 [test]
, 
Require upper bound dependencies error for org.jenkins-ci.plugins.workflow:workflow-multibranch:2.24 [test] paths to dependency are:
+-io.jenkins.plugins:conventional-commits:0.10.1-SNAPSHOT
  +-org.jenkins-ci.plugins.workflow:workflow-aggregator:578.vf9a_f99755f4a_ [test]
    +-org.jenkins-ci.plugins.workflow:workflow-multibranch:2.24 [test] (managed) <-- org.jenkins-ci.plugins.workflow:workflow-multibranch:712.vc169a_1387405 [test]
and
+-io.jenkins.plugins:conventional-commits:0.10.1-SNAPSHOT
  +-org.jenkins-ci.plugins.workflow:workflow-aggregator:578.vf9a_f99755f4a_ [test]
    +-org.jenkinsci.plugins:pipeline-model-definition:1.9.2 [test] (managed) <-- org.jenkinsci.plugins:pipeline-model-definition:1.9.3 [test]
      +-org.jenkins-ci.plugins.workflow:workflow-multibranch:2.24 [test] (managed) <-- org.jenkins-ci.plugins.workflow:workflow-multibranch:2.24 [test]
, 
Require upper bound dependencies error for org.jenkins-ci.plugins:pipeline-build-step:2.15 [test] paths to dependency are:
+-io.jenkins.plugins:conventional-commits:0.10.1-SNAPSHOT
  +-org.jenkins-ci.plugins.workflow:workflow-aggregator:578.vf9a_f99755f4a_ [test]
    +-org.jenkins-ci.plugins:pipeline-build-step:2.15 [test] (managed) <-- org.jenkins-ci.plugins:pipeline-build-step:2.18 [test]
, 
Require upper bound dependencies error for org.jenkins-ci.plugins:pipeline-input-step:2.12 [test] paths to dependency are:
+-io.jenkins.plugins:conventional-commits:0.10.1-SNAPSHOT
  +-org.jenkins-ci.plugins.workflow:workflow-aggregator:578.vf9a_f99755f4a_ [test]
    +-org.jenkins-ci.plugins:pipeline-input-step:2.12 [test] (managed) <-- org.jenkins-ci.plugins:pipeline-input-step:448.v37cea_9a_10a_70 [test]
and
+-io.jenkins.plugins:conventional-commits:0.10.1-SNAPSHOT
  +-org.jenkins-ci.plugins.workflow:workflow-aggregator:578.vf9a_f99755f4a_ [test]
    +-org.jenkinsci.plugins:pipeline-model-definition:1.9.2 [test] (managed) <-- org.jenkinsci.plugins:pipeline-model-definition:1.9.3 [test]
      +-org.jenkins-ci.plugins:pipeline-input-step:2.12 [test] (managed) <-- org.jenkins-ci.plugins:pipeline-input-step:2.12 [test]
, 
Require upper bound dependencies error for org.jenkins-ci.plugins:pipeline-stage-step:2.5 [test] paths to dependency are:
+-io.jenkins.plugins:conventional-commits:0.10.1-SNAPSHOT
  +-org.jenkins-ci.plugins.workflow:workflow-aggregator:578.vf9a_f99755f4a_ [test]
    +-org.jenkins-ci.plugins:pipeline-stage-step:2.5 [test] (managed) <-- org.jenkins-ci.plugins:pipeline-stage-step:293.v200037eefcd5 [test]
and
+-io.jenkins.plugins:conventional-commits:0.10.1-SNAPSHOT
  +-org.jenkins-ci.plugins.workflow:workflow-aggregator:578.vf9a_f99755f4a_ [test]
    +-org.jenkinsci.plugins:pipeline-model-definition:1.9.2 [test] (managed) <-- org.jenkinsci.plugins:pipeline-model-definition:1.9.3 [test]
      +-org.jenkins-ci.plugins:pipeline-stage-step:2.5 [test] (managed) <-- org.jenkins-ci.plugins:pipeline-stage-step:2.5 [test]
and
+-io.jenkins.plugins:conventional-commits:0.10.1-SNAPSHOT
  +-org.jenkins-ci.plugins.workflow:workflow-aggregator:578.vf9a_f99755f4a_ [test]
    +-org.jenkinsci.plugins:pipeline-model-definition:1.9.2 [test] (managed) <-- org.jenkinsci.plugins:pipeline-model-definition:1.9.3 [test]
      +-org.jenkinsci.plugins:pipeline-model-extensions:1.9.2 [test] (managed) <-- org.jenkinsci.plugins:pipeline-model-extensions:1.9.2 [test]
        +-org.jenkins-ci.plugins:pipeline-stage-step:2.5 [test] (managed) <-- org.jenkins-ci.plugins:pipeline-stage-step:2.5 [test]
, 
Require upper bound dependencies error for org.jenkinsci.plugins:pipeline-model-definition:1.9.2 [test] paths to dependency are:
+-io.jenkins.plugins:conventional-commits:0.10.1-SNAPSHOT
  +-org.jenkins-ci.plugins.workflow:workflow-aggregator:578.vf9a_f99755f4a_ [test]
    +-org.jenkinsci.plugins:pipeline-model-definition:1.9.2 [test] (managed) <-- org.jenkinsci.plugins:pipeline-model-definition:1.9.3 [test]
]
[INFO] ------------------------------------------------------------------------
[INFO] BUILD FAILURE
[INFO] ------------------------------------------------------------------------
[INFO] Total time:  5.021 s
[INFO] Finished at: 2023-01-25T04:28:35Z
[INFO] ------------------------------------------------------------------------
[ERROR] Failed to execute goal org.apache.maven.plugins:maven-enforcer-plugin:3.0.0:enforce (display-info) on project conventional-commits: Some Enforcer rules have failed. Look above for specific messages explaining why the rule failed. -> [Help 1]
[ERROR] 
[ERROR] To see the full stack trace of the errors, re-run Maven with the -e switch.
[ERROR] Re-run Maven using the -X switch to enable full debug logging.
[ERROR] 
[ERROR] For more information about the errors and possible solutions, please read the following articles:
[ERROR] [Help 1] http://cwiki.apache.org/confluence/display/MAVEN/MojoExecutionException
