[INFO] Scanning for projects...
[WARNING] The POM for org.jenkins-ci.tools:maven-hpi-plugin:jar:3.17 is missing, no dependency information available
[WARNING] Failed to build parent project for org.jenkins-ci.plugins:jira:hpi:3.4-SNAPSHOT
[INFO] 
[INFO] --------------------< org.jenkins-ci.plugins:jira >---------------------
[INFO] Building Jenkins Jira plugin 3.4-SNAPSHOT
[INFO] --------------------------------[ hpi ]---------------------------------
[INFO] 
[INFO] --- maven-clean-plugin:3.1.0:clean (default-clean) @ jira ---
[INFO] Deleting /home/gabsko/breaking-updates/target
[INFO] 
[INFO] --- maven-hpi-plugin:3.17:validate (default-validate) @ jira ---
[INFO] 
[INFO] --- maven-hpi-plugin:3.17:validate-hpi (default-validate-hpi) @ jira ---
[INFO] 
[INFO] --- maven-enforcer-plugin:3.0.0-M3:display-info (display-info) @ jira ---
[INFO] Maven Version: 3.8.6
[INFO] JDK Version: 11.0.17 normalized as: 11.0.17
[INFO] OS Info: Arch: amd64 Family: unix Name: linux Version: 5.4.0-113-generic
[INFO] 
[INFO] --- maven-enforcer-plugin:3.0.0-M3:enforce (display-info) @ jira ---
[INFO] Adding ignore: module-info
[WARNING] Invalid bytecodeVersion for com.fasterxml.jackson.module:jackson-module-jaxb-annotations:jar:2.12.3:compile : META-INF/versions/11/module-info.class: expected 55, but was 53
[INFO] Ignoring requireUpperBoundDeps in com.google.code.findbugs:jsr305
[WARNING] Rule 5: org.apache.maven.plugins.enforcer.RequireUpperBoundDeps failed with message:
Failed while enforcing RequireUpperBoundDeps. The error(s) are [
Require upper bound dependencies error for org.jenkins-ci.plugins:structs:1.20 paths to dependency are:
+-org.jenkins-ci.plugins:jira:3.4-SNAPSHOT
  +-org.jenkins-ci.plugins:credentials:2.3.14
    +-org.jenkins-ci.plugins:structs:1.20
and
+-org.jenkins-ci.plugins:jira:3.4-SNAPSHOT
  +-org.jenkins-ci.plugins.workflow:workflow-step-api:2.23
    +-org.jenkins-ci.plugins:structs:1.20
and
+-org.jenkins-ci.plugins:jira:3.4-SNAPSHOT
  +-org.jenkins-ci.plugins.workflow:workflow-multibranch:2.24
    +-org.jenkins-ci.plugins:structs:1.20 (managed) <-- org.jenkins-ci.plugins:structs:1.22
and
+-org.jenkins-ci.plugins:jira:3.4-SNAPSHOT
  +-org.jenkins-ci.plugins:matrix-project:1.18
    +-org.jenkins-ci.plugins:junit:1.48 (managed) <-- org.jenkins-ci.plugins:junit:1.29
      +-org.jenkins-ci.plugins:structs:1.20
and
+-org.jenkins-ci.plugins:jira:3.4-SNAPSHOT
  +-org.jenkins-ci.plugins:branch-api:2.6.1
    +-org.jenkins-ci.plugins:scm-api:2.6.4
      +-org.jenkins-ci.plugins:structs:1.20
and
+-org.jenkins-ci.plugins:jira:3.4-SNAPSHOT
  +-org.jenkins-ci.plugins.workflow:workflow-multibranch:2.24
    +-org.jenkins-ci.plugins.workflow:workflow-cps:2.87 (managed) <-- org.jenkins-ci.plugins.workflow:workflow-cps:2.90
      +-org.jenkins-ci.plugins:structs:1.20 (managed) <-- org.jenkins-ci.plugins:structs:1.22
, 
Require upper bound dependencies error for org.jenkins-ci.plugins:branch-api:2.6.1 paths to dependency are:
+-org.jenkins-ci.plugins:jira:3.4-SNAPSHOT
  +-org.jenkins-ci.plugins:branch-api:2.6.1
and
+-org.jenkins-ci.plugins:jira:3.4-SNAPSHOT
  +-org.jenkins-ci.plugins.workflow:workflow-multibranch:2.24
    +-org.jenkins-ci.plugins:branch-api:2.6.2
, 
Require upper bound dependencies error for org.jenkins-ci.plugins.workflow:workflow-support:3.7 paths to dependency are:
+-org.jenkins-ci.plugins:jira:3.4-SNAPSHOT
  +-org.jenkins-ci.plugins.workflow:workflow-job:2.40
    +-org.jenkins-ci.plugins.workflow:workflow-support:3.7 (managed) <-- org.jenkins-ci.plugins.workflow:workflow-support:3.4
and
+-org.jenkins-ci.plugins:jira:3.4-SNAPSHOT
  +-org.jenkins-ci.plugins.workflow:workflow-multibranch:2.24
    +-org.jenkins-ci.plugins.workflow:workflow-support:3.7 (managed) <-- org.jenkins-ci.plugins.workflow:workflow-support:3.8
and
+-org.jenkins-ci.plugins:jira:3.4-SNAPSHOT
  +-org.jenkins-ci.plugins.workflow:workflow-multibranch:2.24
    +-org.jenkins-ci.plugins.workflow:workflow-cps:2.87 (managed) <-- org.jenkins-ci.plugins.workflow:workflow-cps:2.90
      +-org.jenkins-ci.plugins.workflow:workflow-support:3.7 (managed) <-- org.jenkins-ci.plugins.workflow:workflow-support:3.6
, 
Require upper bound dependencies error for org.jenkins-ci.plugins.workflow:workflow-scm-step:2.11 paths to dependency are:
+-org.jenkins-ci.plugins:jira:3.4-SNAPSHOT
  +-org.jenkins-ci.plugins.workflow:workflow-scm-step:2.11
and
+-org.jenkins-ci.plugins:jira:3.4-SNAPSHOT
  +-org.jenkins-ci.plugins:p4:1.11.4
    +-org.jenkins-ci.plugins.workflow:workflow-scm-step:2.11 (managed) <-- org.jenkins-ci.plugins.workflow:workflow-scm-step:2.6
and
+-org.jenkins-ci.plugins:jira:3.4-SNAPSHOT
  +-org.jenkins-ci.plugins.workflow:workflow-multibranch:2.24
    +-org.jenkins-ci.plugins.workflow:workflow-scm-step:2.11 (managed) <-- org.jenkins-ci.plugins.workflow:workflow-scm-step:2.12
and
+-org.jenkins-ci.plugins:jira:3.4-SNAPSHOT
  +-org.jenkins-ci.plugins.workflow:workflow-multibranch:2.24
    +-org.jenkins-ci.plugins.workflow:workflow-cps:2.87 (managed) <-- org.jenkins-ci.plugins.workflow:workflow-cps:2.90
      +-org.jenkins-ci.plugins.workflow:workflow-scm-step:2.11 (managed) <-- org.jenkins-ci.plugins.workflow:workflow-scm-step:2.6
, 
Require upper bound dependencies error for org.jenkins-ci.plugins.workflow:workflow-cps:2.87 paths to dependency are:
+-org.jenkins-ci.plugins:jira:3.4-SNAPSHOT
  +-org.jenkins-ci.plugins.workflow:workflow-multibranch:2.24
    +-org.jenkins-ci.plugins.workflow:workflow-cps:2.87 (managed) <-- org.jenkins-ci.plugins.workflow:workflow-cps:2.90
]
[INFO] ------------------------------------------------------------------------
[INFO] BUILD FAILURE
[INFO] ------------------------------------------------------------------------
[INFO] Total time:  5.380 s
[INFO] Finished at: 2023-01-25T04:44:23Z
[INFO] ------------------------------------------------------------------------
[ERROR] Failed to execute goal org.apache.maven.plugins:maven-enforcer-plugin:3.0.0-M3:enforce (display-info) on project jira: Some Enforcer rules have failed. Look above for specific messages explaining why the rule failed. -> [Help 1]
[ERROR] 
[ERROR] To see the full stack trace of the errors, re-run Maven with the -e switch.
[ERROR] Re-run Maven using the -X switch to enable full debug logging.
[ERROR] 
[ERROR] For more information about the errors and possible solutions, please read the following articles:
[ERROR] [Help 1] http://cwiki.apache.org/confluence/display/MAVEN/MojoExecutionException
