[INFO] Scanning for projects...
[WARNING] The POM for org.jenkins-ci.tools:maven-hpi-plugin:jar:3.34 is missing, no dependency information available
[WARNING] Failed to build parent project for org.jenkins-ci.plugins:jobConfigHistory:hpi:999999-SNAPSHOT
[INFO] 
[INFO] --------------< org.jenkins-ci.plugins:jobConfigHistory >---------------
[INFO] Building Jenkins Job Configuration History Plugin 999999-SNAPSHOT
[INFO] --------------------------------[ hpi ]---------------------------------
[INFO] 
[INFO] --- maven-clean-plugin:3.2.0:clean (default-clean) @ jobConfigHistory ---
[INFO] Deleting /home/gabsko/breaking-updates/target
[INFO] 
[INFO] --- maven-hpi-plugin:3.34:validate (default-validate) @ jobConfigHistory ---
[INFO] 
[INFO] --- maven-hpi-plugin:3.34:validate-hpi (default-validate-hpi) @ jobConfigHistory ---
[INFO] 
[INFO] --- maven-enforcer-plugin:3.1.0:display-info (display-info) @ jobConfigHistory ---
[INFO] Maven Version: 3.8.6
[INFO] JDK Version: 11.0.17 normalized as: 11.0.17
[INFO] Java Vendor: Ubuntu
[INFO] OS Info: Arch: amd64 Family: unix Name: linux Version: 5.4.0-113-generic
[INFO] 
[INFO] --- maven-enforcer-plugin:3.1.0:enforce (display-info) @ jobConfigHistory ---
[INFO] 
[INFO] --- maven-enforcer-plugin:3.1.0:enforce (no-snapshots-in-release) @ jobConfigHistory ---
[INFO] 
[INFO] --- maven-hpi-plugin:3.34:initialize (default-initialize) @ jobConfigHistory ---
[INFO] Setting maven.compiler.release to 11
[INFO] Setting maven.compiler.testRelease to 11
[INFO] 
[INFO] --- gmavenplus-plugin:1.13.1:addTestSources (test-in-groovy) @ jobConfigHistory ---
[INFO] 
[INFO] --- jacoco-maven-plugin:0.8.8:prepare-agent (default) @ jobConfigHistory ---
[INFO] argLine set to -javaagent:/home/gabsko/.m2/repository/org/jacoco/org.jacoco.agent/0.8.8/org.jacoco.agent-0.8.8-runtime.jar=destfile=/home/gabsko/breaking-updates/target/jacoco.exec,excludes=**/hudson/plugins/jobConfigHistory/JobConfigHistoryConsts.class:**/hudson/plugins/jobConfigHistory/Messages.class -Xms768M -Xmx768M -XX:+HeapDumpOnOutOfMemoryError -XX:+TieredCompilation -XX:TieredStopAtLevel=1 @{jenkins.addOpens} @{jenkins.insaneHook}
[INFO] 
[INFO] --- localizer-maven-plugin:1.31:generate (default) @ jobConfigHistory ---
[INFO] 
[INFO] --- maven-resources-plugin:3.3.0:resources (default-resources) @ jobConfigHistory ---
[INFO] Copying 85 resources
[INFO] 
[INFO] --- flatten-maven-plugin:1.3.0:flatten (flatten) @ jobConfigHistory ---
[INFO] Generating flattened POM of project org.jenkins-ci.plugins:jobConfigHistory:hpi:999999-SNAPSHOT...
[INFO] 
[INFO] --- maven-compiler-plugin:3.10.1:compile (default-compile) @ jobConfigHistory ---
[INFO] Changes detected - recompiling the module!
[INFO] Compiling 41 source files to /home/gabsko/breaking-updates/target/classes
[INFO] 
[INFO] --- access-modifier-checker:1.27:enforce (default-enforce) @ jobConfigHistory ---
[INFO] 
[INFO] --- maven-hpi-plugin:3.34:insert-test (default-insert-test) @ jobConfigHistory ---
[INFO] 
[INFO] --- gmavenplus-plugin:1.13.1:generateTestStubs (test-in-groovy) @ jobConfigHistory ---
[INFO] No sources specified for stub generation. Skipping.
[INFO] Generated 0 stubs.
[INFO] 
[INFO] --- maven-antrun-plugin:3.1.0:run (createTempDir) @ jobConfigHistory ---
[INFO] Executing tasks
[INFO]     [mkdir] Created dir: /home/gabsko/breaking-updates/target/tmp
[INFO] Executed tasks
[INFO] 
[INFO] --- maven-resources-plugin:3.3.0:testResources (default-testResources) @ jobConfigHistory ---
[INFO] Copying 15 resources
[INFO] 
[INFO] --- maven-compiler-plugin:3.10.1:testCompile (default-testCompile) @ jobConfigHistory ---
[INFO] Changes detected - recompiling the module!
[INFO] Compiling 38 source files to /home/gabsko/breaking-updates/target/test-classes
[INFO] -------------------------------------------------------------
[ERROR] COMPILATION ERROR : 
[INFO] -------------------------------------------------------------
[ERROR] /home/gabsko/breaking-updates/src/test/java/hudson/plugins/jobConfigHistory/JobConfigHistoryProjectActionTest.java:[30,25] error: cannot find symbol
  symbol:   class Matchers
  location: package org.mockito
[ERROR] /home/gabsko/breaking-updates/src/test/java/hudson/plugins/jobConfigHistory/JobConfigHistoryProjectActionTest.java:[30] error: static import only from classes and interfaces
[ERROR] /home/gabsko/breaking-updates/src/test/java/hudson/plugins/jobConfigHistory/JobConfigHistorySaveableListenerTest.java:[7,25] error: cannot find symbol
  symbol:   class Matchers
  location: package org.mockito
[ERROR] /home/gabsko/breaking-updates/src/test/java/hudson/plugins/jobConfigHistory/JobConfigHistorySaveableListenerTest.java:[7] error: static import only from classes and interfaces
[ERROR] /home/gabsko/breaking-updates/src/test/java/hudson/plugins/jobConfigHistory/JobConfigHistorySaveableListenerTest.java:[10] error: cannot find symbol
  symbol:   static verifyZeroInteractions
  location: class Mockito
[ERROR] /home/gabsko/breaking-updates/src/test/java/hudson/plugins/jobConfigHistory/JobConfigHistoryJobListenerTest.java:[9] error: cannot find symbol
  symbol:   static verifyZeroInteractions
  location: class Mockito
[ERROR] /home/gabsko/breaking-updates/src/test/java/hudson/plugins/jobConfigHistory/JobConfigHistoryProjectActionTest.java:[363,40] error: cannot find symbol
  symbol:   method any(Class<String>)
  location: class JobConfigHistoryProjectActionTest
[ERROR] /home/gabsko/breaking-updates/src/test/java/hudson/plugins/jobConfigHistory/JobConfigHistoryProjectActionTest.java:[429,44] error: cannot find symbol
  symbol:   method any(Class<String>)
  location: class JobConfigHistoryProjectActionTest
[ERROR] /home/gabsko/breaking-updates/src/test/java/hudson/plugins/jobConfigHistory/JobConfigHistorySaveableListenerTest.java:[28,37] error: cannot find symbol
  symbol:   method any(Class<Saveable>)
  location: class JobConfigHistorySaveableListenerTest
[ERROR] /home/gabsko/breaking-updates/src/test/java/hudson/plugins/jobConfigHistory/JobConfigHistorySaveableListenerTest.java:[28,58] error: cannot find symbol
  symbol:   method any(Class<XmlFile>)
  location: class JobConfigHistorySaveableListenerTest
[ERROR] /home/gabsko/breaking-updates/src/test/java/hudson/plugins/jobConfigHistory/JobConfigHistorySaveableListenerTest.java:[32,8] error: cannot find symbol
  symbol:   method verifyZeroInteractions(HistoryDao)
  location: class JobConfigHistorySaveableListenerTest
[ERROR] /home/gabsko/breaking-updates/src/test/java/hudson/plugins/jobConfigHistory/JobConfigHistorySaveableListenerTest.java:[40,37] error: cannot find symbol
  symbol:   method any(Class<Saveable>)
  location: class JobConfigHistorySaveableListenerTest
[ERROR] /home/gabsko/breaking-updates/src/test/java/hudson/plugins/jobConfigHistory/JobConfigHistorySaveableListenerTest.java:[40,58] error: cannot find symbol
  symbol:   method any(Class<XmlFile>)
  location: class JobConfigHistorySaveableListenerTest
[ERROR] /home/gabsko/breaking-updates/src/test/java/hudson/plugins/jobConfigHistory/JobConfigHistorySaveableListenerTest.java:[44,59] error: cannot find symbol
  symbol:   method any(Class<XmlFile>)
  location: class JobConfigHistorySaveableListenerTest
[ERROR] /home/gabsko/breaking-updates/src/test/java/hudson/plugins/jobConfigHistory/JobConfigHistoryJobListenerTest.java:[29,8] error: cannot find symbol
  symbol:   method verifyZeroInteractions(ItemListenerHistoryDao)
  location: class JobConfigHistoryJobListenerTest
[ERROR] /home/gabsko/breaking-updates/src/test/java/hudson/plugins/jobConfigHistory/JobConfigHistoryJobListenerTest.java:[49,8] error: cannot find symbol
  symbol:   method verifyZeroInteractions(ItemListenerHistoryDao)
  location: class JobConfigHistoryJobListenerTest
[ERROR] /home/gabsko/breaking-updates/src/test/java/hudson/plugins/jobConfigHistory/JobConfigHistoryJobListenerTest.java:[70,8] error: cannot find symbol
  symbol:   method verifyZeroInteractions(ItemListenerHistoryDao)
  location: class JobConfigHistoryJobListenerTest
[INFO] 17 errors 
[INFO] -------------------------------------------------------------
[INFO] ------------------------------------------------------------------------
[INFO] BUILD FAILURE
[INFO] ------------------------------------------------------------------------
[INFO] Total time:  8.950 s
[INFO] Finished at: 2023-01-25T04:58:11Z
[INFO] ------------------------------------------------------------------------
[ERROR] Failed to execute goal org.apache.maven.plugins:maven-compiler-plugin:3.10.1:testCompile (default-testCompile) on project jobConfigHistory: Compilation failure: Compilation failure: 
[ERROR] /home/gabsko/breaking-updates/src/test/java/hudson/plugins/jobConfigHistory/JobConfigHistoryProjectActionTest.java:[30,25] error: cannot find symbol
[ERROR]   symbol:   class Matchers
[ERROR]   location: package org.mockito
[ERROR] /home/gabsko/breaking-updates/src/test/java/hudson/plugins/jobConfigHistory/JobConfigHistoryProjectActionTest.java:[30] error: static import only from classes and interfaces
[ERROR] /home/gabsko/breaking-updates/src/test/java/hudson/plugins/jobConfigHistory/JobConfigHistorySaveableListenerTest.java:[7,25] error: cannot find symbol
[ERROR]   symbol:   class Matchers
[ERROR]   location: package org.mockito
[ERROR] /home/gabsko/breaking-updates/src/test/java/hudson/plugins/jobConfigHistory/JobConfigHistorySaveableListenerTest.java:[7] error: static import only from classes and interfaces
[ERROR] /home/gabsko/breaking-updates/src/test/java/hudson/plugins/jobConfigHistory/JobConfigHistorySaveableListenerTest.java:[10] error: cannot find symbol
[ERROR]   symbol:   static verifyZeroInteractions
[ERROR]   location: class Mockito
[ERROR] /home/gabsko/breaking-updates/src/test/java/hudson/plugins/jobConfigHistory/JobConfigHistoryJobListenerTest.java:[9] error: cannot find symbol
[ERROR]   symbol:   static verifyZeroInteractions
[ERROR]   location: class Mockito
[ERROR] /home/gabsko/breaking-updates/src/test/java/hudson/plugins/jobConfigHistory/JobConfigHistoryProjectActionTest.java:[363,40] error: cannot find symbol
[ERROR]   symbol:   method any(Class<String>)
[ERROR]   location: class JobConfigHistoryProjectActionTest
[ERROR] /home/gabsko/breaking-updates/src/test/java/hudson/plugins/jobConfigHistory/JobConfigHistoryProjectActionTest.java:[429,44] error: cannot find symbol
[ERROR]   symbol:   method any(Class<String>)
[ERROR]   location: class JobConfigHistoryProjectActionTest
[ERROR] /home/gabsko/breaking-updates/src/test/java/hudson/plugins/jobConfigHistory/JobConfigHistorySaveableListenerTest.java:[28,37] error: cannot find symbol
[ERROR]   symbol:   method any(Class<Saveable>)
[ERROR]   location: class JobConfigHistorySaveableListenerTest
[ERROR] /home/gabsko/breaking-updates/src/test/java/hudson/plugins/jobConfigHistory/JobConfigHistorySaveableListenerTest.java:[28,58] error: cannot find symbol
[ERROR]   symbol:   method any(Class<XmlFile>)
[ERROR]   location: class JobConfigHistorySaveableListenerTest
[ERROR] /home/gabsko/breaking-updates/src/test/java/hudson/plugins/jobConfigHistory/JobConfigHistorySaveableListenerTest.java:[32,8] error: cannot find symbol
[ERROR]   symbol:   method verifyZeroInteractions(HistoryDao)
[ERROR]   location: class JobConfigHistorySaveableListenerTest
[ERROR] /home/gabsko/breaking-updates/src/test/java/hudson/plugins/jobConfigHistory/JobConfigHistorySaveableListenerTest.java:[40,37] error: cannot find symbol
[ERROR]   symbol:   method any(Class<Saveable>)
[ERROR]   location: class JobConfigHistorySaveableListenerTest
[ERROR] /home/gabsko/breaking-updates/src/test/java/hudson/plugins/jobConfigHistory/JobConfigHistorySaveableListenerTest.java:[40,58] error: cannot find symbol
[ERROR]   symbol:   method any(Class<XmlFile>)
[ERROR]   location: class JobConfigHistorySaveableListenerTest
[ERROR] /home/gabsko/breaking-updates/src/test/java/hudson/plugins/jobConfigHistory/JobConfigHistorySaveableListenerTest.java:[44,59] error: cannot find symbol
[ERROR]   symbol:   method any(Class<XmlFile>)
[ERROR]   location: class JobConfigHistorySaveableListenerTest
[ERROR] /home/gabsko/breaking-updates/src/test/java/hudson/plugins/jobConfigHistory/JobConfigHistoryJobListenerTest.java:[29,8] error: cannot find symbol
[ERROR]   symbol:   method verifyZeroInteractions(ItemListenerHistoryDao)
[ERROR]   location: class JobConfigHistoryJobListenerTest
[ERROR] /home/gabsko/breaking-updates/src/test/java/hudson/plugins/jobConfigHistory/JobConfigHistoryJobListenerTest.java:[49,8] error: cannot find symbol
[ERROR]   symbol:   method verifyZeroInteractions(ItemListenerHistoryDao)
[ERROR]   location: class JobConfigHistoryJobListenerTest
[ERROR] /home/gabsko/breaking-updates/src/test/java/hudson/plugins/jobConfigHistory/JobConfigHistoryJobListenerTest.java:[70,8] error: cannot find symbol
[ERROR]   symbol:   method verifyZeroInteractions(ItemListenerHistoryDao)
[ERROR]   location: class JobConfigHistoryJobListenerTest
[ERROR] -> [Help 1]
[ERROR] 
[ERROR] To see the full stack trace of the errors, re-run Maven with the -e switch.
[ERROR] Re-run Maven using the -X switch to enable full debug logging.
[ERROR] 
[ERROR] For more information about the errors and possible solutions, please read the following articles:
[ERROR] [Help 1] http://cwiki.apache.org/confluence/display/MAVEN/MojoFailureException
