[INFO] Scanning for projects...
[INFO] Downloading from repo.jenkins-ci.org: https://repo.jenkins-ci.org/public/io/jenkins/tools/bom/bom-2.249.x/25/bom-2.249.x-25.pom
[INFO] Downloaded from repo.jenkins-ci.org: https://repo.jenkins-ci.org/public/io/jenkins/tools/bom/bom-2.249.x/25/bom-2.249.x-25.pom (9.1 kB at 11 kB/s)
[INFO] Downloading from repo.jenkins-ci.org: https://repo.jenkins-ci.org/public/io/jenkins/tools/bom/bom-2.263.x/25/bom-2.263.x-25.pom
[INFO] Downloaded from repo.jenkins-ci.org: https://repo.jenkins-ci.org/public/io/jenkins/tools/bom/bom-2.263.x/25/bom-2.263.x-25.pom (9.2 kB at 23 kB/s)
[INFO] Downloading from repo.jenkins-ci.org: https://repo.jenkins-ci.org/public/io/jenkins/tools/bom/bom-2.277.x/25/bom-2.277.x-25.pom
[INFO] Downloaded from repo.jenkins-ci.org: https://repo.jenkins-ci.org/public/io/jenkins/tools/bom/bom-2.277.x/25/bom-2.277.x-25.pom (24 kB at 55 kB/s)
[WARNING] The POM for org.jenkins-ci.tools:maven-hpi-plugin:jar:3.17 is missing, no dependency information available
[WARNING] Failed to build parent project for org.jenkins-ci.plugins:jira:hpi:3.2.1-SNAPSHOT
[INFO] 
[INFO] --------------------< org.jenkins-ci.plugins:jira >---------------------
[INFO] Building Jenkins Jira plugin 3.2.1-SNAPSHOT
[INFO] --------------------------------[ hpi ]---------------------------------
[INFO] Downloading from repo.jenkins-ci.org: https://repo.jenkins-ci.org/public/io/jenkins/plugins/plugin-util-api/1.7.1/plugin-util-api-1.7.1.pom
[INFO] Downloaded from repo.jenkins-ci.org: https://repo.jenkins-ci.org/public/io/jenkins/plugins/plugin-util-api/1.7.1/plugin-util-api-1.7.1.pom (4.7 kB at 10 kB/s)
[INFO] Downloading from repo.jenkins-ci.org: https://repo.jenkins-ci.org/public/org/jenkins-ci/plugins/workflow/workflow-cps/2.89/workflow-cps-2.89.pom
[INFO] Downloaded from repo.jenkins-ci.org: https://repo.jenkins-ci.org/public/org/jenkins-ci/plugins/workflow/workflow-cps/2.89/workflow-cps-2.89.pom (7.6 kB at 18 kB/s)
[INFO] Downloading from repo.jenkins-ci.org: https://repo.jenkins-ci.org/public/io/jenkins/plugins/plugin-util-api/1.7.1/plugin-util-api-1.7.1.jar
[INFO] Downloading from repo.jenkins-ci.org: https://repo.jenkins-ci.org/public/org/jenkins-ci/plugins/workflow/workflow-cps/2.89/workflow-cps-2.89.jar
[INFO] Downloaded from repo.jenkins-ci.org: https://repo.jenkins-ci.org/public/io/jenkins/plugins/plugin-util-api/1.7.1/plugin-util-api-1.7.1.jar (49 kB at 50 kB/s)
[INFO] Downloaded from repo.jenkins-ci.org: https://repo.jenkins-ci.org/public/org/jenkins-ci/plugins/workflow/workflow-cps/2.89/workflow-cps-2.89.jar (378 kB at 233 kB/s)
[INFO] 
[INFO] --- maven-clean-plugin:3.1.0:clean (default-clean) @ jira ---
[INFO] Deleting /home/gabsko/breaking-updates/target
[INFO] 
[INFO] --- maven-hpi-plugin:3.17:validate (default-validate) @ jira ---
[INFO] 
[INFO] --- maven-hpi-plugin:3.17:validate-hpi (default-validate-hpi) @ jira ---
[INFO] 
[INFO] --- maven-enforcer-plugin:3.0.0-M3:display-info (display-info) @ jira ---
[INFO] Maven Version: 3.8.6
[INFO] JDK Version: 11.0.17 normalized as: 11.0.17
[INFO] OS Info: Arch: amd64 Family: unix Name: linux Version: 5.4.0-113-generic
[INFO] 
[INFO] --- maven-enforcer-plugin:3.0.0-M3:enforce (display-info) @ jira ---
[INFO] Adding ignore: module-info
[WARNING] Invalid bytecodeVersion for com.fasterxml.jackson.module:jackson-module-jaxb-annotations:jar:2.12.1:compile : META-INF/versions/11/module-info.class: expected 55, but was 53
[INFO] Ignoring requireUpperBoundDeps in com.google.code.findbugs:jsr305
[WARNING] Rule 5: org.apache.maven.plugins.enforcer.RequireUpperBoundDeps failed with message:
Failed while enforcing RequireUpperBoundDeps. The error(s) are [
Require upper bound dependencies error for org.json:json:20190722 paths to dependency are:
+-org.jenkins-ci.plugins:jira:3.2.1-SNAPSHOT
  +-org.jenkins-ci.plugins:jackson2-api:2.12.1
    +-com.fasterxml.jackson.datatype:jackson-datatype-json-org:2.12.1
      +-org.json:json:20190722
and
+-org.jenkins-ci.plugins:jira:3.2.1-SNAPSHOT
  +-org.jenkins-ci.plugins:p4:1.11.2
    +-com.mashape.unirest:unirest-java:1.4.9
      +-org.json:json:20160212
and
+-org.jenkins-ci.plugins:jira:3.2.1-SNAPSHOT
  +-io.jenkins.configuration-as-code:test-harness:1.47
    +-io.jenkins:configuration-as-code:1.47
      +-org.json:json:20201115
and
+-org.jenkins-ci.plugins:jira:3.2.1-SNAPSHOT
  +-io.jenkins.configuration-as-code:test-harness:1.47
    +-com.github.erosb:everit-json-schema:1.12.1
      +-org.json:json:20190722
]
[INFO] ------------------------------------------------------------------------
[INFO] BUILD FAILURE
[INFO] ------------------------------------------------------------------------
[INFO] Total time:  8.230 s
[INFO] Finished at: 2023-01-30T14:28:10Z
[INFO] ------------------------------------------------------------------------
[ERROR] Failed to execute goal org.apache.maven.plugins:maven-enforcer-plugin:3.0.0-M3:enforce (display-info) on project jira: Some Enforcer rules have failed. Look above for specific messages explaining why the rule failed. -> [Help 1]
[ERROR] 
[ERROR] To see the full stack trace of the errors, re-run Maven with the -e switch.
[ERROR] Re-run Maven using the -X switch to enable full debug logging.
[ERROR] 
[ERROR] For more information about the errors and possible solutions, please read the following articles:
[ERROR] [Help 1] http://cwiki.apache.org/confluence/display/MAVEN/MojoExecutionException
