[INFO] Scanning for projects...
[INFO] 
[INFO] --------------------------< de.bonndan:nivio >--------------------------
[INFO] Building nivio 0.5.4
[INFO] --------------------------------[ jar ]---------------------------------
[INFO] Downloading from spring-releases: https://repo.spring.io/release/com/j2html/j2html/1.6.0/j2html-1.6.0.pom
[INFO] Downloading from jitpack.io: https://jitpack.io/com/j2html/j2html/1.6.0/j2html-1.6.0.pom
[INFO] Downloading from central: https://repo.maven.apache.org/maven2/com/j2html/j2html/1.6.0/j2html-1.6.0.pom
[INFO] Downloaded from central: https://repo.maven.apache.org/maven2/com/j2html/j2html/1.6.0/j2html-1.6.0.pom (9.2 kB at 201 kB/s)
[INFO] Downloading from spring-releases: https://repo.spring.io/release/com/j2html/j2html/1.6.0/j2html-1.6.0.jar
[INFO] Downloading from jitpack.io: https://jitpack.io/com/j2html/j2html/1.6.0/j2html-1.6.0.jar
[INFO] Downloading from central: https://repo.maven.apache.org/maven2/com/j2html/j2html/1.6.0/j2html-1.6.0.jar
[INFO] Downloaded from central: https://repo.maven.apache.org/maven2/com/j2html/j2html/1.6.0/j2html-1.6.0.jar (203 kB at 5.1 MB/s)
[INFO] 
[INFO] --- maven-clean-plugin:3.1.0:clean (default-clean) @ nivio ---
[INFO] Deleting /home/gabsko/breaking-updates/target
[INFO] 
[INFO] --- git-commit-id-maven-plugin:5.0.0:revision (default) @ nivio ---
[INFO] 
[INFO] --- jacoco-maven-plugin:0.8.7:prepare-agent (default) @ nivio ---
[INFO] argLine set to -javaagent:/home/gabsko/.m2/repository/org/jacoco/org.jacoco.agent/0.8.7/org.jacoco.agent-0.8.7-runtime.jar=destfile=/home/gabsko/breaking-updates/target/jacoco.exec
[INFO] 
[INFO] --- sphinx-maven-plugin:2.6.0:generate (default) @ nivio ---
[INFO] Running Sphinx; output will be placed in /home/gabsko/breaking-updates/docs/build
Running Sphinx v2.1.2
loading pickled environment... done
building [mo]: targets for 0 po files that are out of date
building [html]: targets for 20 source files that are out of date
updating environment: 0 added, 0 changed, 0 removed
looking for now-outdated files... none found
preparing documents... done
writing output... [  5%] assessment
writing output... [ 10%] index
writing output... [ 15%] input
writing output... [ 20%] install
writing output... [ 25%] magic
writing output... [ 30%] model
writing output... [ 35%] output
writing output... [ 40%] references
writing output... [ 45%] schema/Models/Branding
writing output... [ 50%] schema/Models/GroupDescription
writing output... [ 55%] schema/Models/InterfaceDescription
writing output... [ 60%] schema/Models/ItemDescription
writing output... [ 65%] schema/Models/KPIConfig
writing output... [ 70%] schema/Models/LandscapeConfig
writing output... [ 75%] schema/Models/LandscapeDescription
writing output... [ 80%] schema/Models/LayoutConfig
writing output... [ 85%] schema/Models/Link
writing output... [ 90%] schema/Models/SourceReference
writing output... [ 95%] schema/README
writing output... [100%] troubleshooting

/home/gabsko/breaking-updates/docs/source/input.rst:112: WARNING: Pygments lexer name 'dot' is not known
/home/gabsko/breaking-updates/docs/source/troubleshooting.rst:8: WARNING: 'envvar' reference target not found: SERVER_SERVLET_CONTEXT_PATH
generating indices... genindex
writing additional pages... search
copying images... [ 25%] first.png
copying images... [ 50%] groups.png
copying images... [ 75%] relations.png
copying images... [100%] icons.png

copying static files... done
copying extra files... done
dumping search index in English (code: en) ... done
dumping object inventory... done
build succeeded, 2 warnings.

The HTML pages are in ../build.
[INFO] Sphinx exited with code 0. Took 1656ms.
[INFO] 
[INFO] --- frontend-maven-plugin:1.12.1:install-node-and-yarn (Install node and yarn locally to the project) @ nivio ---
[INFO] Installing node version v16.13.0
[INFO] Unpacking /home/gabsko/.m2/repository/com/github/eirslett/node/16.13.0/node-16.13.0-linux-x64.tar.gz into /home/gabsko/breaking-updates/target/node/tmp
[INFO] Copying node binary from /home/gabsko/breaking-updates/target/node/tmp/node-v16.13.0-linux-x64/bin/node to /home/gabsko/breaking-updates/target/node/node
[INFO] Installed node locally.
[INFO] Installing Yarn version v1.22.4
[INFO] Unpacking /home/gabsko/.m2/repository/com/github/eirslett/yarn/1.22.4/yarn-1.22.4.tar.gz into /home/gabsko/breaking-updates/target/node/yarn
[INFO] Installed Yarn locally.
[INFO] 
[INFO] --- frontend-maven-plugin:1.12.1:yarn (yarn install) @ nivio ---
[INFO] Running 'yarn --network-timeout 500000' in /home/gabsko/breaking-updates/src/main/app
[INFO] yarn install v1.22.4
[INFO] [1/4] Resolving packages...
[INFO] [2/4] Fetching packages...
[INFO] info fsevents@2.3.2: The platform "linux" is incompatible with this module.
[INFO] info "fsevents@2.3.2" is an optional dependency and failed compatibility check. Excluding it from installation.
[INFO] [3/4] Linking dependencies...
[INFO] warning " > mini-css-extract-plugin@2.4.5" has unmet peer dependency "webpack@^5.0.0".
[INFO] warning "react-scripts > tailwindcss@3.0.16" has unmet peer dependency "autoprefixer@^10.0.2".
[INFO] warning "react-scripts > eslint-config-react-app > eslint-plugin-flowtype@8.0.3" has unmet peer dependency "@babel/plugin-syntax-flow@^7.14.5".
[INFO] warning "react-scripts > eslint-config-react-app > eslint-plugin-flowtype@8.0.3" has unmet peer dependency "@babel/plugin-transform-react-jsx@^7.14.9".
[INFO] warning "react-scripts > webpack-dev-server > http-proxy-middleware@2.0.2" has unmet peer dependency "@types/express@^4.17.13".
[INFO] warning " > react-svg-pan-zoom-loader@1.4.1" has unmet peer dependency "prop-types@^15.6.2".
[INFO] warning "react-svg-pan-zoom-loader > react-svg-pan-zoom@3.11.0" has incorrect peer dependency "react@>=17.0.0".
[INFO] warning "react-svg-pan-zoom-loader > react-svgmt@1.1.11" has unmet peer dependency "prop-types@^15.6.0".
[INFO] warning " > @testing-library/user-event@12.8.3" has unmet peer dependency "@testing-library/dom@>=7.21.4".
[INFO] [4/4] Building fresh packages...
[INFO] success Saved lockfile.
[INFO] $ node ./copy-icons.js
[INFO] Icon meta.json list copied successfully!
[INFO] Icons copied successfully!
[INFO] Done in 7.21s.
[INFO] 
[INFO] --- frontend-maven-plugin:1.12.1:yarn (Run test) @ nivio ---
[INFO] Running 'yarn test' in /home/gabsko/breaking-updates/src/main/app
[INFO] yarn run v1.22.4
[INFO] $ react-scripts test
[INFO] Browserslist: caniuse-lite is outdated. Please run:
[INFO]   npx browserslist@latest --update-db
[INFO]   Why you should do it regularly: https://github.com/browserslist/browserslist#browsers-data-updating
[INFO] Browserslist: caniuse-lite is outdated. Please run:
[INFO]   npx browserslist@latest --update-db
[INFO]   Why you should do it regularly: https://github.com/browserslist/browserslist#browsers-data-updating
[INFO] Browserslist: caniuse-lite is outdated. Please run:
[INFO]   npx browserslist@latest --update-db
[INFO]   Why you should do it regularly: https://github.com/browserslist/browserslist#browsers-data-updating
[INFO] Browserslist: caniuse-lite is outdated. Please run:
[INFO]   npx browserslist@latest --update-db
[INFO]   Why you should do it regularly: https://github.com/browserslist/browserslist#browsers-data-updating
[INFO] Browserslist: caniuse-lite is outdated. Please run:
[INFO]   npx browserslist@latest --update-db
[INFO]   Why you should do it regularly: https://github.com/browserslist/browserslist#browsers-data-updating
[INFO] Browserslist: caniuse-lite is outdated. Please run:
[INFO]   npx browserslist@latest --update-db
[INFO]   Why you should do it regularly: https://github.com/browserslist/browserslist#browsers-data-updating
[INFO] Browserslist: caniuse-lite is outdated. Please run:
[INFO]   npx browserslist@latest --update-db
[INFO]   Why you should do it regularly: https://github.com/browserslist/browserslist#browsers-data-updating
[INFO] Browserslist: caniuse-lite is outdated. Please run:
[INFO]   npx browserslist@latest --update-db
[INFO]   Why you should do it regularly: https://github.com/browserslist/browserslist#browsers-data-updating
[INFO] Browserslist: caniuse-lite is outdated. Please run:
[INFO]   npx browserslist@latest --update-db
[INFO]   Why you should do it regularly: https://github.com/browserslist/browserslist#browsers-data-updating
[INFO] Browserslist: caniuse-lite is outdated. Please run:
[INFO]   npx browserslist@latest --update-db
[INFO]   Why you should do it regularly: https://github.com/browserslist/browserslist#browsers-data-updating
[INFO] Browserslist: caniuse-lite is outdated. Please run:
[INFO]   npx browserslist@latest --update-db
[INFO]   Why you should do it regularly: https://github.com/browserslist/browserslist#browsers-data-updating
[INFO] Browserslist: caniuse-lite is outdated. Please run:
[INFO]   npx browserslist@latest --update-db
[INFO]   Why you should do it regularly: https://github.com/browserslist/browserslist#browsers-data-updating
[INFO] Browserslist: caniuse-lite is outdated. Please run:
[INFO]   npx browserslist@latest --update-db
[INFO]   Why you should do it regularly: https://github.com/browserslist/browserslist#browsers-data-updating
[INFO] Browserslist: caniuse-lite is outdated. Please run:
[INFO]   npx browserslist@latest --update-db
[INFO]   Why you should do it regularly: https://github.com/browserslist/browserslist#browsers-data-updating
[INFO] Browserslist: caniuse-lite is outdated. Please run:
[INFO]   npx browserslist@latest --update-db
[INFO]   Why you should do it regularly: https://github.com/browserslist/browserslist#browsers-data-updating
[INFO] Browserslist: caniuse-lite is outdated. Please run:
[INFO]   npx browserslist@latest --update-db
[INFO]   Why you should do it regularly: https://github.com/browserslist/browserslist#browsers-data-updating
[INFO] Browserslist: caniuse-lite is outdated. Please run:
[INFO]   npx browserslist@latest --update-db
[INFO]   Why you should do it regularly: https://github.com/browserslist/browserslist#browsers-data-updating
[INFO] Browserslist: caniuse-lite is outdated. Please run:
[INFO]   npx browserslist@latest --update-db
[INFO]   Why you should do it regularly: https://github.com/browserslist/browserslist#browsers-data-updating
[INFO] Browserslist: caniuse-lite is outdated. Please run:
[INFO]   npx browserslist@latest --update-db
[INFO]   Why you should do it regularly: https://github.com/browserslist/browserslist#browsers-data-updating
[INFO] Browserslist: caniuse-lite is outdated. Please run:
[INFO]   npx browserslist@latest --update-db
[INFO]   Why you should do it regularly: https://github.com/browserslist/browserslist#browsers-data-updating
[INFO] Browserslist: caniuse-lite is outdated. Please run:
[INFO]   npx browserslist@latest --update-db
[INFO]   Why you should do it regularly: https://github.com/browserslist/browserslist#browsers-data-updating
[INFO] PASS src/utils/API/BasePath.test.tsx
[INFO] PASS src/Components/Landscape/Utils/MappedString.test.tsx
[INFO] PASS src/Components/LevelChip/LevelChip.test.tsx
[INFO] PASS src/Components/Landscape/Modals/Log/Log.test.tsx
[INFO] PASS src/Components/Landscape/Utils/utils.test.tsx
[INFO] PASS src/Components/Events/Events.test.tsx
[INFO] PASS src/Components/Manual/Man.test.tsx
[INFO]   ● Console
[INFO] 
[INFO]     console.error
[INFO]       Warning: An update to Man inside a test was not wrapped in act(...).
[INFO]       
[INFO]       When testing, code that causes React state updates should be wrapped into act(...):
[INFO]       
[INFO]       act(() => {
[INFO]         /* fire events that update state */
[INFO]       });
[INFO]       /* assert on the output */
[INFO]       
[INFO]       This ensures that you're testing the behavior the user would see in the browser. Learn more at https://fb.me/react-wrap-tests-with-act
[INFO]           in Man (at Man.test.tsx:28)
[INFO]           in Router (created by MemoryRouter)
[INFO]           in MemoryRouter (at Man.test.tsx:27)
[INFO] 
[INFO]       188 |             replace: replaceFunc,
[INFO]       189 |           });
[INFO]     > 190 |           setHtml(reactHtmlParser);
[INFO]           |           ^
[INFO]       191 |           setemptyManual(true);
[INFO]       192 |         }
[INFO]       193 |       })
[INFO] 
[INFO]       at printWarning (node_modules/react-dom/cjs/react-dom.development.js:88:30)
[INFO]       at error (node_modules/react-dom/cjs/react-dom.development.js:60:5)
[INFO]       at warnIfNotCurrentlyActingUpdatesInDEV (node_modules/react-dom/cjs/react-dom.development.js:23284:7)
[INFO]       at setHtml (node_modules/react-dom/cjs/react-dom.development.js:15656:9)
[INFO]       at src/Components/Manual/Man.tsx:190:11
[INFO] 
[INFO]     console.error
[INFO]       Warning: An update to Man inside a test was not wrapped in act(...).
[INFO]       
[INFO]       When testing, code that causes React state updates should be wrapped into act(...):
[INFO]       
[INFO]       act(() => {
[INFO]         /* fire events that update state */
[INFO]       });
[INFO]       /* assert on the output */
[INFO]       
[INFO]       This ensures that you're testing the behavior the user would see in the browser. Learn more at https://fb.me/react-wrap-tests-with-act
[INFO]           in Man (at Man.test.tsx:28)
[INFO]           in Router (created by MemoryRouter)
[INFO]           in MemoryRouter (at Man.test.tsx:27)
[INFO] 
[INFO]       189 |           });
[INFO]       190 |           setHtml(reactHtmlParser);
[INFO]     > 191 |           setemptyManual(true);
[INFO]           |           ^
[INFO]       192 |         }
[INFO]       193 |       })
[INFO]       194 |       .catch((reason) => console.error(reason));
[INFO] 
[INFO]       at printWarning (node_modules/react-dom/cjs/react-dom.development.js:88:30)
[INFO]       at error (node_modules/react-dom/cjs/react-dom.development.js:60:5)
[INFO]       at warnIfNotCurrentlyActingUpdatesInDEV (node_modules/react-dom/cjs/react-dom.development.js:23284:7)
[INFO]       at setemptyManual (node_modules/react-dom/cjs/react-dom.development.js:15656:9)
[INFO]       at src/Components/Manual/Man.tsx:191:11
[INFO] 
[INFO]     console.error
[INFO]       Warning: An update to Man inside a test was not wrapped in act(...).
[INFO]       
[INFO]       When testing, code that causes React state updates should be wrapped into act(...):
[INFO]       
[INFO]       act(() => {
[INFO]         /* fire events that update state */
[INFO]       });
[INFO]       /* assert on the output */
[INFO]       
[INFO]       This ensures that you're testing the behavior the user would see in the browser. Learn more at https://fb.me/react-wrap-tests-with-act
[INFO]           in Man (at Man.test.tsx:28)
[INFO]           in Router (created by MemoryRouter)
[INFO]           in MemoryRouter (at Man.test.tsx:27)
[INFO] 
[INFO]       188 |             replace: replaceFunc,
[INFO]       189 |           });
[INFO]     > 190 |           setHtml(reactHtmlParser);
[INFO]           |           ^
[INFO]       191 |           setemptyManual(true);
[INFO]       192 |         }
[INFO]       193 |       })
[INFO] 
[INFO]       at printWarning (node_modules/react-dom/cjs/react-dom.development.js:88:30)
[INFO]       at error (node_modules/react-dom/cjs/react-dom.development.js:60:5)
[INFO]       at warnIfNotCurrentlyActingUpdatesInDEV (node_modules/react-dom/cjs/react-dom.development.js:23284:7)
[INFO]       at setHtml (node_modules/react-dom/cjs/react-dom.development.js:15656:9)
[INFO]       at src/Components/Manual/Man.tsx:190:11
[INFO] 
[INFO]     console.error
[INFO]       Warning: An update to Man inside a test was not wrapped in act(...).
[INFO]       
[INFO]       When testing, code that causes React state updates should be wrapped into act(...):
[INFO]       
[INFO]       act(() => {
[INFO]         /* fire events that update state */
[INFO]       });
[INFO]       /* assert on the output */
[INFO]       
[INFO]       This ensures that you're testing the behavior the user would see in the browser. Learn more at https://fb.me/react-wrap-tests-with-act
[INFO]           in Man (at Man.test.tsx:42)
[INFO]           in Router (created by MemoryRouter)
[INFO]           in MemoryRouter (at Man.test.tsx:41)
[INFO] 
[INFO]       188 |             replace: replaceFunc,
[INFO]       189 |           });
[INFO]     > 190 |           setHtml(reactHtmlParser);
[INFO]           |           ^
[INFO]       191 |           setemptyManual(true);
[INFO]       192 |         }
[INFO]       193 |       })
[INFO] 
[INFO]       at printWarning (node_modules/react-dom/cjs/react-dom.development.js:88:30)
[INFO]       at error (node_modules/react-dom/cjs/react-dom.development.js:60:5)
[INFO]       at warnIfNotCurrentlyActingUpdatesInDEV (node_modules/react-dom/cjs/react-dom.development.js:23284:7)
[INFO]       at setHtml (node_modules/react-dom/cjs/react-dom.development.js:15656:9)
[INFO]       at src/Components/Manual/Man.tsx:190:11
[INFO] 
[INFO]     console.error
[INFO]       Warning: An update to Man inside a test was not wrapped in act(...).
[INFO]       
[INFO]       When testing, code that causes React state updates should be wrapped into act(...):
[INFO]       
[INFO]       act(() => {
[INFO]         /* fire events that update state */
[INFO]       });
[INFO]       /* assert on the output */
[INFO]       
[INFO]       This ensures that you're testing the behavior the user would see in the browser. Learn more at https://fb.me/react-wrap-tests-with-act
[INFO]           in Man (at Man.test.tsx:42)
[INFO]           in Router (created by MemoryRouter)
[INFO]           in MemoryRouter (at Man.test.tsx:41)
[INFO] 
[INFO]       189 |           });
[INFO]       190 |           setHtml(reactHtmlParser);
[INFO]     > 191 |           setemptyManual(true);
[INFO]           |           ^
[INFO]       192 |         }
[INFO]       193 |       })
[INFO]       194 |       .catch((reason) => console.error(reason));
[INFO] 
[INFO]       at printWarning (node_modules/react-dom/cjs/react-dom.development.js:88:30)
[INFO]       at error (node_modules/react-dom/cjs/react-dom.development.js:60:5)
[INFO]       at warnIfNotCurrentlyActingUpdatesInDEV (node_modules/react-dom/cjs/react-dom.development.js:23284:7)
[INFO]       at setemptyManual (node_modules/react-dom/cjs/react-dom.development.js:15656:9)
[INFO]       at src/Components/Manual/Man.tsx:191:11
[INFO] 
[INFO]     console.error
[INFO]       Warning: An update to Man inside a test was not wrapped in act(...).
[INFO]       
[INFO]       When testing, code that causes React state updates should be wrapped into act(...):
[INFO]       
[INFO]       act(() => {
[INFO]         /* fire events that update state */
[INFO]       });
[INFO]       /* assert on the output */
[INFO]       
[INFO]       This ensures that you're testing the behavior the user would see in the browser. Learn more at https://fb.me/react-wrap-tests-with-act
[INFO]           in Man (at Man.test.tsx:42)
[INFO]           in Router (created by MemoryRouter)
[INFO]           in MemoryRouter (at Man.test.tsx:41)
[INFO] 
[INFO]       188 |             replace: replaceFunc,
[INFO]       189 |           });
[INFO]     > 190 |           setHtml(reactHtmlParser);
[INFO]           |           ^
[INFO]       191 |           setemptyManual(true);
[INFO]       192 |         }
[INFO]       193 |       })
[INFO] 
[INFO]       at printWarning (node_modules/react-dom/cjs/react-dom.development.js:88:30)
[INFO]       at error (node_modules/react-dom/cjs/react-dom.development.js:60:5)
[INFO]       at warnIfNotCurrentlyActingUpdatesInDEV (node_modules/react-dom/cjs/react-dom.development.js:23284:7)
[INFO]       at setHtml (node_modules/react-dom/cjs/react-dom.development.js:15656:9)
[INFO]       at src/Components/Manual/Man.tsx:190:11
[INFO] 
[INFO] PASS src/Components/Landscape/Search/SearchField.test.tsx (5.404 s)
[INFO] PASS src/Components/Landscape/Overview/OverviewLayout.test.tsx (5.432 s)
[INFO] PASS src/Components/Landscape/Map/MapRelation/MapRelation.test.tsx (5.442 s)
[INFO] PASS src/Components/Help/HelpTooltip.test.tsx (5.49 s)
[INFO] PASS src/Components/Layout/Layout.test.tsx (5.58 s)
[INFO]   ● Console
[INFO] 
[INFO]     console.debug
[INFO]       { oAuth2Link: {} }
[INFO] 
[INFO]       at LoginDialog (src/Components/Navigation/LoginDialog.tsx:29:13)
[INFO] 
[INFO] PASS src/Components/Landscape/Overview/Overview.test.tsx (5.571 s)
[INFO] PASS src/Components/Landscape/Dashboard/KPIConfigLayout.test.tsx (5.614 s)
[INFO] PASS src/Components/Landscape/Modals/Group/Group.test.tsx (5.665 s)
[INFO] PASS src/Components/Landscape/Dashboard/StatusBar.test.tsx (5.737 s)
[INFO] PASS src/App.test.tsx (5.785 s)
[INFO] PASS src/Components/Landscape/Search/Search.test.tsx (5.865 s)
[INFO]   ● Console
[INFO] 
[INFO]     console.error
[INFO]       Warning: An update to Search inside a test was not wrapped in act(...).
[INFO]       
[INFO]       When testing, code that causes React state updates should be wrapped into act(...):
[INFO]       
[INFO]       act(() => {
[INFO]         /* fire events that update state */
[INFO]       });
[INFO]       /* assert on the output */
[INFO]       
[INFO]       This ensures that you're testing the behavior the user would see in the browser. Learn more at https://fb.me/react-wrap-tests-with-act
[INFO]           in Search (at Search.test.tsx:65)
[INFO] 
[INFO]       83 |     )
[INFO]       84 |       .then((result) => {
[INFO]     > 85 |         setResults(result);
[INFO]          |         ^
[INFO]       86 |       })
[INFO]       87 |       .catch((reason) => {
[INFO]       88 |         console.warn(reason);
[INFO] 
[INFO]       at printWarning (node_modules/react-dom/cjs/react-dom.development.js:88:30)
[INFO]       at error (node_modules/react-dom/cjs/react-dom.development.js:60:5)
[INFO]       at warnIfNotCurrentlyActingUpdatesInDEV (node_modules/react-dom/cjs/react-dom.development.js:23284:7)
[INFO]       at setResults (node_modules/react-dom/cjs/react-dom.development.js:15656:9)
[INFO]       at src/Components/Landscape/Search/Search.tsx:85:9
[INFO] 
[INFO]     console.error
[INFO]       Warning: An update to Search inside a test was not wrapped in act(...).
[INFO]       
[INFO]       When testing, code that causes React state updates should be wrapped into act(...):
[INFO]       
[INFO]       act(() => {
[INFO]         /* fire events that update state */
[INFO]       });
[INFO]       /* assert on the output */
[INFO]       
[INFO]       This ensures that you're testing the behavior the user would see in the browser. Learn more at https://fb.me/react-wrap-tests-with-act
[INFO]           in Search (at Search.test.tsx:65)
[INFO] 
[INFO]       186 |     if (!result) return;
[INFO]       187 |
[INFO]     > 188 |     setFacets(result);
[INFO]           |     ^
[INFO]       189 |   }
[INFO]       190 |
[INFO]       191 |   useEffect(() => {
[INFO] 
[INFO]       at printWarning (node_modules/react-dom/cjs/react-dom.development.js:88:30)
[INFO]       at error (node_modules/react-dom/cjs/react-dom.development.js:60:5)
[INFO]       at warnIfNotCurrentlyActingUpdatesInDEV (node_modules/react-dom/cjs/react-dom.development.js:23284:7)
[INFO]       at setFacets (node_modules/react-dom/cjs/react-dom.development.js:15656:9)
[INFO]       at loadFacets (src/Components/Landscape/Search/Search.tsx:188:5)
[INFO] 
[INFO] PASS src/Components/Landscape/Modals/Item/Item.test.tsx (5.883 s)
[INFO]   ● Console
[INFO] 
[INFO]     console.error
[INFO]       Warning: An update to Item inside a test was not wrapped in act(...).
[INFO]       
[INFO]       When testing, code that causes React state updates should be wrapped into act(...):
[INFO]       
[INFO]       act(() => {
[INFO]         /* fire events that update state */
[INFO]       });
[INFO]       /* assert on the output */
[INFO]       
[INFO]       This ensures that you're testing the behavior the user would see in the browser. Learn more at https://fb.me/react-wrap-tests-with-act
[INFO]           in Item (at Item.test.tsx:45)
[INFO] 
[INFO]       208 |       get(`/api/${fullyQualifiedItemIdentifier}`)
[INFO]       209 |         .then((loaded) => {
[INFO]     > 210 |           setItem(loaded);
[INFO]           |           ^
[INFO]       211 |         })
[INFO]       212 |         .catch((error) => {
[INFO]       213 |           // Make the component invisible if api can't find an item
[INFO] 
[INFO]       at printWarning (node_modules/react-dom/cjs/react-dom.development.js:88:30)
[INFO]       at error (node_modules/react-dom/cjs/react-dom.development.js:60:5)
[INFO]       at warnIfNotCurrentlyActingUpdatesInDEV (node_modules/react-dom/cjs/react-dom.development.js:23284:7)
[INFO]       at setItem (node_modules/react-dom/cjs/react-dom.development.js:15656:9)
[INFO]       at src/Components/Landscape/Modals/Item/Item.tsx:210:11
[INFO] 
[INFO] PASS src/Components/Navigation/Navigation.test.tsx (5.953 s)
[INFO]   ● Console
[INFO] 
[INFO]     console.debug
[INFO]       { oAuth2Link: {} }
[INFO] 
[INFO]       at LoginDialog (src/Components/Navigation/LoginDialog.tsx:29:13)
[INFO] 
[INFO]     console.debug
[INFO]       { oAuth2Link: {} }
[INFO] 
[INFO]       at LoginDialog (src/Components/Navigation/LoginDialog.tsx:29:13)
[INFO] 
[INFO] PASS src/Components/Landscape/Search/Facets.test.tsx (6.045 s)
[INFO] 
[INFO] Test Suites: 21 passed, 21 total
[INFO] Tests:       40 passed, 40 total
[INFO] Snapshots:   0 total
[INFO] Time:        7.205 s
[INFO] Ran all test suites.
[INFO] Done in 7.92s.
[INFO] 
[INFO] --- frontend-maven-plugin:1.12.1:yarn (Build frontend) @ nivio ---
[INFO] Running 'yarn build' in /home/gabsko/breaking-updates/src/main/app
[INFO] yarn run v1.22.4
[INFO] $ react-scripts build
[INFO] Creating an optimized production build...
[INFO] Browserslist: caniuse-lite is outdated. Please run:
[INFO]   npx browserslist@latest --update-db
[INFO]   Why you should do it regularly: https://github.com/browserslist/browserslist#browsers-data-updating
[INFO] Browserslist: caniuse-lite is outdated. Please run:
[INFO]   npx browserslist@latest --update-db
[INFO]   Why you should do it regularly: https://github.com/browserslist/browserslist#browsers-data-updating
[INFO] Compiled successfully.
[INFO] 
[INFO] File sizes after gzip:
[INFO] 
[INFO]   207.23 kB  build/static/js/main.84840872.js
[INFO]   710 B      build/static/css/main.c3f1587d.css
[INFO] 
[INFO] The project was built assuming it is hosted at ./.
[INFO] You can control this with the homepage field in your package.json.
[INFO] 
[INFO] The build folder is ready to be deployed.
[INFO] 
[INFO] Find out more about deployment here:
[INFO] 
[INFO]   https://cra.link/deployment
[INFO] 
[INFO] Done in 20.49s.
[INFO] 
[INFO] --- maven-resources-plugin:3.0.1:copy-resources (position-sphinx-build) @ nivio ---
[INFO] Using 'UTF-8' encoding to copy filtered resources.
[INFO] Copying 85 resources
[INFO] 
[INFO] --- maven-resources-plugin:3.0.1:copy-resources (position-react-build) @ nivio ---
[INFO] Using 'UTF-8' encoding to copy filtered resources.
[INFO] Copying 37 resources
[INFO] 
[INFO] --- maven-resources-plugin:3.0.1:resources (default-resources) @ nivio ---
[INFO] Using 'UTF-8' encoding to copy filtered resources.
[INFO] Copying 57 resources
[INFO] Copying 5968 resources
[INFO] 
[INFO] --- maven-compiler-plugin:3.8.1:compile (default-compile) @ nivio ---
[INFO] Changes detected - recompiling the module!
[INFO] Compiling 314 source files to /home/gabsko/breaking-updates/target/classes
[INFO] /home/gabsko/breaking-updates/src/main/java/de/bonndan/nivio/model/FullyQualifiedIdentifier.java: Some input files use or override a deprecated API.
[INFO] /home/gabsko/breaking-updates/src/main/java/de/bonndan/nivio/model/FullyQualifiedIdentifier.java: Recompile with -Xlint:deprecation for details.
[INFO] /home/gabsko/breaking-updates/src/main/java/de/bonndan/nivio/input/dto/ComponentDescription.java: Some input files use unchecked or unsafe operations.
[INFO] /home/gabsko/breaking-updates/src/main/java/de/bonndan/nivio/input/dto/ComponentDescription.java: Recompile with -Xlint:unchecked for details.
[INFO] -------------------------------------------------------------
[ERROR] COMPILATION ERROR : 
[INFO] -------------------------------------------------------------
[ERROR] /home/gabsko/breaking-updates/src/main/java/de/bonndan/nivio/output/map/svg/SVGLabelText.java:[27,22] incompatible types: j2html.tags.Tag cannot be converted to j2html.tags.ContainerTag
[ERROR] /home/gabsko/breaking-updates/src/main/java/de/bonndan/nivio/output/layout/LayoutLogger.java:[86,25] incompatible types: inference variable T has incompatible bounds
    equality constraints: j2html.tags.ContainerTag
    lower bounds: j2html.tags.Tag
[ERROR] /home/gabsko/breaking-updates/src/main/java/de/bonndan/nivio/output/layout/LayoutLogger.java:[96,25] incompatible types: inference variable T has incompatible bounds
    equality constraints: j2html.tags.ContainerTag
    lower bounds: j2html.tags.Tag
[ERROR] /home/gabsko/breaking-updates/src/main/java/de/bonndan/nivio/output/layout/LayoutLogger.java:[107,17] cannot find symbol
  symbol:   method with(java.util.List<j2html.tags.ContainerTag>)
  location: class j2html.tags.Tag
[ERROR] /home/gabsko/breaking-updates/src/main/java/de/bonndan/nivio/output/map/svg/SVGDocument.java:[148,17] cannot find symbol
  symbol:   method with(java.util.List<j2html.tags.DomContent>)
  location: class j2html.tags.Tag
[ERROR] /home/gabsko/breaking-updates/src/main/java/de/bonndan/nivio/output/map/svg/SVGDocument.java:[178,22] incompatible types: j2html.tags.Tag cannot be converted to j2html.tags.ContainerTag
[ERROR] /home/gabsko/breaking-updates/src/main/java/de/bonndan/nivio/output/map/svg/SVGGroupArea.java:[139,22] incompatible types: j2html.tags.Tag cannot be converted to j2html.tags.ContainerTag
[ERROR] /home/gabsko/breaking-updates/src/main/java/de/bonndan/nivio/output/map/svg/SvgTagCreator.java:[55,44] incompatible types: j2html.tags.Tag cannot be converted to j2html.tags.ContainerTag
[ERROR] /home/gabsko/breaking-updates/src/main/java/de/bonndan/nivio/output/map/svg/SVGRelation.java:[105,26] incompatible types: j2html.tags.Tag cannot be converted to j2html.tags.ContainerTag
[ERROR] /home/gabsko/breaking-updates/src/main/java/de/bonndan/nivio/output/map/svg/SVGRelation.java:[113,22] incompatible types: j2html.tags.Tag cannot be converted to j2html.tags.ContainerTag
[ERROR] /home/gabsko/breaking-updates/src/main/java/de/bonndan/nivio/output/map/svg/SVGRelation.java:[175,22] incompatible types: j2html.tags.Tag cannot be converted to j2html.tags.ContainerTag
[ERROR] /home/gabsko/breaking-updates/src/main/java/de/bonndan/nivio/output/map/svg/SVGRelation.java:[187,17] cannot find symbol
  symbol:   method with(j2html.tags.ContainerTag)
  location: class j2html.tags.Tag
[ERROR] /home/gabsko/breaking-updates/src/main/java/de/bonndan/nivio/output/map/svg/SVGBackgroundFactory.java:[58,30] incompatible types: j2html.tags.Tag cannot be converted to j2html.tags.ContainerTag
[ERROR] /home/gabsko/breaking-updates/src/main/java/de/bonndan/nivio/output/map/svg/SVGItem.java:[112,22] incompatible types: j2html.tags.Tag cannot be converted to j2html.tags.ContainerTag
[ERROR] /home/gabsko/breaking-updates/src/main/java/de/bonndan/nivio/output/map/svg/SVGItem.java:[123,22] incompatible types: j2html.tags.Tag cannot be converted to j2html.tags.ContainerTag
[ERROR] /home/gabsko/breaking-updates/src/main/java/de/bonndan/nivio/output/map/svg/SvgRelationLabel.java:[52,22] incompatible types: j2html.tags.Tag cannot be converted to j2html.tags.ContainerTag
[ERROR] /home/gabsko/breaking-updates/src/main/java/de/bonndan/nivio/output/map/svg/SvgRelationEndMarker.java:[55,26] incompatible types: j2html.tags.Tag cannot be converted to j2html.tags.ContainerTag
[ERROR] /home/gabsko/breaking-updates/src/main/java/de/bonndan/nivio/output/map/svg/SvgRelationEndMarker.java:[61,26] incompatible types: j2html.tags.Tag cannot be converted to j2html.tags.ContainerTag
[INFO] 18 errors 
[INFO] -------------------------------------------------------------
[INFO] ------------------------------------------------------------------------
[INFO] BUILD FAILURE
[INFO] ------------------------------------------------------------------------
[INFO] Total time:  50.881 s
[INFO] Finished at: 2023-01-30T00:28:18Z
[INFO] ------------------------------------------------------------------------
[ERROR] Failed to execute goal org.apache.maven.plugins:maven-compiler-plugin:3.8.1:compile (default-compile) on project nivio: Compilation failure: Compilation failure: 
[ERROR] /home/gabsko/breaking-updates/src/main/java/de/bonndan/nivio/output/map/svg/SVGLabelText.java:[27,22] incompatible types: j2html.tags.Tag cannot be converted to j2html.tags.ContainerTag
[ERROR] /home/gabsko/breaking-updates/src/main/java/de/bonndan/nivio/output/layout/LayoutLogger.java:[86,25] incompatible types: inference variable T has incompatible bounds
[ERROR]     equality constraints: j2html.tags.ContainerTag
[ERROR]     lower bounds: j2html.tags.Tag
[ERROR] /home/gabsko/breaking-updates/src/main/java/de/bonndan/nivio/output/layout/LayoutLogger.java:[96,25] incompatible types: inference variable T has incompatible bounds
[ERROR]     equality constraints: j2html.tags.ContainerTag
[ERROR]     lower bounds: j2html.tags.Tag
[ERROR] /home/gabsko/breaking-updates/src/main/java/de/bonndan/nivio/output/layout/LayoutLogger.java:[107,17] cannot find symbol
[ERROR]   symbol:   method with(java.util.List<j2html.tags.ContainerTag>)
[ERROR]   location: class j2html.tags.Tag
[ERROR] /home/gabsko/breaking-updates/src/main/java/de/bonndan/nivio/output/map/svg/SVGDocument.java:[148,17] cannot find symbol
[ERROR]   symbol:   method with(java.util.List<j2html.tags.DomContent>)
[ERROR]   location: class j2html.tags.Tag
[ERROR] /home/gabsko/breaking-updates/src/main/java/de/bonndan/nivio/output/map/svg/SVGDocument.java:[178,22] incompatible types: j2html.tags.Tag cannot be converted to j2html.tags.ContainerTag
[ERROR] /home/gabsko/breaking-updates/src/main/java/de/bonndan/nivio/output/map/svg/SVGGroupArea.java:[139,22] incompatible types: j2html.tags.Tag cannot be converted to j2html.tags.ContainerTag
[ERROR] /home/gabsko/breaking-updates/src/main/java/de/bonndan/nivio/output/map/svg/SvgTagCreator.java:[55,44] incompatible types: j2html.tags.Tag cannot be converted to j2html.tags.ContainerTag
[ERROR] /home/gabsko/breaking-updates/src/main/java/de/bonndan/nivio/output/map/svg/SVGRelation.java:[105,26] incompatible types: j2html.tags.Tag cannot be converted to j2html.tags.ContainerTag
[ERROR] /home/gabsko/breaking-updates/src/main/java/de/bonndan/nivio/output/map/svg/SVGRelation.java:[113,22] incompatible types: j2html.tags.Tag cannot be converted to j2html.tags.ContainerTag
[ERROR] /home/gabsko/breaking-updates/src/main/java/de/bonndan/nivio/output/map/svg/SVGRelation.java:[175,22] incompatible types: j2html.tags.Tag cannot be converted to j2html.tags.ContainerTag
[ERROR] /home/gabsko/breaking-updates/src/main/java/de/bonndan/nivio/output/map/svg/SVGRelation.java:[187,17] cannot find symbol
[ERROR]   symbol:   method with(j2html.tags.ContainerTag)
[ERROR]   location: class j2html.tags.Tag
[ERROR] /home/gabsko/breaking-updates/src/main/java/de/bonndan/nivio/output/map/svg/SVGBackgroundFactory.java:[58,30] incompatible types: j2html.tags.Tag cannot be converted to j2html.tags.ContainerTag
[ERROR] /home/gabsko/breaking-updates/src/main/java/de/bonndan/nivio/output/map/svg/SVGItem.java:[112,22] incompatible types: j2html.tags.Tag cannot be converted to j2html.tags.ContainerTag
[ERROR] /home/gabsko/breaking-updates/src/main/java/de/bonndan/nivio/output/map/svg/SVGItem.java:[123,22] incompatible types: j2html.tags.Tag cannot be converted to j2html.tags.ContainerTag
[ERROR] /home/gabsko/breaking-updates/src/main/java/de/bonndan/nivio/output/map/svg/SvgRelationLabel.java:[52,22] incompatible types: j2html.tags.Tag cannot be converted to j2html.tags.ContainerTag
[ERROR] /home/gabsko/breaking-updates/src/main/java/de/bonndan/nivio/output/map/svg/SvgRelationEndMarker.java:[55,26] incompatible types: j2html.tags.Tag cannot be converted to j2html.tags.ContainerTag
[ERROR] /home/gabsko/breaking-updates/src/main/java/de/bonndan/nivio/output/map/svg/SvgRelationEndMarker.java:[61,26] incompatible types: j2html.tags.Tag cannot be converted to j2html.tags.ContainerTag
[ERROR] -> [Help 1]
[ERROR] 
[ERROR] To see the full stack trace of the errors, re-run Maven with the -e switch.
[ERROR] Re-run Maven using the -X switch to enable full debug logging.
[ERROR] 
[ERROR] For more information about the errors and possible solutions, please read the following articles:
[ERROR] [Help 1] http://cwiki.apache.org/confluence/display/MAVEN/MojoFailureException
