[INFO] Scanning for projects...
[WARNING] 
[WARNING] Some problems were encountered while building the effective model for pl.net.was:trino-faker:trino-plugin:0.15-SNAPSHOT
[WARNING] 'dependencies.dependency.scope' for io.airlift:log:jar must be one of [provided, compile, runtime, test, system] but is 'test-jar'. @ line 200, column 20
[WARNING] 'dependencies.dependency.scope' for io.airlift:log-manager:jar must be one of [provided, compile, runtime, test, system] but is 'test-jar'. @ line 207, column 20
[WARNING] 
[WARNING] It is highly recommended to fix these problems because they threaten the stability of your build.
[WARNING] 
[WARNING] For this reason, future Maven versions might no longer support building such malformed projects.
[WARNING] 
[INFO] 
[INFO] -----------------------< pl.net.was:trino-faker >-----------------------
[INFO] Building trino-faker 0.15-SNAPSHOT
[INFO] ----------------------------[ trino-plugin ]----------------------------
[INFO] 
[INFO] --- maven-clean-plugin:3.0.0:clean (default-clean) @ trino-faker ---
[INFO] Deleting /home/gabsko/breaking-updates/target
[INFO] 
[INFO] --- trino-maven-plugin:11:check-spi-dependencies (default-check-spi-dependencies) @ trino-faker ---
[INFO] 
[INFO] --- maven-enforcer-plugin:3.0.0:enforce (default) @ trino-faker ---
[WARNING] Rule 2: org.apache.maven.plugins.enforcer.RequireUpperBoundDeps failed with message:
Failed while enforcing RequireUpperBoundDeps. The error(s) are [
Require upper bound dependencies error for net.bytebuddy:byte-buddy:1.12.6 paths to dependency are:
+-pl.net.was:trino-faker:0.15-SNAPSHOT
  +-io.airlift:configuration:217
    +-net.bytebuddy:byte-buddy:1.12.6
and
+-pl.net.was:trino-faker:0.15-SNAPSHOT
  +-org.assertj:assertj-core:3.23.1 [test]
    +-net.bytebuddy:byte-buddy:1.12.10 [test]
]
[INFO] ------------------------------------------------------------------------
[INFO] BUILD FAILURE
[INFO] ------------------------------------------------------------------------
[INFO] Total time:  1.845 s
[INFO] Finished at: 2023-01-30T15:59:02Z
[INFO] ------------------------------------------------------------------------
[ERROR] Failed to execute goal org.apache.maven.plugins:maven-enforcer-plugin:3.0.0:enforce (default) on project trino-faker: Some Enforcer rules have failed. Look above for specific messages explaining why the rule failed. -> [Help 1]
[ERROR] 
[ERROR] To see the full stack trace of the errors, re-run Maven with the -e switch.
[ERROR] Re-run Maven using the -X switch to enable full debug logging.
[ERROR] 
[ERROR] For more information about the errors and possible solutions, please read the following articles:
[ERROR] [Help 1] http://cwiki.apache.org/confluence/display/MAVEN/MojoExecutionException
