[INFO] Scanning for projects...
[INFO] Inspecting build with total of 4 modules...
[INFO] Installing Nexus Staging features:
[INFO]   ... total of 4 executions of maven-deploy-plugin replaced with nexus-staging-maven-plugin
[INFO] ------------------------------------------------------------------------
[INFO] Reactor Build Order:
[INFO] 
[INFO] choco                                                              [pom]
[INFO] choco-solver                                                       [jar]
[INFO] choco-parsers                                                      [jar]
[INFO] examples                                                           [jar]
[INFO] 
[INFO] -----------------------< org.choco-solver:choco >-----------------------
[INFO] Building choco 4.10.8-SNAPSHOT                                     [1/4]
[INFO] --------------------------------[ pom ]---------------------------------
[INFO] 
[INFO] --- maven-clean-plugin:2.5:clean (default-clean) @ choco ---
[INFO] Deleting /home/gabsko/breaking-updates/target
[INFO] 
[INFO] --- maven-enforcer-plugin:3.0.0:enforce (enforce-bytecode-version) @ choco ---
[INFO] ------------------------------------------------------------------------
[INFO] Reactor Summary for choco 4.10.8-SNAPSHOT:
[INFO] 
[INFO] choco .............................................. FAILURE [  0.239 s]
[INFO] choco-solver ....................................... SKIPPED
[INFO] choco-parsers ...................................... SKIPPED
[INFO] examples ........................................... SKIPPED
[INFO] ------------------------------------------------------------------------
[INFO] BUILD FAILURE
[INFO] ------------------------------------------------------------------------
[INFO] Total time:  0.658 s
[INFO] Finished at: 2023-01-29T22:21:09Z
[INFO] ------------------------------------------------------------------------
[ERROR] Failed to execute goal org.apache.maven.plugins:maven-enforcer-plugin:3.0.0:enforce (enforce-bytecode-version) on project choco: Execution enforce-bytecode-version of goal org.apache.maven.plugins:maven-enforcer-plugin:3.0.0:enforce failed: An API incompatibility was encountered while executing org.apache.maven.plugins:maven-enforcer-plugin:3.0.0:enforce: java.lang.NoSuchMethodError: 'org.apache.maven.shared.dependency.graph.DependencyNode org.apache.maven.shared.dependency.graph.DependencyGraphBuilder.buildDependencyGraph(org.apache.maven.project.ProjectBuildingRequest, org.apache.maven.artifact.resolver.filter.ArtifactFilter)'
[ERROR] -----------------------------------------------------
[ERROR] realm =    plugin>org.apache.maven.plugins:maven-enforcer-plugin:3.0.0
[ERROR] strategy = org.codehaus.plexus.classworlds.strategy.SelfFirstStrategy
[ERROR] urls[0] = file:/home/gabsko/.m2/repository/org/apache/maven/plugins/maven-enforcer-plugin/3.0.0/maven-enforcer-plugin-3.0.0.jar
[ERROR] urls[1] = file:/home/gabsko/.m2/repository/org/codehaus/mojo/extra-enforcer-rules/1.4/extra-enforcer-rules-1.4.jar
[ERROR] urls[2] = file:/home/gabsko/.m2/repository/commons-codec/commons-codec/1.15/commons-codec-1.15.jar
[ERROR] urls[3] = file:/home/gabsko/.m2/repository/org/apache/maven/shared/maven-common-artifact-filters/3.2.0/maven-common-artifact-filters-3.2.0.jar
[ERROR] urls[4] = file:/home/gabsko/.m2/repository/org/apache/maven/shared/maven-shared-utils/3.3.3/maven-shared-utils-3.3.3.jar
[ERROR] urls[5] = file:/home/gabsko/.m2/repository/org/apache/maven/shared/maven-dependency-tree/2.2/maven-dependency-tree-2.2.jar
[ERROR] urls[6] = file:/home/gabsko/.m2/repository/org/codehaus/plexus/plexus-component-annotations/2.0.0/plexus-component-annotations-2.0.0.jar
[ERROR] urls[7] = file:/home/gabsko/.m2/repository/org/eclipse/aether/aether-util/0.9.0.M2/aether-util-0.9.0.M2.jar
[ERROR] urls[8] = file:/home/gabsko/.m2/repository/javax/enterprise/cdi-api/1.0/cdi-api-1.0.jar
[ERROR] urls[9] = file:/home/gabsko/.m2/repository/javax/annotation/jsr250-api/1.0/jsr250-api-1.0.jar
[ERROR] urls[10] = file:/home/gabsko/.m2/repository/com/google/guava/guava/10.0.1/guava-10.0.1.jar
[ERROR] urls[11] = file:/home/gabsko/.m2/repository/com/google/code/findbugs/jsr305/1.3.9/jsr305-1.3.9.jar
[ERROR] urls[12] = file:/home/gabsko/.m2/repository/org/sonatype/sisu/sisu-guice/3.1.0/sisu-guice-3.1.0-no_aop.jar
[ERROR] urls[13] = file:/home/gabsko/.m2/repository/aopalliance/aopalliance/1.0/aopalliance-1.0.jar
[ERROR] urls[14] = file:/home/gabsko/.m2/repository/org/eclipse/sisu/org.eclipse.sisu.inject/0.0.0.M5/org.eclipse.sisu.inject-0.0.0.M5.jar
[ERROR] urls[15] = file:/home/gabsko/.m2/repository/org/codehaus/plexus/plexus-interpolation/1.19/plexus-interpolation-1.19.jar
[ERROR] urls[16] = file:/home/gabsko/.m2/repository/org/sonatype/plexus/plexus-sec-dispatcher/1.3/plexus-sec-dispatcher-1.3.jar
[ERROR] urls[17] = file:/home/gabsko/.m2/repository/org/sonatype/plexus/plexus-cipher/1.4/plexus-cipher-1.4.jar
[ERROR] urls[18] = file:/home/gabsko/.m2/repository/org/codehaus/plexus/plexus-utils/3.3.0/plexus-utils-3.3.0.jar
[ERROR] urls[19] = file:/home/gabsko/.m2/repository/org/apache/maven/enforcer/enforcer-api/3.0.0/enforcer-api-3.0.0.jar
[ERROR] urls[20] = file:/home/gabsko/.m2/repository/org/apache/maven/enforcer/enforcer-rules/3.0.0/enforcer-rules-3.0.0.jar
[ERROR] urls[21] = file:/home/gabsko/.m2/repository/org/apache/commons/commons-lang3/3.12.0/commons-lang3-3.12.0.jar
[ERROR] urls[22] = file:/home/gabsko/.m2/repository/commons-io/commons-io/2.11.0/commons-io-2.11.0.jar
[ERROR] urls[23] = file:/home/gabsko/.m2/repository/org/apache-extras/beanshell/bsh/2.0b6/bsh-2.0b6.jar
[ERROR] urls[24] = file:/home/gabsko/.m2/repository/org/apache/maven/resolver/maven-resolver-util/1.6.1/maven-resolver-util-1.6.1.jar
[ERROR] Number of foreign imports: 1
[ERROR] import: Entry[import  from realm ClassRealm[project>org.choco-solver:choco:4.10.8-SNAPSHOT, parent: ClassRealm[maven.api, parent: null]]]
[ERROR] 
[ERROR] -----------------------------------------------------
[ERROR] -> [Help 1]
[ERROR] 
[ERROR] To see the full stack trace of the errors, re-run Maven with the -e switch.
[ERROR] Re-run Maven using the -X switch to enable full debug logging.
[ERROR] 
[ERROR] For more information about the errors and possible solutions, please read the following articles:
[ERROR] [Help 1] http://cwiki.apache.org/confluence/display/MAVEN/PluginContainerException
