[INFO] Scanning for projects...
[WARNING] 
[WARNING] Some problems were encountered while building the effective model for com.pinterest.orion:orion-commons:jar:0.0.35
[WARNING] 'dependencies.dependency.(groupId:artifactId:type:classifier)' must be unique: junit:junit:jar -> duplicate declaration of version (?) @ line 34, column 15
[WARNING] 
[WARNING] Some problems were encountered while building the effective model for com.pinterest.orion:orion-agent:jar:0.0.35
[WARNING] 'build.plugins.plugin.version' for org.apache.maven.plugins:maven-surefire-plugin is missing. @ line 78, column 12
[WARNING] 
[WARNING] Some problems were encountered while building the effective model for com.pinterest.orion:orion-server:jar:0.0.35
[WARNING] 'build.plugins.plugin.version' for org.codehaus.mojo:exec-maven-plugin is missing. @ line 202, column 12
[WARNING] 
[WARNING] It is highly recommended to fix these problems because they threaten the stability of your build.
[WARNING] 
[WARNING] For this reason, future Maven versions might no longer support building such malformed projects.
[WARNING] 
[INFO] ------------------------------------------------------------------------
[INFO] Reactor Build Order:
[INFO] 
[INFO] orion                                                              [pom]
[INFO] commons                                                            [jar]
[INFO] orion-agent                                                        [jar]
[INFO] deployments                                                        [pom]
[INFO] orion-agent-deployment                                             [jar]
[INFO] orion-server                                                       [jar]
[INFO] orion-server-deployment                                            [jar]
[INFO] 
[INFO] ------------------< com.pinterest.orion:orion-parent >------------------
[INFO] Building orion 0.0.35                                              [1/7]
[INFO] --------------------------------[ pom ]---------------------------------
[INFO] 
[INFO] --- maven-clean-plugin:2.5:clean (default-clean) @ orion-parent ---
[INFO] 
[INFO] -----------------< com.pinterest.orion:orion-commons >------------------
[INFO] Building commons 0.0.35                                            [2/7]
[INFO] --------------------------------[ jar ]---------------------------------
[INFO] 
[INFO] --- maven-clean-plugin:2.5:clean (default-clean) @ orion-commons ---
[INFO] Deleting /home/gabsko/breaking-updates/orion-commons/target
[INFO] 
[INFO] --- maven-resources-plugin:2.6:resources (default-resources) @ orion-commons ---
[INFO] Using 'UTF-8' encoding to copy filtered resources.
[INFO] Copying 1 resource
[INFO] 
[INFO] --- maven-compiler-plugin:3.5.1:compile (default-compile) @ orion-commons ---
[INFO] Changes detected - recompiling the module!
[INFO] Compiling 17 source files to /home/gabsko/breaking-updates/orion-commons/target/classes
[INFO] 
[INFO] --- maven-resources-plugin:2.6:testResources (default-testResources) @ orion-commons ---
[INFO] Using 'UTF-8' encoding to copy filtered resources.
[INFO] skip non existing resourceDirectory /home/gabsko/breaking-updates/orion-commons/src/test/resources
[INFO] 
[INFO] --- maven-compiler-plugin:3.5.1:testCompile (default-testCompile) @ orion-commons ---
[INFO] No sources to compile
[INFO] 
[INFO] --- maven-surefire-plugin:2.12.4:test (default-test) @ orion-commons ---
[INFO] No tests to run.
[INFO] 
[INFO] ------------------< com.pinterest.orion:orion-agent >-------------------
[INFO] Building orion-agent 0.0.35                                        [3/7]
[INFO] --------------------------------[ jar ]---------------------------------
[INFO] 
[INFO] --- maven-clean-plugin:2.5:clean (default-clean) @ orion-agent ---
[INFO] Deleting /home/gabsko/breaking-updates/orion-agent/target
[INFO] 
[INFO] --- maven-resources-plugin:2.6:resources (default-resources) @ orion-agent ---
[INFO] Using 'UTF-8' encoding to copy filtered resources.
[INFO] Copying 1 resource
[INFO] 
[INFO] --- maven-compiler-plugin:3.7.0:compile (default-compile) @ orion-agent ---
[INFO] Changes detected - recompiling the module!
[INFO] Compiling 23 source files to /home/gabsko/breaking-updates/orion-agent/target/classes
[INFO] /home/gabsko/breaking-updates/orion-agent/src/main/java/com/pinterest/orion/agent/metrics/TSDBMetricsCollectorService.java: Some input files use unchecked or unsafe operations.
[INFO] /home/gabsko/breaking-updates/orion-agent/src/main/java/com/pinterest/orion/agent/metrics/TSDBMetricsCollectorService.java: Recompile with -Xlint:unchecked for details.
[INFO] 
[INFO] --- maven-resources-plugin:2.6:testResources (default-testResources) @ orion-agent ---
[INFO] Using 'UTF-8' encoding to copy filtered resources.
[INFO] Copying 1 resource
[INFO] 
[INFO] --- maven-compiler-plugin:3.7.0:testCompile (default-testCompile) @ orion-agent ---
[INFO] Changes detected - recompiling the module!
[INFO] Compiling 4 source files to /home/gabsko/breaking-updates/orion-agent/target/test-classes
[INFO] 
[INFO] --- maven-surefire-plugin:2.12.4:test (default-test) @ orion-agent ---
[INFO] Surefire report directory: /home/gabsko/breaking-updates/orion-agent/target/surefire-reports

-------------------------------------------------------
 T E S T S
-------------------------------------------------------
OpenJDK 64-Bit Server VM warning: Ignoring option MaxPermSize; support was removed in 8.0
Running com.pinterest.orion.agent.utils.OrionCmdTest
Tests run: 3, Failures: 0, Errors: 0, Skipped: 0, Time elapsed: 0.077 sec
Running com.pinterest.orion.agent.kafka.TestKafkaAgent
Feb 07, 2023 12:17:39 PM com.pinterest.orion.agent.kafka.KafkaAgent lambda$getKafkaUptime$2
SEVERE: Could not get status of Kafka: java.util.concurrent.CompletionException: java.lang.NumberFormatException: For input string: ""
Tests run: 4, Failures: 0, Errors: 0, Skipped: 0, Time elapsed: 27.057 sec
Running com.pinterest.orion.agent.metrics.TestMetricDefinition
Feb 07, 2023 12:18:06 PM com.pinterest.orion.agent.utils.MetricUtils fillMetricDefinitionTemplate
SEVERE: Failed to materialize metric for definition: MetricDefinition [metricsInputType=jmx, input=MetricInputDefinition [inputDefinitionAttributes={metricName=test.metric.name.${topic}, attributeName=test.attr.name}], metricType=GAUGE, injectedEntities=[topic, host], output=MetricOutputDefinition [name=test.metric.name.output, tags={host=${host}, topic=${topicUnused}}]]
java.lang.RuntimeException: Unable to perform substitution for attributes {host=${host}, topic=${topicUnused}} and values {host=host001, topic=topic1}
	at com.pinterest.orion.agent.metrics.MetricOutputDefinition.substituteEntityValues(MetricOutputDefinition.java:77)
	at com.pinterest.orion.agent.metrics.MetricDefinition.substituteEntityValues(MetricDefinition.java:100)
	at java.base/java.util.stream.ReferencePipeline$3$1.accept(ReferencePipeline.java:195)
	at java.base/java.util.stream.ReferencePipeline$3$1.accept(ReferencePipeline.java:195)
	at java.base/java.util.AbstractList$RandomAccessSpliterator.forEachRemaining(AbstractList.java:720)
	at java.base/java.util.stream.AbstractPipeline.copyInto(AbstractPipeline.java:484)
	at java.base/java.util.stream.AbstractPipeline.wrapAndCopyInto(AbstractPipeline.java:474)
	at java.base/java.util.stream.ReduceOps$ReduceOp.evaluateSequential(ReduceOps.java:913)
	at java.base/java.util.stream.AbstractPipeline.evaluate(AbstractPipeline.java:234)
	at java.base/java.util.stream.ReferencePipeline.collect(ReferencePipeline.java:578)
	at com.pinterest.orion.agent.utils.MetricUtils.fillMetricDefinitionTemplate(MetricUtils.java:107)
	at com.pinterest.orion.agent.metrics.TestMetricDefinition.testFillMetricDefinitionTemplateUnusedOutput(TestMetricDefinition.java:141)
	at java.base/jdk.internal.reflect.NativeMethodAccessorImpl.invoke0(Native Method)
	at java.base/jdk.internal.reflect.NativeMethodAccessorImpl.invoke(NativeMethodAccessorImpl.java:62)
	at java.base/jdk.internal.reflect.DelegatingMethodAccessorImpl.invoke(DelegatingMethodAccessorImpl.java:43)
	at java.base/java.lang.reflect.Method.invoke(Method.java:566)
	at org.junit.runners.model.FrameworkMethod$1.runReflectiveCall(FrameworkMethod.java:59)
	at org.junit.internal.runners.model.ReflectiveCallable.run(ReflectiveCallable.java:12)
	at org.junit.runners.model.FrameworkMethod.invokeExplosively(FrameworkMethod.java:56)
	at org.junit.internal.runners.statements.InvokeMethod.evaluate(InvokeMethod.java:17)
	at org.junit.runners.ParentRunner$3.evaluate(ParentRunner.java:306)
	at org.junit.runners.BlockJUnit4ClassRunner$1.evaluate(BlockJUnit4ClassRunner.java:100)
	at org.junit.runners.ParentRunner.runLeaf(ParentRunner.java:366)
	at org.junit.runners.BlockJUnit4ClassRunner.runChild(BlockJUnit4ClassRunner.java:103)
	at org.junit.runners.BlockJUnit4ClassRunner.runChild(BlockJUnit4ClassRunner.java:63)
	at org.junit.runners.ParentRunner$4.run(ParentRunner.java:331)
	at org.junit.runners.ParentRunner$1.schedule(ParentRunner.java:79)
	at org.junit.runners.ParentRunner.runChildren(ParentRunner.java:329)
	at org.junit.runners.ParentRunner.access$100(ParentRunner.java:66)
	at org.junit.runners.ParentRunner$2.evaluate(ParentRunner.java:293)
	at org.junit.runners.ParentRunner$3.evaluate(ParentRunner.java:306)
	at org.junit.runners.ParentRunner.run(ParentRunner.java:413)
	at org.apache.maven.surefire.junit4.JUnit4Provider.execute(JUnit4Provider.java:252)
	at org.apache.maven.surefire.junit4.JUnit4Provider.executeTestSet(JUnit4Provider.java:141)
	at org.apache.maven.surefire.junit4.JUnit4Provider.invoke(JUnit4Provider.java:112)
	at java.base/jdk.internal.reflect.NativeMethodAccessorImpl.invoke0(Native Method)
	at java.base/jdk.internal.reflect.NativeMethodAccessorImpl.invoke(NativeMethodAccessorImpl.java:62)
	at java.base/jdk.internal.reflect.DelegatingMethodAccessorImpl.invoke(DelegatingMethodAccessorImpl.java:43)
	at java.base/java.lang.reflect.Method.invoke(Method.java:566)
	at org.apache.maven.surefire.util.ReflectionUtils.invokeMethodWithArray(ReflectionUtils.java:189)
	at org.apache.maven.surefire.booter.ProviderFactory$ProviderProxy.invoke(ProviderFactory.java:165)
	at org.apache.maven.surefire.booter.ProviderFactory.invokeProvider(ProviderFactory.java:85)
	at org.apache.maven.surefire.booter.ForkedBooter.runSuitesInProcess(ForkedBooter.java:115)
	at org.apache.maven.surefire.booter.ForkedBooter.main(ForkedBooter.java:75)

Feb 07, 2023 12:18:06 PM com.pinterest.orion.agent.utils.MetricUtils fillMetricDefinitionTemplate
SEVERE: Failed to materialize metric for definition: MetricDefinition [metricsInputType=jmx, input=MetricInputDefinition [inputDefinitionAttributes={metricName=test.metric.name.${topicUnused}, attributeName=test.attr.name}], metricType=GAUGE, injectedEntities=[topic, host], output=MetricOutputDefinition [name=test.metric.name.output, tags={host=${host}, topic=${topic}}]]
java.lang.RuntimeException: Unable to perform substitution for attributes {metricName=test.metric.name.${topicUnused}} and values {host=host001, topic=topic1}
	at com.pinterest.orion.agent.metrics.MetricInputDefinition.substituteEntityValues(MetricInputDefinition.java:56)
	at com.pinterest.orion.agent.metrics.MetricDefinition.substituteEntityValues(MetricDefinition.java:99)
	at java.base/java.util.stream.ReferencePipeline$3$1.accept(ReferencePipeline.java:195)
	at java.base/java.util.stream.ReferencePipeline$3$1.accept(ReferencePipeline.java:195)
	at java.base/java.util.AbstractList$RandomAccessSpliterator.forEachRemaining(AbstractList.java:720)
	at java.base/java.util.stream.AbstractPipeline.copyInto(AbstractPipeline.java:484)
	at java.base/java.util.stream.AbstractPipeline.wrapAndCopyInto(AbstractPipeline.java:474)
	at java.base/java.util.stream.ReduceOps$ReduceOp.evaluateSequential(ReduceOps.java:913)
	at java.base/java.util.stream.AbstractPipeline.evaluate(AbstractPipeline.java:234)
	at java.base/java.util.stream.ReferencePipeline.collect(ReferencePipeline.java:578)
	at com.pinterest.orion.agent.utils.MetricUtils.fillMetricDefinitionTemplate(MetricUtils.java:107)
	at com.pinterest.orion.agent.metrics.TestMetricDefinition.testFillMetricDefinitionTemplateUnusedInput(TestMetricDefinition.java:108)
	at java.base/jdk.internal.reflect.NativeMethodAccessorImpl.invoke0(Native Method)
	at java.base/jdk.internal.reflect.NativeMethodAccessorImpl.invoke(NativeMethodAccessorImpl.java:62)
	at java.base/jdk.internal.reflect.DelegatingMethodAccessorImpl.invoke(DelegatingMethodAccessorImpl.java:43)
	at java.base/java.lang.reflect.Method.invoke(Method.java:566)
	at org.junit.runners.model.FrameworkMethod$1.runReflectiveCall(FrameworkMethod.java:59)
	at org.junit.internal.runners.model.ReflectiveCallable.run(ReflectiveCallable.java:12)
	at org.junit.runners.model.FrameworkMethod.invokeExplosively(FrameworkMethod.java:56)
	at org.junit.internal.runners.statements.InvokeMethod.evaluate(InvokeMethod.java:17)
	at org.junit.runners.ParentRunner$3.evaluate(ParentRunner.java:306)
	at org.junit.runners.BlockJUnit4ClassRunner$1.evaluate(BlockJUnit4ClassRunner.java:100)
	at org.junit.runners.ParentRunner.runLeaf(ParentRunner.java:366)
	at org.junit.runners.BlockJUnit4ClassRunner.runChild(BlockJUnit4ClassRunner.java:103)
	at org.junit.runners.BlockJUnit4ClassRunner.runChild(BlockJUnit4ClassRunner.java:63)
	at org.junit.runners.ParentRunner$4.run(ParentRunner.java:331)
	at org.junit.runners.ParentRunner$1.schedule(ParentRunner.java:79)
	at org.junit.runners.ParentRunner.runChildren(ParentRunner.java:329)
	at org.junit.runners.ParentRunner.access$100(ParentRunner.java:66)
	at org.junit.runners.ParentRunner$2.evaluate(ParentRunner.java:293)
	at org.junit.runners.ParentRunner$3.evaluate(ParentRunner.java:306)
	at org.junit.runners.ParentRunner.run(ParentRunner.java:413)
	at org.apache.maven.surefire.junit4.JUnit4Provider.execute(JUnit4Provider.java:252)
	at org.apache.maven.surefire.junit4.JUnit4Provider.executeTestSet(JUnit4Provider.java:141)
	at org.apache.maven.surefire.junit4.JUnit4Provider.invoke(JUnit4Provider.java:112)
	at java.base/jdk.internal.reflect.NativeMethodAccessorImpl.invoke0(Native Method)
	at java.base/jdk.internal.reflect.NativeMethodAccessorImpl.invoke(NativeMethodAccessorImpl.java:62)
	at java.base/jdk.internal.reflect.DelegatingMethodAccessorImpl.invoke(DelegatingMethodAccessorImpl.java:43)
	at java.base/java.lang.reflect.Method.invoke(Method.java:566)
	at org.apache.maven.surefire.util.ReflectionUtils.invokeMethodWithArray(ReflectionUtils.java:189)
	at org.apache.maven.surefire.booter.ProviderFactory$ProviderProxy.invoke(ProviderFactory.java:165)
	at org.apache.maven.surefire.booter.ProviderFactory.invokeProvider(ProviderFactory.java:85)
	at org.apache.maven.surefire.booter.ForkedBooter.runSuitesInProcess(ForkedBooter.java:115)
	at org.apache.maven.surefire.booter.ForkedBooter.main(ForkedBooter.java:75)

Tests run: 5, Failures: 0, Errors: 0, Skipped: 0, Time elapsed: 0.028 sec

Results :

Tests run: 12, Failures: 0, Errors: 0, Skipped: 0

[INFO] 
[INFO] ------------------< com.pinterest.orion:deployments >-------------------
[INFO] Building deployments 0.0.35                                        [4/7]
[INFO] --------------------------------[ pom ]---------------------------------
[INFO] 
[INFO] --- maven-clean-plugin:2.5:clean (default-clean) @ deployments ---
[INFO] 
[INFO] -------------< com.pinterest.orion:orion-agent-deployment >-------------
[INFO] Building orion-agent-deployment 0.0.35                             [5/7]
[INFO] --------------------------------[ jar ]---------------------------------
[INFO] 
[INFO] --- maven-clean-plugin:2.5:clean (default-clean) @ orion-agent-deployment ---
[INFO] Deleting /home/gabsko/breaking-updates/deployments/orion-agent-deployment/target
[INFO] 
[INFO] --- maven-resources-plugin:2.6:resources (default-resources) @ orion-agent-deployment ---
[INFO] Using 'UTF-8' encoding to copy filtered resources.
[INFO] Copying 9 resources
[INFO] 
[INFO] --- maven-compiler-plugin:3.7.0:compile (default-compile) @ orion-agent-deployment ---
[INFO] No sources to compile
[INFO] 
[INFO] --- maven-resources-plugin:2.6:testResources (default-testResources) @ orion-agent-deployment ---
[INFO] Using 'UTF-8' encoding to copy filtered resources.
[INFO] skip non existing resourceDirectory /home/gabsko/breaking-updates/deployments/orion-agent-deployment/src/test/resources
[INFO] 
[INFO] --- maven-compiler-plugin:3.7.0:testCompile (default-testCompile) @ orion-agent-deployment ---
[INFO] No sources to compile
[INFO] 
[INFO] --- maven-surefire-plugin:2.12.4:test (default-test) @ orion-agent-deployment ---
[INFO] No tests to run.
[INFO] 
[INFO] ------------------< com.pinterest.orion:orion-server >------------------
[INFO] Building orion-server 0.0.35                                       [6/7]
[INFO] --------------------------------[ jar ]---------------------------------
[INFO] 
[INFO] --- maven-clean-plugin:2.5:clean (default-clean) @ orion-server ---
[INFO] Deleting /home/gabsko/breaking-updates/orion-server/target
[INFO] 
[INFO] --- exec-maven-plugin:3.1.0:exec (default) @ orion-server ---
npm WARN using --force Recommended protections disabled.
npm WARN ERESOLVE overriding peer dependency
npm WARN While resolving: frontend-collective-react-dnd-scrollzone@1.0.2
npm WARN Found: react-dnd@11.1.3
npm WARN node_modules/react-dnd
npm WARN   react-dnd@"^11.1.3" from mui-datatables@3.8.5
npm WARN   node_modules/mui-datatables
npm WARN     mui-datatables@"^3.4.1" from the root project
npm WARN   1 more (react-sortable-tree)
npm WARN 
npm WARN Could not resolve dependency:
npm WARN peer react-dnd@"^7.3.0" from frontend-collective-react-dnd-scrollzone@1.0.2
npm WARN node_modules/frontend-collective-react-dnd-scrollzone
npm WARN   frontend-collective-react-dnd-scrollzone@"^1.0.2" from react-sortable-tree@2.8.0
npm WARN   node_modules/react-sortable-tree
npm WARN 
npm WARN Conflicting peer dependency: react-dnd@7.7.0
npm WARN node_modules/react-dnd
npm WARN   peer react-dnd@"^7.3.0" from frontend-collective-react-dnd-scrollzone@1.0.2
npm WARN   node_modules/frontend-collective-react-dnd-scrollzone
npm WARN     frontend-collective-react-dnd-scrollzone@"^1.0.2" from react-sortable-tree@2.8.0
npm WARN     node_modules/react-sortable-tree

up to date, audited 1736 packages in 5s

127 packages are looking for funding
  run `npm fund` for details

44 vulnerabilities (1 low, 15 moderate, 24 high, 4 critical)

To address issues that do not require attention, run:
  npm audit fix

To address all issues (including breaking changes), run:
  npm audit fix --force

Run `npm audit` for details.
npm WARN ERESOLVE overriding peer dependency
npm WARN While resolving: frontend-collective-react-dnd-scrollzone@1.0.2
npm WARN Found: react-dnd@11.1.3
npm WARN node_modules/react-dnd
npm WARN   react-dnd@"^11.1.3" from mui-datatables@3.8.5
npm WARN   node_modules/mui-datatables
npm WARN     mui-datatables@"^3.4.1" from the root project
npm WARN   1 more (react-sortable-tree)
npm WARN 
npm WARN Could not resolve dependency:
npm WARN peer react-dnd@"^7.3.0" from frontend-collective-react-dnd-scrollzone@1.0.2
npm WARN node_modules/frontend-collective-react-dnd-scrollzone
npm WARN   frontend-collective-react-dnd-scrollzone@"^1.0.2" from react-sortable-tree@2.8.0
npm WARN   node_modules/react-sortable-tree
npm WARN 
npm WARN Conflicting peer dependency: react-dnd@7.7.0
npm WARN node_modules/react-dnd
npm WARN   peer react-dnd@"^7.3.0" from frontend-collective-react-dnd-scrollzone@1.0.2
npm WARN   node_modules/frontend-collective-react-dnd-scrollzone
npm WARN     frontend-collective-react-dnd-scrollzone@"^1.0.2" from react-sortable-tree@2.8.0
npm WARN     node_modules/react-sortable-tree

up to date, audited 1736 packages in 3s

127 packages are looking for funding
  run `npm fund` for details

44 vulnerabilities (1 low, 15 moderate, 24 high, 4 critical)

To address issues that do not require attention, run:
  npm audit fix

To address all issues (including breaking changes), run:
  npm audit fix --force

Run `npm audit` for details.

> orion-ui@0.1.0 build
> react-scripts build

Creating an optimized production build...
Compiled with warnings.

./src/basic-components/Kafka/Topics.js
  Line 16:17:  'Component' is defined but never used             no-unused-vars
  Line 16:28:  'forwardRef' is defined but never used            no-unused-vars
  Line 17:20:  'lazy' is defined but never used                  no-unused-vars
  Line 23:8:   'CreateTopicPanel' is defined but never used      no-unused-vars
  Line 26:7:   'useStyles' is assigned a value but never used    no-unused-vars
  Line 90:10:  'openModal' is assigned a value but never used    no-unused-vars
  Line 92:9:   'handleOpen' is assigned a value but never used   no-unused-vars
  Line 95:9:   'handleClose' is assigned a value but never used  no-unused-vars

./src/basic-components/MemQ/Topics.js
  Line 16:17:  'Component' is defined but never used             no-unused-vars
  Line 16:28:  'forwardRef' is defined but never used            no-unused-vars
  Line 17:20:  'lazy' is defined but never used                  no-unused-vars
  Line 25:7:   'useStyles' is assigned a value but never used    no-unused-vars
  Line 98:10:  'openModal' is assigned a value but never used    no-unused-vars
  Line 100:9:  'handleOpen' is assigned a value but never used   no-unused-vars
  Line 103:9:  'handleClose' is assigned a value but never used  no-unused-vars

./src/basic-components/Kafka/CreateTopicPanel.js
  Line 16:17:  'Suspense' is defined but never used          no-unused-vars
  Line 16:27:  'lazy' is defined but never used              no-unused-vars
  Line 16:33:  'useState' is defined but never used          no-unused-vars
  Line 18:3:   'Box' is defined but never used               no-unused-vars
  Line 27:3:   'FormControlLabel' is defined but never used  no-unused-vars
  Line 28:3:   'Checkbox' is defined but never used          no-unused-vars

./src/basic-components/Kafka/BrokersetPanel.js
  Line 16:17:  'forwardRef' is defined but never used             no-unused-vars
  Line 18:3:   'Paper' is defined but never used                  no-unused-vars
  Line 19:3:   'Grid' is defined but never used                   no-unused-vars
  Line 20:3:   'Table' is defined but never used                  no-unused-vars
  Line 21:3:   'TableBody' is defined but never used              no-unused-vars
  Line 22:3:   'TableCell' is defined but never used              no-unused-vars
  Line 23:3:   'TableContainer' is defined but never used         no-unused-vars
  Line 24:3:   'TableHead' is defined but never used              no-unused-vars
  Line 25:3:   'TableRow' is defined but never used               no-unused-vars
  Line 26:3:   'Typography' is defined but never used             no-unused-vars
  Line 27:3:   'ExpansionPanelDetails' is defined but never used  no-unused-vars
  Line 28:3:   'ExpansionPanelSummary' is defined but never used  no-unused-vars
  Line 29:3:   'ExpansionPanel' is defined but never used         no-unused-vars
  Line 30:3:   'Divider' is defined but never used                no-unused-vars
  Line 31:3:   'Link' is defined but never used                   no-unused-vars
  Line 32:3:   'Box' is defined but never used                    no-unused-vars
  Line 34:8:   'ExpandMoreIcon' is defined but never used         no-unused-vars
  Line 35:18:  'RouterLink' is defined but never used             no-unused-vars
  Line 35:30:  'Redirect' is defined but never used               no-unused-vars
  Line 35:40:  'Route' is defined but never used                  no-unused-vars
  Line 35:47:  'Switch' is defined but never used                 no-unused-vars
  Line 36:10:  'withStyles' is defined but never used             no-unused-vars
  Line 36:22:  'makeStyles' is defined but never used             no-unused-vars
  Line 48:18:  Expected to return a value in arrow function       array-callback-return

./src/basic-components/Kafka/MembersPanel.js
  Line 16:17:  'forwardRef' is defined but never used          no-unused-vars
  Line 21:7:   'clusterId' is assigned a value but never used  no-unused-vars
  Line 29:19:  Expected to return a value in arrow function    array-callback-return

./src/basic-components/Homepage.js
  Line 16:17:  'useEffect' is defined but never used  no-unused-vars

./src/basic-components/Dashboard.js
  Line 18:3:   'Container' is defined but never used           no-unused-vars
  Line 20:3:   'Button' is defined but never used              no-unused-vars
  Line 21:3:   'Chip' is defined but never used                no-unused-vars
  Line 22:3:   'Paper' is defined but never used               no-unused-vars
  Line 24:3:   'Divider' is defined but never used             no-unused-vars
  Line 25:3:   'Box' is defined but never used                 no-unused-vars
  Line 27:8:   'Chart' is defined but never used               no-unused-vars
  Line 28:18:  'RouterLink' is defined but never used          no-unused-vars
  Line 28:30:  'Redirect' is defined but never used            no-unused-vars
  Line 28:40:  'Route' is defined but never used               no-unused-vars
  Line 28:47:  'Switch' is defined but never used              no-unused-vars
  Line 31:7:   'numb' is assigned a value but never used       no-unused-vars
  Line 33:7:   'useStyles' is assigned a value but never used  no-unused-vars
  Line 77:15:  Expected to return a value in arrow function    array-callback-return

./src/basic-components/Commons/PropsTable.js
  Line 18:3:  'Container' is defined but never used              no-unused-vars
  Line 19:3:  'Typography' is defined but never used             no-unused-vars
  Line 20:3:  'Button' is defined but never used                 no-unused-vars
  Line 21:3:  'Chip' is defined but never used                   no-unused-vars
  Line 22:3:  'Paper' is defined but never used                  no-unused-vars
  Line 23:3:  'Grid' is defined but never used                   no-unused-vars
  Line 24:3:  'Table' is defined but never used                  no-unused-vars
  Line 25:3:  'TableBody' is defined but never used              no-unused-vars
  Line 26:3:  'TableCell' is defined but never used              no-unused-vars
  Line 27:3:  'TableContainer' is defined but never used         no-unused-vars
  Line 28:3:  'TableHead' is defined but never used              no-unused-vars
  Line 29:3:  'TablePagination' is defined but never used        no-unused-vars
  Line 30:3:  'TableRow' is defined but never used               no-unused-vars
  Line 31:3:  'ExpansionPanelActions' is defined but never used  no-unused-vars
  Line 32:3:  'Divider' is defined but never used                no-unused-vars
  Line 44:9:  'classes' is assigned a value but never used       no-unused-vars

./src/basic-components/Summary.js
  Line 18:8:   'Chart' is defined but never used       no-unused-vars
  Line 20:10:  'makeStyles' is defined but never used  no-unused-vars
  Line 21:8:   'AlertPanel' is defined but never used  no-unused-vars

./src/basic-components/Kafka/KafkaTopic.js
  Line 19:10:   'makeStyles' is defined but never used        no-unused-vars
  Line 147:22:  Expected to return a value in arrow function  array-callback-return
  Line 207:10:  Expected '!==' and instead saw '!='           eqeqeq

./src/basic-components/Kafka/KafkaNode.js
  Line 19:10:   'makeStyles' is defined but never used        no-unused-vars
  Line 151:34:  Expected to return a value in arrow function  array-callback-return
  Line 188:10:  Expected '!==' and instead saw '!='           eqeqeq

./src/basic-components/Alerts.js
  Line 19:3:  'ExpansionPanelSummary' is defined but never used  no-unused-vars
  Line 20:3:  'ExpansionPanelDetails' is defined but never used  no-unused-vars
  Line 21:3:  'ExpansionPanel' is defined but never used         no-unused-vars
  Line 22:3:  'Grid' is defined but never used                   no-unused-vars
  Line 23:3:  'Chip' is defined but never used                   no-unused-vars
  Line 24:3:  'Typography' is defined but never used             no-unused-vars
  Line 25:3:  'ExpansionPanelActions' is defined but never used  no-unused-vars
  Line 26:3:  'Divider' is defined but never used                no-unused-vars
  Line 27:3:  'Button' is defined but never used                 no-unused-vars

./src/basic-components/Kafka/Brokersets.js
  Line 20:8:  'CreateTopicPanel' is defined but never used  no-unused-vars

./src/basic-components/MemQ/MemqService.js
  Line 22:8:  'ConsumerGroups' is defined but never used      no-unused-vars
  Line 24:7:  'useStyles' is assigned a value but never used  no-unused-vars

./src/basic-components/Kafka/KafkaService.js
  Line 24:7:  'useStyles' is assigned a value but never used  no-unused-vars

./src/basic-components/Service.js
  Line 25:3:  Expected a default case  default-case

./src/basic-components/MemQ/MemqTopic.js
  Line 27:10:   'makeStyles' is defined but never used        no-unused-vars
  Line 102:10:  'getBrokerset' is defined but never used      no-unused-vars
  Line 160:26:  Expected to return a value in arrow function  array-callback-return
  Line 198:26:  Expected to return a value in arrow function  array-callback-return
  Line 251:10:  Expected '!==' and instead saw '!='           eqeqeq
  Line 256:10:  'bytesToGB' is defined but never used         no-unused-vars

./src/basic-components/HBase/HBaseNode.js
  Line 27:10:   'makeStyles' is defined but never used        no-unused-vars
  Line 165:18:  Expected to return a value in arrow function  array-callback-return
  Line 183:10:  'nodeToLink' is defined but never used        no-unused-vars
  Line 191:10:  Expected '!==' and instead saw '!='           eqeqeq

./src/basic-components/MemQ/MemqNode.js
  Line 27:10:   'makeStyles' is defined but never used  no-unused-vars
  Line 140:10:  'nodeToLink' is defined but never used  no-unused-vars
  Line 148:10:  Expected '!==' and instead saw '!='     eqeqeq

./src/basic-components/GlobalSensors.js
  Line 27:8:  'ErrorIcon' is defined but never used  no-unused-vars

./src/basic-components/AlertPanel.js
  Line 28:3:  'Paper' is defined but never used  no-unused-vars

./src/basic-components/Nodes.js
  Line 301:13:  'nodeType' is assigned a value but never used  no-unused-vars

./src/basic-components/Cluster.js
  Line 37:10:  'BuildRounded' is defined but never used  no-unused-vars

./src/basic-components/Layout.js
  Line 38:8:  'Summary' is defined but never used  no-unused-vars

./src/basic-components/Kafka/ConsumerGroups.js
  Line 50:16:  Expected to return a value in arrow function  array-callback-return

./src/basic-components/Utilization.js
  Line 74:41:   Expected '===' and instead saw '=='  eqeqeq
  Line 166:13:  'topic' is already defined           no-redeclare
  Line 167:13:  'cost' is already defined            no-redeclare

Search for the keywords to learn more about each warning.
To ignore, add // eslint-disable-next-line to the line before.

File sizes after gzip:

  567.46 KB  build/static/js/2.5940c978.chunk.js
  20.54 KB   build/static/js/main.ea200cf9.chunk.js
  10.66 KB   build/static/css/2.a468aa9d.chunk.css
  1.43 KB    build/static/js/4.576599f3.chunk.js
  1.22 KB    build/static/js/3.24caa9e8.chunk.js
  1.19 KB    build/static/js/runtime-main.ddbb508f.js
  1.05 KB    build/static/js/5.05322291.chunk.js
  449 B      build/static/css/main.de0b0e2d.chunk.css

The project was built assuming it is hosted at /.
You can control this with the homepage field in your package.json.

The build folder is ready to be deployed.
You may serve it with a static server:

  npm install -g serve
  serve -s build

Find out more about deployment here:

  bit.ly/CRA-deploy

[INFO] 
[INFO] --- maven-resources-plugin:2.6:resources (default-resources) @ orion-server ---
[INFO] Using 'UTF-8' encoding to copy filtered resources.
[INFO] Copying 102 resources
[INFO] 
[INFO] --- maven-compiler-plugin:3.7.0:compile (default-compile) @ orion-server ---
[INFO] Changes detected - recompiling the module!
[INFO] Compiling 176 source files to /home/gabsko/breaking-updates/orion-server/target/classes
[INFO] /home/gabsko/breaking-updates/orion-server/src/main/java/com/pinterest/orion/core/configs/PluginFactory.java: Some input files use or override a deprecated API.
[INFO] /home/gabsko/breaking-updates/orion-server/src/main/java/com/pinterest/orion/core/configs/PluginFactory.java: Recompile with -Xlint:deprecation for details.
[INFO] /home/gabsko/breaking-updates/orion-server/src/main/java/com/pinterest/orion/core/kafka/TopicAssignment.java: Some input files use unchecked or unsafe operations.
[INFO] /home/gabsko/breaking-updates/orion-server/src/main/java/com/pinterest/orion/core/kafka/TopicAssignment.java: Recompile with -Xlint:unchecked for details.
[INFO] 
[INFO] --- maven-resources-plugin:2.6:testResources (default-testResources) @ orion-server ---
[INFO] Using 'UTF-8' encoding to copy filtered resources.
[INFO] Copying 1 resource
[INFO] 
[INFO] --- maven-compiler-plugin:3.7.0:testCompile (default-testCompile) @ orion-server ---
[INFO] Changes detected - recompiling the module!
[INFO] Compiling 8 source files to /home/gabsko/breaking-updates/orion-server/target/test-classes
[INFO] /home/gabsko/breaking-updates/orion-server/src/test/java/com/pinterest/orion/server/OrionConfTest.java: /home/gabsko/breaking-updates/orion-server/src/test/java/com/pinterest/orion/server/OrionConfTest.java uses unchecked or unsafe operations.
[INFO] /home/gabsko/breaking-updates/orion-server/src/test/java/com/pinterest/orion/server/OrionConfTest.java: Recompile with -Xlint:unchecked for details.
[INFO] 
[INFO] --- maven-surefire-plugin:2.12.4:test (default-test) @ orion-server ---
[INFO] Surefire report directory: /home/gabsko/breaking-updates/orion-server/target/surefire-reports

-------------------------------------------------------
 T E S T S
-------------------------------------------------------
Running com.pinterest.orion.core.actions.kafka.TestConcurrentKafkaAction
Feb 07, 2023 12:18:46 PM com.pinterest.orion.core.actions.generic.ConcurrentAction generateChildActions
INFO: Remaining nodes: [1, 3, 4] current nodes: [0, 2, 5]
Feb 07, 2023 12:18:56 PM com.pinterest.orion.core.actions.generic.ConcurrentAction generateChildActions
INFO: Remaining nodes: [3, 4] current nodes: [1]
Feb 07, 2023 12:19:06 PM com.pinterest.orion.core.actions.generic.ConcurrentAction generateChildActions
INFO: Remaining nodes: [4] current nodes: [3]
Feb 07, 2023 12:19:16 PM com.pinterest.orion.core.actions.generic.ConcurrentAction generateChildActions
INFO: Remaining nodes: [] current nodes: [4]
Feb 07, 2023 12:19:26 PM com.pinterest.orion.core.actions.ActionEngine alert
SEVERE: Failed to send alert
java.lang.NullPointerException
	at com.pinterest.orion.core.actions.ActionEngine.alert(ActionEngine.java:160)
	at com.pinterest.orion.core.actions.generic.ConcurrentAction.runAction(ConcurrentAction.java:136)
	at com.pinterest.orion.core.actions.Action.run(Action.java:88)
	at java.base/java.util.concurrent.Executors$RunnableAdapter.call(Executors.java:515)
	at java.base/java.util.concurrent.FutureTask.run(FutureTask.java:264)
	at java.base/java.util.concurrent.ThreadPoolExecutor.runWorker(ThreadPoolExecutor.java:1128)
	at java.base/java.util.concurrent.ThreadPoolExecutor$Worker.run(ThreadPoolExecutor.java:628)
	at java.base/java.lang.Thread.run(Thread.java:829)

Feb 07, 2023 12:19:27 PM com.pinterest.orion.core.actions.generic.ConcurrentAction generateChildActions
INFO: Remaining nodes: [1, 3, 4] current nodes: [0, 2, 5]
Feb 07, 2023 12:19:37 PM com.pinterest.orion.core.actions.generic.ConcurrentAction generateChildActions
INFO: Remaining nodes: [3, 4] current nodes: [1]
Feb 07, 2023 12:19:47 PM com.pinterest.orion.core.actions.generic.ConcurrentAction generateChildActions
INFO: Remaining nodes: [4] current nodes: [3]
Feb 07, 2023 12:19:57 PM com.pinterest.orion.core.actions.generic.ConcurrentAction generateChildActions
INFO: Remaining nodes: [] current nodes: [4]
Feb 07, 2023 12:20:07 PM com.pinterest.orion.core.actions.ActionEngine alert
SEVERE: Failed to send alert
java.lang.NullPointerException
	at com.pinterest.orion.core.actions.ActionEngine.alert(ActionEngine.java:160)
	at com.pinterest.orion.core.actions.generic.ConcurrentAction.runAction(ConcurrentAction.java:136)
	at com.pinterest.orion.core.actions.Action.run(Action.java:88)
	at java.base/java.util.concurrent.Executors$RunnableAdapter.call(Executors.java:515)
	at java.base/java.util.concurrent.FutureTask.run(FutureTask.java:264)
	at java.base/java.util.concurrent.ThreadPoolExecutor.runWorker(ThreadPoolExecutor.java:1128)
	at java.base/java.util.concurrent.ThreadPoolExecutor$Worker.run(ThreadPoolExecutor.java:628)
	at java.base/java.lang.Thread.run(Thread.java:829)

Feb 07, 2023 12:20:08 PM com.pinterest.orion.core.actions.generic.ConcurrentAction generateChildActions
INFO: Remaining nodes: [1, 3, 4] current nodes: [0, 2, 5]
Feb 07, 2023 12:20:13 PM com.pinterest.orion.core.actions.ActionEngine alert
SEVERE: Failed to send alert
java.lang.NullPointerException
	at com.pinterest.orion.core.actions.ActionEngine.alert(ActionEngine.java:160)
	at com.pinterest.orion.core.actions.generic.ConcurrentAction.handleFailure(ConcurrentAction.java:246)
	at com.pinterest.orion.core.actions.kafka.TestConcurrentKafkaAction$TestConcurrentFailableNoOpAction.handleFailure(TestConcurrentKafkaAction.java:426)
	at com.pinterest.orion.core.actions.generic.ConcurrentAction.processCurrentActionsAndGenerateCover(ConcurrentAction.java:167)
	at com.pinterest.orion.core.actions.generic.ConcurrentAction.runAction(ConcurrentAction.java:117)
	at com.pinterest.orion.core.actions.Action.run(Action.java:88)
	at java.base/java.util.concurrent.Executors$RunnableAdapter.call(Executors.java:515)
	at java.base/java.util.concurrent.FutureTask.run(FutureTask.java:264)
	at java.base/java.util.concurrent.ThreadPoolExecutor.runWorker(ThreadPoolExecutor.java:1128)
	at java.base/java.util.concurrent.ThreadPoolExecutor$Worker.run(ThreadPoolExecutor.java:628)
	at java.base/java.lang.Thread.run(Thread.java:829)

Feb 07, 2023 12:20:18 PM com.pinterest.orion.core.actions.ActionEngine alert
SEVERE: Failed to send alert
java.lang.NullPointerException
	at com.pinterest.orion.core.actions.ActionEngine.alert(ActionEngine.java:160)
	at com.pinterest.orion.core.actions.generic.ConcurrentAction.handleFailure(ConcurrentAction.java:285)
	at com.pinterest.orion.core.actions.kafka.TestConcurrentKafkaAction$TestConcurrentFailableNoOpAction.handleFailure(TestConcurrentKafkaAction.java:426)
	at com.pinterest.orion.core.actions.generic.ConcurrentAction.processCurrentActionsAndGenerateCover(ConcurrentAction.java:167)
	at com.pinterest.orion.core.actions.generic.ConcurrentAction.runAction(ConcurrentAction.java:117)
	at com.pinterest.orion.core.actions.Action.run(Action.java:88)
	at java.base/java.util.concurrent.Executors$RunnableAdapter.call(Executors.java:515)
	at java.base/java.util.concurrent.FutureTask.run(FutureTask.java:264)
	at java.base/java.util.concurrent.ThreadPoolExecutor.runWorker(ThreadPoolExecutor.java:1128)
	at java.base/java.util.concurrent.ThreadPoolExecutor$Worker.run(ThreadPoolExecutor.java:628)
	at java.base/java.lang.Thread.run(Thread.java:829)

Feb 07, 2023 12:20:29 PM com.pinterest.orion.core.actions.generic.ConcurrentAction generateChildActions
INFO: Remaining nodes: [1, 3, 4] current nodes: [0, 2, 5]
Feb 07, 2023 12:20:39 PM com.pinterest.orion.core.actions.generic.ConcurrentAction generateChildActions
INFO: Remaining nodes: [3, 4] current nodes: [1]
Feb 07, 2023 12:20:49 PM com.pinterest.orion.core.actions.generic.ConcurrentAction generateChildActions
INFO: Remaining nodes: [4] current nodes: [3]
Feb 07, 2023 12:20:59 PM com.pinterest.orion.core.actions.generic.ConcurrentAction generateChildActions
INFO: Remaining nodes: [] current nodes: [4]
Feb 07, 2023 12:21:09 PM com.pinterest.orion.core.actions.ActionEngine alert
SEVERE: Failed to send alert
java.lang.NullPointerException
	at com.pinterest.orion.core.actions.ActionEngine.alert(ActionEngine.java:160)
	at com.pinterest.orion.core.actions.generic.ConcurrentAction.runAction(ConcurrentAction.java:136)
	at com.pinterest.orion.core.actions.Action.run(Action.java:88)
	at java.base/java.util.concurrent.Executors$RunnableAdapter.call(Executors.java:515)
	at java.base/java.util.concurrent.FutureTask.run(FutureTask.java:264)
	at java.base/java.util.concurrent.ThreadPoolExecutor.runWorker(ThreadPoolExecutor.java:1128)
	at java.base/java.util.concurrent.ThreadPoolExecutor$Worker.run(ThreadPoolExecutor.java:628)
	at java.base/java.lang.Thread.run(Thread.java:829)

Feb 07, 2023 12:21:10 PM com.pinterest.orion.core.actions.generic.ConcurrentAction generateChildActions
INFO: Remaining nodes: [1, 3, 4] current nodes: [0, 2, 5]
Feb 07, 2023 12:21:20 PM com.pinterest.orion.core.actions.generic.ConcurrentAction generateChildActions
INFO: Remaining nodes: [3, 4] current nodes: [1]
Feb 07, 2023 12:21:30 PM com.pinterest.orion.core.actions.ActionEngine alert
SEVERE: Failed to send alert
java.lang.NullPointerException
	at com.pinterest.orion.core.actions.ActionEngine.alert(ActionEngine.java:160)
	at com.pinterest.orion.core.actions.generic.ConcurrentAction.handleFailure(ConcurrentAction.java:246)
	at com.pinterest.orion.core.actions.kafka.TestConcurrentKafkaAction$TestConcurrentFailableNoOpAction.handleFailure(TestConcurrentKafkaAction.java:426)
	at com.pinterest.orion.core.actions.generic.ConcurrentAction.processCurrentActionsAndGenerateCover(ConcurrentAction.java:167)
	at com.pinterest.orion.core.actions.generic.ConcurrentAction.runAction(ConcurrentAction.java:117)
	at com.pinterest.orion.core.actions.Action.run(Action.java:88)
	at java.base/java.util.concurrent.Executors$RunnableAdapter.call(Executors.java:515)
	at java.base/java.util.concurrent.FutureTask.run(FutureTask.java:264)
	at java.base/java.util.concurrent.ThreadPoolExecutor.runWorker(ThreadPoolExecutor.java:1128)
	at java.base/java.util.concurrent.ThreadPoolExecutor$Worker.run(ThreadPoolExecutor.java:628)
	at java.base/java.lang.Thread.run(Thread.java:829)

Feb 07, 2023 12:21:30 PM com.pinterest.orion.core.actions.ActionEngine alert
SEVERE: Failed to send alert
java.lang.NullPointerException
	at com.pinterest.orion.core.actions.ActionEngine.alert(ActionEngine.java:160)
	at com.pinterest.orion.core.actions.generic.ConcurrentAction.handleFailure(ConcurrentAction.java:285)
	at com.pinterest.orion.core.actions.kafka.TestConcurrentKafkaAction$TestConcurrentFailableNoOpAction.handleFailure(TestConcurrentKafkaAction.java:426)
	at com.pinterest.orion.core.actions.generic.ConcurrentAction.processCurrentActionsAndGenerateCover(ConcurrentAction.java:167)
	at com.pinterest.orion.core.actions.generic.ConcurrentAction.runAction(ConcurrentAction.java:117)
	at com.pinterest.orion.core.actions.Action.run(Action.java:88)
	at java.base/java.util.concurrent.Executors$RunnableAdapter.call(Executors.java:515)
	at java.base/java.util.concurrent.FutureTask.run(FutureTask.java:264)
	at java.base/java.util.concurrent.ThreadPoolExecutor.runWorker(ThreadPoolExecutor.java:1128)
	at java.base/java.util.concurrent.ThreadPoolExecutor$Worker.run(ThreadPoolExecutor.java:628)
	at java.base/java.lang.Thread.run(Thread.java:829)

Tests run: 9, Failures: 0, Errors: 0, Skipped: 0, Time elapsed: 165.537 sec
Running com.pinterest.orion.core.actions.TestAction
Tests run: 1, Failures: 0, Errors: 0, Skipped: 0, Time elapsed: 0.007 sec
Running com.pinterest.orion.core.automation.sensor.kafka.KafkaClusterInfoSensorTest
Tests run: 8, Failures: 4, Errors: 3, Skipped: 0, Time elapsed: 0.161 sec <<< FAILURE!
whenMissingFieldsInJson(com.pinterest.orion.core.automation.sensor.kafka.KafkaClusterInfoSensorTest)  Time elapsed: 0.129 sec  <<< FAILURE!
java.lang.AssertionError: unexpected exception type thrown; expected:<java.io.IOException> but was:<java.lang.NoClassDefFoundError>
	at org.junit.Assert.assertThrows(Assert.java:1020)
	at org.junit.Assert.assertThrows(Assert.java:981)
	at com.pinterest.orion.core.automation.sensor.kafka.KafkaClusterInfoSensorTest.whenMissingFieldsInJson(KafkaClusterInfoSensorTest.java:88)
	at java.base/jdk.internal.reflect.NativeMethodAccessorImpl.invoke0(Native Method)
	at java.base/jdk.internal.reflect.NativeMethodAccessorImpl.invoke(NativeMethodAccessorImpl.java:62)
	at java.base/jdk.internal.reflect.DelegatingMethodAccessorImpl.invoke(DelegatingMethodAccessorImpl.java:43)
	at java.base/java.lang.reflect.Method.invoke(Method.java:566)
	at org.junit.runners.model.FrameworkMethod$1.runReflectiveCall(FrameworkMethod.java:59)
	at org.junit.internal.runners.model.ReflectiveCallable.run(ReflectiveCallable.java:12)
	at org.junit.runners.model.FrameworkMethod.invokeExplosively(FrameworkMethod.java:56)
	at org.junit.internal.runners.statements.InvokeMethod.evaluate(InvokeMethod.java:17)
	at org.junit.runners.ParentRunner$3.evaluate(ParentRunner.java:306)
	at org.junit.runners.BlockJUnit4ClassRunner$1.evaluate(BlockJUnit4ClassRunner.java:100)
	at org.junit.runners.ParentRunner.runLeaf(ParentRunner.java:366)
	at org.junit.runners.BlockJUnit4ClassRunner.runChild(BlockJUnit4ClassRunner.java:103)
	at org.junit.runners.BlockJUnit4ClassRunner.runChild(BlockJUnit4ClassRunner.java:63)
	at org.junit.runners.ParentRunner$4.run(ParentRunner.java:331)
	at org.junit.runners.ParentRunner$1.schedule(ParentRunner.java:79)
	at org.junit.runners.ParentRunner.runChildren(ParentRunner.java:329)
	at org.junit.runners.ParentRunner.access$100(ParentRunner.java:66)
	at org.junit.runners.ParentRunner$2.evaluate(ParentRunner.java:293)
	at org.junit.runners.ParentRunner$3.evaluate(ParentRunner.java:306)
	at org.junit.runners.ParentRunner.run(ParentRunner.java:413)
	at org.apache.maven.surefire.junit4.JUnit4Provider.execute(JUnit4Provider.java:252)
	at org.apache.maven.surefire.junit4.JUnit4Provider.executeTestSet(JUnit4Provider.java:141)
	at org.apache.maven.surefire.junit4.JUnit4Provider.invoke(JUnit4Provider.java:112)
	at java.base/jdk.internal.reflect.NativeMethodAccessorImpl.invoke0(Native Method)
	at java.base/jdk.internal.reflect.NativeMethodAccessorImpl.invoke(NativeMethodAccessorImpl.java:62)
	at java.base/jdk.internal.reflect.DelegatingMethodAccessorImpl.invoke(DelegatingMethodAccessorImpl.java:43)
	at java.base/java.lang.reflect.Method.invoke(Method.java:566)
	at org.apache.maven.surefire.util.ReflectionUtils.invokeMethodWithArray(ReflectionUtils.java:189)
	at org.apache.maven.surefire.booter.ProviderFactory$ProviderProxy.invoke(ProviderFactory.java:165)
	at org.apache.maven.surefire.booter.ProviderFactory.invokeProvider(ProviderFactory.java:85)
	at org.apache.maven.surefire.booter.ForkedBooter.runSuitesInProcess(ForkedBooter.java:115)
	at org.apache.maven.surefire.booter.ForkedBooter.main(ForkedBooter.java:75)
Caused by: java.lang.NoClassDefFoundError: com/fasterxml/jackson/annotation/JsonKey
	at com.fasterxml.jackson.databind.introspect.JacksonAnnotationIntrospector.hasAsKey(JacksonAnnotationIntrospector.java:1080)
	at com.fasterxml.jackson.databind.introspect.POJOPropertiesCollector._addFields(POJOPropertiesCollector.java:495)
	at com.fasterxml.jackson.databind.introspect.POJOPropertiesCollector.collectAll(POJOPropertiesCollector.java:421)
	at com.fasterxml.jackson.databind.introspect.POJOPropertiesCollector.getPropertyMap(POJOPropertiesCollector.java:386)
	at com.fasterxml.jackson.databind.introspect.POJOPropertiesCollector.getProperties(POJOPropertiesCollector.java:233)
	at com.fasterxml.jackson.databind.introspect.BasicBeanDescription._properties(BasicBeanDescription.java:164)
	at com.fasterxml.jackson.databind.introspect.BasicBeanDescription.findProperties(BasicBeanDescription.java:239)
	at com.fasterxml.jackson.databind.deser.BasicDeserializerFactory._findCreatorsFromProperties(BasicDeserializerFactory.java:328)
	at com.fasterxml.jackson.databind.deser.BasicDeserializerFactory._constructDefaultValueInstantiator(BasicDeserializerFactory.java:272)
	at com.fasterxml.jackson.databind.deser.BasicDeserializerFactory.findValueInstantiator(BasicDeserializerFactory.java:223)
	at com.fasterxml.jackson.databind.deser.BeanDeserializerFactory.buildBeanDeserializer(BeanDeserializerFactory.java:261)
	at com.fasterxml.jackson.databind.deser.BeanDeserializerFactory.createBeanDeserializer(BeanDeserializerFactory.java:150)
	at com.fasterxml.jackson.databind.deser.DeserializerCache._createDeserializer2(DeserializerCache.java:414)
	at com.fasterxml.jackson.databind.deser.DeserializerCache._createDeserializer(DeserializerCache.java:349)
	at com.fasterxml.jackson.databind.deser.DeserializerCache._createAndCache2(DeserializerCache.java:264)
	at com.fasterxml.jackson.databind.deser.DeserializerCache._createAndCacheValueDeserializer(DeserializerCache.java:244)
	at com.fasterxml.jackson.databind.deser.DeserializerCache.findValueDeserializer(DeserializerCache.java:142)
	at com.fasterxml.jackson.databind.DeserializationContext.findContextualValueDeserializer(DeserializationContext.java:558)
	at com.fasterxml.jackson.databind.deser.std.CollectionDeserializer.createContextual(CollectionDeserializer.java:188)
	at com.fasterxml.jackson.databind.deser.std.CollectionDeserializer.createContextual(CollectionDeserializer.java:28)
	at com.fasterxml.jackson.databind.DeserializationContext.handleSecondaryContextualization(DeserializationContext.java:796)
	at com.fasterxml.jackson.databind.DeserializationContext.findRootValueDeserializer(DeserializationContext.java:596)
	at com.fasterxml.jackson.databind.ObjectMapper._findRootDeserializer(ObjectMapper.java:4733)
	at com.fasterxml.jackson.databind.ObjectMapper._readMapAndClose(ObjectMapper.java:4594)
	at com.fasterxml.jackson.databind.ObjectMapper.readValue(ObjectMapper.java:3433)
	at com.pinterest.orion.core.automation.sensor.kafka.KafkaClusterInfoSensor.jsonfileToObject(KafkaClusterInfoSensor.java:143)
	at com.pinterest.orion.core.automation.sensor.kafka.KafkaClusterInfoSensor.loadBrokersetsFromFile(KafkaClusterInfoSensor.java:104)
	at com.pinterest.orion.core.automation.sensor.kafka.KafkaClusterInfoSensorTest.lambda$whenMissingFieldsInJson$3(KafkaClusterInfoSensorTest.java:89)
	at org.junit.Assert.assertThrows(Assert.java:1001)
	... 34 more
Caused by: java.lang.ClassNotFoundException: com.fasterxml.jackson.annotation.JsonKey
	at java.base/jdk.internal.loader.BuiltinClassLoader.loadClass(BuiltinClassLoader.java:581)
	at java.base/jdk.internal.loader.ClassLoaders$AppClassLoader.loadClass(ClassLoaders.java:178)
	at java.base/java.lang.ClassLoader.loadClass(ClassLoader.java:522)
	... 63 more

whenMissingAllFieldsInJson(com.pinterest.orion.core.automation.sensor.kafka.KafkaClusterInfoSensorTest)  Time elapsed: 0 sec  <<< FAILURE!
java.lang.AssertionError: unexpected exception type thrown; expected:<java.io.IOException> but was:<java.lang.NoClassDefFoundError>
	at org.junit.Assert.assertThrows(Assert.java:1020)
	at org.junit.Assert.assertThrows(Assert.java:981)
	at com.pinterest.orion.core.automation.sensor.kafka.KafkaClusterInfoSensorTest.whenMissingAllFieldsInJson(KafkaClusterInfoSensorTest.java:99)
	at java.base/jdk.internal.reflect.NativeMethodAccessorImpl.invoke0(Native Method)
	at java.base/jdk.internal.reflect.NativeMethodAccessorImpl.invoke(NativeMethodAccessorImpl.java:62)
	at java.base/jdk.internal.reflect.DelegatingMethodAccessorImpl.invoke(DelegatingMethodAccessorImpl.java:43)
	at java.base/java.lang.reflect.Method.invoke(Method.java:566)
	at org.junit.runners.model.FrameworkMethod$1.runReflectiveCall(FrameworkMethod.java:59)
	at org.junit.internal.runners.model.ReflectiveCallable.run(ReflectiveCallable.java:12)
	at org.junit.runners.model.FrameworkMethod.invokeExplosively(FrameworkMethod.java:56)
	at org.junit.internal.runners.statements.InvokeMethod.evaluate(InvokeMethod.java:17)
	at org.junit.runners.ParentRunner$3.evaluate(ParentRunner.java:306)
	at org.junit.runners.BlockJUnit4ClassRunner$1.evaluate(BlockJUnit4ClassRunner.java:100)
	at org.junit.runners.ParentRunner.runLeaf(ParentRunner.java:366)
	at org.junit.runners.BlockJUnit4ClassRunner.runChild(BlockJUnit4ClassRunner.java:103)
	at org.junit.runners.BlockJUnit4ClassRunner.runChild(BlockJUnit4ClassRunner.java:63)
	at org.junit.runners.ParentRunner$4.run(ParentRunner.java:331)
	at org.junit.runners.ParentRunner$1.schedule(ParentRunner.java:79)
	at org.junit.runners.ParentRunner.runChildren(ParentRunner.java:329)
	at org.junit.runners.ParentRunner.access$100(ParentRunner.java:66)
	at org.junit.runners.ParentRunner$2.evaluate(ParentRunner.java:293)
	at org.junit.runners.ParentRunner$3.evaluate(ParentRunner.java:306)
	at org.junit.runners.ParentRunner.run(ParentRunner.java:413)
	at org.apache.maven.surefire.junit4.JUnit4Provider.execute(JUnit4Provider.java:252)
	at org.apache.maven.surefire.junit4.JUnit4Provider.executeTestSet(JUnit4Provider.java:141)
	at org.apache.maven.surefire.junit4.JUnit4Provider.invoke(JUnit4Provider.java:112)
	at java.base/jdk.internal.reflect.NativeMethodAccessorImpl.invoke0(Native Method)
	at java.base/jdk.internal.reflect.NativeMethodAccessorImpl.invoke(NativeMethodAccessorImpl.java:62)
	at java.base/jdk.internal.reflect.DelegatingMethodAccessorImpl.invoke(DelegatingMethodAccessorImpl.java:43)
	at java.base/java.lang.reflect.Method.invoke(Method.java:566)
	at org.apache.maven.surefire.util.ReflectionUtils.invokeMethodWithArray(ReflectionUtils.java:189)
	at org.apache.maven.surefire.booter.ProviderFactory$ProviderProxy.invoke(ProviderFactory.java:165)
	at org.apache.maven.surefire.booter.ProviderFactory.invokeProvider(ProviderFactory.java:85)
	at org.apache.maven.surefire.booter.ForkedBooter.runSuitesInProcess(ForkedBooter.java:115)
	at org.apache.maven.surefire.booter.ForkedBooter.main(ForkedBooter.java:75)
Caused by: java.lang.NoClassDefFoundError: com/fasterxml/jackson/annotation/JsonKey
	at com.fasterxml.jackson.databind.introspect.JacksonAnnotationIntrospector.hasAsKey(JacksonAnnotationIntrospector.java:1080)
	at com.fasterxml.jackson.databind.introspect.POJOPropertiesCollector._addFields(POJOPropertiesCollector.java:495)
	at com.fasterxml.jackson.databind.introspect.POJOPropertiesCollector.collectAll(POJOPropertiesCollector.java:421)
	at com.fasterxml.jackson.databind.introspect.POJOPropertiesCollector.getPropertyMap(POJOPropertiesCollector.java:386)
	at com.fasterxml.jackson.databind.introspect.POJOPropertiesCollector.getProperties(POJOPropertiesCollector.java:233)
	at com.fasterxml.jackson.databind.introspect.BasicBeanDescription._properties(BasicBeanDescription.java:164)
	at com.fasterxml.jackson.databind.introspect.BasicBeanDescription.findProperties(BasicBeanDescription.java:239)
	at com.fasterxml.jackson.databind.deser.BasicDeserializerFactory._findCreatorsFromProperties(BasicDeserializerFactory.java:328)
	at com.fasterxml.jackson.databind.deser.BasicDeserializerFactory._constructDefaultValueInstantiator(BasicDeserializerFactory.java:272)
	at com.fasterxml.jackson.databind.deser.BasicDeserializerFactory.findValueInstantiator(BasicDeserializerFactory.java:223)
	at com.fasterxml.jackson.databind.deser.BeanDeserializerFactory.buildBeanDeserializer(BeanDeserializerFactory.java:261)
	at com.fasterxml.jackson.databind.deser.BeanDeserializerFactory.createBeanDeserializer(BeanDeserializerFactory.java:150)
	at com.fasterxml.jackson.databind.deser.DeserializerCache._createDeserializer2(DeserializerCache.java:414)
	at com.fasterxml.jackson.databind.deser.DeserializerCache._createDeserializer(DeserializerCache.java:349)
	at com.fasterxml.jackson.databind.deser.DeserializerCache._createAndCache2(DeserializerCache.java:264)
	at com.fasterxml.jackson.databind.deser.DeserializerCache._createAndCacheValueDeserializer(DeserializerCache.java:244)
	at com.fasterxml.jackson.databind.deser.DeserializerCache.findValueDeserializer(DeserializerCache.java:142)
	at com.fasterxml.jackson.databind.DeserializationContext.findContextualValueDeserializer(DeserializationContext.java:558)
	at com.fasterxml.jackson.databind.deser.std.CollectionDeserializer.createContextual(CollectionDeserializer.java:188)
	at com.fasterxml.jackson.databind.deser.std.CollectionDeserializer.createContextual(CollectionDeserializer.java:28)
	at com.fasterxml.jackson.databind.DeserializationContext.handleSecondaryContextualization(DeserializationContext.java:796)
	at com.fasterxml.jackson.databind.DeserializationContext.findRootValueDeserializer(DeserializationContext.java:596)
	at com.fasterxml.jackson.databind.ObjectMapper._findRootDeserializer(ObjectMapper.java:4733)
	at com.fasterxml.jackson.databind.ObjectMapper._readMapAndClose(ObjectMapper.java:4594)
	at com.fasterxml.jackson.databind.ObjectMapper.readValue(ObjectMapper.java:3433)
	at com.pinterest.orion.core.automation.sensor.kafka.KafkaClusterInfoSensor.jsonfileToObject(KafkaClusterInfoSensor.java:143)
	at com.pinterest.orion.core.automation.sensor.kafka.KafkaClusterInfoSensor.loadBrokersetsFromFile(KafkaClusterInfoSensor.java:104)
	at com.pinterest.orion.core.automation.sensor.kafka.KafkaClusterInfoSensorTest.lambda$whenMissingAllFieldsInJson$4(KafkaClusterInfoSensorTest.java:100)
	at org.junit.Assert.assertThrows(Assert.java:1001)
	... 34 more

whenLoadingBrokersetWithBadRangeShouldThrow(com.pinterest.orion.core.automation.sensor.kafka.KafkaClusterInfoSensorTest)  Time elapsed: 0.002 sec  <<< FAILURE!
java.lang.AssertionError: unexpected exception type thrown; expected:<java.io.IOException> but was:<java.lang.NoClassDefFoundError>
	at org.junit.Assert.assertThrows(Assert.java:1020)
	at org.junit.Assert.assertThrows(Assert.java:981)
	at com.pinterest.orion.core.automation.sensor.kafka.KafkaClusterInfoSensorTest.whenLoadingBrokersetWithBadRangeShouldThrow(KafkaClusterInfoSensorTest.java:34)
	at java.base/jdk.internal.reflect.NativeMethodAccessorImpl.invoke0(Native Method)
	at java.base/jdk.internal.reflect.NativeMethodAccessorImpl.invoke(NativeMethodAccessorImpl.java:62)
	at java.base/jdk.internal.reflect.DelegatingMethodAccessorImpl.invoke(DelegatingMethodAccessorImpl.java:43)
	at java.base/java.lang.reflect.Method.invoke(Method.java:566)
	at org.junit.runners.model.FrameworkMethod$1.runReflectiveCall(FrameworkMethod.java:59)
	at org.junit.internal.runners.model.ReflectiveCallable.run(ReflectiveCallable.java:12)
	at org.junit.runners.model.FrameworkMethod.invokeExplosively(FrameworkMethod.java:56)
	at org.junit.internal.runners.statements.InvokeMethod.evaluate(InvokeMethod.java:17)
	at org.junit.runners.ParentRunner$3.evaluate(ParentRunner.java:306)
	at org.junit.runners.BlockJUnit4ClassRunner$1.evaluate(BlockJUnit4ClassRunner.java:100)
	at org.junit.runners.ParentRunner.runLeaf(ParentRunner.java:366)
	at org.junit.runners.BlockJUnit4ClassRunner.runChild(BlockJUnit4ClassRunner.java:103)
	at org.junit.runners.BlockJUnit4ClassRunner.runChild(BlockJUnit4ClassRunner.java:63)
	at org.junit.runners.ParentRunner$4.run(ParentRunner.java:331)
	at org.junit.runners.ParentRunner$1.schedule(ParentRunner.java:79)
	at org.junit.runners.ParentRunner.runChildren(ParentRunner.java:329)
	at org.junit.runners.ParentRunner.access$100(ParentRunner.java:66)
	at org.junit.runners.ParentRunner$2.evaluate(ParentRunner.java:293)
	at org.junit.runners.ParentRunner$3.evaluate(ParentRunner.java:306)
	at org.junit.runners.ParentRunner.run(ParentRunner.java:413)
	at org.apache.maven.surefire.junit4.JUnit4Provider.execute(JUnit4Provider.java:252)
	at org.apache.maven.surefire.junit4.JUnit4Provider.executeTestSet(JUnit4Provider.java:141)
	at org.apache.maven.surefire.junit4.JUnit4Provider.invoke(JUnit4Provider.java:112)
	at java.base/jdk.internal.reflect.NativeMethodAccessorImpl.invoke0(Native Method)
	at java.base/jdk.internal.reflect.NativeMethodAccessorImpl.invoke(NativeMethodAccessorImpl.java:62)
	at java.base/jdk.internal.reflect.DelegatingMethodAccessorImpl.invoke(DelegatingMethodAccessorImpl.java:43)
	at java.base/java.lang.reflect.Method.invoke(Method.java:566)
	at org.apache.maven.surefire.util.ReflectionUtils.invokeMethodWithArray(ReflectionUtils.java:189)
	at org.apache.maven.surefire.booter.ProviderFactory$ProviderProxy.invoke(ProviderFactory.java:165)
	at org.apache.maven.surefire.booter.ProviderFactory.invokeProvider(ProviderFactory.java:85)
	at org.apache.maven.surefire.booter.ForkedBooter.runSuitesInProcess(ForkedBooter.java:115)
	at org.apache.maven.surefire.booter.ForkedBooter.main(ForkedBooter.java:75)
Caused by: java.lang.NoClassDefFoundError: com/fasterxml/jackson/annotation/JsonKey
	at com.fasterxml.jackson.databind.introspect.JacksonAnnotationIntrospector.hasAsKey(JacksonAnnotationIntrospector.java:1080)
	at com.fasterxml.jackson.databind.introspect.POJOPropertiesCollector._addFields(POJOPropertiesCollector.java:495)
	at com.fasterxml.jackson.databind.introspect.POJOPropertiesCollector.collectAll(POJOPropertiesCollector.java:421)
	at com.fasterxml.jackson.databind.introspect.POJOPropertiesCollector.getPropertyMap(POJOPropertiesCollector.java:386)
	at com.fasterxml.jackson.databind.introspect.POJOPropertiesCollector.getProperties(POJOPropertiesCollector.java:233)
	at com.fasterxml.jackson.databind.introspect.BasicBeanDescription._properties(BasicBeanDescription.java:164)
	at com.fasterxml.jackson.databind.introspect.BasicBeanDescription.findProperties(BasicBeanDescription.java:239)
	at com.fasterxml.jackson.databind.deser.BasicDeserializerFactory._findCreatorsFromProperties(BasicDeserializerFactory.java:328)
	at com.fasterxml.jackson.databind.deser.BasicDeserializerFactory._constructDefaultValueInstantiator(BasicDeserializerFactory.java:272)
	at com.fasterxml.jackson.databind.deser.BasicDeserializerFactory.findValueInstantiator(BasicDeserializerFactory.java:223)
	at com.fasterxml.jackson.databind.deser.BeanDeserializerFactory.buildBeanDeserializer(BeanDeserializerFactory.java:261)
	at com.fasterxml.jackson.databind.deser.BeanDeserializerFactory.createBeanDeserializer(BeanDeserializerFactory.java:150)
	at com.fasterxml.jackson.databind.deser.DeserializerCache._createDeserializer2(DeserializerCache.java:414)
	at com.fasterxml.jackson.databind.deser.DeserializerCache._createDeserializer(DeserializerCache.java:349)
	at com.fasterxml.jackson.databind.deser.DeserializerCache._createAndCache2(DeserializerCache.java:264)
	at com.fasterxml.jackson.databind.deser.DeserializerCache._createAndCacheValueDeserializer(DeserializerCache.java:244)
	at com.fasterxml.jackson.databind.deser.DeserializerCache.findValueDeserializer(DeserializerCache.java:142)
	at com.fasterxml.jackson.databind.DeserializationContext.findContextualValueDeserializer(DeserializationContext.java:558)
	at com.fasterxml.jackson.databind.deser.std.CollectionDeserializer.createContextual(CollectionDeserializer.java:188)
	at com.fasterxml.jackson.databind.deser.std.CollectionDeserializer.createContextual(CollectionDeserializer.java:28)
	at com.fasterxml.jackson.databind.DeserializationContext.handleSecondaryContextualization(DeserializationContext.java:796)
	at com.fasterxml.jackson.databind.DeserializationContext.findRootValueDeserializer(DeserializationContext.java:596)
	at com.fasterxml.jackson.databind.ObjectMapper._findRootDeserializer(ObjectMapper.java:4733)
	at com.fasterxml.jackson.databind.ObjectMapper._readMapAndClose(ObjectMapper.java:4594)
	at com.fasterxml.jackson.databind.ObjectMapper.readValue(ObjectMapper.java:3433)
	at com.pinterest.orion.core.automation.sensor.kafka.KafkaClusterInfoSensor.jsonfileToObject(KafkaClusterInfoSensor.java:143)
	at com.pinterest.orion.core.automation.sensor.kafka.KafkaClusterInfoSensor.loadBrokersetsFromFile(KafkaClusterInfoSensor.java:104)
	at com.pinterest.orion.core.automation.sensor.kafka.KafkaClusterInfoSensor.loadBrokersetsFromFile(KafkaClusterInfoSensor.java:99)
	at com.pinterest.orion.core.automation.sensor.kafka.KafkaClusterInfoSensorTest.lambda$whenLoadingBrokersetWithBadRangeShouldThrow$1(KafkaClusterInfoSensorTest.java:35)
	at org.junit.Assert.assertThrows(Assert.java:1001)
	... 34 more

whenOverrideIsEmpty(com.pinterest.orion.core.automation.sensor.kafka.KafkaClusterInfoSensorTest)  Time elapsed: 0.001 sec  <<< ERROR!
java.lang.NoClassDefFoundError: com/fasterxml/jackson/annotation/JsonKey
	at com.fasterxml.jackson.databind.introspect.JacksonAnnotationIntrospector.hasAsKey(JacksonAnnotationIntrospector.java:1080)
	at com.fasterxml.jackson.databind.introspect.POJOPropertiesCollector._addFields(POJOPropertiesCollector.java:495)
	at com.fasterxml.jackson.databind.introspect.POJOPropertiesCollector.collectAll(POJOPropertiesCollector.java:421)
	at com.fasterxml.jackson.databind.introspect.POJOPropertiesCollector.getPropertyMap(POJOPropertiesCollector.java:386)
	at com.fasterxml.jackson.databind.introspect.POJOPropertiesCollector.getProperties(POJOPropertiesCollector.java:233)
	at com.fasterxml.jackson.databind.introspect.BasicBeanDescription._properties(BasicBeanDescription.java:164)
	at com.fasterxml.jackson.databind.introspect.BasicBeanDescription.findProperties(BasicBeanDescription.java:239)
	at com.fasterxml.jackson.databind.deser.BasicDeserializerFactory._findCreatorsFromProperties(BasicDeserializerFactory.java:328)
	at com.fasterxml.jackson.databind.deser.BasicDeserializerFactory._constructDefaultValueInstantiator(BasicDeserializerFactory.java:272)
	at com.fasterxml.jackson.databind.deser.BasicDeserializerFactory.findValueInstantiator(BasicDeserializerFactory.java:223)
	at com.fasterxml.jackson.databind.deser.BeanDeserializerFactory.buildBeanDeserializer(BeanDeserializerFactory.java:261)
	at com.fasterxml.jackson.databind.deser.BeanDeserializerFactory.createBeanDeserializer(BeanDeserializerFactory.java:150)
	at com.fasterxml.jackson.databind.deser.DeserializerCache._createDeserializer2(DeserializerCache.java:414)
	at com.fasterxml.jackson.databind.deser.DeserializerCache._createDeserializer(DeserializerCache.java:349)
	at com.fasterxml.jackson.databind.deser.DeserializerCache._createAndCache2(DeserializerCache.java:264)
	at com.fasterxml.jackson.databind.deser.DeserializerCache._createAndCacheValueDeserializer(DeserializerCache.java:244)
	at com.fasterxml.jackson.databind.deser.DeserializerCache.findValueDeserializer(DeserializerCache.java:142)
	at com.fasterxml.jackson.databind.DeserializationContext.findContextualValueDeserializer(DeserializationContext.java:558)
	at com.fasterxml.jackson.databind.deser.std.CollectionDeserializer.createContextual(CollectionDeserializer.java:188)
	at com.fasterxml.jackson.databind.deser.std.CollectionDeserializer.createContextual(CollectionDeserializer.java:28)
	at com.fasterxml.jackson.databind.DeserializationContext.handleSecondaryContextualization(DeserializationContext.java:796)
	at com.fasterxml.jackson.databind.DeserializationContext.findRootValueDeserializer(DeserializationContext.java:596)
	at com.fasterxml.jackson.databind.ObjectMapper._findRootDeserializer(ObjectMapper.java:4733)
	at com.fasterxml.jackson.databind.ObjectMapper._readMapAndClose(ObjectMapper.java:4594)
	at com.fasterxml.jackson.databind.ObjectMapper.readValue(ObjectMapper.java:3433)
	at com.pinterest.orion.core.automation.sensor.kafka.KafkaClusterInfoSensor.jsonfileToObject(KafkaClusterInfoSensor.java:143)
	at com.pinterest.orion.core.automation.sensor.kafka.KafkaClusterInfoSensor.loadBrokersetsFromFile(KafkaClusterInfoSensor.java:104)
	at com.pinterest.orion.core.automation.sensor.kafka.KafkaClusterInfoSensorTest.whenOverrideIsEmpty(KafkaClusterInfoSensorTest.java:109)
	at java.base/jdk.internal.reflect.NativeMethodAccessorImpl.invoke0(Native Method)
	at java.base/jdk.internal.reflect.NativeMethodAccessorImpl.invoke(NativeMethodAccessorImpl.java:62)
	at java.base/jdk.internal.reflect.DelegatingMethodAccessorImpl.invoke(DelegatingMethodAccessorImpl.java:43)
	at java.base/java.lang.reflect.Method.invoke(Method.java:566)
	at org.junit.runners.model.FrameworkMethod$1.runReflectiveCall(FrameworkMethod.java:59)
	at org.junit.internal.runners.model.ReflectiveCallable.run(ReflectiveCallable.java:12)
	at org.junit.runners.model.FrameworkMethod.invokeExplosively(FrameworkMethod.java:56)
	at org.junit.internal.runners.statements.InvokeMethod.evaluate(InvokeMethod.java:17)
	at org.junit.runners.ParentRunner$3.evaluate(ParentRunner.java:306)
	at org.junit.runners.BlockJUnit4ClassRunner$1.evaluate(BlockJUnit4ClassRunner.java:100)
	at org.junit.runners.ParentRunner.runLeaf(ParentRunner.java:366)
	at org.junit.runners.BlockJUnit4ClassRunner.runChild(BlockJUnit4ClassRunner.java:103)
	at org.junit.runners.BlockJUnit4ClassRunner.runChild(BlockJUnit4ClassRunner.java:63)
	at org.junit.runners.ParentRunner$4.run(ParentRunner.java:331)
	at org.junit.runners.ParentRunner$1.schedule(ParentRunner.java:79)
	at org.junit.runners.ParentRunner.runChildren(ParentRunner.java:329)
	at org.junit.runners.ParentRunner.access$100(ParentRunner.java:66)
	at org.junit.runners.ParentRunner$2.evaluate(ParentRunner.java:293)
	at org.junit.runners.ParentRunner$3.evaluate(ParentRunner.java:306)
	at org.junit.runners.ParentRunner.run(ParentRunner.java:413)
	at org.apache.maven.surefire.junit4.JUnit4Provider.execute(JUnit4Provider.java:252)
	at org.apache.maven.surefire.junit4.JUnit4Provider.executeTestSet(JUnit4Provider.java:141)
	at org.apache.maven.surefire.junit4.JUnit4Provider.invoke(JUnit4Provider.java:112)
	at java.base/jdk.internal.reflect.NativeMethodAccessorImpl.invoke0(Native Method)
	at java.base/jdk.internal.reflect.NativeMethodAccessorImpl.invoke(NativeMethodAccessorImpl.java:62)
	at java.base/jdk.internal.reflect.DelegatingMethodAccessorImpl.invoke(DelegatingMethodAccessorImpl.java:43)
	at java.base/java.lang.reflect.Method.invoke(Method.java:566)
	at org.apache.maven.surefire.util.ReflectionUtils.invokeMethodWithArray(ReflectionUtils.java:189)
	at org.apache.maven.surefire.booter.ProviderFactory$ProviderProxy.invoke(ProviderFactory.java:165)
	at org.apache.maven.surefire.booter.ProviderFactory.invokeProvider(ProviderFactory.java:85)
	at org.apache.maven.surefire.booter.ForkedBooter.runSuitesInProcess(ForkedBooter.java:115)
	at org.apache.maven.surefire.booter.ForkedBooter.main(ForkedBooter.java:75)

testLoadBrokersetSimple(com.pinterest.orion.core.automation.sensor.kafka.KafkaClusterInfoSensorTest)  Time elapsed: 0 sec  <<< ERROR!
java.lang.NoClassDefFoundError: com/fasterxml/jackson/annotation/JsonKey
	at com.fasterxml.jackson.databind.introspect.JacksonAnnotationIntrospector.hasAsKey(JacksonAnnotationIntrospector.java:1080)
	at com.fasterxml.jackson.databind.introspect.POJOPropertiesCollector._addFields(POJOPropertiesCollector.java:495)
	at com.fasterxml.jackson.databind.introspect.POJOPropertiesCollector.collectAll(POJOPropertiesCollector.java:421)
	at com.fasterxml.jackson.databind.introspect.POJOPropertiesCollector.getPropertyMap(POJOPropertiesCollector.java:386)
	at com.fasterxml.jackson.databind.introspect.POJOPropertiesCollector.getProperties(POJOPropertiesCollector.java:233)
	at com.fasterxml.jackson.databind.introspect.BasicBeanDescription._properties(BasicBeanDescription.java:164)
	at com.fasterxml.jackson.databind.introspect.BasicBeanDescription.findProperties(BasicBeanDescription.java:239)
	at com.fasterxml.jackson.databind.deser.BasicDeserializerFactory._findCreatorsFromProperties(BasicDeserializerFactory.java:328)
	at com.fasterxml.jackson.databind.deser.BasicDeserializerFactory._constructDefaultValueInstantiator(BasicDeserializerFactory.java:272)
	at com.fasterxml.jackson.databind.deser.BasicDeserializerFactory.findValueInstantiator(BasicDeserializerFactory.java:223)
	at com.fasterxml.jackson.databind.deser.BeanDeserializerFactory.buildBeanDeserializer(BeanDeserializerFactory.java:261)
	at com.fasterxml.jackson.databind.deser.BeanDeserializerFactory.createBeanDeserializer(BeanDeserializerFactory.java:150)
	at com.fasterxml.jackson.databind.deser.DeserializerCache._createDeserializer2(DeserializerCache.java:414)
	at com.fasterxml.jackson.databind.deser.DeserializerCache._createDeserializer(DeserializerCache.java:349)
	at com.fasterxml.jackson.databind.deser.DeserializerCache._createAndCache2(DeserializerCache.java:264)
	at com.fasterxml.jackson.databind.deser.DeserializerCache._createAndCacheValueDeserializer(DeserializerCache.java:244)
	at com.fasterxml.jackson.databind.deser.DeserializerCache.findValueDeserializer(DeserializerCache.java:142)
	at com.fasterxml.jackson.databind.DeserializationContext.findContextualValueDeserializer(DeserializationContext.java:558)
	at com.fasterxml.jackson.databind.deser.std.CollectionDeserializer.createContextual(CollectionDeserializer.java:188)
	at com.fasterxml.jackson.databind.deser.std.CollectionDeserializer.createContextual(CollectionDeserializer.java:28)
	at com.fasterxml.jackson.databind.DeserializationContext.handleSecondaryContextualization(DeserializationContext.java:796)
	at com.fasterxml.jackson.databind.DeserializationContext.findRootValueDeserializer(DeserializationContext.java:596)
	at com.fasterxml.jackson.databind.ObjectMapper._findRootDeserializer(ObjectMapper.java:4733)
	at com.fasterxml.jackson.databind.ObjectMapper._readMapAndClose(ObjectMapper.java:4594)
	at com.fasterxml.jackson.databind.ObjectMapper.readValue(ObjectMapper.java:3433)
	at com.pinterest.orion.core.automation.sensor.kafka.KafkaClusterInfoSensor.jsonfileToObject(KafkaClusterInfoSensor.java:143)
	at com.pinterest.orion.core.automation.sensor.kafka.KafkaClusterInfoSensor.loadBrokersetsFromFile(KafkaClusterInfoSensor.java:104)
	at com.pinterest.orion.core.automation.sensor.kafka.KafkaClusterInfoSensorTest.testLoadBrokersetSimple(KafkaClusterInfoSensorTest.java:44)
	at java.base/jdk.internal.reflect.NativeMethodAccessorImpl.invoke0(Native Method)
	at java.base/jdk.internal.reflect.NativeMethodAccessorImpl.invoke(NativeMethodAccessorImpl.java:62)
	at java.base/jdk.internal.reflect.DelegatingMethodAccessorImpl.invoke(DelegatingMethodAccessorImpl.java:43)
	at java.base/java.lang.reflect.Method.invoke(Method.java:566)
	at org.junit.runners.model.FrameworkMethod$1.runReflectiveCall(FrameworkMethod.java:59)
	at org.junit.internal.runners.model.ReflectiveCallable.run(ReflectiveCallable.java:12)
	at org.junit.runners.model.FrameworkMethod.invokeExplosively(FrameworkMethod.java:56)
	at org.junit.internal.runners.statements.InvokeMethod.evaluate(InvokeMethod.java:17)
	at org.junit.runners.ParentRunner$3.evaluate(ParentRunner.java:306)
	at org.junit.runners.BlockJUnit4ClassRunner$1.evaluate(BlockJUnit4ClassRunner.java:100)
	at org.junit.runners.ParentRunner.runLeaf(ParentRunner.java:366)
	at org.junit.runners.BlockJUnit4ClassRunner.runChild(BlockJUnit4ClassRunner.java:103)
	at org.junit.runners.BlockJUnit4ClassRunner.runChild(BlockJUnit4ClassRunner.java:63)
	at org.junit.runners.ParentRunner$4.run(ParentRunner.java:331)
	at org.junit.runners.ParentRunner$1.schedule(ParentRunner.java:79)
	at org.junit.runners.ParentRunner.runChildren(ParentRunner.java:329)
	at org.junit.runners.ParentRunner.access$100(ParentRunner.java:66)
	at org.junit.runners.ParentRunner$2.evaluate(ParentRunner.java:293)
	at org.junit.runners.ParentRunner$3.evaluate(ParentRunner.java:306)
	at org.junit.runners.ParentRunner.run(ParentRunner.java:413)
	at org.apache.maven.surefire.junit4.JUnit4Provider.execute(JUnit4Provider.java:252)
	at org.apache.maven.surefire.junit4.JUnit4Provider.executeTestSet(JUnit4Provider.java:141)
	at org.apache.maven.surefire.junit4.JUnit4Provider.invoke(JUnit4Provider.java:112)
	at java.base/jdk.internal.reflect.NativeMethodAccessorImpl.invoke0(Native Method)
	at java.base/jdk.internal.reflect.NativeMethodAccessorImpl.invoke(NativeMethodAccessorImpl.java:62)
	at java.base/jdk.internal.reflect.DelegatingMethodAccessorImpl.invoke(DelegatingMethodAccessorImpl.java:43)
	at java.base/java.lang.reflect.Method.invoke(Method.java:566)
	at org.apache.maven.surefire.util.ReflectionUtils.invokeMethodWithArray(ReflectionUtils.java:189)
	at org.apache.maven.surefire.booter.ProviderFactory$ProviderProxy.invoke(ProviderFactory.java:165)
	at org.apache.maven.surefire.booter.ProviderFactory.invokeProvider(ProviderFactory.java:85)
	at org.apache.maven.surefire.booter.ForkedBooter.runSuitesInProcess(ForkedBooter.java:115)
	at org.apache.maven.surefire.booter.ForkedBooter.main(ForkedBooter.java:75)

testLoadBrokerset(com.pinterest.orion.core.automation.sensor.kafka.KafkaClusterInfoSensorTest)  Time elapsed: 0 sec  <<< ERROR!
java.lang.NoClassDefFoundError: com/fasterxml/jackson/annotation/JsonKey
	at com.fasterxml.jackson.databind.introspect.JacksonAnnotationIntrospector.hasAsKey(JacksonAnnotationIntrospector.java:1080)
	at com.fasterxml.jackson.databind.introspect.POJOPropertiesCollector._addFields(POJOPropertiesCollector.java:495)
	at com.fasterxml.jackson.databind.introspect.POJOPropertiesCollector.collectAll(POJOPropertiesCollector.java:421)
	at com.fasterxml.jackson.databind.introspect.POJOPropertiesCollector.getPropertyMap(POJOPropertiesCollector.java:386)
	at com.fasterxml.jackson.databind.introspect.POJOPropertiesCollector.getProperties(POJOPropertiesCollector.java:233)
	at com.fasterxml.jackson.databind.introspect.BasicBeanDescription._properties(BasicBeanDescription.java:164)
	at com.fasterxml.jackson.databind.introspect.BasicBeanDescription.findProperties(BasicBeanDescription.java:239)
	at com.fasterxml.jackson.databind.deser.BasicDeserializerFactory._findCreatorsFromProperties(BasicDeserializerFactory.java:328)
	at com.fasterxml.jackson.databind.deser.BasicDeserializerFactory._constructDefaultValueInstantiator(BasicDeserializerFactory.java:272)
	at com.fasterxml.jackson.databind.deser.BasicDeserializerFactory.findValueInstantiator(BasicDeserializerFactory.java:223)
	at com.fasterxml.jackson.databind.deser.BeanDeserializerFactory.buildBeanDeserializer(BeanDeserializerFactory.java:261)
	at com.fasterxml.jackson.databind.deser.BeanDeserializerFactory.createBeanDeserializer(BeanDeserializerFactory.java:150)
	at com.fasterxml.jackson.databind.deser.DeserializerCache._createDeserializer2(DeserializerCache.java:414)
	at com.fasterxml.jackson.databind.deser.DeserializerCache._createDeserializer(DeserializerCache.java:349)
	at com.fasterxml.jackson.databind.deser.DeserializerCache._createAndCache2(DeserializerCache.java:264)
	at com.fasterxml.jackson.databind.deser.DeserializerCache._createAndCacheValueDeserializer(DeserializerCache.java:244)
	at com.fasterxml.jackson.databind.deser.DeserializerCache.findValueDeserializer(DeserializerCache.java:142)
	at com.fasterxml.jackson.databind.DeserializationContext.findContextualValueDeserializer(DeserializationContext.java:558)
	at com.fasterxml.jackson.databind.deser.std.CollectionDeserializer.createContextual(CollectionDeserializer.java:188)
	at com.fasterxml.jackson.databind.deser.std.CollectionDeserializer.createContextual(CollectionDeserializer.java:28)
	at com.fasterxml.jackson.databind.DeserializationContext.handleSecondaryContextualization(DeserializationContext.java:796)
	at com.fasterxml.jackson.databind.DeserializationContext.findRootValueDeserializer(DeserializationContext.java:596)
	at com.fasterxml.jackson.databind.ObjectMapper._findRootDeserializer(ObjectMapper.java:4733)
	at com.fasterxml.jackson.databind.ObjectMapper._readMapAndClose(ObjectMapper.java:4594)
	at com.fasterxml.jackson.databind.ObjectMapper.readValue(ObjectMapper.java:3433)
	at com.pinterest.orion.core.automation.sensor.kafka.KafkaClusterInfoSensor.jsonfileToObject(KafkaClusterInfoSensor.java:143)
	at com.pinterest.orion.core.automation.sensor.kafka.KafkaClusterInfoSensor.loadBrokersetsFromFile(KafkaClusterInfoSensor.java:104)
	at com.pinterest.orion.core.automation.sensor.kafka.KafkaClusterInfoSensorTest.testLoadBrokerset(KafkaClusterInfoSensorTest.java:56)
	at java.base/jdk.internal.reflect.NativeMethodAccessorImpl.invoke0(Native Method)
	at java.base/jdk.internal.reflect.NativeMethodAccessorImpl.invoke(NativeMethodAccessorImpl.java:62)
	at java.base/jdk.internal.reflect.DelegatingMethodAccessorImpl.invoke(DelegatingMethodAccessorImpl.java:43)
	at java.base/java.lang.reflect.Method.invoke(Method.java:566)
	at org.junit.runners.model.FrameworkMethod$1.runReflectiveCall(FrameworkMethod.java:59)
	at org.junit.internal.runners.model.ReflectiveCallable.run(ReflectiveCallable.java:12)
	at org.junit.runners.model.FrameworkMethod.invokeExplosively(FrameworkMethod.java:56)
	at org.junit.internal.runners.statements.InvokeMethod.evaluate(InvokeMethod.java:17)
	at org.junit.runners.ParentRunner$3.evaluate(ParentRunner.java:306)
	at org.junit.runners.BlockJUnit4ClassRunner$1.evaluate(BlockJUnit4ClassRunner.java:100)
	at org.junit.runners.ParentRunner.runLeaf(ParentRunner.java:366)
	at org.junit.runners.BlockJUnit4ClassRunner.runChild(BlockJUnit4ClassRunner.java:103)
	at org.junit.runners.BlockJUnit4ClassRunner.runChild(BlockJUnit4ClassRunner.java:63)
	at org.junit.runners.ParentRunner$4.run(ParentRunner.java:331)
	at org.junit.runners.ParentRunner$1.schedule(ParentRunner.java:79)
	at org.junit.runners.ParentRunner.runChildren(ParentRunner.java:329)
	at org.junit.runners.ParentRunner.access$100(ParentRunner.java:66)
	at org.junit.runners.ParentRunner$2.evaluate(ParentRunner.java:293)
	at org.junit.runners.ParentRunner$3.evaluate(ParentRunner.java:306)
	at org.junit.runners.ParentRunner.run(ParentRunner.java:413)
	at org.apache.maven.surefire.junit4.JUnit4Provider.execute(JUnit4Provider.java:252)
	at org.apache.maven.surefire.junit4.JUnit4Provider.executeTestSet(JUnit4Provider.java:141)
	at org.apache.maven.surefire.junit4.JUnit4Provider.invoke(JUnit4Provider.java:112)
	at java.base/jdk.internal.reflect.NativeMethodAccessorImpl.invoke0(Native Method)
	at java.base/jdk.internal.reflect.NativeMethodAccessorImpl.invoke(NativeMethodAccessorImpl.java:62)
	at java.base/jdk.internal.reflect.DelegatingMethodAccessorImpl.invoke(DelegatingMethodAccessorImpl.java:43)
	at java.base/java.lang.reflect.Method.invoke(Method.java:566)
	at org.apache.maven.surefire.util.ReflectionUtils.invokeMethodWithArray(ReflectionUtils.java:189)
	at org.apache.maven.surefire.booter.ProviderFactory$ProviderProxy.invoke(ProviderFactory.java:165)
	at org.apache.maven.surefire.booter.ProviderFactory.invokeProvider(ProviderFactory.java:85)
	at org.apache.maven.surefire.booter.ForkedBooter.runSuitesInProcess(ForkedBooter.java:115)
	at org.apache.maven.surefire.booter.ForkedBooter.main(ForkedBooter.java:75)

whenMappingInRangeDoesntMatchMappingOutRangeShouldThrow(com.pinterest.orion.core.automation.sensor.kafka.KafkaClusterInfoSensorTest)  Time elapsed: 0.002 sec  <<< FAILURE!
java.lang.AssertionError: unexpected exception type thrown; expected:<java.io.IOException> but was:<java.lang.NoClassDefFoundError>
	at org.junit.Assert.assertThrows(Assert.java:1020)
	at org.junit.Assert.assertThrows(Assert.java:981)
	at com.pinterest.orion.core.automation.sensor.kafka.KafkaClusterInfoSensorTest.whenMappingInRangeDoesntMatchMappingOutRangeShouldThrow(KafkaClusterInfoSensorTest.java:77)
	at java.base/jdk.internal.reflect.NativeMethodAccessorImpl.invoke0(Native Method)
	at java.base/jdk.internal.reflect.NativeMethodAccessorImpl.invoke(NativeMethodAccessorImpl.java:62)
	at java.base/jdk.internal.reflect.DelegatingMethodAccessorImpl.invoke(DelegatingMethodAccessorImpl.java:43)
	at java.base/java.lang.reflect.Method.invoke(Method.java:566)
	at org.junit.runners.model.FrameworkMethod$1.runReflectiveCall(FrameworkMethod.java:59)
	at org.junit.internal.runners.model.ReflectiveCallable.run(ReflectiveCallable.java:12)
	at org.junit.runners.model.FrameworkMethod.invokeExplosively(FrameworkMethod.java:56)
	at org.junit.internal.runners.statements.InvokeMethod.evaluate(InvokeMethod.java:17)
	at org.junit.runners.ParentRunner$3.evaluate(ParentRunner.java:306)
	at org.junit.runners.BlockJUnit4ClassRunner$1.evaluate(BlockJUnit4ClassRunner.java:100)
	at org.junit.runners.ParentRunner.runLeaf(ParentRunner.java:366)
	at org.junit.runners.BlockJUnit4ClassRunner.runChild(BlockJUnit4ClassRunner.java:103)
	at org.junit.runners.BlockJUnit4ClassRunner.runChild(BlockJUnit4ClassRunner.java:63)
	at org.junit.runners.ParentRunner$4.run(ParentRunner.java:331)
	at org.junit.runners.ParentRunner$1.schedule(ParentRunner.java:79)
	at org.junit.runners.ParentRunner.runChildren(ParentRunner.java:329)
	at org.junit.runners.ParentRunner.access$100(ParentRunner.java:66)
	at org.junit.runners.ParentRunner$2.evaluate(ParentRunner.java:293)
	at org.junit.runners.ParentRunner$3.evaluate(ParentRunner.java:306)
	at org.junit.runners.ParentRunner.run(ParentRunner.java:413)
	at org.apache.maven.surefire.junit4.JUnit4Provider.execute(JUnit4Provider.java:252)
	at org.apache.maven.surefire.junit4.JUnit4Provider.executeTestSet(JUnit4Provider.java:141)
	at org.apache.maven.surefire.junit4.JUnit4Provider.invoke(JUnit4Provider.java:112)
	at java.base/jdk.internal.reflect.NativeMethodAccessorImpl.invoke0(Native Method)
	at java.base/jdk.internal.reflect.NativeMethodAccessorImpl.invoke(NativeMethodAccessorImpl.java:62)
	at java.base/jdk.internal.reflect.DelegatingMethodAccessorImpl.invoke(DelegatingMethodAccessorImpl.java:43)
	at java.base/java.lang.reflect.Method.invoke(Method.java:566)
	at org.apache.maven.surefire.util.ReflectionUtils.invokeMethodWithArray(ReflectionUtils.java:189)
	at org.apache.maven.surefire.booter.ProviderFactory$ProviderProxy.invoke(ProviderFactory.java:165)
	at org.apache.maven.surefire.booter.ProviderFactory.invokeProvider(ProviderFactory.java:85)
	at org.apache.maven.surefire.booter.ForkedBooter.runSuitesInProcess(ForkedBooter.java:115)
	at org.apache.maven.surefire.booter.ForkedBooter.main(ForkedBooter.java:75)
Caused by: java.lang.NoClassDefFoundError: com/fasterxml/jackson/annotation/JsonKey
	at com.fasterxml.jackson.databind.introspect.JacksonAnnotationIntrospector.hasAsKey(JacksonAnnotationIntrospector.java:1080)
	at com.fasterxml.jackson.databind.introspect.POJOPropertiesCollector._addFields(POJOPropertiesCollector.java:495)
	at com.fasterxml.jackson.databind.introspect.POJOPropertiesCollector.collectAll(POJOPropertiesCollector.java:421)
	at com.fasterxml.jackson.databind.introspect.POJOPropertiesCollector.getPropertyMap(POJOPropertiesCollector.java:386)
	at com.fasterxml.jackson.databind.introspect.POJOPropertiesCollector.getProperties(POJOPropertiesCollector.java:233)
	at com.fasterxml.jackson.databind.introspect.BasicBeanDescription._properties(BasicBeanDescription.java:164)
	at com.fasterxml.jackson.databind.introspect.BasicBeanDescription.findProperties(BasicBeanDescription.java:239)
	at com.fasterxml.jackson.databind.deser.BasicDeserializerFactory._findCreatorsFromProperties(BasicDeserializerFactory.java:328)
	at com.fasterxml.jackson.databind.deser.BasicDeserializerFactory._constructDefaultValueInstantiator(BasicDeserializerFactory.java:272)
	at com.fasterxml.jackson.databind.deser.BasicDeserializerFactory.findValueInstantiator(BasicDeserializerFactory.java:223)
	at com.fasterxml.jackson.databind.deser.BeanDeserializerFactory.buildBeanDeserializer(BeanDeserializerFactory.java:261)
	at com.fasterxml.jackson.databind.deser.BeanDeserializerFactory.createBeanDeserializer(BeanDeserializerFactory.java:150)
	at com.fasterxml.jackson.databind.deser.DeserializerCache._createDeserializer2(DeserializerCache.java:414)
	at com.fasterxml.jackson.databind.deser.DeserializerCache._createDeserializer(DeserializerCache.java:349)
	at com.fasterxml.jackson.databind.deser.DeserializerCache._createAndCache2(DeserializerCache.java:264)
	at com.fasterxml.jackson.databind.deser.DeserializerCache._createAndCacheValueDeserializer(DeserializerCache.java:244)
	at com.fasterxml.jackson.databind.deser.DeserializerCache.findValueDeserializer(DeserializerCache.java:142)
	at com.fasterxml.jackson.databind.DeserializationContext.findContextualValueDeserializer(DeserializationContext.java:558)
	at com.fasterxml.jackson.databind.deser.std.CollectionDeserializer.createContextual(CollectionDeserializer.java:188)
	at com.fasterxml.jackson.databind.deser.std.CollectionDeserializer.createContextual(CollectionDeserializer.java:28)
	at com.fasterxml.jackson.databind.DeserializationContext.handleSecondaryContextualization(DeserializationContext.java:796)
	at com.fasterxml.jackson.databind.DeserializationContext.findRootValueDeserializer(DeserializationContext.java:596)
	at com.fasterxml.jackson.databind.ObjectMapper._findRootDeserializer(ObjectMapper.java:4733)
	at com.fasterxml.jackson.databind.ObjectMapper._readMapAndClose(ObjectMapper.java:4594)
	at com.fasterxml.jackson.databind.ObjectMapper.readValue(ObjectMapper.java:3433)
	at com.pinterest.orion.core.automation.sensor.kafka.KafkaClusterInfoSensor.jsonfileToObject(KafkaClusterInfoSensor.java:143)
	at com.pinterest.orion.core.automation.sensor.kafka.KafkaClusterInfoSensor.loadBrokersetsFromFile(KafkaClusterInfoSensor.java:104)
	at com.pinterest.orion.core.automation.sensor.kafka.KafkaClusterInfoSensorTest.lambda$whenMappingInRangeDoesntMatchMappingOutRangeShouldThrow$2(KafkaClusterInfoSensorTest.java:78)
	at org.junit.Assert.assertThrows(Assert.java:1001)
	... 34 more

Running com.pinterest.orion.core.automation.operator.OperatorExecutorTest
Tests run: 3, Failures: 0, Errors: 0, Skipped: 0, Time elapsed: 0.001 sec
Running com.pinterest.orion.core.automation.operator.kafka.BrokerHealingOperatorTest
Tests run: 3, Failures: 0, Errors: 0, Skipped: 0, Time elapsed: 0.003 sec
Running com.pinterest.orion.core.kafka.BrokersetTest
Tests run: 11, Failures: 0, Errors: 0, Skipped: 0, Time elapsed: 0.002 sec
Running com.pinterest.orion.server.OrionConfTest
SLF4J: Class path contains multiple SLF4J bindings.
SLF4J: Found binding in [jar:file:/home/gabsko/.m2/repository/ch/qos/logback/logback-classic/1.2.3/logback-classic-1.2.3.jar!/org/slf4j/impl/StaticLoggerBinder.class]
SLF4J: Found binding in [jar:file:/home/gabsko/.m2/repository/org/slf4j/slf4j-log4j12/1.7.5/slf4j-log4j12-1.7.5.jar!/org/slf4j/impl/StaticLoggerBinder.class]
SLF4J: See http://www.slf4j.org/codes.html#multiple_bindings for an explanation.
SLF4J: Actual binding is of type [ch.qos.logback.classic.util.ContextSelectorStaticBinder]
Tests run: 1, Failures: 0, Errors: 1, Skipped: 0, Time elapsed: 0.152 sec <<< FAILURE!
testOrionConf(com.pinterest.orion.server.OrionConfTest)  Time elapsed: 0.152 sec  <<< ERROR!
java.lang.NoClassDefFoundError: com/fasterxml/jackson/annotation/JsonKey
	at com.fasterxml.jackson.databind.introspect.JacksonAnnotationIntrospector.hasAsKey(JacksonAnnotationIntrospector.java:1080)
	at com.fasterxml.jackson.databind.introspect.AnnotationIntrospectorPair.hasAsKey(AnnotationIntrospectorPair.java:619)
	at com.fasterxml.jackson.databind.introspect.POJOPropertiesCollector._addFields(POJOPropertiesCollector.java:495)
	at com.fasterxml.jackson.databind.introspect.POJOPropertiesCollector.collectAll(POJOPropertiesCollector.java:421)
	at com.fasterxml.jackson.databind.introspect.POJOPropertiesCollector.getPropertyMap(POJOPropertiesCollector.java:386)
	at com.fasterxml.jackson.databind.introspect.POJOPropertiesCollector.getProperties(POJOPropertiesCollector.java:233)
	at com.fasterxml.jackson.databind.introspect.BasicBeanDescription._properties(BasicBeanDescription.java:164)
	at com.fasterxml.jackson.databind.introspect.BasicBeanDescription.findProperties(BasicBeanDescription.java:239)
	at com.fasterxml.jackson.databind.deser.BasicDeserializerFactory._findCreatorsFromProperties(BasicDeserializerFactory.java:328)
	at com.fasterxml.jackson.databind.deser.BasicDeserializerFactory._constructDefaultValueInstantiator(BasicDeserializerFactory.java:272)
	at com.fasterxml.jackson.databind.deser.BasicDeserializerFactory.findValueInstantiator(BasicDeserializerFactory.java:223)
	at com.fasterxml.jackson.databind.deser.BeanDeserializerFactory.buildBeanDeserializer(BeanDeserializerFactory.java:261)
	at com.fasterxml.jackson.databind.deser.BeanDeserializerFactory.createBeanDeserializer(BeanDeserializerFactory.java:150)
	at com.fasterxml.jackson.databind.deser.DeserializerCache._createDeserializer2(DeserializerCache.java:414)
	at com.fasterxml.jackson.databind.deser.DeserializerCache._createDeserializer(DeserializerCache.java:349)
	at com.fasterxml.jackson.databind.deser.DeserializerCache._createAndCache2(DeserializerCache.java:264)
	at com.fasterxml.jackson.databind.deser.DeserializerCache._createAndCacheValueDeserializer(DeserializerCache.java:244)
	at com.fasterxml.jackson.databind.deser.DeserializerCache.findValueDeserializer(DeserializerCache.java:142)
	at com.fasterxml.jackson.databind.DeserializationContext.findRootValueDeserializer(DeserializationContext.java:591)
	at com.fasterxml.jackson.databind.ObjectMapper._findRootDeserializer(ObjectMapper.java:4733)
	at com.fasterxml.jackson.databind.ObjectMapper._readValue(ObjectMapper.java:4569)
	at com.fasterxml.jackson.databind.ObjectMapper.readValue(ObjectMapper.java:2798)
	at io.dropwizard.configuration.BaseConfigurationFactory.build(BaseConfigurationFactory.java:127)
	at io.dropwizard.configuration.BaseConfigurationFactory.build(BaseConfigurationFactory.java:89)
	at io.dropwizard.configuration.ConfigurationFactory.build(ConfigurationFactory.java:28)
	at com.pinterest.orion.server.OrionConfTest.testOrionConf(OrionConfTest.java:39)
	at java.base/jdk.internal.reflect.NativeMethodAccessorImpl.invoke0(Native Method)
	at java.base/jdk.internal.reflect.NativeMethodAccessorImpl.invoke(NativeMethodAccessorImpl.java:62)
	at java.base/jdk.internal.reflect.DelegatingMethodAccessorImpl.invoke(DelegatingMethodAccessorImpl.java:43)
	at java.base/java.lang.reflect.Method.invoke(Method.java:566)
	at org.junit.runners.model.FrameworkMethod$1.runReflectiveCall(FrameworkMethod.java:59)
	at org.junit.internal.runners.model.ReflectiveCallable.run(ReflectiveCallable.java:12)
	at org.junit.runners.model.FrameworkMethod.invokeExplosively(FrameworkMethod.java:56)
	at org.junit.internal.runners.statements.InvokeMethod.evaluate(InvokeMethod.java:17)
	at org.junit.runners.ParentRunner$3.evaluate(ParentRunner.java:306)
	at org.junit.runners.BlockJUnit4ClassRunner$1.evaluate(BlockJUnit4ClassRunner.java:100)
	at org.junit.runners.ParentRunner.runLeaf(ParentRunner.java:366)
	at org.junit.runners.BlockJUnit4ClassRunner.runChild(BlockJUnit4ClassRunner.java:103)
	at org.junit.runners.BlockJUnit4ClassRunner.runChild(BlockJUnit4ClassRunner.java:63)
	at org.junit.runners.ParentRunner$4.run(ParentRunner.java:331)
	at org.junit.runners.ParentRunner$1.schedule(ParentRunner.java:79)
	at org.junit.runners.ParentRunner.runChildren(ParentRunner.java:329)
	at org.junit.runners.ParentRunner.access$100(ParentRunner.java:66)
	at org.junit.runners.ParentRunner$2.evaluate(ParentRunner.java:293)
	at org.junit.runners.ParentRunner$3.evaluate(ParentRunner.java:306)
	at org.junit.runners.ParentRunner.run(ParentRunner.java:413)
	at org.apache.maven.surefire.junit4.JUnit4Provider.execute(JUnit4Provider.java:252)
	at org.apache.maven.surefire.junit4.JUnit4Provider.executeTestSet(JUnit4Provider.java:141)
	at org.apache.maven.surefire.junit4.JUnit4Provider.invoke(JUnit4Provider.java:112)
	at java.base/jdk.internal.reflect.NativeMethodAccessorImpl.invoke0(Native Method)
	at java.base/jdk.internal.reflect.NativeMethodAccessorImpl.invoke(NativeMethodAccessorImpl.java:62)
	at java.base/jdk.internal.reflect.DelegatingMethodAccessorImpl.invoke(DelegatingMethodAccessorImpl.java:43)
	at java.base/java.lang.reflect.Method.invoke(Method.java:566)
	at org.apache.maven.surefire.util.ReflectionUtils.invokeMethodWithArray(ReflectionUtils.java:189)
	at org.apache.maven.surefire.booter.ProviderFactory$ProviderProxy.invoke(ProviderFactory.java:165)
	at org.apache.maven.surefire.booter.ProviderFactory.invokeProvider(ProviderFactory.java:85)
	at org.apache.maven.surefire.booter.ForkedBooter.runSuitesInProcess(ForkedBooter.java:115)
	at org.apache.maven.surefire.booter.ForkedBooter.main(ForkedBooter.java:75)

Running com.pinterest.orion.internal.AppTest
Tests run: 1, Failures: 0, Errors: 0, Skipped: 0, Time elapsed: 0.005 sec

Results :

Failed tests:   whenMissingFieldsInJson(com.pinterest.orion.core.automation.sensor.kafka.KafkaClusterInfoSensorTest): unexpected exception type thrown; expected:<java.io.IOException> but was:<java.lang.NoClassDefFoundError>
  whenMissingAllFieldsInJson(com.pinterest.orion.core.automation.sensor.kafka.KafkaClusterInfoSensorTest): unexpected exception type thrown; expected:<java.io.IOException> but was:<java.lang.NoClassDefFoundError>
  whenLoadingBrokersetWithBadRangeShouldThrow(com.pinterest.orion.core.automation.sensor.kafka.KafkaClusterInfoSensorTest): unexpected exception type thrown; expected:<java.io.IOException> but was:<java.lang.NoClassDefFoundError>
  whenMappingInRangeDoesntMatchMappingOutRangeShouldThrow(com.pinterest.orion.core.automation.sensor.kafka.KafkaClusterInfoSensorTest): unexpected exception type thrown; expected:<java.io.IOException> but was:<java.lang.NoClassDefFoundError>

Tests in error: 
  whenOverrideIsEmpty(com.pinterest.orion.core.automation.sensor.kafka.KafkaClusterInfoSensorTest): com/fasterxml/jackson/annotation/JsonKey
  testLoadBrokersetSimple(com.pinterest.orion.core.automation.sensor.kafka.KafkaClusterInfoSensorTest): com/fasterxml/jackson/annotation/JsonKey
  testLoadBrokerset(com.pinterest.orion.core.automation.sensor.kafka.KafkaClusterInfoSensorTest): com/fasterxml/jackson/annotation/JsonKey
  testOrionConf(com.pinterest.orion.server.OrionConfTest): com/fasterxml/jackson/annotation/JsonKey

Tests run: 37, Failures: 4, Errors: 4, Skipped: 0

[INFO] ------------------------------------------------------------------------
[INFO] Reactor Summary for orion 0.0.35:
[INFO] 
[INFO] orion .............................................. SUCCESS [  0.070 s]
[INFO] commons ............................................ SUCCESS [  1.175 s]
[INFO] orion-agent ........................................ SUCCESS [ 28.213 s]
[INFO] deployments ........................................ SUCCESS [  0.003 s]
[INFO] orion-agent-deployment ............................. SUCCESS [  0.025 s]
[INFO] orion-server ....................................... FAILURE [03:25 min]
[INFO] orion-server-deployment ............................ SKIPPED
[INFO] ------------------------------------------------------------------------
[INFO] BUILD FAILURE
[INFO] ------------------------------------------------------------------------
[INFO] Total time:  03:54 min
[INFO] Finished at: 2023-02-07T12:21:31Z
[INFO] ------------------------------------------------------------------------
[ERROR] Failed to execute goal org.apache.maven.plugins:maven-surefire-plugin:2.12.4:test (default-test) on project orion-server: There are test failures.
[ERROR] 
[ERROR] Please refer to /home/gabsko/breaking-updates/orion-server/target/surefire-reports for the individual test results.
[ERROR] -> [Help 1]
[ERROR] 
[ERROR] To see the full stack trace of the errors, re-run Maven with the -e switch.
[ERROR] Re-run Maven using the -X switch to enable full debug logging.
[ERROR] 
[ERROR] For more information about the errors and possible solutions, please read the following articles:
[ERROR] [Help 1] http://cwiki.apache.org/confluence/display/MAVEN/MojoFailureException
[ERROR] 
[ERROR] After correcting the problems, you can resume the build with the command
[ERROR]   mvn <args> -rf :orion-server
