[INFO] Scanning for projects...
[WARNING] The POM for org.jenkins-ci.tools:maven-hpi-plugin:jar:3.17 is missing, no dependency information available
[WARNING] Failed to build parent project for io.jenkins.configuration-as-code:parent:pom:1.46-SNAPSHOT
[INFO] ------------------------------------------------------------------------
[INFO] Reactor Build Order:
[INFO] 
[INFO] Configuration as Code Parent                                       [pom]
[INFO] Configuration as Code Plugin                                       [hpi]
[INFO] Configuration as Code Test harness                                 [jar]
[INFO] Configuration as Code Integration tests                            [jar]
[INFO] 
[INFO] --------------< io.jenkins.configuration-as-code:parent >---------------
[INFO] Building Configuration as Code Parent 1.46-SNAPSHOT                [1/4]
[INFO] --------------------------------[ pom ]---------------------------------
[INFO] 
[INFO] --- maven-clean-plugin:3.1.0:clean (default-clean) @ parent ---
[INFO] Deleting /home/gabsko/breaking-updates/target
[INFO] 
[INFO] --- maven-enforcer-plugin:3.0.0-M3:display-info (display-info) @ parent ---
[INFO] Maven Version: 3.8.6
[INFO] JDK Version: 11.0.17 normalized as: 11.0.17
[INFO] OS Info: Arch: amd64 Family: unix Name: linux Version: 5.4.0-113-generic
[INFO] 
[INFO] --- maven-enforcer-plugin:3.0.0-M3:enforce (display-info) @ parent ---
[INFO] Adding ignore: module-info
[INFO] 
[INFO] --- maven-enforcer-plugin:3.0.0-M3:enforce (no-snapshots-in-release) @ parent ---
[INFO] 
[INFO] --- gmavenplus-plugin:1.11.0:addTestSources (test-in-groovy) @ parent ---
[INFO] 
[INFO] --- maven-localizer-plugin:1.26:generate (default) @ parent ---
[INFO] 
[INFO] --- flatten-maven-plugin:1.2.5:flatten (flatten) @ parent ---
[INFO] Generating flattened POM of project io.jenkins.configuration-as-code:parent:pom:1.46-SNAPSHOT...
[INFO] 
[INFO] --- gmavenplus-plugin:1.11.0:generateTestStubs (test-in-groovy) @ parent ---
[INFO] No sources specified for stub generation. Skipping.
[INFO] Generated 0 stubs.
[INFO] 
[INFO] --- maven-antrun-plugin:3.0.0:run (createTempDir) @ parent ---
[INFO] Executing tasks
[INFO]     [mkdir] Created dir: /home/gabsko/breaking-updates/target/tmp
[INFO] Executed tasks
[INFO] 
[INFO] --- gmavenplus-plugin:1.11.0:compileTests (test-in-groovy) @ parent ---
[INFO] No sources specified for compilation. Skipping.
[INFO] 
[INFO] --- animal-sniffer-maven-plugin:1.19:check (check) @ parent ---
[INFO] Resolved signature org.codehaus.mojo.signature:java18 version as 1.0 from dependencyManagement
[INFO] Checking unresolved references to org.codehaus.mojo.signature:java18:1.0
[INFO] 
[INFO] ------------------< io.jenkins:configuration-as-code >------------------
[INFO] Building Configuration as Code Plugin 1.46-SNAPSHOT                [2/4]
[INFO] --------------------------------[ hpi ]---------------------------------
[INFO] 
[INFO] --- maven-clean-plugin:3.1.0:clean (default-clean) @ configuration-as-code ---
[INFO] Deleting /home/gabsko/breaking-updates/plugin/target
[INFO] 
[INFO] --- maven-hpi-plugin:3.17:validate (default-validate) @ configuration-as-code ---
[INFO] 
[INFO] --- maven-hpi-plugin:3.17:validate-hpi (default-validate-hpi) @ configuration-as-code ---
[INFO] 
[INFO] --- maven-enforcer-plugin:3.0.0-M3:display-info (display-info) @ configuration-as-code ---
[INFO] Maven Version: 3.8.6
[INFO] JDK Version: 11.0.17 normalized as: 11.0.17
[INFO] OS Info: Arch: amd64 Family: unix Name: linux Version: 5.4.0-113-generic
[INFO] 
[INFO] --- maven-enforcer-plugin:3.0.0-M3:enforce (display-info) @ configuration-as-code ---
[INFO] Adding ignore: module-info
[INFO] 
[INFO] --- maven-enforcer-plugin:3.0.0-M3:enforce (no-snapshots-in-release) @ configuration-as-code ---
[INFO] 
[INFO] --- gmavenplus-plugin:1.11.0:addTestSources (test-in-groovy) @ configuration-as-code ---
[INFO] 
[INFO] --- maven-localizer-plugin:1.26:generate (default) @ configuration-as-code ---
[INFO] 
[INFO] --- maven-resources-plugin:3.2.0:resources (default-resources) @ configuration-as-code ---
[INFO] Using 'UTF-8' encoding to copy filtered resources.
[INFO] Using 'UTF-8' encoding to copy filtered properties files.
[INFO] Copying 14 resources
[INFO] 
[INFO] --- flatten-maven-plugin:1.2.5:flatten (flatten) @ configuration-as-code ---
[INFO] Generating flattened POM of project io.jenkins:configuration-as-code:hpi:1.46-SNAPSHOT...
[INFO] 
[INFO] --- maven-compiler-plugin:3.8.1:compile (default-compile) @ configuration-as-code ---
[INFO] Changes detected - recompiling the module!
[INFO] Compiling 60 source files to /home/gabsko/breaking-updates/plugin/target/classes
[INFO] /home/gabsko/breaking-updates/plugin/src/main/java/io/jenkins/plugins/casc/ConfigurationContext.java: Some input files use or override a deprecated API.
[INFO] /home/gabsko/breaking-updates/plugin/src/main/java/io/jenkins/plugins/casc/ConfigurationContext.java: Recompile with -Xlint:deprecation for details.
[INFO] /home/gabsko/breaking-updates/plugin/src/main/java/io/jenkins/plugins/casc/VersionConverter.java: Some input files use unchecked or unsafe operations.
[INFO] /home/gabsko/breaking-updates/plugin/src/main/java/io/jenkins/plugins/casc/VersionConverter.java: Recompile with -Xlint:unchecked for details.
[INFO] 
[INFO] --- access-modifier-checker:1.16:enforce (default-enforce) @ configuration-as-code ---
[INFO] 
[INFO] --- maven-hpi-plugin:3.17:insert-test (default-insert-test) @ configuration-as-code ---
[INFO] 
[INFO] --- gmavenplus-plugin:1.11.0:generateTestStubs (test-in-groovy) @ configuration-as-code ---
[INFO] No sources specified for stub generation. Skipping.
[INFO] Generated 0 stubs.
[INFO] 
[INFO] --- maven-antrun-plugin:3.0.0:run (createTempDir) @ configuration-as-code ---
[INFO] Executing tasks
[INFO]     [mkdir] Created dir: /home/gabsko/breaking-updates/plugin/target/tmp
[INFO] Executed tasks
[INFO] 
[INFO] --- maven-resources-plugin:3.2.0:testResources (default-testResources) @ configuration-as-code ---
[INFO] Using 'UTF-8' encoding to copy filtered resources.
[INFO] Using 'UTF-8' encoding to copy filtered properties files.
[INFO] Copying 5 resources
[INFO] 
[INFO] --- maven-compiler-plugin:3.8.1:testCompile (default-testCompile) @ configuration-as-code ---
[INFO] Changes detected - recompiling the module!
[INFO] Compiling 16 source files to /home/gabsko/breaking-updates/plugin/target/test-classes
[INFO] /home/gabsko/breaking-updates/plugin/src/test/java/io/jenkins/plugins/casc/UnknownRootElementTest.java: /home/gabsko/breaking-updates/plugin/src/test/java/io/jenkins/plugins/casc/UnknownRootElementTest.java uses or overrides a deprecated API.
[INFO] /home/gabsko/breaking-updates/plugin/src/test/java/io/jenkins/plugins/casc/UnknownRootElementTest.java: Recompile with -Xlint:deprecation for details.
[INFO] /home/gabsko/breaking-updates/plugin/src/test/java/io/jenkins/plugins/casc/yaml/YamlExportTest.java: /home/gabsko/breaking-updates/plugin/src/test/java/io/jenkins/plugins/casc/yaml/YamlExportTest.java uses unchecked or unsafe operations.
[INFO] /home/gabsko/breaking-updates/plugin/src/test/java/io/jenkins/plugins/casc/yaml/YamlExportTest.java: Recompile with -Xlint:unchecked for details.
[INFO] 
[INFO] --- maven-hpi-plugin:3.17:test-hpl (default-test-hpl) @ configuration-as-code ---
[INFO] Generating /home/gabsko/breaking-updates/plugin/target/test-classes/the.hpl
[INFO] 
[INFO] --- maven-hpi-plugin:3.17:resolve-test-dependencies (default-resolve-test-dependencies) @ configuration-as-code ---
[INFO] 
[INFO] --- gmavenplus-plugin:1.11.0:compileTests (test-in-groovy) @ configuration-as-code ---
[INFO] No sources specified for compilation. Skipping.
[INFO] 
[INFO] --- maven-surefire-plugin:3.0.0-M4:test (default-test) @ configuration-as-code ---
[INFO] 
[INFO] -------------------------------------------------------
[INFO]  T E S T S
[INFO] -------------------------------------------------------
[INFO] Running InjectedTest
[INFO] Tests run: 13, Failures: 0, Errors: 0, Skipped: 0, Time elapsed: 5.42 s - in InjectedTest
[INFO] Running io.jenkins.plugins.casc.AttributeTest
[INFO] Tests run: 4, Failures: 0, Errors: 0, Skipped: 0, Time elapsed: 0.008 s - in io.jenkins.plugins.casc.AttributeTest
[INFO] Running io.jenkins.plugins.casc.IgnoreAliasEntryTest
[INFO] Tests run: 3, Failures: 0, Errors: 0, Skipped: 0, Time elapsed: 0.003 s - in io.jenkins.plugins.casc.IgnoreAliasEntryTest
[INFO] Running io.jenkins.plugins.casc.SecretSourceResolverTest
[INFO] Tests run: 39, Failures: 0, Errors: 0, Skipped: 0, Time elapsed: 0.589 s - in io.jenkins.plugins.casc.SecretSourceResolverTest
[INFO] Running io.jenkins.plugins.casc.TokenReloadCrumbExclusionTest
[INFO] Tests run: 3, Failures: 0, Errors: 0, Skipped: 0, Time elapsed: 0.001 s - in io.jenkins.plugins.casc.TokenReloadCrumbExclusionTest
[INFO] Running io.jenkins.plugins.casc.UnknownRootElementTest
[INFO] Tests run: 3, Failures: 0, Errors: 0, Skipped: 0, Time elapsed: 3.82 s - in io.jenkins.plugins.casc.UnknownRootElementTest
[INFO] Running io.jenkins.plugins.casc.impl.configurators.PrimitiveConfiguratorTest
[INFO] Tests run: 10, Failures: 0, Errors: 0, Skipped: 0, Time elapsed: 0.857 s - in io.jenkins.plugins.casc.impl.configurators.PrimitiveConfiguratorTest
[INFO] Running io.jenkins.plugins.casc.model.MappingTest
[INFO] Tests run: 2, Failures: 0, Errors: 0, Skipped: 0, Time elapsed: 0.002 s - in io.jenkins.plugins.casc.model.MappingTest
[INFO] Running io.jenkins.plugins.casc.yaml.ExportTest
[INFO] Tests run: 3, Failures: 0, Errors: 0, Skipped: 0, Time elapsed: 3.449 s - in io.jenkins.plugins.casc.yaml.ExportTest
[INFO] Running io.jenkins.plugins.casc.yaml.YamlExportTest
[INFO] Tests run: 1, Failures: 0, Errors: 0, Skipped: 0, Time elapsed: 0.966 s - in io.jenkins.plugins.casc.yaml.YamlExportTest
[INFO] Running io.jenkins.plugins.casc.yaml.YamlSourceTest
[INFO] Tests run: 4, Failures: 0, Errors: 0, Skipped: 0, Time elapsed: 0.003 s - in io.jenkins.plugins.casc.yaml.YamlSourceTest
[INFO] 
[INFO] Results:
[INFO] 
[INFO] Tests run: 85, Failures: 0, Errors: 0, Skipped: 0
[INFO] 
[INFO] 
[INFO] --- animal-sniffer-maven-plugin:1.19:check (check) @ configuration-as-code ---
[INFO] Resolved signature org.codehaus.mojo.signature:java18 version as 1.0 from dependencyManagement
[INFO] Checking unresolved references to org.codehaus.mojo.signature:java18:1.0
[INFO] 
[INFO] -----------< io.jenkins.configuration-as-code:test-harness >------------
[INFO] Building Configuration as Code Test harness 1.46-SNAPSHOT          [3/4]
[INFO] --------------------------------[ jar ]---------------------------------
[INFO] 
[INFO] --- maven-clean-plugin:3.1.0:clean (default-clean) @ test-harness ---
[INFO] Deleting /home/gabsko/breaking-updates/test-harness/target
[INFO] 
[INFO] --- maven-enforcer-plugin:3.0.0-M3:display-info (display-info) @ test-harness ---
[INFO] Maven Version: 3.8.6
[INFO] JDK Version: 11.0.17 normalized as: 11.0.17
[INFO] OS Info: Arch: amd64 Family: unix Name: linux Version: 5.4.0-113-generic
[INFO] 
[INFO] --- maven-enforcer-plugin:3.0.0-M3:enforce (display-info) @ test-harness ---
[INFO] Adding ignore: module-info
[INFO] 
[INFO] --- maven-enforcer-plugin:3.0.0-M3:enforce (no-snapshots-in-release) @ test-harness ---
[INFO] 
[INFO] --- gmavenplus-plugin:1.11.0:addTestSources (test-in-groovy) @ test-harness ---
[INFO] 
[INFO] --- maven-localizer-plugin:1.26:generate (default) @ test-harness ---
[INFO] 
[INFO] --- maven-resources-plugin:3.2.0:resources (default-resources) @ test-harness ---
[INFO] Using 'UTF-8' encoding to copy filtered resources.
[INFO] Using 'UTF-8' encoding to copy filtered properties files.
[INFO] skip non existing resourceDirectory /home/gabsko/breaking-updates/test-harness/src/main/resources
[INFO] 
[INFO] --- flatten-maven-plugin:1.2.5:flatten (flatten) @ test-harness ---
[INFO] Generating flattened POM of project io.jenkins.configuration-as-code:test-harness:jar:1.46-SNAPSHOT...
[INFO] 
[INFO] --- maven-compiler-plugin:3.8.1:compile (default-compile) @ test-harness ---
[INFO] Changes detected - recompiling the module!
[INFO] Compiling 12 source files to /home/gabsko/breaking-updates/test-harness/target/classes
[INFO] 
[INFO] --- gmavenplus-plugin:1.11.0:generateTestStubs (test-in-groovy) @ test-harness ---
[INFO] No sources specified for stub generation. Skipping.
[INFO] Generated 0 stubs.
[INFO] 
[INFO] --- maven-antrun-plugin:3.0.0:run (createTempDir) @ test-harness ---
[INFO] Executing tasks
[INFO]     [mkdir] Created dir: /home/gabsko/breaking-updates/test-harness/target/tmp
[INFO] Executed tasks
[INFO] 
[INFO] --- maven-resources-plugin:3.2.0:testResources (default-testResources) @ test-harness ---
[INFO] Using 'UTF-8' encoding to copy filtered resources.
[INFO] Using 'UTF-8' encoding to copy filtered properties files.
[INFO] Copying 48 resources
[INFO] 
[INFO] --- maven-compiler-plugin:3.8.1:testCompile (default-testCompile) @ test-harness ---
[INFO] Changes detected - recompiling the module!
[INFO] Compiling 32 source files to /home/gabsko/breaking-updates/test-harness/target/test-classes
[INFO] /home/gabsko/breaking-updates/test-harness/src/test/java/io/jenkins/plugins/casc/impl/configurators/DescriptorConfiguratorTest.java: /home/gabsko/breaking-updates/test-harness/src/test/java/io/jenkins/plugins/casc/impl/configurators/DescriptorConfiguratorTest.java uses or overrides a deprecated API.
[INFO] /home/gabsko/breaking-updates/test-harness/src/test/java/io/jenkins/plugins/casc/impl/configurators/DescriptorConfiguratorTest.java: Recompile with -Xlint:deprecation for details.
[INFO] /home/gabsko/breaking-updates/test-harness/src/test/java/io/jenkins/plugins/casc/impl/configurators/DataBoundConfiguratorTest.java: Some input files use unchecked or unsafe operations.
[INFO] /home/gabsko/breaking-updates/test-harness/src/test/java/io/jenkins/plugins/casc/impl/configurators/DataBoundConfiguratorTest.java: Recompile with -Xlint:unchecked for details.
[INFO] 
[INFO] --- gmavenplus-plugin:1.11.0:compileTests (test-in-groovy) @ test-harness ---
[INFO] No sources specified for compilation. Skipping.
[INFO] 
[INFO] --- maven-surefire-plugin:3.0.0-M4:test (default-test) @ test-harness ---
[INFO] 
[INFO] -------------------------------------------------------
[INFO]  T E S T S
[INFO] -------------------------------------------------------
[INFO] Running io.jenkins.plugins.casc.AgentProtocolsTest
[INFO] Tests run: 1, Failures: 0, Errors: 0, Skipped: 0, Time elapsed: 4.128 s - in io.jenkins.plugins.casc.AgentProtocolsTest
[INFO] Running io.jenkins.plugins.casc.BackwardCompatibilityTest
[INFO] Tests run: 1, Failures: 0, Errors: 0, Skipped: 0, Time elapsed: 1.058 s - in io.jenkins.plugins.casc.BackwardCompatibilityTest
[INFO] Running io.jenkins.plugins.casc.CascJmhBenchmarkStateTest
[INFO] Tests run: 1, Failures: 0, Errors: 0, Skipped: 0, Time elapsed: 44.091 s - in io.jenkins.plugins.casc.CascJmhBenchmarkStateTest
[INFO] Running io.jenkins.plugins.casc.ConfigurationAsCodeTest
[INFO] Tests run: 17, Failures: 0, Errors: 0, Skipped: 0, Time elapsed: 25.531 s - in io.jenkins.plugins.casc.ConfigurationAsCodeTest
[INFO] Running io.jenkins.plugins.casc.DetectMissingVaultPluginTest
[INFO] Tests run: 1, Failures: 0, Errors: 0, Skipped: 0, Time elapsed: 1.151 s - in io.jenkins.plugins.casc.DetectMissingVaultPluginTest
[INFO] Running io.jenkins.plugins.casc.JenkinsConfigTest
[INFO] Tests run: 2, Failures: 0, Errors: 0, Skipped: 0, Time elapsed: 3.626 s - in io.jenkins.plugins.casc.JenkinsConfigTest
[INFO] Running io.jenkins.plugins.casc.JenkinsConfiguredWithCodeRuleClassRuleTest
[INFO] Tests run: 1, Failures: 0, Errors: 0, Skipped: 0, Time elapsed: 1.066 s - in io.jenkins.plugins.casc.JenkinsConfiguredWithCodeRuleClassRuleTest
[INFO] Running io.jenkins.plugins.casc.SchemaGenerationSanitisationTest
[INFO] Tests run: 2, Failures: 0, Errors: 0, Skipped: 0, Time elapsed: 1.681 s - in io.jenkins.plugins.casc.SchemaGenerationSanitisationTest
[INFO] Running io.jenkins.plugins.casc.SchemaGenerationTest
[INFO] Tests run: 7, Failures: 0, Errors: 0, Skipped: 0, Time elapsed: 9.244 s - in io.jenkins.plugins.casc.SchemaGenerationTest
[INFO] Running io.jenkins.plugins.casc.Security1290Test
[INFO] Tests run: 1, Failures: 0, Errors: 0, Skipped: 0, Time elapsed: 7.952 s - in io.jenkins.plugins.casc.Security1290Test
[INFO] Running io.jenkins.plugins.casc.TokenReloadActionTest
[INFO] Tests run: 4, Failures: 0, Errors: 0, Skipped: 0, Time elapsed: 4.688 s - in io.jenkins.plugins.casc.TokenReloadActionTest
[INFO] Running io.jenkins.plugins.casc.YamlMaxAliasesCollectionTest
[INFO] Tests run: 5, Failures: 0, Errors: 0, Skipped: 0, Time elapsed: 4.843 s - in io.jenkins.plugins.casc.YamlMaxAliasesCollectionTest
[INFO] Running io.jenkins.plugins.casc.YamlReaderTest
[INFO] Tests run: 5, Failures: 0, Errors: 0, Skipped: 0, Time elapsed: 5.974 s - in io.jenkins.plugins.casc.YamlReaderTest
[INFO] Running io.jenkins.plugins.casc.core.AdminWhitelistRuleConfiguratorTest
[INFO] Tests run: 4, Failures: 0, Errors: 0, Skipped: 0, Time elapsed: 3.993 s - in io.jenkins.plugins.casc.core.AdminWhitelistRuleConfiguratorTest
[INFO] Running io.jenkins.plugins.casc.core.JenkinsConfiguratorCloudSupportTest
[INFO] Tests run: 6, Failures: 0, Errors: 0, Skipped: 0, Time elapsed: 6.655 s - in io.jenkins.plugins.casc.core.JenkinsConfiguratorCloudSupportTest
[INFO] Running io.jenkins.plugins.casc.core.JenkinsConfiguratorTest
[INFO] Tests run: 5, Failures: 0, Errors: 0, Skipped: 0, Time elapsed: 5.106 s - in io.jenkins.plugins.casc.core.JenkinsConfiguratorTest
[INFO] Running io.jenkins.plugins.casc.core.MavenConfiguratorTest
[INFO] Tests run: 1, Failures: 0, Errors: 0, Skipped: 0, Time elapsed: 0.998 s - in io.jenkins.plugins.casc.core.MavenConfiguratorTest
[INFO] Running io.jenkins.plugins.casc.core.ProxyConfiguratorTest
[INFO] Tests run: 6, Failures: 0, Errors: 0, Skipped: 0, Time elapsed: 7.155 s - in io.jenkins.plugins.casc.core.ProxyConfiguratorTest
[INFO] Running io.jenkins.plugins.casc.core.UnsecuredAuthorizationStrategyConfiguratorTest
[INFO] Tests run: 1, Failures: 0, Errors: 0, Skipped: 0, Time elapsed: 0.973 s - in io.jenkins.plugins.casc.core.UnsecuredAuthorizationStrategyConfiguratorTest
[INFO] Running io.jenkins.plugins.casc.core.UpdateCenterConfiguratorTest
[INFO] Tests run: 1, Failures: 0, Errors: 0, Skipped: 0, Time elapsed: 1.007 s - in io.jenkins.plugins.casc.core.UpdateCenterConfiguratorTest
[INFO] Running io.jenkins.plugins.casc.impl.configurators.DataBoundConfiguratorTest
[INFO] Tests run: 14, Failures: 0, Errors: 0, Skipped: 0, Time elapsed: 16.23 s - in io.jenkins.plugins.casc.impl.configurators.DataBoundConfiguratorTest
[INFO] Running io.jenkins.plugins.casc.impl.configurators.DescriptorConfiguratorTest
[INFO] Tests run: 2, Failures: 0, Errors: 0, Skipped: 0, Time elapsed: 2.417 s - in io.jenkins.plugins.casc.impl.configurators.DescriptorConfiguratorTest
[INFO] Running io.jenkins.plugins.casc.impl.configurators.DuplicateKeyDescribableConfiguratorTest
[INFO] Tests run: 2, Failures: 0, Errors: 0, Skipped: 0, Time elapsed: 1.839 s - in io.jenkins.plugins.casc.impl.configurators.DuplicateKeyDescribableConfiguratorTest
[INFO] Running io.jenkins.plugins.casc.impl.configurators.MissingConfiguratorTest
[INFO] Tests run: 1, Failures: 0, Errors: 0, Skipped: 0, Time elapsed: 1.19 s - in io.jenkins.plugins.casc.impl.configurators.MissingConfiguratorTest
[INFO] Running io.jenkins.plugins.casc.impl.configurators.SelfConfiguratorTest
[INFO] Tests run: 2, Failures: 0, Errors: 0, Skipped: 0, Time elapsed: 2.04 s - in io.jenkins.plugins.casc.impl.configurators.SelfConfiguratorTest
[INFO] 
[INFO] Results:
[INFO] 
[INFO] Tests run: 93, Failures: 0, Errors: 0, Skipped: 0
[INFO] 
[INFO] 
[INFO] --- animal-sniffer-maven-plugin:1.19:check (check) @ test-harness ---
[INFO] Resolved signature org.codehaus.mojo.signature:java18 version as 1.0 from dependencyManagement
[INFO] Checking unresolved references to org.codehaus.mojo.signature:java18:1.0
[INFO] 
[INFO] -----------< io.jenkins.configuration-as-code:integrations >------------
[INFO] Building Configuration as Code Integration tests 1.46-SNAPSHOT     [4/4]
[INFO] --------------------------------[ jar ]---------------------------------
[INFO] 
[INFO] --- maven-clean-plugin:3.1.0:clean (default-clean) @ integrations ---
[INFO] Deleting /home/gabsko/breaking-updates/integrations/target
[INFO] 
[INFO] --- maven-enforcer-plugin:3.0.0-M3:display-info (display-info) @ integrations ---
[INFO] Maven Version: 3.8.6
[INFO] JDK Version: 11.0.17 normalized as: 11.0.17
[INFO] OS Info: Arch: amd64 Family: unix Name: linux Version: 5.4.0-113-generic
[INFO] 
[INFO] --- maven-enforcer-plugin:3.0.0-M3:enforce (display-info) @ integrations ---
[INFO] Adding ignore: module-info
[INFO] Ignoring requireUpperBoundDeps in com.google.guava:guava
[INFO] 
[INFO] --- maven-enforcer-plugin:3.0.0-M3:enforce (no-snapshots-in-release) @ integrations ---
[INFO] 
[INFO] --- gmavenplus-plugin:1.11.0:addTestSources (test-in-groovy) @ integrations ---
[INFO] 
[INFO] --- maven-localizer-plugin:1.26:generate (default) @ integrations ---
[INFO] 
[INFO] --- maven-resources-plugin:3.2.0:resources (default-resources) @ integrations ---
[INFO] Using 'UTF-8' encoding to copy filtered resources.
[INFO] Using 'UTF-8' encoding to copy filtered properties files.
[INFO] Copying 62 resources
[INFO] Copying 1 resource
[INFO] 
[INFO] --- flatten-maven-plugin:1.2.5:flatten (flatten) @ integrations ---
[INFO] Generating flattened POM of project io.jenkins.configuration-as-code:integrations:jar:1.46-SNAPSHOT...
[INFO] 
[INFO] --- maven-compiler-plugin:3.8.1:compile (default-compile) @ integrations ---
[INFO] Changes detected - recompiling the module!
[INFO] 
[INFO] --- gmavenplus-plugin:1.11.0:generateTestStubs (test-in-groovy) @ integrations ---
[INFO] No sources specified for stub generation. Skipping.
[INFO] Generated 0 stubs.
[INFO] 
[INFO] --- maven-antrun-plugin:3.0.0:run (createTempDir) @ integrations ---
[INFO] Executing tasks
[INFO]     [mkdir] Created dir: /home/gabsko/breaking-updates/integrations/target/tmp
[INFO] Executed tasks
[INFO] 
[INFO] --- maven-resources-plugin:3.2.0:testResources (default-testResources) @ integrations ---
[INFO] Using 'UTF-8' encoding to copy filtered resources.
[INFO] Using 'UTF-8' encoding to copy filtered properties files.
[INFO] Copying 50 resources
[INFO] 
[INFO] --- maven-compiler-plugin:3.8.1:testCompile (default-testCompile) @ integrations ---
[INFO] Changes detected - recompiling the module!
[INFO] Compiling 64 source files to /home/gabsko/breaking-updates/integrations/target/test-classes
[INFO] /home/gabsko/breaking-updates/integrations/src/test/java/io/jenkins/plugins/casc/JobDslGlobalSecurityConfigurationTest.java: Some input files use or override a deprecated API.
[INFO] /home/gabsko/breaking-updates/integrations/src/test/java/io/jenkins/plugins/casc/JobDslGlobalSecurityConfigurationTest.java: Recompile with -Xlint:deprecation for details.
[INFO] /home/gabsko/breaking-updates/integrations/src/test/java/io/jenkins/plugins/casc/CredentialsTest.java: /home/gabsko/breaking-updates/integrations/src/test/java/io/jenkins/plugins/casc/CredentialsTest.java uses unchecked or unsafe operations.
[INFO] /home/gabsko/breaking-updates/integrations/src/test/java/io/jenkins/plugins/casc/CredentialsTest.java: Recompile with -Xlint:unchecked for details.
[INFO] -------------------------------------------------------------
[ERROR] COMPILATION ERROR : 
[INFO] -------------------------------------------------------------
[ERROR] /home/gabsko/breaking-updates/integrations/src/test/java/io/jenkins/plugins/casc/MesosTest.java:[35,26] cannot find symbol
  symbol:   method isCheckpoint()
  location: variable cloud of type org.jenkinsci.plugins.mesos.MesosCloud
[ERROR] /home/gabsko/breaking-updates/integrations/src/test/java/io/jenkins/plugins/casc/MesosTest.java:[36,25] cannot find symbol
  symbol:   method getCloudID()
  location: variable cloud of type org.jenkinsci.plugins.mesos.MesosCloud
[ERROR] /home/gabsko/breaking-updates/integrations/src/test/java/io/jenkins/plugins/casc/MesosTest.java:[37,25] cannot find symbol
  symbol:   method getCredentialsId()
  location: variable cloud of type org.jenkinsci.plugins.mesos.MesosCloud
[ERROR] /home/gabsko/breaking-updates/integrations/src/test/java/io/jenkins/plugins/casc/MesosTest.java:[38,25] cannot find symbol
  symbol:   method getDeclineOfferDuration()
  location: variable cloud of type org.jenkinsci.plugins.mesos.MesosCloud
[ERROR] /home/gabsko/breaking-updates/integrations/src/test/java/io/jenkins/plugins/casc/MesosTest.java:[39,25] cannot find symbol
  symbol:   method getDescription()
  location: variable cloud of type org.jenkinsci.plugins.mesos.MesosCloud
[ERROR] /home/gabsko/breaking-updates/integrations/src/test/java/io/jenkins/plugins/casc/MesosTest.java:[42,25] cannot find symbol
  symbol:   method getMaster()
  location: variable cloud of type org.jenkinsci.plugins.mesos.MesosCloud
[ERROR] /home/gabsko/breaking-updates/integrations/src/test/java/io/jenkins/plugins/casc/MesosTest.java:[44,25] cannot find symbol
  symbol:   method getSlavesUser()
  location: variable cloud of type org.jenkinsci.plugins.mesos.MesosCloud
[ERROR] /home/gabsko/breaking-updates/integrations/src/test/java/io/jenkins/plugins/casc/MesosTest.java:[45,25] cannot find symbol
  symbol:   method getSlavesUser()
  location: variable cloud of type org.jenkinsci.plugins.mesos.MesosCloud
[ERROR] /home/gabsko/breaking-updates/integrations/src/test/java/io/jenkins/plugins/casc/MesosTest.java:[47,50] cannot find symbol
  symbol:   method getSlaveInfos()
  location: variable cloud of type org.jenkinsci.plugins.mesos.MesosCloud
[ERROR] /home/gabsko/breaking-updates/integrations/src/test/java/io/jenkins/plugins/casc/MesosTest.java:[51,29] cannot find symbol
  symbol:   method getLabelString()
  location: variable slaveInfo of type org.jenkinsci.plugins.mesos.MesosSlaveInfo
[ERROR] /home/gabsko/breaking-updates/integrations/src/test/java/io/jenkins/plugins/casc/MesosTest.java:[52,29] cannot find symbol
  symbol:   method getContainerInfo()
  location: variable slaveInfo of type org.jenkinsci.plugins.mesos.MesosSlaveInfo
[ERROR] /home/gabsko/breaking-updates/integrations/src/test/java/io/jenkins/plugins/casc/MesosTest.java:[53,29] cannot find symbol
  symbol:   method getContainerInfo()
  location: variable slaveInfo of type org.jenkinsci.plugins.mesos.MesosSlaveInfo
[ERROR] /home/gabsko/breaking-updates/integrations/src/test/java/io/jenkins/plugins/casc/MesosTest.java:[54,29] cannot find symbol
  symbol:   method getContainerInfo()
  location: variable slaveInfo of type org.jenkinsci.plugins.mesos.MesosSlaveInfo
[ERROR] /home/gabsko/breaking-updates/integrations/src/test/java/io/jenkins/plugins/casc/MesosTest.java:[55,29] cannot find symbol
  symbol:   method getMinExecutors()
  location: variable slaveInfo of type org.jenkinsci.plugins.mesos.MesosSlaveInfo
[ERROR] /home/gabsko/breaking-updates/integrations/src/test/java/io/jenkins/plugins/casc/MesosTest.java:[56,29] cannot find symbol
  symbol:   method getMaxExecutors()
  location: variable slaveInfo of type org.jenkinsci.plugins.mesos.MesosSlaveInfo
[ERROR] /home/gabsko/breaking-updates/integrations/src/test/java/io/jenkins/plugins/casc/MesosTest.java:[57,29] cannot find symbol
  symbol:   method getMode()
  location: variable slaveInfo of type org.jenkinsci.plugins.mesos.MesosSlaveInfo
[ERROR] /home/gabsko/breaking-updates/integrations/src/test/java/io/jenkins/plugins/casc/MesosTest.java:[58,29] cannot find symbol
  symbol:   method getSlaveCpus()
  location: variable slaveInfo of type org.jenkinsci.plugins.mesos.MesosSlaveInfo
[ERROR] /home/gabsko/breaking-updates/integrations/src/test/java/io/jenkins/plugins/casc/MesosTest.java:[59,29] cannot find symbol
  symbol:   method getSlaveMem()
  location: variable slaveInfo of type org.jenkinsci.plugins.mesos.MesosSlaveInfo
[ERROR] /home/gabsko/breaking-updates/integrations/src/test/java/io/jenkins/plugins/casc/MesosTest.java:[60,29] cannot find symbol
  symbol:   method getRemoteFSRoot()
  location: variable slaveInfo of type org.jenkinsci.plugins.mesos.MesosSlaveInfo
[ERROR] /home/gabsko/breaking-updates/integrations/src/test/java/io/jenkins/plugins/casc/MesosTest.java:[61,29] cannot find symbol
  symbol:   method getJnlpArgs()
  location: variable slaveInfo of type org.jenkinsci.plugins.mesos.MesosSlaveInfo
[ERROR] /home/gabsko/breaking-updates/integrations/src/test/java/io/jenkins/plugins/casc/MesosTest.java:[62,29] cannot find symbol
  symbol:   method getSlaveAttributes()
  location: variable slaveInfo of type org.jenkinsci.plugins.mesos.MesosSlaveInfo
[ERROR] /home/gabsko/breaking-updates/integrations/src/test/java/io/jenkins/plugins/casc/MesosTest.java:[63,29] cannot find symbol
  symbol:   method isDefaultSlave()
  location: variable slaveInfo of type org.jenkinsci.plugins.mesos.MesosSlaveInfo
[INFO] 22 errors 
[INFO] -------------------------------------------------------------
[INFO] ------------------------------------------------------------------------
[INFO] Reactor Summary for Configuration as Code Parent 1.46-SNAPSHOT:
[INFO] 
[INFO] Configuration as Code Parent ....................... SUCCESS [  3.183 s]
[INFO] Configuration as Code Plugin ....................... SUCCESS [ 21.783 s]
[INFO] Configuration as Code Test harness ................. SUCCESS [02:48 min]
[INFO] Configuration as Code Integration tests ............ FAILURE [  5.000 s]
[INFO] ------------------------------------------------------------------------
[INFO] BUILD FAILURE
[INFO] ------------------------------------------------------------------------
[INFO] Total time:  03:19 min
[INFO] Finished at: 2023-02-08T23:17:21Z
[INFO] ------------------------------------------------------------------------
[ERROR] Failed to execute goal org.apache.maven.plugins:maven-compiler-plugin:3.8.1:testCompile (default-testCompile) on project integrations: Compilation failure: Compilation failure: 
[ERROR] /home/gabsko/breaking-updates/integrations/src/test/java/io/jenkins/plugins/casc/MesosTest.java:[35,26] cannot find symbol
[ERROR]   symbol:   method isCheckpoint()
[ERROR]   location: variable cloud of type org.jenkinsci.plugins.mesos.MesosCloud
[ERROR] /home/gabsko/breaking-updates/integrations/src/test/java/io/jenkins/plugins/casc/MesosTest.java:[36,25] cannot find symbol
[ERROR]   symbol:   method getCloudID()
[ERROR]   location: variable cloud of type org.jenkinsci.plugins.mesos.MesosCloud
[ERROR] /home/gabsko/breaking-updates/integrations/src/test/java/io/jenkins/plugins/casc/MesosTest.java:[37,25] cannot find symbol
[ERROR]   symbol:   method getCredentialsId()
[ERROR]   location: variable cloud of type org.jenkinsci.plugins.mesos.MesosCloud
[ERROR] /home/gabsko/breaking-updates/integrations/src/test/java/io/jenkins/plugins/casc/MesosTest.java:[38,25] cannot find symbol
[ERROR]   symbol:   method getDeclineOfferDuration()
[ERROR]   location: variable cloud of type org.jenkinsci.plugins.mesos.MesosCloud
[ERROR] /home/gabsko/breaking-updates/integrations/src/test/java/io/jenkins/plugins/casc/MesosTest.java:[39,25] cannot find symbol
[ERROR]   symbol:   method getDescription()
[ERROR]   location: variable cloud of type org.jenkinsci.plugins.mesos.MesosCloud
[ERROR] /home/gabsko/breaking-updates/integrations/src/test/java/io/jenkins/plugins/casc/MesosTest.java:[42,25] cannot find symbol
[ERROR]   symbol:   method getMaster()
[ERROR]   location: variable cloud of type org.jenkinsci.plugins.mesos.MesosCloud
[ERROR] /home/gabsko/breaking-updates/integrations/src/test/java/io/jenkins/plugins/casc/MesosTest.java:[44,25] cannot find symbol
[ERROR]   symbol:   method getSlavesUser()
[ERROR]   location: variable cloud of type org.jenkinsci.plugins.mesos.MesosCloud
[ERROR] /home/gabsko/breaking-updates/integrations/src/test/java/io/jenkins/plugins/casc/MesosTest.java:[45,25] cannot find symbol
[ERROR]   symbol:   method getSlavesUser()
[ERROR]   location: variable cloud of type org.jenkinsci.plugins.mesos.MesosCloud
[ERROR] /home/gabsko/breaking-updates/integrations/src/test/java/io/jenkins/plugins/casc/MesosTest.java:[47,50] cannot find symbol
[ERROR]   symbol:   method getSlaveInfos()
[ERROR]   location: variable cloud of type org.jenkinsci.plugins.mesos.MesosCloud
[ERROR] /home/gabsko/breaking-updates/integrations/src/test/java/io/jenkins/plugins/casc/MesosTest.java:[51,29] cannot find symbol
[ERROR]   symbol:   method getLabelString()
[ERROR]   location: variable slaveInfo of type org.jenkinsci.plugins.mesos.MesosSlaveInfo
[ERROR] /home/gabsko/breaking-updates/integrations/src/test/java/io/jenkins/plugins/casc/MesosTest.java:[52,29] cannot find symbol
[ERROR]   symbol:   method getContainerInfo()
[ERROR]   location: variable slaveInfo of type org.jenkinsci.plugins.mesos.MesosSlaveInfo
[ERROR] /home/gabsko/breaking-updates/integrations/src/test/java/io/jenkins/plugins/casc/MesosTest.java:[53,29] cannot find symbol
[ERROR]   symbol:   method getContainerInfo()
[ERROR]   location: variable slaveInfo of type org.jenkinsci.plugins.mesos.MesosSlaveInfo
[ERROR] /home/gabsko/breaking-updates/integrations/src/test/java/io/jenkins/plugins/casc/MesosTest.java:[54,29] cannot find symbol
[ERROR]   symbol:   method getContainerInfo()
[ERROR]   location: variable slaveInfo of type org.jenkinsci.plugins.mesos.MesosSlaveInfo
[ERROR] /home/gabsko/breaking-updates/integrations/src/test/java/io/jenkins/plugins/casc/MesosTest.java:[55,29] cannot find symbol
[ERROR]   symbol:   method getMinExecutors()
[ERROR]   location: variable slaveInfo of type org.jenkinsci.plugins.mesos.MesosSlaveInfo
[ERROR] /home/gabsko/breaking-updates/integrations/src/test/java/io/jenkins/plugins/casc/MesosTest.java:[56,29] cannot find symbol
[ERROR]   symbol:   method getMaxExecutors()
[ERROR]   location: variable slaveInfo of type org.jenkinsci.plugins.mesos.MesosSlaveInfo
[ERROR] /home/gabsko/breaking-updates/integrations/src/test/java/io/jenkins/plugins/casc/MesosTest.java:[57,29] cannot find symbol
[ERROR]   symbol:   method getMode()
[ERROR]   location: variable slaveInfo of type org.jenkinsci.plugins.mesos.MesosSlaveInfo
[ERROR] /home/gabsko/breaking-updates/integrations/src/test/java/io/jenkins/plugins/casc/MesosTest.java:[58,29] cannot find symbol
[ERROR]   symbol:   method getSlaveCpus()
[ERROR]   location: variable slaveInfo of type org.jenkinsci.plugins.mesos.MesosSlaveInfo
[ERROR] /home/gabsko/breaking-updates/integrations/src/test/java/io/jenkins/plugins/casc/MesosTest.java:[59,29] cannot find symbol
[ERROR]   symbol:   method getSlaveMem()
[ERROR]   location: variable slaveInfo of type org.jenkinsci.plugins.mesos.MesosSlaveInfo
[ERROR] /home/gabsko/breaking-updates/integrations/src/test/java/io/jenkins/plugins/casc/MesosTest.java:[60,29] cannot find symbol
[ERROR]   symbol:   method getRemoteFSRoot()
[ERROR]   location: variable slaveInfo of type org.jenkinsci.plugins.mesos.MesosSlaveInfo
[ERROR] /home/gabsko/breaking-updates/integrations/src/test/java/io/jenkins/plugins/casc/MesosTest.java:[61,29] cannot find symbol
[ERROR]   symbol:   method getJnlpArgs()
[ERROR]   location: variable slaveInfo of type org.jenkinsci.plugins.mesos.MesosSlaveInfo
[ERROR] /home/gabsko/breaking-updates/integrations/src/test/java/io/jenkins/plugins/casc/MesosTest.java:[62,29] cannot find symbol
[ERROR]   symbol:   method getSlaveAttributes()
[ERROR]   location: variable slaveInfo of type org.jenkinsci.plugins.mesos.MesosSlaveInfo
[ERROR] /home/gabsko/breaking-updates/integrations/src/test/java/io/jenkins/plugins/casc/MesosTest.java:[63,29] cannot find symbol
[ERROR]   symbol:   method isDefaultSlave()
[ERROR]   location: variable slaveInfo of type org.jenkinsci.plugins.mesos.MesosSlaveInfo
[ERROR] -> [Help 1]
[ERROR] 
[ERROR] To see the full stack trace of the errors, re-run Maven with the -e switch.
[ERROR] Re-run Maven using the -X switch to enable full debug logging.
[ERROR] 
[ERROR] For more information about the errors and possible solutions, please read the following articles:
[ERROR] [Help 1] http://cwiki.apache.org/confluence/display/MAVEN/MojoFailureException
[ERROR] 
[ERROR] After correcting the problems, you can resume the build with the command
[ERROR]   mvn <args> -rf :integrations
