[INFO] Scanning for projects...
[WARNING] The POM for org.jenkins-ci.tools:maven-hpi-plugin:jar:3.15 is missing, no dependency information available
[WARNING] Failed to build parent project for org.jenkins-ci.plugins:config-file-provider:hpi:3.7.1-SNAPSHOT
[INFO] 
[INFO] ------------< org.jenkins-ci.plugins:config-file-provider >-------------
[INFO] Building Config File Provider Plugin 3.7.1-SNAPSHOT
[INFO] --------------------------------[ hpi ]---------------------------------
[INFO] Downloading from repo.jenkins-ci.org: https://repo.jenkins-ci.org/public/io/jenkins/plugins/snakeyaml-api/1.26.3/snakeyaml-api-1.26.3.pom
[INFO] Downloaded from repo.jenkins-ci.org: https://repo.jenkins-ci.org/public/io/jenkins/plugins/snakeyaml-api/1.26.3/snakeyaml-api-1.26.3.pom (1.9 kB at 2.3 kB/s)
[INFO] Downloading from repo.jenkins-ci.org: https://repo.jenkins-ci.org/public/org/jenkins-ci/plugins/plugin/4.0-beta-5/plugin-4.0-beta-5.pom
[INFO] Downloaded from repo.jenkins-ci.org: https://repo.jenkins-ci.org/public/org/jenkins-ci/plugins/plugin/4.0-beta-5/plugin-4.0-beta-5.pom (53 kB at 109 kB/s)
[INFO] Downloading from repo.jenkins-ci.org: https://repo.jenkins-ci.org/public/org/jenkins-ci/main/jenkins-bom/2.164.3/jenkins-bom-2.164.3.pom
[INFO] Downloaded from repo.jenkins-ci.org: https://repo.jenkins-ci.org/public/org/jenkins-ci/main/jenkins-bom/2.164.3/jenkins-bom-2.164.3.pom (15 kB at 58 kB/s)
[INFO] Downloading from repo.jenkins-ci.org: https://repo.jenkins-ci.org/public/io/jenkins/plugins/plugin-util-api/1.6.0/plugin-util-api-1.6.0.pom
[INFO] Downloaded from repo.jenkins-ci.org: https://repo.jenkins-ci.org/public/io/jenkins/plugins/plugin-util-api/1.6.0/plugin-util-api-1.6.0.pom (4.7 kB at 18 kB/s)
[INFO] Downloading from repo.jenkins-ci.org: https://repo.jenkins-ci.org/public/org/jenkins-ci/plugins/workflow/workflow-step-api/2.16/workflow-step-api-2.16.pom
[INFO] Downloaded from repo.jenkins-ci.org: https://repo.jenkins-ci.org/public/org/jenkins-ci/plugins/workflow/workflow-step-api/2.16/workflow-step-api-2.16.pom (4.8 kB at 19 kB/s)
[INFO] 
[INFO] --- maven-clean-plugin:3.1.0:clean (default-clean) @ config-file-provider ---
[INFO] Deleting /home/gabsko/breaking-updates/target
[INFO] 
[INFO] --- maven-hpi-plugin:2.2:validate (default-validate) @ config-file-provider ---
[INFO] 
[INFO] --- maven-enforcer-plugin:3.0.0-M3:display-info (display-info) @ config-file-provider ---
[INFO] Maven Version: 3.8.6
[INFO] JDK Version: 11.0.17 normalized as: 11.0.17
[INFO] OS Info: Arch: amd64 Family: unix Name: linux Version: 5.4.0-113-generic
[INFO] 
[INFO] --- maven-enforcer-plugin:3.0.0-M3:enforce (display-info) @ config-file-provider ---
[INFO] Downloading from repo.jenkins-ci.org: https://repo.jenkins-ci.org/public/io/jenkins/plugins/plugin-util-api/1.6.0/plugin-util-api-1.6.0.jar
[INFO] Downloaded from repo.jenkins-ci.org: https://repo.jenkins-ci.org/public/io/jenkins/plugins/plugin-util-api/1.6.0/plugin-util-api-1.6.0.jar (49 kB at 188 kB/s)
[INFO] Adding ignore: module-info
[INFO] Ignoring requireUpperBoundDeps in com.google.guava:guava
[WARNING] Rule 4: org.apache.maven.plugins.enforcer.RequireUpperBoundDeps failed with message:
Failed while enforcing RequireUpperBoundDeps. The error(s) are [
Require upper bound dependencies error for org.jenkins-ci.plugins:structs:1.14 paths to dependency are:
+-org.jenkins-ci.plugins:config-file-provider:3.7.1-SNAPSHOT
  +-org.jenkins-ci.plugins:structs:1.14
and
+-org.jenkins-ci.plugins:config-file-provider:3.7.1-SNAPSHOT
  +-org.jenkins-ci.plugins.workflow:workflow-api:2.30
    +-org.jenkins-ci.plugins:structs:1.14
and
+-org.jenkins-ci.plugins:config-file-provider:3.7.1-SNAPSHOT
  +-org.jenkins-ci.plugins:scm-api:2.2.6
    +-org.jenkins-ci.plugins:structs:1.9
and
+-org.jenkins-ci.plugins:config-file-provider:3.7.1-SNAPSHOT
  +-org.jenkins-ci.plugins.workflow:workflow-basic-steps:2.5
    +-org.jenkins-ci.plugins:structs:1.6
and
+-org.jenkins-ci.plugins:config-file-provider:3.7.1-SNAPSHOT
  +-org.jenkins-ci.plugins.workflow:workflow-cps:2.42
    +-org.jenkins-ci.plugins:structs:1.7
and
+-org.jenkins-ci.plugins:config-file-provider:3.7.1-SNAPSHOT
  +-org.jenkins-ci.plugins.workflow:workflow-step-api:2.13
    +-org.jenkins-ci.plugins:structs:1.5
and
+-org.jenkins-ci.plugins:config-file-provider:3.7.1-SNAPSHOT
  +-org.jenkins-ci.plugins.workflow:workflow-step-api:2.13
    +-org.jenkins-ci.plugins:structs:1.5
and
+-org.jenkins-ci.plugins:config-file-provider:3.7.1-SNAPSHOT
  +-org.jenkins-ci.plugins:junit:1.48
    +-org.jenkins-ci.plugins:structs:1.20
, 
Require upper bound dependencies error for org.jenkins-ci.plugins:script-security:1.56 paths to dependency are:
+-org.jenkins-ci.plugins:config-file-provider:3.7.1-SNAPSHOT
  +-org.jenkins-ci.plugins:script-security:1.56
and
+-org.jenkins-ci.plugins:config-file-provider:3.7.1-SNAPSHOT
  +-org.jenkins-ci.plugins.workflow:workflow-cps:2.42
    +-org.jenkins-ci.plugins:script-security:1.36
and
+-org.jenkins-ci.plugins:config-file-provider:3.7.1-SNAPSHOT
  +-org.jenkins-ci.plugins.workflow:workflow-durable-task-step:2.13
    +-org.jenkins-ci.plugins:script-security:1.25
and
+-org.jenkins-ci.plugins:config-file-provider:3.7.1-SNAPSHOT
  +-org.jenkins-ci.plugins.workflow:workflow-support:3.0
    +-org.jenkins-ci.plugins:script-security:1.39
and
+-org.jenkins-ci.plugins:config-file-provider:3.7.1-SNAPSHOT
  +-org.jenkins-ci.plugins.workflow:workflow-support:3.0
    +-org.jenkins-ci.plugins:script-security:1.39
and
+-org.jenkins-ci.plugins:config-file-provider:3.7.1-SNAPSHOT
  +-org.jenkins-ci.plugins:junit:1.48
    +-org.jenkins-ci.plugins:script-security:1.75
and
+-org.jenkins-ci.plugins:config-file-provider:3.7.1-SNAPSHOT
  +-org.jenkins-ci.plugins:git:2.4.1
    +-org.jenkins-ci.plugins:matrix-project:1.6
      +-org.jenkins-ci.plugins:script-security:1.13
, 
Require upper bound dependencies error for org.jenkins-ci.plugins.workflow:workflow-api:2.30 paths to dependency are:
+-org.jenkins-ci.plugins:config-file-provider:3.7.1-SNAPSHOT
  +-org.jenkins-ci.plugins.workflow:workflow-api:2.30
and
+-org.jenkins-ci.plugins:config-file-provider:3.7.1-SNAPSHOT
  +-org.jenkins-ci.plugins.workflow:workflow-job:2.11.2
    +-org.jenkins-ci.plugins.workflow:workflow-api:2.15
and
+-org.jenkins-ci.plugins:config-file-provider:3.7.1-SNAPSHOT
  +-org.jenkins-ci.plugins.workflow:workflow-basic-steps:2.5
    +-org.jenkins-ci.plugins.workflow:workflow-api:2.16
and
+-org.jenkins-ci.plugins:config-file-provider:3.7.1-SNAPSHOT
  +-org.jenkins-ci.plugins.workflow:workflow-cps:2.42
    +-org.jenkins-ci.plugins.workflow:workflow-api:2.18
and
+-org.jenkins-ci.plugins:config-file-provider:3.7.1-SNAPSHOT
  +-org.jenkins-ci.plugins.workflow:workflow-durable-task-step:2.13
    +-org.jenkins-ci.plugins.workflow:workflow-api:2.19
and
+-org.jenkins-ci.plugins:config-file-provider:3.7.1-SNAPSHOT
  +-org.jenkins-ci.plugins.workflow:workflow-support:3.0
    +-org.jenkins-ci.plugins.workflow:workflow-api:2.30
and
+-org.jenkins-ci.plugins:config-file-provider:3.7.1-SNAPSHOT
  +-org.jenkins-ci.plugins.workflow:workflow-support:3.0
    +-org.jenkins-ci.plugins.workflow:workflow-api:2.30
and
+-org.jenkins-ci.plugins:config-file-provider:3.7.1-SNAPSHOT
  +-org.jenkins-ci.plugins:junit:1.48
    +-org.jenkins-ci.plugins.workflow:workflow-api:2.40
, 
Require upper bound dependencies error for org.jenkins-ci.plugins.workflow:workflow-step-api:2.13 paths to dependency are:
+-org.jenkins-ci.plugins:config-file-provider:3.7.1-SNAPSHOT
  +-org.jenkins-ci.plugins.workflow:workflow-step-api:2.13
and
+-org.jenkins-ci.plugins:config-file-provider:3.7.1-SNAPSHOT
  +-org.jenkins-ci.plugins.workflow:workflow-step-api:2.13
and
+-org.jenkins-ci.plugins:config-file-provider:3.7.1-SNAPSHOT
  +-org.jenkins-ci.plugins.workflow:workflow-durable-task-step:2.13
    +-org.jenkins-ci.plugins.workflow:workflow-step-api:2.10
and
+-org.jenkins-ci.plugins:config-file-provider:3.7.1-SNAPSHOT
  +-org.jenkins-ci.plugins.workflow:workflow-support:3.0
    +-org.jenkins-ci.plugins.workflow:workflow-step-api:2.13
and
+-org.jenkins-ci.plugins:config-file-provider:3.7.1-SNAPSHOT
  +-org.jenkins-ci.plugins.workflow:workflow-support:3.0
    +-org.jenkins-ci.plugins.workflow:workflow-step-api:2.13
and
+-org.jenkins-ci.plugins:config-file-provider:3.7.1-SNAPSHOT
  +-org.jenkins-ci.plugins:junit:1.48
    +-org.jenkins-ci.plugins.workflow:workflow-step-api:2.23
and
+-org.jenkins-ci.plugins:config-file-provider:3.7.1-SNAPSHOT
  +-org.jenkins-ci.plugins:junit:1.48
    +-io.jenkins.plugins:checks-api:1.2.0
      +-org.jenkins-ci.plugins.workflow:workflow-step-api:2.23
, 
Require upper bound dependencies error for org.apache.commons:commons-lang3:3.9 paths to dependency are:
+-org.jenkins-ci.plugins:config-file-provider:3.7.1-SNAPSHOT
  +-org.apache.commons:commons-lang3:3.9
and
+-org.jenkins-ci.plugins:config-file-provider:3.7.1-SNAPSHOT
  +-org.jenkins-ci.plugins:junit:1.48
    +-io.jenkins.plugins:plugin-util-api:1.6.0
      +-org.apache.commons:commons-lang3:3.11
and
+-org.jenkins-ci.plugins:config-file-provider:3.7.1-SNAPSHOT
  +-org.jenkins-ci.main:jenkins-test-harness:2.65
    +-org.jenkins-ci.main:jenkins-test-harness-htmlunit:2.36.0-1
      +-org.apache.commons:commons-lang3:3.9
and
+-org.jenkins-ci.plugins:config-file-provider:3.7.1-SNAPSHOT
  +-org.jenkins-ci.plugins:junit:1.48
    +-io.jenkins.plugins:echarts-api:4.9.0-2
      +-edu.hm.hafner:echarts-build-trends:2.0.0
        +-org.apache.commons:commons-lang3:3.10
and
+-org.jenkins-ci.plugins:config-file-provider:3.7.1-SNAPSHOT
  +-org.jenkins-ci.plugins:junit:1.48
    +-io.jenkins.plugins:plugin-util-api:1.6.0
      +-edu.hm.hafner:codingstyle:1.6.0
        +-org.apache.commons:commons-lang3:3.11
and
+-org.jenkins-ci.plugins:config-file-provider:3.7.1-SNAPSHOT
  +-org.jenkins-ci.main:jenkins-test-harness:2.65
    +-org.jenkins-ci.main:jenkins-test-harness-htmlunit:2.36.0-1
      +-org.apache.commons:commons-text:1.7
        +-org.apache.commons:commons-lang3:3.9
, 
Require upper bound dependencies error for com.fasterxml.jackson.core:jackson-databind:2.10.1 paths to dependency are:
+-org.jenkins-ci.plugins:config-file-provider:3.7.1-SNAPSHOT
  +-io.jenkins.configuration-as-code:test-harness:1.35
    +-com.fasterxml.jackson.core:jackson-databind:2.10.1
and
+-org.jenkins-ci.plugins:config-file-provider:3.7.1-SNAPSHOT
  +-org.jenkins-ci.plugins:junit:1.48
    +-org.jenkins-ci.plugins:jackson2-api:2.12.0
      +-com.fasterxml.jackson.core:jackson-databind:2.12.0
and
+-org.jenkins-ci.plugins:config-file-provider:3.7.1-SNAPSHOT
  +-org.jenkins-ci.plugins:junit:1.48
    +-org.jenkins-ci.plugins:jackson2-api:2.12.0
      +-com.fasterxml.jackson.datatype:jackson-datatype-jsr310:2.12.0
        +-com.fasterxml.jackson.core:jackson-databind:2.12.0
and
+-org.jenkins-ci.plugins:config-file-provider:3.7.1-SNAPSHOT
  +-org.jenkins-ci.plugins:junit:1.48
    +-org.jenkins-ci.plugins:jackson2-api:2.12.0
      +-com.fasterxml.jackson.datatype:jackson-datatype-jdk8:2.12.0
        +-com.fasterxml.jackson.core:jackson-databind:2.12.0
and
+-org.jenkins-ci.plugins:config-file-provider:3.7.1-SNAPSHOT
  +-org.jenkins-ci.plugins:junit:1.48
    +-org.jenkins-ci.plugins:jackson2-api:2.12.0
      +-com.fasterxml.jackson.datatype:jackson-datatype-json-org:2.12.0
        +-com.fasterxml.jackson.core:jackson-databind:2.12.0
and
+-org.jenkins-ci.plugins:config-file-provider:3.7.1-SNAPSHOT
  +-org.jenkins-ci.plugins:junit:1.48
    +-org.jenkins-ci.plugins:jackson2-api:2.12.0
      +-com.fasterxml.jackson.module:jackson-module-parameter-names:2.12.0
        +-com.fasterxml.jackson.core:jackson-databind:2.12.0
and
+-org.jenkins-ci.plugins:config-file-provider:3.7.1-SNAPSHOT
  +-org.jenkins-ci.plugins:junit:1.48
    +-org.jenkins-ci.plugins:jackson2-api:2.12.0
      +-com.fasterxml.jackson.module:jackson-module-jaxb-annotations:2.12.0
        +-com.fasterxml.jackson.core:jackson-databind:2.12.0
, 
Require upper bound dependencies error for com.fasterxml.jackson.dataformat:jackson-dataformat-yaml:2.10.1 paths to dependency are:
+-org.jenkins-ci.plugins:config-file-provider:3.7.1-SNAPSHOT
  +-io.jenkins.configuration-as-code:test-harness:1.35
    +-com.fasterxml.jackson.dataformat:jackson-dataformat-yaml:2.10.1
and
+-org.jenkins-ci.plugins:config-file-provider:3.7.1-SNAPSHOT
  +-org.jenkins-ci.plugins:junit:1.48
    +-org.jenkins-ci.plugins:jackson2-api:2.12.0
      +-com.fasterxml.jackson.dataformat:jackson-dataformat-yaml:2.12.0
, 
Require upper bound dependencies error for org.yaml:snakeyaml:1.24 paths to dependency are:
+-org.jenkins-ci.plugins:config-file-provider:3.7.1-SNAPSHOT
  +-io.jenkins.configuration-as-code:test-harness:1.35
    +-com.fasterxml.jackson.dataformat:jackson-dataformat-yaml:2.10.1
      +-org.yaml:snakeyaml:1.24
and
+-org.jenkins-ci.plugins:config-file-provider:3.7.1-SNAPSHOT
  +-org.jenkins-ci.plugins:junit:1.48
    +-org.jenkins-ci.plugins:jackson2-api:2.12.0
      +-io.jenkins.plugins:snakeyaml-api:1.27.0
        +-org.yaml:snakeyaml:1.27
]
[INFO] ------------------------------------------------------------------------
[INFO] BUILD FAILURE
[INFO] ------------------------------------------------------------------------
[INFO] Total time:  5.843 s
[INFO] Finished at: 2023-02-08T22:52:56Z
[INFO] ------------------------------------------------------------------------
[ERROR] Failed to execute goal org.apache.maven.plugins:maven-enforcer-plugin:3.0.0-M3:enforce (display-info) on project config-file-provider: Some Enforcer rules have failed. Look above for specific messages explaining why the rule failed. -> [Help 1]
[ERROR] 
[ERROR] To see the full stack trace of the errors, re-run Maven with the -e switch.
[ERROR] Re-run Maven using the -X switch to enable full debug logging.
[ERROR] 
[ERROR] For more information about the errors and possible solutions, please read the following articles:
[ERROR] [Help 1] http://cwiki.apache.org/confluence/display/MAVEN/MojoExecutionException
