[INFO] Scanning for projects...
[WARNING] 
[WARNING] Some problems were encountered while building the effective model for com.google.pubsub.kafka.connect:pubsub-group-kafka-connector:jar:0.0.1-SNAPSHOT
[WARNING] 'build.plugins.plugin.version' for org.apache.maven.plugins:maven-compiler-plugin is missing. @ line 240, column 15
[WARNING] 
[WARNING] It is highly recommended to fix these problems because they threaten the stability of your build.
[WARNING] 
[WARNING] For this reason, future Maven versions might no longer support building such malformed projects.
[WARNING] 
[INFO] ------------------------------------------------------------------------
[INFO] Detecting the operating system and CPU architecture
[INFO] ------------------------------------------------------------------------
[INFO] os.detected.name: linux
[INFO] os.detected.arch: x86_64
[INFO] os.detected.bitness: 64
[INFO] os.detected.version: 5.4
[INFO] os.detected.version.major: 5
[INFO] os.detected.version.minor: 4
[INFO] os.detected.release: ubuntu
[INFO] os.detected.release.version: 18.04
[INFO] os.detected.release.like.ubuntu: true
[INFO] os.detected.release.like.debian: true
[INFO] os.detected.classifier: linux-x86_64
[INFO] 
[INFO] ----< com.google.pubsub.kafka.connect:pubsub-group-kafka-connector >----
[INFO] Building Archetype - kafka-connector 0.0.1-SNAPSHOT
[INFO] --------------------------------[ jar ]---------------------------------
[INFO] 
[INFO] --- maven-clean-plugin:2.5:clean (default-clean) @ pubsub-group-kafka-connector ---
[INFO] Deleting /home/gabsko/breaking-updates/target
[INFO] 
[INFO] --- protobuf-maven-plugin:0.6.1:compile (default) @ pubsub-group-kafka-connector ---
[INFO] /home/gabsko/breaking-updates/src/main/proto does not exist. Review the configuration or consider disabling the plugin.
[INFO] 
[INFO] --- protobuf-maven-plugin:0.6.1:compile-custom (default) @ pubsub-group-kafka-connector ---
[INFO] /home/gabsko/breaking-updates/src/main/proto does not exist. Review the configuration or consider disabling the plugin.
[INFO] 
[INFO] --- maven-resources-plugin:2.6:resources (default-resources) @ pubsub-group-kafka-connector ---
[WARNING] Using platform encoding (UTF-8 actually) to copy filtered resources, i.e. build is platform dependent!
[INFO] Copying 1 resource
[INFO] 
[INFO] --- maven-compiler-plugin:3.1:compile (default-compile) @ pubsub-group-kafka-connector ---
[INFO] Changes detected - recompiling the module!
[WARNING] File encoding has not been set, using platform encoding UTF-8, i.e. build is platform dependent!
[INFO] Compiling 26 source files to /home/gabsko/breaking-updates/target/classes
[WARNING] /home/gabsko/breaking-updates/src/main/java/com/google/pubsub/kafka/source/CloudPubSubSourceTask.java: /home/gabsko/breaking-updates/src/main/java/com/google/pubsub/kafka/source/CloudPubSubSourceTask.java uses or overrides a deprecated API.
[WARNING] /home/gabsko/breaking-updates/src/main/java/com/google/pubsub/kafka/source/CloudPubSubSourceTask.java: Recompile with -Xlint:deprecation for details.
[WARNING] /home/gabsko/breaking-updates/src/main/java/com/google/pubsub/kafka/sink/CloudPubSubSinkTask.java: Some input files use unchecked or unsafe operations.
[WARNING] /home/gabsko/breaking-updates/src/main/java/com/google/pubsub/kafka/sink/CloudPubSubSinkTask.java: Recompile with -Xlint:unchecked for details.
[INFO] 
[INFO] --- maven-resources-plugin:2.6:testResources (default-testResources) @ pubsub-group-kafka-connector ---
[WARNING] Using platform encoding (UTF-8 actually) to copy filtered resources, i.e. build is platform dependent!
[INFO] skip non existing resourceDirectory /home/gabsko/breaking-updates/src/test/resources
[INFO] 
[INFO] --- maven-compiler-plugin:3.1:testCompile (default-testCompile) @ pubsub-group-kafka-connector ---
[INFO] Changes detected - recompiling the module!
[WARNING] File encoding has not been set, using platform encoding UTF-8, i.e. build is platform dependent!
[INFO] Compiling 12 source files to /home/gabsko/breaking-updates/target/test-classes
[INFO] -------------------------------------------------------------
[WARNING] COMPILATION WARNING : 
[INFO] -------------------------------------------------------------
[WARNING] /home/gabsko/breaking-updates/src/test/java/it/Base.java: Some input files use or override a deprecated API.
[WARNING] /home/gabsko/breaking-updates/src/test/java/it/Base.java: Recompile with -Xlint:deprecation for details.
[WARNING] /home/gabsko/breaking-updates/src/test/java/com/google/pubsub/kafka/sink/CloudPubSubSinkTaskTest.java: /home/gabsko/breaking-updates/src/test/java/com/google/pubsub/kafka/sink/CloudPubSubSinkTaskTest.java uses unchecked or unsafe operations.
[WARNING] /home/gabsko/breaking-updates/src/test/java/com/google/pubsub/kafka/sink/CloudPubSubSinkTaskTest.java: Recompile with -Xlint:unchecked for details.
[INFO] 4 warnings 
[INFO] -------------------------------------------------------------
[INFO] -------------------------------------------------------------
[ERROR] COMPILATION ERROR : 
[INFO] -------------------------------------------------------------
[ERROR] /home/gabsko/breaking-updates/src/test/java/com/google/pubsub/kafka/sink/CloudPubSubSinkTaskTest.java:[19,26] cannot find symbol
  symbol:   class Matchers
  location: package org.mockito
[ERROR] /home/gabsko/breaking-updates/src/test/java/com/google/pubsub/kafka/sink/CloudPubSubSinkTaskTest.java:[19,1] static import only from classes and interfaces
[ERROR] /home/gabsko/breaking-updates/src/test/java/com/google/pubsub/kafka/source/CloudPubSubSourceConnectorTest.java:[19,26] cannot find symbol
  symbol:   class Matchers
  location: package org.mockito
[ERROR] /home/gabsko/breaking-updates/src/test/java/com/google/pubsub/kafka/source/CloudPubSubSourceConnectorTest.java:[19,1] static import only from classes and interfaces
[ERROR] /home/gabsko/breaking-updates/src/test/java/com/google/pubsub/kafka/source/CloudPubSubSourceConnectorTest.java:[20,26] cannot find symbol
  symbol:   class Matchers
  location: package org.mockito
[ERROR] /home/gabsko/breaking-updates/src/test/java/com/google/pubsub/kafka/source/CloudPubSubSourceConnectorTest.java:[20,1] static import only from classes and interfaces
[ERROR] /home/gabsko/breaking-updates/src/test/java/com/google/pubsub/kafka/source/CloudPubSubSourceTaskTest.java:[21,26] cannot find symbol
  symbol:   class Matchers
  location: package org.mockito
[ERROR] /home/gabsko/breaking-updates/src/test/java/com/google/pubsub/kafka/source/CloudPubSubSourceTaskTest.java:[21,1] static import only from classes and interfaces
[ERROR] /home/gabsko/breaking-updates/src/test/java/com/google/pubsub/kafka/sink/CloudPubSubSinkTaskTest.java:[339,28] cannot find symbol
  symbol:   method any(java.lang.Class<com.google.pubsub.v1.PubsubMessage>)
  location: class com.google.pubsub.kafka.sink.CloudPubSubSinkTaskTest
[ERROR] /home/gabsko/breaking-updates/src/test/java/com/google/pubsub/kafka/sink/CloudPubSubSinkTaskTest.java:[342,41] cannot find symbol
  symbol:   method any(java.lang.Class<com.google.pubsub.v1.PubsubMessage>)
  location: class com.google.pubsub.kafka.sink.CloudPubSubSinkTaskTest
[ERROR] /home/gabsko/breaking-updates/src/test/java/com/google/pubsub/kafka/sink/CloudPubSubSinkTaskTest.java:[343,46] cannot find symbol
  symbol:   method any(java.lang.Class<java.lang.Runnable>)
  location: class com.google.pubsub.kafka.sink.CloudPubSubSinkTaskTest
[ERROR] /home/gabsko/breaking-updates/src/test/java/com/google/pubsub/kafka/sink/CloudPubSubSinkTaskTest.java:[343,67] cannot find symbol
  symbol:   method any(java.lang.Class<java.util.concurrent.Executor>)
  location: class com.google.pubsub.kafka.sink.CloudPubSubSinkTaskTest
[ERROR] /home/gabsko/breaking-updates/src/test/java/com/google/pubsub/kafka/sink/CloudPubSubSinkTaskTest.java:[357,28] cannot find symbol
  symbol:   method any(java.lang.Class<com.google.pubsub.v1.PubsubMessage>)
  location: class com.google.pubsub.kafka.sink.CloudPubSubSinkTaskTest
[ERROR] /home/gabsko/breaking-updates/src/test/java/com/google/pubsub/kafka/sink/CloudPubSubSinkTaskTest.java:[360,41] cannot find symbol
  symbol:   method any(java.lang.Class<com.google.pubsub.v1.PubsubMessage>)
  location: class com.google.pubsub.kafka.sink.CloudPubSubSinkTaskTest
[ERROR] /home/gabsko/breaking-updates/src/test/java/com/google/pubsub/kafka/sink/CloudPubSubSinkTaskTest.java:[361,45] cannot find symbol
  symbol:   method any(java.lang.Class<java.lang.Runnable>)
  location: class com.google.pubsub.kafka.sink.CloudPubSubSinkTaskTest
[ERROR] /home/gabsko/breaking-updates/src/test/java/com/google/pubsub/kafka/sink/CloudPubSubSinkTaskTest.java:[361,66] cannot find symbol
  symbol:   method any(java.lang.Class<java.util.concurrent.Executor>)
  location: class com.google.pubsub.kafka.sink.CloudPubSubSinkTaskTest
[ERROR] /home/gabsko/breaking-updates/src/test/java/com/google/pubsub/kafka/sink/CloudPubSubSinkTaskTest.java:[582,28] cannot find symbol
  symbol:   method any(java.lang.Class<com.google.pubsub.v1.PubsubMessage>)
  location: class com.google.pubsub.kafka.sink.CloudPubSubSinkTaskTest
[ERROR] /home/gabsko/breaking-updates/src/test/java/com/google/pubsub/kafka/sink/CloudPubSubSinkTaskTest.java:[594,41] cannot find symbol
  symbol:   method any(java.lang.Class<com.google.pubsub.v1.PubsubMessage>)
  location: class com.google.pubsub.kafka.sink.CloudPubSubSinkTaskTest
[ERROR] /home/gabsko/breaking-updates/src/test/java/com/google/pubsub/kafka/sink/CloudPubSubSinkTaskTest.java:[595,45] cannot find symbol
  symbol:   method any(java.lang.Class<java.lang.Runnable>)
  location: class com.google.pubsub.kafka.sink.CloudPubSubSinkTaskTest
[ERROR] /home/gabsko/breaking-updates/src/test/java/com/google/pubsub/kafka/sink/CloudPubSubSinkTaskTest.java:[595,66] cannot find symbol
  symbol:   method any(java.lang.Class<java.util.concurrent.Executor>)
  location: class com.google.pubsub.kafka.sink.CloudPubSubSinkTaskTest
[ERROR] /home/gabsko/breaking-updates/src/test/java/com/google/pubsub/kafka/sink/CloudPubSubSinkTaskTest.java:[596,46] cannot find symbol
  symbol:   method any(java.lang.Class<java.lang.Runnable>)
  location: class com.google.pubsub.kafka.sink.CloudPubSubSinkTaskTest
[ERROR] /home/gabsko/breaking-updates/src/test/java/com/google/pubsub/kafka/sink/CloudPubSubSinkTaskTest.java:[596,67] cannot find symbol
  symbol:   method any(java.lang.Class<java.util.concurrent.Executor>)
  location: class com.google.pubsub.kafka.sink.CloudPubSubSinkTaskTest
[ERROR] /home/gabsko/breaking-updates/src/test/java/com/google/pubsub/kafka/source/CloudPubSubSourceConnectorTest.java:[59,29] cannot find symbol
  symbol:   method anyString()
  location: class com.google.pubsub.kafka.source.CloudPubSubSourceConnectorTest
[ERROR] /home/gabsko/breaking-updates/src/test/java/com/google/pubsub/kafka/source/CloudPubSubSourceConnectorTest.java:[59,42] cannot find symbol
  symbol:   method anyString()
  location: class com.google.pubsub.kafka.source.CloudPubSubSourceConnectorTest
[ERROR] /home/gabsko/breaking-updates/src/test/java/com/google/pubsub/kafka/source/CloudPubSubSourceConnectorTest.java:[59,55] cannot find symbol
  symbol:   method any(java.lang.Class<com.google.pubsub.kafka.common.ConnectorCredentialsProvider>)
  location: class com.google.pubsub.kafka.source.CloudPubSubSourceConnectorTest
[ERROR] /home/gabsko/breaking-updates/src/test/java/com/google/pubsub/kafka/source/CloudPubSubSourceConnectorTest.java:[72,29] cannot find symbol
  symbol:   method anyString()
  location: class com.google.pubsub.kafka.source.CloudPubSubSourceConnectorTest
[ERROR] /home/gabsko/breaking-updates/src/test/java/com/google/pubsub/kafka/source/CloudPubSubSourceConnectorTest.java:[72,42] cannot find symbol
  symbol:   method anyString()
  location: class com.google.pubsub.kafka.source.CloudPubSubSourceConnectorTest
[ERROR] /home/gabsko/breaking-updates/src/test/java/com/google/pubsub/kafka/source/CloudPubSubSourceConnectorTest.java:[72,55] cannot find symbol
  symbol:   method any(java.lang.Class<com.google.pubsub.kafka.common.ConnectorCredentialsProvider>)
  location: class com.google.pubsub.kafka.source.CloudPubSubSourceConnectorTest
[ERROR] /home/gabsko/breaking-updates/src/test/java/com/google/pubsub/kafka/source/CloudPubSubSourceTaskTest.java:[125,45] cannot find symbol
  symbol:   method any()
  location: class com.google.pubsub.kafka.source.CloudPubSubSourceTaskTest
[ERROR] /home/gabsko/breaking-updates/src/test/java/com/google/pubsub/kafka/source/CloudPubSubSourceTaskTest.java:[142,33] cannot find symbol
  symbol:   method any()
  location: class com.google.pubsub.kafka.source.CloudPubSubSourceTaskTest
[ERROR] /home/gabsko/breaking-updates/src/test/java/com/google/pubsub/kafka/source/CloudPubSubSourceTaskTest.java:[148,46] cannot find symbol
  symbol:   method any()
  location: class com.google.pubsub.kafka.source.CloudPubSubSourceTaskTest
[ERROR] /home/gabsko/breaking-updates/src/test/java/com/google/pubsub/kafka/source/CloudPubSubSourceTaskTest.java:[161,45] cannot find symbol
  symbol:   method any()
  location: class com.google.pubsub.kafka.source.CloudPubSubSourceTaskTest
[ERROR] /home/gabsko/breaking-updates/src/test/java/com/google/pubsub/kafka/source/CloudPubSubSourceTaskTest.java:[188,45] cannot find symbol
  symbol:   method any()
  location: class com.google.pubsub.kafka.source.CloudPubSubSourceTaskTest
[ERROR] /home/gabsko/breaking-updates/src/test/java/com/google/pubsub/kafka/source/CloudPubSubSourceTaskTest.java:[216,45] cannot find symbol
  symbol:   method any()
  location: class com.google.pubsub.kafka.source.CloudPubSubSourceTaskTest
[ERROR] /home/gabsko/breaking-updates/src/test/java/com/google/pubsub/kafka/source/CloudPubSubSourceTaskTest.java:[247,45] cannot find symbol
  symbol:   method any()
  location: class com.google.pubsub.kafka.source.CloudPubSubSourceTaskTest
[ERROR] /home/gabsko/breaking-updates/src/test/java/com/google/pubsub/kafka/source/CloudPubSubSourceTaskTest.java:[277,45] cannot find symbol
  symbol:   method any()
  location: class com.google.pubsub.kafka.source.CloudPubSubSourceTaskTest
[ERROR] /home/gabsko/breaking-updates/src/test/java/com/google/pubsub/kafka/source/CloudPubSubSourceTaskTest.java:[315,45] cannot find symbol
  symbol:   method any()
  location: class com.google.pubsub.kafka.source.CloudPubSubSourceTaskTest
[ERROR] /home/gabsko/breaking-updates/src/test/java/com/google/pubsub/kafka/source/CloudPubSubSourceTaskTest.java:[350,45] cannot find symbol
  symbol:   method any()
  location: class com.google.pubsub.kafka.source.CloudPubSubSourceTaskTest
[ERROR] /home/gabsko/breaking-updates/src/test/java/com/google/pubsub/kafka/source/CloudPubSubSourceTaskTest.java:[392,45] cannot find symbol
  symbol:   method any()
  location: class com.google.pubsub.kafka.source.CloudPubSubSourceTaskTest
[ERROR] /home/gabsko/breaking-updates/src/test/java/com/google/pubsub/kafka/source/CloudPubSubSourceTaskTest.java:[430,45] cannot find symbol
  symbol:   method any()
  location: class com.google.pubsub.kafka.source.CloudPubSubSourceTaskTest
[ERROR] /home/gabsko/breaking-updates/src/test/java/com/google/pubsub/kafka/source/CloudPubSubSourceTaskTest.java:[455,45] cannot find symbol
  symbol:   method any()
  location: class com.google.pubsub.kafka.source.CloudPubSubSourceTaskTest
[ERROR] /home/gabsko/breaking-updates/src/test/java/com/google/pubsub/kafka/source/CloudPubSubSourceTaskTest.java:[482,45] cannot find symbol
  symbol:   method any()
  location: class com.google.pubsub.kafka.source.CloudPubSubSourceTaskTest
[ERROR] /home/gabsko/breaking-updates/src/test/java/com/google/pubsub/kafka/source/CloudPubSubSourceTaskTest.java:[511,45] cannot find symbol
  symbol:   method any()
  location: class com.google.pubsub.kafka.source.CloudPubSubSourceTaskTest
[ERROR] /home/gabsko/breaking-updates/src/test/java/com/google/pubsub/kafka/source/CloudPubSubSourceTaskTest.java:[574,45] cannot find symbol
  symbol:   method any()
  location: class com.google.pubsub.kafka.source.CloudPubSubSourceTaskTest
[INFO] 44 errors 
[INFO] -------------------------------------------------------------
[INFO] ------------------------------------------------------------------------
[INFO] BUILD FAILURE
[INFO] ------------------------------------------------------------------------
[INFO] Total time:  2.758 s
[INFO] Finished at: 2023-02-11T14:20:38Z
[INFO] ------------------------------------------------------------------------
[ERROR] Failed to execute goal org.apache.maven.plugins:maven-compiler-plugin:3.1:testCompile (default-testCompile) on project pubsub-group-kafka-connector: Compilation failure: Compilation failure: 
[ERROR] /home/gabsko/breaking-updates/src/test/java/com/google/pubsub/kafka/sink/CloudPubSubSinkTaskTest.java:[19,26] cannot find symbol
[ERROR]   symbol:   class Matchers
[ERROR]   location: package org.mockito
[ERROR] /home/gabsko/breaking-updates/src/test/java/com/google/pubsub/kafka/sink/CloudPubSubSinkTaskTest.java:[19,1] static import only from classes and interfaces
[ERROR] /home/gabsko/breaking-updates/src/test/java/com/google/pubsub/kafka/source/CloudPubSubSourceConnectorTest.java:[19,26] cannot find symbol
[ERROR]   symbol:   class Matchers
[ERROR]   location: package org.mockito
[ERROR] /home/gabsko/breaking-updates/src/test/java/com/google/pubsub/kafka/source/CloudPubSubSourceConnectorTest.java:[19,1] static import only from classes and interfaces
[ERROR] /home/gabsko/breaking-updates/src/test/java/com/google/pubsub/kafka/source/CloudPubSubSourceConnectorTest.java:[20,26] cannot find symbol
[ERROR]   symbol:   class Matchers
[ERROR]   location: package org.mockito
[ERROR] /home/gabsko/breaking-updates/src/test/java/com/google/pubsub/kafka/source/CloudPubSubSourceConnectorTest.java:[20,1] static import only from classes and interfaces
[ERROR] /home/gabsko/breaking-updates/src/test/java/com/google/pubsub/kafka/source/CloudPubSubSourceTaskTest.java:[21,26] cannot find symbol
[ERROR]   symbol:   class Matchers
[ERROR]   location: package org.mockito
[ERROR] /home/gabsko/breaking-updates/src/test/java/com/google/pubsub/kafka/source/CloudPubSubSourceTaskTest.java:[21,1] static import only from classes and interfaces
[ERROR] /home/gabsko/breaking-updates/src/test/java/com/google/pubsub/kafka/sink/CloudPubSubSinkTaskTest.java:[339,28] cannot find symbol
[ERROR]   symbol:   method any(java.lang.Class<com.google.pubsub.v1.PubsubMessage>)
[ERROR]   location: class com.google.pubsub.kafka.sink.CloudPubSubSinkTaskTest
[ERROR] /home/gabsko/breaking-updates/src/test/java/com/google/pubsub/kafka/sink/CloudPubSubSinkTaskTest.java:[342,41] cannot find symbol
[ERROR]   symbol:   method any(java.lang.Class<com.google.pubsub.v1.PubsubMessage>)
[ERROR]   location: class com.google.pubsub.kafka.sink.CloudPubSubSinkTaskTest
[ERROR] /home/gabsko/breaking-updates/src/test/java/com/google/pubsub/kafka/sink/CloudPubSubSinkTaskTest.java:[343,46] cannot find symbol
[ERROR]   symbol:   method any(java.lang.Class<java.lang.Runnable>)
[ERROR]   location: class com.google.pubsub.kafka.sink.CloudPubSubSinkTaskTest
[ERROR] /home/gabsko/breaking-updates/src/test/java/com/google/pubsub/kafka/sink/CloudPubSubSinkTaskTest.java:[343,67] cannot find symbol
[ERROR]   symbol:   method any(java.lang.Class<java.util.concurrent.Executor>)
[ERROR]   location: class com.google.pubsub.kafka.sink.CloudPubSubSinkTaskTest
[ERROR] /home/gabsko/breaking-updates/src/test/java/com/google/pubsub/kafka/sink/CloudPubSubSinkTaskTest.java:[357,28] cannot find symbol
[ERROR]   symbol:   method any(java.lang.Class<com.google.pubsub.v1.PubsubMessage>)
[ERROR]   location: class com.google.pubsub.kafka.sink.CloudPubSubSinkTaskTest
[ERROR] /home/gabsko/breaking-updates/src/test/java/com/google/pubsub/kafka/sink/CloudPubSubSinkTaskTest.java:[360,41] cannot find symbol
[ERROR]   symbol:   method any(java.lang.Class<com.google.pubsub.v1.PubsubMessage>)
[ERROR]   location: class com.google.pubsub.kafka.sink.CloudPubSubSinkTaskTest
[ERROR] /home/gabsko/breaking-updates/src/test/java/com/google/pubsub/kafka/sink/CloudPubSubSinkTaskTest.java:[361,45] cannot find symbol
[ERROR]   symbol:   method any(java.lang.Class<java.lang.Runnable>)
[ERROR]   location: class com.google.pubsub.kafka.sink.CloudPubSubSinkTaskTest
[ERROR] /home/gabsko/breaking-updates/src/test/java/com/google/pubsub/kafka/sink/CloudPubSubSinkTaskTest.java:[361,66] cannot find symbol
[ERROR]   symbol:   method any(java.lang.Class<java.util.concurrent.Executor>)
[ERROR]   location: class com.google.pubsub.kafka.sink.CloudPubSubSinkTaskTest
[ERROR] /home/gabsko/breaking-updates/src/test/java/com/google/pubsub/kafka/sink/CloudPubSubSinkTaskTest.java:[582,28] cannot find symbol
[ERROR]   symbol:   method any(java.lang.Class<com.google.pubsub.v1.PubsubMessage>)
[ERROR]   location: class com.google.pubsub.kafka.sink.CloudPubSubSinkTaskTest
[ERROR] /home/gabsko/breaking-updates/src/test/java/com/google/pubsub/kafka/sink/CloudPubSubSinkTaskTest.java:[594,41] cannot find symbol
[ERROR]   symbol:   method any(java.lang.Class<com.google.pubsub.v1.PubsubMessage>)
[ERROR]   location: class com.google.pubsub.kafka.sink.CloudPubSubSinkTaskTest
[ERROR] /home/gabsko/breaking-updates/src/test/java/com/google/pubsub/kafka/sink/CloudPubSubSinkTaskTest.java:[595,45] cannot find symbol
[ERROR]   symbol:   method any(java.lang.Class<java.lang.Runnable>)
[ERROR]   location: class com.google.pubsub.kafka.sink.CloudPubSubSinkTaskTest
[ERROR] /home/gabsko/breaking-updates/src/test/java/com/google/pubsub/kafka/sink/CloudPubSubSinkTaskTest.java:[595,66] cannot find symbol
[ERROR]   symbol:   method any(java.lang.Class<java.util.concurrent.Executor>)
[ERROR]   location: class com.google.pubsub.kafka.sink.CloudPubSubSinkTaskTest
[ERROR] /home/gabsko/breaking-updates/src/test/java/com/google/pubsub/kafka/sink/CloudPubSubSinkTaskTest.java:[596,46] cannot find symbol
[ERROR]   symbol:   method any(java.lang.Class<java.lang.Runnable>)
[ERROR]   location: class com.google.pubsub.kafka.sink.CloudPubSubSinkTaskTest
[ERROR] /home/gabsko/breaking-updates/src/test/java/com/google/pubsub/kafka/sink/CloudPubSubSinkTaskTest.java:[596,67] cannot find symbol
[ERROR]   symbol:   method any(java.lang.Class<java.util.concurrent.Executor>)
[ERROR]   location: class com.google.pubsub.kafka.sink.CloudPubSubSinkTaskTest
[ERROR] /home/gabsko/breaking-updates/src/test/java/com/google/pubsub/kafka/source/CloudPubSubSourceConnectorTest.java:[59,29] cannot find symbol
[ERROR]   symbol:   method anyString()
[ERROR]   location: class com.google.pubsub.kafka.source.CloudPubSubSourceConnectorTest
[ERROR] /home/gabsko/breaking-updates/src/test/java/com/google/pubsub/kafka/source/CloudPubSubSourceConnectorTest.java:[59,42] cannot find symbol
[ERROR]   symbol:   method anyString()
[ERROR]   location: class com.google.pubsub.kafka.source.CloudPubSubSourceConnectorTest
[ERROR] /home/gabsko/breaking-updates/src/test/java/com/google/pubsub/kafka/source/CloudPubSubSourceConnectorTest.java:[59,55] cannot find symbol
[ERROR]   symbol:   method any(java.lang.Class<com.google.pubsub.kafka.common.ConnectorCredentialsProvider>)
[ERROR]   location: class com.google.pubsub.kafka.source.CloudPubSubSourceConnectorTest
[ERROR] /home/gabsko/breaking-updates/src/test/java/com/google/pubsub/kafka/source/CloudPubSubSourceConnectorTest.java:[72,29] cannot find symbol
[ERROR]   symbol:   method anyString()
[ERROR]   location: class com.google.pubsub.kafka.source.CloudPubSubSourceConnectorTest
[ERROR] /home/gabsko/breaking-updates/src/test/java/com/google/pubsub/kafka/source/CloudPubSubSourceConnectorTest.java:[72,42] cannot find symbol
[ERROR]   symbol:   method anyString()
[ERROR]   location: class com.google.pubsub.kafka.source.CloudPubSubSourceConnectorTest
[ERROR] /home/gabsko/breaking-updates/src/test/java/com/google/pubsub/kafka/source/CloudPubSubSourceConnectorTest.java:[72,55] cannot find symbol
[ERROR]   symbol:   method any(java.lang.Class<com.google.pubsub.kafka.common.ConnectorCredentialsProvider>)
[ERROR]   location: class com.google.pubsub.kafka.source.CloudPubSubSourceConnectorTest
[ERROR] /home/gabsko/breaking-updates/src/test/java/com/google/pubsub/kafka/source/CloudPubSubSourceTaskTest.java:[125,45] cannot find symbol
[ERROR]   symbol:   method any()
[ERROR]   location: class com.google.pubsub.kafka.source.CloudPubSubSourceTaskTest
[ERROR] /home/gabsko/breaking-updates/src/test/java/com/google/pubsub/kafka/source/CloudPubSubSourceTaskTest.java:[142,33] cannot find symbol
[ERROR]   symbol:   method any()
[ERROR]   location: class com.google.pubsub.kafka.source.CloudPubSubSourceTaskTest
[ERROR] /home/gabsko/breaking-updates/src/test/java/com/google/pubsub/kafka/source/CloudPubSubSourceTaskTest.java:[148,46] cannot find symbol
[ERROR]   symbol:   method any()
[ERROR]   location: class com.google.pubsub.kafka.source.CloudPubSubSourceTaskTest
[ERROR] /home/gabsko/breaking-updates/src/test/java/com/google/pubsub/kafka/source/CloudPubSubSourceTaskTest.java:[161,45] cannot find symbol
[ERROR]   symbol:   method any()
[ERROR]   location: class com.google.pubsub.kafka.source.CloudPubSubSourceTaskTest
[ERROR] /home/gabsko/breaking-updates/src/test/java/com/google/pubsub/kafka/source/CloudPubSubSourceTaskTest.java:[188,45] cannot find symbol
[ERROR]   symbol:   method any()
[ERROR]   location: class com.google.pubsub.kafka.source.CloudPubSubSourceTaskTest
[ERROR] /home/gabsko/breaking-updates/src/test/java/com/google/pubsub/kafka/source/CloudPubSubSourceTaskTest.java:[216,45] cannot find symbol
[ERROR]   symbol:   method any()
[ERROR]   location: class com.google.pubsub.kafka.source.CloudPubSubSourceTaskTest
[ERROR] /home/gabsko/breaking-updates/src/test/java/com/google/pubsub/kafka/source/CloudPubSubSourceTaskTest.java:[247,45] cannot find symbol
[ERROR]   symbol:   method any()
[ERROR]   location: class com.google.pubsub.kafka.source.CloudPubSubSourceTaskTest
[ERROR] /home/gabsko/breaking-updates/src/test/java/com/google/pubsub/kafka/source/CloudPubSubSourceTaskTest.java:[277,45] cannot find symbol
[ERROR]   symbol:   method any()
[ERROR]   location: class com.google.pubsub.kafka.source.CloudPubSubSourceTaskTest
[ERROR] /home/gabsko/breaking-updates/src/test/java/com/google/pubsub/kafka/source/CloudPubSubSourceTaskTest.java:[315,45] cannot find symbol
[ERROR]   symbol:   method any()
[ERROR]   location: class com.google.pubsub.kafka.source.CloudPubSubSourceTaskTest
[ERROR] /home/gabsko/breaking-updates/src/test/java/com/google/pubsub/kafka/source/CloudPubSubSourceTaskTest.java:[350,45] cannot find symbol
[ERROR]   symbol:   method any()
[ERROR]   location: class com.google.pubsub.kafka.source.CloudPubSubSourceTaskTest
[ERROR] /home/gabsko/breaking-updates/src/test/java/com/google/pubsub/kafka/source/CloudPubSubSourceTaskTest.java:[392,45] cannot find symbol
[ERROR]   symbol:   method any()
[ERROR]   location: class com.google.pubsub.kafka.source.CloudPubSubSourceTaskTest
[ERROR] /home/gabsko/breaking-updates/src/test/java/com/google/pubsub/kafka/source/CloudPubSubSourceTaskTest.java:[430,45] cannot find symbol
[ERROR]   symbol:   method any()
[ERROR]   location: class com.google.pubsub.kafka.source.CloudPubSubSourceTaskTest
[ERROR] /home/gabsko/breaking-updates/src/test/java/com/google/pubsub/kafka/source/CloudPubSubSourceTaskTest.java:[455,45] cannot find symbol
[ERROR]   symbol:   method any()
[ERROR]   location: class com.google.pubsub.kafka.source.CloudPubSubSourceTaskTest
[ERROR] /home/gabsko/breaking-updates/src/test/java/com/google/pubsub/kafka/source/CloudPubSubSourceTaskTest.java:[482,45] cannot find symbol
[ERROR]   symbol:   method any()
[ERROR]   location: class com.google.pubsub.kafka.source.CloudPubSubSourceTaskTest
[ERROR] /home/gabsko/breaking-updates/src/test/java/com/google/pubsub/kafka/source/CloudPubSubSourceTaskTest.java:[511,45] cannot find symbol
[ERROR]   symbol:   method any()
[ERROR]   location: class com.google.pubsub.kafka.source.CloudPubSubSourceTaskTest
[ERROR] /home/gabsko/breaking-updates/src/test/java/com/google/pubsub/kafka/source/CloudPubSubSourceTaskTest.java:[574,45] cannot find symbol
[ERROR]   symbol:   method any()
[ERROR]   location: class com.google.pubsub.kafka.source.CloudPubSubSourceTaskTest
[ERROR] -> [Help 1]
[ERROR] 
[ERROR] To see the full stack trace of the errors, re-run Maven with the -e switch.
[ERROR] Re-run Maven using the -X switch to enable full debug logging.
[ERROR] 
[ERROR] For more information about the errors and possible solutions, please read the following articles:
[ERROR] [Help 1] http://cwiki.apache.org/confluence/display/MAVEN/MojoFailureException
