[INFO] Scanning for projects...
[WARNING] The POM for org.jenkins-ci.tools:maven-hpi-plugin:jar:3.27 is missing, no dependency information available
[WARNING] Failed to build parent project for org.jenkins-ci.plugins:build-monitor:pom:1.13-SNAPSHOT
[INFO] Downloading from repo.jenkins-ci.org: https://repo.jenkins-ci.org/public/io/jenkins/tools/bom/bom-2.303.x/1500.ve4d05cd32975/bom-2.303.x-1500.ve4d05cd32975.pom
[INFO] Downloaded from repo.jenkins-ci.org: https://repo.jenkins-ci.org/public/io/jenkins/tools/bom/bom-2.303.x/1500.ve4d05cd32975/bom-2.303.x-1500.ve4d05cd32975.pom (12 kB at 15 kB/s)
[INFO] Downloading from repo.jenkins-ci.org: https://repo.jenkins-ci.org/public/io/jenkins/tools/bom/bom-2.319.x/1500.ve4d05cd32975/bom-2.319.x-1500.ve4d05cd32975.pom
[INFO] Downloaded from repo.jenkins-ci.org: https://repo.jenkins-ci.org/public/io/jenkins/tools/bom/bom-2.319.x/1500.ve4d05cd32975/bom-2.319.x-1500.ve4d05cd32975.pom (15 kB at 55 kB/s)
[INFO] Downloading from repo.jenkins-ci.org: https://repo.jenkins-ci.org/public/io/jenkins/tools/bom/bom-2.332.x/1500.ve4d05cd32975/bom-2.332.x-1500.ve4d05cd32975.pom
[INFO] Downloaded from repo.jenkins-ci.org: https://repo.jenkins-ci.org/public/io/jenkins/tools/bom/bom-2.332.x/1500.ve4d05cd32975/bom-2.332.x-1500.ve4d05cd32975.pom (11 kB at 40 kB/s)
[INFO] Downloading from repo.jenkins-ci.org: https://repo.jenkins-ci.org/public/io/jenkins/tools/bom/bom-2.346.x/1500.ve4d05cd32975/bom-2.346.x-1500.ve4d05cd32975.pom
[INFO] Downloaded from repo.jenkins-ci.org: https://repo.jenkins-ci.org/public/io/jenkins/tools/bom/bom-2.346.x/1500.ve4d05cd32975/bom-2.346.x-1500.ve4d05cd32975.pom (10 kB at 36 kB/s)
[INFO] Downloading from repo.jenkins-ci.org: https://repo.jenkins-ci.org/public/io/jenkins/tools/bom/bom-weekly/1500.ve4d05cd32975/bom-weekly-1500.ve4d05cd32975.pom
[INFO] Downloaded from repo.jenkins-ci.org: https://repo.jenkins-ci.org/public/io/jenkins/tools/bom/bom-weekly/1500.ve4d05cd32975/bom-weekly-1500.ve4d05cd32975.pom (35 kB at 126 kB/s)
[INFO] ------------------------------------------------------------------------
[INFO] Reactor Build Order:
[INFO] 
[INFO] Build Monitor                                                      [pom]
[INFO] Build Monitor View                                                 [hpi]
[INFO] Build Monitor Acceptance Tests                                     [jar]
[INFO] 
[INFO] ----------------< org.jenkins-ci.plugins:build-monitor >----------------
[INFO] Building Build Monitor 1.13-SNAPSHOT                               [1/3]
[INFO] --------------------------------[ pom ]---------------------------------
[INFO] 
[INFO] --- maven-clean-plugin:3.2.0:clean (default-clean) @ build-monitor ---
[INFO] 
[INFO] --- maven-enforcer-plugin:3.0.0:display-info (display-info) @ build-monitor ---
[INFO] Maven Version: 3.8.6
[INFO] JDK Version: 11.0.17 normalized as: 11.0.17
[INFO] Java Vendor: Ubuntu
[INFO] OS Info: Arch: amd64 Family: unix Name: linux Version: 5.4.0-113-generic
[INFO] 
[INFO] --- maven-enforcer-plugin:3.0.0:enforce (display-info) @ build-monitor ---
[INFO] Adding ignore: module-info
[INFO] 
[INFO] --- maven-enforcer-plugin:3.0.0:enforce (no-snapshots-in-release) @ build-monitor ---
[INFO] 
[INFO] --- gmavenplus-plugin:1.13.1:addTestSources (test-in-groovy) @ build-monitor ---
[INFO] 
[INFO] --- localizer-maven-plugin:1.31:generate (default) @ build-monitor ---
[INFO] 
[INFO] ------------< org.jenkins-ci.plugins:build-monitor-plugin >-------------
[INFO] Building Build Monitor View 1.13-SNAPSHOT                          [2/3]
[INFO] --------------------------------[ hpi ]---------------------------------
[INFO] Downloading from repo.jenkins-ci.org: https://repo.jenkins-ci.org/public/io/jenkins/configuration-as-code/1511.vb_f985b_894e40/configuration-as-code-1511.vb_f985b_894e40.pom
[INFO] Downloaded from repo.jenkins-ci.org: https://repo.jenkins-ci.org/public/io/jenkins/configuration-as-code/1511.vb_f985b_894e40/configuration-as-code-1511.vb_f985b_894e40.pom (4.8 kB at 13 kB/s)
[INFO] Downloading from repo.jenkins-ci.org: https://repo.jenkins-ci.org/public/io/jenkins/configuration-as-code/test-harness/1511.vb_f985b_894e40/test-harness-1511.vb_f985b_894e40.pom
[INFO] Downloaded from repo.jenkins-ci.org: https://repo.jenkins-ci.org/public/io/jenkins/configuration-as-code/test-harness/1511.vb_f985b_894e40/test-harness-1511.vb_f985b_894e40.pom (5.0 kB at 15 kB/s)
[INFO] Downloading from repo.jenkins-ci.org: https://repo.jenkins-ci.org/public/io/jenkins/configuration-as-code/1511.vb_f985b_894e40/configuration-as-code-1511.vb_f985b_894e40.jar
[INFO] Downloading from repo.jenkins-ci.org: https://repo.jenkins-ci.org/public/io/jenkins/configuration-as-code/test-harness/1511.vb_f985b_894e40/test-harness-1511.vb_f985b_894e40.jar
[INFO] Downloaded from repo.jenkins-ci.org: https://repo.jenkins-ci.org/public/io/jenkins/configuration-as-code/test-harness/1511.vb_f985b_894e40/test-harness-1511.vb_f985b_894e40.jar (26 kB at 94 kB/s)
[INFO] Downloaded from repo.jenkins-ci.org: https://repo.jenkins-ci.org/public/io/jenkins/configuration-as-code/1511.vb_f985b_894e40/configuration-as-code-1511.vb_f985b_894e40.jar (194 kB at 168 kB/s)
[INFO] 
[INFO] --- maven-clean-plugin:3.2.0:clean (default-clean) @ build-monitor-plugin ---
[INFO] Deleting /home/gabsko/breaking-updates/build-monitor-plugin/target
[INFO] 
[INFO] --- maven-hpi-plugin:3.27:validate (default-validate) @ build-monitor-plugin ---
[INFO] 
[INFO] --- maven-hpi-plugin:3.27:validate-hpi (default-validate-hpi) @ build-monitor-plugin ---
[INFO] 
[INFO] --- maven-enforcer-plugin:3.0.0:display-info (display-info) @ build-monitor-plugin ---
[INFO] Maven Version: 3.8.6
[INFO] JDK Version: 11.0.17 normalized as: 11.0.17
[INFO] Java Vendor: Ubuntu
[INFO] OS Info: Arch: amd64 Family: unix Name: linux Version: 5.4.0-113-generic
[INFO] 
[INFO] --- maven-enforcer-plugin:3.0.0:enforce (display-info) @ build-monitor-plugin ---
[INFO] Adding ignore: module-info
[INFO] Ignoring requireUpperBoundDeps in javax.servlet:servlet-api
[INFO] Ignoring requireUpperBoundDeps in org.kohsuke:access-modifier-annotation
[WARNING] Rule 4: org.apache.maven.plugins.enforcer.RequireUpperBoundDeps failed with message:
Failed while enforcing RequireUpperBoundDeps. The error(s) are [
Require upper bound dependencies error for org.jenkins-ci.main:jenkins-test-harness:1736.vc72c458c5103 [test] paths to dependency are:
+-org.jenkins-ci.plugins:build-monitor-plugin:1.13-SNAPSHOT
  +-org.jenkins-ci.main:jenkins-test-harness:1736.vc72c458c5103 [test]
and
+-org.jenkins-ci.plugins:build-monitor-plugin:1.13-SNAPSHOT
  +-io.jenkins.configuration-as-code:test-harness:1511.vb_f985b_894e40 [test]
    +-org.jenkins-ci.main:jenkins-test-harness:1736.vc72c458c5103 [test] (managed) <-- org.jenkins-ci.main:jenkins-test-harness:1802.v9de0d87365d2 [test]
]
[INFO] ------------------------------------------------------------------------
[INFO] Reactor Summary for Build Monitor 1.13-SNAPSHOT:
[INFO] 
[INFO] Build Monitor ...................................... SUCCESS [  0.869 s]
[INFO] Build Monitor View ................................. FAILURE [  3.277 s]
[INFO] Build Monitor Acceptance Tests ..................... SKIPPED
[INFO] ------------------------------------------------------------------------
[INFO] BUILD FAILURE
[INFO] ------------------------------------------------------------------------
[INFO] Total time:  7.496 s
[INFO] Finished at: 2023-02-11T20:27:29Z
[INFO] ------------------------------------------------------------------------
[ERROR] Failed to execute goal org.apache.maven.plugins:maven-enforcer-plugin:3.0.0:enforce (display-info) on project build-monitor-plugin: Some Enforcer rules have failed. Look above for specific messages explaining why the rule failed. -> [Help 1]
[ERROR] 
[ERROR] To see the full stack trace of the errors, re-run Maven with the -e switch.
[ERROR] Re-run Maven using the -X switch to enable full debug logging.
[ERROR] 
[ERROR] For more information about the errors and possible solutions, please read the following articles:
[ERROR] [Help 1] http://cwiki.apache.org/confluence/display/MAVEN/MojoExecutionException
[ERROR] 
[ERROR] After correcting the problems, you can resume the build with the command
[ERROR]   mvn <args> -rf :build-monitor-plugin
